20:46:46 | INFO | [log] ./results_exp_b/exp_b_20260423_204646.log
20:46:46 | INFO | [env] torch=2.5.1+cu121  device=cuda
20:46:46 | INFO | [cfg] epochs=2  bs=4  lr=3e-05  lr_quant=0.0001  br=2  P=6  Kp=6  seed=42
20:46:46 | INFO | [cfg] optimizer=GETA (target_sparsity=0)  quant_wrap=ON
20:46:57 | INFO | [DATA] raw train=87599  raw val=10570
20:47:50 | INFO | [DATA] train features=88524  val features=10784
20:47:50 | INFO | [M1] loading BERT QA
20:47:52 | INFO | [M2] quantize wrap
20:47:53 | INFO | [M3] building OTO graph
20:48:49 | INFO | [SCHED] steps/epoch=22131  total=44262  start_prune=7377  prune_steps=36885  proj_steps=7377
20:48:49 | INFO | [M4] building GETA optimizer (target_sparsity=0)
20:48:49 | INFO | [M4] GETA optimizer built, 26 param groups
20:48:49 | INFO | [TRAIN] starting
20:50:14 | INFO |     step 200  loss=5.4716  grp_sp=0.000  n_imp=37008  n_red=0
20:51:39 | INFO |     step 400  loss=5.2495  grp_sp=0.000  n_imp=37008  n_red=0
20:53:03 | INFO |     step 600  loss=5.0883  grp_sp=0.000  n_imp=37008  n_red=0
20:54:28 | INFO |     step 800  loss=4.9432  grp_sp=0.000  n_imp=37008  n_red=0
20:55:50 | INFO |     step 1000  loss=4.8230  grp_sp=0.000  n_imp=37008  n_red=0
20:57:12 | INFO |     step 1200  loss=4.7351  grp_sp=0.000  n_imp=37008  n_red=0
20:58:35 | INFO |     step 1400  loss=4.6513  grp_sp=0.000  n_imp=37008  n_red=0
20:59:58 | INFO |     step 1600  loss=4.5841  grp_sp=0.000  n_imp=37008  n_red=0
21:01:21 | INFO |     step 1800  loss=4.5250  grp_sp=0.000  n_imp=37008  n_red=0
21:02:43 | INFO |     step 2000  loss=4.4777  grp_sp=0.000  n_imp=37008  n_red=0
21:04:04 | INFO |     step 2200  loss=4.4390  grp_sp=0.000  n_imp=37008  n_red=0
21:05:26 | INFO |     step 2400  loss=4.4018  grp_sp=0.000  n_imp=37008  n_red=0
21:06:48 | INFO |     step 2600  loss=4.3687  grp_sp=0.000  n_imp=37008  n_red=0
21:08:09 | INFO |     step 2800  loss=4.3375  grp_sp=0.000  n_imp=37008  n_red=0
21:09:31 | INFO |     step 3000  loss=4.3105  grp_sp=0.000  n_imp=37008  n_red=0
21:10:52 | INFO |     step 3200  loss=4.2861  grp_sp=0.000  n_imp=37008  n_red=0
21:12:13 | INFO |     step 3400  loss=4.2633  grp_sp=0.000  n_imp=37008  n_red=0
21:13:36 | INFO |     step 3600  loss=4.2446  grp_sp=0.000  n_imp=37008  n_red=0
21:15:00 | INFO |     step 3800  loss=4.2244  grp_sp=0.000  n_imp=37008  n_red=0
21:16:23 | INFO |     step 4000  loss=4.2004  grp_sp=0.000  n_imp=37008  n_red=0
21:17:48 | INFO |     step 4200  loss=4.1746  grp_sp=0.000  n_imp=37008  n_red=0
21:19:11 | INFO |     step 4400  loss=4.1492  grp_sp=0.000  n_imp=37008  n_red=0
21:20:34 | INFO |     step 4600  loss=4.1318  grp_sp=0.000  n_imp=37008  n_red=0
21:21:56 | INFO |     step 4800  loss=4.1157  grp_sp=0.000  n_imp=37008  n_red=0
21:23:18 | INFO |     step 5000  loss=4.0945  grp_sp=0.000  n_imp=37008  n_red=0
21:24:41 | INFO |     step 5200  loss=4.0793  grp_sp=0.000  n_imp=37008  n_red=0
21:26:04 | INFO |     step 5400  loss=4.0628  grp_sp=0.000  n_imp=37008  n_red=0
21:27:26 | INFO |     step 5600  loss=4.0487  grp_sp=0.000  n_imp=37008  n_red=0
21:28:51 | INFO |     step 5800  loss=4.0331  grp_sp=0.000  n_imp=37008  n_red=0
21:30:16 | INFO |     step 6000  loss=4.0192  grp_sp=0.000  n_imp=37008  n_red=0
21:31:40 | INFO |     step 6200  loss=4.0131  grp_sp=0.000  n_imp=37008  n_red=0
21:33:00 | INFO |     step 6400  loss=4.0064  grp_sp=0.000  n_imp=37008  n_red=0
21:34:23 | INFO |     step 6600  loss=4.0008  grp_sp=0.000  n_imp=37008  n_red=0
21:35:45 | INFO |     step 6800  loss=3.9914  grp_sp=0.000  n_imp=37008  n_red=0
21:37:07 | INFO |     step 7000  loss=3.9815  grp_sp=0.000  n_imp=37008  n_red=0
21:38:28 | INFO |     step 7200  loss=3.9727  grp_sp=0.000  n_imp=37008  n_red=0
21:39:51 | INFO |     step 7400  loss=3.9681  grp_sp=0.000  n_imp=37008  n_red=0
21:41:14 | INFO |     step 7600  loss=4.0093  grp_sp=0.000  n_imp=37008  n_red=0
21:42:37 | INFO |     step 7800  loss=4.0313  grp_sp=0.000  n_imp=37008  n_red=0
21:44:01 | INFO |     step 8000  loss=4.0475  grp_sp=0.000  n_imp=37008  n_red=0
21:45:24 | INFO |     step 8200  loss=4.0588  grp_sp=0.000  n_imp=37008  n_red=0
21:46:46 | INFO |     step 8400  loss=4.0670  grp_sp=0.000  n_imp=37008  n_red=0
21:48:09 | INFO |     step 8600  loss=4.0700  grp_sp=0.000  n_imp=37008  n_red=0
21:49:33 | INFO |     step 8800  loss=4.0704  grp_sp=0.000  n_imp=37008  n_red=0
21:50:56 | INFO |     step 9000  loss=4.0701  grp_sp=0.000  n_imp=37008  n_red=0
21:52:19 | INFO |     step 9200  loss=4.0702  grp_sp=0.000  n_imp=37008  n_red=0
21:53:42 | INFO |     step 9400  loss=4.0693  grp_sp=0.000  n_imp=37008  n_red=0
21:55:05 | INFO |     step 9600  loss=4.0674  grp_sp=0.000  n_imp=37008  n_red=0
21:56:31 | INFO |     step 9800  loss=4.0654  grp_sp=0.000  n_imp=37008  n_red=0
21:57:53 | INFO |     step 10000  loss=4.0612  grp_sp=0.000  n_imp=37008  n_red=0
21:59:17 | INFO |     step 10200  loss=4.0559  grp_sp=0.000  n_imp=37008  n_red=0
22:00:40 | INFO |     step 10400  loss=4.0511  grp_sp=0.000  n_imp=37008  n_red=0
22:02:03 | INFO |     step 10600  loss=4.0468  grp_sp=0.000  n_imp=37008  n_red=0
22:03:25 | INFO |     step 10800  loss=4.0421  grp_sp=0.000  n_imp=37008  n_red=0
22:04:49 | INFO |     step 11000  loss=4.0386  grp_sp=0.000  n_imp=37008  n_red=0
22:06:12 | INFO |     step 11200  loss=4.0342  grp_sp=0.000  n_imp=37008  n_red=0
22:07:36 | INFO |     step 11400  loss=4.0292  grp_sp=0.000  n_imp=37008  n_red=0
22:09:00 | INFO |     step 11600  loss=4.0249  grp_sp=0.000  n_imp=37008  n_red=0
22:10:23 | INFO |     step 11800  loss=4.0212  grp_sp=0.000  n_imp=37008  n_red=0
22:11:46 | INFO |     step 12000  loss=4.0164  grp_sp=0.000  n_imp=37008  n_red=0
22:13:09 | INFO |     step 12200  loss=4.0122  grp_sp=0.000  n_imp=37008  n_red=0
22:14:32 | INFO |     step 12400  loss=4.0074  grp_sp=0.000  n_imp=37008  n_red=0
22:15:55 | INFO |     step 12600  loss=4.0023  grp_sp=0.000  n_imp=37008  n_red=0
22:17:18 | INFO |     step 12800  loss=3.9960  grp_sp=0.000  n_imp=37008  n_red=0
22:18:40 | INFO |     step 13000  loss=3.9907  grp_sp=0.000  n_imp=37008  n_red=0
22:20:02 | INFO |     step 13200  loss=3.9863  grp_sp=0.000  n_imp=37008  n_red=0
22:21:24 | INFO |     step 13400  loss=3.9804  grp_sp=0.000  n_imp=37008  n_red=0
22:22:47 | INFO |     step 13600  loss=3.9746  grp_sp=0.000  n_imp=37008  n_red=0
22:24:09 | INFO |     step 13800  loss=3.9693  grp_sp=0.000  n_imp=37008  n_red=0
22:25:32 | INFO |     step 14000  loss=3.9642  grp_sp=0.000  n_imp=37008  n_red=0
22:26:55 | INFO |     step 14200  loss=3.9586  grp_sp=0.000  n_imp=37008  n_red=0
22:28:18 | INFO |     step 14400  loss=3.9545  grp_sp=0.000  n_imp=37008  n_red=0
22:29:42 | INFO |     step 14600  loss=3.9487  grp_sp=0.000  n_imp=37008  n_red=0
22:31:06 | INFO |     step 14800  loss=3.9433  grp_sp=0.000  n_imp=37008  n_red=0
22:32:30 | INFO |     step 15000  loss=3.9384  grp_sp=0.000  n_imp=37008  n_red=0
22:33:53 | INFO |     step 15200  loss=3.9340  grp_sp=0.000  n_imp=37008  n_red=0
22:35:16 | INFO |     step 15400  loss=3.9292  grp_sp=0.000  n_imp=37008  n_red=0
22:36:40 | INFO |     step 15600  loss=3.9243  grp_sp=0.000  n_imp=37008  n_red=0
22:38:12 | INFO |     step 15800  loss=3.9203  grp_sp=0.000  n_imp=37008  n_red=0
22:39:40 | INFO |     step 16000  loss=3.9159  grp_sp=0.000  n_imp=37008  n_red=0
22:41:04 | INFO |     step 16200  loss=3.9126  grp_sp=0.000  n_imp=37008  n_red=0
22:42:28 | INFO |     step 16400  loss=3.9087  grp_sp=0.000  n_imp=37008  n_red=0
22:43:51 | INFO |     step 16600  loss=3.9044  grp_sp=0.000  n_imp=37008  n_red=0
22:45:15 | INFO |     step 16800  loss=3.8997  grp_sp=0.000  n_imp=37008  n_red=0
22:46:39 | INFO |     step 17000  loss=3.8962  grp_sp=0.000  n_imp=37008  n_red=0
22:48:02 | INFO |     step 17200  loss=3.8911  grp_sp=0.000  n_imp=37008  n_red=0
22:49:26 | INFO |     step 17400  loss=3.8876  grp_sp=0.000  n_imp=37008  n_red=0
22:50:50 | INFO |     step 17600  loss=3.8845  grp_sp=0.000  n_imp=37008  n_red=0
22:52:14 | INFO |     step 17800  loss=3.8802  grp_sp=0.000  n_imp=37008  n_red=0
22:53:38 | INFO |     step 18000  loss=3.8756  grp_sp=0.000  n_imp=37008  n_red=0
22:55:02 | INFO |     step 18200  loss=3.8715  grp_sp=0.000  n_imp=37008  n_red=0
22:56:26 | INFO |     step 18400  loss=3.8672  grp_sp=0.000  n_imp=37008  n_red=0
22:57:49 | INFO |     step 18600  loss=3.8620  grp_sp=0.000  n_imp=37008  n_red=0
22:59:23 | INFO |     step 18800  loss=3.8578  grp_sp=0.000  n_imp=37008  n_red=0
23:00:55 | INFO |     step 19000  loss=3.8535  grp_sp=0.000  n_imp=37008  n_red=0
23:02:20 | INFO |     step 19200  loss=3.8491  grp_sp=0.000  n_imp=37008  n_red=0
23:03:43 | INFO |     step 19400  loss=3.8457  grp_sp=0.000  n_imp=37008  n_red=0
23:05:06 | INFO |     step 19600  loss=3.8419  grp_sp=0.000  n_imp=37008  n_red=0
23:06:30 | INFO |     step 19800  loss=3.8385  grp_sp=0.000  n_imp=37008  n_red=0
23:07:53 | INFO |     step 20000  loss=3.8347  grp_sp=0.000  n_imp=37008  n_red=0
23:09:16 | INFO |     step 20200  loss=3.8304  grp_sp=0.000  n_imp=37008  n_red=0
23:10:40 | INFO |     step 20400  loss=3.8259  grp_sp=0.000  n_imp=37008  n_red=0
23:12:02 | INFO |     step 20600  loss=3.8221  grp_sp=0.000  n_imp=37008  n_red=0
23:13:25 | INFO |     step 20800  loss=3.8187  grp_sp=0.000  n_imp=37008  n_red=0
23:14:47 | INFO |     step 21000  loss=3.8150  grp_sp=0.000  n_imp=37008  n_red=0
23:16:10 | INFO |     step 21200  loss=3.8116  grp_sp=0.000  n_imp=37008  n_red=0
23:17:34 | INFO |     step 21400  loss=3.8086  grp_sp=0.000  n_imp=37008  n_red=0
23:18:57 | INFO |     step 21600  loss=3.8051  grp_sp=0.000  n_imp=37008  n_red=0
23:20:21 | INFO |     step 21800  loss=3.8013  grp_sp=0.000  n_imp=37008  n_red=0
23:21:52 | INFO |     step 22000  loss=3.7981  grp_sp=0.000  n_imp=37008  n_red=0
23:25:09 | INFO | [EPOCH 1/2] loss=3.7957  grp_sp=0.000  EM=15.18  F1=24.07  elapsed=153.9min
23:25:37 | INFO |     step 22200  loss=3.2671  grp_sp=0.000  n_imp=37008  n_red=0
23:27:00 | INFO |     step 22400  loss=3.2955  grp_sp=0.000  n_imp=37008  n_red=0
23:28:26 | INFO |     step 22600  loss=3.2737  grp_sp=0.000  n_imp=37008  n_red=0
23:29:50 | INFO |     step 22800  loss=3.3102  grp_sp=0.000  n_imp=37008  n_red=0
23:31:14 | INFO |     step 23000  loss=3.3199  grp_sp=0.000  n_imp=37008  n_red=0
23:32:37 | INFO |     step 23200  loss=3.3271  grp_sp=0.000  n_imp=37008  n_red=0
23:34:00 | INFO |     step 23400  loss=3.3338  grp_sp=0.000  n_imp=37008  n_red=0
23:35:25 | INFO |     step 23600  loss=3.3280  grp_sp=0.000  n_imp=37008  n_red=0
23:36:49 | INFO |     step 23800  loss=3.3276  grp_sp=0.000  n_imp=37008  n_red=0
23:38:12 | INFO |     step 24000  loss=3.3259  grp_sp=0.000  n_imp=37008  n_red=0
23:39:38 | INFO |     step 24200  loss=3.3206  grp_sp=0.000  n_imp=37008  n_red=0
23:41:01 | INFO |     step 24400  loss=3.3139  grp_sp=0.000  n_imp=37008  n_red=0
23:42:25 | INFO |     step 24600  loss=3.3121  grp_sp=0.000  n_imp=37008  n_red=0
23:43:48 | INFO |     step 24800  loss=3.3146  grp_sp=0.000  n_imp=37008  n_red=0
23:45:11 | INFO |     step 25000  loss=3.3117  grp_sp=0.000  n_imp=37008  n_red=0
23:46:33 | INFO |     step 25200  loss=3.3097  grp_sp=0.000  n_imp=37008  n_red=0
23:47:56 | INFO |     step 25400  loss=3.3056  grp_sp=0.000  n_imp=37008  n_red=0
23:49:25 | INFO |     step 25600  loss=3.3051  grp_sp=0.000  n_imp=37008  n_red=0
23:50:54 | INFO |     step 25800  loss=3.3027  grp_sp=0.000  n_imp=37008  n_red=0
23:52:18 | INFO |     step 26000  loss=3.2977  grp_sp=0.000  n_imp=37008  n_red=0
23:53:39 | INFO |     step 26200  loss=3.2982  grp_sp=0.000  n_imp=37008  n_red=0
23:55:01 | INFO |     step 26400  loss=3.2924  grp_sp=0.000  n_imp=37008  n_red=0
23:56:22 | INFO |     step 26600  loss=3.2958  grp_sp=0.000  n_imp=37008  n_red=0
23:57:45 | INFO |     step 26800  loss=3.2957  grp_sp=0.000  n_imp=37008  n_red=0
23:59:07 | INFO |     step 27000  loss=3.2953  grp_sp=0.000  n_imp=37008  n_red=0
00:00:30 | INFO |     step 27200  loss=3.2919  grp_sp=0.000  n_imp=37008  n_red=0
00:01:53 | INFO |     step 27400  loss=3.2893  grp_sp=0.000  n_imp=37008  n_red=0
00:03:15 | INFO |     step 27600  loss=3.2849  grp_sp=0.000  n_imp=37008  n_red=0
00:04:37 | INFO |     step 27800  loss=3.2821  grp_sp=0.000  n_imp=37008  n_red=0
00:06:01 | INFO |     step 28000  loss=3.2815  grp_sp=0.000  n_imp=37008  n_red=0
00:07:25 | INFO |     step 28200  loss=3.2780  grp_sp=0.000  n_imp=37008  n_red=0
00:08:45 | INFO |     step 28400  loss=3.2758  grp_sp=0.000  n_imp=37008  n_red=0
00:10:07 | INFO |     step 28600  loss=3.2739  grp_sp=0.000  n_imp=37008  n_red=0
00:11:28 | INFO |     step 28800  loss=3.2723  grp_sp=0.000  n_imp=37008  n_red=0
00:12:49 | INFO |     step 29000  loss=3.2709  grp_sp=0.000  n_imp=37008  n_red=0
00:14:11 | INFO |     step 29200  loss=3.2696  grp_sp=0.000  n_imp=37008  n_red=0
00:15:32 | INFO |     step 29400  loss=3.2693  grp_sp=0.000  n_imp=37008  n_red=0
00:16:51 | INFO |     step 29600  loss=3.2688  grp_sp=0.000  n_imp=37008  n_red=0
00:18:11 | INFO |     step 29800  loss=3.2647  grp_sp=0.000  n_imp=37008  n_red=0
00:19:33 | INFO |     step 30000  loss=3.2638  grp_sp=0.000  n_imp=37008  n_red=0
00:20:53 | INFO |     step 30200  loss=3.2632  grp_sp=0.000  n_imp=37008  n_red=0
00:22:13 | INFO |     step 30400  loss=3.2624  grp_sp=0.000  n_imp=37008  n_red=0
00:23:32 | INFO |     step 30600  loss=3.2636  grp_sp=0.000  n_imp=37008  n_red=0
00:24:52 | INFO |     step 30800  loss=3.2611  grp_sp=0.000  n_imp=37008  n_red=0
00:26:11 | INFO |     step 31000  loss=3.2597  grp_sp=0.000  n_imp=37008  n_red=0
00:27:32 | INFO |     step 31200  loss=3.2559  grp_sp=0.000  n_imp=37008  n_red=0
00:28:52 | INFO |     step 31400  loss=3.2545  grp_sp=0.000  n_imp=37008  n_red=0
00:30:13 | INFO |     step 31600  loss=3.2526  grp_sp=0.000  n_imp=37008  n_red=0
00:31:34 | INFO |     step 31800  loss=3.2530  grp_sp=0.000  n_imp=37008  n_red=0
00:32:56 | INFO |     step 32000  loss=3.2538  grp_sp=0.000  n_imp=37008  n_red=0
00:34:19 | INFO |     step 32200  loss=3.2529  grp_sp=0.000  n_imp=37008  n_red=0
00:35:41 | INFO |     step 32400  loss=3.2508  grp_sp=0.000  n_imp=37008  n_red=0
00:37:05 | INFO |     step 32600  loss=3.2499  grp_sp=0.000  n_imp=37008  n_red=0
00:38:28 | INFO |     step 32800  loss=3.2486  grp_sp=0.000  n_imp=37008  n_red=0
00:39:51 | INFO |     step 33000  loss=3.2477  grp_sp=0.000  n_imp=37008  n_red=0
00:41:14 | INFO |     step 33200  loss=3.2468  grp_sp=0.000  n_imp=37008  n_red=0
00:42:42 | INFO |     step 33400  loss=3.2435  grp_sp=0.000  n_imp=37008  n_red=0
00:44:05 | INFO |     step 33600  loss=3.2433  grp_sp=0.000  n_imp=37008  n_red=0
00:45:29 | INFO |     step 33800  loss=3.2430  grp_sp=0.000  n_imp=37008  n_red=0
00:46:52 | INFO |     step 34000  loss=3.2432  grp_sp=0.000  n_imp=37008  n_red=0
00:48:15 | INFO |     step 34200  loss=3.2422  grp_sp=0.000  n_imp=37008  n_red=0
00:49:39 | INFO |     step 34400  loss=3.2421  grp_sp=0.000  n_imp=37008  n_red=0
00:51:02 | INFO |     step 34600  loss=3.2405  grp_sp=0.000  n_imp=37008  n_red=0
00:52:26 | INFO |     step 34800  loss=3.2395  grp_sp=0.000  n_imp=37008  n_red=0
00:53:50 | INFO |     step 35000  loss=3.2383  grp_sp=0.000  n_imp=37008  n_red=0
00:55:13 | INFO |     step 35200  loss=3.2358  grp_sp=0.000  n_imp=37008  n_red=0
00:56:37 | INFO |     step 35400  loss=3.2347  grp_sp=0.000  n_imp=37008  n_red=0
00:58:01 | INFO |     step 35600  loss=3.2345  grp_sp=0.000  n_imp=37008  n_red=0
00:59:25 | INFO |     step 35800  loss=3.2336  grp_sp=0.000  n_imp=37008  n_red=0
01:00:49 | INFO |     step 36000  loss=3.2328  grp_sp=0.000  n_imp=37008  n_red=0
01:02:14 | INFO |     step 36200  loss=3.2318  grp_sp=0.000  n_imp=37008  n_red=0
01:03:38 | INFO |     step 36400  loss=3.2305  grp_sp=0.000  n_imp=37008  n_red=0
01:05:02 | INFO |     step 36600  loss=3.2292  grp_sp=0.000  n_imp=37008  n_red=0
01:06:26 | INFO |     step 36800  loss=3.2277  grp_sp=0.000  n_imp=37008  n_red=0
01:07:49 | INFO |     step 37000  loss=3.2272  grp_sp=0.000  n_imp=37008  n_red=0
01:09:12 | INFO |     step 37200  loss=3.2260  grp_sp=0.000  n_imp=37008  n_red=0
01:10:35 | INFO |     step 37400  loss=3.2249  grp_sp=0.000  n_imp=37008  n_red=0
01:11:57 | INFO |     step 37600  loss=3.2262  grp_sp=0.000  n_imp=37008  n_red=0
01:13:20 | INFO |     step 37800  loss=3.2266  grp_sp=0.000  n_imp=37008  n_red=0
01:14:43 | INFO |     step 38000  loss=3.2253  grp_sp=0.000  n_imp=37008  n_red=0
01:16:06 | INFO |     step 38200  loss=3.2251  grp_sp=0.000  n_imp=37008  n_red=0
01:17:30 | INFO |     step 38400  loss=3.2249  grp_sp=0.000  n_imp=37008  n_red=0
01:18:54 | INFO |     step 38600  loss=3.2237  grp_sp=0.000  n_imp=37008  n_red=0
01:20:16 | INFO |     step 38800  loss=3.2236  grp_sp=0.000  n_imp=37008  n_red=0
01:21:40 | INFO |     step 39000  loss=3.2221  grp_sp=0.000  n_imp=37008  n_red=0
01:23:04 | INFO |     step 39200  loss=3.2207  grp_sp=0.000  n_imp=37008  n_red=0
01:24:28 | INFO |     step 39400  loss=3.2201  grp_sp=0.000  n_imp=37008  n_red=0
01:25:50 | INFO |     step 39600  loss=3.2192  grp_sp=0.000  n_imp=37008  n_red=0
01:27:17 | INFO |     step 39800  loss=3.2176  grp_sp=0.000  n_imp=37008  n_red=0
01:28:46 | INFO |     step 40000  loss=3.2168  grp_sp=0.000  n_imp=37008  n_red=0
01:30:09 | INFO |     step 40200  loss=3.2158  grp_sp=0.000  n_imp=37008  n_red=0
01:31:32 | INFO |     step 40400  loss=3.2147  grp_sp=0.000  n_imp=37008  n_red=0
01:32:55 | INFO |     step 40600  loss=3.2143  grp_sp=0.000  n_imp=37008  n_red=0
01:34:18 | INFO |     step 40800  loss=3.2139  grp_sp=0.000  n_imp=37008  n_red=0
01:35:43 | INFO |     step 41000  loss=3.2141  grp_sp=0.000  n_imp=37008  n_red=0
01:37:11 | INFO |     step 41200  loss=3.2140  grp_sp=0.000  n_imp=37008  n_red=0
01:38:36 | INFO |     step 41400  loss=3.2119  grp_sp=0.000  n_imp=37008  n_red=0
01:40:07 | INFO |     step 41600  loss=3.2103  grp_sp=0.000  n_imp=37008  n_red=0
01:41:34 | INFO |     step 41800  loss=3.2099  grp_sp=0.000  n_imp=37008  n_red=0
01:42:58 | INFO |     step 42000  loss=3.2089  grp_sp=0.000  n_imp=37008  n_red=0
01:44:21 | INFO |     step 42200  loss=3.2083  grp_sp=0.000  n_imp=37008  n_red=0
01:45:46 | INFO |     step 42400  loss=3.2068  grp_sp=0.000  n_imp=37008  n_red=0
01:47:10 | INFO |     step 42600  loss=3.2055  grp_sp=0.000  n_imp=37008  n_red=0
01:48:35 | INFO |     step 42800  loss=3.2035  grp_sp=0.000  n_imp=37008  n_red=0
01:49:59 | INFO |     step 43000  loss=3.2020  grp_sp=0.000  n_imp=37008  n_red=0
01:51:24 | INFO |     step 43200  loss=3.2016  grp_sp=0.000  n_imp=37008  n_red=0
01:52:49 | INFO |     step 43400  loss=3.2040  grp_sp=0.000  n_imp=37008  n_red=0
01:54:14 | INFO |     step 43600  loss=3.2086  grp_sp=0.000  n_imp=37008  n_red=0
01:55:38 | INFO |     step 43800  loss=3.2123  grp_sp=0.000  n_imp=37008  n_red=0
01:57:02 | INFO |     step 44000  loss=3.2137  grp_sp=0.000  n_imp=37008  n_red=0
01:58:26 | INFO |     step 44200  loss=3.2141  grp_sp=0.000  n_imp=37008  n_red=0
02:01:16 | INFO | [EPOCH 2/2] loss=3.2144  grp_sp=0.000  EM=18.03  F1=28.70  elapsed=310.1min
02:01:16 | INFO | [TRAIN] done. best F1=28.70 at epoch 2
02:01:16 | INFO | [VERDICT] FAIL (threshold F1>=80)
02:01:16 | INFO | [SAVE] ./results_exp_b/result.json
