04:01:15 | INFO | [env] torch=2.5.1+cu121  device=cuda
04:01:15 | INFO | [cfg] epochs=2  bs=4  lr=3e-05  lr_quant=0.0001  br=2  P=6  Kp=6  seed=42
04:01:15 | INFO | [cfg] optimizer=GETA (target_sparsity=0)  quant_wrap=ON+FIX  num_bits=16
04:01:22 | INFO | [DATA] raw train=87599  raw val=10570
04:01:22 | INFO | [DATA] train features=88524  val features=10784
04:01:22 | INFO | [M1] loading BERT QA
04:01:24 | INFO | [M2] quantize wrap + STE fix
04:01:25 | INFO | [CALIB] running 8 batches of bs=4
04:01:27 | INFO | [calib] 8 batches over 73 layers  (skipped=0)  num_bits=16  safety=1.05
04:01:27 | INFO | [calib] observed max|x|: min=2.665  median=14.866  max=137.556
04:01:27 | INFO | [M3] building OTO graph
04:02:22 | INFO | [SCHED] steps/epoch=22131  total=44262  start_prune=7377  prune_steps=36885  proj_steps=7377
04:02:22 | INFO | [M4] building GETA optimizer (target_sparsity=0)
04:02:22 | INFO | [M4] GETA optimizer built, 26 param groups
04:02:22 | INFO | [TRAIN] starting
04:04:28 | INFO |     step 200  loss=4.1785  grp_sp=0.000  n_imp=37008  n_red=0
04:06:59 | INFO |     step 400  loss=3.4077  grp_sp=0.000  n_imp=37008  n_red=0
04:09:15 | INFO |     step 600  loss=2.9894  grp_sp=0.000  n_imp=37008  n_red=0
04:11:37 | INFO |     step 800  loss=2.7209  grp_sp=0.000  n_imp=37008  n_red=0
04:14:08 | INFO |     step 1000  loss=2.5361  grp_sp=0.000  n_imp=37008  n_red=0
04:16:03 | INFO |     step 1200  loss=2.4141  grp_sp=0.000  n_imp=37008  n_red=0
04:17:20 | INFO |     step 1400  loss=2.3051  grp_sp=0.000  n_imp=37008  n_red=0
04:18:38 | INFO |     step 1600  loss=2.2103  grp_sp=0.000  n_imp=37008  n_red=0
04:19:58 | INFO |     step 1800  loss=2.1363  grp_sp=0.000  n_imp=37008  n_red=0
04:21:15 | INFO |     step 2000  loss=2.0863  grp_sp=0.000  n_imp=37008  n_red=0
04:22:32 | INFO |     step 2200  loss=2.0392  grp_sp=0.000  n_imp=37008  n_red=0
04:23:50 | INFO |     step 2400  loss=2.0005  grp_sp=0.000  n_imp=37008  n_red=0
04:25:09 | INFO |     step 2600  loss=1.9640  grp_sp=0.000  n_imp=37008  n_red=0
04:26:27 | INFO |     step 2800  loss=1.9239  grp_sp=0.000  n_imp=37008  n_red=0
04:27:46 | INFO |     step 3000  loss=1.8942  grp_sp=0.000  n_imp=37008  n_red=0
04:29:06 | INFO |     step 3200  loss=1.8673  grp_sp=0.000  n_imp=37008  n_red=0
04:30:25 | INFO |     step 3400  loss=1.8388  grp_sp=0.000  n_imp=37008  n_red=0
04:31:45 | INFO |     step 3600  loss=1.8127  grp_sp=0.000  n_imp=37008  n_red=0
04:33:03 | INFO |     step 3800  loss=1.7914  grp_sp=0.000  n_imp=37008  n_red=0
04:34:23 | INFO |     step 4000  loss=1.7708  grp_sp=0.000  n_imp=37008  n_red=0
04:35:43 | INFO |     step 4200  loss=1.7502  grp_sp=0.000  n_imp=37008  n_red=0
04:37:02 | INFO |     step 4400  loss=1.7301  grp_sp=0.000  n_imp=37008  n_red=0
04:38:19 | INFO |     step 4600  loss=1.7144  grp_sp=0.000  n_imp=37008  n_red=0
04:39:36 | INFO |     step 4800  loss=1.7003  grp_sp=0.000  n_imp=37008  n_red=0
04:40:52 | INFO |     step 5000  loss=1.6837  grp_sp=0.000  n_imp=37008  n_red=0
04:42:09 | INFO |     step 5200  loss=1.6679  grp_sp=0.000  n_imp=37008  n_red=0
04:43:26 | INFO |     step 5400  loss=1.6551  grp_sp=0.000  n_imp=37008  n_red=0
04:44:42 | INFO |     step 5600  loss=1.6463  grp_sp=0.000  n_imp=37008  n_red=0
04:46:00 | INFO |     step 5800  loss=1.6315  grp_sp=0.000  n_imp=37008  n_red=0
04:47:17 | INFO |     step 6000  loss=1.6251  grp_sp=0.000  n_imp=37008  n_red=0
04:48:33 | INFO |     step 6200  loss=1.6258  grp_sp=0.000  n_imp=37008  n_red=0
04:49:49 | INFO |     step 6400  loss=1.6319  grp_sp=0.000  n_imp=37008  n_red=0
04:51:06 | INFO |     step 6600  loss=1.6335  grp_sp=0.000  n_imp=37008  n_red=0
04:52:23 | INFO |     step 6800  loss=1.6317  grp_sp=0.000  n_imp=37008  n_red=0
04:53:39 | INFO |     step 7000  loss=1.6284  grp_sp=0.000  n_imp=37008  n_red=0
04:54:56 | INFO |     step 7200  loss=1.6223  grp_sp=0.000  n_imp=37008  n_red=0
04:56:12 | INFO |     step 7400  loss=1.6311  grp_sp=0.000  n_imp=37008  n_red=0
04:57:29 | INFO |     step 7600  loss=1.7030  grp_sp=0.000  n_imp=37008  n_red=0
04:58:45 | INFO |     step 7800  loss=1.7438  grp_sp=0.000  n_imp=37008  n_red=0
05:00:01 | INFO |     step 8000  loss=1.7739  grp_sp=0.000  n_imp=37008  n_red=0
05:01:18 | INFO |     step 8200  loss=1.7968  grp_sp=0.000  n_imp=37008  n_red=0
05:02:35 | INFO |     step 8400  loss=1.8131  grp_sp=0.000  n_imp=37008  n_red=0
05:03:52 | INFO |     step 8600  loss=1.8285  grp_sp=0.000  n_imp=37008  n_red=0
05:05:08 | INFO |     step 8800  loss=1.8391  grp_sp=0.000  n_imp=37008  n_red=0
05:06:25 | INFO |     step 9000  loss=1.8474  grp_sp=0.000  n_imp=37008  n_red=0
05:07:42 | INFO |     step 9200  loss=1.8581  grp_sp=0.000  n_imp=37008  n_red=0
05:08:58 | INFO |     step 9400  loss=1.8676  grp_sp=0.000  n_imp=37008  n_red=0
05:10:15 | INFO |     step 9600  loss=1.8753  grp_sp=0.000  n_imp=37008  n_red=0
05:11:32 | INFO |     step 9800  loss=1.8825  grp_sp=0.000  n_imp=37008  n_red=0
05:12:49 | INFO |     step 10000  loss=1.8862  grp_sp=0.000  n_imp=37008  n_red=0
05:14:06 | INFO |     step 10200  loss=1.8898  grp_sp=0.000  n_imp=37008  n_red=0
05:15:22 | INFO |     step 10400  loss=1.8941  grp_sp=0.000  n_imp=37008  n_red=0
05:16:38 | INFO |     step 10600  loss=1.8978  grp_sp=0.000  n_imp=37008  n_red=0
05:17:55 | INFO |     step 10800  loss=1.8997  grp_sp=0.000  n_imp=37008  n_red=0
05:19:11 | INFO |     step 11000  loss=1.9029  grp_sp=0.000  n_imp=37008  n_red=0
05:20:27 | INFO |     step 11200  loss=1.9044  grp_sp=0.000  n_imp=37008  n_red=0
05:21:45 | INFO |     step 11400  loss=1.9064  grp_sp=0.000  n_imp=37008  n_red=0
05:23:03 | INFO |     step 11600  loss=1.9076  grp_sp=0.000  n_imp=37008  n_red=0
05:24:20 | INFO |     step 11800  loss=1.9092  grp_sp=0.000  n_imp=37008  n_red=0
05:25:38 | INFO |     step 12000  loss=1.9121  grp_sp=0.000  n_imp=37008  n_red=0
05:26:54 | INFO |     step 12200  loss=1.9146  grp_sp=0.000  n_imp=37008  n_red=0
05:28:10 | INFO |     step 12400  loss=1.9167  grp_sp=0.000  n_imp=37008  n_red=0
05:29:27 | INFO |     step 12600  loss=1.9178  grp_sp=0.000  n_imp=37008  n_red=0
05:30:45 | INFO |     step 12800  loss=1.9164  grp_sp=0.000  n_imp=37008  n_red=0
05:32:01 | INFO |     step 13000  loss=1.9169  grp_sp=0.000  n_imp=37008  n_red=0
05:33:17 | INFO |     step 13200  loss=1.9187  grp_sp=0.000  n_imp=37008  n_red=0
05:34:33 | INFO |     step 13400  loss=1.9185  grp_sp=0.000  n_imp=37008  n_red=0
05:35:49 | INFO |     step 13600  loss=1.9182  grp_sp=0.000  n_imp=37008  n_red=0
05:37:07 | INFO |     step 13800  loss=1.9190  grp_sp=0.000  n_imp=37008  n_red=0
05:38:24 | INFO |     step 14000  loss=1.9186  grp_sp=0.000  n_imp=37008  n_red=0
05:39:42 | INFO |     step 14200  loss=1.9193  grp_sp=0.000  n_imp=37008  n_red=0
05:41:00 | INFO |     step 14400  loss=1.9205  grp_sp=0.000  n_imp=37008  n_red=0
05:42:17 | INFO |     step 14600  loss=1.9206  grp_sp=0.000  n_imp=37008  n_red=0
05:43:35 | INFO |     step 14800  loss=1.9214  grp_sp=0.000  n_imp=37008  n_red=0
05:44:52 | INFO |     step 15000  loss=1.9219  grp_sp=0.000  n_imp=37008  n_red=0
05:46:08 | INFO |     step 15200  loss=1.9225  grp_sp=0.000  n_imp=37008  n_red=0
05:47:24 | INFO |     step 15400  loss=1.9235  grp_sp=0.000  n_imp=37008  n_red=0
05:48:41 | INFO |     step 15600  loss=1.9249  grp_sp=0.000  n_imp=37008  n_red=0
05:49:57 | INFO |     step 15800  loss=1.9265  grp_sp=0.000  n_imp=37008  n_red=0
05:51:13 | INFO |     step 16000  loss=1.9278  grp_sp=0.000  n_imp=37008  n_red=0
05:52:30 | INFO |     step 16200  loss=1.9285  grp_sp=0.000  n_imp=37008  n_red=0
05:53:48 | INFO |     step 16400  loss=1.9289  grp_sp=0.000  n_imp=37008  n_red=0
05:55:07 | INFO |     step 16600  loss=1.9286  grp_sp=0.000  n_imp=37008  n_red=0
05:56:27 | INFO |     step 16800  loss=1.9282  grp_sp=0.000  n_imp=37008  n_red=0
05:57:46 | INFO |     step 17000  loss=1.9281  grp_sp=0.000  n_imp=37008  n_red=0
05:59:04 | INFO |     step 17200  loss=1.9279  grp_sp=0.000  n_imp=37008  n_red=0
06:00:23 | INFO |     step 17400  loss=1.9279  grp_sp=0.000  n_imp=37008  n_red=0
06:01:41 | INFO |     step 17600  loss=1.9279  grp_sp=0.000  n_imp=37008  n_red=0
06:03:00 | INFO |     step 17800  loss=1.9275  grp_sp=0.000  n_imp=37008  n_red=0
06:04:18 | INFO |     step 18000  loss=1.9270  grp_sp=0.000  n_imp=37008  n_red=0
06:05:35 | INFO |     step 18200  loss=1.9259  grp_sp=0.000  n_imp=37008  n_red=0
06:06:53 | INFO |     step 18400  loss=1.9248  grp_sp=0.000  n_imp=37008  n_red=0
06:08:12 | INFO |     step 18600  loss=1.9229  grp_sp=0.000  n_imp=37008  n_red=0
06:09:30 | INFO |     step 18800  loss=1.9224  grp_sp=0.000  n_imp=37008  n_red=0
06:10:48 | INFO |     step 19000  loss=1.9221  grp_sp=0.000  n_imp=37008  n_red=0
06:12:06 | INFO |     step 19200  loss=1.9225  grp_sp=0.000  n_imp=37008  n_red=0
06:13:24 | INFO |     step 19400  loss=1.9227  grp_sp=0.000  n_imp=37008  n_red=0
06:14:41 | INFO |     step 19600  loss=1.9231  grp_sp=0.000  n_imp=37008  n_red=0
06:16:01 | INFO |     step 19800  loss=1.9231  grp_sp=0.000  n_imp=37008  n_red=0
06:17:18 | INFO |     step 20000  loss=1.9232  grp_sp=0.000  n_imp=37008  n_red=0
06:18:37 | INFO |     step 20200  loss=1.9231  grp_sp=0.000  n_imp=37008  n_red=0
06:19:54 | INFO |     step 20400  loss=1.9225  grp_sp=0.000  n_imp=37008  n_red=0
06:21:11 | INFO |     step 20600  loss=1.9217  grp_sp=0.000  n_imp=37008  n_red=0
06:22:29 | INFO |     step 20800  loss=1.9209  grp_sp=0.000  n_imp=37008  n_red=0
06:23:46 | INFO |     step 21000  loss=1.9204  grp_sp=0.000  n_imp=37008  n_red=0
06:25:04 | INFO |     step 21200  loss=1.9194  grp_sp=0.000  n_imp=37008  n_red=0
06:26:21 | INFO |     step 21400  loss=1.9193  grp_sp=0.000  n_imp=37008  n_red=0
06:27:39 | INFO |     step 21600  loss=1.9196  grp_sp=0.000  n_imp=37008  n_red=0
06:28:56 | INFO |     step 21800  loss=1.9189  grp_sp=0.000  n_imp=37008  n_red=0
06:30:14 | INFO |     step 22000  loss=1.9188  grp_sp=0.000  n_imp=37008  n_red=0
06:33:23 | INFO | [EPOCH 1/2] loss=1.9189  grp_sp=0.000  EM=59.85  F1=70.99  elapsed=148.7min
06:33:50 | INFO |     step 22200  loss=1.5326  grp_sp=0.000  n_imp=37008  n_red=0
06:35:07 | INFO |     step 22400  loss=1.5884  grp_sp=0.000  n_imp=37008  n_red=0
06:36:25 | INFO |     step 22600  loss=1.6092  grp_sp=0.000  n_imp=37008  n_red=0
06:37:42 | INFO |     step 22800  loss=1.6254  grp_sp=0.000  n_imp=37008  n_red=0
06:38:59 | INFO |     step 23000  loss=1.6434  grp_sp=0.000  n_imp=37008  n_red=0
06:40:17 | INFO |     step 23200  loss=1.6592  grp_sp=0.000  n_imp=37008  n_red=0
06:41:33 | INFO |     step 23400  loss=1.6629  grp_sp=0.000  n_imp=37008  n_red=0
06:42:49 | INFO |     step 23600  loss=1.6701  grp_sp=0.000  n_imp=37008  n_red=0
06:44:06 | INFO |     step 23800  loss=1.6688  grp_sp=0.000  n_imp=37008  n_red=0
06:45:22 | INFO |     step 24000  loss=1.6641  grp_sp=0.000  n_imp=37008  n_red=0
06:46:38 | INFO |     step 24200  loss=1.6606  grp_sp=0.000  n_imp=37008  n_red=0
06:47:54 | INFO |     step 24400  loss=1.6586  grp_sp=0.000  n_imp=37008  n_red=0
06:49:10 | INFO |     step 24600  loss=1.6583  grp_sp=0.000  n_imp=37008  n_red=0
06:50:27 | INFO |     step 24800  loss=1.6602  grp_sp=0.000  n_imp=37008  n_red=0
06:51:43 | INFO |     step 25000  loss=1.6610  grp_sp=0.000  n_imp=37008  n_red=0
06:53:01 | INFO |     step 25200  loss=1.6596  grp_sp=0.000  n_imp=37008  n_red=0
06:54:18 | INFO |     step 25400  loss=1.6583  grp_sp=0.000  n_imp=37008  n_red=0
06:55:35 | INFO |     step 25600  loss=1.6593  grp_sp=0.000  n_imp=37008  n_red=0
06:56:53 | INFO |     step 25800  loss=1.6563  grp_sp=0.000  n_imp=37008  n_red=0
06:58:11 | INFO |     step 26000  loss=1.6561  grp_sp=0.000  n_imp=37008  n_red=0
06:59:28 | INFO |     step 26200  loss=1.6566  grp_sp=0.000  n_imp=37008  n_red=0
07:00:53 | INFO |     step 26400  loss=1.6562  grp_sp=0.000  n_imp=37008  n_red=0
07:02:23 | INFO |     step 26600  loss=1.6545  grp_sp=0.000  n_imp=37008  n_red=0
07:03:55 | INFO |     step 26800  loss=1.6565  grp_sp=0.000  n_imp=37008  n_red=0
07:05:25 | INFO |     step 27000  loss=1.6585  grp_sp=0.000  n_imp=37008  n_red=0
07:06:57 | INFO |     step 27200  loss=1.6568  grp_sp=0.000  n_imp=37008  n_red=0
07:08:30 | INFO |     step 27400  loss=1.6565  grp_sp=0.000  n_imp=37008  n_red=0
07:09:56 | INFO |     step 27600  loss=1.6525  grp_sp=0.000  n_imp=37008  n_red=0
07:11:20 | INFO |     step 27800  loss=1.6515  grp_sp=0.000  n_imp=37008  n_red=0
07:12:48 | INFO |     step 28000  loss=1.6524  grp_sp=0.000  n_imp=37008  n_red=0
07:14:20 | INFO |     step 28200  loss=1.6507  grp_sp=0.000  n_imp=37008  n_red=0
07:15:49 | INFO |     step 28400  loss=1.6503  grp_sp=0.000  n_imp=37008  n_red=0
07:17:10 | INFO |     step 28600  loss=1.6499  grp_sp=0.000  n_imp=37008  n_red=0
07:18:34 | INFO |     step 28800  loss=1.6499  grp_sp=0.000  n_imp=37008  n_red=0
07:20:03 | INFO |     step 29000  loss=1.6494  grp_sp=0.000  n_imp=37008  n_red=0
07:21:27 | INFO |     step 29200  loss=1.6504  grp_sp=0.000  n_imp=37008  n_red=0
07:22:49 | INFO |     step 29400  loss=1.6505  grp_sp=0.000  n_imp=37008  n_red=0
07:24:16 | INFO |     step 29600  loss=1.6486  grp_sp=0.000  n_imp=37008  n_red=0
07:25:42 | INFO |     step 29800  loss=1.6468  grp_sp=0.000  n_imp=37008  n_red=0
07:27:04 | INFO |     step 30000  loss=1.6459  grp_sp=0.000  n_imp=37008  n_red=0
07:28:37 | INFO |     step 30200  loss=1.6459  grp_sp=0.000  n_imp=37008  n_red=0
07:30:01 | INFO |     step 30400  loss=1.6456  grp_sp=0.000  n_imp=37008  n_red=0
07:31:26 | INFO |     step 30600  loss=1.6472  grp_sp=0.000  n_imp=37008  n_red=0
07:32:53 | INFO |     step 30800  loss=1.6460  grp_sp=0.000  n_imp=37008  n_red=0
07:34:14 | INFO |     step 31000  loss=1.6443  grp_sp=0.000  n_imp=37008  n_red=0
07:35:41 | INFO |     step 31200  loss=1.6422  grp_sp=0.000  n_imp=37008  n_red=0
07:37:09 | INFO |     step 31400  loss=1.6400  grp_sp=0.000  n_imp=37008  n_red=0
07:38:33 | INFO |     step 31600  loss=1.6369  grp_sp=0.000  n_imp=37008  n_red=0
07:39:55 | INFO |     step 31800  loss=1.6361  grp_sp=0.000  n_imp=37008  n_red=0
07:41:23 | INFO |     step 32000  loss=1.6363  grp_sp=0.000  n_imp=37008  n_red=0
07:42:52 | INFO |     step 32200  loss=1.6353  grp_sp=0.000  n_imp=37008  n_red=0
07:44:20 | INFO |     step 32400  loss=1.6338  grp_sp=0.000  n_imp=37008  n_red=0
07:45:43 | INFO |     step 32600  loss=1.6341  grp_sp=0.000  n_imp=37008  n_red=0
07:47:10 | INFO |     step 32800  loss=1.6333  grp_sp=0.000  n_imp=37008  n_red=0
07:48:39 | INFO |     step 33000  loss=1.6331  grp_sp=0.000  n_imp=37008  n_red=0
07:50:01 | INFO |     step 33200  loss=1.6325  grp_sp=0.000  n_imp=37008  n_red=0
07:51:29 | INFO |     step 33400  loss=1.6324  grp_sp=0.000  n_imp=37008  n_red=0
07:53:00 | INFO |     step 33600  loss=1.6326  grp_sp=0.000  n_imp=37008  n_red=0
07:54:33 | INFO |     step 33800  loss=1.6325  grp_sp=0.000  n_imp=37008  n_red=0
07:55:57 | INFO |     step 34000  loss=1.6323  grp_sp=0.000  n_imp=37008  n_red=0
07:57:19 | INFO |     step 34200  loss=1.6308  grp_sp=0.000  n_imp=37008  n_red=0
07:58:44 | INFO |     step 34400  loss=1.6308  grp_sp=0.000  n_imp=37008  n_red=0
08:00:06 | INFO |     step 34600  loss=1.6309  grp_sp=0.000  n_imp=37008  n_red=0
08:01:35 | INFO |     step 34800  loss=1.6302  grp_sp=0.000  n_imp=37008  n_red=0
08:03:00 | INFO |     step 35000  loss=1.6305  grp_sp=0.000  n_imp=37008  n_red=0
08:04:25 | INFO |     step 35200  loss=1.6294  grp_sp=0.000  n_imp=37008  n_red=0
08:05:51 | INFO |     step 35400  loss=1.6273  grp_sp=0.000  n_imp=37008  n_red=0
08:07:16 | INFO |     step 35600  loss=1.6265  grp_sp=0.000  n_imp=37008  n_red=0
08:08:41 | INFO |     step 35800  loss=1.6247  grp_sp=0.000  n_imp=37008  n_red=0
08:10:13 | INFO |     step 36000  loss=1.6251  grp_sp=0.000  n_imp=37008  n_red=0
08:11:40 | INFO |     step 36200  loss=1.6264  grp_sp=0.000  n_imp=37008  n_red=0
08:13:07 | INFO |     step 36400  loss=1.6244  grp_sp=0.000  n_imp=37008  n_red=0
08:14:36 | INFO |     step 36600  loss=1.6238  grp_sp=0.000  n_imp=37008  n_red=0
08:15:58 | INFO |     step 36800  loss=1.6235  grp_sp=0.000  n_imp=37008  n_red=0
08:17:20 | INFO |     step 37000  loss=1.6229  grp_sp=0.000  n_imp=37008  n_red=0
08:18:41 | INFO |     step 37200  loss=1.6219  grp_sp=0.000  n_imp=37008  n_red=0
08:20:10 | INFO |     step 37400  loss=1.6207  grp_sp=0.000  n_imp=37008  n_red=0
08:21:31 | INFO |     step 37600  loss=1.6205  grp_sp=0.000  n_imp=37008  n_red=0
08:22:52 | INFO |     step 37800  loss=1.6207  grp_sp=0.000  n_imp=37008  n_red=0
08:24:18 | INFO |     step 38000  loss=1.6202  grp_sp=0.000  n_imp=37008  n_red=0
08:25:41 | INFO |     step 38200  loss=1.6195  grp_sp=0.000  n_imp=37008  n_red=0
08:27:02 | INFO |     step 38400  loss=1.6191  grp_sp=0.000  n_imp=37008  n_red=0
08:28:29 | INFO |     step 38600  loss=1.6176  grp_sp=0.000  n_imp=37008  n_red=0
08:30:02 | INFO |     step 38800  loss=1.6175  grp_sp=0.000  n_imp=37008  n_red=0
08:31:28 | INFO |     step 39000  loss=1.6161  grp_sp=0.000  n_imp=37008  n_red=0
08:32:51 | INFO |     step 39200  loss=1.6165  grp_sp=0.000  n_imp=37008  n_red=0
08:34:15 | INFO |     step 39400  loss=1.6163  grp_sp=0.000  n_imp=37008  n_red=0
08:35:36 | INFO |     step 39600  loss=1.6159  grp_sp=0.000  n_imp=37008  n_red=0
08:37:00 | INFO |     step 39800  loss=1.6148  grp_sp=0.000  n_imp=37008  n_red=0
08:38:15 | INFO |     step 40000  loss=1.6145  grp_sp=0.000  n_imp=37008  n_red=0
08:39:30 | INFO |     step 40200  loss=1.6147  grp_sp=0.000  n_imp=37008  n_red=0
08:40:45 | INFO |     step 40400  loss=1.6137  grp_sp=0.000  n_imp=37008  n_red=0
08:42:01 | INFO |     step 40600  loss=1.6132  grp_sp=0.000  n_imp=37008  n_red=0
08:43:18 | INFO |     step 40800  loss=1.6128  grp_sp=0.000  n_imp=37008  n_red=0
08:44:33 | INFO |     step 41000  loss=1.6123  grp_sp=0.000  n_imp=37008  n_red=0
08:45:49 | INFO |     step 41200  loss=1.6109  grp_sp=0.000  n_imp=37008  n_red=0
08:47:04 | INFO |     step 41400  loss=1.6099  grp_sp=0.000  n_imp=37008  n_red=0
08:48:20 | INFO |     step 41600  loss=1.6084  grp_sp=0.000  n_imp=37008  n_red=0
08:49:37 | INFO |     step 41800  loss=1.6082  grp_sp=0.000  n_imp=37008  n_red=0
08:51:00 | INFO |     step 42000  loss=1.6087  grp_sp=0.000  n_imp=37008  n_red=0
08:52:23 | INFO |     step 42200  loss=1.6083  grp_sp=0.000  n_imp=37008  n_red=0
08:53:47 | INFO |     step 42400  loss=1.6084  grp_sp=0.000  n_imp=37008  n_red=0
08:55:12 | INFO |     step 42600  loss=1.6076  grp_sp=0.000  n_imp=37008  n_red=0
08:56:35 | INFO |     step 42800  loss=1.6066  grp_sp=0.000  n_imp=37008  n_red=0
08:58:01 | INFO |     step 43000  loss=1.6060  grp_sp=0.000  n_imp=37008  n_red=0
08:59:24 | INFO |     step 43200  loss=1.6059  grp_sp=0.000  n_imp=37008  n_red=0
09:00:49 | INFO |     step 43400  loss=1.6065  grp_sp=0.000  n_imp=37008  n_red=0
09:02:13 | INFO |     step 43600  loss=1.6053  grp_sp=0.000  n_imp=37008  n_red=0
09:03:40 | INFO |     step 43800  loss=1.6045  grp_sp=0.000  n_imp=37008  n_red=0
09:05:03 | INFO |     step 44000  loss=1.6046  grp_sp=0.000  n_imp=37008  n_red=0
09:06:29 | INFO |     step 44200  loss=1.6038  grp_sp=0.000  n_imp=37008  n_red=0
09:09:34 | INFO | [EPOCH 2/2] loss=1.6037  grp_sp=0.000  EM=63.82  F1=74.27  elapsed=304.7min
09:09:34 | INFO | [TRAIN] done. best F1=74.27 at epoch 2
09:09:34 | INFO | [VERDICT] FAIL (threshold F1>=80)
09:09:34 | INFO | [SAVE] ./results_exp_e/result.json
