19:00:37 | INFO | [log] writing to /home/h24116081/GETA reprocution/GETA-reproduction/bert_geta_mvp/logs/smoke_20260415_190036.log
19:00:37 | INFO | [env] torch=2.5.1+cu121  device=cuda  cuda=True
19:00:37 | INFO | [M] start: M1 load bert-base-uncased
19:00:40 | INFO | [v] done : M1 load bert-base-uncased
19:00:40 | INFO | [M] start: M2 model_to_quantize_model (WEIGHT_AND_ACTIVATION)
19:00:41 | INFO | [v] done : M2 model_to_quantize_model (WEIGHT_AND_ACTIVATION)
19:00:41 | INFO | [M] start: M3 build OTO with dict dummy_input
19:00:41 | INFO |     dummy keys=['input_ids', 'token_type_ids', 'attention_mask']  input_ids.shape=(1, 384)
19:00:41 | ERROR | [X] FAIL : M3 build OTO with dict dummy_input -> AttributeError: 'dict' object has no attribute 'size'
19:00:41 | ERROR |         return self._call_impl(*args, **kwargs)
19:00:41 | ERROR |                ~~~~~~~~~~~~~~~^^^^^^^^^^^^^^^^^
19:00:41 | ERROR |       File "/home/h24116081/miniconda3/lib/python3.13/site-packages/torch/nn/modules/module.py", line 1747, in _call_impl
19:00:41 | ERROR |         return forward_call(*args, **kwargs)
19:00:41 | ERROR |       File "/home/h24116081/miniconda3/lib/python3.13/site-packages/torch/nn/modules/module.py", line 1726, in _slow_forward
19:00:41 | ERROR |         result = self.forward(*input, **kwargs)
19:00:41 | ERROR |       File "/home/h24116081/miniconda3/lib/python3.13/site-packages/transformers/models/bert/modeling_bert.py", line 911, in forward
19:00:41 | ERROR |         input_shape = input_ids.size()
19:00:41 | ERROR |                       ^^^^^^^^^^^^^^
19:00:41 | ERROR |     AttributeError: 'dict' object has no attribute 'size'
19:00:41 | ERROR | [log] saved to /home/h24116081/GETA reprocution/GETA-reproduction/bert_geta_mvp/logs/smoke_20260415_190036.log
