17:12:45 | INFO | [log] writing to /home/h24116081/GETA reprocution/GETA-reproduction/bert_geta_mvp/logs/smoke_20260416_171244.log
17:12:45 | INFO | [env] torch=2.5.1+cu121  device=cuda  cuda=True
17:12:45 | INFO | [M] start: M1 load bert-base-uncased
17:12:48 | INFO | [v] done : M1 load bert-base-uncased
17:12:48 | INFO | [M] start: M2 model_to_quantize_model (WEIGHT_AND_ACTIVATION)
17:12:49 | INFO | [v] done : M2 model_to_quantize_model (WEIGHT_AND_ACTIVATION)
17:12:49 | INFO | [M] start: M3 build OTO with dict dummy_input
17:12:49 | INFO |     dummy keys=['input_ids', 'token_type_ids', 'attention_mask']  input_ids.shape=(1, 384)
17:13:45 | INFO | [v] done : M3 build OTO with dict dummy_input
17:13:45 | INFO | [M] start: M3.5 param-dup diagnostic
17:13:45 | INFO |     param_count=637  unique=637  dup=0
17:13:45 | INFO |     => model params 無重複，M4 failure 應在 GETA 自己的 param grouping（方向 B）
17:13:45 | INFO | [v] done : M3.5 param-dup diagnostic
17:13:45 | INFO | [M] start: M4 oto.geta(...)
17:13:45 | INFO |     optimizer type=GETA
17:13:45 | INFO | [v] done : M4 oto.geta(...)
17:13:45 | INFO | [M] start: M5 2-batch forward + backward + step
17:13:51 | INFO |     batch 1/2  loss=5.9384
17:13:52 | INFO |     batch 2/2  loss=5.9505
17:13:52 | INFO | [v] done : M5 2-batch forward + backward + step
17:13:52 | INFO | [OK] phase 3 smoke test PASSED — BERT × GETA wired up
