19:20:35 | INFO | [log] writing to /home/h24116081/GETA reprocution/GETA-reproduction/bert_geta_mvp/logs/smoke_20260415_192033.log
19:20:35 | INFO | [env] torch=2.5.1+cu121  device=cuda  cuda=True
19:20:35 | INFO | [M] start: M1 load bert-base-uncased
19:20:38 | INFO | [v] done : M1 load bert-base-uncased
19:20:38 | INFO | [M] start: M2 model_to_quantize_model (WEIGHT_AND_ACTIVATION)
19:20:39 | INFO | [v] done : M2 model_to_quantize_model (WEIGHT_AND_ACTIVATION)
19:20:39 | INFO | [M] start: M3 build OTO with dict dummy_input
19:20:39 | INFO |     dummy keys=['input_ids', 'token_type_ids', 'attention_mask']  input_ids.shape=(1, 384)
19:21:44 | INFO | [v] done : M3 build OTO with dict dummy_input
19:21:44 | INFO | [M] start: M3.5 param-dup diagnostic
19:21:44 | INFO |     param_count=637  unique=637  dup=0
19:21:44 | INFO |     => model params 無重複，M4 failure 應在 GETA 自己的 param grouping（方向 B）
19:21:44 | INFO | [v] done : M3.5 param-dup diagnostic
19:21:44 | INFO | [M] start: M3.6 OTO param_groups duplicate check
19:21:44 | INFO |     total param_groups: 27
19:21:44 | INFO |     group[0]: 8 params, prunable=True, auxiliary=False
19:21:44 | INFO |     group[1]: 24 params, prunable=True, auxiliary=False
19:21:44 | INFO |     group[2]: 8 params, prunable=True, auxiliary=False
19:21:44 | INFO |     group[3]: 24 params, prunable=True, auxiliary=False
19:21:44 | INFO |     group[4]: 8 params, prunable=True, auxiliary=False
19:21:44 | INFO |     group[5]: 24 params, prunable=True, auxiliary=False
19:21:44 | INFO |     group[6]: 8 params, prunable=True, auxiliary=False
19:21:44 | INFO |     group[7]: 24 params, prunable=True, auxiliary=False
19:21:44 | INFO |     group[8]: 8 params, prunable=True, auxiliary=False
19:21:44 | INFO |     group[9]: 24 params, prunable=True, auxiliary=False
19:21:44 | INFO |     group[10]: 8 params, prunable=True, auxiliary=False
19:21:44 | INFO |     group[11]: 24 params, prunable=True, auxiliary=False
19:21:44 | INFO |     group[12]: 8 params, prunable=True, auxiliary=False
19:21:44 | INFO |     group[13]: 24 params, prunable=True, auxiliary=False
19:21:44 | INFO |     group[14]: 8 params, prunable=True, auxiliary=False
19:21:44 | INFO |     group[15]: 24 params, prunable=True, auxiliary=False
19:21:44 | INFO |     group[16]: 8 params, prunable=True, auxiliary=False
19:21:44 | INFO |     group[17]: 24 params, prunable=True, auxiliary=False
19:21:44 | INFO |     group[18]: 8 params, prunable=True, auxiliary=False
19:21:44 | INFO |     group[19]: 24 params, prunable=True, auxiliary=False
19:21:44 | INFO |     group[20]: 271 params, prunable=True, auxiliary=False
19:21:44 | INFO |     group[21]: 8 params, prunable=True, auxiliary=False
19:21:44 | INFO |     group[22]: 24 params, prunable=True, auxiliary=False
19:21:44 | INFO |     group[23]: 288 params, prunable=True, auxiliary=False
19:21:44 | INFO |     group[24]: 8 params, prunable=True, auxiliary=False
19:21:44 | INFO |     group[25]: 8 params, prunable=False, auxiliary=False
19:21:44 | INFO |     group[26]: 24 params, prunable=True, auxiliary=False
19:21:44 | ERROR |     FOUND 314 parameters in multiple groups!
19:21:44 | ERROR |       param_id=130275592283600: appears in groups [(1, 'bert.encoder.layer.1.attention.self.query.weight'), (23, 'bert.encoder.layer.1.attention.self.query.weight')]
19:21:44 | ERROR |       param_id=130275592283360: appears in groups [(1, 'bert.encoder.layer.1.attention.self.query.bias'), (23, 'bert.encoder.layer.1.attention.self.query.bias')]
19:21:44 | ERROR |       param_id=130275592283840: appears in groups [(1, 'bert.encoder.layer.1.attention.self.query.d_quant_wt'), (23, 'bert.encoder.layer.1.attention.self.query.d_quant_wt')]
19:21:44 | ERROR |       param_id=130275592284000: appears in groups [(1, 'bert.encoder.layer.1.attention.self.query.q_m_wt'), (23, 'bert.encoder.layer.1.attention.self.query.q_m_wt')]
19:21:44 | ERROR |       param_id=130275592284160: appears in groups [(1, 'bert.encoder.layer.1.attention.self.query.t_quant_wt'), (23, 'bert.encoder.layer.1.attention.self.query.t_quant_wt')]
19:21:44 | INFO |     => M4 failure 來自 GETA 自己的 param grouping bug（方向 B 確認）
19:21:44 | INFO | [v] done : M3.6 OTO param_groups duplicate check
19:21:44 | INFO | [M] start: M4 oto.geta(...)
19:21:44 | ERROR | [X] FAIL : M4 oto.geta(...) -> ValueError: some parameters appear in more than one parameter group
19:21:44 | ERROR |       File "/home/h24116081/miniconda3/lib/python3.13/site-packages/torch/optim/optimizer.py", line 371, in __init__
19:21:44 | ERROR |         self.add_param_group(cast(dict, param_group))
19:21:44 | ERROR |         ~~~~~~~~~~~~~~~~~~~~^^^^^^^^^^^^^^^^^^^^^^^^^
19:21:44 | ERROR |       File "/home/h24116081/miniconda3/lib/python3.13/site-packages/torch/_compile.py", line 32, in inner
19:21:44 | ERROR |         return disable_fn(*args, **kwargs)
19:21:44 | ERROR |       File "/home/h24116081/miniconda3/lib/python3.13/site-packages/torch/_dynamo/eval_frame.py", line 632, in _fn
19:21:44 | ERROR |         return fn(*args, **kwargs)
19:21:44 | ERROR |       File "/home/h24116081/miniconda3/lib/python3.13/site-packages/torch/optim/optimizer.py", line 1050, in add_param_group
19:21:44 | ERROR |         raise ValueError("some parameters appear in more than one parameter group")
19:21:44 | ERROR |     ValueError: some parameters appear in more than one parameter group
19:21:44 | ERROR | [log] saved to /home/h24116081/GETA reprocution/GETA-reproduction/bert_geta_mvp/logs/smoke_20260415_192033.log
