19:31:10 | INFO | [log] writing to /home/h24116081/GETA reprocution/GETA-reproduction/bert_geta_mvp/logs/smoke_20260415_193109.log
19:31:10 | INFO | [env] torch=2.5.1+cu121  device=cuda  cuda=True
19:31:10 | INFO | [M] start: M1 load bert-base-uncased
19:31:13 | INFO | [v] done : M1 load bert-base-uncased
19:31:13 | INFO | [M] start: M2 model_to_quantize_model (WEIGHT_AND_ACTIVATION)
19:31:13 | INFO | [v] done : M2 model_to_quantize_model (WEIGHT_AND_ACTIVATION)
19:31:13 | INFO | [M] start: M3 build OTO with dict dummy_input
19:31:13 | INFO |     dummy keys=['input_ids', 'token_type_ids', 'attention_mask']  input_ids.shape=(1, 384)
19:32:09 | INFO | [v] done : M3 build OTO with dict dummy_input
19:32:09 | INFO | [M] start: M3.5 param-dup diagnostic
19:32:09 | INFO |     param_count=637  unique=637  dup=0
19:32:09 | INFO |     => model params 無重複，M4 failure 應在 GETA 自己的 param grouping（方向 B）
19:32:09 | INFO | [v] done : M3.5 param-dup diagnostic
19:32:09 | INFO | [M] start: M3.6 OTO param_groups duplicate check
19:32:09 | INFO |     total param_groups: 27
19:32:09 | INFO |     group[0]: 8 params, prunable=True, auxiliary=False
19:32:09 | INFO |     group[1]: 24 params, prunable=True, auxiliary=False
19:32:09 | INFO |     group[2]: 8 params, prunable=True, auxiliary=False
19:32:09 | INFO |     group[3]: 24 params, prunable=True, auxiliary=False
19:32:09 | INFO |     group[4]: 8 params, prunable=True, auxiliary=False
19:32:09 | INFO |     group[5]: 24 params, prunable=True, auxiliary=False
19:32:09 | INFO |     group[6]: 8 params, prunable=True, auxiliary=False
19:32:09 | INFO |     group[7]: 24 params, prunable=True, auxiliary=False
19:32:09 | INFO |     group[8]: 8 params, prunable=True, auxiliary=False
19:32:09 | INFO |     group[9]: 24 params, prunable=True, auxiliary=False
19:32:09 | INFO |     group[10]: 8 params, prunable=True, auxiliary=False
19:32:09 | INFO |     group[11]: 24 params, prunable=True, auxiliary=False
19:32:09 | INFO |     group[12]: 8 params, prunable=True, auxiliary=False
19:32:09 | INFO |     group[13]: 24 params, prunable=True, auxiliary=False
19:32:09 | INFO |     group[14]: 8 params, prunable=True, auxiliary=False
19:32:09 | INFO |     group[15]: 24 params, prunable=True, auxiliary=False
19:32:09 | INFO |     group[16]: 8 params, prunable=True, auxiliary=False
19:32:09 | INFO |     group[17]: 24 params, prunable=True, auxiliary=False
19:32:09 | INFO |     group[18]: 8 params, prunable=True, auxiliary=False
19:32:09 | INFO |     group[19]: 24 params, prunable=True, auxiliary=False
19:32:09 | INFO |     group[20]: 271 params, prunable=True, auxiliary=False
19:32:09 | INFO |     group[21]: 8 params, prunable=True, auxiliary=False
19:32:09 | INFO |     group[22]: 24 params, prunable=True, auxiliary=False
19:32:09 | INFO |     group[23]: 288 params, prunable=True, auxiliary=False
19:32:09 | INFO |     group[24]: 8 params, prunable=True, auxiliary=False
19:32:09 | INFO |     group[25]: 8 params, prunable=False, auxiliary=False
19:32:09 | INFO |     group[26]: 24 params, prunable=True, auxiliary=False
19:32:09 | ERROR |     FOUND 314 parameters in multiple groups!
19:32:09 | ERROR |       param_id=124721827674416: appears in groups [(1, 'bert.encoder.layer.1.attention.self.query.weight'), (23, 'bert.encoder.layer.1.attention.self.query.weight')]
19:32:09 | ERROR |       param_id=124721827674736: appears in groups [(1, 'bert.encoder.layer.1.attention.self.query.bias'), (23, 'bert.encoder.layer.1.attention.self.query.bias')]
19:32:09 | ERROR |       param_id=124721827674976: appears in groups [(1, 'bert.encoder.layer.1.attention.self.query.d_quant_wt'), (23, 'bert.encoder.layer.1.attention.self.query.d_quant_wt')]
19:32:09 | ERROR |       param_id=124721827675136: appears in groups [(1, 'bert.encoder.layer.1.attention.self.query.q_m_wt'), (23, 'bert.encoder.layer.1.attention.self.query.q_m_wt')]
19:32:09 | ERROR |       param_id=124721827675296: appears in groups [(1, 'bert.encoder.layer.1.attention.self.query.t_quant_wt'), (23, 'bert.encoder.layer.1.attention.self.query.t_quant_wt')]
19:32:09 | INFO |     => M4 failure 來自 GETA 自己的 param grouping bug（方向 B 確認）
19:32:09 | INFO | [v] done : M3.6 OTO param_groups duplicate check
19:32:09 | INFO | [M] start: M3.7 deduplicate param_groups (workaround)
19:32:09 | INFO |     removed 314 duplicate param references
19:32:09 | INFO |     kept 26/27 param_groups with unique params
19:32:09 | INFO |     => param_groups 已去重。M4 會使用這個版本
19:32:09 | INFO | [v] done : M3.7 deduplicate param_groups (workaround)
19:32:09 | INFO | [M] start: M4 oto.geta(...)
19:32:09 | INFO |     optimizer type=GETA
19:32:09 | INFO | [v] done : M4 oto.geta(...)
19:32:09 | INFO | [M] start: M5 2-batch forward + backward + step
19:32:14 | ERROR | [X] FAIL : M5 2-batch forward + backward + step -> RuntimeError: shape '[768, -1]' is invalid for input of size 1
19:32:14 | ERROR |       File "/home/h24116081/GETA reprocution/GETA-reproduction/geta/only_train_once/optimizer/importance_score/magnitude.py", line 9, in importance_score_by_magnitude
19:32:14 | ERROR |         param_transform = tensor_transformation_param_group(param.data, p_transform, param_group)
19:32:14 | ERROR |       File "/home/h24116081/GETA reprocution/GETA-reproduction/geta/only_train_once/transform/tensor_transform.py", line 48, in tensor_transformation_param_group
19:32:14 | ERROR |         return tensor_transformation(tensor, transformation_type, param_group['num_groups'])
19:32:14 | ERROR |       File "/home/h24116081/GETA reprocution/GETA-reproduction/geta/only_train_once/transform/tensor_transform.py", line 55, in tensor_transformation
19:32:14 | ERROR |         return basic_transformation(tensor, num_groups)
19:32:14 | ERROR |       File "/home/h24116081/GETA reprocution/GETA-reproduction/geta/only_train_once/transform/tensor_transform.py", line 72, in basic_transformation
19:32:14 | ERROR |         return tensor.view(num_groups, -1)
19:32:14 | ERROR |                ~~~~~~~~~~~^^^^^^^^^^^^^^^^
19:32:14 | ERROR |     RuntimeError: shape '[768, -1]' is invalid for input of size 1
19:32:14 | ERROR | [log] saved to /home/h24116081/GETA reprocution/GETA-reproduction/bert_geta_mvp/logs/smoke_20260415_193109.log
