19:18:57 | INFO | [log] writing to /home/h24116081/GETA reprocution/GETA-reproduction/bert_geta_mvp/logs/smoke_20260415_191855.log
19:18:57 | INFO | [env] torch=2.5.1+cu121  device=cuda  cuda=True
19:18:57 | INFO | [M] start: M1 load bert-base-uncased
19:19:01 | INFO | [v] done : M1 load bert-base-uncased
19:19:01 | INFO | [M] start: M2 model_to_quantize_model (WEIGHT_AND_ACTIVATION)
19:19:02 | INFO | [v] done : M2 model_to_quantize_model (WEIGHT_AND_ACTIVATION)
19:19:02 | INFO | [M] start: M3 build OTO with dict dummy_input
19:19:02 | INFO |     dummy keys=['input_ids', 'token_type_ids', 'attention_mask']  input_ids.shape=(1, 384)
19:20:13 | INFO | [v] done : M3 build OTO with dict dummy_input
19:20:13 | INFO | [M] start: M3.5 param-dup diagnostic
19:20:13 | INFO |     param_count=637  unique=637  dup=0
19:20:13 | INFO |     => model params 無重複，M4 failure 應在 GETA 自己的 param grouping（方向 B）
19:20:13 | INFO | [v] done : M3.5 param-dup diagnostic
19:20:13 | INFO | [M] start: M3.6 OTO param_groups duplicate check
19:20:13 | INFO |     total param_groups: 27
19:20:13 | ERROR | [X] FAIL : M3.6 OTO param_groups duplicate check -> AttributeError: 'dict_values' object has no attribute 'items'
19:20:13 | ERROR |     Traceback (most recent call last):
19:20:13 | ERROR |       File "/home/h24116081/GETA reprocution/GETA-reproduction/bert_geta_mvp/smoke.py", line 93, in wrapped
19:20:13 | ERROR |         out = fn(*args, **kwargs)
19:20:13 | ERROR |       File "/home/h24116081/GETA reprocution/GETA-reproduction/bert_geta_mvp/smoke.py", line 225, in m36_check_oto_param_groups
19:20:13 | ERROR |         for pg_id, pg in param_groups.items():
19:20:13 | ERROR |                          ^^^^^^^^^^^^^^^^^^
19:20:13 | ERROR |     AttributeError: 'dict_values' object has no attribute 'items'
19:20:13 | ERROR | [log] saved to /home/h24116081/GETA reprocution/GETA-reproduction/bert_geta_mvp/logs/smoke_20260415_191855.log
