19:11:17 | INFO | [log] writing to /home/h24116081/GETA reprocution/GETA-reproduction/bert_geta_mvp/logs/smoke_20260415_191116.log
19:11:17 | INFO | [env] torch=2.5.1+cu121  device=cuda  cuda=True
19:11:17 | INFO | [M] start: M1 load bert-base-uncased
19:11:21 | INFO | [v] done : M1 load bert-base-uncased
19:11:21 | INFO | [M] start: M2 model_to_quantize_model (WEIGHT_AND_ACTIVATION)
19:11:22 | INFO | [v] done : M2 model_to_quantize_model (WEIGHT_AND_ACTIVATION)
19:11:22 | INFO | [M] start: M3 build OTO with dict dummy_input
19:11:22 | INFO |     dummy keys=['input_ids', 'token_type_ids', 'attention_mask']  input_ids.shape=(1, 384)
19:12:25 | INFO | [v] done : M3 build OTO with dict dummy_input
19:12:25 | INFO | [M] start: M3.5 param-dup diagnostic
19:12:25 | INFO |     param_count=637  unique=637  dup=0
19:12:25 | INFO |     => model params 無重複，M4 failure 應在 GETA 自己的 param grouping（方向 B）
19:12:25 | INFO | [v] done : M3.5 param-dup diagnostic
19:12:25 | INFO | [M] start: M4 oto.geta(...)
19:12:25 | ERROR | [X] FAIL : M4 oto.geta(...) -> ValueError: some parameters appear in more than one parameter group
19:12:25 | ERROR |       File "/home/h24116081/miniconda3/lib/python3.13/site-packages/torch/optim/optimizer.py", line 371, in __init__
19:12:25 | ERROR |         self.add_param_group(cast(dict, param_group))
19:12:25 | ERROR |         ~~~~~~~~~~~~~~~~~~~~^^^^^^^^^^^^^^^^^^^^^^^^^
19:12:25 | ERROR |       File "/home/h24116081/miniconda3/lib/python3.13/site-packages/torch/_compile.py", line 32, in inner
19:12:25 | ERROR |         return disable_fn(*args, **kwargs)
19:12:25 | ERROR |       File "/home/h24116081/miniconda3/lib/python3.13/site-packages/torch/_dynamo/eval_frame.py", line 632, in _fn
19:12:25 | ERROR |         return fn(*args, **kwargs)
19:12:25 | ERROR |       File "/home/h24116081/miniconda3/lib/python3.13/site-packages/torch/optim/optimizer.py", line 1050, in add_param_group
19:12:25 | ERROR |         raise ValueError("some parameters appear in more than one parameter group")
19:12:25 | ERROR |     ValueError: some parameters appear in more than one parameter group
19:12:25 | ERROR | [log] saved to /home/h24116081/GETA reprocution/GETA-reproduction/bert_geta_mvp/logs/smoke_20260415_191116.log
