[gpu] CUDA_VISIBLE_DEVICES already set: 1
19:00:24 | INFO | [log] ./results/phase5_20260427_190024.log
19:00:24 | INFO | [env] torch=2.5.1+cu121  device=cuda
19:00:24 | INFO | [cfg] sparsity=[0.1]  epochs=3  bs=4  lr=3e-05  lr_quant=0.0001  br=2  P=6  Kp=6  seed=42
19:00:32 | INFO | [DATA] raw train=87599  raw val=10570
19:00:32 | INFO | [DATA] train subsetted to 8759 (10%)
19:00:32 | INFO | [DATA] val subsetted to 1000
Map:   0%|          | 0/8759 [00:00<?, ? examples/s]Map:  11%|█▏        | 1000/8759 [00:02<00:19, 400.85 examples/s]Map:  23%|██▎       | 2000/8759 [00:03<00:10, 621.58 examples/s]Map:  34%|███▍      | 3000/8759 [00:05<00:10, 570.81 examples/s]Map:  46%|████▌     | 4000/8759 [00:07<00:08, 577.37 examples/s]Map:  57%|█████▋    | 5000/8759 [00:08<00:06, 579.33 examples/s]Map:  69%|██████▊   | 6000/8759 [00:10<00:04, 580.91 examples/s]Map:  80%|███████▉  | 7000/8759 [00:12<00:03, 542.21 examples/s]Map:  91%|█████████▏| 8000/8759 [00:14<00:01, 587.49 examples/s]Map: 100%|██████████| 8759/8759 [00:15<00:00, 625.67 examples/s]Map: 100%|██████████| 8759/8759 [00:15<00:00, 582.31 examples/s]
19:00:47 | INFO | [DATA] train features=8848  val features=1020
19:00:47 | INFO | 
============================================================
19:00:47 | INFO |   EXPERIMENT: sparsity=0.1  tag=A1_no_bitreduce_sp10
19:00:47 | INFO | ============================================================
19:00:47 | INFO | [M1] loading BERT QA
19:00:49 | INFO | [M2] quantize wrap + STE fix
2026-04-27 19:00:49,557 - quant_fix - INFO - STE fix applied to SymQuantizerNonLinear and SymQuantizerLinear
2026-04-27 19:00:53,753 - only_train_once.quantization.quant_model - INFO - Converted 73 layers to quantized versions
19:00:54 | INFO | [CALIB] running 8 batches of bs=4
19:00:57 | INFO | [calib] 8 batches over 73 layers  (skipped=0)  num_bits=16  safety=1.05
19:00:57 | INFO | [calib] observed max|x|: min=2.830  median=14.866  max=140.552
19:00:57 | INFO | [M3] building OTO graph
/home/h24116081/miniconda3/lib/python3.13/site-packages/transformers/modeling_attn_mask_utils.py:196: TracerWarning: torch.tensor results are registered as constants in the trace. You can safely ignore this warning if you use this function to create tensors out of constant variables that would be the same every time you call this function. In any other case, this might cause the trace to be incorrect.
  inverted_mask = torch.tensor(1.0, dtype=dtype) - expanded_mask
/home/h24116081/GETA reprocution/GETA-reproduction/geta/only_train_once/quantization/quant_layers.py:334: TracerWarning: torch.tensor results are registered as constants in the trace. You can safely ignore this warning if you use this function to create tensors out of constant variables that would be the same every time you call this function. In any other case, this might cause the trace to be incorrect.
  weight_clip_val = torch.tensor(self.weight_clip_val, device=weight.device)
/home/h24116081/GETA reprocution/GETA-reproduction/geta/only_train_once/quantization/quant_layers.py:335: TracerWarning: torch.tensor results are registered as constants in the trace. You can safely ignore this warning if you use this function to create tensors out of constant variables that would be the same every time you call this function. In any other case, this might cause the trace to be incorrect.
  q_s = torch.tensor(0.0, device=weight.device)
/home/h24116081/GETA reprocution/GETA-reproduction/geta/only_train_once/quantization/quant_layers.py:361: TracerWarning: torch.tensor results are registered as constants in the trace. You can safely ignore this warning if you use this function to create tensors out of constant variables that would be the same every time you call this function. In any other case, this might cause the trace to be incorrect.
  activation_clip_val = torch.tensor(self.act_clip_val, device=activation.device)
/home/h24116081/GETA reprocution/GETA-reproduction/geta/only_train_once/quantization/quant_layers.py:362: TracerWarning: torch.tensor results are registered as constants in the trace. You can safely ignore this warning if you use this function to create tensors out of constant variables that would be the same every time you call this function. In any other case, this might cause the trace to be incorrect.
  q_s = torch.tensor(0.0, device=activation.device)
OTO graph constructor
graph build
NodePattern mul None
NodePattern transpose None
NodePattern matmul None
Post-processing of graph completed.
Graph has 1102 nodes and 1177 edges.
19:03:13 | INFO | [SCHED] steps/epoch=2212  total=6636  start_prune=1106 (0.50 ep)  prune_steps=5530 (2.50 ep)  prune_periods=6  proj_periods=6  proj_steps=1106 (0.50 ep)
19:03:13 | INFO | [BIT]   min_bit_wt=16  max_bit_wt=16  bit_reduction=2  calib_num_bits=16
19:03:13 | INFO | [LR]    scheduler=none  warmup_ratio=0.1  lr=3e-05  lr_quant=0.0001
19:03:13 | INFO | [M4] building GETA optimizer
2026-04-27 19:03:13,436 - GETA - INFO - Set19:04:22 | INFO |     step 400  loss=3.4279  grp_sp=0.000  n_imp=37008  n_red=0
19:11:07 | INFO |     step 600  loss=2.9998  grp_sp=0.000  n_imp=37008  n_red=0
19:18:09 | INFO |     step 800  loss=2.7206  grp_sp=0.000  n_imp=37008  n_red=0
19:25:13 | INFO |     step 1000  loss=2.5348  grp_sp=0.000  n_imp=37008  n_red=0
19:31:50 | INFO |     step 1200  loss=2.4075  grp_sp=0.000  n_imp=37008  n_red=0
19:38:57 | INFO |     step 1400  loss=2.3027  grp_sp=0.000  n_imp=37008  n_red=0
19:45:46 | INFO |     step 1600  loss=2.2035  grp_sp=0.000  n_imp=37008  n_red=0
19:52:12 | INFO |     step 1800  loss=2.1301  grp_sp=0.000  n_imp=37008  n_red=0
19:59:02 | INFO |     step 2000  loss=2.0782  grp_sp=0.000  n_imp=37008  n_red=0
20:06:09 | INFO |     step 2200  loss=2.0304  grp_sp=0.000  n_imp=37008  n_red=0
20:13:43 | INFO |     step 2400  loss=1.9899  grp_sp=0.000  n_imp=37008  n_red=0
20:21:22 | INFO |     step 2600  loss=1.9533  grp_sp=0.000  n_imp=37008  n_red=0
20:28:39 | INFO |     step 2800  loss=1.9141  grp_sp=0.000  n_imp=37008  n_red=0
20:35:50 | INFO |     step 3000  loss=1.8834  grp_sp=0.000  n_imp=37008  n_red=0
20:43:08 | INFO |     step 3200  loss=1.8558  grp_sp=0.000  n_imp=37008  n_red=0
20:51:06 | INFO |     step 3400  loss=1.8277  grp_sp=0.000  n_imp=37008  n_red=0
20:59:16 | INFO |     step 3600  loss=1.8019  grp_sp=0.000  n_imp=37008  n_red=0
21:06:20 | INFO |     step 3800  loss=1.7799  grp_sp=0.000  n_imp=37008  n_red=0
21:14:31 | INFO |     step 4000  loss=1.7602  grp_sp=0.000  n_imp=37008  n_red=0
21:21:47 | INFO |     step 4200  loss=1.7402  grp_sp=0.000  n_imp=37008  n_red=0
21:29:28 | INFO |     step 4400  loss=1.7214  grp_sp=0.000  n_imp=37008  n_red=0
21:37:13 | INFO |     step 4600  loss=1.7055  grp_sp=0.000  n_imp=37008  n_red=0
21:44:28 | INFO |     step 4800  loss=1.6910  grp_sp=0.000  n_imp=37008  n_red=0
21:51:55 | INFO |     step 5000  loss=1.6734  grp_sp=0.000  n_imp=37008  n_red=0
21:58:40 | INFO |     step 5200  loss=1.6575  grp_sp=0.000  n_imp=37008  n_red=0
22:04:53 | INFO |     step 5400  loss=1.6442  grp_sp=0.000  n_imp=37008  n_red=0
22:11:10 | INFO |     step 5600  loss=1.6330  grp_sp=0.000  n_imp=37008  n_red=0
22:17:20 | INFO |     step 5800  loss=1.6174  grp_sp=0.000  n_imp=37008  n_red=0
22:23:41 | INFO |     step 6000  loss=1.6096  grp_sp=0.000  n_imp=37008  n_red=0
22:30:17 | INFO |     step 6200  loss=1.5951  grp_sp=0.000  n_imp=37008  n_red=0
22:36:41 | INFO |     step 6400  loss=1.5873  grp_sp=0.000  n_imp=37008  n_red=0
22:43:17 | INFO |     step 6600  loss=1.5798  grp_sp=0.000  n_imp=37008  n_red=0
22:49:55 | INFO |     step 6800  loss=1.5713  grp_sp=0.000  n_imp=37008  n_red=0
22:56:29 | INFO |     step 7000  loss=1.5624  grp_sp=0.000  n_imp=37008  n_red=0
23:02:45 | INFO |     step 7200  loss=1.5539  grp_sp=0.000  n_imp=37008  n_red=0
23:09:20 | INFO |     step 7400  loss=1.5454  grp_sp=0.000  n_imp=37008  n_red=0
23:15:31 | INFO |     step 7600  loss=1.5365  grp_sp=0.000  n_imp=37008  n_red=0
23:22:05 | INFO |     step 7800  loss=1.5299  grp_sp=0.000  n_imp=37008  n_red=0
23:28:45 | INFO |     step 8000  loss=1.5234  grp_sp=0.000  n_imp=37008  n_red=0
23:35:11 | INFO |     step 8200  loss=1.5169  grp_sp=0.000  n_imp=37008  n_red=0
23:41:25 | INFO |     step 8400  loss=1.5098  grp_sp=0.000  n_imp=37008  n_red=0
23:47:29 | INFO |     step 8600  loss=1.5023  grp_sp=0.000  n_imp=37008  n_red=0
23:54:05 | INFO |     step 8800  loss=1.4950  grp_sp=0.000  n_imp=37008  n_red=0
00:00:34 | INFO |     step 9000  loss=1.4880  grp_sp=0.000  n_imp=37008  n_red=0
00:06:03 | INFO |     step 9200  loss=1.4820  grp_sp=0.000  n_imp=37008  n_red=0
00:11:30 | INFO |     step 9400  loss=1.4769  grp_sp=0.000  n_imp=37008  n_red=0
00:17:31 | INFO |     step 9600  loss=1.4713  grp_sp=0.000  n_imp=37008  n_red=0
00:23:42 | INFO |     step 9800  loss=1.4657  grp_sp=0.000  n_imp=37008  n_red=0
00:29:49 | INFO |     step 10000  loss=1.4596  grp_sp=0.000  n_imp=37008  n_red=0
00:35:36 | INFO |     step 10200  loss=1.4542  grp_sp=0.000  n_imp=37008  n_red=0
00:41:29 | INFO |     step 10400  loss=1.4483  grp_sp=0.000  n_imp=37008  n_red=0
00:47:52 | INFO |     step 10600  loss=1.4433  grp_sp=0.000  n_imp=37008  n_red=0
00:54:18 | INFO |     step 10800  loss=1.4373  grp_sp=0.000  n_imp=37008  n_red=0
01:00:41 | INFO |     step 11000  loss=1.4333  grp_sp=0.000  n_imp=37008  n_red=0
2026-04-28 01:02:41,445 - GETA - INFO - Determining important and redundant groups using saliency scores. Step=11066
01:07:28 | INFO |     step 11200  loss=1.4285  grp_sp=0.000  n_imp=36392  n_red=616
01:14:25 | INFO |     step 11400  loss=1.4236  grp_sp=0.000  n_imp=36392  n_red=616
01:21:11 | INFO |     step 11600  loss=1.4193  grp_sp=0.000  n_imp=36392  n_red=616
01:28:02 | INFO |     step 11800  loss=1.4141  grp_sp=0.000  n_imp=36392  n_red=616
01:34:52 | INFO |     step 12000  loss=1.4105  grp_sp=0.000  n_imp=36392  n_red=616
01:41:37 | INFO |     step 12200  loss=1.4071  grp_sp=0.000  n_imp=36392  n_red=616
01:48:41 | INFO |     step 12400  loss=1.4026  grp_sp=0.000  n_imp=36392  n_red=616
01:55:34 | INFO |     step 12600  loss=1.3986  grp_sp=0.000  n_imp=36392  n_red=616
02:02:20 | INFO |     step 12800  loss=1.3928  grp_sp=0.000  n_imp=36392  n_red=616
02:08:43 | INFO |     step 13000  loss=1.3885  grp_sp=0.000  n_imp=36392  n_red=616
02:15:12 | INFO |     step 13200  loss=1.3858  grp_sp=0.000  n_imp=36392  n_red=616
02:22:18 | INFO |     step 13400  loss=1.3832  grp_sp=0.000  n_imp=36392  n_red=616
02:29:05 | INFO |     step 13600  loss=1.3791  grp_sp=0.000  n_imp=36392  n_red=616
02:36:07 | INFO |     step 13800  loss=1.3760  grp_sp=0.000  n_imp=36392  n_red=616
02:43:54 | INFO |     step 14000  loss=1.3723  grp_sp=0.000  n_imp=36392  n_red=616
02:51:17 | INFO |     step 14200  loss=1.3688  grp_sp=0.000  n_imp=36392  n_red=616
02:58:12 | INFO |     step 14400  loss=1.3663  grp_sp=0.000  n_imp=36392  n_red=616
03:04:57 | INFO |     step 14600  loss=1.3637  grp_sp=0.000  n_imp=36392  n_red=616
03:12:10 | INFO |     step 14800  loss=1.3605  grp_sp=0.000  n_imp=36392  n_red=616
03:19:43 | INFO |     step 15000  loss=1.3566  grp_sp=0.000  n_imp=36392  n_red=616
03:27:07 | INFO |     step 15200  loss=1.3538  grp_sp=0.000  n_imp=36392  n_red=616
03:34:18 | INFO |     step 15400  loss=1.3519  grp_sp=0.000  n_imp=36392  n_red=616
03:41:34 | INFO |     step 15600  loss=1.3495  grp_sp=0.000  n_imp=36392  n_red=616
03:48:55 | INFO |     step 15800  loss=1.3470  grp_sp=0.000  n_imp=36392  n_red=616
03:56:24 | INFO |     step 16000  loss=1.3449  grp_sp=0.000  n_imp=36392  n_red=616
04:03:23 | INFO |     step 16200  loss=1.3423  grp_sp=0.000  n_imp=36392  n_red=616
04:10:36 | INFO |     step 16400  loss=1.3401  grp_sp=0.000  n_imp=36392  n_red=616
04:17:55 | INFO |     step 16600  loss=1.3381  grp_sp=0.000  n_imp=36392  n_red=616
04:25:28 | INFO |     step 16800  loss=1.3350  grp_sp=0.000  n_imp=36392  n_red=616
04:33:00 | INFO |     step 17000  loss=1.3330  grp_sp=0.000  n_imp=36392  n_red=616
04:40:19 | INFO |     step 17200  loss=1.3304  grp_sp=0.000  n_imp=36392  n_red=616
04:47:23 | INFO |     step 17400  loss=1.3278  grp_sp=0.000  n_imp=36392  n_red=616
04:54:25 | INFO |     step 17600  loss=1.3261  grp_sp=0.000  n_imp=36392  n_red=616
05:01:35 | INFO |     step 17800  loss=1.3237  grp_sp=0.000  n_imp=36392  n_red=616
05:08:29 | INFO |     step 18000  loss=1.3210  grp_sp=0.000  n_imp=36392  n_red=616
05:15:33 | INFO |     step 18200  loss=1.3184  grp_sp=0.000  n_imp=36392  n_red=616
05:23:13 | INFO |     step 18400  loss=1.3158  grp_sp=0.000  n_imp=36392  n_red=616
05:30:47 | INFO |     step 18600  loss=1.3126  grp_sp=0.000  n_imp=36392  n_red=616
05:38:27 | INFO |     step 18800  loss=1.3105  grp_sp=0.000  n_imp=36392  n_red=616
05:46:04 | INFO |     step 19000  loss=1.3087  grp_sp=0.000  n_imp=36392  n_red=616
05:53:47 | INFO |     step 19200  loss=1.3078  grp_sp=0.000  n_imp=36392  n_red=616
06:01:43 | INFO |     step 19400  loss=1.3062  grp_sp=0.000  n_imp=36392  n_red=616
06:09:56 | INFO |     step 19600  loss=1.3047  grp_sp=0.000  n_imp=36392  n_red=616
06:17:43 | INFO |     step 19800  loss=1.3028  grp_sp=0.000  n_imp=36392  n_red=616
06:25:45 | INFO |     step 20000  loss=1.3012  grp_sp=0.000  n_imp=36392  n_red=616
06:33:39 | INFO |     step 20200  loss=1.2997  grp_sp=0.000  n_imp=36392  n_red=616
2026-04-28 06:36:58,967 - GETA - INFO - Determining important and redundant groups using saliency scores. Step=20286
06:41:15 | INFO |     step 20400  loss=1.2985  grp_sp=0.017  n_imp=35776  n_red=1232
06:48:50 | INFO |     step 20600  loss=1.2971  grp_sp=0.017  n_imp=35776  n_red=1232
06:56:11 | INFO |     step 20800  loss=1.2958  grp_sp=0.017  n_imp=35776  n_red=1232
07:04:16 | INFO |     step 21000  loss=1.2948  grp_sp=0.017  n_imp=35776  n_red=1232
07:11:14 | INFO |     step 21200  loss=1.2935  grp_sp=0.017  n_imp=35776  n_red=1232
07:18:17 | INFO |     step 21400  loss=1.2921  grp_sp=0.017  n_imp=35776  n_red=1232
07:24:57 | INFO |     step 21600  loss=1.2915  grp_sp=0.017  n_imp=35776  n_red=1232
07:32:34 | INFO |     step 21800  loss=1.2901  grp_sp=0.017  n_imp=35776  n_red=1232
07:39:18 | INFO |     step 22000  loss=1.2895  grp_sp=0.017  n_imp=35776  n_red=1232
07:50:28 | INFO | [EPOCH 1/3] loss=1.2893  grp_sp=0.017  EM=77.15  F1=85.08  elapsed=773.4min
07:53:08 | INFO |     step 22200  loss=0.7680  grp_sp=0.017  n_imp=35776  n_red=1232
08:00:08 | INFO |     step 22400  loss=0.7687  grp_sp=0.017  n_imp=35776  n_red=1232
08:06:54 | INFO |     step 22600  loss=0.7567  grp_sp=0.017  n_imp=35776  n_red=1232
08:14:17 | INFO |     step 22800  loss=0.7777  grp_sp=0.017  n_imp=35776  n_red=1232
08:21:33 | INFO |     step 23000  loss=0.7941  grp_sp=0.017  n_imp=35776  n_red=1232
08:28:17 | INFO |     step 23200  loss=0.8017  grp_sp=0.017  n_imp=35776  n_red=1232
08:35:03 | INFO |     step 23400  loss=0.8030  grp_sp=0.017  n_imp=35776  n_red=1232
08:41:57 | INFO |     step 23600  loss=0.8081  grp_sp=0.017  n_imp=35776  n_red=1232
08:48:57 | INFO |     step 23800  loss=0.8090  grp_sp=0.017  n_imp=35776  n_red=1232
08:56:03 | INFO |     step 24000  loss=0.8053  grp_sp=0.017  n_imp=35776  n_red=1232
09:03:01 | INFO |     step 24200  loss=0.8062  grp_sp=0.017  n_imp=35776  n_red=1232
09:09:55 | INFO |     step 24400  loss=0.8081  grp_sp=0.017  n_imp=35776  n_red=1232
09:16:56 | INFO |     step 24600  loss=0.8107  grp_sp=0.017  n_imp=35776  n_red=1232
09:23:50 | INFO |     step 24800  loss=0.8125  grp_sp=0.017  n_imp=35776  n_red=1232
09:30:42 | INFO |     step 25000  loss=0.8148  grp_sp=0.017  n_imp=35776  n_red=1232
09:37:33 | INFO |     step 25200  loss=0.8140  grp_sp=0.017  n_imp=35776  n_red=1232
09:44:25 | INFO |     step 25400  loss=0.8152  grp_sp=0.017  n_imp=35776  n_red=1232
09:51:14 | INFO |     step 25600  loss=0.8139  grp_sp=0.017  n_imp=35776  n_red=1232
09:58:07 | INFO |     step 25800  loss=0.8144  grp_sp=0.017  n_imp=35776  n_red=1232
10:05:02 | INFO |     step 26000  loss=0.8155  grp_sp=0.017  n_imp=35776  n_red=1232
10:12:00 | INFO |     step 26200  loss=0.8154  grp_sp=0.017  n_imp=35776  n_red=1232
10:19:04 | INFO |     step 26400  loss=0.8135  grp_sp=0.017  n_imp=35776  n_red=1232
10:26:03 | INFO |     step 26600  loss=0.8128  grp_sp=0.017  n_imp=35776  n_red=1232
10:33:04 | INFO |     step 26800  loss=0.8130  grp_sp=0.017  n_imp=35776  n_red=1232
10:40:05 | INFO |     step 27000  loss=0.8164  grp_sp=0.017  n_imp=35776  n_red=1232
10:47:04 | INFO |     step 27200  loss=0.8138  grp_sp=0.017  n_imp=35776  n_red=1232
10:54:03 | INFO |     step 27400  loss=0.8128  grp_sp=0.017  n_imp=35776  n_red=1232
11:01:02 | INFO |     step 27600  loss=0.8112  grp_sp=0.017  n_imp=35776  n_red=1232
11:07:59 | INFO |     step 27800  loss=0.8120  grp_sp=0.017  n_imp=35776  n_red=1232
11:14:56 | INFO |     step 28000  loss=0.8136  grp_sp=0.017  n_imp=35776  n_red=1232
11:21:56 | INFO |     step 28200  loss=0.8122  grp_sp=0.017  n_imp=35776  n_red=1232
11:28:52 | INFO |     step 28400  loss=0.8105  grp_sp=0.017  n_imp=35776  n_red=1232
11:35:52 | INFO |     step 28600  loss=0.8117  grp_sp=0.017  n_imp=35776  n_red=1232
11:42:50 | INFO |     step 28800  loss=0.8122  grp_sp=0.017  n_imp=35776  n_red=1232
11:49:54 | INFO |     step 29000  loss=0.8123  grp_sp=0.017  n_imp=35776  n_red=1232
11:56:56 | INFO |     step 29200  loss=0.8141  grp_sp=0.017  n_imp=35776  n_red=1232
12:04:24 | INFO |     step 29400  loss=0.8137  grp_sp=0.017  n_imp=35776  n_red=1232
2026-04-28 12:08:29,389 - GETA - INFO - Determining important and redundant groups using saliency scores. Step=29506
12:12:11 | INFO |     step 29600  loss=0.8152  grp_sp=0.033  n_imp=35160  n_red=1848
12:19:50 | INFO |     step 29800  loss=0.8161  grp_sp=0.033  n_imp=35160  n_red=1848
12:27:35 | INFO |     step 30000  loss=0.8166  grp_sp=0.033  n_imp=35160  n_red=1848
12:34:55 | INFO |     step 30200  loss=0.8197  grp_sp=0.033  n_imp=35160  n_red=1848
12:41:53 | INFO |     step 30400  loss=0.8214  grp_sp=0.033  n_imp=35160  n_red=1848
12:48:48 | INFO |     step 30600  loss=0.8248  grp_sp=0.033  n_imp=35160  n_red=1848
12:55:51 | INFO |     step 30800  loss=0.8257  grp_sp=0.033  n_imp=35160  n_red=1848
13:02:45 | INFO |     step 31000  loss=0.8269  grp_sp=0.033  n_imp=35160  n_red=1848
13:09:44 | INFO |     step 31200  loss=0.8268  grp_sp=0.033  n_imp=35160  n_red=1848
13:16:46 | INFO |     step 31400  loss=0.8273  grp_sp=0.033  n_imp=35160  n_red=1848
13:23:42 | INFO |     step 31600  loss=0.8266  grp_sp=0.033  n_imp=35160  n_red=1848
13:30:47 | INFO |     step 31800  loss=0.8284  grp_sp=0.033  n_imp=35160  n_red=1848
13:37:44 | INFO |     step 32000  loss=0.8291  grp_sp=0.033  n_imp=35160  n_red=1848
13:44:44 | INFO |     step 32200  loss=0.8306  grp_sp=0.033  n_imp=35160  n_red=1848
13:51:46 | INFO |     step 32400  loss=0.8307  grp_sp=0.033  n_imp=35160  n_red=1848
13:58:51 | INFO |     step 32600  loss=0.8317  grp_sp=0.033  n_imp=35160  n_red=1848
14:05:57 | INFO |     step 32800  loss=0.8322  grp_sp=0.033  n_imp=35160  n_red=1848
14:13:01 | INFO |     step 33000  loss=0.8333  grp_sp=0.033  n_imp=35160  n_red=1848
14:20:03 | INFO |     step 33200  loss=0.8338  grp_sp=0.033  n_imp=35160  n_red=1848
14:27:03 | INFO |     step 33400  loss=0.8339  grp_sp=0.033  n_imp=35160  n_red=1848
14:34:04 | INFO |     step 33600  loss=0.8342  grp_sp=0.033  n_imp=35160  n_red=1848
14:41:07 | INFO |     step 33800  loss=0.8348  grp_sp=0.033  n_imp=35160  n_red=1848
14:48:09 | INFO |     step 34000  loss=0.8348  grp_sp=0.033  n_imp=35160  n_red=1848
14:55:11 | INFO |     step 34200  loss=0.8344  grp_sp=0.033  n_imp=35160  n_red=1848
15:02:12 | INFO |     step 34400  loss=0.8359  grp_sp=0.033  n_imp=35160  n_red=1848
15:09:15 | INFO |     step 34600  loss=0.8370  grp_sp=0.033  n_imp=35160  n_red=1848
15:16:15 | INFO |     step 34800  loss=0.8378  grp_sp=0.033  n_imp=35160  n_red=1848
15:23:18 | INFO |     step 35000  loss=0.8383  grp_sp=0.033  n_imp=35160  n_red=1848
15:30:14 | INFO |     step 35200  loss=0.8390  grp_sp=0.033  n_imp=35160  n_red=1848
15:37:14 | INFO |     step 35400  loss=0.8400  grp_sp=0.033  n_imp=35160  n_red=1848
15:44:12 | INFO |     step 35600  loss=0.8408  grp_sp=0.033  n_imp=35160  n_red=1848
15:51:12 | INFO |     step 35800  loss=0.8409  grp_sp=0.033  n_imp=35160  n_red=1848
15:58:22 | INFO |     step 36000  loss=0.8418  grp_sp=0.033  n_imp=35160  n_red=1848
16:05:32 | INFO |     step 36200  loss=0.8425  grp_sp=0.033  n_imp=35160  n_red=1848
16:12:47 | INFO |     step 36400  loss=0.8421  grp_sp=0.033  n_imp=35160  n_red=1848
16:19:59 | INFO |     step 36600  loss=0.8424  grp_sp=0.033  n_imp=35160  n_red=1848
16:27:15 | INFO |     step 36800  loss=0.8435  grp_sp=0.033  n_imp=35160  n_red=1848
16:34:25 | INFO |     step 37000  loss=0.8440  grp_sp=0.033  n_imp=35160  n_red=1848
16:41:31 | INFO |     step 37200  loss=0.8437  grp_sp=0.033  n_imp=35160  n_red=1848
16:48:37 | INFO |     step 37400  loss=0.8436  grp_sp=0.033  n_imp=35160  n_red=1848
16:55:42 | INFO |     step 37600  loss=0.8439  grp_sp=0.033  n_imp=35160  n_red=1848
17:02:49 | INFO |     step 37800  loss=0.8445  grp_sp=0.033  n_imp=35160  n_red=1848
:57:27 | INFO |     step 38000  loss=0.8449  grp_sp=0.033  n_imp=35160  n_red=1848
17:04:22 | INFO |     step 38200  loss=0.8447  grp_sp=0.033  n_imp=35160  n_red=1848
