[gpu] CUDA_VISIBLE_DEVICES already set: 2
19:00:22 | INFO | [log] ./results/phase5_20260427_190022.log
19:00:22 | INFO | [env] torch=2.5.1+cu121  device=cuda
19:00:22 | INFO | [cfg] sparsity=[0.1]  epochs=3  bs=4  lr=3e-05  lr_quant=0.0001  br=2  P=6  Kp=6  seed=42
19:00:30 | INFO | [DATA] raw train=87599  raw val=10570
19:00:30 | INFO | [DATA] train subsetted to 8759 (10%)
19:00:30 | INFO | [DATA] val subsetted to 1000
Map:   0%|          | 0/8759 [00:00<?, ? examples/s]Map:  11%|█▏        | 1000/8759 [00:04<00:36, 212.21 examples/s]Map:  23%|██▎       | 2000/8759 [00:06<00:19, 339.86 examples/s]Map:  34%|███▍      | 3000/8759 [00:08<00:13, 421.05 examples/s]Map:  46%|████▌     | 4000/8759 [00:09<00:10, 475.04 examples/s]Map:  57%|█████▋    | 5000/8759 [00:11<00:07, 510.37 examples/s]Map:  69%|██████▊   | 6000/8759 [00:13<00:05, 536.58 examples/s]Map:  80%|███████▉  | 7000/8759 [00:15<00:03, 516.26 examples/s]Map:  91%|█████████▏| 8000/8759 [00:16<00:01, 552.41 examples/s]Map: 100%|██████████| 8759/8759 [00:17<00:00, 589.59 examples/s]Map: 100%|██████████| 8759/8759 [00:17<00:00, 489.78 examples/s]
19:00:48 | INFO | [DATA] train features=8848  val features=1020
19:00:48 | INFO | 
============================================================
19:00:48 | INFO |   EXPERIMENT: sparsity=0.1  tag=A2_slowproj_sp10
19:00:48 | INFO | ============================================================
19:00:48 | INFO | [M1] loading BERT QA
19:00:50 | INFO | [M2] quantize wrap + STE fix
2026-04-27 19:00:50,356 - quant_fix - INFO - STE fix applied to SymQuantizerNonLinear and SymQuantizerLinear
2026-04-27 19:00:54,372 - only_train_once.quantization.quant_model - INFO - Converted 73 layers to quantized versions
19:00:55 | INFO | [CALIB] running 8 batches of bs=4
19:00:58 | INFO | [calib] 8 batches over 73 layers  (skipped=0)  num_bits=16  safety=1.05
19:00:58 | INFO | [calib] observed max|x|: min=2.830  median=14.866  max=140.552
19:00:58 | INFO | [M3] building OTO graph
/home/h24116081/miniconda3/lib/python3.13/site-packages/transformers/modeling_attn_mask_utils.py:196: TracerWarning: torch.tensor results are registered as constants in the trace. You can safely ignore this warning if you use this function to create tensors out of constant variables that would be the same every time you call this function. In any other case, this might cause the trace to be incorrect.
  inverted_mask = torch.tensor(1.0, dtype=dtype) - expanded_mask
/home/h24116081/GETA reprocution/GETA-reproduction/geta/only_train_once/quantization/quant_layers.py:334: TracerWarning: torch.tensor results are registered as constants in the trace. You can safely ignore this warning if you use this function to create tensors out of constant variables that would be the same every time you call this function. In any other case, this might cause the trace to be incorrect.
  weight_clip_val = torch.tensor(self.weight_clip_val, device=weight.device)
/home/h24116081/GETA reprocution/GETA-reproduction/geta/only_train_once/quantization/quant_layers.py:335: TracerWarning: torch.tensor results are registered as constants in the trace. You can safely ignore this warning if you use this function to create tensors out of constant variables that would be the same every time you call this function. In any other case, this might cause the trace to be incorrect.
  q_s = torch.tensor(0.0, device=weight.device)
/home/h24116081/GETA reprocution/GETA-reproduction/geta/only_train_once/quantization/quant_layers.py:361: TracerWarning: torch.tensor results are registered as constants in the trace. You can safely ignore this warning if you use this function to create tensors out of constant variables that would be the same every time you call this function. In any other case, this might cause the trace to be incorrect.
  activation_clip_val = torch.tensor(self.act_clip_val, device=activation.device)
/home/h24116081/GETA reprocution/GETA-reproduction/geta/only_train_once/quantization/quant_layers.py:362: TracerWarning: torch.tensor results are registered as constants in the trace. You can safely ignore this warning if you use this function to create tensors out of constant variables that would be the same every time you call this function. In any other case, this might cause the trace to be incorrect.
  q_s = torch.tensor(0.0, device=activation.device)
OTO graph constructor
graph build
NodePattern mul None
NodePattern transpose None
NodePattern matmul None
Post-processing of graph completed.
Graph has 1102 nodes and 1177 edges.
19:03:12 | INFO | [SCHED] steps/epoch=2212  total=6636  start_prune=5530 (2.50 ep)  prune_steps=5530 (2.50 ep)  prune_periods=6  proj_periods=6  proj_steps=5530 (2.50 ep)
19:03:12 | INFO | [BIT]   min_bit_wt=4  max_bit_wt=16  bit_reduction=2  calib_num_bits=16
19:03:12 | INFO | [LR]    scheduler=none  warmup_ratio=0.1  lr=3e-05  lr_quant=0.0001
19:03:12 | INFO | [M4] building GETA optimizer
2026-04-27 19:03:12,028 - GETA - INFO - Set19:04:34 | INFO |     step 400  loss=3.4077  grp_sp=0.000  n_imp=37008  n_red=0
19:11:31 | INFO |     step 600  loss=2.9894  grp_sp=0.000  n_imp=37008  n_red=0
19:18:26 | INFO |     step 800  loss=2.7209  grp_sp=0.000  n_imp=37008  n_red=0
19:25:22 | INFO |     step 1000  loss=2.5361  grp_sp=0.000  n_imp=37008  n_red=0
19:32:03 | INFO |     step 1200  loss=2.4141  grp_sp=0.000  n_imp=37008  n_red=0
19:38:52 | INFO |     step 1400  loss=2.3059  grp_sp=0.000  n_imp=37008  n_red=0
19:45:43 | INFO |     step 1600  loss=2.2097  grp_sp=0.000  n_imp=37008  n_red=0
19:52:06 | INFO |     step 1800  loss=2.1363  grp_sp=0.000  n_imp=37008  n_red=0
19:59:01 | INFO |     step 2000  loss=2.0853  grp_sp=0.000  n_imp=37008  n_red=0
20:05:51 | INFO |     step 2200  loss=2.0389  grp_sp=0.000  n_imp=37008  n_red=0
20:13:07 | INFO |     step 2400  loss=1.9992  grp_sp=0.000  n_imp=37008  n_red=0
20:20:43 | INFO |     step 2600  loss=1.9631  grp_sp=0.000  n_imp=37008  n_red=0
20:28:06 | INFO |     step 2800  loss=1.9228  grp_sp=0.000  n_imp=37008  n_red=0
20:35:06 | INFO |     step 3000  loss=1.8921  grp_sp=0.000  n_imp=37008  n_red=0
20:42:21 | INFO |     step 3200  loss=1.8643  grp_sp=0.000  n_imp=37008  n_red=0
20:49:47 | INFO |     step 3400  loss=1.8363  grp_sp=0.000  n_imp=37008  n_red=0
20:56:35 | INFO |     step 3600  loss=1.8101  grp_sp=0.000  n_imp=37008  n_red=0
21:03:58 | INFO |     step 3800  loss=1.7894  grp_sp=0.000  n_imp=37008  n_red=0
21:10:28 | INFO |     step 4000  loss=1.7693  grp_sp=0.000  n_imp=37008  n_red=0
21:16:45 | INFO |     step 4200  loss=1.7473  grp_sp=0.000  n_imp=37008  n_red=0
21:23:18 | INFO |     step 4400  loss=1.7280  grp_sp=0.000  n_imp=37008  n_red=0
21:29:52 | INFO |     step 4600  loss=1.7123  grp_sp=0.000  n_imp=37008  n_red=0
21:36:27 | INFO |     step 4800  loss=1.6972  grp_sp=0.000  n_imp=37008  n_red=0
21:43:07 | INFO |     step 5000  loss=1.6795  grp_sp=0.000  n_imp=37008  n_red=0
21:49:43 | INFO |     step 5200  loss=1.6631  grp_sp=0.000  n_imp=37008  n_red=0
21:56:23 | INFO |     step 5400  loss=1.6491  grp_sp=0.000  n_imp=37008  n_red=0
22:03:13 | INFO |     step 5600  loss=1.6389  grp_sp=0.000  n_imp=37008  n_red=0
22:10:05 | INFO |     step 5800  loss=1.6224  grp_sp=0.000  n_imp=37008  n_red=0
22:16:49 | INFO |     step 6000  loss=1.6142  grp_sp=0.000  n_imp=37008  n_red=0
22:23:47 | INFO |     step 6200  loss=1.5989  grp_sp=0.000  n_imp=37008  n_red=0
22:30:34 | INFO |     step 6400  loss=1.5907  grp_sp=0.000  n_imp=37008  n_red=0
22:37:20 | INFO |     step 6600  loss=1.5825  grp_sp=0.000  n_imp=37008  n_red=0
22:44:10 | INFO |     step 6800  loss=1.5728  grp_sp=0.000  n_imp=37008  n_red=0
22:51:00 | INFO |     step 7000  loss=1.5638  grp_sp=0.000  n_imp=37008  n_red=0
22:57:48 | INFO |     step 7200  loss=1.5549  grp_sp=0.000  n_imp=37008  n_red=0
23:04:48 | INFO |     step 7400  loss=1.5466  grp_sp=0.000  n_imp=37008  n_red=0
23:11:37 | INFO |     step 7600  loss=1.5373  grp_sp=0.000  n_imp=37008  n_red=0
23:18:36 | INFO |     step 7800  loss=1.5310  grp_sp=0.000  n_imp=37008  n_red=0
23:25:27 | INFO |     step 8000  loss=1.5240  grp_sp=0.000  n_imp=37008  n_red=0
23:32:15 | INFO |     step 8200  loss=1.5174  grp_sp=0.000  n_imp=37008  n_red=0
23:39:10 | INFO |     step 8400  loss=1.5106  grp_sp=0.000  n_imp=37008  n_red=0
23:45:57 | INFO |     step 8600  loss=1.5035  grp_sp=0.000  n_imp=37008  n_red=0
23:52:33 | INFO |     step 8800  loss=1.4961  grp_sp=0.000  n_imp=37008  n_red=0
23:58:59 | INFO |     step 9000  loss=1.4898  grp_sp=0.000  n_imp=37008  n_red=0
00:04:46 | INFO |     step 9200  loss=1.4840  grp_sp=0.000  n_imp=37008  n_red=0
00:10:12 | INFO |     step 9400  loss=1.4794  grp_sp=0.000  n_imp=37008  n_red=0
00:16:00 | INFO |     step 9600  loss=1.4741  grp_sp=0.000  n_imp=37008  n_red=0
00:22:08 | INFO |     step 9800  loss=1.4687  grp_sp=0.000  n_imp=37008  n_red=0
00:28:08 | INFO |     step 10000  loss=1.4625  grp_sp=0.000  n_imp=37008  n_red=0
00:34:04 | INFO |     step 10200  loss=1.4566  grp_sp=0.000  n_imp=37008  n_red=0
00:39:39 | INFO |     step 10400  loss=1.4506  grp_sp=0.000  n_imp=37008  n_red=0
00:45:53 | INFO |     step 10600  loss=1.4458  grp_sp=0.000  n_imp=37008  n_red=0
00:52:19 | INFO |     step 10800  loss=1.4399  grp_sp=0.000  n_imp=37008  n_red=0
00:58:49 | INFO |     step 11000  loss=1.4363  grp_sp=0.000  n_imp=37008  n_red=0
01:05:16 | INFO |     step 11200  loss=1.4316  grp_sp=0.000  n_imp=37008  n_red=0
01:11:34 | INFO |     step 11400  loss=1.4268  grp_sp=0.000  n_imp=37008  n_red=0
01:17:49 | INFO |     step 11600  loss=1.4223  grp_sp=0.000  n_imp=37008  n_red=0
01:23:50 | INFO |     step 11800  loss=1.4176  grp_sp=0.000  n_imp=37008  n_red=0
01:30:04 | INFO |     step 12000  loss=1.4140  grp_sp=0.000  n_imp=37008  n_red=0
01:36:17 | INFO |     step 12200  loss=1.4108  grp_sp=0.000  n_imp=37008  n_red=0
01:42:18 | INFO |     step 12400  loss=1.4058  grp_sp=0.000  n_imp=37008  n_red=0
01:48:21 | INFO |     step 12600  loss=1.4027  grp_sp=0.000  n_imp=37008  n_red=0
01:54:36 | INFO |     step 12800  loss=1.3970  grp_sp=0.000  n_imp=37008  n_red=0
02:00:30 | INFO |     step 13000  loss=1.3926  grp_sp=0.000  n_imp=37008  n_red=0
02:06:13 | INFO |     step 13200  loss=1.3896  grp_sp=0.000  n_imp=37008  n_red=0
02:11:31 | INFO |     step 13400  loss=1.3860  grp_sp=0.000  n_imp=37008  n_red=0
02:17:40 | INFO |     step 13600  loss=1.3822  grp_sp=0.000  n_imp=37008  n_red=0
02:24:00 | INFO |     step 13800  loss=1.3787  grp_sp=0.000  n_imp=37008  n_red=0
02:30:29 | INFO |     step 14000  loss=1.3753  grp_sp=0.000  n_imp=37008  n_red=0
02:36:54 | INFO |     step 14200  loss=1.3713  grp_sp=0.000  n_imp=37008  n_red=0
02:44:02 | INFO |     step 14400  loss=1.3681  grp_sp=0.000  n_imp=37008  n_red=0
02:50:38 | INFO |     step 14600  loss=1.3650  grp_sp=0.000  n_imp=37008  n_red=0
02:57:07 | INFO |     step 14800  loss=1.3621  grp_sp=0.000  n_imp=37008  n_red=0
03:03:42 | INFO |     step 15000  loss=1.3581  grp_sp=0.000  n_imp=37008  n_red=0
03:10:08 | INFO |     step 15200  loss=1.3553  grp_sp=0.000  n_imp=37008  n_red=0
03:16:39 | INFO |     step 15400  loss=1.3538  grp_sp=0.000  n_imp=37008  n_red=0
03:23:08 | INFO |     step 15600  loss=1.3513  grp_sp=0.000  n_imp=37008  n_red=0
03:29:51 | INFO |     step 15800  loss=1.3491  grp_sp=0.000  n_imp=37008  n_red=0
03:36:09 | INFO |     step 16000  loss=1.3466  grp_sp=0.000  n_imp=37008  n_red=0
03:42:40 | INFO |     step 16200  loss=1.3441  grp_sp=0.000  n_imp=37008  n_red=0
03:49:15 | INFO |     step 16400  loss=1.3416  grp_sp=0.000  n_imp=37008  n_red=0
03:55:53 | INFO |     step 16600  loss=1.3389  grp_sp=0.000  n_imp=37008  n_red=0
04:01:55 | INFO |     step 16800  loss=1.3360  grp_sp=0.000  n_imp=37008  n_red=0
04:08:58 | INFO |     step 17000  loss=1.3334  grp_sp=0.000  n_imp=37008  n_red=0
04:15:46 | INFO |     step 17200  loss=1.3306  grp_sp=0.000  n_imp=37008  n_red=0
04:22:33 | INFO |     step 17400  loss=1.3279  grp_sp=0.000  n_imp=37008  n_red=0
04:29:14 | INFO |     step 17600  loss=1.3261  grp_sp=0.000  n_imp=37008  n_red=0
04:36:01 | INFO |     step 17800  loss=1.3236  grp_sp=0.000  n_imp=37008  n_red=0
04:42:43 | INFO |     step 18000  loss=1.3209  grp_sp=0.000  n_imp=37008  n_red=0
04:49:34 | INFO |     step 18200  loss=1.3183  grp_sp=0.000  n_imp=37008  n_red=0
04:56:25 | INFO |     step 18400  loss=1.3153  grp_sp=0.000  n_imp=37008  n_red=0
05:03:21 | INFO |     step 18600  loss=1.3121  grp_sp=0.000  n_imp=37008  n_red=0
05:10:18 | INFO |     step 18800  loss=1.3097  grp_sp=0.000  n_imp=37008  n_red=0
05:17:24 | INFO |     step 19000  loss=1.3080  grp_sp=0.000  n_imp=37008  n_red=0
05:24:18 | INFO |     step 19200  loss=1.3070  grp_sp=0.000  n_imp=37008  n_red=0
05:30:57 | INFO |     step 19400  loss=1.3051  grp_sp=0.000  n_imp=37008  n_red=0
05:37:49 | INFO |     step 19600  loss=1.3035  grp_sp=0.000  n_imp=37008  n_red=0
05:44:32 | INFO |     step 19800  loss=1.3016  grp_sp=0.000  n_imp=37008  n_red=0
05:51:30 | INFO |     step 20000  loss=1.3000  grp_sp=0.000  n_imp=37008  n_red=0
05:58:29 | INFO |     step 20200  loss=1.2984  grp_sp=0.000  n_imp=37008  n_red=0
06:05:51 | INFO |     step 20400  loss=1.2964  grp_sp=0.000  n_imp=37008  n_red=0
06:12:50 | INFO |     step 20600  loss=1.2944  grp_sp=0.000  n_imp=37008  n_red=0
06:19:45 | INFO |     step 20800  loss=1.2923  grp_sp=0.000  n_imp=37008  n_red=0
06:26:45 | INFO |     step 21000  loss=1.2908  grp_sp=0.000  n_imp=37008  n_red=0
06:33:57 | INFO |     step 21200  loss=1.2890  grp_sp=0.000  n_imp=37008  n_red=0
06:40:57 | INFO |     step 21400  loss=1.2871  grp_sp=0.000  n_imp=37008  n_red=0
06:48:00 | INFO |     step 21600  loss=1.2856  grp_sp=0.000  n_imp=37008  n_red=0
06:54:56 | INFO |     step 21800  loss=1.2840  grp_sp=0.000  n_imp=37008  n_red=0
07:02:17 | INFO |     step 22000  loss=1.2824  grp_sp=0.000  n_imp=37008  n_red=0
07:14:19 | INFO | [EPOCH 1/3] loss=1.2818  grp_sp=0.000  EM=77.90  F1=85.84  elapsed=735.6min
07:16:39 | INFO |     step 22200  loss=0.7757  grp_sp=0.000  n_imp=37008  n_red=0
07:23:58 | INFO |     step 22400  loss=0.7192  grp_sp=0.000  n_imp=37008  n_red=0
07:31:28 | INFO |     step 22600  loss=0.7178  grp_sp=0.000  n_imp=37008  n_red=0
07:38:22 | INFO |     step 22800  loss=0.7256  grp_sp=0.000  n_imp=37008  n_red=0
07:44:27 | INFO |     step 23000  loss=0.7385  grp_sp=0.000  n_imp=37008  n_red=0
07:50:40 | INFO |     step 23200  loss=0.7492  grp_sp=0.000  n_imp=37008  n_red=0
07:56:43 | INFO |     step 23400  loss=0.7532  grp_sp=0.000  n_imp=37008  n_red=0
08:02:43 | INFO |     step 23600  loss=0.7563  grp_sp=0.000  n_imp=37008  n_red=0
08:08:50 | INFO |     step 23800  loss=0.7526  grp_sp=0.000  n_imp=37008  n_red=0
08:14:53 | INFO |     step 24000  loss=0.7512  grp_sp=0.000  n_imp=37008  n_red=0
08:21:10 | INFO |     step 24200  loss=0.7568  grp_sp=0.000  n_imp=37008  n_red=0
08:27:24 | INFO |     step 24400  loss=0.7635  grp_sp=0.000  n_imp=37008  n_red=0
08:33:35 | INFO |     step 24600  loss=0.7655  grp_sp=0.000  n_imp=37008  n_red=0
08:39:38 | INFO |     step 24800  loss=0.7664  grp_sp=0.000  n_imp=37008  n_red=0
08:45:43 | INFO |     step 25000  loss=0.7704  grp_sp=0.000  n_imp=37008  n_red=0808:51:54 | INFO |     step 25200  loss=0.7712  grp_sp=0.000  n_imp=37008  n_red=0808:57:57 | INFO |     step 25400  loss=0.7731  grp_sp=0.000  n_imp=37008  n_red=0809:04:05 | INFO |     step 25600  loss=0.7724  grp_sp=0.000  n_imp=37008  n_red=0909:10:17 | INFO |     step 25800  loss=0.7731  grp_sp=0.000  n_imp=37008  n_red=0909:16:26 | INFO |     step 26000  loss=0.7749  grp_sp=0.000  n_imp=37008  n_red=0909:22:35 | INFO |     step 26200  loss=0.7745  grp_sp=0.000  n_imp=37008  n_red=0909:28:46 | INFO |     step 26400  loss=0.7736  grp_sp=0.000  n_imp=37008  n_red=0909:34:55 | INFO |     step 26600  loss=0.7729  grp_sp=0.000  n_imp=37008  n_red=0909:41:04 | INFO |     step 26800  loss=0.7740  grp_sp=0.000  n_imp=37008  n_red=0909:47:14 | INFO |     step 27000  loss=0.7762  grp_sp=0.000  n_imp=37008  n_red=0909:53:29 | INFO |     step 27200  loss=0.7747  grp_sp=0.000  n_imp=37008  n_red=0909:59:39 | INFO |     step 27400  loss=0.7743  grp_sp=0.000  n_imp=37008  n_red=1010:05:48 | INFO |     step 27600  loss=0.7731  grp_sp=0.000  n_imp=37008  n_red=1010:11:59 | INFO |     step 27800  loss=0.7732  grp_sp=0.000  n_imp=37008  n_red=1010:18:04 | INFO |     step 28000  loss=0.7753  grp_sp=0.000  n_imp=37008  n_red=1010:24:16 | INFO |     step 28200  loss=0.7745  grp_sp=0.000  n_imp=37008  n_red=1010:30:24 | INFO |     step 28400  loss=0.7731  grp_sp=0.000  n_imp=37008  n_red=1010:36:32 | INFO |     step 28600  loss=0.7742  grp_sp=0.000  n_imp=37008  n_red=1010:42:41 | INFO |     step 28800  loss=0.7755  grp_sp=0.000  n_imp=37008  n_red=1010:48:53 | INFO |     step 29000  loss=0.7753  grp_sp=0.000  n_imp=37008  n_red=1010:55:08 | INFO |     step 29200  loss=0.7775  grp_sp=0.000  n_imp=37008  n_red=1011:01:16 | INFO |     step 29400  loss=0.7777  grp_sp=0.000  n_imp=37008  n_red=1111:07:26 | INFO |     step 29600  loss=0.7782  grp_sp=0.000  n_imp=37008  n_red=1111:13:42 | INFO |     step 29800  loss=0.7775  grp_sp=0.000  n_imp=37008  n_red=1111:19:52 | INFO |     step 30000  loss=0.7774  grp_sp=0.000  n_imp=37008  n_red=1111:26:03 | INFO |     step 30200  loss=0.7797  grp_sp=0.000  n_imp=37008  n_red=1111:32:13 | INFO |     step 30400  loss=0.7814  grp_sp=0.000  n_imp=37008  n_red=1111:38:20 | INFO |     step 30600  loss=0.7847  grp_sp=0.000  n_imp=37008  n_red=1111:44:32 | INFO |     step 30800  loss=0.7852  grp_sp=0.000  n_imp=37008  n_red=1111:50:42 | INFO |     step 31000  loss=0.7864  grp_sp=0.000  n_imp=37008  n_red=1111:56:49 | INFO |     step 31200  loss=0.7857  grp_sp=0.000  n_imp=37008  n_red=1112:03:04 | INFO |     step 31400  loss=0.7854  grp_sp=0.000  n_imp=37008  n_red=1212:09:14 | INFO |     step 31600  loss=0.7848  grp_sp=0.000  n_imp=37008  n_red=1212:15:23 | INFO |     step 31800  loss=0.7871  grp_sp=0.000  n_imp=37008  n_red=1212:21:32 | INFO |     step 32000  loss=0.7885  grp_sp=0.000  n_imp=37008  n_red=1212:27:36 | INFO |     step 32200  loss=0.7887  grp_sp=0.000  n_imp=37008  n_red=1212:33:44 | INFO |     step 32400  loss=0.7892  grp_sp=0.000  n_imp=37008  n_red=1212:39:55 | INFO |     step 32600  loss=0.7902  grp_sp=0.000  n_imp=37008  n_red=1212:46:05 | INFO |     step 32800  loss=0.7904  grp_sp=0.000  n_imp=37008  n_red=1212:52:12 | INFO |     step 33000  loss=0.7917  grp_sp=0.000  n_imp=37008  n_red=1212:58:20 | INFO |     step 33200  loss=0.7923  grp_sp=0.000  n_imp=37008  n_red=1313:04:29 | INFO |     step 33400  loss=0.7925  grp_sp=0.000  n_imp=37008  n_red=1313:10:40 | INFO |     step 33600  loss=0.7935  grp_sp=0.000  n_imp=37008  n_red=1313:16:52 | INFO |     step 33800  loss=0.7934  grp_sp=0.000  n_imp=37008  n_red=1313:23:04 | INFO |     step 34000  loss=0.7937  grp_sp=0.000  n_imp=37008  n_red=1313:29:12 | INFO |     step 34200  loss=0.7943  grp_sp=0.000  n_imp=37008  n_red=1313:35:23 | INFO |     step 34400  loss=0.7951  grp_sp=0.000  n_imp=37008  n_red=1313:41:31 | INFO |     step 34600  loss=0.7963  grp_sp=0.000  n_imp=37008  n_red=1313:47:36 | INFO |     step 34800  loss=0.7971  grp_sp=0.000  n_imp=37008  n_red=1313:53:50 | INFO |     step 35000  loss=0.7974  grp_sp=0.000  n_imp=37008  n_red=1313:59:57 | INFO |     step 35200  loss=0.7982  grp_sp=0.000  n_imp=37008  n_red=1414:06:06 | INFO |     step 35400  loss=0.7990  grp_sp=0.000  n_imp=37008  n_red=1414:12:15 | INFO |     step 35600  loss=0.7991  grp_sp=0.000  n_imp=37008  n_red=1414:18:21 | INFO |     step 35800  loss=0.7990  grp_sp=0.000  n_imp=37008  n_red=1414:24:30 | INFO |     step 36000  loss=0.8002  grp_sp=0.000  n_imp=37008  n_red=1414:30:36 | INFO |     step 36200  loss=0.8006  grp_sp=0.000  n_imp=37008  n_red=1414:36:45 | INFO |     step 36400  loss=0.7998  grp_sp=0.000  n_imp=37008  n_red=1414:42:53 | INFO |     step 36600  loss=0.8001  grp_sp=0.000  n_imp=37008  n_red=1414:48:59 | INFO |     step 36800  loss=0.8010  grp_sp=0.000  n_imp=37008  n_red=1414:55:12 | INFO |     step 37000  loss=0.8016  grp_sp=0.000  n_imp=37008  n_red=1415:01:23 | INFO |     step 37200  loss=0.8013  grp_sp=0.000  n_imp=37008  n_red=1515:07:28 | INFO |     step 37400  loss=0.8020  grp_sp=0.000  n_imp=37008  n_red=1515:13:42 | INFO |     step 37600  loss=0.8027  grp_sp=0.000  n_imp=37008  n_red=1515:19:53 | INFO |     step 37800  loss=0.8041  grp_sp=0.000  n_imp=37008  n_red=1515:26:05 | INFO |     step 38000  loss=0.8048  grp_sp=0.000  n_imp=37008  n_red=1515:32:17 | INFO |     step 38200  loss=0.8054  grp_sp=0.000  n_imp=37008  n_red=1515:38:28 | INFO |     step 38400  loss=0.8068  grp_sp=0.000  n_imp=37008  n_red=1515:44:34 | INFO |     step 38600  loss=0.8069  grp_sp=0.000  n_imp=37008  n_red=1515:50:41 | INFO |     step 38800  loss=0.8078  grp_sp=0.000  n_imp=37008  n_red=1515:56:45 | INFO |     step 39000  loss=0.8083  grp_sp=0.000  n_imp=37008  n_red=1516:02:52 | INFO |     step 39200  loss=0.8096  grp_sp=0.000  n_imp=37008  n_red=1616:08:59 | INFO |     step 39400  loss=0.8104  grp_sp=0.000  n_imp=37008  n_red=1616:15:12 | INFO |     step 39600  loss=0.8108  grp_sp=0.000  n_imp=37008  n_red=1616:21:25 | INFO |     step 39800  loss=0.8111  grp_sp=0.000  n_imp=37008  n_red=1616:27:37 | INFO |     step 40000  loss=0.8121  grp_sp=0.000  n_imp=37008  n_red=1616:33:41 | INFO |     step 40200  loss=0.8134  grp_sp=0.000  n_imp=37008  n_red=1616:39:48 | INFO |     step 40400  loss=0.8134  grp_sp=0.000  n_imp=37008  n_red=1616:45:58 | INFO |     step 40600  loss=0.8145  grp_sp=0.000  n_imp=37008  n_red=1616:52:04 | INFO |     step 40800  loss=0.8147  grp_sp=0.000  n_imp=37008  n_red=1616:58:08 | INFO |     step 41000  loss=0.8154  grp_sp=0.000  n_imp=37008  n_red=1717:04:10 | INFO |     step 41200  loss=0.8162  grp_sp=0.000  n_imp=37008  n_red=17:06:45 | INFO |     step 41400  loss=0.8165  grp_sp=0.000  n_imp=37008  n_red=0
