[gpu] selected GPU 2 (util=31%, mem=9514MiB)
18:48:36 | INFO | [log] ./results/phase5_20260427_184836.log
18:48:36 | INFO | [env] torch=2.5.1+cu121  device=cuda
18:48:36 | INFO | [cfg] sparsity=[0.1]  epochs=10  bs=4  lr=3e-05  lr_quant=0.0001  br=1  P=6  Kp=6  seed=42
18:48:43 | INFO | [DATA] raw train=87599  raw val=10570
18:48:43 | INFO | [DATA] train features=88524  val features=10784
18:48:43 | INFO | 
============================================================
18:48:43 | INFO |   EXPERIMENT: sparsity=0.1  tag=B3_full_sp10
18:48:43 | INFO | ============================================================
18:48:43 | INFO | [M1] loading BERT QA
18:48:46 | INFO | [M2] quantize wrap + STE fix
2026-04-27 18:48:46,201 - quant_fix - INFO - STE fix applied to SymQuantizerNonLinear and SymQuantizerLinear
2026-04-27 18:48:48,655 - only_train_once.quantization.quant_model - INFO - Converted 73 layers to quantized versions
18:48:49 | INFO | [CALIB] running 8 batches of bs=4
18:48:51 | INFO | [calib] 8 batches over 73 layers  (skipped=0)  num_bits=16  safety=1.05
18:48:51 | INFO | [calib] observed max|x|: min=2.665  median=14.866  max=137.556
18:48:51 | INFO | [M3] building OTO graph
/home/h24116081/miniconda3/lib/python3.13/site-packages/transformers/modeling_attn_mask_utils.py:196: TracerWarning: torch.tensor results are registered as constants in the trace. You can safely ignore this warning if you use this function to create tensors out of constant variables that would be the same every time you call this function. In any other case, this might cause the trace to be incorrect.
  inverted_mask = torch.tensor(1.0, dtype=dtype) - expanded_mask
/home/h24116081/GETA reprocution/GETA-reproduction/geta/only_train_once/quantization/quant_layers.py:334: TracerWarning: torch.tensor results are registered as constants in the trace. You can safely ignore this warning if you use this function to create tensors out of constant variables that would be the same every time you call this function. In any other case, this might cause the trace to be incorrect.
  weight_clip_val = torch.tensor(self.weight_clip_val, device=weight.device)
/home/h24116081/GETA reprocution/GETA-reproduction/geta/only_train_once/quantization/quant_layers.py:335: TracerWarning: torch.tensor results are registered as constants in the trace. You can safely ignore this warning if you use this function to create tensors out of constant variables that would be the same every time you call this function. In any other case, this might cause the trace to be incorrect.
  q_s = torch.tensor(0.0, device=weight.device)
/home/h24116081/GETA reprocution/GETA-reproduction/geta/only_train_once/quantization/quant_layers.py:361: TracerWarning: torch.tensor results are registered as constants in the trace. You can safely ignore this warning if you use this function to create tensors out of constant variables that would be the same every time you call this function. In any other case, this might cause the trace to be incorrect.
  activation_clip_val = torch.tensor(self.act_clip_val, device=activation.device)
/home/h24116081/GETA reprocution/GETA-reproduction/geta/only_train_once/quantization/quant_layers.py:362: TracerWarning: torch.tensor results are registered as constants in the trace. You can safely ignore this warning if you use this function to create tensors out of constant variables that would be the same every time you call this function. In any other case, this might cause the trace to be incorrect.
  q_s = torch.tensor(0.0, device=activation.device)
OTO graph constructor
graph build
NodePattern mul None
NodePattern transpose None
NodePattern matmul None
Post-processing of graph completed.
Graph has 1102 nodes and 1177 edges.
18:51:24 | INFO | [SCHED] steps/epoch=22131  total=221310  start_prune=110655 (5.00 ep)  prune_steps=184425 (8.33 ep)  prune_periods=6  proj_periods=6  proj_steps=110655 (5.00 ep)
18:51:24 | INFO | [BIT]   min_bit_wt=4  max_bit_wt=16  bit_reduction=1  calib_num_bits=16
18:51:24 | INFO | [LR]    scheduler=linear  warmup_ratio=0.1  lr=3e-05  lr_quant=0.0001
18:51:24 | INFO | [M4] building GETA optimizer
2026-04-27 18:51:24,982 - GETA - INFO - Setup GETA
2026-04-27 18:51:24,982 - GETA - INFO - importance_score_criteria: {'magnitude': 0.2, 'avg_magnitude': 0.2, 'cosine_similarity': 0.2, 'taylor_first_order': 0.2, 'taylor_second_order': 0.2}
2026-04-27 18:51:24,982 - GETA - INFO - start_projection_step: 0
2026-04-27 18:51:24,982 - GETA - INFO - projection_steps: 110655
2026-04-27 18:51:24,982 - GETA - INFO - projection_periods: 6
2026-04-27 18:51:24,983 - GETA - INFO - start_pruning_step: 110655
2026-04-27 18:51:24,983 - GETA - INFO - pruning_steps: 184425
2026-04-27 18:51:24,983 - GETA - INFO - pruning_periods: 6
2026-04-27 18:51:24,983 - GETA - INFO - pruning_period_duration: 30737
2026-04-27 18:51:24,987 - GETA - INFO - Target redundant groups per period: [616, 616, 616, 616, 616, 620]
18:51:24 | INFO | [M4] GETA optimizer built, 26 param groups
18:51:24 | INFO | [LR] linear schedule warmup=22131 decay over 199179
18:51:24 | INFO | [TRAIN] starting
18:56:58 | INFO |     step 200  loss=5.8952  grp_sp=0.000  n_imp=37008  n_red=0
19:02:39 | INFO |     step 400  loss=5.8748  grp_sp=0.000  n_imp=37008  n_red=0
19:09:35 | INFO |     step 600  loss=5.8065  grp_sp=0.000  n_imp=37008  n_red=0
19:16:42 | INFO |     step 800  loss=5.6481  grp_sp=0.000  n_imp=37008  n_red=0
19:23:28 | INFO |     step 1000  loss=5.4707  grp_sp=0.000  n_imp=37008  n_red=0
19:30:12 | INFO |     step 1200  loss=5.3177  grp_sp=0.000  n_imp=37008  n_red=0
19:37:00 | INFO |     step 1400  loss=5.1569  grp_sp=0.000  n_imp=37008  n_red=0
19:43:44 | INFO |     step 1600  loss=5.0029  grp_sp=0.000  n_imp=37008  n_red=0
19:50:41 | INFO |     step 1800  loss=4.8435  grp_sp=0.000  n_imp=37008  n_red=0
19:57:19 | INFO |     step 2000  loss=4.6595  grp_sp=0.000  n_imp=37008  n_red=0
20:03:54 | INFO |     step 2200  loss=4.4887  grp_sp=0.000  n_imp=37008  n_red=0
20:10:24 | INFO |     step 2400  loss=4.3335  grp_sp=0.000  n_imp=37008  n_red=0
20:16:12 | INFO |     step 2600  loss=4.1931  grp_sp=0.000  n_imp=37008  n_red=0
20:22:39 | INFO |     step 2800  loss=4.0614  grp_sp=0.000  n_imp=37008  n_red=0
20:29:20 | INFO |     step 3000  loss=3.9479  grp_sp=0.000  n_imp=37008  n_red=0
20:36:12 | INFO |     step 3200  loss=3.8427  grp_sp=0.000  n_imp=37008  n_red=0
20:42:47 | INFO |     step 3400  loss=3.7441  grp_sp=0.000  n_imp=37008  n_red=0
20:50:34 | INFO |     step 3600  loss=3.6520  grp_sp=0.000  n_imp=37008  n_red=0
20:58:50 | INFO |     step 3800  loss=3.5679  grp_sp=0.000  n_imp=37008  n_red=0
21:06:00 | INFO |     step 4000  loss=3.4845  grp_sp=0.000  n_imp=37008  n_red=0
21:14:20 | INFO |     step 4200  loss=3.4075  grp_sp=0.000  n_imp=37008  n_red=0
21:21:46 | INFO |     step 4400  loss=3.3303  grp_sp=0.000  n_imp=37008  n_red=0
21:29:49 | INFO |     step 4600  loss=3.2622  grp_sp=0.000  n_imp=37008  n_red=0
21:37:26 | INFO |     step 4800  loss=3.1997  grp_sp=0.000  n_imp=37008  n_red=0
21:44:56 | INFO |     step 5000  loss=3.1387  grp_sp=0.000  n_imp=37008  n_red=0
21:52:26 | INFO |     step 5200  loss=3.0793  grp_sp=0.000  n_imp=37008  n_red=0
21:59:00 | INFO |     step 5400  loss=3.0268  grp_sp=0.000  n_imp=37008  n_red=0
22:04:48 | INFO |     step 5600  loss=2.9772  grp_sp=0.000  n_imp=37008  n_red=0
22:10:32 | INFO |     step 5800  loss=2.9267  grp_sp=0.000  n_imp=37008  n_red=0
22:16:10 | INFO |     step 6000  loss=2.8837  grp_sp=0.000  n_imp=37008  n_red=0
22:21:49 | INFO |     step 6200  loss=2.8372  grp_sp=0.000  n_imp=37008  n_red=0
22:28:22 | INFO |     step 6400  loss=2.7978  grp_sp=0.000  n_imp=37008  n_red=0
22:35:02 | INFO |     step 6600  loss=2.7611  grp_sp=0.000  n_imp=37008  n_red=0
22:41:36 | INFO |     step 6800  loss=2.7232  grp_sp=0.000  n_imp=37008  n_red=0
22:48:20 | INFO |     step 7000  loss=2.6888  grp_sp=0.000  n_imp=37008  n_red=0
22:53:59 | INFO |     step 7200  loss=2.6530  grp_sp=0.000  n_imp=37008  n_red=0
22:58:55 | INFO |     step 7400  loss=2.6202  grp_sp=0.000  n_imp=37008  n_red=0
23:04:00 | INFO |     step 7600  loss=2.5870  grp_sp=0.000  n_imp=37008  n_red=0
23:08:59 | INFO |     step 7800  loss=2.5584  grp_sp=0.000  n_imp=37008  n_red=0
23:13:54 | INFO |     step 8000  loss=2.5300  grp_sp=0.000  n_imp=37008  n_red=0
23:18:47 | INFO |     step 8200  loss=2.5026  grp_sp=0.000  n_imp=37008  n_red=0
23:23:39 | INFO |     step 8400  loss=2.4758  grp_sp=0.000  n_imp=37008  n_red=0
23:28:34 | INFO |     step 8600  loss=2.4501  grp_sp=0.000  n_imp=37008  n_red=0
23:33:18 | INFO |     step 8800  loss=2.4240  grp_sp=0.000  n_imp=37008  n_red=0
23:38:15 | INFO |     step 9000  loss=2.3995  grp_sp=0.000  n_imp=37008  n_red=0
23:43:12 | INFO |     step 9200  loss=2.3774  grp_sp=0.000  n_imp=37008  n_red=0
23:48:17 | INFO |     step 9400  loss=2.3569  grp_sp=0.000  n_imp=37008  n_red=0
23:53:17 | INFO |     step 9600  loss=2.3361  grp_sp=0.000  n_imp=37008  n_red=0
23:58:04 | INFO |     step 9800  loss=2.3153  grp_sp=0.000  n_imp=37008  n_red=0
00:03:07 | INFO |     step 10000  loss=2.2945  grp_sp=0.000  n_imp=37008  n_red=0
00:08:04 | INFO |     step 10200  loss=2.2749  grp_sp=0.000  n_imp=37008  n_red=0
00:13:06 | INFO |     step 10400  loss=2.2555  grp_sp=0.000  n_imp=37008  n_red=0
00:19:27 | INFO |     step 10600  loss=2.2370  grp_sp=0.000  n_imp=37008  n_red=0
00:28:22 | INFO |     step 10800  loss=2.2180  grp_sp=0.000  n_imp=37008  n_red=0
00:37:05 | INFO |     step 11000  loss=2.2021  grp_sp=0.000  n_imp=37008  n_red=0
00:45:47 | INFO |     step 11200  loss=2.1857  grp_sp=0.000  n_imp=37008  n_red=0
00:54:30 | INFO |     step 11400  loss=2.1689  grp_sp=0.000  n_imp=37008  n_red=0
01:03:16 | INFO |     step 11600  loss=2.1532  grp_sp=0.000  n_imp=37008  n_red=0
01:12:07 | INFO |     step 11800  loss=2.1373  grp_sp=0.000  n_imp=37008  n_red=0
01:20:59 | INFO |     step 12000  loss=2.1228  grp_sp=0.000  n_imp=37008  n_red=0
01:30:03 | INFO |     step 12200  loss=2.1091  grp_sp=0.000  n_imp=37008  n_red=0
01:39:19 | INFO |     step 12400  loss=2.0950  grp_sp=0.000  n_imp=37008  n_red=0
01:48:09 | INFO |     step 12600  loss=2.0822  grp_sp=0.000  n_imp=37008  n_red=0
01:57:23 | INFO |     step 12800  loss=2.0669  grp_sp=0.000  n_imp=37008  n_red=0
02:06:43 | INFO |     step 13000  loss=2.0536  grp_sp=0.000  n_imp=37008  n_red=0
02:15:54 | INFO |     step 13200  loss=2.0416  grp_sp=0.000  n_imp=37008  n_red=0
02:24:25 | INFO |     step 13400  loss=2.0295  grp_sp=0.000  n_imp=37008  n_red=0
02:33:36 | INFO |     step 13600  loss=2.0167  grp_sp=0.000  n_imp=37008  n_red=0
02:42:18 | INFO |     step 13800  loss=2.0058  grp_sp=0.000  n_imp=37008  n_red=0
02:51:34 | INFO |     step 14000  loss=1.9945  grp_sp=0.000  n_imp=37008  n_red=0
03:00:59 | INFO |     step 14200  loss=1.9823  grp_sp=0.000  n_imp=37008  n_red=0
03:10:10 | INFO |     step 14400  loss=1.9716  grp_sp=0.000  n_imp=37008  n_red=0
03:19:24 | INFO |     step 14600  loss=1.9609  grp_sp=0.000  n_imp=37008  n_red=0
03:28:43 | INFO |     step 14800  loss=1.9512  grp_sp=0.000  n_imp=37008  n_red=0
03:37:45 | INFO |     step 15000  loss=1.9405  grp_sp=0.000  n_imp=37008  n_red=0
03:46:42 | INFO |     step 15200  loss=1.9304  grp_sp=0.000  n_imp=37008  n_red=0
03:51:42 | INFO |     step 15400  loss=1.9221  grp_sp=0.000  n_imp=37008  n_red=0
03:56:27 | INFO |     step 15600  loss=1.9133  grp_sp=0.000  n_imp=37008  n_red=0
04:00:52 | INFO |     step 15800  loss=1.9051  grp_sp=0.000  n_imp=37008  n_red=0
04:05:01 | INFO |     step 16000  loss=1.8967  grp_sp=0.000  n_imp=37008  n_red=0
04:09:39 | INFO |     step 16200  loss=1.8879  grp_sp=0.000  n_imp=37008  n_red=0
04:14:02 | INFO |     step 16400  loss=1.8798  grp_sp=0.000  n_imp=37008  n_red=0
04:18:47 | INFO |     step 16600  loss=1.8715  grp_sp=0.000  n_imp=37008  n_red=0
04:23:45 | INFO |     step 16800  loss=1.8634  grp_sp=0.000  n_imp=37008  n_red=0
04:28:35 | INFO |     step 17000  loss=1.8555  grp_sp=0.000  n_imp=37008  n_red=0
04:33:18 | INFO |     step 17200  loss=1.8475  grp_sp=0.000  n_imp=37008  n_red=0
04:38:14 | INFO |     step 17400  loss=1.8391  grp_sp=0.000  n_imp=37008  n_red=0
04:42:54 | INFO |     step 17600  loss=1.8322  grp_sp=0.000  n_imp=37008  n_red=0
04:47:15 | INFO |     step 17800  loss=1.8249  grp_sp=0.000  n_imp=37008  n_red=0
04:51:49 | INFO |     step 18000  loss=1.8175  grp_sp=0.000  n_imp=37008  n_red=0
04:56:07 | INFO |     step 18200  loss=1.8101  grp_sp=0.000  n_imp=37008  n_red=0
05:00:43 | INFO |     step 18400  loss=1.8025  grp_sp=0.000  n_imp=37008  n_red=0
05:05:15 | INFO |     step 18600  loss=1.7943  grp_sp=0.000  n_imp=37008  n_red=0
05:09:37 | INFO |     step 18800  loss=1.7872  grp_sp=0.000  n_imp=37008  n_red=0
05:14:11 | INFO |     step 19000  loss=1.7812  grp_sp=0.000  n_imp=37008  n_red=0
05:18:35 | INFO |     step 19200  loss=1.7758  grp_sp=0.000  n_imp=37008  n_red=0
05:23:12 | INFO |     step 19400  loss=1.7703  grp_sp=0.000  n_imp=37008  n_red=0
05:27:49 | INFO |     step 19600  loss=1.7646  grp_sp=0.000  n_imp=37008  n_red=0
05:32:39 | INFO |     step 19800  loss=1.7586  grp_sp=0.000  n_imp=37008  n_red=0
05:37:18 | INFO |     step 20000  loss=1.7533  grp_sp=0.000  n_imp=37008  n_red=0
05:41:47 | INFO |     step 20200  loss=1.7481  grp_sp=0.000  n_imp=37008  n_red=0
05:46:22 | INFO |     step 20400  loss=1.7425  grp_sp=0.000  n_imp=37008  n_red=0
05:50:55 | INFO |     step 20600  loss=1.7365  grp_sp=0.000  n_imp=37008  n_red=0
05:55:26 | INFO |     step 20800  loss=1.7307  grp_sp=0.000  n_imp=37008  n_red=0
05:59:36 | INFO |     step 21000  loss=1.7256  grp_sp=0.000  n_imp=37008  n_red=0
06:03:49 | INFO |     step 21200  loss=1.7207  grp_sp=0.000  n_imp=37008  n_red=0
06:07:53 | INFO |     step 21400  loss=1.7157  grp_sp=0.000  n_imp=37008  n_red=0
06:12:21 | INFO |     step 21600  loss=1.7115  grp_sp=0.000  n_imp=37008  n_red=0
06:16:51 | INFO |     step 21800  loss=1.7065  grp_sp=0.000  n_imp=37008  n_red=0
06:21:20 | INFO |     step 22000  loss=1.7021  grp_sp=0.000  n_imp=37008  n_red=0
06:31:06 | INFO | [EPOCH 1/10] loss=1.6994  grp_sp=0.000  EM=75.20  F1=83.84  elapsed=692.9min
06:32:46 | INFO |     step 22200  loss=0.9026  grp_sp=0.000  n_imp=37008  n_red=0
06:37:49 | INFO |     step 22400  loss=0.9176  grp_sp=0.000  n_imp=37008  n_red=0
06:42:38 | INFO |     step 22600  loss=0.9096  grp_sp=0.000  n_imp=37008  n_red=0
06:47:32 | INFO |     step 22800  loss=0.9191  grp_sp=0.000  n_imp=37008  n_red=0
06:52:24 | INFO |     step 23000  loss=0.9489  grp_sp=0.000  n_imp=37008  n_red=0
06:57:53 | INFO |     step 23200  loss=0.9556  grp_sp=0.000  n_imp=37008  n_red=0
07:03:14 | INFO |     step 23400  loss=0.9574  grp_sp=0.000  n_imp=37008  n_red=0
07:08:26 | INFO |     step 23600  loss=0.9617  grp_sp=0.000  n_imp=37008  n_red=0
07:11:27 | INFO |     step 23800  loss=0.9600  grp_sp=0.000  n_imp=37008  n_red=0
07:14:34 | INFO |     step 24000  loss=0.9538  grp_sp=0.000  n_imp=37008  n_red=0
07:17:42 | INFO |     step 24200  loss=0.9581  grp_sp=0.000  n_imp=37008  n_red=0
07:20:44 | INFO |     step 24400  loss=0.9596  grp_sp=0.000  n_imp=37008  n_red=0
07:23:26 | INFO |     step 24600  loss=0.9606  grp_sp=0.000  n_imp=37008  n_red=0
07:25:28 | INFO |     step 24800  loss=0.9618  grp_sp=0.000  n_imp=37008  n_red=0
07:27:21 | INFO |     step 25000  loss=0.9655  grp_sp=0.000  n_imp=37008  n_red=0
07:29:15 | INFO |     step 25200  loss=0.9652  grp_sp=0.000  n_imp=37008  n_red=0
07:31:06 | INFO |     step 25400  loss=0.9649  grp_sp=0.000  n_imp=37008  n_red=0
07:33:00 | INFO |     step 25600  loss=0.9659  grp_sp=0.000  n_imp=37008  n_red=0
07:34:54 | INFO |     step 25800  loss=0.9648  grp_sp=0.000  n_imp=37008  n_red=0
07:36:48 | INFO |     step 26000  loss=0.9668  grp_sp=0.000  n_imp=37008  n_red=0
07:38:38 | INFO |     step 26200  loss=0.9649  grp_sp=0.000  n_imp=37008  n_red=0
07:40:30 | INFO |     step 26400  loss=0.9635  grp_sp=0.000  n_imp=37008  n_red=0
07:42:22 | INFO |     step 26600  loss=0.9635  grp_sp=0.000  n_imp=37008  n_red=0
07:44:17 | INFO |     step 26800  loss=0.9642  grp_sp=0.000  n_imp=37008  n_red=0
07:51:20 | INFO |     step 27000  loss=0.9675  grp_sp=0.000  n_imp=37008  n_red=0
08:05:45 | INFO |     step 27200  loss=0.9653  grp_sp=0.000  n_imp=37008  n_red=0
08:20:00 | INFO |     step 27400  loss=0.9636  grp_sp=0.000  n_imp=37008  n_red=0
08:28:36 | INFO |     step 27600  loss=0.9621  grp_sp=0.000  n_imp=37008  n_red=0
08:37:13 | INFO |     step 27800  loss=0.9627  grp_sp=0.000  n_imp=37008  n_red=0
08:45:48 | INFO |     step 28000  loss=0.9660  grp_sp=0.000  n_imp=37008  n_red=0
08:54:32 | INFO |     step 28200  loss=0.9661  grp_sp=0.000  n_imp=37008  n_red=0
09:03:21 | INFO |     step 28400  loss=0.9648  grp_sp=0.000  n_imp=37008  n_red=0
09:11:57 | INFO |     step 28600  loss=0.9654  grp_sp=0.000  n_imp=37008  n_red=0
09:20:30 | INFO |     step 28800  loss=0.9648  grp_sp=0.000  n_imp=37008  n_red=0
09:28:43 | INFO |     step 29000  loss=0.9644  grp_sp=0.000  n_imp=37008  n_red=0
09:30:33 | INFO |     step 29200  loss=0.9651  grp_sp=0.000  n_imp=37008  n_red=0
09:32:23 | INFO |     step 29400  loss=0.9629  grp_sp=0.000  n_imp=37008  n_red=0
09:34:12 | INFO |     step 29600  loss=0.9636  grp_sp=0.000  n_imp=37008  n_red=0
09:36:01 | INFO |     step 29800  loss=0.9626  grp_sp=0.000  n_imp=37008  n_red=0
09:37:50 | INFO |     step 30000  loss=0.9623  grp_sp=0.000  n_imp=37008  n_red=0
09:39:42 | INFO |     step 30200  loss=0.9635  grp_sp=0.000  n_imp=37008  n_red=0
09:41:31 | INFO |     step 30400  loss=0.9634  grp_sp=0.000  n_imp=37008  n_red=0
09:43:17 | INFO |     step 30600  loss=0.9661  grp_sp=0.000  n_imp=37008  n_red=0
09:45:10 | INFO |     step 30800  loss=0.9661  grp_sp=0.000  n_imp=37008  n_red=0
09:46:55 | INFO |     step 31000  loss=0.9664  grp_sp=0.000  n_imp=37008  n_red=0
09:48:47 | INFO |     step 31200  loss=0.9660  grp_sp=0.000  n_imp=37008  n_red=0
09:50:40 | INFO |     step 31400  loss=0.9650  grp_sp=0.000  n_imp=37008  n_red=0
09:52:29 | INFO |     step 31600  loss=0.9637  grp_sp=0.000  n_imp=37008  n_red=0
09:54:20 | INFO |     step 31800  loss=0.9647  grp_sp=0.000  n_imp=37008  n_red=0
09:56:12 | INFO |     step 32000  loss=0.9648  grp_sp=0.000  n_imp=37008  n_red=0
09:58:00 | INFO |     step 32200  loss=0.9653  grp_sp=0.000  n_imp=37008  n_red=0
09:59:51 | INFO |     step 32400  loss=0.9647  grp_sp=0.000  n_imp=37008  n_red=0
10:01:44 | INFO |     step 32600  loss=0.9659  grp_sp=0.000  n_imp=37008  n_red=0
10:03:35 | INFO |     step 32800  loss=0.9649  grp_sp=0.000  n_imp=37008  n_red=0
10:05:27 | INFO |     step 33000  loss=0.9653  grp_sp=0.000  n_imp=37008  n_red=0
10:07:19 | INFO |     step 33200  loss=0.9652  grp_sp=0.000  n_imp=37008  n_red=0
10:09:07 | INFO |     step 33400  loss=0.9643  grp_sp=0.000  n_imp=37008  n_red=0
10:10:58 | INFO |     step 33600  loss=0.9648  grp_sp=0.000  n_imp=37008  n_red=0
10:12:50 | INFO |     step 33800  loss=0.9651  grp_sp=0.000  n_imp=37008  n_red=0
10:14:39 | INFO |     step 34000  loss=0.9650  grp_sp=0.000  n_imp=37008  n_red=0
10:16:33 | INFO |     step 34200  loss=0.9646  grp_sp=0.000  n_imp=37008  n_red=0
10:18:25 | INFO |     step 34400  loss=0.9650  grp_sp=0.000  n_imp=37008  n_red=0
10:20:13 | INFO |     step 34600  loss=0.9658  grp_sp=0.000  n_imp=37008  n_red=0
10:22:05 | INFO |     step 34800  loss=0.9656  grp_sp=0.000  n_imp=37008  n_red=0
10:23:53 | INFO |     step 35000  loss=0.9655  grp_sp=0.000  n_imp=37008  n_red=0
10:25:41 | INFO |     step 35200  loss=0.9654  grp_sp=0.000  n_imp=37008  n_red=0
10:27:32 | INFO |     step 35400  loss=0.9659  grp_sp=0.000  n_imp=37008  n_red=0
10:29:24 | INFO |     step 35600  loss=0.9659  grp_sp=0.000  n_imp=37008  n_red=0
10:31:12 | INFO |     step 35800  loss=0.9658  grp_sp=0.000  n_imp=37008  n_red=0
10:33:06 | INFO |     step 36000  loss=0.9665  grp_sp=0.000  n_imp=37008  n_red=0
10:34:57 | INFO |     step 36200  loss=0.9665  grp_sp=0.000  n_imp=37008  n_red=0
10:36:51 | INFO |     step 36400  loss=0.9659  grp_sp=0.000  n_imp=37008  n_red=0
10:38:39 | INFO |     step 36600  loss=0.9658  grp_sp=0.000  n_imp=37008  n_red=0
10:40:31 | INFO |     step 36800  loss=0.9664  grp_sp=0.000  n_imp=37008  n_red=0
10:42:22 | INFO |     step 37000  loss=0.9663  grp_sp=0.000  n_imp=37008  n_red=0
10:44:15 | INFO |     step 37200  loss=0.9649  grp_sp=0.000  n_imp=37008  n_red=0
10:46:05 | INFO |     step 37400  loss=0.9644  grp_sp=0.000  n_imp=37008  n_red=0
10:47:57 | INFO |     step 37600  loss=0.9642  grp_sp=0.000  n_imp=37008  n_red=0
10:49:45 | INFO |     step 37800  loss=0.9644  grp_sp=0.000  n_imp=37008  n_red=0
10:51:38 | INFO |     step 38000  loss=0.9644  grp_sp=0.000  n_imp=37008  n_red=0
10:53:30 | INFO |     step 38200  loss=0.9639  grp_sp=0.000  n_imp=37008  n_red=0
10:55:24 | INFO |     step 38400  loss=0.9647  grp_sp=0.000  n_imp=37008  n_red=0
10:57:11 | INFO |     step 38600  loss=0.9638  grp_sp=0.000  n_imp=37008  n_red=0
10:59:00 | INFO |     step 38800  loss=0.9643  grp_sp=0.000  n_imp=37008  n_red=0
11:00:56 | INFO |     step 39000  loss=0.9643  grp_sp=0.000  n_imp=37008  n_red=0
11:02:43 | INFO |     step 39200  loss=0.9645  grp_sp=0.000  n_imp=37008  n_red=0
11:04:35 | INFO |     step 39400  loss=0.9642  grp_sp=0.000  n_imp=37008  n_red=0
11:06:27 | INFO |     step 39600  loss=0.9638  grp_sp=0.000  n_imp=37008  n_red=0
11:08:21 | INFO |     step 39800  loss=0.9636  grp_sp=0.000  n_imp=37008  n_red=0
11:10:12 | INFO |     step 40000  loss=0.9639  grp_sp=0.000  n_imp=37008  n_red=0
11:12:05 | INFO |     step 40200  loss=0.9645  grp_sp=0.000  n_imp=37008  n_red=0
11:14:01 | INFO |     step 40400  loss=0.9637  grp_sp=0.000  n_imp=37008  n_red=0
11:16:02 | INFO |     step 40600  loss=0.9644  grp_sp=0.000  n_imp=37008  n_red=0
11:17:55 | INFO |     step 40800  loss=0.9639  grp_sp=0.000  n_imp=37008  n_red=0
11:19:46 | INFO |     step 41000  loss=0.9639  grp_sp=0.000  n_imp=37008  n_red=0
11:21:39 | INFO |     step 41200  loss=0.9638  grp_sp=0.000  n_imp=37008  n_red=0
11:23:26 | INFO |     step 41400  loss=0.9633  grp_sp=0.000  n_imp=37008  n_red=0
11:25:19 | INFO |     step 41600  loss=0.9625  grp_sp=0.000  n_imp=37008  n_red=0
11:27:11 | INFO |     step 41800  loss=0.9616  grp_sp=0.000  n_imp=37008  n_red=0
11:29:04 | INFO |     step 42000  loss=0.9617  grp_sp=0.000  n_imp=37008  n_red=0
11:30:53 | INFO |     step 42200  loss=0.9621  grp_sp=0.000  n_imp=37008  n_red=0
11:32:47 | INFO |     step 42400  loss=0.9628  grp_sp=0.000  n_imp=37008  n_red=0
11:34:40 | INFO |     step 42600  loss=0.9626  grp_sp=0.000  n_imp=37008  n_red=0
11:36:35 | INFO |     step 42800  loss=0.9620  grp_sp=0.000  n_imp=37008  n_red=0
11:38:28 | INFO |     step 43000  loss=0.9622  grp_sp=0.000  n_imp=37008  n_red=0
11:40:19 | INFO |     step 43200  loss=0.9622  grp_sp=0.000  n_imp=37008  n_red=0
11:42:07 | INFO |     step 43400  loss=0.9623  grp_sp=0.000  n_imp=37008  n_red=0
11:43:56 | INFO |     step 43600  loss=0.9620  grp_sp=0.000  n_imp=37008  n_red=0
11:45:53 | INFO |     step 43800  loss=0.9617  grp_sp=0.000  n_imp=37008  n_red=0
11:47:44 | INFO |     step 44000  loss=0.9623  grp_sp=0.000  n_imp=37008  n_red=0
11:49:36 | INFO |     step 44200  loss=0.9617  grp_sp=0.000  n_imp=37008  n_red=0
11:53:09 | INFO | [EPOCH 2/10] loss=0.9619  grp_sp=0.000  EM=79.00  F1=86.73  elapsed=1018.7min
11:54:23 | INFO |     step 44400  loss=0.5490  grp_sp=0.000  n_imp=37008  n_red=0
11:56:14 | INFO |     step 44600  loss=0.5697  grp_sp=0.000  n_imp=37008  n_red=0
11:58:05 | INFO |     step 44800  loss=0.5745  grp_sp=0.000  n_imp=37008  n_red=0
11:59:58 | INFO |     step 45000  loss=0.5739  grp_sp=0.000  n_imp=37008  n_red=0
12:01:47 | INFO |     step 45200  loss=0.5825  grp_sp=0.000  n_imp=37008  n_red=0
12:03:39 | INFO |     step 45400  loss=0.5923  grp_sp=0.000  n_imp=37008  n_red=0
12:05:28 | INFO |     step 45600  loss=0.6016  grp_sp=0.000  n_imp=37008  n_red=0
12:07:17 | INFO |     step 45800  loss=0.6051  grp_sp=0.000  n_imp=37008  n_red=0
12:09:07 | INFO |     step 46000  loss=0.6079  grp_sp=0.000  n_imp=37008  n_red=0
12:10:56 | INFO |     step 46200  loss=0.6043  grp_sp=0.000  n_imp=37008  n_red=0
12:12:48 | INFO |     step 46400  loss=0.6131  grp_sp=0.000  n_imp=37008  n_red=0
12:14:37 | INFO |     step 46600  loss=0.6123  grp_sp=0.000  n_imp=37008  n_red=0
12:16:27 | INFO |     step 46800  loss=0.6102  grp_sp=0.000  n_imp=37008  n_red=0
12:18:17 | INFO |     step 47000  loss=0.6134  grp_sp=0.000  n_imp=37008  n_red=0
12:20:07 | INFO |     step 47200  loss=0.6159  grp_sp=0.000  n_imp=37008  n_red=0
12:21:57 | INFO |     step 47400  loss=0.6155  grp_sp=0.000  n_imp=37008  n_red=0
12:23:47 | INFO |     step 47600  loss=0.6150  grp_sp=0.000  n_imp=37008  n_red=0
12:25:34 | INFO |     step 47800  loss=0.6163  grp_sp=0.000  n_imp=37008  n_red=0
12:27:24 | INFO |     step 48000  loss=0.6155  grp_sp=0.000  n_imp=37008  n_red=0
12:29:13 | INFO |     step 48200  loss=0.6126  grp_sp=0.000  n_imp=37008  n_red=0
12:31:02 | INFO |     step 48400  loss=0.6125  grp_sp=0.000  n_imp=37008  n_red=0
12:32:53 | INFO |     step 48600  loss=0.6114  grp_sp=0.000  n_imp=37008  n_red=0
12:34:46 | INFO |     step 48800  loss=0.6117  grp_sp=0.000  n_imp=37008  n_red=0
12:36:40 | INFO |     step 49000  loss=0.6113  grp_sp=0.000  n_imp=37008  n_red=0
12:38:34 | INFO |     step 49200  loss=0.6114  grp_sp=0.000  n_imp=37008  n_red=0
12:40:25 | INFO |     step 49400  loss=0.6121  grp_sp=0.000  n_imp=37008  n_red=0
12:42:14 | INFO |     step 49600  loss=0.6101  grp_sp=0.000  n_imp=37008  n_red=0
12:44:11 | INFO |     step 49800  loss=0.6106  grp_sp=0.000  n_imp=37008  n_red=0
12:46:03 | INFO |     step 50000  loss=0.6107  grp_sp=0.000  n_imp=37008  n_red=0
12:47:55 | INFO |     step 50200  loss=0.6120  grp_sp=0.000  n_imp=37008  n_red=0
12:49:45 | INFO |     step 50400  loss=0.6132  grp_sp=0.000  n_imp=37008  n_red=0
12:51:37 | INFO |     step 50600  loss=0.6149  grp_sp=0.000  n_imp=37008  n_red=0
12:53:30 | INFO |     step 50800  loss=0.6140  grp_sp=0.000  n_imp=37008  n_red=0
12:55:22 | INFO |     step 51000  loss=0.6144  grp_sp=0.000  n_imp=37008  n_red=0
12:57:12 | INFO |     step 51200  loss=0.6162  grp_sp=0.000  n_imp=37008  n_red=0
12:59:02 | INFO |     step 51400  loss=0.6163  grp_sp=0.000  n_imp=37008  n_red=0
13:00:57 | INFO |     step 51600  loss=0.6151  grp_sp=0.000  n_imp=37008  n_red=0
13:02:48 | INFO |     step 51800  loss=0.6174  grp_sp=0.000  n_imp=37008  n_red=0
13:04:40 | INFO |     step 52000  loss=0.6181  grp_sp=0.000  n_imp=37008  n_red=0
13:06:29 | INFO |     step 52200  loss=0.6180  grp_sp=0.000  n_imp=37008  n_red=0
13:08:21 | INFO |     step 52400  loss=0.6187  grp_sp=0.000  n_imp=37008  n_red=0
13:10:13 | INFO |     step 52600  loss=0.6195  grp_sp=0.000  n_imp=37008  n_red=0
13:12:06 | INFO |     step 52800  loss=0.6196  grp_sp=0.000  n_imp=37008  n_red=0
13:13:57 | INFO |     step 53000  loss=0.6195  grp_sp=0.000  n_imp=37008  n_red=0
13:15:47 | INFO |     step 53200  loss=0.6200  grp_sp=0.000  n_imp=37008  n_red=0
13:17:37 | INFO |     step 53400  loss=0.6200  grp_sp=0.000  n_imp=37008  n_red=0
13:19:29 | INFO |     step 53600  loss=0.6211  grp_sp=0.000  n_imp=37008  n_red=0
13:21:18 | INFO |     step 53800  loss=0.6215  grp_sp=0.000  n_imp=37008  n_red=0
13:23:06 | INFO |     step 54000  loss=0.6208  grp_sp=0.000  n_imp=37008  n_red=0
13:24:58 | INFO |     step 54200  loss=0.6212  grp_sp=0.000  n_imp=37008  n_red=0
13:26:49 | INFO |     step 54400  loss=0.6206  grp_sp=0.000  n_imp=37008  n_red=0
13:28:38 | INFO |     step 54600  loss=0.6228  grp_sp=0.000  n_imp=37008  n_red=0
13:30:29 | INFO |     step 54800  loss=0.6240  grp_sp=0.000  n_imp=37008  n_red=0
13:32:22 | INFO |     step 55000  loss=0.6238  grp_sp=0.000  n_imp=37008  n_red=0
13:34:11 | INFO |     step 55200  loss=0.6232  grp_sp=0.000  n_imp=37008  n_red=0
13:36:00 | INFO |     step 55400  loss=0.6236  grp_sp=0.000  n_imp=37008  n_red=0
13:37:50 | INFO |     step 55600  loss=0.6247  grp_sp=0.000  n_imp=37008  n_red=0
13:39:40 | INFO |     step 55800  loss=0.6248  grp_sp=0.000  n_imp=37008  n_red=0
13:41:33 | INFO |     step 56000  loss=0.6253  grp_sp=0.000  n_imp=37008  n_red=0
13:43:21 | INFO |     step 56200  loss=0.6248  grp_sp=0.000  n_imp=37008  n_red=0
13:45:13 | INFO |     step 56400  loss=0.6254  grp_sp=0.000  n_imp=37008  n_red=0
13:47:06 | INFO |     step 56600  loss=0.6260  grp_sp=0.000  n_imp=37008  n_red=0
13:48:57 | INFO |     step 56800  loss=0.6269  grp_sp=0.000  n_imp=37008  n_red=0
13:50:48 | INFO |     step 57000  loss=0.6271  grp_sp=0.000  n_imp=37008  n_red=0
13:52:36 | INFO |     step 57200  loss=0.6276  grp_sp=0.000  n_imp=37008  n_red=0
13:54:24 | INFO |     step 57400  loss=0.6279  grp_sp=0.000  n_imp=37008  n_red=0
13:56:13 | INFO |     step 57600  loss=0.6274  grp_sp=0.000  n_imp=37008  n_red=0
13:58:01 | INFO |     step 57800  loss=0.6275  grp_sp=0.000  n_imp=37008  n_red=0
13:59:50 | INFO |     step 58000  loss=0.6280  grp_sp=0.000  n_imp=37008  n_red=0
14:01:41 | INFO |     step 58200  loss=0.6287  grp_sp=0.000  n_imp=37008  n_red=0
14:03:34 | INFO |     step 58400  loss=0.6283  grp_sp=0.000  n_imp=37008  n_red=0
14:05:22 | INFO |     step 58600  loss=0.6298  grp_sp=0.000  n_imp=37008  n_red=0
14:07:10 | INFO |     step 58800  loss=0.6298  grp_sp=0.000  n_imp=37008  n_red=0
14:08:58 | INFO |     step 59000  loss=0.6298  grp_sp=0.000  n_imp=37008  n_red=0
14:10:49 | INFO |     step 59200  loss=0.6294  grp_sp=0.000  n_imp=37008  n_red=0
14:12:38 | INFO |     step 59400  loss=0.6303  grp_sp=0.000  n_imp=37008  n_red=0
14:14:26 | INFO |     step 59600  loss=0.6311  grp_sp=0.000  n_imp=37008  n_red=0
14:16:16 | INFO |     step 59800  loss=0.6304  grp_sp=0.000  n_imp=37008  n_red=0
14:18:06 | INFO |     step 60000  loss=0.6300  grp_sp=0.000  n_imp=37008  n_red=0
14:19:56 | INFO |     step 60200  loss=0.6306  grp_sp=0.000  n_imp=37008  n_red=0
14:21:45 | INFO |     step 60400  loss=0.6314  grp_sp=0.000  n_imp=37008  n_red=0
14:23:39 | INFO |     step 60600  loss=0.6325  grp_sp=0.000  n_imp=37008  n_red=0
14:25:32 | INFO |     step 60800  loss=0.6331  grp_sp=0.000  n_imp=37008  n_red=0
14:27:24 | INFO |     step 61000  loss=0.6331  grp_sp=0.000  n_imp=37008  n_red=0
14:29:17 | INFO |     step 61200  loss=0.6334  grp_sp=0.000  n_imp=37008  n_red=0
14:31:07 | INFO |     step 61400  loss=0.6338  grp_sp=0.000  n_imp=37008  n_red=0
14:32:58 | INFO |     step 61600  loss=0.6345  grp_sp=0.000  n_imp=37008  n_red=0
14:34:48 | INFO |     step 61800  loss=0.6352  grp_sp=0.000  n_imp=37008  n_red=0
14:36:40 | INFO |     step 62000  loss=0.6356  grp_sp=0.000  n_imp=37008  n_red=0
14:38:32 | INFO |     step 62200  loss=0.6353  grp_sp=0.000  n_imp=37008  n_red=0
14:40:23 | INFO |     step 62400  loss=0.6349  grp_sp=0.000  n_imp=37008  n_red=0
14:42:12 | INFO |     step 62600  loss=0.6351  grp_sp=0.000  n_imp=37008  n_red=0
14:44:05 | INFO |     step 62800  loss=0.6354  grp_sp=0.000  n_imp=37008  n_red=0
14:45:55 | INFO |     step 63000  loss=0.6358  grp_sp=0.000  n_imp=37008  n_red=0
14:47:47 | INFO |     step 63200  loss=0.6354  grp_sp=0.000  n_imp=37008  n_red=0
14:49:40 | INFO |     step 63400  loss=0.6361  grp_sp=0.000  n_imp=37008  n_red=0
14:51:31 | INFO |     step 63600  loss=0.6362  grp_sp=0.000  n_imp=37008  n_red=0
14:53:23 | INFO |     step 63800  loss=0.6359  grp_sp=0.000  n_imp=37008  n_red=0
14:55:14 | INFO |     step 64000  loss=0.6360  grp_sp=0.000  n_imp=37008  n_red=0
14:57:06 | INFO |     step 64200  loss=0.6360  grp_sp=0.000  n_imp=37008  n_red=0
14:58:58 | INFO |     step 64400  loss=0.6359  grp_sp=0.000  n_imp=37008  n_red=0
15:00:50 | INFO |     step 64600  loss=0.6364  grp_sp=0.000  n_imp=37008  n_red=0
15:02:41 | INFO |     step 64800  loss=0.6366  grp_sp=0.000  n_imp=37008  n_red=0
15:04:36 | INFO |     step 65000  loss=0.6371  grp_sp=0.000  n_imp=37008  n_red=0
15:06:30 | INFO |     step 65200  loss=0.6373  grp_sp=0.000  n_imp=37008  n_red=0
15:08:20 | INFO |     step 65400  loss=0.6374  grp_sp=0.000  n_imp=37008  n_red=0
15:10:14 | INFO |     step 65600  loss=0.6374  grp_sp=0.000  n_imp=37008  n_red=0
15:12:03 | INFO |     step 65800  loss=0.6377  grp_sp=0.000  n_imp=37008  n_red=0
15:13:55 | INFO |     step 66000  loss=0.6387  grp_sp=0.000  n_imp=37008  n_red=0
15:15:47 | INFO |     step 66200  loss=0.6393  grp_sp=0.000  n_imp=37008  n_red=0
15:20:39 | INFO | [EPOCH 3/10] loss=0.6391  grp_sp=0.000  EM=79.30  F1=87.06  elapsed=1226.2min
15:20:44 | INFO |     step 66400  loss=0.5242  grp_sp=0.000  n_imp=37008  n_red=0
15:22:37 | INFO |     step 66600  loss=0.3586  grp_sp=0.000  n_imp=37008  n_red=0
15:24:32 | INFO |     step 66800  loss=0.3681  grp_sp=0.000  n_imp=37008  n_red=0
15:26:23 | INFO |     step 67000  loss=0.3515  grp_sp=0.000  n_imp=37008  n_red=0
15:28:15 | INFO |     step 67200  loss=0.3636  grp_sp=0.000  n_imp=37008  n_red=0
15:30:08 | INFO |     step 67400  loss=0.3713  grp_sp=0.000  n_imp=37008  n_red=0
15:31:59 | INFO |     step 67600  loss=0.3817  grp_sp=0.000  n_imp=37008  n_red=0
15:33:53 | INFO |     step 67800  loss=0.3830  grp_sp=0.000  n_imp=37008  n_red=0
15:35:43 | INFO |     step 68000  loss=0.3896  grp_sp=0.000  n_imp=37008  n_red=0
15:37:35 | INFO |     step 68200  loss=0.3873  grp_sp=0.000  n_imp=37008  n_red=0
15:39:27 | INFO |     step 68400  loss=0.3826  grp_sp=0.000  n_imp=37008  n_red=0
15:41:16 | INFO |     step 68600  loss=0.3854  grp_sp=0.000  n_imp=37008  n_red=0
15:43:09 | INFO |     step 68800  loss=0.3805  grp_sp=0.000  n_imp=37008  n_red=0
15:45:02 | INFO |     step 69000  loss=0.3820  grp_sp=0.000  n_imp=37008  n_red=0
15:46:47 | INFO |     step 69200  loss=0.3805  grp_sp=0.000  n_imp=37008  n_red=0
15:48:27 | INFO |     step 69400  loss=0.3823  grp_sp=0.000  n_imp=37008  n_red=0
15:50:06 | INFO |     step 69600  loss=0.3831  grp_sp=0.000  n_imp=37008  n_red=0
15:51:44 | INFO |     step 69800  loss=0.3842  grp_sp=0.000  n_imp=37008  n_red=0
15:53:21 | INFO |     step 70000  loss=0.3845  grp_sp=0.000  n_imp=37008  n_red=0
15:55:05 | INFO |     step 70200  loss=0.3860  grp_sp=0.000  n_imp=37008  n_red=0
15:56:46 | INFO |     step 70400  loss=0.3840  grp_sp=0.000  n_imp=37008  n_red=0
15:58:26 | INFO |     step 70600  loss=0.3834  grp_sp=0.000  n_imp=37008  n_red=0
16:00:04 | INFO |     step 70800  loss=0.3847  grp_sp=0.000  n_imp=37008  n_red=0
16:01:43 | INFO |     step 71000  loss=0.3842  grp_sp=0.000  n_imp=37008  n_red=0
16:03:19 | INFO |     step 71200  loss=0.3857  grp_sp=0.000  n_imp=37008  n_red=0
16:04:59 | INFO |     step 71400  loss=0.3856  grp_sp=0.000  n_imp=37008  n_red=0
16:06:35 | INFO |     step 71600  loss=0.3850  grp_sp=0.000  n_imp=37008  n_red=0
16:08:12 | INFO |     step 71800  loss=0.3863  grp_sp=0.000  n_imp=37008  n_red=0
16:09:56 | INFO |     step 72000  loss=0.3892  grp_sp=0.000  n_imp=37008  n_red=0
16:11:35 | INFO |     step 72200  loss=0.3889  grp_sp=0.000  n_imp=37008  n_red=0
16:13:12 | INFO |     step 72400  loss=0.3906  grp_sp=0.000  n_imp=37008  n_red=0
16:14:51 | INFO |     step 72600  loss=0.3908  grp_sp=0.000  n_imp=37008  n_red=0
16:16:28 | INFO |     step 72800  loss=0.3903  grp_sp=0.000  n_imp=37008  n_red=0
16:18:04 | INFO |     step 73000  loss=0.3901  grp_sp=0.000  n_imp=37008  n_red=0
16:19:37 | INFO |     step 73200  loss=0.3906  grp_sp=0.000  n_imp=37008  n_red=0
16:21:14 | INFO |     step 73400  loss=0.3908  grp_sp=0.000  n_imp=37008  n_red=0
16:22:49 | INFO |     step 73600  loss=0.3909  grp_sp=0.000  n_imp=37008  n_red=0
16:24:31 | INFO |     step 73800  loss=0.3909  grp_sp=0.000  n_imp=37008  n_red=0
16:26:10 | INFO |     step 74000  loss=0.3919  grp_sp=0.000  n_imp=37008  n_red=0
16:27:54 | INFO |     step 74200  loss=0.3923  grp_sp=0.000  n_imp=37008  n_red=0
16:29:33 | INFO |     step 74400  loss=0.3915  grp_sp=0.000  n_imp=37008  n_red=0
16:31:12 | INFO |     step 74600  loss=0.3924  grp_sp=0.000  n_imp=37008  n_red=0
16:32:51 | INFO |     step 74800  loss=0.3928  grp_sp=0.000  n_imp=37008  n_red=0
16:34:26 | INFO |     step 75000  loss=0.3940  grp_sp=0.000  n_imp=37008  n_red=0
16:36:01 | INFO |     step 75200  loss=0.3951  grp_sp=0.000  n_imp=37008  n_red=0
16:37:36 | INFO |     step 75400  loss=0.3944  grp_sp=0.000  n_imp=37008  n_red=0
16:39:07 | INFO |     step 75600  loss=0.3952  grp_sp=0.000  n_imp=37008  n_red=0
16:40:48 | INFO |     step 75800  loss=0.3959  grp_sp=0.000  n_imp=37008  n_red=0
16:42:26 | INFO |     step 76000  loss=0.3965  grp_sp=0.000  n_imp=37008  n_red=0
16:43:59 | INFO |     step 76200  loss=0.3976  grp_sp=0.000  n_imp=37008  n_red=0
16:45:35 | INFO |     step 76400  loss=0.3982  grp_sp=0.000  n_imp=37008  n_red=0
16:47:10 | INFO |     step 76600  loss=0.3976  grp_sp=0.000  n_imp=37008  n_red=0
16:48:48 | INFO |     step 76800  loss=0.3986  grp_sp=0.000  n_imp=37008  n_red=0
16:50:24 | INFO |     step 77000  loss=0.3992  grp_sp=0.000  n_imp=37008  n_red=0
16:52:00 | INFO |     step 77200  loss=0.3997  grp_sp=0.000  n_imp=37008  n_red=0
16:53:34 | INFO |     step 77400  loss=0.4006  grp_sp=0.000  n_imp=37008  n_red=0
16:55:12 | INFO |     step 77600  loss=0.4001  grp_sp=0.000  n_imp=37008  n_red=0
16:56:50 | INFO |     step 77800  loss=0.4007  grp_sp=0.000  n_imp=37008  n_red=0
16:58:32 | INFO |     step 78000  loss=0.4008  grp_sp=0.000  n_imp=37008  n_red=0
17:00:10 | INFO |     step 78200  loss=0.4012  grp_sp=0.000  n_imp=37008  n_red=0
17:01:46 | INFO |     step 78400  loss=0.4016  grp_sp=0.000  n_imp=37008  n_red=0
17:03:23 | INFO |     step 78600  loss=0.4019  grp_sp=0.000  n_imp=37008  n_red=0
17:04:54 | INFO |     step 78800  loss=0.4020  grp_sp=0.000  n_imp=37008  n_red=0
17:06:31 | INFO |     step 79000  loss=0.4019  grp_sp=0.000  n_imp=37008  n_red=0
