[gpu] selected GPU 4 (util=32%, mem=7131MiB)
18:49:08 | INFO | [log] ./results/phase5_20260427_184908.log
18:49:08 | INFO | [env] torch=2.5.1+cu121  device=cuda
18:49:08 | INFO | [cfg] sparsity=[0.5]  epochs=10  bs=4  lr=3e-05  lr_quant=0.0001  br=2  P=6  Kp=6  seed=42
18:49:16 | INFO | [DATA] raw train=87599  raw val=10570
18:49:16 | INFO | [DATA] train features=88524  val features=10784
18:49:16 | INFO | 
============================================================
18:49:16 | INFO |   EXPERIMENT: sparsity=0.5  tag=C1_winner_sp50
18:49:16 | INFO | ============================================================
18:49:16 | INFO | [M1] loading BERT QA
18:49:20 | INFO | [M2] quantize wrap + STE fix
2026-04-27 18:49:20,203 - quant_fix - INFO - STE fix applied to SymQuantizerNonLinear and SymQuantizerLinear
2026-04-27 18:49:23,023 - only_train_once.quantization.quant_model - INFO - Converted 73 layers to quantized versions
18:49:23 | INFO | [CALIB] running 8 batches of bs=4
18:49:25 | INFO | [calib] 8 batches over 73 layers  (skipped=0)  num_bits=16  safety=1.05
18:49:25 | INFO | [calib] observed max|x|: min=2.665  median=14.866  max=137.556
18:49:25 | INFO | [M3] building OTO graph
/home/h24116081/miniconda3/lib/python3.13/site-packages/transformers/modeling_attn_mask_utils.py:196: TracerWarning: torch.tensor results are registered as constants in the trace. You can safely ignore this warning if you use this function to create tensors out of constant variables that would be the same every time you call this function. In any other case, this might cause the trace to be incorrect.
  inverted_mask = torch.tensor(1.0, dtype=dtype) - expanded_mask
/home/h24116081/GETA reprocution/GETA-reproduction/geta/only_train_once/quantization/quant_layers.py:334: TracerWarning: torch.tensor results are registered as constants in the trace. You can safely ignore this warning if you use this function to create tensors out of constant variables that would be the same every time you call this function. In any other case, this might cause the trace to be incorrect.
  weight_clip_val = torch.tensor(self.weight_clip_val, device=weight.device)
/home/h24116081/GETA reprocution/GETA-reproduction/geta/only_train_once/quantization/quant_layers.py:335: TracerWarning: torch.tensor results are registered as constants in the trace. You can safely ignore this warning if you use this function to create tensors out of constant variables that would be the same every time you call this function. In any other case, this might cause the trace to be incorrect.
  q_s = torch.tensor(0.0, device=weight.device)
/home/h24116081/GETA reprocution/GETA-reproduction/geta/only_train_once/quantization/quant_layers.py:361: TracerWarning: torch.tensor results are registered as constants in the trace. You can safely ignore this warning if you use this function to create tensors out of constant variables that would be the same every time you call this function. In any other case, this might cause the trace to be incorrect.
  activation_clip_val = torch.tensor(self.act_clip_val, device=activation.device)
/home/h24116081/GETA reprocution/GETA-reproduction/geta/only_train_once/quantization/quant_layers.py:362: TracerWarning: torch.tensor results are registered as constants in the trace. You can safely ignore this warning if you use this function to create tensors out of constant variables that would be the same every time you call this function. In any other case, this might cause the trace to be incorrect.
  q_s = torch.tensor(0.0, device=activation.device)
OTO graph constructor
graph build
NodePattern mul None
NodePattern transpose None
NodePattern matmul None
Post-processing of graph completed.
Graph has 1102 nodes and 1177 edges.
18:52:21 | INFO | [SCHED] steps/epoch=22131  total=221310  start_prune=110655 (5.00 ep)  prune_steps=184425 (8.33 ep)  prune_periods=6  proj_periods=6  proj_steps=110655 (5.00 ep)
18:52:21 | INFO | [BIT]   min_bit_wt=4  max_bit_wt=16  bit_reduction=2  calib_num_bits=16
18:52:21 | INFO | [LR]    scheduler=linear  warmup_ratio=0.1  lr=3e-05  lr_quant=0.0001
18:52:21 | INFO | [M4] building GETA optimizer
2026-04-27 18:52:21,455 - GETA - INFO - Setup GETA
2026-04-27 18:52:21,456 - GETA - INFO - importance_score_criteria: {'magnitude': 0.2, 'avg_magnitude': 0.2, 'cosine_similarity': 0.2, 'taylor_first_order': 0.2, 'taylor_second_order': 0.2}
2026-04-27 18:52:21,456 - GETA - INFO - start_projection_step: 0
2026-04-27 18:52:21,456 - GETA - INFO - projection_steps: 110655
2026-04-27 18:52:21,456 - GETA - INFO - projection_periods: 6
2026-04-27 18:52:21,456 - GETA - INFO - start_pruning_step: 110655
2026-04-27 18:52:21,456 - GETA - INFO - pruning_steps: 184425
2026-04-27 18:52:21,456 - GETA - INFO - pruning_periods: 6
2026-04-27 18:52:21,456 - GETA - INFO - pruning_period_duration: 30737
2026-04-27 18:52:21,460 - GETA - INFO - Target redundant groups per period: [3084, 3084, 3084, 3084, 3084, 3084]
18:52:21 | INFO | [M4] GETA optimizer built, 26 param groups
18:52:21 | INFO | [LR] linear schedule warmup=22131 decay over 199179
18:52:21 | INFO | [TRAIN] starting
18:59:18 | INFO |     step 200  loss=5.8952  grp_sp=0.000  n_imp=37008  n_red=0
19:06:15 | INFO |     step 400  loss=5.8748  grp_sp=0.000  n_imp=37008  n_red=0
19:13:10 | INFO |     step 600  loss=5.8065  grp_sp=0.000  n_imp=37008  n_red=0
19:20:10 | INFO |     step 800  loss=5.6481  grp_sp=0.000  n_imp=37008  n_red=0
19:26:56 | INFO |     step 1000  loss=5.4707  grp_sp=0.000  n_imp=37008  n_red=0
19:33:43 | INFO |     step 1200  loss=5.3177  grp_sp=0.000  n_imp=37008  n_red=0
19:40:29 | INFO |     step 1400  loss=5.1569  grp_sp=0.000  n_imp=37008  n_red=0
19:47:18 | INFO |     step 1600  loss=5.0029  grp_sp=0.000  n_imp=37008  n_red=0
19:53:54 | INFO |     step 1800  loss=4.8435  grp_sp=0.000  n_imp=37008  n_red=0
20:00:57 | INFO |     step 2000  loss=4.6595  grp_sp=0.000  n_imp=37008  n_red=0
20:07:44 | INFO |     step 2200  loss=4.4887  grp_sp=0.000  n_imp=37008  n_red=0
20:14:53 | INFO |     step 2400  loss=4.3335  grp_sp=0.000  n_imp=37008  n_red=0
20:22:11 | INFO |     step 2600  loss=4.1931  grp_sp=0.000  n_imp=37008  n_red=0
20:29:01 | INFO |     step 2800  loss=4.0614  grp_sp=0.000  n_imp=37008  n_red=0
20:35:48 | INFO |     step 3000  loss=3.9479  grp_sp=0.000  n_imp=37008  n_red=0
20:42:51 | INFO |     step 3200  loss=3.8427  grp_sp=0.000  n_imp=37008  n_red=0
20:51:13 | INFO |     step 3400  loss=3.7441  grp_sp=0.000  n_imp=37008  n_red=0
20:59:09 | INFO |     step 3600  loss=3.6520  grp_sp=0.000  n_imp=37008  n_red=0
21:06:21 | INFO |     step 3800  loss=3.5679  grp_sp=0.000  n_imp=37008  n_red=0
21:14:24 | INFO |     step 4000  loss=3.4845  grp_sp=0.000  n_imp=37008  n_red=0
21:21:56 | INFO |     step 4200  loss=3.4075  grp_sp=0.000  n_imp=37008  n_red=0
21:29:32 | INFO |     step 4400  loss=3.3303  grp_sp=0.000  n_imp=37008  n_red=0
21:37:12 | INFO |     step 4600  loss=3.2622  grp_sp=0.000  n_imp=37008  n_red=0
21:44:41 | INFO |     step 4800  loss=3.1997  grp_sp=0.000  n_imp=37008  n_red=0
21:52:16 | INFO |     step 5000  loss=3.1387  grp_sp=0.000  n_imp=37008  n_red=0
21:59:11 | INFO |     step 5200  loss=3.0793  grp_sp=0.000  n_imp=37008  n_red=0
22:05:24 | INFO |     step 5400  loss=3.0268  grp_sp=0.000  n_imp=37008  n_red=0
22:11:41 | INFO |     step 5600  loss=2.9772  grp_sp=0.000  n_imp=37008  n_red=0
22:17:52 | INFO |     step 5800  loss=2.9267  grp_sp=0.000  n_imp=37008  n_red=0
22:24:07 | INFO |     step 6000  loss=2.8837  grp_sp=0.000  n_imp=37008  n_red=0
22:30:32 | INFO |     step 6200  loss=2.8372  grp_sp=0.000  n_imp=37008  n_red=0
22:36:54 | INFO |     step 6400  loss=2.7978  grp_sp=0.000  n_imp=37008  n_red=0
22:43:17 | INFO |     step 6600  loss=2.7611  grp_sp=0.000  n_imp=37008  n_red=0
22:49:41 | INFO |     step 6800  loss=2.7232  grp_sp=0.000  n_imp=37008  n_red=0
22:55:58 | INFO |     step 7000  loss=2.6888  grp_sp=0.000  n_imp=37008  n_red=0
23:02:18 | INFO |     step 7200  loss=2.6530  grp_sp=0.000  n_imp=37008  n_red=0
23:08:52 | INFO |     step 7400  loss=2.6202  grp_sp=0.000  n_imp=37008  n_red=0
23:14:36 | INFO |     step 7600  loss=2.5870  grp_sp=0.000  n_imp=37008  n_red=0
23:20:58 | INFO |     step 7800  loss=2.5584  grp_sp=0.000  n_imp=37008  n_red=0
23:27:25 | INFO |     step 8000  loss=2.5300  grp_sp=0.000  n_imp=37008  n_red=0
23:33:49 | INFO |     step 8200  loss=2.5026  grp_sp=0.000  n_imp=37008  n_red=0
23:39:50 | INFO |     step 8400  loss=2.4758  grp_sp=0.000  n_imp=37008  n_red=0
23:45:26 | INFO |     step 8600  loss=2.4501  grp_sp=0.000  n_imp=37008  n_red=0
23:51:57 | INFO |     step 8800  loss=2.4240  grp_sp=0.000  n_imp=37008  n_red=0
23:58:24 | INFO |     step 9000  loss=2.3995  grp_sp=0.000  n_imp=37008  n_red=0
00:03:56 | INFO |     step 9200  loss=2.3774  grp_sp=0.000  n_imp=37008  n_red=0
00:08:58 | INFO |     step 9400  loss=2.3569  grp_sp=0.000  n_imp=37008  n_red=0
00:14:21 | INFO |     step 9600  loss=2.3361  grp_sp=0.000  n_imp=37008  n_red=0
00:20:01 | INFO |     step 9800  loss=2.3153  grp_sp=0.000  n_imp=37008  n_red=0
00:26:02 | INFO |     step 10000  loss=2.2945  grp_sp=0.000  n_imp=37008  n_red=0
00:31:47 | INFO |     step 10200  loss=2.2749  grp_sp=0.000  n_imp=37008  n_red=0
00:36:59 | INFO |     step 10400  loss=2.2555  grp_sp=0.000  n_imp=37008  n_red=0
00:42:12 | INFO |     step 10600  loss=2.2370  grp_sp=0.000  n_imp=37008  n_red=0
00:48:23 | INFO |     step 10800  loss=2.2180  grp_sp=0.000  n_imp=37008  n_red=0
00:54:21 | INFO |     step 11000  loss=2.2021  grp_sp=0.000  n_imp=37008  n_red=0
01:00:22 | INFO |     step 11200  loss=2.1857  grp_sp=0.000  n_imp=37008  n_red=0
01:06:56 | INFO |     step 11400  loss=2.1689  grp_sp=0.000  n_imp=37008  n_red=0
01:13:16 | INFO |     step 11600  loss=2.1532  grp_sp=0.000  n_imp=37008  n_red=0
01:19:17 | INFO |     step 11800  loss=2.1373  grp_sp=0.000  n_imp=37008  n_red=0
01:25:38 | INFO |     step 12000  loss=2.1228  grp_sp=0.000  n_imp=37008  n_red=0
01:31:17 | INFO |     step 12200  loss=2.1091  grp_sp=0.000  n_imp=37008  n_red=0
01:37:08 | INFO |     step 12400  loss=2.0950  grp_sp=0.000  n_imp=37008  n_red=0
01:43:11 | INFO |     step 12600  loss=2.0822  grp_sp=0.000  n_imp=37008  n_red=0
01:49:06 | INFO |     step 12800  loss=2.0669  grp_sp=0.000  n_imp=37008  n_red=0
01:55:07 | INFO |     step 13000  loss=2.0536  grp_sp=0.000  n_imp=37008  n_red=0
02:00:42 | INFO |     step 13200  loss=2.0416  grp_sp=0.000  n_imp=37008  n_red=0
02:05:53 | INFO |     step 13400  loss=2.0295  grp_sp=0.000  n_imp=37008  n_red=0
02:11:16 | INFO |     step 13600  loss=2.0167  grp_sp=0.000  n_imp=37008  n_red=0
02:16:59 | INFO |     step 13800  loss=2.0058  grp_sp=0.000  n_imp=37008  n_red=0
02:23:17 | INFO |     step 14000  loss=1.9945  grp_sp=0.000  n_imp=37008  n_red=0
02:29:33 | INFO |     step 14200  loss=1.9823  grp_sp=0.000  n_imp=37008  n_red=0
02:36:01 | INFO |     step 14400  loss=1.9716  grp_sp=0.000  n_imp=37008  n_red=0
02:43:01 | INFO |     step 14600  loss=1.9609  grp_sp=0.000  n_imp=37008  n_red=0
02:49:58 | INFO |     step 14800  loss=1.9512  grp_sp=0.000  n_imp=37008  n_red=0
02:56:12 | INFO |     step 15000  loss=1.9405  grp_sp=0.000  n_imp=37008  n_red=0
03:02:19 | INFO |     step 15200  loss=1.9304  grp_sp=0.000  n_imp=37008  n_red=0
03:08:06 | INFO |     step 15400  loss=1.9221  grp_sp=0.000  n_imp=37008  n_red=0
03:14:43 | INFO |     step 15600  loss=1.9133  grp_sp=0.000  n_imp=37008  n_red=0
03:21:14 | INFO |     step 15800  loss=1.9051  grp_sp=0.000  n_imp=37008  n_red=0
03:27:51 | INFO |     step 16000  loss=1.8967  grp_sp=0.000  n_imp=37008  n_red=0
03:34:17 | INFO |     step 16200  loss=1.8879  grp_sp=0.000  n_imp=37008  n_red=0
03:41:05 | INFO |     step 16400  loss=1.8798  grp_sp=0.000  n_imp=37008  n_red=0
03:47:31 | INFO |     step 16600  loss=1.8715  grp_sp=0.000  n_imp=37008  n_red=0
03:54:24 | INFO |     step 16800  loss=1.8634  grp_sp=0.000  n_imp=37008  n_red=0
04:00:50 | INFO |     step 17000  loss=1.8555  grp_sp=0.000  n_imp=37008  n_red=0
04:07:06 | INFO |     step 17200  loss=1.8475  grp_sp=0.000  n_imp=37008  n_red=0
04:13:23 | INFO |     step 17400  loss=1.8391  grp_sp=0.000  n_imp=37008  n_red=0
04:20:16 | INFO |     step 17600  loss=1.8322  grp_sp=0.000  n_imp=37008  n_red=0
04:27:11 | INFO |     step 17800  loss=1.8249  grp_sp=0.000  n_imp=37008  n_red=0
04:34:01 | INFO |     step 18000  loss=1.8175  grp_sp=0.000  n_imp=37008  n_red=0
04:40:46 | INFO |     step 18200  loss=1.8101  grp_sp=0.000  n_imp=37008  n_red=0
04:47:09 | INFO |     step 18400  loss=1.8025  grp_sp=0.000  n_imp=37008  n_red=0
04:53:45 | INFO |     step 18600  loss=1.7943  grp_sp=0.000  n_imp=37008  n_red=0
04:59:59 | INFO |     step 18800  loss=1.7873  grp_sp=0.000  n_imp=37008  n_red=0
05:06:29 | INFO |     step 19000  loss=1.7813  grp_sp=0.000  n_imp=37008  n_red=0
05:13:01 | INFO |     step 19200  loss=1.7758  grp_sp=0.000  n_imp=37008  n_red=0
05:19:25 | INFO |     step 19400  loss=1.7704  grp_sp=0.000  n_imp=37008  n_red=0
05:25:51 | INFO |     step 19600  loss=1.7647  grp_sp=0.000  n_imp=37008  n_red=0
05:32:12 | INFO |     step 19800  loss=1.7588  grp_sp=0.000  n_imp=37008  n_red=0
05:38:49 | INFO |     step 20000  loss=1.7534  grp_sp=0.000  n_imp=37008  n_red=0
05:45:17 | INFO |     step 20200  loss=1.7481  grp_sp=0.000  n_imp=37008  n_red=0
05:51:47 | INFO |     step 20400  loss=1.7424  grp_sp=0.000  n_imp=37008  n_red=0
05:57:58 | INFO |     step 20600  loss=1.7364  grp_sp=0.000  n_imp=37008  n_red=0
06:04:04 | INFO |     step 20800  loss=1.7307  grp_sp=0.000  n_imp=37008  n_red=0
06:10:24 | INFO |     step 21000  loss=1.7257  grp_sp=0.000  n_imp=37008  n_red=0
06:16:45 | INFO |     step 21200  loss=1.7206  grp_sp=0.000  n_imp=37008  n_red=0
06:23:18 | INFO |     step 21400  loss=1.7155  grp_sp=0.000  n_imp=37008  n_red=0
06:29:54 | INFO |     step 21600  loss=1.7113  grp_sp=0.000  n_imp=37008  n_red=0
06:36:44 | INFO |     step 21800  loss=1.7062  grp_sp=0.000  n_imp=37008  n_red=0
06:43:17 | INFO |     step 22000  loss=1.7019  grp_sp=0.000  n_imp=37008  n_red=0
06:55:11 | INFO | [EPOCH 1/10] loss=1.6993  grp_sp=0.000  EM=75.30  F1=83.79  elapsed=715.3min
06:57:22 | INFO |     step 22200  loss=0.8592  grp_sp=0.000  n_imp=37008  n_red=0
07:03:51 | INFO |     step 22400  loss=0.8931  grp_sp=0.000  n_imp=37008  n_red=0
07:10:20 | INFO |     step 22600  loss=0.9003  grp_sp=0.000  n_imp=37008  n_red=0
07:16:52 | INFO |     step 22800  loss=0.9165  grp_sp=0.000  n_imp=37008  n_red=0
07:23:15 | INFO |     step 23000  loss=0.9474  grp_sp=0.000  n_imp=37008  n_red=0
07:30:26 | INFO |     step 23200  loss=0.9574  grp_sp=0.000  n_imp=37008  n_red=0
07:37:18 | INFO |     step 23400  loss=0.9617  grp_sp=0.000  n_imp=37008  n_red=0
07:43:52 | INFO |     step 23600  loss=0.9666  grp_sp=0.000  n_imp=37008  n_red=0
07:51:00 | INFO |     step 23800  loss=0.9641  grp_sp=0.000  n_imp=37008  n_red=0
07:57:15 | INFO |     step 24000  loss=0.9591  grp_sp=0.000  n_imp=37008  n_red=0
08:04:22 | INFO |     step 24200  loss=0.9624  grp_sp=0.000  n_imp=37008  n_red=0
08:10:38 | INFO |     step 24400  loss=0.9615  grp_sp=0.000  n_imp=37008  n_red=0
08:16:57 | INFO |     step 24600  loss=0.9637  grp_sp=0.000  n_imp=37008  n_red=0
08:23:16 | INFO |     step 24800  loss=0.9661  grp_sp=0.000  n_imp=37008  n_red=0
08:29:33 | INFO |     step 25000  loss=0.9689  grp_sp=0.000  n_imp=37008  n_red=0
08:35:53 | INFO |     step 25200  loss=0.9691  grp_sp=0.000  n_imp=37008  n_red=0
08:42:09 | INFO |     step 25400  loss=0.9656  grp_sp=0.000  n_imp=37008  n_red=0
08:48:19 | INFO |     step 25600  loss=0.9654  grp_sp=0.000  n_imp=37008  n_red=0
08:54:33 | INFO |     step 25800  loss=0.9660  grp_sp=0.000  n_imp=37008  n_red=0
09:00:47 | INFO |     step 26000  loss=0.9694  grp_sp=0.000  n_imp=37008  n_red=0
09:07:08 | INFO |     step 26200  loss=0.9671  grp_sp=0.000  n_imp=37008  n_red=0
09:13:24 | INFO |     step 26400  loss=0.9658  grp_sp=0.000  n_imp=37008  n_red=0
09:19:35 | INFO |     step 26600  loss=0.9657  grp_sp=0.000  n_imp=37008  n_red=0
09:25:54 | INFO |     step 26800  loss=0.9654  grp_sp=0.000  n_imp=37008  n_red=0
09:32:09 | INFO |     step 27000  loss=0.9691  grp_sp=0.000  n_imp=37008  n_red=0
09:38:21 | INFO |     step 27200  loss=0.9665  grp_sp=0.000  n_imp=37008  n_red=0
09:44:36 | INFO |     step 27400  loss=0.9652  grp_sp=0.000  n_imp=37008  n_red=0
09:50:44 | INFO |     step 27600  loss=0.9626  grp_sp=0.000  n_imp=37008  n_red=0
09:56:51 | INFO |     step 27800  loss=0.9628  grp_sp=0.000  n_imp=37008  n_red=0
10:03:02 | INFO |     step 28000  loss=0.9648  grp_sp=0.000  n_imp=37008  n_red=0
10:09:17 | INFO |     step 28200  loss=0.9643  grp_sp=0.000  n_imp=37008  n_red=0
10:15:29 | INFO |     step 28400  loss=0.9615  grp_sp=0.000  n_imp=37008  n_red=0
10:21:43 | INFO |     step 28600  loss=0.9620  grp_sp=0.000  n_imp=37008  n_red=0
10:27:54 | INFO |     step 28800  loss=0.9616  grp_sp=0.000  n_imp=37008  n_red=0
10:34:11 | INFO |     step 29000  loss=0.9605  grp_sp=0.000  n_imp=37008  n_red=0
10:40:19 | INFO |     step 29200  loss=0.9610  grp_sp=0.000  n_imp=37008  n_red=0
10:46:30 | INFO |     step 29400  loss=0.9593  grp_sp=0.000  n_imp=37008  n_red=0
10:52:35 | INFO |     step 29600  loss=0.9597  grp_sp=0.000  n_imp=37008  n_red=0
10:58:48 | INFO |     step 29800  loss=0.9586  grp_sp=0.000  n_imp=37008  n_red=0
11:05:00 | INFO |     step 30000  loss=0.9581  grp_sp=0.000  n_imp=37008  n_red=0
11:11:13 | INFO |     step 30200  loss=0.9597  grp_sp=0.000  n_imp=37008  n_red=0
11:17:28 | INFO |     step 30400  loss=0.9603  grp_sp=0.000  n_imp=37008  n_red=0
11:23:42 | INFO |     step 30600  loss=0.9628  grp_sp=0.000  n_imp=37008  n_red=0
11:29:53 | INFO |     step 30800  loss=0.9628  grp_sp=0.000  n_imp=37008  n_red=0
11:36:08 | INFO |     step 31000  loss=0.9623  grp_sp=0.000  n_imp=37008  n_red=0
11:42:18 | INFO |     step 31200  loss=0.9620  grp_sp=0.000  n_imp=37008  n_red=0
11:48:31 | INFO |     step 31400  loss=0.9614  grp_sp=0.000  n_imp=37008  n_red=0
11:54:44 | INFO |     step 31600  loss=0.9610  grp_sp=0.000  n_imp=37008  n_red=0
12:01:04 | INFO |     step 31800  loss=0.9628  grp_sp=0.000  n_imp=37008  n_red=0
12:07:16 | INFO |     step 32000  loss=0.9623  grp_sp=0.000  n_imp=37008  n_red=0
12:13:30 | INFO |     step 32200  loss=0.9625  grp_sp=0.000  n_imp=37008  n_red=0
12:19:42 | INFO |     step 32400  loss=0.9629  grp_sp=0.000  n_imp=37008  n_red=0
12:25:55 | INFO |     step 32600  loss=0.9640  grp_sp=0.000  n_imp=37008  n_red=0
12:32:15 | INFO |     step 32800  loss=0.9652  grp_sp=0.000  n_imp=37008  n_red=0
12:38:27 | INFO |     step 33000  loss=0.9669  grp_sp=0.000  n_imp=37008  n_red=0
12:44:46 | INFO |     step 33200  loss=0.9669  grp_sp=0.000  n_imp=37008  n_red=0
12:51:03 | INFO |     step 33400  loss=0.9663  grp_sp=0.000  n_imp=37008  n_red=0
12:57:22 | INFO |     step 33600  loss=0.9665  grp_sp=0.000  n_imp=37008  n_red=0
13:03:38 | INFO |     step 33800  loss=0.9664  grp_sp=0.000  n_imp=37008  n_red=0
13:10:01 | INFO |     step 34000  loss=0.9668  grp_sp=0.000  n_imp=37008  n_red=0
13:16:11 | INFO |     step 34200  loss=0.9672  grp_sp=0.000  n_imp=37008  n_red=0
13:22:23 | INFO |     step 34400  loss=0.9688  grp_sp=0.000  n_imp=37008  n_red=0
13:28:41 | INFO |     step 34600  loss=0.9703  grp_sp=0.000  n_imp=37008  n_red=0
13:34:55 | INFO |     step 34800  loss=0.9714  grp_sp=0.000  n_imp=37008  n_red=0
13:41:04 | INFO |     step 35000  loss=0.9715  grp_sp=0.000  n_imp=37008  n_red=0
13:47:18 | INFO |     step 35200  loss=0.9715  grp_sp=0.000  n_imp=37008  n_red=0
13:53:37 | INFO |     step 35400  loss=0.9718  grp_sp=0.000  n_imp=37008  n_red=0
13:59:52 | INFO |     step 35600  loss=0.9717  grp_sp=0.000  n_imp=37008  n_red=0
14:06:09 | INFO |     step 35800  loss=0.9715  grp_sp=0.000  n_imp=37008  n_red=0
14:12:24 | INFO |     step 36000  loss=0.9718  grp_sp=0.000  n_imp=37008  n_red=0
14:18:38 | INFO |     step 36200  loss=0.9720  grp_sp=0.000  n_imp=37008  n_red=0
14:24:53 | INFO |     step 36400  loss=0.9712  grp_sp=0.000  n_imp=37008  n_red=0
14:31:04 | INFO |     step 36600  loss=0.9707  grp_sp=0.000  n_imp=37008  n_red=0
14:37:18 | INFO |     step 36800  loss=0.9709  grp_sp=0.000  n_imp=37008  n_red=0
14:43:28 | INFO |     step 37000  loss=0.9708  grp_sp=0.000  n_imp=37008  n_red=0
14:49:46 | INFO |     step 37200  loss=0.9692  grp_sp=0.000  n_imp=37008  n_red=0
14:55:56 | INFO |     step 37400  loss=0.9686  grp_sp=0.000  n_imp=37008  n_red=0
15:02:12 | INFO |     step 37600  loss=0.9683  grp_sp=0.000  n_imp=37008  n_red=0
15:08:27 | INFO |     step 37800  loss=0.9686  grp_sp=0.000  n_imp=37008  n_red=0
15:14:38 | INFO |     step 38000  loss=0.9684  grp_sp=0.000  n_imp=37008  n_red=0
15:20:46 | INFO |     step 38200  loss=0.9675  grp_sp=0.000  n_imp=37008  n_red=0
15:27:01 | INFO |     step 38400  loss=0.9682  grp_sp=0.000  n_imp=37008  n_red=0
15:33:20 | INFO |     step 38600  loss=0.9670  grp_sp=0.000  n_imp=37008  n_red=0
15:39:32 | INFO |     step 38800  loss=0.9673  grp_sp=0.000  n_imp=37008  n_red=0
15:45:51 | INFO |     step 39000  loss=0.9674  grp_sp=0.000  n_imp=37008  n_red=0
15:52:01 | INFO |     step 39200  loss=0.9677  grp_sp=0.000  n_imp=37008  n_red=0
15:58:13 | INFO |     step 39400  loss=0.9676  grp_sp=0.000  n_imp=37008  n_red=0
16:04:21 | INFO |     step 39600  loss=0.9673  grp_sp=0.000  n_imp=37008  n_red=0
16:10:32 | INFO |     step 39800  loss=0.9672  grp_sp=0.000  n_imp=37008  n_red=0
16:16:43 | INFO |     step 40000  loss=0.9679  grp_sp=0.000  n_imp=37008  n_red=0
16:22:50 | INFO |     step 40200  loss=0.9684  grp_sp=0.000  n_imp=37008  n_red=0
16:29:05 | INFO |     step 40400  loss=0.9679  grp_sp=0.000  n_imp=37008  n_red=0
16:35:12 | INFO |     step 40600  loss=0.9685  grp_sp=0.000  n_imp=37008  n_red=0
16:41:21 | INFO |     step 40800  loss=0.9684  grp_sp=0.000  n_imp=37008  n_red=0
16:47:31 | INFO |     step 41000  loss=0.9684  grp_sp=0.000  n_imp=37008  n_red=0
16:53:36 | INFO |     step 41200  loss=0.9682  grp_sp=0.000  n_imp=37008  n_red=0
16:59:41 | INFO |     step 41400  loss=0.9679  grp_sp=0.000  n_imp=37008  n_red=0
17:05:47 | INFO |     step 41600  loss=0.9673  grp_sp=0.000  n_imp=37008  n_red=0
