18:46:59 | INFO | [log] ./results/phase5_20260427_184659.log
18:46:59 | INFO | [env] torch=2.5.1+cu121  device=cuda
18:46:59 | INFO | [cfg] sparsity=[0.1]  epochs=3  bs=4  lr=3e-05  lr_quant=0.0001  br=2  P=6  Kp=6  seed=42
18:47:07 | INFO | [DATA] raw train=87599  raw val=10570
18:47:07 | INFO | [DATA] train features=88524  val features=10784
18:47:07 | INFO | 
============================================================
18:47:07 | INFO |   EXPERIMENT: sparsity=0.1  tag=A3_lrsched_sp10
18:47:07 | INFO | ============================================================
18:47:07 | INFO | [M1] loading BERT QA
18:47:09 | INFO | [M2] quantize wrap + STE fix
18:47:11 | INFO | [CALIB] running 8 batches of bs=4
18:47:13 | INFO | [calib] 8 batches over 73 layers  (skipped=0)  num_bits=16  safety=1.05
18:47:13 | INFO | [calib] observed max|x|: min=2.665  median=14.866  max=137.556
18:47:13 | INFO | [M3] building OTO graph
18:49:06 | INFO | [SCHED] steps/epoch=22131  total=66393  start_prune=11065 (0.50 ep)  prune_steps=55325 (2.50 ep)  prune_periods=6  proj_periods=6  proj_steps=11065 (0.50 ep)
18:49:06 | INFO | [BIT]   min_bit_wt=4  max_bit_wt=16  bit_reduction=2  calib_num_bits=16
18:49:06 | INFO | [LR]    scheduler=linear  warmup_ratio=0.1  lr=3e-05  lr_quant=0.0001
18:49:06 | INFO | [M4] building GETA optimizer
18:49:06 | INFO | [M4] GETA optimizer built, 26 param groups
18:49:06 | INFO | [LR] linear schedule warmup=6639 decay over 59754
18:49:06 | INFO | [TRAIN] starting
18:54:23 | INFO |     step 200  loss=5.8776  grp_sp=0.000  n_imp=37008  n_red=0
19:00:47 | INFO |     step 400  loss=5.7582  grp_sp=0.000  n_imp=37008  n_red=0
19:06:29 | INFO |     step 600  loss=5.4593  grp_sp=0.000  n_imp=37008  n_red=0
19:12:08 | INFO |     step 800  loss=5.1631  grp_sp=0.000  n_imp=37008  n_red=0
19:17:51 | INFO |     step 1000  loss=4.8587  grp_sp=0.000  n_imp=37008  n_red=0
19:23:33 | INFO |     step 1200  loss=4.5496  grp_sp=0.000  n_imp=37008  n_red=0
19:29:27 | INFO |     step 1400  loss=4.2669  grp_sp=0.000  n_imp=37008  n_red=0
19:35:19 | INFO |     step 1600  loss=4.0320  grp_sp=0.000  n_imp=37008  n_red=0
19:41:08 | INFO |     step 1800  loss=3.8411  grp_sp=0.000  n_imp=37008  n_red=0
19:46:51 | INFO |     step 2000  loss=3.6727  grp_sp=0.000  n_imp=37008  n_red=0
19:53:04 | INFO |     step 2200  loss=3.5249  grp_sp=0.000  n_imp=37008  n_red=0
19:58:50 | INFO |     step 2400  loss=3.3957  grp_sp=0.000  n_imp=37008  n_red=0
20:04:38 | INFO |     step 2600  loss=3.2792  grp_sp=0.000  n_imp=37008  n_red=0
20:10:30 | INFO |     step 2800  loss=3.1683  grp_sp=0.000  n_imp=37008  n_red=0
20:16:25 | INFO |     step 3000  loss=3.0728  grp_sp=0.000  n_imp=37008  n_red=0
20:22:19 | INFO |     step 3200  loss=2.9831  grp_sp=0.000  n_imp=37008  n_red=0
20:28:11 | INFO |     step 3400  loss=2.9018  grp_sp=0.000  n_imp=37008  n_red=0
20:34:11 | INFO |     step 3600  loss=2.8280  grp_sp=0.000  n_imp=37008  n_red=0
20:40:30 | INFO |     step 3800  loss=2.7621  grp_sp=0.000  n_imp=37008  n_red=0
20:46:13 | INFO |     step 4000  loss=2.7010  grp_sp=0.000  n_imp=37008  n_red=0
20:52:07 | INFO |     step 4200  loss=2.6429  grp_sp=0.000  n_imp=37008  n_red=0
20:58:04 | INFO |     step 4400  loss=2.5872  grp_sp=0.000  n_imp=37008  n_red=0
21:04:19 | INFO |     step 4600  loss=2.5389  grp_sp=0.000  n_imp=37008  n_red=0
21:10:22 | INFO |     step 4800  loss=2.4957  grp_sp=0.000  n_imp=37008  n_red=0
21:16:20 | INFO |     step 5000  loss=2.4513  grp_sp=0.000  n_imp=37008  n_red=0
21:22:31 | INFO |     step 5200  loss=2.4100  grp_sp=0.000  n_imp=37008  n_red=0
21:28:34 | INFO |     step 5400  loss=2.3736  grp_sp=0.000  n_imp=37008  n_red=0
21:34:39 | INFO |     step 5600  loss=2.3416  grp_sp=0.000  n_imp=37008  n_red=0
21:40:50 | INFO |     step 5800  loss=2.3056  grp_sp=0.000  n_imp=37008  n_red=0
21:47:12 | INFO |     step 6000  loss=2.2785  grp_sp=0.000  n_imp=37008  n_red=0
21:53:18 | INFO |     step 6200  loss=2.2466  grp_sp=0.000  n_imp=37008  n_red=0
22:00:02 | INFO |     step 6400  loss=2.2225  grp_sp=0.000  n_imp=37008  n_red=0
22:07:08 | INFO |     step 6600  loss=2.1998  grp_sp=0.000  n_imp=37008  n_red=0
22:14:21 | INFO |     step 6800  loss=2.1755  grp_sp=0.000  n_imp=37008  n_red=0
22:21:29 | INFO |     step 7000  loss=2.1528  grp_sp=0.000  n_imp=37008  n_red=0
22:28:18 | INFO |     step 7200  loss=2.1300  grp_sp=0.000  n_imp=37008  n_red=0
22:35:15 | INFO |     step 7400  loss=2.1088  grp_sp=0.000  n_imp=37008  n_red=0
22:42:07 | INFO |     step 7600  loss=2.0883  grp_sp=0.000  n_imp=37008  n_red=0
22:48:51 | INFO |     step 7800  loss=2.0714  grp_sp=0.000  n_imp=37008  n_red=0
22:55:43 | INFO |     step 8000  loss=2.0539  grp_sp=0.000  n_imp=37008  n_red=0
23:02:42 | INFO |     step 8200  loss=2.0360  grp_sp=0.000  n_imp=37008  n_red=0
23:09:29 | INFO |     step 8400  loss=2.0184  grp_sp=0.000  n_imp=37008  n_red=0
23:16:32 | INFO |     step 8600  loss=2.0016  grp_sp=0.000  n_imp=37008  n_red=0
23:23:19 | INFO |     step 8800  loss=1.9850  grp_sp=0.000  n_imp=37008  n_red=0
23:30:02 | INFO |     step 9000  loss=1.9696  grp_sp=0.000  n_imp=37008  n_red=0
23:36:49 | INFO |     step 9200  loss=1.9559  grp_sp=0.000  n_imp=37008  n_red=0
23:44:06 | INFO |     step 9400  loss=1.9595  grp_sp=0.000  n_imp=37008  n_red=0
23:51:02 | INFO |     step 9600  loss=1.9534  grp_sp=0.000  n_imp=37008  n_red=0
23:57:52 | INFO |     step 9800  loss=1.9454  grp_sp=0.000  n_imp=37008  n_red=0
00:05:22 | INFO |     step 10000  loss=1.9361  grp_sp=0.000  n_imp=37008  n_red=0
00:13:01 | INFO |     step 10200  loss=1.9262  grp_sp=0.000  n_imp=37008  n_red=0
00:20:14 | INFO |     step 10400  loss=1.9168  grp_sp=0.000  n_imp=37008  n_red=0
00:27:23 | INFO |     step 10600  loss=1.9077  grp_sp=0.000  n_imp=37008  n_red=0
00:34:43 | INFO |     step 10800  loss=1.8975  grp_sp=0.000  n_imp=37008  n_red=0
00:42:19 | INFO |     step 11000  loss=1.8897  grp_sp=0.000  n_imp=37008  n_red=0
00:49:42 | INFO |     step 11200  loss=1.9246  grp_sp=0.000  n_imp=36392  n_red=616
00:57:19 | INFO |     step 11400  loss=1.9595  grp_sp=0.000  n_imp=36392  n_red=616
01:04:54 | INFO |     step 11600  loss=1.9802  grp_sp=0.000  n_imp=36392  n_red=616
01:12:23 | INFO |     step 11800  loss=1.9954  grp_sp=0.000  n_imp=36392  n_red=616
01:20:11 | INFO |     step 12000  loss=2.0090  grp_sp=0.000  n_imp=36392  n_red=616
01:28:00 | INFO |     step 12200  loss=2.0281  grp_sp=0.000  n_imp=36392  n_red=616
01:36:07 | INFO |     step 12400  loss=2.0399  grp_sp=0.000  n_imp=36392  n_red=616
01:44:16 | INFO |     step 12600  loss=2.0482  grp_sp=0.000  n_imp=36392  n_red=616
01:52:01 | INFO |     step 12800  loss=2.0548  grp_sp=0.000  n_imp=36392  n_red=616
02:00:11 | INFO |     step 13000  loss=2.0606  grp_sp=0.000  n_imp=36392  n_red=616
02:08:43 | INFO |     step 13200  loss=2.0658  grp_sp=0.000  n_imp=36392  n_red=616
02:17:03 | INFO |     step 13400  loss=2.0690  grp_sp=0.000  n_imp=36392  n_red=616
02:24:35 | INFO |     step 13600  loss=2.0722  grp_sp=0.000  n_imp=36392  n_red=616
02:32:16 | INFO |     step 13800  loss=2.0754  grp_sp=0.000  n_imp=36392  n_red=616
02:39:16 | INFO |     step 14000  loss=2.0771  grp_sp=0.000  n_imp=36392  n_red=616
02:46:03 | INFO |     step 14200  loss=2.0785  grp_sp=0.000  n_imp=36392  n_red=616
02:53:16 | INFO |     step 14400  loss=2.0809  grp_sp=0.000  n_imp=36392  n_red=616
03:00:44 | INFO |     step 14600  loss=2.0817  grp_sp=0.000  n_imp=36392  n_red=616
03:08:23 | INFO |     step 14800  loss=2.0854  grp_sp=0.000  n_imp=36392  n_red=616
03:15:27 | INFO |     step 15000  loss=2.0853  grp_sp=0.000  n_imp=36392  n_red=616
03:22:47 | INFO |     step 15200  loss=2.0865  grp_sp=0.000  n_imp=36392  n_red=616
03:30:10 | INFO |     step 15400  loss=2.0882  grp_sp=0.000  n_imp=36392  n_red=616
03:37:33 | INFO |     step 15600  loss=2.0893  grp_sp=0.000  n_imp=36392  n_red=616
03:45:02 | INFO |     step 15800  loss=2.0902  grp_sp=0.000  n_imp=36392  n_red=616
03:51:51 | INFO |     step 16000  loss=2.0911  grp_sp=0.000  n_imp=36392  n_red=616
03:59:13 | INFO |     step 16200  loss=2.0916  grp_sp=0.000  n_imp=36392  n_red=616
04:07:05 | INFO |     step 16400  loss=2.0923  grp_sp=0.000  n_imp=36392  n_red=616
04:14:49 | INFO |     step 16600  loss=2.0911  grp_sp=0.000  n_imp=36392  n_red=616
04:21:44 | INFO |     step 16800  loss=2.0902  grp_sp=0.000  n_imp=36392  n_red=616
04:28:51 | INFO |     step 17000  loss=2.0897  grp_sp=0.000  n_imp=36392  n_red=616
04:36:02 | INFO |     step 17200  loss=2.0886  grp_sp=0.000  n_imp=36392  n_red=616
04:43:41 | INFO |     step 17400  loss=2.0882  grp_sp=0.000  n_imp=36392  n_red=616
04:51:15 | INFO |     step 17600  loss=2.0877  grp_sp=0.000  n_imp=36392  n_red=616
04:59:13 | INFO |     step 17800  loss=2.0864  grp_sp=0.000  n_imp=36392  n_red=616
05:06:56 | INFO |     step 18000  loss=2.0844  grp_sp=0.000  n_imp=36392  n_red=616
05:14:32 | INFO |     step 18200  loss=2.0827  grp_sp=0.000  n_imp=36392  n_red=616
05:22:04 | INFO |     step 18400  loss=2.0808  grp_sp=0.000  n_imp=36392  n_red=616
05:29:41 | INFO |     step 18600  loss=2.0782  grp_sp=0.000  n_imp=36392  n_red=616
05:37:17 | INFO |     step 18800  loss=2.0762  grp_sp=0.000  n_imp=36392  n_red=616
05:45:00 | INFO |     step 19000  loss=2.0753  grp_sp=0.000  n_imp=36392  n_red=616
05:52:32 | INFO |     step 19200  loss=2.0742  grp_sp=0.000  n_imp=36392  n_red=616
06:00:19 | INFO |     step 19400  loss=2.0734  grp_sp=0.000  n_imp=36392  n_red=616
06:08:21 | INFO |     step 19600  loss=2.0729  grp_sp=0.000  n_imp=36392  n_red=616
06:16:07 | INFO |     step 19800  loss=2.0724  grp_sp=0.000  n_imp=36392  n_red=616
06:23:52 | INFO |     step 20000  loss=2.0716  grp_sp=0.000  n_imp=36392  n_red=616
06:31:32 | INFO |     step 20200  loss=2.0703  grp_sp=0.000  n_imp=36392  n_red=616
06:39:09 | INFO |     step 20400  loss=2.0715  grp_sp=0.017  n_imp=35776  n_red=1232
06:47:19 | INFO |     step 20600  loss=2.0715  grp_sp=0.017  n_imp=35776  n_red=1232
06:55:07 | INFO |     step 20800  loss=2.0715  grp_sp=0.017  n_imp=35776  n_red=1232
07:03:33 | INFO |     step 21000  loss=2.0706  grp_sp=0.017  n_imp=35776  n_red=1232
07:11:19 | INFO |     step 21200  loss=2.0701  grp_sp=0.017  n_imp=35776  n_red=1232
07:18:58 | INFO |     step 21400  loss=2.0688  grp_sp=0.017  n_imp=35776  n_red=1232
07:27:04 | INFO |     step 21600  loss=2.0686  grp_sp=0.017  n_imp=35776  n_red=1232
07:35:00 | INFO |     step 21800  loss=2.0672  grp_sp=0.017  n_imp=35776  n_red=1232
07:42:36 | INFO |     step 22000  loss=2.0659  grp_sp=0.017  n_imp=35776  n_red=1232
07:55:43 | INFO | [EPOCH 1/3] loss=2.0651  grp_sp=0.017  EM=58.14  F1=69.36  elapsed=779.2min
07:58:29 | INFO |     step 22200  loss=1.6893  grp_sp=0.017  n_imp=35776  n_red=1232
08:06:25 | INFO |     step 22400  loss=1.7199  grp_sp=0.017  n_imp=35776  n_red=1232
08:14:41 | INFO |     step 22600  loss=1.7107  grp_sp=0.017  n_imp=35776  n_red=1232
08:22:37 | INFO |     step 22800  loss=1.7278  grp_sp=0.017  n_imp=35776  n_red=1232
08:30:34 | INFO |     step 23000  loss=1.7273  grp_sp=0.017  n_imp=35776  n_red=1232
08:38:33 | INFO |     step 23200  loss=1.7326  grp_sp=0.017  n_imp=35776  n_red=1232
08:46:31 | INFO |     step 23400  loss=1.7376  grp_sp=0.017  n_imp=35776  n_red=1232
08:54:19 | INFO |     step 23600  loss=1.7352  grp_sp=0.017  n_imp=35776  n_red=1232
09:02:09 | INFO |     step 23800  loss=1.7261  grp_sp=0.017  n_imp=35776  n_red=1232
09:10:01 | INFO |     step 24000  loss=1.7211  grp_sp=0.017  n_imp=35776  n_red=1232
09:17:57 | INFO |     step 24200  loss=1.7165  grp_sp=0.017  n_imp=35776  n_red=1232
09:26:12 | INFO |     step 24400  loss=1.7097  grp_sp=0.017  n_imp=35776  n_red=1232
09:34:07 | INFO |     step 24600  loss=1.7075  grp_sp=0.017  n_imp=35776  n_red=1232
09:42:10 | INFO |     step 24800  loss=1.7062  grp_sp=0.017  n_imp=35776  n_red=1232
09:50:22 | INFO |     step 25000  loss=1.7065  grp_sp=0.017  n_imp=35776  n_red=1232
09:58:08 | INFO |     step 25200  loss=1.7032  grp_sp=0.017  n_imp=35776  n_red=1232
10:05:35 | INFO |     step 25400  loss=1.7013  grp_sp=0.017  n_imp=35776  n_red=1232
10:12:33 | INFO |     step 25600  loss=1.6994  grp_sp=0.017  n_imp=35776  n_red=1232
10:19:32 | INFO |     step 25800  loss=1.6976  grp_sp=0.017  n_imp=35776  n_red=1232
10:26:30 | INFO |     step 26000  loss=1.7000  grp_sp=0.017  n_imp=35776  n_red=1232
10:33:32 | INFO |     step 26200  loss=1.6978  grp_sp=0.017  n_imp=35776  n_red=1232
10:40:32 | INFO |     step 26400  loss=1.6933  grp_sp=0.017  n_imp=35776  n_red=1232
10:47:29 | INFO |     step 26600  loss=1.6894  grp_sp=0.017  n_imp=35776  n_red=1232
10:54:28 | INFO |     step 26800  loss=1.6901  grp_sp=0.017  n_imp=35776  n_red=1232
11:01:31 | INFO |     step 27000  loss=1.6894  grp_sp=0.017  n_imp=35776  n_red=1232
11:08:33 | INFO |     step 27200  loss=1.6860  grp_sp=0.017  n_imp=35776  n_red=1232
11:15:33 | INFO |     step 27400  loss=1.6838  grp_sp=0.017  n_imp=35776  n_red=1232
11:22:32 | INFO |     step 27600  loss=1.6794  grp_sp=0.017  n_imp=35776  n_red=1232
11:29:35 | INFO |     step 27800  loss=1.6769  grp_sp=0.017  n_imp=35776  n_red=1232
11:36:33 | INFO |     step 28000  loss=1.6752  grp_sp=0.017  n_imp=35776  n_red=1232
11:43:33 | INFO |     step 28200  loss=1.6717  grp_sp=0.017  n_imp=35776  n_red=1232
11:50:36 | INFO |     step 28400  loss=1.6690  grp_sp=0.017  n_imp=35776  n_red=1232
11:57:40 | INFO |     step 28600  loss=1.6681  grp_sp=0.017  n_imp=35776  n_red=1232
12:04:36 | INFO |     step 28800  loss=1.6674  grp_sp=0.017  n_imp=35776  n_red=1232
12:11:29 | INFO |     step 29000  loss=1.6661  grp_sp=0.017  n_imp=35776  n_red=1232
12:18:17 | INFO |     step 29200  loss=1.6652  grp_sp=0.017  n_imp=35776  n_red=1232
12:25:10 | INFO |     step 29400  loss=1.6630  grp_sp=0.017  n_imp=35776  n_red=1232
12:32:06 | INFO |     step 29600  loss=1.6620  grp_sp=0.033  n_imp=35160  n_red=1848
12:39:05 | INFO |     step 29800  loss=1.6605  grp_sp=0.033  n_imp=35160  n_red=1848
12:46:02 | INFO |     step 30000  loss=1.6595  grp_sp=0.033  n_imp=35160  n_red=1848
12:53:06 | INFO |     step 30200  loss=1.6600  grp_sp=0.033  n_imp=35160  n_red=1848
13:00:08 | INFO |     step 30400  loss=1.6599  grp_sp=0.033  n_imp=35160  n_red=1848
13:07:16 | INFO |     step 30600  loss=1.6620  grp_sp=0.033  n_imp=35160  n_red=1848
13:14:20 | INFO |     step 30800  loss=1.6603  grp_sp=0.033  n_imp=35160  n_red=1848
13:21:21 | INFO |     step 31000  loss=1.6577  grp_sp=0.033  n_imp=35160  n_red=1848
13:28:26 | INFO |     step 31200  loss=1.6550  grp_sp=0.033  n_imp=35160  n_red=1848
13:35:29 | INFO |     step 31400  loss=1.6529  grp_sp=0.033  n_imp=35160  n_red=1848
13:42:30 | INFO |     step 31600  loss=1.6490  grp_sp=0.033  n_imp=35160  n_red=1848
13:49:32 | INFO |     step 31800  loss=1.6487  grp_sp=0.033  n_imp=35160  n_red=1848
13:56:40 | INFO |     step 32000  loss=1.6465  grp_sp=0.033  n_imp=35160  n_red=1848
14:03:44 | INFO |     step 32200  loss=1.6450  grp_sp=0.033  n_imp=35160  n_red=1848
14:10:48 | INFO |     step 32400  loss=1.6432  grp_sp=0.033  n_imp=35160  n_red=1848
14:17:53 | INFO |     step 32600  loss=1.6421  grp_sp=0.033  n_imp=35160  n_red=1848
14:24:59 | INFO |     step 32800  loss=1.6410  grp_sp=0.033  n_imp=35160  n_red=1848
14:32:02 | INFO |     step 33000  loss=1.6400  grp_sp=0.033  n_imp=35160  n_red=1848
14:39:08 | INFO |     step 33200  loss=1.6379  grp_sp=0.033  n_imp=35160  n_red=1848
14:46:09 | INFO |     step 33400  loss=1.6363  grp_sp=0.033  n_imp=35160  n_red=1848
14:53:13 | INFO |     step 33600  loss=1.6354  grp_sp=0.033  n_imp=35160  n_red=1848
15:00:13 | INFO |     step 33800  loss=1.6343  grp_sp=0.033  n_imp=35160  n_red=1848
15:07:13 | INFO |     step 34000  loss=1.6328  grp_sp=0.033  n_imp=35160  n_red=1848
15:14:12 | INFO |     step 34200  loss=1.6308  grp_sp=0.033  n_imp=35160  n_red=1848
15:21:14 | INFO |     step 34400  loss=1.6306  grp_sp=0.033  n_imp=35160  n_red=1848
15:28:14 | INFO |     step 34600  loss=1.6292  grp_sp=0.033  n_imp=35160  n_red=1848
15:35:16 | INFO |     step 34800  loss=1.6281  grp_sp=0.033  n_imp=35160  n_red=1848
15:42:25 | INFO |     step 35000  loss=1.6270  grp_sp=0.033  n_imp=35160  n_red=1848
15:49:26 | INFO |     step 35200  loss=1.6250  grp_sp=0.033  n_imp=35160  n_red=1848
15:56:26 | INFO |     step 35400  loss=1.6230  grp_sp=0.033  n_imp=35160  n_red=1848
16:03:25 | INFO |     step 35600  loss=1.6226  grp_sp=0.033  n_imp=35160  n_red=1848
16:10:23 | INFO |     step 35800  loss=1.6199  grp_sp=0.033  n_imp=35160  n_red=1848
16:17:25 | INFO |     step 36000  loss=1.6188  grp_sp=0.033  n_imp=35160  n_red=1848
16:24:18 | INFO |     step 36200  loss=1.6183  grp_sp=0.033  n_imp=35160  n_red=1848
16:31:16 | INFO |     step 36400  loss=1.6162  grp_sp=0.033  n_imp=35160  n_red=1848
16:38:11 | INFO |     step 36600  loss=1.6148  grp_sp=0.033  n_imp=35160  n_red=1848
16:45:18 | INFO |     step 36800  loss=1.6138  grp_sp=0.033  n_imp=35160  n_red=1848
16:52:25 | INFO |     step 37000  loss=1.6129  grp_sp=0.033  n_imp=35160  n_red=1848
16:59:30 | INFO |     step 37200  loss=1.6108  grp_sp=0.033  n_imp=35160  n_red=1848
17:06:35 | INFO |     step 37400  loss=1.6096  grp_sp=0.033  n_imp=35160  n_red=1848
