18:48:41 | INFO | [log] ./results/phase5_20260427_184841.log
18:48:41 | INFO | [env] torch=2.5.1+cu121  device=cuda
18:48:41 | INFO | [cfg] sparsity=[0.1]  epochs=3  bs=4  lr=3e-05  lr_quant=0.0001  br=2  P=6  Kp=6  seed=42
18:48:49 | INFO | [DATA] raw train=87599  raw val=10570
18:48:49 | INFO | [DATA] train features=88524  val features=10784
18:48:49 | INFO | 
============================================================
18:48:49 | INFO |   EXPERIMENT: sparsity=0.1  tag=A3_lrsched_sp10
18:48:49 | INFO | ============================================================
18:48:49 | INFO | [M1] loading BERT QA
18:48:51 | INFO | [M2] quantize wrap + STE fix
18:48:54 | INFO | [CALIB] running 8 batches of bs=4
18:48:56 | INFO | [calib] 8 batches over 73 layers  (skipped=0)  num_bits=16  safety=1.05
18:48:56 | INFO | [calib] observed max|x|: min=2.665  median=14.866  max=137.556
18:48:56 | INFO | [M3] building OTO graph
18:52:27 | INFO | [SCHED] steps/epoch=22131  total=66393  start_prune=11065 (0.50 ep)  prune_steps=55325 (2.50 ep)  prune_periods=6  proj_periods=6  proj_steps=11065 (0.50 ep)
18:52:27 | INFO | [BIT]   min_bit_wt=4  max_bit_wt=16  bit_reduction=2  calib_num_bits=16
18:52:27 | INFO | [LR]    scheduler=linear  warmup_ratio=0.1  lr=3e-05  lr_quant=0.0001
18:52:27 | INFO | [M4] building GETA optimizer
18:52:27 | INFO | [M4] GETA optimizer built, 26 param groups
18:52:27 | INFO | [LR] linear schedule warmup=6639 decay over 59754
18:52:27 | INFO | [TRAIN] starting
18:59:31 | INFO |     step 200  loss=5.8776  grp_sp=0.000  n_imp=37008  n_red=0
19:06:29 | INFO |     step 400  loss=5.7582  grp_sp=0.000  n_imp=37008  n_red=0
19:13:30 | INFO |     step 600  loss=5.4593  grp_sp=0.000  n_imp=37008  n_red=0
19:20:23 | INFO |     step 800  loss=5.1631  grp_sp=0.000  n_imp=37008  n_red=0
19:27:31 | INFO |     step 1000  loss=4.8587  grp_sp=0.000  n_imp=37008  n_red=0
19:34:22 | INFO |     step 1200  loss=4.5496  grp_sp=0.000  n_imp=37008  n_red=0
19:41:14 | INFO |     step 1400  loss=4.2669  grp_sp=0.000  n_imp=37008  n_red=0
19:48:13 | INFO |     step 1600  loss=4.0320  grp_sp=0.000  n_imp=37008  n_red=0
19:54:39 | INFO |     step 1800  loss=3.8411  grp_sp=0.000  n_imp=37008  n_red=0
20:01:28 | INFO |     step 2000  loss=3.6727  grp_sp=0.000  n_imp=37008  n_red=0
20:08:34 | INFO |     step 2200  loss=3.5249  grp_sp=0.000  n_imp=37008  n_red=0
20:15:49 | INFO |     step 2400  loss=3.3957  grp_sp=0.000  n_imp=37008  n_red=0
20:22:46 | INFO |     step 2600  loss=3.2792  grp_sp=0.000  n_imp=37008  n_red=0
20:29:49 | INFO |     step 2800  loss=3.1683  grp_sp=0.000  n_imp=37008  n_red=0
20:36:40 | INFO |     step 3000  loss=3.0728  grp_sp=0.000  n_imp=37008  n_red=0
20:43:41 | INFO |     step 3200  loss=2.9831  grp_sp=0.000  n_imp=37008  n_red=0
20:49:57 | INFO |     step 3400  loss=2.9018  grp_sp=0.000  n_imp=37008  n_red=0
20:56:05 | INFO |     step 3600  loss=2.8280  grp_sp=0.000  n_imp=37008  n_red=0
21:02:16 | INFO |     step 3800  loss=2.7621  grp_sp=0.000  n_imp=37008  n_red=0
21:08:52 | INFO |     step 4000  loss=2.7010  grp_sp=0.000  n_imp=37008  n_red=0
21:15:11 | INFO |     step 4200  loss=2.6429  grp_sp=0.000  n_imp=37008  n_red=0
21:21:41 | INFO |     step 4400  loss=2.5872  grp_sp=0.000  n_imp=37008  n_red=0
21:27:56 | INFO |     step 4600  loss=2.5389  grp_sp=0.000  n_imp=37008  n_red=0
21:34:30 | INFO |     step 4800  loss=2.4957  grp_sp=0.000  n_imp=37008  n_red=0
21:41:01 | INFO |     step 5000  loss=2.4513  grp_sp=0.000  n_imp=37008  n_red=0
21:47:29 | INFO |     step 5200  loss=2.4100  grp_sp=0.000  n_imp=37008  n_red=0
21:53:55 | INFO |     step 5400  loss=2.3736  grp_sp=0.000  n_imp=37008  n_red=0
22:00:48 | INFO |     step 5600  loss=2.3416  grp_sp=0.000  n_imp=37008  n_red=0
22:07:38 | INFO |     step 5800  loss=2.3056  grp_sp=0.000  n_imp=37008  n_red=0
22:14:44 | INFO |     step 6000  loss=2.2785  grp_sp=0.000  n_imp=37008  n_red=0
22:21:47 | INFO |     step 6200  loss=2.2466  grp_sp=0.000  n_imp=37008  n_red=0
22:28:35 | INFO |     step 6400  loss=2.2225  grp_sp=0.000  n_imp=37008  n_red=0
22:35:38 | INFO |     step 6600  loss=2.1998  grp_sp=0.000  n_imp=37008  n_red=0
22:42:23 | INFO |     step 6800  loss=2.1755  grp_sp=0.000  n_imp=37008  n_red=0
22:49:22 | INFO |     step 7000  loss=2.1528  grp_sp=0.000  n_imp=37008  n_red=0
22:56:13 | INFO |     step 7200  loss=2.1300  grp_sp=0.000  n_imp=37008  n_red=0
23:03:09 | INFO |     step 7400  loss=2.1088  grp_sp=0.000  n_imp=37008  n_red=0
23:10:02 | INFO |     step 7600  loss=2.0883  grp_sp=0.000  n_imp=37008  n_red=0
23:17:10 | INFO |     step 7800  loss=2.0714  grp_sp=0.000  n_imp=37008  n_red=0
23:24:05 | INFO |     step 8000  loss=2.0539  grp_sp=0.000  n_imp=37008  n_red=0
23:30:57 | INFO |     step 8200  loss=2.0360  grp_sp=0.000  n_imp=37008  n_red=0
23:37:41 | INFO |     step 8400  loss=2.0184  grp_sp=0.000  n_imp=37008  n_red=0
23:44:50 | INFO |     step 8600  loss=2.0016  grp_sp=0.000  n_imp=37008  n_red=0
23:51:41 | INFO |     step 8800  loss=1.9850  grp_sp=0.000  n_imp=37008  n_red=0
23:58:26 | INFO |     step 9000  loss=1.9696  grp_sp=0.000  n_imp=37008  n_red=0
00:05:43 | INFO |     step 9200  loss=1.9559  grp_sp=0.000  n_imp=37008  n_red=0
00:13:04 | INFO |     step 9400  loss=1.9595  grp_sp=0.000  n_imp=37008  n_red=0
00:20:14 | INFO |     step 9600  loss=1.9534  grp_sp=0.000  n_imp=37008  n_red=0
00:27:21 | INFO |     step 9800  loss=1.9454  grp_sp=0.000  n_imp=37008  n_red=0
00:34:41 | INFO |     step 10000  loss=1.9361  grp_sp=0.000  n_imp=37008  n_red=0
00:42:04 | INFO |     step 10200  loss=1.9262  grp_sp=0.000  n_imp=37008  n_red=0
00:48:55 | INFO |     step 10400  loss=1.9168  grp_sp=0.000  n_imp=37008  n_red=0
00:55:56 | INFO |     step 10600  loss=1.9077  grp_sp=0.000  n_imp=37008  n_red=0
01:02:42 | INFO |     step 10800  loss=1.8975  grp_sp=0.000  n_imp=37008  n_red=0
01:09:36 | INFO |     step 11000  loss=1.8897  grp_sp=0.000  n_imp=37008  n_red=0
01:16:55 | INFO |     step 11200  loss=1.9246  grp_sp=0.000  n_imp=36392  n_red=616
01:24:33 | INFO |     step 11400  loss=1.9595  grp_sp=0.000  n_imp=36392  n_red=616
01:32:06 | INFO |     step 11600  loss=1.9802  grp_sp=0.000  n_imp=36392  n_red=616
01:39:43 | INFO |     step 11800  loss=1.9954  grp_sp=0.000  n_imp=36392  n_red=616
01:47:09 | INFO |     step 12000  loss=2.0090  grp_sp=0.000  n_imp=36392  n_red=616
01:54:56 | INFO |     step 12200  loss=2.0281  grp_sp=0.000  n_imp=36392  n_red=616
02:02:50 | INFO |     step 12400  loss=2.0399  grp_sp=0.000  n_imp=36392  n_red=616
02:10:52 | INFO |     step 12600  loss=2.0482  grp_sp=0.000  n_imp=36392  n_red=616
02:18:38 | INFO |     step 12800  loss=2.0548  grp_sp=0.000  n_imp=36392  n_red=616
02:26:07 | INFO |     step 13000  loss=2.0606  grp_sp=0.000  n_imp=36392  n_red=616
02:33:43 | INFO |     step 13200  loss=2.0658  grp_sp=0.000  n_imp=36392  n_red=616
02:41:11 | INFO |     step 13400  loss=2.0690  grp_sp=0.000  n_imp=36392  n_red=616
02:48:28 | INFO |     step 13600  loss=2.0722  grp_sp=0.000  n_imp=36392  n_red=616
02:55:58 | INFO |     step 13800  loss=2.0754  grp_sp=0.000  n_imp=36392  n_red=616
03:03:44 | INFO |     step 14000  loss=2.0771  grp_sp=0.000  n_imp=36392  n_red=616
03:11:17 | INFO |     step 14200  loss=2.0785  grp_sp=0.000  n_imp=36392  n_red=616
03:18:43 | INFO |     step 14400  loss=2.0809  grp_sp=0.000  n_imp=36392  n_red=616
03:26:04 | INFO |     step 14600  loss=2.0817  grp_sp=0.000  n_imp=36392  n_red=616
03:33:01 | INFO |     step 14800  loss=2.0854  grp_sp=0.000  n_imp=36392  n_red=616
03:40:13 | INFO |     step 15000  loss=2.0853  grp_sp=0.000  n_imp=36392  n_red=616
03:47:35 | INFO |     step 15200  loss=2.0865  grp_sp=0.000  n_imp=36392  n_red=616
03:55:04 | INFO |     step 15400  loss=2.0882  grp_sp=0.000  n_imp=36392  n_red=616
04:02:10 | INFO |     step 15600  loss=2.0893  grp_sp=0.000  n_imp=36392  n_red=616
04:09:15 | INFO |     step 15800  loss=2.0902  grp_sp=0.000  n_imp=36392  n_red=616
04:16:07 | INFO |     step 16000  loss=2.0911  grp_sp=0.000  n_imp=36392  n_red=616
04:23:29 | INFO |     step 16200  loss=2.0916  grp_sp=0.000  n_imp=36392  n_red=616
04:30:57 | INFO |     step 16400  loss=2.0923  grp_sp=0.000  n_imp=36392  n_red=616
04:38:23 | INFO |     step 16600  loss=2.0911  grp_sp=0.000  n_imp=36392  n_red=616
04:45:34 | INFO |     step 16800  loss=2.0902  grp_sp=0.000  n_imp=36392  n_red=616
04:52:46 | INFO |     step 17000  loss=2.0897  grp_sp=0.000  n_imp=36392  n_red=616
04:59:38 | INFO |     step 17200  loss=2.0886  grp_sp=0.000  n_imp=36392  n_red=616
05:06:54 | INFO |     step 17400  loss=2.0882  grp_sp=0.000  n_imp=36392  n_red=616
05:13:56 | INFO |     step 17600  loss=2.0877  grp_sp=0.000  n_imp=36392  n_red=616
05:21:05 | INFO |     step 17800  loss=2.0864  grp_sp=0.000  n_imp=36392  n_red=616
05:28:01 | INFO |     step 18000  loss=2.0844  grp_sp=0.000  n_imp=36392  n_red=616
05:35:20 | INFO |     step 18200  loss=2.0827  grp_sp=0.000  n_imp=36392  n_red=616
05:42:13 | INFO |     step 18400  loss=2.0808  grp_sp=0.000  n_imp=36392  n_red=616
05:49:18 | INFO |     step 18600  loss=2.0782  grp_sp=0.000  n_imp=36392  n_red=616
05:56:18 | INFO |     step 18800  loss=2.0762  grp_sp=0.000  n_imp=36392  n_red=616
06:03:10 | INFO |     step 19000  loss=2.0753  grp_sp=0.000  n_imp=36392  n_red=616
06:09:44 | INFO |     step 19200  loss=2.0742  grp_sp=0.000  n_imp=36392  n_red=616
06:16:52 | INFO |     step 19400  loss=2.0734  grp_sp=0.000  n_imp=36392  n_red=616
06:23:59 | INFO |     step 19600  loss=2.0729  grp_sp=0.000  n_imp=36392  n_red=616
06:31:02 | INFO |     step 19800  loss=2.0724  grp_sp=0.000  n_imp=36392  n_red=616
06:38:17 | INFO |     step 20000  loss=2.0716  grp_sp=0.000  n_imp=36392  n_red=616
06:45:21 | INFO |     step 20200  loss=2.0703  grp_sp=0.000  n_imp=36392  n_red=616
06:53:10 | INFO |     step 20400  loss=2.0715  grp_sp=0.017  n_imp=35776  n_red=1232
07:00:25 | INFO |     step 20600  loss=2.0715  grp_sp=0.017  n_imp=35776  n_red=1232
07:07:34 | INFO |     step 20800  loss=2.0715  grp_sp=0.017  n_imp=35776  n_red=1232
07:14:38 | INFO |     step 21000  loss=2.0706  grp_sp=0.017  n_imp=35776  n_red=1232
07:21:55 | INFO |     step 21200  loss=2.0701  grp_sp=0.017  n_imp=35776  n_red=1232
07:29:35 | INFO |     step 21400  loss=2.0688  grp_sp=0.017  n_imp=35776  n_red=1232
07:37:19 | INFO |     step 21600  loss=2.0686  grp_sp=0.017  n_imp=35776  n_red=1232
07:44:54 | INFO |     step 21800  loss=2.0672  grp_sp=0.017  n_imp=35776  n_red=1232
07:52:33 | INFO |     step 22000  loss=2.0659  grp_sp=0.017  n_imp=35776  n_red=1232
08:03:55 | INFO | [EPOCH 1/3] loss=2.0651  grp_sp=0.017  EM=58.14  F1=69.36  elapsed=784.8min
08:06:21 | INFO |     step 22200  loss=1.6893  grp_sp=0.017  n_imp=35776  n_red=1232
08:13:18 | INFO |     step 22400  loss=1.7199  grp_sp=0.017  n_imp=35776  n_red=1232
08:20:21 | INFO |     step 22600  loss=1.7107  grp_sp=0.017  n_imp=35776  n_red=1232
08:27:28 | INFO |     step 22800  loss=1.7278  grp_sp=0.017  n_imp=35776  n_red=1232
08:34:30 | INFO |     step 23000  loss=1.7273  grp_sp=0.017  n_imp=35776  n_red=1232
08:41:34 | INFO |     step 23200  loss=1.7326  grp_sp=0.017  n_imp=35776  n_red=1232
08:48:42 | INFO |     step 23400  loss=1.7376  grp_sp=0.017  n_imp=35776  n_red=1232
08:55:41 | INFO |     step 23600  loss=1.7352  grp_sp=0.017  n_imp=35776  n_red=1232
09:02:43 | INFO |     step 23800  loss=1.7261  grp_sp=0.017  n_imp=35776  n_red=1232
09:09:50 | INFO |     step 24000  loss=1.7211  grp_sp=0.017  n_imp=35776  n_red=1232
09:16:54 | INFO |     step 24200  loss=1.7165  grp_sp=0.017  n_imp=35776  n_red=1232
09:23:54 | INFO |     step 24400  loss=1.7097  grp_sp=0.017  n_imp=35776  n_red=1232
09:30:58 | INFO |     step 24600  loss=1.7075  grp_sp=0.017  n_imp=35776  n_red=1232
09:37:57 | INFO |     step 24800  loss=1.7062  grp_sp=0.017  n_imp=35776  n_red=1232
09:45:03 | INFO |     step 25000  loss=1.7065  grp_sp=0.017  n_imp=35776  n_red=1232
09:52:06 | INFO |     step 25200  loss=1.7032  grp_sp=0.017  n_imp=35776  n_red=1232
09:59:10 | INFO |     step 25400  loss=1.7013  grp_sp=0.017  n_imp=35776  n_red=1232
10:06:16 | INFO |     step 25600  loss=1.6994  grp_sp=0.017  n_imp=35776  n_red=1232
10:13:17 | INFO |     step 25800  loss=1.6976  grp_sp=0.017  n_imp=35776  n_red=1232
10:20:18 | INFO |     step 26000  loss=1.7000  grp_sp=0.017  n_imp=35776  n_red=1232
10:27:21 | INFO |     step 26200  loss=1.6978  grp_sp=0.017  n_imp=35776  n_red=1232
10:34:18 | INFO |     step 26400  loss=1.6933  grp_sp=0.017  n_imp=35776  n_red=1232
10:41:22 | INFO |     step 26600  loss=1.6894  grp_sp=0.017  n_imp=35776  n_red=1232
10:48:29 | INFO |     step 26800  loss=1.6901  grp_sp=0.017  n_imp=35776  n_red=1232
10:55:26 | INFO |     step 27000  loss=1.6894  grp_sp=0.017  n_imp=35776  n_red=1232
11:02:25 | INFO |     step 27200  loss=1.6860  grp_sp=0.017  n_imp=35776  n_red=1232
11:09:33 | INFO |     step 27400  loss=1.6838  grp_sp=0.017  n_imp=35776  n_red=1232
11:16:39 | INFO |     step 27600  loss=1.6794  grp_sp=0.017  n_imp=35776  n_red=1232
11:23:39 | INFO |     step 27800  loss=1.6769  grp_sp=0.017  n_imp=35776  n_red=1232
11:30:43 | INFO |     step 28000  loss=1.6752  grp_sp=0.017  n_imp=35776  n_red=1232
11:37:43 | INFO |     step 28200  loss=1.6717  grp_sp=0.017  n_imp=35776  n_red=1232
11:44:43 | INFO |     step 28400  loss=1.6690  grp_sp=0.017  n_imp=35776  n_red=1232
11:51:47 | INFO |     step 28600  loss=1.6681  grp_sp=0.017  n_imp=35776  n_red=1232
11:58:52 | INFO |     step 28800  loss=1.6674  grp_sp=0.017  n_imp=35776  n_red=1232
12:05:57 | INFO |     step 29000  loss=1.6661  grp_sp=0.017  n_imp=35776  n_red=1232
12:13:02 | INFO |     step 29200  loss=1.6652  grp_sp=0.017  n_imp=35776  n_red=1232
12:20:02 | INFO |     step 29400  loss=1.6630  grp_sp=0.017  n_imp=35776  n_red=1232
12:27:05 | INFO |     step 29600  loss=1.6620  grp_sp=0.033  n_imp=35160  n_red=1848
12:34:12 | INFO |     step 29800  loss=1.6605  grp_sp=0.033  n_imp=35160  n_red=1848
12:41:16 | INFO |     step 30000  loss=1.6595  grp_sp=0.033  n_imp=35160  n_red=1848
12:48:19 | INFO |     step 30200  loss=1.6600  grp_sp=0.033  n_imp=35160  n_red=1848
12:55:28 | INFO |     step 30400  loss=1.6599  grp_sp=0.033  n_imp=35160  n_red=1848
13:02:27 | INFO |     step 30600  loss=1.6620  grp_sp=0.033  n_imp=35160  n_red=1848
13:09:29 | INFO |     step 30800  loss=1.6603  grp_sp=0.033  n_imp=35160  n_red=1848
13:16:32 | INFO |     step 31000  loss=1.6577  grp_sp=0.033  n_imp=35160  n_red=1848
13:23:44 | INFO |     step 31200  loss=1.6550  grp_sp=0.033  n_imp=35160  n_red=1848
13:30:49 | INFO |     step 31400  loss=1.6529  grp_sp=0.033  n_imp=35160  n_red=1848
13:37:49 | INFO |     step 31600  loss=1.6490  grp_sp=0.033  n_imp=35160  n_red=1848
13:44:53 | INFO |     step 31800  loss=1.6487  grp_sp=0.033  n_imp=35160  n_red=1848
13:51:55 | INFO |     step 32000  loss=1.6465  grp_sp=0.033  n_imp=35160  n_red=1848
13:59:00 | INFO |     step 32200  loss=1.6450  grp_sp=0.033  n_imp=35160  n_red=1848
14:06:00 | INFO |     step 32400  loss=1.6432  grp_sp=0.033  n_imp=35160  n_red=1848
14:13:08 | INFO |     step 32600  loss=1.6421  grp_sp=0.033  n_imp=35160  n_red=1848
14:20:13 | INFO |     step 32800  loss=1.6410  grp_sp=0.033  n_imp=35160  n_red=1848
14:27:11 | INFO |     step 33000  loss=1.6400  grp_sp=0.033  n_imp=35160  n_red=1848
14:34:12 | INFO |     step 33200  loss=1.6379  grp_sp=0.033  n_imp=35160  n_red=1848
14:41:14 | INFO |     step 33400  loss=1.6363  grp_sp=0.033  n_imp=35160  n_red=1848
14:48:21 | INFO |     step 33600  loss=1.6354  grp_sp=0.033  n_imp=35160  n_red=1848
14:55:28 | INFO |     step 33800  loss=1.6343  grp_sp=0.033  n_imp=35160  n_red=1848
15:02:31 | INFO |     step 34000  loss=1.6328  grp_sp=0.033  n_imp=35160  n_red=1848
15:09:34 | INFO |     step 34200  loss=1.6308  grp_sp=0.033  n_imp=35160  n_red=1848
15:16:33 | INFO |     step 34400  loss=1.6306  grp_sp=0.033  n_imp=35160  n_red=1848
15:23:33 | INFO |     step 34600  loss=1.6292  grp_sp=0.033  n_imp=35160  n_red=1848
15:30:33 | INFO |     step 34800  loss=1.6281  grp_sp=0.033  n_imp=35160  n_red=1848
15:37:34 | INFO |     step 35000  loss=1.6270  grp_sp=0.033  n_imp=35160  n_red=1848
15:44:36 | INFO |     step 35200  loss=1.6250  grp_sp=0.033  n_imp=35160  n_red=1848
15:51:39 | INFO |     step 35400  loss=1.6230  grp_sp=0.033  n_imp=35160  n_red=1848
15:58:39 | INFO |     step 35600  loss=1.6226  grp_sp=0.033  n_imp=35160  n_red=1848
16:05:34 | INFO |     step 35800  loss=1.6199  grp_sp=0.033  n_imp=35160  n_red=1848
16:12:34 | INFO |     step 36000  loss=1.6188  grp_sp=0.033  n_imp=35160  n_red=1848
16:19:34 | INFO |     step 36200  loss=1.6183  grp_sp=0.033  n_imp=35160  n_red=1848
16:26:35 | INFO |     step 36400  loss=1.6162  grp_sp=0.033  n_imp=35160  n_red=1848
16:33:35 | INFO |     step 36600  loss=1.6148  grp_sp=0.033  n_imp=35160  n_red=1848
16:40:35 | INFO |     step 36800  loss=1.6138  grp_sp=0.033  n_imp=35160  n_red=1848
16:47:38 | INFO |     step 37000  loss=1.6129  grp_sp=0.033  n_imp=35160  n_red=1848
16:54:36 | INFO |     step 37200  loss=1.6108  grp_sp=0.033  n_imp=35160  n_red=1848
17:01:42 | INFO |     step 37400  loss=1.6096  grp_sp=0.033  n_imp=35160  n_red=1848
