18:49:24 | INFO | [log] ./results/phase5_20260427_184924.log
18:49:24 | INFO | [env] torch=2.5.1+cu121  device=cuda
18:49:24 | INFO | [cfg] sparsity=[0.1]  epochs=3  bs=4  lr=3e-05  lr_quant=0.0001  br=2  P=6  Kp=6  seed=42
18:49:32 | INFO | [DATA] raw train=87599  raw val=10570
18:49:32 | INFO | [DATA] train features=88524  val features=10784
18:49:32 | INFO | 
============================================================
18:49:32 | INFO |   EXPERIMENT: sparsity=0.1  tag=A6_bigcalib_sp10
18:49:32 | INFO | ============================================================
18:49:32 | INFO | [M1] loading BERT QA
18:49:36 | INFO | [M2] quantize wrap + STE fix
18:49:39 | INFO | [CALIB] running 64 batches of bs=8
18:49:58 | INFO | [calib] 64 batches over 73 layers  (skipped=0)  num_bits=16  safety=1.05
18:49:58 | INFO | [calib] observed max|x|: min=3.172  median=14.879  max=140.737
18:49:58 | INFO | [M3] building OTO graph
18:52:14 | INFO | [SCHED] steps/epoch=22131  total=66393  start_prune=11065 (0.50 ep)  prune_steps=55325 (2.50 ep)  prune_periods=6  proj_periods=6  proj_steps=11065 (0.50 ep)
18:52:14 | INFO | [BIT]   min_bit_wt=4  max_bit_wt=16  bit_reduction=2  calib_num_bits=16
18:52:14 | INFO | [LR]    scheduler=none  warmup_ratio=0.1  lr=3e-05  lr_quant=0.0001
18:52:14 | INFO | [M4] building GETA optimizer
18:52:14 | INFO | [M4] GETA optimizer built, 26 param groups
18:52:14 | INFO | [TRAIN] starting
18:59:13 | INFO |     step 200  loss=4.1787  grp_sp=0.000  n_imp=37008  n_red=0
19:06:08 | INFO |     step 400  loss=3.4323  grp_sp=0.000  n_imp=37008  n_red=0
19:13:05 | INFO |     step 600  loss=3.0008  grp_sp=0.000  n_imp=37008  n_red=0
19:19:55 | INFO |     step 800  loss=2.7194  grp_sp=0.000  n_imp=37008  n_red=0
19:26:58 | INFO |     step 1000  loss=2.5407  grp_sp=0.000  n_imp=37008  n_red=0
19:33:39 | INFO |     step 1200  loss=2.4119  grp_sp=0.000  n_imp=37008  n_red=0
19:40:32 | INFO |     step 1400  loss=2.3047  grp_sp=0.000  n_imp=37008  n_red=0
19:47:20 | INFO |     step 1600  loss=2.2086  grp_sp=0.000  n_imp=37008  n_red=0
19:53:49 | INFO |     step 1800  loss=2.1359  grp_sp=0.000  n_imp=37008  n_red=0
20:00:43 | INFO |     step 2000  loss=2.0818  grp_sp=0.000  n_imp=37008  n_red=0
20:07:37 | INFO |     step 2200  loss=2.0332  grp_sp=0.000  n_imp=37008  n_red=0
20:15:03 | INFO |     step 2400  loss=1.9943  grp_sp=0.000  n_imp=37008  n_red=0
20:22:01 | INFO |     step 2600  loss=1.9584  grp_sp=0.000  n_imp=37008  n_red=0
20:28:52 | INFO |     step 2800  loss=1.9187  grp_sp=0.000  n_imp=37008  n_red=0
20:35:44 | INFO |     step 3000  loss=1.8898  grp_sp=0.000  n_imp=37008  n_red=0
20:42:49 | INFO |     step 3200  loss=1.8623  grp_sp=0.000  n_imp=37008  n_red=0
20:50:28 | INFO |     step 3400  loss=1.8335  grp_sp=0.000  n_imp=37008  n_red=0
20:58:05 | INFO |     step 3600  loss=1.8081  grp_sp=0.000  n_imp=37008  n_red=0
21:05:30 | INFO |     step 3800  loss=1.7849  grp_sp=0.000  n_imp=37008  n_red=0
21:13:02 | INFO |     step 4000  loss=1.7644  grp_sp=0.000  n_imp=37008  n_red=0
21:20:26 | INFO |     step 4200  loss=1.7441  grp_sp=0.000  n_imp=37008  n_red=0
21:27:15 | INFO |     step 4400  loss=1.7254  grp_sp=0.000  n_imp=37008  n_red=0
21:33:50 | INFO |     step 4600  loss=1.7090  grp_sp=0.000  n_imp=37008  n_red=0
21:40:26 | INFO |     step 4800  loss=1.6943  grp_sp=0.000  n_imp=37008  n_red=0
21:47:01 | INFO |     step 5000  loss=1.6761  grp_sp=0.000  n_imp=37008  n_red=0
21:53:27 | INFO |     step 5200  loss=1.6605  grp_sp=0.000  n_imp=37008  n_red=0
22:00:22 | INFO |     step 5400  loss=1.6478  grp_sp=0.000  n_imp=37008  n_red=0
22:07:13 | INFO |     step 5600  loss=1.6366  grp_sp=0.000  n_imp=37008  n_red=0
22:14:13 | INFO |     step 5800  loss=1.6197  grp_sp=0.000  n_imp=37008  n_red=0
22:21:05 | INFO |     step 6000  loss=1.6120  grp_sp=0.000  n_imp=37008  n_red=0
22:27:51 | INFO |     step 6200  loss=1.5969  grp_sp=0.000  n_imp=37008  n_red=0
22:34:50 | INFO |     step 6400  loss=1.5897  grp_sp=0.000  n_imp=37008  n_red=0
22:41:42 | INFO |     step 6600  loss=1.5821  grp_sp=0.000  n_imp=37008  n_red=0
22:48:29 | INFO |     step 6800  loss=1.5716  grp_sp=0.000  n_imp=37008  n_red=0
22:55:17 | INFO |     step 7000  loss=1.5628  grp_sp=0.000  n_imp=37008  n_red=0
23:02:05 | INFO |     step 7200  loss=1.5537  grp_sp=0.000  n_imp=37008  n_red=0
23:08:20 | INFO |     step 7400  loss=1.5458  grp_sp=0.000  n_imp=37008  n_red=0
23:14:11 | INFO |     step 7600  loss=1.5371  grp_sp=0.000  n_imp=37008  n_red=0
23:20:33 | INFO |     step 7800  loss=1.5313  grp_sp=0.000  n_imp=37008  n_red=0
23:26:57 | INFO |     step 8000  loss=1.5255  grp_sp=0.000  n_imp=37008  n_red=0
23:33:25 | INFO |     step 8200  loss=1.5195  grp_sp=0.000  n_imp=37008  n_red=0
23:39:12 | INFO |     step 8400  loss=1.5123  grp_sp=0.000  n_imp=37008  n_red=0
23:44:38 | INFO |     step 8600  loss=1.5052  grp_sp=0.000  n_imp=37008  n_red=0
23:51:12 | INFO |     step 8800  loss=1.4986  grp_sp=0.000  n_imp=37008  n_red=0
23:57:31 | INFO |     step 9000  loss=1.4921  grp_sp=0.000  n_imp=37008  n_red=0
00:03:40 | INFO |     step 9200  loss=1.4864  grp_sp=0.000  n_imp=37008  n_red=0
00:09:10 | INFO |     step 9400  loss=1.5001  grp_sp=0.000  n_imp=37008  n_red=0
00:14:46 | INFO |     step 9600  loss=1.5015  grp_sp=0.000  n_imp=37008  n_red=0
00:20:57 | INFO |     step 9800  loss=1.5018  grp_sp=0.000  n_imp=37008  n_red=0
00:26:54 | INFO |     step 10000  loss=1.5003  grp_sp=0.000  n_imp=37008  n_red=0
00:32:44 | INFO |     step 10200  loss=1.4977  grp_sp=0.000  n_imp=37008  n_red=0
00:38:23 | INFO |     step 10400  loss=1.4947  grp_sp=0.000  n_imp=37008  n_red=0
00:44:19 | INFO |     step 10600  loss=1.4926  grp_sp=0.000  n_imp=37008  n_red=0
00:50:18 | INFO |     step 10800  loss=1.4883  grp_sp=0.000  n_imp=37008  n_red=0
00:56:52 | INFO |     step 11000  loss=1.4860  grp_sp=0.000  n_imp=37008  n_red=0
01:03:32 | INFO |     step 11200  loss=1.5286  grp_sp=0.000  n_imp=36392  n_red=616
01:10:37 | INFO |     step 11400  loss=1.5652  grp_sp=0.000  n_imp=36392  n_red=616
01:17:09 | INFO |     step 11600  loss=1.5890  grp_sp=0.000  n_imp=36392  n_red=616
01:23:33 | INFO |     step 11800  loss=1.6076  grp_sp=0.000  n_imp=36392  n_red=616
01:30:06 | INFO |     step 12000  loss=1.6256  grp_sp=0.000  n_imp=36392  n_red=616
01:36:50 | INFO |     step 12200  loss=1.6393  grp_sp=0.000  n_imp=36392  n_red=616
01:43:22 | INFO |     step 12400  loss=1.6526  grp_sp=0.000  n_imp=36392  n_red=616
01:50:05 | INFO |     step 12600  loss=1.6628  grp_sp=0.000  n_imp=36392  n_red=616
01:56:47 | INFO |     step 12800  loss=1.6688  grp_sp=0.000  n_imp=36392  n_red=616
02:03:00 | INFO |     step 13000  loss=1.6766  grp_sp=0.000  n_imp=36392  n_red=616
02:08:59 | INFO |     step 13200  loss=1.6852  grp_sp=0.000  n_imp=36392  n_red=616
02:15:22 | INFO |     step 13400  loss=1.6913  grp_sp=0.000  n_imp=36392  n_red=616
02:22:21 | INFO |     step 13600  loss=1.6966  grp_sp=0.000  n_imp=36392  n_red=616
02:29:30 | INFO |     step 13800  loss=1.7029  grp_sp=0.000  n_imp=36392  n_red=616
02:36:26 | INFO |     step 14000  loss=1.7076  grp_sp=0.000  n_imp=36392  n_red=616
02:44:13 | INFO |     step 14200  loss=1.7107  grp_sp=0.000  n_imp=36392  n_red=616
02:51:33 | INFO |     step 14400  loss=1.7158  grp_sp=0.000  n_imp=36392  n_red=616
02:58:40 | INFO |     step 14600  loss=1.7183  grp_sp=0.000  n_imp=36392  n_red=616
03:05:32 | INFO |     step 14800  loss=1.7223  grp_sp=0.000  n_imp=36392  n_red=616
03:12:25 | INFO |     step 15000  loss=1.7256  grp_sp=0.000  n_imp=36392  n_red=616
03:19:46 | INFO |     step 15200  loss=1.7292  grp_sp=0.000  n_imp=36392  n_red=616
03:26:21 | INFO |     step 15400  loss=1.7334  grp_sp=0.000  n_imp=36392  n_red=616
03:33:22 | INFO |     step 15600  loss=1.7373  grp_sp=0.000  n_imp=36392  n_red=616
03:40:27 | INFO |     step 15800  loss=1.7411  grp_sp=0.000  n_imp=36392  n_red=616
03:47:38 | INFO |     step 16000  loss=1.7448  grp_sp=0.000  n_imp=36392  n_red=616
03:55:10 | INFO |     step 16200  loss=1.7478  grp_sp=0.000  n_imp=36392  n_red=616
04:02:02 | INFO |     step 16400  loss=1.7515  grp_sp=0.000  n_imp=36392  n_red=616
04:08:26 | INFO |     step 16600  loss=1.7545  grp_sp=0.000  n_imp=36392  n_red=616
04:15:19 | INFO |     step 16800  loss=1.7567  grp_sp=0.000  n_imp=36392  n_red=616
04:22:46 | INFO |     step 17000  loss=1.7600  grp_sp=0.000  n_imp=36392  n_red=616
04:30:15 | INFO |     step 17200  loss=1.7617  grp_sp=0.000  n_imp=36392  n_red=616
04:37:29 | INFO |     step 17400  loss=1.7646  grp_sp=0.000  n_imp=36392  n_red=616
04:44:06 | INFO |     step 17600  loss=1.7672  grp_sp=0.000  n_imp=36392  n_red=616
04:51:07 | INFO |     step 17800  loss=1.7692  grp_sp=0.000  n_imp=36392  n_red=616
04:57:50 | INFO |     step 18000  loss=1.7699  grp_sp=0.000  n_imp=36392  n_red=616
05:04:29 | INFO |     step 18200  loss=1.7711  grp_sp=0.000  n_imp=36392  n_red=616
05:10:58 | INFO |     step 18400  loss=1.7721  grp_sp=0.000  n_imp=36392  n_red=616
05:17:30 | INFO |     step 18600  loss=1.7721  grp_sp=0.000  n_imp=36392  n_red=616
05:24:30 | INFO |     step 18800  loss=1.7731  grp_sp=0.000  n_imp=36392  n_red=616
05:31:28 | INFO |     step 19000  loss=1.7752  grp_sp=0.000  n_imp=36392  n_red=616
05:38:19 | INFO |     step 19200  loss=1.7777  grp_sp=0.000  n_imp=36392  n_red=616
05:45:18 | INFO |     step 19400  loss=1.7801  grp_sp=0.000  n_imp=36392  n_red=616
05:52:13 | INFO |     step 19600  loss=1.7819  grp_sp=0.000  n_imp=36392  n_red=616
05:58:59 | INFO |     step 19800  loss=1.7839  grp_sp=0.000  n_imp=36392  n_red=616
06:05:10 | INFO |     step 20000  loss=1.7859  grp_sp=0.000  n_imp=36392  n_red=616
06:12:03 | INFO |     step 20200  loss=1.7869  grp_sp=0.000  n_imp=36392  n_red=616
06:19:12 | INFO |     step 20400  loss=1.7909  grp_sp=0.017  n_imp=35776  n_red=1232
06:26:16 | INFO |     step 20600  loss=1.7936  grp_sp=0.017  n_imp=35776  n_red=1232
06:33:17 | INFO |     step 20800  loss=1.7958  grp_sp=0.017  n_imp=35776  n_red=1232
06:40:23 | INFO |     step 21000  loss=1.7980  grp_sp=0.017  n_imp=35776  n_red=1232
06:47:16 | INFO |     step 21200  loss=1.7991  grp_sp=0.017  n_imp=35776  n_red=1232
06:54:48 | INFO |     step 21400  loss=1.8009  grp_sp=0.017  n_imp=35776  n_red=1232
07:02:07 | INFO |     step 21600  loss=1.8025  grp_sp=0.017  n_imp=35776  n_red=1232
07:09:20 | INFO |     step 21800  loss=1.8031  grp_sp=0.017  n_imp=35776  n_red=1232
07:16:35 | INFO |     step 22000  loss=1.8041  grp_sp=0.017  n_imp=35776  n_red=1232
07:27:48 | INFO | [EPOCH 1/3] loss=1.8047  grp_sp=0.017  EM=58.60  F1=70.17  elapsed=748.9min
07:30:36 | INFO |     step 22200  loss=1.5949  grp_sp=0.017  n_imp=35776  n_red=1232
07:38:31 | INFO |     step 22400  loss=1.7049  grp_sp=0.017  n_imp=35776  n_red=1232
07:45:24 | INFO |     step 22600  loss=1.6614  grp_sp=0.017  n_imp=35776  n_red=1232
07:52:21 | INFO |     step 22800  loss=1.6677  grp_sp=0.017  n_imp=35776  n_red=1232
07:59:17 | INFO |     step 23000  loss=1.6795  grp_sp=0.017  n_imp=35776  n_red=1232
08:06:08 | INFO |     step 23200  loss=1.6978  grp_sp=0.017  n_imp=35776  n_red=1232
08:12:59 | INFO |     step 23400  loss=1.7105  grp_sp=0.017  n_imp=35776  n_red=1232
08:19:56 | INFO |     step 23600  loss=1.7160  grp_sp=0.017  n_imp=35776  n_red=1232
08:26:55 | INFO |     step 23800  loss=1.7155  grp_sp=0.017  n_imp=35776  n_red=1232
08:33:56 | INFO |     step 24000  loss=1.7124  grp_sp=0.017  n_imp=35776  n_red=1232
08:41:00 | INFO |     step 24200  loss=1.7068  grp_sp=0.017  n_imp=35776  n_red=1232
08:48:05 | INFO |     step 24400  loss=1.7018  grp_sp=0.017  n_imp=35776  n_red=1232
08:55:04 | INFO |     step 24600  loss=1.7000  grp_sp=0.017  n_imp=35776  n_red=1232
09:02:10 | INFO |     step 24800  loss=1.7027  grp_sp=0.017  n_imp=35776  n_red=1232
09:09:05 | INFO |     step 25000  loss=1.7024  grp_sp=0.017  n_imp=35776  n_red=1232
09:16:10 | INFO |     step 25200  loss=1.6990  grp_sp=0.017  n_imp=35776  n_red=1232
09:23:05 | INFO |     step 25400  loss=1.6964  grp_sp=0.017  n_imp=35776  n_red=1232
09:30:03 | INFO |     step 25600  loss=1.6967  grp_sp=0.017  n_imp=35776  n_red=1232
09:37:02 | INFO |     step 25800  loss=1.6927  grp_sp=0.017  n_imp=35776  n_red=1232
09:43:58 | INFO |     step 26000  loss=1.6920  grp_sp=0.017  n_imp=35776  n_red=1232
09:50:56 | INFO |     step 26200  loss=1.6925  grp_sp=0.017  n_imp=35776  n_red=1232
09:57:52 | INFO |     step 26400  loss=1.6875  grp_sp=0.017  n_imp=35776  n_red=1232
10:04:56 | INFO |     step 26600  loss=1.6849  grp_sp=0.017  n_imp=35776  n_red=1232
10:11:54 | INFO |     step 26800  loss=1.6833  grp_sp=0.017  n_imp=35776  n_red=1232
10:18:52 | INFO |     step 27000  loss=1.6842  grp_sp=0.017  n_imp=35776  n_red=1232
10:25:49 | INFO |     step 27200  loss=1.6811  grp_sp=0.017  n_imp=35776  n_red=1232
10:32:43 | INFO |     step 27400  loss=1.6801  grp_sp=0.017  n_imp=35776  n_red=1232
10:39:41 | INFO |     step 27600  loss=1.6747  grp_sp=0.017  n_imp=35776  n_red=1232
10:46:37 | INFO |     step 27800  loss=1.6738  grp_sp=0.017  n_imp=35776  n_red=1232
10:53:38 | INFO |     step 28000  loss=1.6750  grp_sp=0.017  n_imp=35776  n_red=1232
11:00:35 | INFO |     step 28200  loss=1.6711  grp_sp=0.017  n_imp=35776  n_red=1232
11:07:34 | INFO |     step 28400  loss=1.6681  grp_sp=0.017  n_imp=35776  n_red=1232
11:14:30 | INFO |     step 28600  loss=1.6673  grp_sp=0.017  n_imp=35776  n_red=1232
11:21:32 | INFO |     step 28800  loss=1.6673  grp_sp=0.017  n_imp=35776  n_red=1232
11:28:25 | INFO |     step 29000  loss=1.6672  grp_sp=0.017  n_imp=35776  n_red=1232
11:35:23 | INFO |     step 29200  loss=1.6676  grp_sp=0.017  n_imp=35776  n_red=1232
11:42:27 | INFO |     step 29400  loss=1.6666  grp_sp=0.017  n_imp=35776  n_red=1232
11:49:18 | INFO |     step 29600  loss=1.6655  grp_sp=0.033  n_imp=35160  n_red=1848
11:56:21 | INFO |     step 29800  loss=1.6652  grp_sp=0.033  n_imp=35160  n_red=1848
12:03:16 | INFO |     step 30000  loss=1.6646  grp_sp=0.033  n_imp=35160  n_red=1848
12:10:13 | INFO |     step 30200  loss=1.6654  grp_sp=0.033  n_imp=35160  n_red=1848
12:17:13 | INFO |     step 30400  loss=1.6661  grp_sp=0.033  n_imp=35160  n_red=1848
12:24:07 | INFO |     step 30600  loss=1.6689  grp_sp=0.033  n_imp=35160  n_red=1848
12:31:06 | INFO |     step 30800  loss=1.6678  grp_sp=0.033  n_imp=35160  n_red=1848
12:38:04 | INFO |     step 31000  loss=1.6670  grp_sp=0.033  n_imp=35160  n_red=1848
12:44:57 | INFO |     step 31200  loss=1.6645  grp_sp=0.033  n_imp=35160  n_red=1848
12:51:53 | INFO |     step 31400  loss=1.6623  grp_sp=0.033  n_imp=35160  n_red=1848
12:58:51 | INFO |     step 31600  loss=1.6598  grp_sp=0.033  n_imp=35160  n_red=1848
13:05:50 | INFO |     step 31800  loss=1.6601  grp_sp=0.033  n_imp=35160  n_red=1848
13:12:44 | INFO |     step 32000  loss=1.6596  grp_sp=0.033  n_imp=35160  n_red=1848
13:19:42 | INFO |     step 32200  loss=1.6587  grp_sp=0.033  n_imp=35160  n_red=1848
13:26:40 | INFO |     step 32400  loss=1.6567  grp_sp=0.033  n_imp=35160  n_red=1848
13:33:36 | INFO |     step 32600  loss=1.6562  grp_sp=0.033  n_imp=35160  n_red=1848
13:40:36 | INFO |     step 32800  loss=1.6557  grp_sp=0.033  n_imp=35160  n_red=1848
13:47:36 | INFO |     step 33000  loss=1.6548  grp_sp=0.033  n_imp=35160  n_red=1848
13:54:29 | INFO |     step 33200  loss=1.6537  grp_sp=0.033  n_imp=35160  n_red=1848
14:01:27 | INFO |     step 33400  loss=1.6529  grp_sp=0.033  n_imp=35160  n_red=1848
14:08:32 | INFO |     step 33600  loss=1.6523  grp_sp=0.033  n_imp=35160  n_red=1848
14:15:26 | INFO |     step 33800  loss=1.6513  grp_sp=0.033  n_imp=35160  n_red=1848
14:22:26 | INFO |     step 34000  loss=1.6499  grp_sp=0.033  n_imp=35160  n_red=1848
14:29:27 | INFO |     step 34200  loss=1.6485  grp_sp=0.033  n_imp=35160  n_red=1848
14:36:27 | INFO |     step 34400  loss=1.6480  grp_sp=0.033  n_imp=35160  n_red=1848
14:43:25 | INFO |     step 34600  loss=1.6478  grp_sp=0.033  n_imp=35160  n_red=1848
14:50:25 | INFO |     step 34800  loss=1.6467  grp_sp=0.033  n_imp=35160  n_red=1848
14:57:25 | INFO |     step 35000  loss=1.6453  grp_sp=0.033  n_imp=35160  n_red=1848
15:04:23 | INFO |     step 35200  loss=1.6442  grp_sp=0.033  n_imp=35160  n_red=1848
15:11:21 | INFO |     step 35400  loss=1.6427  grp_sp=0.033  n_imp=35160  n_red=1848
15:18:15 | INFO |     step 35600  loss=1.6422  grp_sp=0.033  n_imp=35160  n_red=1848
15:25:13 | INFO |     step 35800  loss=1.6408  grp_sp=0.033  n_imp=35160  n_red=1848
15:32:14 | INFO |     step 36000  loss=1.6406  grp_sp=0.033  n_imp=35160  n_red=1848
15:39:10 | INFO |     step 36200  loss=1.6406  grp_sp=0.033  n_imp=35160  n_red=1848
15:46:08 | INFO |     step 36400  loss=1.6386  grp_sp=0.033  n_imp=35160  n_red=1848
15:53:07 | INFO |     step 36600  loss=1.6377  grp_sp=0.033  n_imp=35160  n_red=1848
16:00:07 | INFO |     step 36800  loss=1.6373  grp_sp=0.033  n_imp=35160  n_red=1848
16:07:02 | INFO |     step 37000  loss=1.6365  grp_sp=0.033  n_imp=35160  n_red=1848
16:13:55 | INFO |     step 37200  loss=1.6345  grp_sp=0.033  n_imp=35160  n_red=1848
16:20:50 | INFO |     step 37400  loss=1.6335  grp_sp=0.033  n_imp=35160  n_red=1848
16:27:48 | INFO |     step 37600  loss=1.6330  grp_sp=0.033  n_imp=35160  n_red=1848
16:34:46 | INFO |     step 37800  loss=1.6323  grp_sp=0.033  n_imp=35160  n_red=1848
16:41:42 | INFO |     step 38000  loss=1.6307  grp_sp=0.033  n_imp=35160  n_red=1848
16:48:40 | INFO |     step 38200  loss=1.6299  grp_sp=0.033  n_imp=35160  n_red=1848
16:55:37 | INFO |     step 38400  loss=1.6295  grp_sp=0.033  n_imp=35160  n_red=1848
17:02:35 | INFO |     step 38600  loss=1.6283  grp_sp=0.033  n_imp=35160  n_red=1848
