18:47:14 | INFO | [log] ./results/phase5_20260427_184714.log
18:47:14 | INFO | [env] torch=2.5.1+cu121  device=cuda
18:47:14 | INFO | [cfg] sparsity=[0.1]  epochs=3  bs=4  lr=3e-05  lr_quant=0.0001  br=1  P=6  Kp=6  seed=42
18:47:21 | INFO | [DATA] raw train=87599  raw val=10570
18:47:21 | INFO | [DATA] train features=88524  val features=10784
18:47:21 | INFO | 
============================================================
18:47:21 | INFO |   EXPERIMENT: sparsity=0.1  tag=A4_br1_sp10
18:47:21 | INFO | ============================================================
18:47:21 | INFO | [M1] loading BERT QA
18:47:24 | INFO | [M2] quantize wrap + STE fix
18:47:27 | INFO | [CALIB] running 8 batches of bs=4
18:47:28 | INFO | [calib] 8 batches over 73 layers  (skipped=0)  num_bits=16  safety=1.05
18:47:28 | INFO | [calib] observed max|x|: min=2.665  median=14.866  max=137.556
18:47:28 | INFO | [M3] building OTO graph
18:49:34 | INFO | [SCHED] steps/epoch=22131  total=66393  start_prune=11065 (0.50 ep)  prune_steps=55325 (2.50 ep)  prune_periods=6  proj_periods=6  proj_steps=11065 (0.50 ep)
18:49:34 | INFO | [BIT]   min_bit_wt=4  max_bit_wt=16  bit_reduction=1  calib_num_bits=16
18:49:34 | INFO | [LR]    scheduler=none  warmup_ratio=0.1  lr=3e-05  lr_quant=0.0001
18:49:34 | INFO | [M4] building GETA optimizer
18:49:34 | INFO | [M4] GETA optimizer built, 26 param groups
18:49:34 | INFO | [TRAIN] starting
18:54:31 | INFO |     step 200  loss=4.1785  grp_sp=0.000  n_imp=37008  n_red=0
19:01:05 | INFO |     step 400  loss=3.4077  grp_sp=0.000  n_imp=37008  n_red=0
19:06:41 | INFO |     step 600  loss=2.9894  grp_sp=0.000  n_imp=37008  n_red=0
19:12:14 | INFO |     step 800  loss=2.7209  grp_sp=0.000  n_imp=37008  n_red=0
19:17:54 | INFO |     step 1000  loss=2.5361  grp_sp=0.000  n_imp=37008  n_red=0
19:23:26 | INFO |     step 1200  loss=2.4141  grp_sp=0.000  n_imp=37008  n_red=0
19:29:09 | INFO |     step 1400  loss=2.3059  grp_sp=0.000  n_imp=37008  n_red=0
19:34:53 | INFO |     step 1600  loss=2.2097  grp_sp=0.000  n_imp=37008  n_red=0
19:40:37 | INFO |     step 1800  loss=2.1363  grp_sp=0.000  n_imp=37008  n_red=0
19:46:15 | INFO |     step 2000  loss=2.0851  grp_sp=0.000  n_imp=37008  n_red=0
19:52:19 | INFO |     step 2200  loss=2.0385  grp_sp=0.000  n_imp=37008  n_red=0
19:58:03 | INFO |     step 2400  loss=1.9989  grp_sp=0.000  n_imp=37008  n_red=0
20:03:44 | INFO |     step 2600  loss=1.9630  grp_sp=0.000  n_imp=37008  n_red=0
20:09:28 | INFO |     step 2800  loss=1.9238  grp_sp=0.000  n_imp=37008  n_red=0
20:14:48 | INFO |     step 3000  loss=1.8939  grp_sp=0.000  n_imp=37008  n_red=0
20:20:39 | INFO |     step 3200  loss=1.8664  grp_sp=0.000  n_imp=37008  n_red=0
20:26:32 | INFO |     step 3400  loss=1.8383  grp_sp=0.000  n_imp=37008  n_red=0
20:32:25 | INFO |     step 3600  loss=1.8127  grp_sp=0.000  n_imp=37008  n_red=0
20:38:33 | INFO |     step 3800  loss=1.7918  grp_sp=0.000  n_imp=37008  n_red=0
20:44:25 | INFO |     step 4000  loss=1.7713  grp_sp=0.000  n_imp=37008  n_red=0
20:50:25 | INFO |     step 4200  loss=1.7505  grp_sp=0.000  n_imp=37008  n_red=0
20:56:30 | INFO |     step 4400  loss=1.7311  grp_sp=0.000  n_imp=37008  n_red=0
21:02:29 | INFO |     step 4600  loss=1.7151  grp_sp=0.000  n_imp=37008  n_red=0
21:08:58 | INFO |     step 4800  loss=1.7015  grp_sp=0.000  n_imp=37008  n_red=0
21:15:16 | INFO |     step 5000  loss=1.6841  grp_sp=0.000  n_imp=37008  n_red=0
21:21:45 | INFO |     step 5200  loss=1.6679  grp_sp=0.000  n_imp=37008  n_red=0
21:28:08 | INFO |     step 5400  loss=1.6539  grp_sp=0.000  n_imp=37008  n_red=0
21:34:32 | INFO |     step 5600  loss=1.6438  grp_sp=0.000  n_imp=37008  n_red=0
21:40:58 | INFO |     step 5800  loss=1.6282  grp_sp=0.000  n_imp=37008  n_red=0
21:47:35 | INFO |     step 6000  loss=1.6198  grp_sp=0.000  n_imp=37008  n_red=0
21:54:13 | INFO |     step 6200  loss=1.6054  grp_sp=0.000  n_imp=37008  n_red=0
22:00:49 | INFO |     step 6400  loss=1.5969  grp_sp=0.000  n_imp=37008  n_red=0
22:07:39 | INFO |     step 6600  loss=1.5892  grp_sp=0.000  n_imp=37008  n_red=0
22:14:23 | INFO |     step 6800  loss=1.5794  grp_sp=0.000  n_imp=37008  n_red=0
22:21:16 | INFO |     step 7000  loss=1.5708  grp_sp=0.000  n_imp=37008  n_red=0
22:27:45 | INFO |     step 7200  loss=1.5620  grp_sp=0.000  n_imp=37008  n_red=0
22:34:27 | INFO |     step 7400  loss=1.5533  grp_sp=0.000  n_imp=37008  n_red=0
22:41:17 | INFO |     step 7600  loss=1.5438  grp_sp=0.000  n_imp=37008  n_red=0
22:48:00 | INFO |     step 7800  loss=1.5372  grp_sp=0.000  n_imp=37008  n_red=0
22:54:43 | INFO |     step 8000  loss=1.5305  grp_sp=0.000  n_imp=37008  n_red=0
23:01:19 | INFO |     step 8200  loss=1.5235  grp_sp=0.000  n_imp=37008  n_red=0
23:08:01 | INFO |     step 8400  loss=1.5167  grp_sp=0.000  n_imp=37008  n_red=0
23:14:58 | INFO |     step 8600  loss=1.5091  grp_sp=0.000  n_imp=37008  n_red=0
23:21:33 | INFO |     step 8800  loss=1.5020  grp_sp=0.000  n_imp=37008  n_red=0
23:28:12 | INFO |     step 9000  loss=1.4956  grp_sp=0.000  n_imp=37008  n_red=0
23:34:57 | INFO |     step 9200  loss=1.4892  grp_sp=0.000  n_imp=37008  n_red=0
23:42:05 | INFO |     step 9400  loss=1.4842  grp_sp=0.000  n_imp=37008  n_red=0
23:49:08 | INFO |     step 9600  loss=1.4793  grp_sp=0.000  n_imp=37008  n_red=0
23:55:46 | INFO |     step 9800  loss=1.4737  grp_sp=0.000  n_imp=37008  n_red=0
00:02:49 | INFO |     step 10000  loss=1.4678  grp_sp=0.000  n_imp=37008  n_red=0
00:10:20 | INFO |     step 10200  loss=1.4624  grp_sp=0.000  n_imp=37008  n_red=0
00:17:37 | INFO |     step 10400  loss=1.4566  grp_sp=0.000  n_imp=37008  n_red=0
00:24:48 | INFO |     step 10600  loss=1.4516  grp_sp=0.000  n_imp=37008  n_red=0
00:31:47 | INFO |     step 10800  loss=1.4448  grp_sp=0.000  n_imp=37008  n_red=0
00:39:28 | INFO |     step 11000  loss=1.4415  grp_sp=0.000  n_imp=37008  n_red=0
00:47:01 | INFO |     step 11200  loss=1.4446  grp_sp=0.000  n_imp=36392  n_red=616
00:54:37 | INFO |     step 11400  loss=1.4459  grp_sp=0.000  n_imp=36392  n_red=616
01:02:06 | INFO |     step 11600  loss=1.4459  grp_sp=0.000  n_imp=36392  n_red=616
01:09:34 | INFO |     step 11800  loss=1.4446  grp_sp=0.000  n_imp=36392  n_red=616
01:17:24 | INFO |     step 12000  loss=1.4447  grp_sp=0.000  n_imp=36392  n_red=616
01:25:06 | INFO |     step 12200  loss=1.4444  grp_sp=0.000  n_imp=36392  n_red=616
01:32:58 | INFO |     step 12400  loss=1.4418  grp_sp=0.000  n_imp=36392  n_red=616
01:40:37 | INFO |     step 12600  loss=1.4412  grp_sp=0.000  n_imp=36392  n_red=616
01:48:04 | INFO |     step 12800  loss=1.4371  grp_sp=0.000  n_imp=36392  n_red=616
01:55:35 | INFO |     step 13000  loss=1.4340  grp_sp=0.000  n_imp=36392  n_red=616
02:03:48 | INFO |     step 13200  loss=1.4328  grp_sp=0.000  n_imp=36392  n_red=616
02:12:08 | INFO |     step 13400  loss=1.4304  grp_sp=0.000  n_imp=36392  n_red=616
02:19:35 | INFO |     step 13600  loss=1.4282  grp_sp=0.000  n_imp=36392  n_red=616
02:26:46 | INFO |     step 13800  loss=1.4257  grp_sp=0.000  n_imp=36392  n_red=616
02:34:06 | INFO |     step 14000  loss=1.4231  grp_sp=0.000  n_imp=36392  n_red=616
02:41:03 | INFO |     step 14200  loss=1.4202  grp_sp=0.000  n_imp=36392  n_red=616
02:48:05 | INFO |     step 14400  loss=1.4185  grp_sp=0.000  n_imp=36392  n_red=616
02:55:27 | INFO |     step 14600  loss=1.4160  grp_sp=0.000  n_imp=36392  n_red=616
03:02:54 | INFO |     step 14800  loss=1.4138  grp_sp=0.000  n_imp=36392  n_red=616
03:10:23 | INFO |     step 15000  loss=1.4106  grp_sp=0.000  n_imp=36392  n_red=616
03:17:43 | INFO |     step 15200  loss=1.4086  grp_sp=0.000  n_imp=36392  n_red=616
03:24:47 | INFO |     step 15400  loss=1.4077  grp_sp=0.000  n_imp=36392  n_red=616
03:32:18 | INFO |     step 15600  loss=1.4061  grp_sp=0.000  n_imp=36392  n_red=616
03:39:35 | INFO |     step 15800  loss=1.4048  grp_sp=0.000  n_imp=36392  n_red=616
03:47:01 | INFO |     step 16000  loss=1.4031  grp_sp=0.000  n_imp=36392  n_red=616
03:54:10 | INFO |     step 16200  loss=1.4011  grp_sp=0.000  n_imp=36392  n_red=616
04:01:54 | INFO |     step 16400  loss=1.3996  grp_sp=0.000  n_imp=36392  n_red=616
04:09:31 | INFO |     step 16600  loss=1.3979  grp_sp=0.000  n_imp=36392  n_red=616
04:16:50 | INFO |     step 16800  loss=1.3955  grp_sp=0.000  n_imp=36392  n_red=616
04:24:01 | INFO |     step 17000  loss=1.3935  grp_sp=0.000  n_imp=36392  n_red=616
04:31:26 | INFO |     step 17200  loss=1.3915  grp_sp=0.000  n_imp=36392  n_red=616
04:38:53 | INFO |     step 17400  loss=1.3894  grp_sp=0.000  n_imp=36392  n_red=616
04:46:32 | INFO |     step 17600  loss=1.3882  grp_sp=0.000  n_imp=36392  n_red=616
04:53:43 | INFO |     step 17800  loss=1.3859  grp_sp=0.000  n_imp=36392  n_red=616
05:01:13 | INFO |     step 18000  loss=1.3838  grp_sp=0.000  n_imp=36392  n_red=616
05:08:36 | INFO |     step 18200  loss=1.3817  grp_sp=0.000  n_imp=36392  n_red=616
05:16:15 | INFO |     step 18400  loss=1.3791  grp_sp=0.000  n_imp=36392  n_red=616
05:23:37 | INFO |     step 18600  loss=1.3761  grp_sp=0.000  n_imp=36392  n_red=616
05:31:11 | INFO |     step 18800  loss=1.3740  grp_sp=0.000  n_imp=36392  n_red=616
05:38:41 | INFO |     step 19000  loss=1.3729  grp_sp=0.000  n_imp=36392  n_red=616
05:46:05 | INFO |     step 19200  loss=1.3723  grp_sp=0.000  n_imp=36392  n_red=616
05:53:31 | INFO |     step 19400  loss=1.3708  grp_sp=0.000  n_imp=36392  n_red=616
06:00:56 | INFO |     step 19600  loss=1.3695  grp_sp=0.000  n_imp=36392  n_red=616
06:07:45 | INFO |     step 19800  loss=1.3680  grp_sp=0.000  n_imp=36392  n_red=616
06:15:05 | INFO |     step 20000  loss=1.3670  grp_sp=0.000  n_imp=36392  n_red=616
06:22:03 | INFO |     step 20200  loss=1.3657  grp_sp=0.000  n_imp=36392  n_red=616
06:29:10 | INFO |     step 20400  loss=1.3650  grp_sp=0.017  n_imp=35776  n_red=1232
06:36:12 | INFO |     step 20600  loss=1.3638  grp_sp=0.017  n_imp=35776  n_red=1232
06:43:23 | INFO |     step 20800  loss=1.3629  grp_sp=0.017  n_imp=35776  n_red=1232
06:50:21 | INFO |     step 21000  loss=1.3621  grp_sp=0.017  n_imp=35776  n_red=1232
06:58:04 | INFO |     step 21200  loss=1.3611  grp_sp=0.017  n_imp=35776  n_red=1232
07:05:23 | INFO |     step 21400  loss=1.3597  grp_sp=0.017  n_imp=35776  n_red=1232
07:13:12 | INFO |     step 21600  loss=1.3591  grp_sp=0.017  n_imp=35776  n_red=1232
07:20:14 | INFO |     step 21800  loss=1.3579  grp_sp=0.017  n_imp=35776  n_red=1232
07:28:13 | INFO |     step 22000  loss=1.3571  grp_sp=0.017  n_imp=35776  n_red=1232
07:39:34 | INFO | [EPOCH 1/3] loss=1.3567  grp_sp=0.017  EM=74.97  F1=83.35  elapsed=763.5min
07:41:56 | INFO |     step 22200  loss=0.8879  grp_sp=0.017  n_imp=35776  n_red=1232
07:48:51 | INFO |     step 22400  loss=0.8527  grp_sp=0.017  n_imp=35776  n_red=1232
07:55:48 | INFO |     step 22600  loss=0.8652  grp_sp=0.017  n_imp=35776  n_red=1232
08:02:41 | INFO |     step 22800  loss=0.8827  grp_sp=0.017  n_imp=35776  n_red=1232
08:09:32 | INFO |     step 23000  loss=0.9064  grp_sp=0.017  n_imp=35776  n_red=1232
08:16:32 | INFO |     step 23200  loss=0.9215  grp_sp=0.017  n_imp=35776  n_red=1232
08:23:30 | INFO |     step 23400  loss=0.9244  grp_sp=0.017  n_imp=35776  n_red=1232
08:30:22 | INFO |     step 23600  loss=0.9313  grp_sp=0.017  n_imp=35776  n_red=1232
08:37:26 | INFO |     step 23800  loss=0.9311  grp_sp=0.017  n_imp=35776  n_red=1232
08:44:28 | INFO |     step 24000  loss=0.9300  grp_sp=0.017  n_imp=35776  n_red=1232
08:51:31 | INFO |     step 24200  loss=0.9342  grp_sp=0.017  n_imp=35776  n_red=1232
08:58:25 | INFO |     step 24400  loss=0.9356  grp_sp=0.017  n_imp=35776  n_red=1232
09:05:23 | INFO |     step 24600  loss=0.9359  grp_sp=0.017  n_imp=35776  n_red=1232
09:12:18 | INFO |     step 24800  loss=0.9384  grp_sp=0.017  n_imp=35776  n_red=1232
09:19:21 | INFO |     step 25000  loss=0.9392  grp_sp=0.017  n_imp=35776  n_red=1232
09:26:21 | INFO |     step 25200  loss=0.9402  grp_sp=0.017  n_imp=35776  n_red=1232
09:33:18 | INFO |     step 25400  loss=0.9391  grp_sp=0.017  n_imp=35776  n_red=1232
09:40:16 | INFO |     step 25600  loss=0.9416  grp_sp=0.017  n_imp=35776  n_red=1232
09:47:13 | INFO |     step 25800  loss=0.9411  grp_sp=0.017  n_imp=35776  n_red=1232
09:54:07 | INFO |     step 26000  loss=0.9437  grp_sp=0.017  n_imp=35776  n_red=1232
10:01:03 | INFO |     step 26200  loss=0.9426  grp_sp=0.017  n_imp=35776  n_red=1232
10:08:00 | INFO |     step 26400  loss=0.9432  grp_sp=0.017  n_imp=35776  n_red=1232
10:14:59 | INFO |     step 26600  loss=0.9423  grp_sp=0.017  n_imp=35776  n_red=1232
10:21:56 | INFO |     step 26800  loss=0.9455  grp_sp=0.017  n_imp=35776  n_red=1232
10:28:53 | INFO |     step 27000  loss=0.9491  grp_sp=0.017  n_imp=35776  n_red=1232
10:35:54 | INFO |     step 27200  loss=0.9474  grp_sp=0.017  n_imp=35776  n_red=1232
10:42:54 | INFO |     step 27400  loss=0.9470  grp_sp=0.017  n_imp=35776  n_red=1232
10:49:52 | INFO |     step 27600  loss=0.9436  grp_sp=0.017  n_imp=35776  n_red=1232
10:56:50 | INFO |     step 27800  loss=0.9439  grp_sp=0.017  n_imp=35776  n_red=1232
11:03:45 | INFO |     step 28000  loss=0.9448  grp_sp=0.017  n_imp=35776  n_red=1232
11:10:38 | INFO |     step 28200  loss=0.9444  grp_sp=0.017  n_imp=35776  n_red=1232
11:17:38 | INFO |     step 28400  loss=0.9427  grp_sp=0.017  n_imp=35776  n_red=1232
11:24:39 | INFO |     step 28600  loss=0.9429  grp_sp=0.017  n_imp=35776  n_red=1232
11:31:39 | INFO |     step 28800  loss=0.9434  grp_sp=0.017  n_imp=35776  n_red=1232
11:38:37 | INFO |     step 29000  loss=0.9441  grp_sp=0.017  n_imp=35776  n_red=1232
11:45:36 | INFO |     step 29200  loss=0.9458  grp_sp=0.017  n_imp=35776  n_red=1232
11:52:38 | INFO |     step 29400  loss=0.9450  grp_sp=0.017  n_imp=35776  n_red=1232
11:59:39 | INFO |     step 29600  loss=0.9467  grp_sp=0.033  n_imp=35160  n_red=1848
12:06:38 | INFO |     step 29800  loss=0.9474  grp_sp=0.033  n_imp=35160  n_red=1848
12:13:37 | INFO |     step 30000  loss=0.9475  grp_sp=0.033  n_imp=35160  n_red=1848
12:20:42 | INFO |     step 30200  loss=0.9511  grp_sp=0.033  n_imp=35160  n_red=1848
12:27:42 | INFO |     step 30400  loss=0.9542  grp_sp=0.033  n_imp=35160  n_red=1848
12:34:42 | INFO |     step 30600  loss=0.9571  grp_sp=0.033  n_imp=35160  n_red=1848
12:41:42 | INFO |     step 30800  loss=0.9578  grp_sp=0.033  n_imp=35160  n_red=1848
12:48:41 | INFO |     step 31000  loss=0.9578  grp_sp=0.033  n_imp=35160  n_red=1848
12:55:42 | INFO |     step 31200  loss=0.9575  grp_sp=0.033  n_imp=35160  n_red=1848
13:02:43 | INFO |     step 31400  loss=0.9575  grp_sp=0.033  n_imp=35160  n_red=1848
13:09:39 | INFO |     step 31600  loss=0.9567  grp_sp=0.033  n_imp=35160  n_red=1848
13:16:40 | INFO |     step 31800  loss=0.9591  grp_sp=0.033  n_imp=35160  n_red=1848
13:23:47 | INFO |     step 32000  loss=0.9602  grp_sp=0.033  n_imp=35160  n_red=1848
13:30:48 | INFO |     step 32200  loss=0.9606  grp_sp=0.033  n_imp=35160  n_red=1848
13:37:48 | INFO |     step 32400  loss=0.9610  grp_sp=0.033  n_imp=35160  n_red=1848
13:44:50 | INFO |     step 32600  loss=0.9620  grp_sp=0.033  n_imp=35160  n_red=1848
13:51:50 | INFO |     step 32800  loss=0.9626  grp_sp=0.033  n_imp=35160  n_red=1848
13:58:51 | INFO |     step 33000  loss=0.9630  grp_sp=0.033  n_imp=35160  n_red=1848
14:05:47 | INFO |     step 33200  loss=0.9635  grp_sp=0.033  n_imp=35160  n_red=1848
14:12:50 | INFO |     step 33400  loss=0.9633  grp_sp=0.033  n_imp=35160  n_red=1848
14:19:55 | INFO |     step 33600  loss=0.9640  grp_sp=0.033  n_imp=35160  n_red=1848
14:26:57 | INFO |     step 33800  loss=0.9643  grp_sp=0.033  n_imp=35160  n_red=1848
14:34:00 | INFO |     step 34000  loss=0.9649  grp_sp=0.033  n_imp=35160  n_red=1848
14:41:03 | INFO |     step 34200  loss=0.9644  grp_sp=0.033  n_imp=35160  n_red=1848
14:48:03 | INFO |     step 34400  loss=0.9657  grp_sp=0.033  n_imp=35160  n_red=1848
14:55:03 | INFO |     step 34600  loss=0.9666  grp_sp=0.033  n_imp=35160  n_red=1848
15:02:01 | INFO |     step 34800  loss=0.9669  grp_sp=0.033  n_imp=35160  n_red=1848
15:09:06 | INFO |     step 35000  loss=0.9670  grp_sp=0.033  n_imp=35160  n_red=1848
15:16:06 | INFO |     step 35200  loss=0.9672  grp_sp=0.033  n_imp=35160  n_red=1848
15:23:11 | INFO |     step 35400  loss=0.9675  grp_sp=0.033  n_imp=35160  n_red=1848
15:30:13 | INFO |     step 35600  loss=0.9679  grp_sp=0.033  n_imp=35160  n_red=1848
15:37:19 | INFO |     step 35800  loss=0.9681  grp_sp=0.033  n_imp=35160  n_red=1848
15:44:25 | INFO |     step 36000  loss=0.9685  grp_sp=0.033  n_imp=35160  n_red=1848
15:51:19 | INFO |     step 36200  loss=0.9692  grp_sp=0.033  n_imp=35160  n_red=1848
15:58:11 | INFO |     step 36400  loss=0.9690  grp_sp=0.033  n_imp=35160  n_red=1848
16:05:10 | INFO |     step 36600  loss=0.9692  grp_sp=0.033  n_imp=35160  n_red=1848
16:12:00 | INFO |     step 36800  loss=0.9695  grp_sp=0.033  n_imp=35160  n_red=1848
16:18:52 | INFO |     step 37000  loss=0.9697  grp_sp=0.033  n_imp=35160  n_red=1848
16:25:46 | INFO |     step 37200  loss=0.9688  grp_sp=0.033  n_imp=35160  n_red=1848
16:32:44 | INFO |     step 37400  loss=0.9685  grp_sp=0.033  n_imp=35160  n_red=1848
16:39:40 | INFO |     step 37600  loss=0.9691  grp_sp=0.033  n_imp=35160  n_red=1848
16:46:38 | INFO |     step 37800  loss=0.9701  grp_sp=0.033  n_imp=35160  n_red=1848
16:53:35 | INFO |     step 38000  loss=0.9701  grp_sp=0.033  n_imp=35160  n_red=1848
17:00:31 | INFO |     step 38200  loss=0.9702  grp_sp=0.033  n_imp=35160  n_red=1848
17:07:25 | INFO |     step 38400  loss=0.9707  grp_sp=0.033  n_imp=35160  n_red=1848
