03:54:14 | INFO | [log] ./results/phase5_20260430_035414.log
03:54:14 | INFO | [env] torch=2.5.1+cu121  device=cuda
03:54:14 | INFO | [cfg] sparsity=[0.1]  epochs=10  bs=4  lr=3e-05  lr_quant=0.0001  br=1  P=6  Kp=6  seed=42
03:54:22 | INFO | [DATA] raw train=87599  raw val=10570
03:54:22 | INFO | [DATA] train features=88524  val features=10784
03:54:22 | INFO | 
============================================================
03:54:22 | INFO |   EXPERIMENT: sparsity=0.1  tag=B3_final_sp10
03:54:22 | INFO | ============================================================
03:54:22 | INFO | [M1] loading BERT QA
03:54:25 | INFO | [M2] quantize wrap + STE fix
03:54:26 | INFO | [CALIB] running 8 batches of bs=4
03:54:27 | INFO | [calib] 8 batches over 73 layers  (skipped=0)  num_bits=16  safety=1.05
03:54:27 | INFO | [calib] observed max|x|: min=2.665  median=14.866  max=137.556
03:54:27 | INFO | [M3] building OTO graph
03:55:24 | INFO | [SCHED] steps/epoch=22131  total=221310  start_prune=110655 (5.00 ep)  prune_steps=184425 (8.33 ep)  prune_periods=6  proj_periods=6  proj_steps=110655 (5.00 ep)
03:55:24 | INFO | [BIT]   min_bit_wt=4  max_bit_wt=16  bit_reduction=1  calib_num_bits=16
03:55:24 | INFO | [LR]    scheduler=linear  warmup_ratio=0.1  lr=3e-05  lr_quant=0.0001
03:55:24 | INFO | [M4] building GETA optimizer
03:55:24 | INFO | [M4] GETA optimizer built, 26 param groups
03:55:24 | INFO | [LR] linear schedule warmup=22131 decay over 199179
03:55:24 | INFO | [TRAIN] starting
03:56:47 | INFO |     step 200  loss=5.8952  grp_sp=0.000  n_imp=37008  n_red=0
03:58:07 | INFO |     step 400  loss=5.8748  grp_sp=0.000  n_imp=37008  n_red=0
03:59:28 | INFO |     step 600  loss=5.8065  grp_sp=0.000  n_imp=37008  n_red=0
04:00:47 | INFO |     step 800  loss=5.6481  grp_sp=0.000  n_imp=37008  n_red=0
04:02:09 | INFO |     step 1000  loss=5.4707  grp_sp=0.000  n_imp=37008  n_red=0
04:03:29 | INFO |     step 1200  loss=5.3177  grp_sp=0.000  n_imp=37008  n_red=0
04:04:50 | INFO |     step 1400  loss=5.1569  grp_sp=0.000  n_imp=37008  n_red=0
04:06:11 | INFO |     step 1600  loss=5.0029  grp_sp=0.000  n_imp=37008  n_red=0
04:07:31 | INFO |     step 1800  loss=4.8435  grp_sp=0.000  n_imp=37008  n_red=0
04:08:51 | INFO |     step 2000  loss=4.6595  grp_sp=0.000  n_imp=37008  n_red=0
04:10:09 | INFO |     step 2200  loss=4.4887  grp_sp=0.000  n_imp=37008  n_red=0
04:11:28 | INFO |     step 2400  loss=4.3335  grp_sp=0.000  n_imp=37008  n_red=0
04:12:48 | INFO |     step 2600  loss=4.1931  grp_sp=0.000  n_imp=37008  n_red=0
04:14:07 | INFO |     step 2800  loss=4.0614  grp_sp=0.000  n_imp=37008  n_red=0
04:15:26 | INFO |     step 3000  loss=3.9479  grp_sp=0.000  n_imp=37008  n_red=0
04:16:46 | INFO |     step 3200  loss=3.8427  grp_sp=0.000  n_imp=37008  n_red=0
04:18:07 | INFO |     step 3400  loss=3.7441  grp_sp=0.000  n_imp=37008  n_red=0
04:19:28 | INFO |     step 3600  loss=3.6520  grp_sp=0.000  n_imp=37008  n_red=0
04:20:49 | INFO |     step 3800  loss=3.5679  grp_sp=0.000  n_imp=37008  n_red=0
04:22:09 | INFO |     step 4000  loss=3.4845  grp_sp=0.000  n_imp=37008  n_red=0
04:23:30 | INFO |     step 4200  loss=3.4075  grp_sp=0.000  n_imp=37008  n_red=0
04:24:50 | INFO |     step 4400  loss=3.3303  grp_sp=0.000  n_imp=37008  n_red=0
04:26:10 | INFO |     step 4600  loss=3.2622  grp_sp=0.000  n_imp=37008  n_red=0
04:27:29 | INFO |     step 4800  loss=3.1997  grp_sp=0.000  n_imp=37008  n_red=0
04:28:48 | INFO |     step 5000  loss=3.1387  grp_sp=0.000  n_imp=37008  n_red=0
04:30:07 | INFO |     step 5200  loss=3.0793  grp_sp=0.000  n_imp=37008  n_red=0
04:31:29 | INFO |     step 5400  loss=3.0268  grp_sp=0.000  n_imp=37008  n_red=0
04:32:49 | INFO |     step 5600  loss=2.9772  grp_sp=0.000  n_imp=37008  n_red=0
04:34:10 | INFO |     step 5800  loss=2.9267  grp_sp=0.000  n_imp=37008  n_red=0
04:35:31 | INFO |     step 6000  loss=2.8837  grp_sp=0.000  n_imp=37008  n_red=0
04:36:51 | INFO |     step 6200  loss=2.8372  grp_sp=0.000  n_imp=37008  n_red=0
04:38:12 | INFO |     step 6400  loss=2.7978  grp_sp=0.000  n_imp=37008  n_red=0
04:39:32 | INFO |     step 6600  loss=2.7611  grp_sp=0.000  n_imp=37008  n_red=0
04:40:51 | INFO |     step 6800  loss=2.7232  grp_sp=0.000  n_imp=37008  n_red=0
04:42:12 | INFO |     step 7000  loss=2.6888  grp_sp=0.000  n_imp=37008  n_red=0
04:43:30 | INFO |     step 7200  loss=2.6530  grp_sp=0.000  n_imp=37008  n_red=0
04:44:48 | INFO |     step 7400  loss=2.6202  grp_sp=0.000  n_imp=37008  n_red=0
04:46:06 | INFO |     step 7600  loss=2.5870  grp_sp=0.000  n_imp=37008  n_red=0
04:47:26 | INFO |     step 7800  loss=2.5584  grp_sp=0.000  n_imp=37008  n_red=0
04:48:46 | INFO |     step 8000  loss=2.5300  grp_sp=0.000  n_imp=37008  n_red=0
04:50:07 | INFO |     step 8200  loss=2.5026  grp_sp=0.000  n_imp=37008  n_red=0
04:51:29 | INFO |     step 8400  loss=2.4758  grp_sp=0.000  n_imp=37008  n_red=0
04:52:50 | INFO |     step 8600  loss=2.4501  grp_sp=0.000  n_imp=37008  n_red=0
04:54:11 | INFO |     step 8800  loss=2.4240  grp_sp=0.000  n_imp=37008  n_red=0
04:55:32 | INFO |     step 9000  loss=2.3995  grp_sp=0.000  n_imp=37008  n_red=0
04:56:53 | INFO |     step 9200  loss=2.3774  grp_sp=0.000  n_imp=37008  n_red=0
04:58:14 | INFO |     step 9400  loss=2.3569  grp_sp=0.000  n_imp=37008  n_red=0
04:59:33 | INFO |     step 9600  loss=2.3361  grp_sp=0.000  n_imp=37008  n_red=0
05:00:53 | INFO |     step 9800  loss=2.3153  grp_sp=0.000  n_imp=37008  n_red=0
05:02:13 | INFO |     step 10000  loss=2.2945  grp_sp=0.000  n_imp=37008  n_red=0
05:03:33 | INFO |     step 10200  loss=2.2749  grp_sp=0.000  n_imp=37008  n_red=0
05:04:54 | INFO |     step 10400  loss=2.2555  grp_sp=0.000  n_imp=37008  n_red=0
05:06:15 | INFO |     step 10600  loss=2.2370  grp_sp=0.000  n_imp=37008  n_red=0
05:07:35 | INFO |     step 10800  loss=2.2180  grp_sp=0.000  n_imp=37008  n_red=0
05:08:56 | INFO |     step 11000  loss=2.2021  grp_sp=0.000  n_imp=37008  n_red=0
05:10:16 | INFO |     step 11200  loss=2.1857  grp_sp=0.000  n_imp=37008  n_red=0
05:11:35 | INFO |     step 11400  loss=2.1689  grp_sp=0.000  n_imp=37008  n_red=0
05:12:54 | INFO |     step 11600  loss=2.1532  grp_sp=0.000  n_imp=37008  n_red=0
05:14:15 | INFO |     step 11800  loss=2.1373  grp_sp=0.000  n_imp=37008  n_red=0
05:15:34 | INFO |     step 12000  loss=2.1228  grp_sp=0.000  n_imp=37008  n_red=0
05:16:53 | INFO |     step 12200  loss=2.1091  grp_sp=0.000  n_imp=37008  n_red=0
05:18:12 | INFO |     step 12400  loss=2.0950  grp_sp=0.000  n_imp=37008  n_red=0
05:19:33 | INFO |     step 12600  loss=2.0822  grp_sp=0.000  n_imp=37008  n_red=0
05:20:55 | INFO |     step 12800  loss=2.0669  grp_sp=0.000  n_imp=37008  n_red=0
05:22:14 | INFO |     step 13000  loss=2.0536  grp_sp=0.000  n_imp=37008  n_red=0
05:23:34 | INFO |     step 13200  loss=2.0416  grp_sp=0.000  n_imp=37008  n_red=0
05:24:54 | INFO |     step 13400  loss=2.0295  grp_sp=0.000  n_imp=37008  n_red=0
05:26:13 | INFO |     step 13600  loss=2.0167  grp_sp=0.000  n_imp=37008  n_red=0
05:27:31 | INFO |     step 13800  loss=2.0058  grp_sp=0.000  n_imp=37008  n_red=0
05:28:50 | INFO |     step 14000  loss=1.9945  grp_sp=0.000  n_imp=37008  n_red=0
05:30:09 | INFO |     step 14200  loss=1.9823  grp_sp=0.000  n_imp=37008  n_red=0
05:31:28 | INFO |     step 14400  loss=1.9716  grp_sp=0.000  n_imp=37008  n_red=0
05:32:47 | INFO |     step 14600  loss=1.9609  grp_sp=0.000  n_imp=37008  n_red=0
05:34:05 | INFO |     step 14800  loss=1.9512  grp_sp=0.000  n_imp=37008  n_red=0
05:35:25 | INFO |     step 15000  loss=1.9405  grp_sp=0.000  n_imp=37008  n_red=0
05:36:45 | INFO |     step 15200  loss=1.9304  grp_sp=0.000  n_imp=37008  n_red=0
05:38:04 | INFO |     step 15400  loss=1.9221  grp_sp=0.000  n_imp=37008  n_red=0
05:39:25 | INFO |     step 15600  loss=1.9133  grp_sp=0.000  n_imp=37008  n_red=0
05:40:45 | INFO |     step 15800  loss=1.9051  grp_sp=0.000  n_imp=37008  n_red=0
05:42:04 | INFO |     step 16000  loss=1.8967  grp_sp=0.000  n_imp=37008  n_red=0
05:43:23 | INFO |     step 16200  loss=1.8879  grp_sp=0.000  n_imp=37008  n_red=0
05:44:43 | INFO |     step 16400  loss=1.8798  grp_sp=0.000  n_imp=37008  n_red=0
05:46:02 | INFO |     step 16600  loss=1.8715  grp_sp=0.000  n_imp=37008  n_red=0
05:47:21 | INFO |     step 16800  loss=1.8634  grp_sp=0.000  n_imp=37008  n_red=0
05:48:40 | INFO |     step 17000  loss=1.8555  grp_sp=0.000  n_imp=37008  n_red=0
05:49:58 | INFO |     step 17200  loss=1.8475  grp_sp=0.000  n_imp=37008  n_red=0
05:51:16 | INFO |     step 17400  loss=1.8391  grp_sp=0.000  n_imp=37008  n_red=0
05:52:34 | INFO |     step 17600  loss=1.8322  grp_sp=0.000  n_imp=37008  n_red=0
05:53:54 | INFO |     step 17800  loss=1.8249  grp_sp=0.000  n_imp=37008  n_red=0
05:55:14 | INFO |     step 18000  loss=1.8175  grp_sp=0.000  n_imp=37008  n_red=0
05:56:34 | INFO |     step 18200  loss=1.8101  grp_sp=0.000  n_imp=37008  n_red=0
05:57:54 | INFO |     step 18400  loss=1.8025  grp_sp=0.000  n_imp=37008  n_red=0
05:59:15 | INFO |     step 18600  loss=1.7943  grp_sp=0.000  n_imp=37008  n_red=0
06:00:35 | INFO |     step 18800  loss=1.7872  grp_sp=0.000  n_imp=37008  n_red=0
06:01:55 | INFO |     step 19000  loss=1.7812  grp_sp=0.000  n_imp=37008  n_red=0
06:03:15 | INFO |     step 19200  loss=1.7758  grp_sp=0.000  n_imp=37008  n_red=0
06:04:36 | INFO |     step 19400  loss=1.7703  grp_sp=0.000  n_imp=37008  n_red=0
06:05:56 | INFO |     step 19600  loss=1.7646  grp_sp=0.000  n_imp=37008  n_red=0
06:07:15 | INFO |     step 19800  loss=1.7586  grp_sp=0.000  n_imp=37008  n_red=0
06:08:36 | INFO |     step 20000  loss=1.7533  grp_sp=0.000  n_imp=37008  n_red=0
06:09:54 | INFO |     step 20200  loss=1.7481  grp_sp=0.000  n_imp=37008  n_red=0
06:11:14 | INFO |     step 20400  loss=1.7425  grp_sp=0.000  n_imp=37008  n_red=0
06:12:34 | INFO |     step 20600  loss=1.7365  grp_sp=0.000  n_imp=37008  n_red=0
06:13:53 | INFO |     step 20800  loss=1.7307  grp_sp=0.000  n_imp=37008  n_red=0
06:15:13 | INFO |     step 21000  loss=1.7256  grp_sp=0.000  n_imp=37008  n_red=0
06:16:32 | INFO |     step 21200  loss=1.7207  grp_sp=0.000  n_imp=37008  n_red=0
06:17:51 | INFO |     step 21400  loss=1.7157  grp_sp=0.000  n_imp=37008  n_red=0
06:19:09 | INFO |     step 21600  loss=1.7115  grp_sp=0.000  n_imp=37008  n_red=0
06:20:27 | INFO |     step 21800  loss=1.7065  grp_sp=0.000  n_imp=37008  n_red=0
06:21:44 | INFO |     step 22000  loss=1.7021  grp_sp=0.000  n_imp=37008  n_red=0
06:24:52 | INFO | [EPOCH 1/10] loss=1.6994  grp_sp=0.000  EM=75.20  F1=83.84  elapsed=147.2min
06:25:19 | INFO |     step 22200  loss=0.9026  grp_sp=0.000  n_imp=37008  n_red=0
06:26:36 | INFO |     step 22400  loss=0.9176  grp_sp=0.000  n_imp=37008  n_red=0
06:27:55 | INFO |     step 22600  loss=0.9096  grp_sp=0.000  n_imp=37008  n_red=0
06:29:12 | INFO |     step 22800  loss=0.9191  grp_sp=0.000  n_imp=37008  n_red=0
06:30:31 | INFO |     step 23000  loss=0.9489  grp_sp=0.000  n_imp=37008  n_red=0
06:31:49 | INFO |     step 23200  loss=0.9556  grp_sp=0.000  n_imp=37008  n_red=0
06:33:06 | INFO |     step 23400  loss=0.9574  grp_sp=0.000  n_imp=37008  n_red=0
06:34:24 | INFO |     step 23600  loss=0.9617  grp_sp=0.000  n_imp=37008  n_red=0
06:35:42 | INFO |     step 23800  loss=0.9600  grp_sp=0.000  n_imp=37008  n_red=0
06:36:59 | INFO |     step 24000  loss=0.9538  grp_sp=0.000  n_imp=37008  n_red=0
06:38:17 | INFO |     step 24200  loss=0.9581  grp_sp=0.000  n_imp=37008  n_red=0
06:39:33 | INFO |     step 24400  loss=0.9596  grp_sp=0.000  n_imp=37008  n_red=0
06:40:50 | INFO |     step 24600  loss=0.9606  grp_sp=0.000  n_imp=37008  n_red=0
06:42:09 | INFO |     step 24800  loss=0.9618  grp_sp=0.000  n_imp=37008  n_red=0
06:43:29 | INFO |     step 25000  loss=0.9655  grp_sp=0.000  n_imp=37008  n_red=0
06:44:49 | INFO |     step 25200  loss=0.9652  grp_sp=0.000  n_imp=37008  n_red=0
06:46:09 | INFO |     step 25400  loss=0.9649  grp_sp=0.000  n_imp=37008  n_red=0
06:47:29 | INFO |     step 25600  loss=0.9659  grp_sp=0.000  n_imp=37008  n_red=0
06:48:49 | INFO |     step 25800  loss=0.9648  grp_sp=0.000  n_imp=37008  n_red=0
06:50:08 | INFO |     step 26000  loss=0.9668  grp_sp=0.000  n_imp=37008  n_red=0
06:51:27 | INFO |     step 26200  loss=0.9649  grp_sp=0.000  n_imp=37008  n_red=0
06:52:47 | INFO |     step 26400  loss=0.9635  grp_sp=0.000  n_imp=37008  n_red=0
06:54:04 | INFO |     step 26600  loss=0.9635  grp_sp=0.000  n_imp=37008  n_red=0
06:55:21 | INFO |     step 26800  loss=0.9642  grp_sp=0.000  n_imp=37008  n_red=0
06:56:38 | INFO |     step 27000  loss=0.9675  grp_sp=0.000  n_imp=37008  n_red=0
06:57:56 | INFO |     step 27200  loss=0.9653  grp_sp=0.000  n_imp=37008  n_red=0
06:59:13 | INFO |     step 27400  loss=0.9636  grp_sp=0.000  n_imp=37008  n_red=0
07:00:30 | INFO |     step 27600  loss=0.9621  grp_sp=0.000  n_imp=37008  n_red=0
07:01:47 | INFO |     step 27800  loss=0.9627  grp_sp=0.000  n_imp=37008  n_red=0
07:03:05 | INFO |     step 28000  loss=0.9660  grp_sp=0.000  n_imp=37008  n_red=0
07:04:22 | INFO |     step 28200  loss=0.9661  grp_sp=0.000  n_imp=37008  n_red=0
07:05:39 | INFO |     step 28400  loss=0.9648  grp_sp=0.000  n_imp=37008  n_red=0
07:06:56 | INFO |     step 28600  loss=0.9654  grp_sp=0.000  n_imp=37008  n_red=0
07:08:13 | INFO |     step 28800  loss=0.9648  grp_sp=0.000  n_imp=37008  n_red=0
07:09:31 | INFO |     step 29000  loss=0.9644  grp_sp=0.000  n_imp=37008  n_red=0
07:10:49 | INFO |     step 29200  loss=0.9651  grp_sp=0.000  n_imp=37008  n_red=0
07:12:05 | INFO |     step 29400  loss=0.9629  grp_sp=0.000  n_imp=37008  n_red=0
07:13:23 | INFO |     step 29600  loss=0.9636  grp_sp=0.000  n_imp=37008  n_red=0
07:14:40 | INFO |     step 29800  loss=0.9626  grp_sp=0.000  n_imp=37008  n_red=0
07:15:57 | INFO |     step 30000  loss=0.9623  grp_sp=0.000  n_imp=37008  n_red=0
07:17:15 | INFO |     step 30200  loss=0.9635  grp_sp=0.000  n_imp=37008  n_red=0
07:18:32 | INFO |     step 30400  loss=0.9634  grp_sp=0.000  n_imp=37008  n_red=0
07:19:50 | INFO |     step 30600  loss=0.9661  grp_sp=0.000  n_imp=37008  n_red=0
07:21:09 | INFO |     step 30800  loss=0.9661  grp_sp=0.000  n_imp=37008  n_red=0
07:22:27 | INFO |     step 31000  loss=0.9664  grp_sp=0.000  n_imp=37008  n_red=0
07:23:46 | INFO |     step 31200  loss=0.9660  grp_sp=0.000  n_imp=37008  n_red=0
07:25:04 | INFO |     step 31400  loss=0.9650  grp_sp=0.000  n_imp=37008  n_red=0
07:26:22 | INFO |     step 31600  loss=0.9637  grp_sp=0.000  n_imp=37008  n_red=0
07:27:39 | INFO |     step 31800  loss=0.9647  grp_sp=0.000  n_imp=37008  n_red=0
07:28:56 | INFO |     step 32000  loss=0.9648  grp_sp=0.000  n_imp=37008  n_red=0
07:30:13 | INFO |     step 32200  loss=0.9653  grp_sp=0.000  n_imp=37008  n_red=0
07:31:31 | INFO |     step 32400  loss=0.9647  grp_sp=0.000  n_imp=37008  n_red=0
07:32:48 | INFO |     step 32600  loss=0.9659  grp_sp=0.000  n_imp=37008  n_red=0
07:34:06 | INFO |     step 32800  loss=0.9649  grp_sp=0.000  n_imp=37008  n_red=0
07:35:23 | INFO |     step 33000  loss=0.9653  grp_sp=0.000  n_imp=37008  n_red=0
07:36:40 | INFO |     step 33200  loss=0.9652  grp_sp=0.000  n_imp=37008  n_red=0
07:37:58 | INFO |     step 33400  loss=0.9643  grp_sp=0.000  n_imp=37008  n_red=0
07:39:15 | INFO |     step 33600  loss=0.9648  grp_sp=0.000  n_imp=37008  n_red=0
07:40:33 | INFO |     step 33800  loss=0.9651  grp_sp=0.000  n_imp=37008  n_red=0
07:41:50 | INFO |     step 34000  loss=0.9650  grp_sp=0.000  n_imp=37008  n_red=0
07:43:07 | INFO |     step 34200  loss=0.9646  grp_sp=0.000  n_imp=37008  n_red=0
07:44:24 | INFO |     step 34400  loss=0.9650  grp_sp=0.000  n_imp=37008  n_red=0
07:45:41 | INFO |     step 34600  loss=0.9658  grp_sp=0.000  n_imp=37008  n_red=0
07:46:58 | INFO |     step 34800  loss=0.9656  grp_sp=0.000  n_imp=37008  n_red=0
07:48:16 | INFO |     step 35000  loss=0.9655  grp_sp=0.000  n_imp=37008  n_red=0
07:49:34 | INFO |     step 35200  loss=0.9654  grp_sp=0.000  n_imp=37008  n_red=0
07:50:51 | INFO |     step 35400  loss=0.9659  grp_sp=0.000  n_imp=37008  n_red=0
07:52:09 | INFO |     step 35600  loss=0.9659  grp_sp=0.000  n_imp=37008  n_red=0
07:53:26 | INFO |     step 35800  loss=0.9658  grp_sp=0.000  n_imp=37008  n_red=0
07:54:44 | INFO |     step 36000  loss=0.9665  grp_sp=0.000  n_imp=37008  n_red=0
07:56:01 | INFO |     step 36200  loss=0.9665  grp_sp=0.000  n_imp=37008  n_red=0
07:57:18 | INFO |     step 36400  loss=0.9659  grp_sp=0.000  n_imp=37008  n_red=0
07:58:36 | INFO |     step 36600  loss=0.9658  grp_sp=0.000  n_imp=37008  n_red=0
07:59:53 | INFO |     step 36800  loss=0.9664  grp_sp=0.000  n_imp=37008  n_red=0
08:01:10 | INFO |     step 37000  loss=0.9663  grp_sp=0.000  n_imp=37008  n_red=0
08:02:28 | INFO |     step 37200  loss=0.9649  grp_sp=0.000  n_imp=37008  n_red=0
08:03:46 | INFO |     step 37400  loss=0.9644  grp_sp=0.000  n_imp=37008  n_red=0
08:05:04 | INFO |     step 37600  loss=0.9642  grp_sp=0.000  n_imp=37008  n_red=0
08:06:22 | INFO |     step 37800  loss=0.9644  grp_sp=0.000  n_imp=37008  n_red=0
08:07:41 | INFO |     step 38000  loss=0.9644  grp_sp=0.000  n_imp=37008  n_red=0
08:09:00 | INFO |     step 38200  loss=0.9639  grp_sp=0.000  n_imp=37008  n_red=0
08:10:18 | INFO |     step 38400  loss=0.9647  grp_sp=0.000  n_imp=37008  n_red=0
08:11:36 | INFO |     step 38600  loss=0.9638  grp_sp=0.000  n_imp=37008  n_red=0
08:12:54 | INFO |     step 38800  loss=0.9643  grp_sp=0.000  n_imp=37008  n_red=0
08:14:13 | INFO |     step 39000  loss=0.9643  grp_sp=0.000  n_imp=37008  n_red=0
08:15:30 | INFO |     step 39200  loss=0.9645  grp_sp=0.000  n_imp=37008  n_red=0
08:16:44 | INFO |     step 39400  loss=0.9642  grp_sp=0.000  n_imp=37008  n_red=0
08:17:59 | INFO |     step 39600  loss=0.9638  grp_sp=0.000  n_imp=37008  n_red=0
08:19:14 | INFO |     step 39800  loss=0.9636  grp_sp=0.000  n_imp=37008  n_red=0
08:20:29 | INFO |     step 40000  loss=0.9639  grp_sp=0.000  n_imp=37008  n_red=0
08:21:45 | INFO |     step 40200  loss=0.9645  grp_sp=0.000  n_imp=37008  n_red=0
08:23:00 | INFO |     step 40400  loss=0.9637  grp_sp=0.000  n_imp=37008  n_red=0
08:24:16 | INFO |     step 40600  loss=0.9644  grp_sp=0.000  n_imp=37008  n_red=0
08:25:30 | INFO |     step 40800  loss=0.9639  grp_sp=0.000  n_imp=37008  n_red=0
08:26:46 | INFO |     step 41000  loss=0.9639  grp_sp=0.000  n_imp=37008  n_red=0
08:28:01 | INFO |     step 41200  loss=0.9638  grp_sp=0.000  n_imp=37008  n_red=0
08:29:16 | INFO |     step 41400  loss=0.9633  grp_sp=0.000  n_imp=37008  n_red=0
08:30:31 | INFO |     step 41600  loss=0.9625  grp_sp=0.000  n_imp=37008  n_red=0
08:31:46 | INFO |     step 41800  loss=0.9616  grp_sp=0.000  n_imp=37008  n_red=0
08:33:00 | INFO |     step 42000  loss=0.9617  grp_sp=0.000  n_imp=37008  n_red=0
08:34:14 | INFO |     step 42200  loss=0.9621  grp_sp=0.000  n_imp=37008  n_red=0
08:35:29 | INFO |     step 42400  loss=0.9628  grp_sp=0.000  n_imp=37008  n_red=0
08:36:44 | INFO |     step 42600  loss=0.9626  grp_sp=0.000  n_imp=37008  n_red=0
08:37:59 | INFO |     step 42800  loss=0.9620  grp_sp=0.000  n_imp=37008  n_red=0
08:39:14 | INFO |     step 43000  loss=0.9622  grp_sp=0.000  n_imp=37008  n_red=0
08:40:29 | INFO |     step 43200  loss=0.9622  grp_sp=0.000  n_imp=37008  n_red=0
08:41:44 | INFO |     step 43400  loss=0.9623  grp_sp=0.000  n_imp=37008  n_red=0
08:42:59 | INFO |     step 43600  loss=0.9620  grp_sp=0.000  n_imp=37008  n_red=0
08:44:14 | INFO |     step 43800  loss=0.9617  grp_sp=0.000  n_imp=37008  n_red=0
08:45:29 | INFO |     step 44000  loss=0.9623  grp_sp=0.000  n_imp=37008  n_red=0
08:46:44 | INFO |     step 44200  loss=0.9617  grp_sp=0.000  n_imp=37008  n_red=0
08:49:21 | INFO | [EPOCH 2/10] loss=0.9619  grp_sp=0.000  EM=79.00  F1=86.73  elapsed=291.7min
08:50:13 | INFO |     step 44400  loss=0.5490  grp_sp=0.000  n_imp=37008  n_red=0
08:51:28 | INFO |     step 44600  loss=0.5697  grp_sp=0.000  n_imp=37008  n_red=0
08:52:43 | INFO |     step 44800  loss=0.5745  grp_sp=0.000  n_imp=37008  n_red=0
08:53:59 | INFO |     step 45000  loss=0.5739  grp_sp=0.000  n_imp=37008  n_red=0
08:55:14 | INFO |     step 45200  loss=0.5825  grp_sp=0.000  n_imp=37008  n_red=0
08:56:29 | INFO |     step 45400  loss=0.5923  grp_sp=0.000  n_imp=37008  n_red=0
08:57:44 | INFO |     step 45600  loss=0.6016  grp_sp=0.000  n_imp=37008  n_red=0
08:59:00 | INFO |     step 45800  loss=0.6051  grp_sp=0.000  n_imp=37008  n_red=0
09:00:15 | INFO |     step 46000  loss=0.6079  grp_sp=0.000  n_imp=37008  n_red=0
09:01:31 | INFO |     step 46200  loss=0.6043  grp_sp=0.000  n_imp=37008  n_red=0
09:02:47 | INFO |     step 46400  loss=0.6131  grp_sp=0.000  n_imp=37008  n_red=0
09:04:03 | INFO |     step 46600  loss=0.6123  grp_sp=0.000  n_imp=37008  n_red=0
09:05:20 | INFO |     step 46800  loss=0.6102  grp_sp=0.000  n_imp=37008  n_red=0
09:06:36 | INFO |     step 47000  loss=0.6134  grp_sp=0.000  n_imp=37008  n_red=0
09:07:53 | INFO |     step 47200  loss=0.6159  grp_sp=0.000  n_imp=37008  n_red=0
09:09:10 | INFO |     step 47400  loss=0.6155  grp_sp=0.000  n_imp=37008  n_red=0
09:10:26 | INFO |     step 47600  loss=0.6150  grp_sp=0.000  n_imp=37008  n_red=0
09:11:41 | INFO |     step 47800  loss=0.6163  grp_sp=0.000  n_imp=37008  n_red=0
09:12:57 | INFO |     step 48000  loss=0.6155  grp_sp=0.000  n_imp=37008  n_red=0
09:14:12 | INFO |     step 48200  loss=0.6126  grp_sp=0.000  n_imp=37008  n_red=0
09:15:27 | INFO |     step 48400  loss=0.6125  grp_sp=0.000  n_imp=37008  n_red=0
09:16:43 | INFO |     step 48600  loss=0.6114  grp_sp=0.000  n_imp=37008  n_red=0
09:18:00 | INFO |     step 48800  loss=0.6117  grp_sp=0.000  n_imp=37008  n_red=0
09:19:15 | INFO |     step 49000  loss=0.6113  grp_sp=0.000  n_imp=37008  n_red=0
09:20:29 | INFO |     step 49200  loss=0.6114  grp_sp=0.000  n_imp=37008  n_red=0
09:21:43 | INFO |     step 49400  loss=0.6121  grp_sp=0.000  n_imp=37008  n_red=0
09:22:58 | INFO |     step 49600  loss=0.6101  grp_sp=0.000  n_imp=37008  n_red=0
09:24:13 | INFO |     step 49800  loss=0.6106  grp_sp=0.000  n_imp=37008  n_red=0
09:25:29 | INFO |     step 50000  loss=0.6107  grp_sp=0.000  n_imp=37008  n_red=0
09:26:44 | INFO |     step 50200  loss=0.6120  grp_sp=0.000  n_imp=37008  n_red=0
09:27:59 | INFO |     step 50400  loss=0.6132  grp_sp=0.000  n_imp=37008  n_red=0
09:29:15 | INFO |     step 50600  loss=0.6149  grp_sp=0.000  n_imp=37008  n_red=0
09:30:30 | INFO |     step 50800  loss=0.6140  grp_sp=0.000  n_imp=37008  n_red=0
09:31:46 | INFO |     step 51000  loss=0.6144  grp_sp=0.000  n_imp=37008  n_red=0
09:33:01 | INFO |     step 51200  loss=0.6162  grp_sp=0.000  n_imp=37008  n_red=0
09:34:17 | INFO |     step 51400  loss=0.6163  grp_sp=0.000  n_imp=37008  n_red=0
09:35:31 | INFO |     step 51600  loss=0.6151  grp_sp=0.000  n_imp=37008  n_red=0
09:36:46 | INFO |     step 51800  loss=0.6174  grp_sp=0.000  n_imp=37008  n_red=0
09:38:01 | INFO |     step 52000  loss=0.6181  grp_sp=0.000  n_imp=37008  n_red=0
09:39:18 | INFO |     step 52200  loss=0.6180  grp_sp=0.000  n_imp=37008  n_red=0
09:40:35 | INFO |     step 52400  loss=0.6187  grp_sp=0.000  n_imp=37008  n_red=0
09:41:53 | INFO |     step 52600  loss=0.6195  grp_sp=0.000  n_imp=37008  n_red=0
09:43:08 | INFO |     step 52800  loss=0.6196  grp_sp=0.000  n_imp=37008  n_red=0
09:44:24 | INFO |     step 53000  loss=0.6195  grp_sp=0.000  n_imp=37008  n_red=0
09:45:40 | INFO |     step 53200  loss=0.6200  grp_sp=0.000  n_imp=37008  n_red=0
09:46:57 | INFO |     step 53400  loss=0.6200  grp_sp=0.000  n_imp=37008  n_red=0
09:48:13 | INFO |     step 53600  loss=0.6211  grp_sp=0.000  n_imp=37008  n_red=0
09:49:29 | INFO |     step 53800  loss=0.6215  grp_sp=0.000  n_imp=37008  n_red=0
09:50:45 | INFO |     step 54000  loss=0.6208  grp_sp=0.000  n_imp=37008  n_red=0
09:52:00 | INFO |     step 54200  loss=0.6212  grp_sp=0.000  n_imp=37008  n_red=0
09:53:15 | INFO |     step 54400  loss=0.6206  grp_sp=0.000  n_imp=37008  n_red=0
09:54:31 | INFO |     step 54600  loss=0.6228  grp_sp=0.000  n_imp=37008  n_red=0
09:55:46 | INFO |     step 54800  loss=0.6240  grp_sp=0.000  n_imp=37008  n_red=0
09:57:02 | INFO |     step 55000  loss=0.6238  grp_sp=0.000  n_imp=37008  n_red=0
09:58:17 | INFO |     step 55200  loss=0.6232  grp_sp=0.000  n_imp=37008  n_red=0
09:59:33 | INFO |     step 55400  loss=0.6236  grp_sp=0.000  n_imp=37008  n_red=0
10:00:47 | INFO |     step 55600  loss=0.6247  grp_sp=0.000  n_imp=37008  n_red=0
10:02:02 | INFO |     step 55800  loss=0.6248  grp_sp=0.000  n_imp=37008  n_red=0
10:03:18 | INFO |     step 56000  loss=0.6253  grp_sp=0.000  n_imp=37008  n_red=0
10:04:34 | INFO |     step 56200  loss=0.6248  grp_sp=0.000  n_imp=37008  n_red=0
10:05:49 | INFO |     step 56400  loss=0.6254  grp_sp=0.000  n_imp=37008  n_red=0
10:07:04 | INFO |     step 56600  loss=0.6260  grp_sp=0.000  n_imp=37008  n_red=0
10:08:19 | INFO |     step 56800  loss=0.6269  grp_sp=0.000  n_imp=37008  n_red=0
10:09:34 | INFO |     step 57000  loss=0.6271  grp_sp=0.000  n_imp=37008  n_red=0
10:10:51 | INFO |     step 57200  loss=0.6276  grp_sp=0.000  n_imp=37008  n_red=0
10:12:09 | INFO |     step 57400  loss=0.6279  grp_sp=0.000  n_imp=37008  n_red=0
10:13:27 | INFO |     step 57600  loss=0.6274  grp_sp=0.000  n_imp=37008  n_red=0
10:14:44 | INFO |     step 57800  loss=0.6275  grp_sp=0.000  n_imp=37008  n_red=0
10:16:02 | INFO |     step 58000  loss=0.6280  grp_sp=0.000  n_imp=37008  n_red=0
10:17:18 | INFO |     step 58200  loss=0.6287  grp_sp=0.000  n_imp=37008  n_red=0
10:18:33 | INFO |     step 58400  loss=0.6283  grp_sp=0.000  n_imp=37008  n_red=0
10:19:49 | INFO |     step 58600  loss=0.6298  grp_sp=0.000  n_imp=37008  n_red=0
10:21:04 | INFO |     step 58800  loss=0.6298  grp_sp=0.000  n_imp=37008  n_red=0
10:22:19 | INFO |     step 59000  loss=0.6298  grp_sp=0.000  n_imp=37008  n_red=0
10:23:34 | INFO |     step 59200  loss=0.6294  grp_sp=0.000  n_imp=37008  n_red=0
10:24:49 | INFO |     step 59400  loss=0.6303  grp_sp=0.000  n_imp=37008  n_red=0
10:26:04 | INFO |     step 59600  loss=0.6311  grp_sp=0.000  n_imp=37008  n_red=0
10:27:20 | INFO |     step 59800  loss=0.6304  grp_sp=0.000  n_imp=37008  n_red=0
10:28:36 | INFO |     step 60000  loss=0.6300  grp_sp=0.000  n_imp=37008  n_red=0
10:29:53 | INFO |     step 60200  loss=0.6306  grp_sp=0.000  n_imp=37008  n_red=0
10:31:09 | INFO |     step 60400  loss=0.6314  grp_sp=0.000  n_imp=37008  n_red=0
10:32:26 | INFO |     step 60600  loss=0.6325  grp_sp=0.000  n_imp=37008  n_red=0
10:33:43 | INFO |     step 60800  loss=0.6331  grp_sp=0.000  n_imp=37008  n_red=0
10:35:00 | INFO |     step 61000  loss=0.6331  grp_sp=0.000  n_imp=37008  n_red=0
10:36:16 | INFO |     step 61200  loss=0.6334  grp_sp=0.000  n_imp=37008  n_red=0
10:37:33 | INFO |     step 61400  loss=0.6338  grp_sp=0.000  n_imp=37008  n_red=0
10:38:47 | INFO |     step 61600  loss=0.6345  grp_sp=0.000  n_imp=37008  n_red=0
10:40:02 | INFO |     step 61800  loss=0.6352  grp_sp=0.000  n_imp=37008  n_red=0
10:41:18 | INFO |     step 62000  loss=0.6356  grp_sp=0.000  n_imp=37008  n_red=0
10:42:35 | INFO |     step 62200  loss=0.6353  grp_sp=0.000  n_imp=37008  n_red=0
10:43:50 | INFO |     step 62400  loss=0.6349  grp_sp=0.000  n_imp=37008  n_red=0
10:45:07 | INFO |     step 62600  loss=0.6351  grp_sp=0.000  n_imp=37008  n_red=0
10:46:24 | INFO |     step 62800  loss=0.6354  grp_sp=0.000  n_imp=37008  n_red=0
10:47:40 | INFO |     step 63000  loss=0.6358  grp_sp=0.000  n_imp=37008  n_red=0
10:48:57 | INFO |     step 63200  loss=0.6354  grp_sp=0.000  n_imp=37008  n_red=0
10:50:13 | INFO |     step 63400  loss=0.6361  grp_sp=0.000  n_imp=37008  n_red=0
10:51:29 | INFO |     step 63600  loss=0.6362  grp_sp=0.000  n_imp=37008  n_red=0
10:52:45 | INFO |     step 63800  loss=0.6359  grp_sp=0.000  n_imp=37008  n_red=0
10:54:02 | INFO |     step 64000  loss=0.6360  grp_sp=0.000  n_imp=37008  n_red=0
10:55:16 | INFO |     step 64200  loss=0.6360  grp_sp=0.000  n_imp=37008  n_red=0
10:56:33 | INFO |     step 64400  loss=0.6359  grp_sp=0.000  n_imp=37008  n_red=0
10:57:48 | INFO |     step 64600  loss=0.6364  grp_sp=0.000  n_imp=37008  n_red=0
10:59:03 | INFO |     step 64800  loss=0.6366  grp_sp=0.000  n_imp=37008  n_red=0
11:00:18 | INFO |     step 65000  loss=0.6371  grp_sp=0.000  n_imp=37008  n_red=0
11:01:34 | INFO |     step 65200  loss=0.6373  grp_sp=0.000  n_imp=37008  n_red=0
11:02:49 | INFO |     step 65400  loss=0.6374  grp_sp=0.000  n_imp=37008  n_red=0
11:04:05 | INFO |     step 65600  loss=0.6374  grp_sp=0.000  n_imp=37008  n_red=0
11:05:20 | INFO |     step 65800  loss=0.6377  grp_sp=0.000  n_imp=37008  n_red=0
11:06:35 | INFO |     step 66000  loss=0.6387  grp_sp=0.000  n_imp=37008  n_red=0
11:07:50 | INFO |     step 66200  loss=0.6393  grp_sp=0.000  n_imp=37008  n_red=0
11:11:18 | INFO | [EPOCH 3/10] loss=0.6391  grp_sp=0.000  EM=79.30  F1=87.06  elapsed=433.6min
11:11:20 | INFO |     step 66400  loss=0.5242  grp_sp=0.000  n_imp=37008  n_red=0
11:12:35 | INFO |     step 66600  loss=0.3586  grp_sp=0.000  n_imp=37008  n_red=0
11:13:51 | INFO |     step 66800  loss=0.3681  grp_sp=0.000  n_imp=37008  n_red=0
11:15:06 | INFO |     step 67000  loss=0.3515  grp_sp=0.000  n_imp=37008  n_red=0
11:16:21 | INFO |     step 67200  loss=0.3636  grp_sp=0.000  n_imp=37008  n_red=0
11:17:37 | INFO |     step 67400  loss=0.3713  grp_sp=0.000  n_imp=37008  n_red=0
11:18:53 | INFO |     step 67600  loss=0.3817  grp_sp=0.000  n_imp=37008  n_red=0
11:20:11 | INFO |     step 67800  loss=0.3830  grp_sp=0.000  n_imp=37008  n_red=0
11:21:29 | INFO |     step 68000  loss=0.3896  grp_sp=0.000  n_imp=37008  n_red=0
11:22:45 | INFO |     step 68200  loss=0.3873  grp_sp=0.000  n_imp=37008  n_red=0
11:24:02 | INFO |     step 68400  loss=0.3826  grp_sp=0.000  n_imp=37008  n_red=0
11:25:19 | INFO |     step 68600  loss=0.3854  grp_sp=0.000  n_imp=37008  n_red=0
11:26:36 | INFO |     step 68800  loss=0.3805  grp_sp=0.000  n_imp=37008  n_red=0
11:27:53 | INFO |     step 69000  loss=0.3820  grp_sp=0.000  n_imp=37008  n_red=0
11:29:10 | INFO |     step 69200  loss=0.3805  grp_sp=0.000  n_imp=37008  n_red=0
11:30:26 | INFO |     step 69400  loss=0.3823  grp_sp=0.000  n_imp=37008  n_red=0
11:31:43 | INFO |     step 69600  loss=0.3831  grp_sp=0.000  n_imp=37008  n_red=0
11:33:00 | INFO |     step 69800  loss=0.3842  grp_sp=0.000  n_imp=37008  n_red=0
11:34:16 | INFO |     step 70000  loss=0.3845  grp_sp=0.000  n_imp=37008  n_red=0
11:35:31 | INFO |     step 70200  loss=0.3860  grp_sp=0.000  n_imp=37008  n_red=0
11:36:46 | INFO |     step 70400  loss=0.3840  grp_sp=0.000  n_imp=37008  n_red=0
11:38:02 | INFO |     step 70600  loss=0.3834  grp_sp=0.000  n_imp=37008  n_red=0
11:39:19 | INFO |     step 70800  loss=0.3847  grp_sp=0.000  n_imp=37008  n_red=0
11:40:36 | INFO |     step 71000  loss=0.3842  grp_sp=0.000  n_imp=37008  n_red=0
11:41:53 | INFO |     step 71200  loss=0.3857  grp_sp=0.000  n_imp=37008  n_red=0
11:43:09 | INFO |     step 71400  loss=0.3856  grp_sp=0.000  n_imp=37008  n_red=0
11:44:25 | INFO |     step 71600  loss=0.3850  grp_sp=0.000  n_imp=37008  n_red=0
11:45:42 | INFO |     step 71800  loss=0.3863  grp_sp=0.000  n_imp=37008  n_red=0
11:46:59 | INFO |     step 72000  loss=0.3892  grp_sp=0.000  n_imp=37008  n_red=0
11:48:16 | INFO |     step 72200  loss=0.3889  grp_sp=0.000  n_imp=37008  n_red=0
11:49:33 | INFO |     step 72400  loss=0.3906  grp_sp=0.000  n_imp=37008  n_red=0
11:50:49 | INFO |     step 72600  loss=0.3908  grp_sp=0.000  n_imp=37008  n_red=0
11:52:05 | INFO |     step 72800  loss=0.3903  grp_sp=0.000  n_imp=37008  n_red=0
11:53:21 | INFO |     step 73000  loss=0.3901  grp_sp=0.000  n_imp=37008  n_red=0
11:54:39 | INFO |     step 73200  loss=0.3906  grp_sp=0.000  n_imp=37008  n_red=0
11:55:56 | INFO |     step 73400  loss=0.3908  grp_sp=0.000  n_imp=37008  n_red=0
11:57:13 | INFO |     step 73600  loss=0.3909  grp_sp=0.000  n_imp=37008  n_red=0
11:58:29 | INFO |     step 73800  loss=0.3909  grp_sp=0.000  n_imp=37008  n_red=0
11:59:45 | INFO |     step 74000  loss=0.3919  grp_sp=0.000  n_imp=37008  n_red=0
12:01:01 | INFO |     step 74200  loss=0.3923  grp_sp=0.000  n_imp=37008  n_red=0
12:02:17 | INFO |     step 74400  loss=0.3915  grp_sp=0.000  n_imp=37008  n_red=0
12:03:34 | INFO |     step 74600  loss=0.3924  grp_sp=0.000  n_imp=37008  n_red=0
12:04:50 | INFO |     step 74800  loss=0.3928  grp_sp=0.000  n_imp=37008  n_red=0
12:06:06 | INFO |     step 75000  loss=0.3940  grp_sp=0.000  n_imp=37008  n_red=0
12:07:22 | INFO |     step 75200  loss=0.3951  grp_sp=0.000  n_imp=37008  n_red=0
12:08:39 | INFO |     step 75400  loss=0.3944  grp_sp=0.000  n_imp=37008  n_red=0
12:09:55 | INFO |     step 75600  loss=0.3952  grp_sp=0.000  n_imp=37008  n_red=0
12:11:11 | INFO |     step 75800  loss=0.3959  grp_sp=0.000  n_imp=37008  n_red=0
12:12:28 | INFO |     step 76000  loss=0.3965  grp_sp=0.000  n_imp=37008  n_red=0
12:13:44 | INFO |     step 76200  loss=0.3976  grp_sp=0.000  n_imp=37008  n_red=0
12:14:59 | INFO |     step 76400  loss=0.3982  grp_sp=0.000  n_imp=37008  n_red=0
12:16:15 | INFO |     step 76600  loss=0.3976  grp_sp=0.000  n_imp=37008  n_red=0
12:17:31 | INFO |     step 76800  loss=0.3986  grp_sp=0.000  n_imp=37008  n_red=0
12:18:48 | INFO |     step 77000  loss=0.3992  grp_sp=0.000  n_imp=37008  n_red=0
12:20:05 | INFO |     step 77200  loss=0.3997  grp_sp=0.000  n_imp=37008  n_red=0
12:21:20 | INFO |     step 77400  loss=0.4006  grp_sp=0.000  n_imp=37008  n_red=0
12:22:37 | INFO |     step 77600  loss=0.4001  grp_sp=0.000  n_imp=37008  n_red=0
12:23:53 | INFO |     step 77800  loss=0.4007  grp_sp=0.000  n_imp=37008  n_red=0
12:25:09 | INFO |     step 78000  loss=0.4008  grp_sp=0.000  n_imp=37008  n_red=0
12:26:26 | INFO |     step 78200  loss=0.4012  grp_sp=0.000  n_imp=37008  n_red=0
12:27:42 | INFO |     step 78400  loss=0.4016  grp_sp=0.000  n_imp=37008  n_red=0
12:28:58 | INFO |     step 78600  loss=0.4019  grp_sp=0.000  n_imp=37008  n_red=0
12:30:14 | INFO |     step 78800  loss=0.4020  grp_sp=0.000  n_imp=37008  n_red=0
12:31:29 | INFO |     step 79000  loss=0.4019  grp_sp=0.000  n_imp=37008  n_red=0
12:32:46 | INFO |     step 79200  loss=0.4030  grp_sp=0.000  n_imp=37008  n_red=0
12:34:03 | INFO |     step 79400  loss=0.4032  grp_sp=0.000  n_imp=37008  n_red=0
12:35:19 | INFO |     step 79600  loss=0.4037  grp_sp=0.000  n_imp=37008  n_red=0
12:36:36 | INFO |     step 79800  loss=0.4044  grp_sp=0.000  n_imp=37008  n_red=0
12:37:53 | INFO |     step 80000  loss=0.4047  grp_sp=0.000  n_imp=37008  n_red=0
12:39:09 | INFO |     step 80200  loss=0.4047  grp_sp=0.000  n_imp=37008  n_red=0
12:40:25 | INFO |     step 80400  loss=0.4052  grp_sp=0.000  n_imp=37008  n_red=0
12:41:42 | INFO |     step 80600  loss=0.4055  grp_sp=0.000  n_imp=37008  n_red=0
12:42:59 | INFO |     step 80800  loss=0.4058  grp_sp=0.000  n_imp=37008  n_red=0
12:44:15 | INFO |     step 81000  loss=0.4060  grp_sp=0.000  n_imp=37008  n_red=0
12:45:31 | INFO |     step 81200  loss=0.4065  grp_sp=0.000  n_imp=37008  n_red=0
12:46:45 | INFO |     step 81400  loss=0.4064  grp_sp=0.000  n_imp=37008  n_red=0
12:48:01 | INFO |     step 81600  loss=0.4069  grp_sp=0.000  n_imp=37008  n_red=0
12:49:16 | INFO |     step 81800  loss=0.4069  grp_sp=0.000  n_imp=37008  n_red=0
12:50:32 | INFO |     step 82000  loss=0.4073  grp_sp=0.000  n_imp=37008  n_red=0
12:51:47 | INFO |     step 82200  loss=0.4079  grp_sp=0.000  n_imp=37008  n_red=0
12:53:02 | INFO |     step 82400  loss=0.4081  grp_sp=0.000  n_imp=37008  n_red=0
12:54:17 | INFO |     step 82600  loss=0.4084  grp_sp=0.000  n_imp=37008  n_red=0
12:55:33 | INFO |     step 82800  loss=0.4075  grp_sp=0.000  n_imp=37008  n_red=0
12:56:48 | INFO |     step 83000  loss=0.4073  grp_sp=0.000  n_imp=37008  n_red=0
12:58:03 | INFO |     step 83200  loss=0.4070  grp_sp=0.000  n_imp=37008  n_red=0
12:59:19 | INFO |     step 83400  loss=0.4073  grp_sp=0.000  n_imp=37008  n_red=0
13:00:34 | INFO |     step 83600  loss=0.4078  grp_sp=0.000  n_imp=37008  n_red=0
13:01:49 | INFO |     step 83800  loss=0.4079  grp_sp=0.000  n_imp=37008  n_red=0
13:03:04 | INFO |     step 84000  loss=0.4085  grp_sp=0.000  n_imp=37008  n_red=0
13:04:19 | INFO |     step 84200  loss=0.4090  grp_sp=0.000  n_imp=37008  n_red=0
13:05:34 | INFO |     step 84400  loss=0.4090  grp_sp=0.000  n_imp=37008  n_red=0
13:06:49 | INFO |     step 84600  loss=0.4095  grp_sp=0.000  n_imp=37008  n_red=0
13:08:04 | INFO |     step 84800  loss=0.4099  grp_sp=0.000  n_imp=37008  n_red=0
13:09:21 | INFO |     step 85000  loss=0.4099  grp_sp=0.000  n_imp=37008  n_red=0
13:10:37 | INFO |     step 85200  loss=0.4100  grp_sp=0.000  n_imp=37008  n_red=0
13:11:53 | INFO |     step 85400  loss=0.4103  grp_sp=0.000  n_imp=37008  n_red=0
13:13:10 | INFO |     step 85600  loss=0.4100  grp_sp=0.000  n_imp=37008  n_red=0
13:14:25 | INFO |     step 85800  loss=0.4101  grp_sp=0.000  n_imp=37008  n_red=0
13:15:41 | INFO |     step 86000  loss=0.4106  grp_sp=0.000  n_imp=37008  n_red=0
13:16:56 | INFO |     step 86200  loss=0.4110  grp_sp=0.000  n_imp=37008  n_red=0
13:18:12 | INFO |     step 86400  loss=0.4109  grp_sp=0.000  n_imp=37008  n_red=0
13:19:27 | INFO |     step 86600  loss=0.4111  grp_sp=0.000  n_imp=37008  n_red=0
13:20:42 | INFO |     step 86800  loss=0.4116  grp_sp=0.000  n_imp=37008  n_red=0
13:21:58 | INFO |     step 87000  loss=0.4117  grp_sp=0.000  n_imp=37008  n_red=0
13:23:14 | INFO |     step 87200  loss=0.4119  grp_sp=0.000  n_imp=37008  n_red=0
13:24:30 | INFO |     step 87400  loss=0.4125  grp_sp=0.000  n_imp=37008  n_red=0
13:25:45 | INFO |     step 87600  loss=0.4123  grp_sp=0.000  n_imp=37008  n_red=0
13:27:00 | INFO |     step 87800  loss=0.4130  grp_sp=0.000  n_imp=37008  n_red=0
13:28:16 | INFO |     step 88000  loss=0.4132  grp_sp=0.000  n_imp=37008  n_red=0
13:29:31 | INFO |     step 88200  loss=0.4136  grp_sp=0.000  n_imp=37008  n_red=0
13:30:47 | INFO |     step 88400  loss=0.4134  grp_sp=0.000  n_imp=37008  n_red=0
13:33:48 | INFO | [EPOCH 4/10] loss=0.4137  grp_sp=0.000  EM=77.81  F1=85.97  elapsed=576.2min
13:34:17 | INFO |     step 88600  loss=0.2581  grp_sp=0.000  n_imp=37008  n_red=0
13:35:33 | INFO |     step 88800  loss=0.2367  grp_sp=0.000  n_imp=37008  n_red=0
13:36:51 | INFO |     step 89000  loss=0.2308  grp_sp=0.000  n_imp=37008  n_red=0
13:38:08 | INFO |     step 89200  loss=0.2261  grp_sp=0.000  n_imp=37008  n_red=0
13:39:25 | INFO |     step 89400  loss=0.2331  grp_sp=0.000  n_imp=37008  n_red=0
13:40:41 | INFO |     step 89600  loss=0.2292  grp_sp=0.000  n_imp=37008  n_red=0
13:41:56 | INFO |     step 89800  loss=0.2264  grp_sp=0.000  n_imp=37008  n_red=0
13:43:12 | INFO |     step 90000  loss=0.2331  grp_sp=0.000  n_imp=37008  n_red=0
13:44:28 | INFO |     step 90200  loss=0.2372  grp_sp=0.000  n_imp=37008  n_red=0
13:45:45 | INFO |     step 90400  loss=0.2422  grp_sp=0.000  n_imp=37008  n_red=0
13:47:03 | INFO |     step 90600  loss=0.2466  grp_sp=0.000  n_imp=37008  n_red=0
13:48:19 | INFO |     step 90800  loss=0.2448  grp_sp=0.000  n_imp=37008  n_red=0
13:49:35 | INFO |     step 91000  loss=0.2430  grp_sp=0.000  n_imp=37008  n_red=0
13:50:52 | INFO |     step 91200  loss=0.2415  grp_sp=0.000  n_imp=37008  n_red=0
13:52:09 | INFO |     step 91400  loss=0.2429  grp_sp=0.000  n_imp=37008  n_red=0
13:53:26 | INFO |     step 91600  loss=0.2448  grp_sp=0.000  n_imp=37008  n_red=0
13:54:44 | INFO |     step 91800  loss=0.2484  grp_sp=0.000  n_imp=37008  n_red=0
13:56:02 | INFO |     step 92000  loss=0.2461  grp_sp=0.000  n_imp=37008  n_red=0
13:57:19 | INFO |     step 92200  loss=0.2449  grp_sp=0.000  n_imp=37008  n_red=0
13:58:37 | INFO |     step 92400  loss=0.2436  grp_sp=0.000  n_imp=37008  n_red=0
13:59:54 | INFO |     step 92600  loss=0.2417  grp_sp=0.000  n_imp=37008  n_red=0
14:01:11 | INFO |     step 92800  loss=0.2413  grp_sp=0.000  n_imp=37008  n_red=0
14:02:29 | INFO |     step 93000  loss=0.2420  grp_sp=0.000  n_imp=37008  n_red=0
14:03:46 | INFO |     step 93200  loss=0.2417  grp_sp=0.000  n_imp=37008  n_red=0
14:05:02 | INFO |     step 93400  loss=0.2416  grp_sp=0.000  n_imp=37008  n_red=0
14:06:18 | INFO |     step 93600  loss=0.2418  grp_sp=0.000  n_imp=37008  n_red=0
14:07:35 | INFO |     step 93800  loss=0.2409  grp_sp=0.000  n_imp=37008  n_red=0
14:08:53 | INFO |     step 94000  loss=0.2418  grp_sp=0.000  n_imp=37008  n_red=0
14:10:12 | INFO |     step 94200  loss=0.2427  grp_sp=0.000  n_imp=37008  n_red=0
14:11:30 | INFO |     step 94400  loss=0.2445  grp_sp=0.000  n_imp=37008  n_red=0
14:12:49 | INFO |     step 94600  loss=0.2444  grp_sp=0.000  n_imp=37008  n_red=0
14:14:07 | INFO |     step 94800  loss=0.2449  grp_sp=0.000  n_imp=37008  n_red=0
14:15:26 | INFO |     step 95000  loss=0.2450  grp_sp=0.000  n_imp=37008  n_red=0
14:16:44 | INFO |     step 95200  loss=0.2458  grp_sp=0.000  n_imp=37008  n_red=0
14:18:04 | INFO |     step 95400  loss=0.2469  grp_sp=0.000  n_imp=37008  n_red=0
14:19:24 | INFO |     step 95600  loss=0.2466  grp_sp=0.000  n_imp=37008  n_red=0
14:20:43 | INFO |     step 95800  loss=0.2457  grp_sp=0.000  n_imp=37008  n_red=0
14:22:01 | INFO |     step 96000  loss=0.2461  grp_sp=0.000  n_imp=37008  n_red=0
14:23:19 | INFO |     step 96200  loss=0.2467  grp_sp=0.000  n_imp=37008  n_red=0
14:24:37 | INFO |     step 96400  loss=0.2477  grp_sp=0.000  n_imp=37008  n_red=0
14:25:56 | INFO |     step 96600  loss=0.2483  grp_sp=0.000  n_imp=37008  n_red=0
14:27:14 | INFO |     step 96800  loss=0.2487  grp_sp=0.000  n_imp=37008  n_red=0
14:28:32 | INFO |     step 97000  loss=0.2498  grp_sp=0.000  n_imp=37008  n_red=0
14:29:51 | INFO |     step 97200  loss=0.2498  grp_sp=0.000  n_imp=37008  n_red=0
14:31:10 | INFO |     step 97400  loss=0.2490  grp_sp=0.000  n_imp=37008  n_red=0
14:32:29 | INFO |     step 97600  loss=0.2495  grp_sp=0.000  n_imp=37008  n_red=0
14:33:48 | INFO |     step 97800  loss=0.2499  grp_sp=0.000  n_imp=37008  n_red=0
14:35:06 | INFO |     step 98000  loss=0.2496  grp_sp=0.000  n_imp=37008  n_red=0
14:36:25 | INFO |     step 98200  loss=0.2498  grp_sp=0.000  n_imp=37008  n_red=0
14:37:44 | INFO |     step 98400  loss=0.2504  grp_sp=0.000  n_imp=37008  n_red=0
14:39:01 | INFO |     step 98600  loss=0.2504  grp_sp=0.000  n_imp=37008  n_red=0
14:40:19 | INFO |     step 98800  loss=0.2507  grp_sp=0.000  n_imp=37008  n_red=0
14:41:38 | INFO |     step 99000  loss=0.2508  grp_sp=0.000  n_imp=37008  n_red=0
14:42:56 | INFO |     step 99200  loss=0.2509  grp_sp=0.000  n_imp=37008  n_red=0
14:44:15 | INFO |     step 99400  loss=0.2507  grp_sp=0.000  n_imp=37008  n_red=0
14:45:34 | INFO |     step 99600  loss=0.2507  grp_sp=0.000  n_imp=37008  n_red=0
14:46:52 | INFO |     step 99800  loss=0.2504  grp_sp=0.000  n_imp=37008  n_red=0
14:48:11 | INFO |     step 100000  loss=0.2509  grp_sp=0.000  n_imp=37008  n_red=0
14:49:29 | INFO |     step 100200  loss=0.2516  grp_sp=0.000  n_imp=37008  n_red=0
14:50:49 | INFO |     step 100400  loss=0.2516  grp_sp=0.000  n_imp=37008  n_red=0
14:52:09 | INFO |     step 100600  loss=0.2512  grp_sp=0.000  n_imp=37008  n_red=0
14:53:29 | INFO |     step 100800  loss=0.2515  grp_sp=0.000  n_imp=37008  n_red=0
14:54:47 | INFO |     step 101000  loss=0.2521  grp_sp=0.000  n_imp=37008  n_red=0
14:56:05 | INFO |     step 101200  loss=0.2528  grp_sp=0.000  n_imp=37008  n_red=0
14:57:24 | INFO |     step 101400  loss=0.2524  grp_sp=0.000  n_imp=37008  n_red=0
14:58:42 | INFO |     step 101600  loss=0.2534  grp_sp=0.000  n_imp=37008  n_red=0
15:00:02 | INFO |     step 101800  loss=0.2538  grp_sp=0.000  n_imp=37008  n_red=0
15:01:21 | INFO |     step 102000  loss=0.2545  grp_sp=0.000  n_imp=37008  n_red=0
15:02:41 | INFO |     step 102200  loss=0.2543  grp_sp=0.000  n_imp=37008  n_red=0
15:04:01 | INFO |     step 102400  loss=0.2546  grp_sp=0.000  n_imp=37008  n_red=0
15:05:21 | INFO |     step 102600  loss=0.2553  grp_sp=0.000  n_imp=37008  n_red=0
15:06:41 | INFO |     step 102800  loss=0.2552  grp_sp=0.000  n_imp=37008  n_red=0
15:08:01 | INFO |     step 103000  loss=0.2556  grp_sp=0.000  n_imp=37008  n_red=0
15:09:20 | INFO |     step 103200  loss=0.2564  grp_sp=0.000  n_imp=37008  n_red=0
15:10:39 | INFO |     step 103400  loss=0.2564  grp_sp=0.000  n_imp=37008  n_red=0
15:11:57 | INFO |     step 103600  loss=0.2560  grp_sp=0.000  n_imp=37008  n_red=0
15:13:18 | INFO |     step 103800  loss=0.2558  grp_sp=0.000  n_imp=37008  n_red=0
15:14:38 | INFO |     step 104000  loss=0.2563  grp_sp=0.000  n_imp=37008  n_red=0
15:15:55 | INFO |     step 104200  loss=0.2560  grp_sp=0.000  n_imp=37008  n_red=0
15:17:14 | INFO |     step 104400  loss=0.2562  grp_sp=0.000  n_imp=37008  n_red=0
15:18:34 | INFO |     step 104600  loss=0.2565  grp_sp=0.000  n_imp=37008  n_red=0
15:19:52 | INFO |     step 104800  loss=0.2563  grp_sp=0.000  n_imp=37008  n_red=0
15:21:10 | INFO |     step 105000  loss=0.2566  grp_sp=0.000  n_imp=37008  n_red=0
15:22:29 | INFO |     step 105200  loss=0.2565  grp_sp=0.000  n_imp=37008  n_red=0
15:23:47 | INFO |     step 105400  loss=0.2572  grp_sp=0.000  n_imp=37008  n_red=0
15:25:04 | INFO |     step 105600  loss=0.2577  grp_sp=0.000  n_imp=37008  n_red=0
15:26:21 | INFO |     step 105800  loss=0.2585  grp_sp=0.000  n_imp=37008  n_red=0
15:27:36 | INFO |     step 106000  loss=0.2584  grp_sp=0.000  n_imp=37008  n_red=0
15:28:52 | INFO |     step 106200  loss=0.2595  grp_sp=0.000  n_imp=37008  n_red=0
15:30:07 | INFO |     step 106400  loss=0.2601  grp_sp=0.000  n_imp=37008  n_red=0
15:31:23 | INFO |     step 106600  loss=0.2601  grp_sp=0.000  n_imp=37008  n_red=0
15:32:38 | INFO |     step 106800  loss=0.2599  grp_sp=0.000  n_imp=37008  n_red=0
15:33:53 | INFO |     step 107000  loss=0.2601  grp_sp=0.000  n_imp=37008  n_red=0
15:35:09 | INFO |     step 107200  loss=0.2604  grp_sp=0.000  n_imp=37008  n_red=0
15:36:25 | INFO |     step 107400  loss=0.2610  grp_sp=0.000  n_imp=37008  n_red=0
15:37:42 | INFO |     step 107600  loss=0.2612  grp_sp=0.000  n_imp=37008  n_red=0
15:38:58 | INFO |     step 107800  loss=0.2614  grp_sp=0.000  n_imp=37008  n_red=0
15:40:15 | INFO |     step 108000  loss=0.2618  grp_sp=0.000  n_imp=37008  n_red=0
15:41:32 | INFO |     step 108200  loss=0.2618  grp_sp=0.000  n_imp=37008  n_red=0
15:42:49 | INFO |     step 108400  loss=0.2626  grp_sp=0.000  n_imp=37008  n_red=0
15:44:05 | INFO |     step 108600  loss=0.2625  grp_sp=0.000  n_imp=37008  n_red=0
15:45:21 | INFO |     step 108800  loss=0.2626  grp_sp=0.000  n_imp=37008  n_red=0
15:46:36 | INFO |     step 109000  loss=0.2627  grp_sp=0.000  n_imp=37008  n_red=0
15:47:53 | INFO |     step 109200  loss=0.2630  grp_sp=0.000  n_imp=37008  n_red=0
15:49:10 | INFO |     step 109400  loss=0.2631  grp_sp=0.000  n_imp=37008  n_red=0
15:50:26 | INFO |     step 109600  loss=0.2635  grp_sp=0.000  n_imp=37008  n_red=0
15:51:41 | INFO |     step 109800  loss=0.2635  grp_sp=0.000  n_imp=37008  n_red=0
15:52:56 | INFO |     step 110000  loss=0.2637  grp_sp=0.000  n_imp=37008  n_red=0
15:54:12 | INFO |     step 110200  loss=0.2635  grp_sp=0.000  n_imp=37008  n_red=0
15:55:28 | INFO |     step 110400  loss=0.2636  grp_sp=0.000  n_imp=37008  n_red=0
15:56:45 | INFO |     step 110600  loss=0.2642  grp_sp=0.000  n_imp=37008  n_red=0
15:59:21 | INFO | [EPOCH 5/10] loss=0.2643  grp_sp=0.000  EM=77.03  F1=85.90  elapsed=721.7min
16:00:21 | INFO |     step 110800  loss=0.6648  grp_sp=0.000  n_imp=36392  n_red=616
16:01:43 | INFO |     step 111000  loss=0.5688  grp_sp=0.000  n_imp=36392  n_red=616
16:03:04 | INFO |     step 111200  loss=0.5114  grp_sp=0.000  n_imp=36392  n_red=616
16:04:26 | INFO |     step 111400  loss=0.4760  grp_sp=0.000  n_imp=36392  n_red=616
16:05:48 | INFO |     step 111600  loss=0.4525  grp_sp=0.000  n_imp=36392  n_red=616
16:07:11 | INFO |     step 111800  loss=0.4323  grp_sp=0.000  n_imp=36392  n_red=616
16:08:33 | INFO |     step 112000  loss=0.4221  grp_sp=0.000  n_imp=36392  n_red=616
16:09:54 | INFO |     step 112200  loss=0.4147  grp_sp=0.000  n_imp=36392  n_red=616
16:11:14 | INFO |     step 112400  loss=0.4064  grp_sp=0.000  n_imp=36392  n_red=616
16:12:35 | INFO |     step 112600  loss=0.4019  grp_sp=0.000  n_imp=36392  n_red=616
16:13:56 | INFO |     step 112800  loss=0.3995  grp_sp=0.000  n_imp=36392  n_red=616
16:15:17 | INFO |     step 113000  loss=0.3944  grp_sp=0.000  n_imp=36392  n_red=616
16:16:38 | INFO |     step 113200  loss=0.3912  grp_sp=0.000  n_imp=36392  n_red=616
16:17:59 | INFO |     step 113400  loss=0.3850  grp_sp=0.000  n_imp=36392  n_red=616
16:19:20 | INFO |     step 113600  loss=0.3795  grp_sp=0.000  n_imp=36392  n_red=616
16:20:41 | INFO |     step 113800  loss=0.3765  grp_sp=0.000  n_imp=36392  n_red=616
16:22:03 | INFO |     step 114000  loss=0.3705  grp_sp=0.000  n_imp=36392  n_red=616
16:23:23 | INFO |     step 114200  loss=0.3684  grp_sp=0.000  n_imp=36392  n_red=616
16:24:44 | INFO |     step 114400  loss=0.3649  grp_sp=0.000  n_imp=36392  n_red=616
16:26:05 | INFO |     step 114600  loss=0.3630  grp_sp=0.000  n_imp=36392  n_red=616
16:27:26 | INFO |     step 114800  loss=0.3610  grp_sp=0.000  n_imp=36392  n_red=616
16:28:48 | INFO |     step 115000  loss=0.3560  grp_sp=0.000  n_imp=36392  n_red=616
16:30:12 | INFO |     step 115200  loss=0.3528  grp_sp=0.000  n_imp=36392  n_red=616
16:31:34 | INFO |     step 115400  loss=0.3505  grp_sp=0.000  n_imp=36392  n_red=616
16:32:58 | INFO |     step 115600  loss=0.3483  grp_sp=0.000  n_imp=36392  n_red=616
16:34:19 | INFO |     step 115800  loss=0.3479  grp_sp=0.000  n_imp=36392  n_red=616
16:35:42 | INFO |     step 116000  loss=0.3460  grp_sp=0.000  n_imp=36392  n_red=616
16:37:05 | INFO |     step 116200  loss=0.3451  grp_sp=0.000  n_imp=36392  n_red=616
16:38:27 | INFO |     step 116400  loss=0.3434  grp_sp=0.000  n_imp=36392  n_red=616
16:39:50 | INFO |     step 116600  loss=0.3420  grp_sp=0.000  n_imp=36392  n_red=616
16:41:13 | INFO |     step 116800  loss=0.3403  grp_sp=0.000  n_imp=36392  n_red=616
16:42:35 | INFO |     step 117000  loss=0.3381  grp_sp=0.000  n_imp=36392  n_red=616
16:43:59 | INFO |     step 117200  loss=0.3387  grp_sp=0.000  n_imp=36392  n_red=616
16:45:22 | INFO |     step 117400  loss=0.3371  grp_sp=0.000  n_imp=36392  n_red=616
16:46:44 | INFO |     step 117600  loss=0.3348  grp_sp=0.000  n_imp=36392  n_red=616
16:48:06 | INFO |     step 117800  loss=0.3340  grp_sp=0.000  n_imp=36392  n_red=616
16:49:28 | INFO |     step 118000  loss=0.3329  grp_sp=0.000  n_imp=36392  n_red=616
16:50:49 | INFO |     step 118200  loss=0.3329  grp_sp=0.000  n_imp=36392  n_red=616
16:52:11 | INFO |     step 118400  loss=0.3327  grp_sp=0.000  n_imp=36392  n_red=616
16:53:33 | INFO |     step 118600  loss=0.3315  grp_sp=0.000  n_imp=36392  n_red=616
16:54:56 | INFO |     step 118800  loss=0.3308  grp_sp=0.000  n_imp=36392  n_red=616
16:56:18 | INFO |     step 119000  loss=0.3296  grp_sp=0.000  n_imp=36392  n_red=616
16:57:41 | INFO |     step 119200  loss=0.3299  grp_sp=0.000  n_imp=36392  n_red=616
16:59:04 | INFO |     step 119400  loss=0.3291  grp_sp=0.000  n_imp=36392  n_red=616
17:00:27 | INFO |     step 119600  loss=0.3286  grp_sp=0.000  n_imp=36392  n_red=616
17:01:50 | INFO |     step 119800  loss=0.3276  grp_sp=0.000  n_imp=36392  n_red=616
17:03:13 | INFO |     step 120000  loss=0.3267  grp_sp=0.000  n_imp=36392  n_red=616
17:04:34 | INFO |     step 120200  loss=0.3266  grp_sp=0.000  n_imp=36392  n_red=616
17:05:57 | INFO |     step 120400  loss=0.3268  grp_sp=0.000  n_imp=36392  n_red=616
17:07:17 | INFO |     step 120600  loss=0.3257  grp_sp=0.000  n_imp=36392  n_red=616
17:08:38 | INFO |     step 120800  loss=0.3257  grp_sp=0.000  n_imp=36392  n_red=616
17:09:58 | INFO |     step 121000  loss=0.3262  grp_sp=0.000  n_imp=36392  n_red=616
17:11:19 | INFO |     step 121200  loss=0.3256  grp_sp=0.000  n_imp=36392  n_red=616
17:12:40 | INFO |     step 121400  loss=0.3256  grp_sp=0.000  n_imp=36392  n_red=616
17:14:01 | INFO |     step 121600  loss=0.3247  grp_sp=0.000  n_imp=36392  n_red=616
17:15:21 | INFO |     step 121800  loss=0.3239  grp_sp=0.000  n_imp=36392  n_red=616
17:16:41 | INFO |     step 122000  loss=0.3240  grp_sp=0.000  n_imp=36392  n_red=616
17:18:04 | INFO |     step 122200  loss=0.3235  grp_sp=0.000  n_imp=36392  n_red=616
17:19:27 | INFO |     step 122400  loss=0.3227  grp_sp=0.000  n_imp=36392  n_red=616
17:20:49 | INFO |     step 122600  loss=0.3224  grp_sp=0.000  n_imp=36392  n_red=616
17:22:12 | INFO |     step 122800  loss=0.3226  grp_sp=0.000  n_imp=36392  n_red=616
17:23:35 | INFO |     step 123000  loss=0.3222  grp_sp=0.000  n_imp=36392  n_red=616
17:24:57 | INFO |     step 123200  loss=0.3216  grp_sp=0.000  n_imp=36392  n_red=616
17:26:21 | INFO |     step 123400  loss=0.3204  grp_sp=0.000  n_imp=36392  n_red=616
17:27:43 | INFO |     step 123600  loss=0.3201  grp_sp=0.000  n_imp=36392  n_red=616
17:29:04 | INFO |     step 123800  loss=0.3204  grp_sp=0.000  n_imp=36392  n_red=616
17:30:25 | INFO |     step 124000  loss=0.3206  grp_sp=0.000  n_imp=36392  n_red=616
17:31:46 | INFO |     step 124200  loss=0.3199  grp_sp=0.000  n_imp=36392  n_red=616
17:33:08 | INFO |     step 124400  loss=0.3195  grp_sp=0.000  n_imp=36392  n_red=616
17:34:31 | INFO |     step 124600  loss=0.3187  grp_sp=0.000  n_imp=36392  n_red=616
17:35:55 | INFO |     step 124800  loss=0.3184  grp_sp=0.000  n_imp=36392  n_red=616
17:37:18 | INFO |     step 125000  loss=0.3188  grp_sp=0.000  n_imp=36392  n_red=616
17:38:41 | INFO |     step 125200  loss=0.3186  grp_sp=0.000  n_imp=36392  n_red=616
17:40:06 | INFO |     step 125400  loss=0.3189  grp_sp=0.000  n_imp=36392  n_red=616
17:41:29 | INFO |     step 125600  loss=0.3187  grp_sp=0.000  n_imp=36392  n_red=616
17:42:52 | INFO |     step 125800  loss=0.3182  grp_sp=0.000  n_imp=36392  n_red=616
17:44:14 | INFO |     step 126000  loss=0.3184  grp_sp=0.000  n_imp=36392  n_red=616
17:45:35 | INFO |     step 126200  loss=0.3179  grp_sp=0.000  n_imp=36392  n_red=616
17:46:57 | INFO |     step 126400  loss=0.3174  grp_sp=0.000  n_imp=36392  n_red=616
17:48:17 | INFO |     step 126600  loss=0.3169  grp_sp=0.000  n_imp=36392  n_red=616
17:49:40 | INFO |     step 126800  loss=0.3171  grp_sp=0.000  n_imp=36392  n_red=616
17:51:03 | INFO |     step 127000  loss=0.3167  grp_sp=0.000  n_imp=36392  n_red=616
17:52:25 | INFO |     step 127200  loss=0.3162  grp_sp=0.000  n_imp=36392  n_red=616
17:53:49 | INFO |     step 127400  loss=0.3162  grp_sp=0.000  n_imp=36392  n_red=616
17:55:12 | INFO |     step 127600  loss=0.3160  grp_sp=0.000  n_imp=36392  n_red=616
17:56:36 | INFO |     step 127800  loss=0.3157  grp_sp=0.000  n_imp=36392  n_red=616
17:58:00 | INFO |     step 128000  loss=0.3148  grp_sp=0.000  n_imp=36392  n_red=616
17:59:22 | INFO |     step 128200  loss=0.3145  grp_sp=0.000  n_imp=36392  n_red=616
18:00:44 | INFO |     step 128400  loss=0.3142  grp_sp=0.000  n_imp=36392  n_red=616
18:02:07 | INFO |     step 128600  loss=0.3137  grp_sp=0.000  n_imp=36392  n_red=616
18:03:30 | INFO |     step 128800  loss=0.3133  grp_sp=0.000  n_imp=36392  n_red=616
18:04:53 | INFO |     step 129000  loss=0.3128  grp_sp=0.000  n_imp=36392  n_red=616
18:06:16 | INFO |     step 129200  loss=0.3127  grp_sp=0.000  n_imp=36392  n_red=616
18:07:35 | INFO |     step 129400  loss=0.3125  grp_sp=0.000  n_imp=36392  n_red=616
18:08:57 | INFO |     step 129600  loss=0.3123  grp_sp=0.000  n_imp=36392  n_red=616
18:10:21 | INFO |     step 129800  loss=0.3121  grp_sp=0.000  n_imp=36392  n_red=616
18:11:44 | INFO |     step 130000  loss=0.3123  grp_sp=0.000  n_imp=36392  n_red=616
18:13:07 | INFO |     step 130200  loss=0.3123  grp_sp=0.000  n_imp=36392  n_red=616
18:14:30 | INFO |     step 130400  loss=0.3124  grp_sp=0.000  n_imp=36392  n_red=616
18:15:51 | INFO |     step 130600  loss=0.3119  grp_sp=0.000  n_imp=36392  n_red=616
18:17:15 | INFO |     step 130800  loss=0.3118  grp_sp=0.000  n_imp=36392  n_red=616
18:18:39 | INFO |     step 131000  loss=0.3114  grp_sp=0.000  n_imp=36392  n_red=616
18:20:03 | INFO |     step 131200  loss=0.3115  grp_sp=0.000  n_imp=36392  n_red=616
18:21:27 | INFO |     step 131400  loss=0.3115  grp_sp=0.000  n_imp=36392  n_red=616
18:22:51 | INFO |     step 131600  loss=0.3110  grp_sp=0.000  n_imp=36392  n_red=616
18:24:15 | INFO |     step 131800  loss=0.3109  grp_sp=0.000  n_imp=36392  n_red=616
18:25:38 | INFO |     step 132000  loss=0.3107  grp_sp=0.000  n_imp=36392  n_red=616
18:27:01 | INFO |     step 132200  loss=0.3103  grp_sp=0.000  n_imp=36392  n_red=616
18:28:24 | INFO |     step 132400  loss=0.3105  grp_sp=0.000  n_imp=36392  n_red=616
18:29:46 | INFO |     step 132600  loss=0.3102  grp_sp=0.000  n_imp=36392  n_red=616
18:33:20 | INFO | [EPOCH 6/10] loss=0.3099  grp_sp=0.000  EM=76.57  F1=85.28  elapsed=875.6min
18:33:26 | INFO |     step 132800  loss=0.1313  grp_sp=0.000  n_imp=36392  n_red=616
18:34:48 | INFO |     step 133000  loss=0.1513  grp_sp=0.000  n_imp=36392  n_red=616
18:36:11 | INFO |     step 133200  loss=0.1607  grp_sp=0.000  n_imp=36392  n_red=616
18:37:34 | INFO |     step 133400  loss=0.1690  grp_sp=0.000  n_imp=36392  n_red=616
18:38:57 | INFO |     step 133600  loss=0.1668  grp_sp=0.000  n_imp=36392  n_red=616
18:40:21 | INFO |     step 133800  loss=0.1669  grp_sp=0.000  n_imp=36392  n_red=616
18:41:44 | INFO |     step 134000  loss=0.1712  grp_sp=0.000  n_imp=36392  n_red=616
18:43:07 | INFO |     step 134200  loss=0.1727  grp_sp=0.000  n_imp=36392  n_red=616
18:44:31 | INFO |     step 134400  loss=0.1732  grp_sp=0.000  n_imp=36392  n_red=616
18:45:54 | INFO |     step 134600  loss=0.1744  grp_sp=0.000  n_imp=36392  n_red=616
18:47:18 | INFO |     step 134800  loss=0.1729  grp_sp=0.000  n_imp=36392  n_red=616
18:48:42 | INFO |     step 135000  loss=0.1710  grp_sp=0.000  n_imp=36392  n_red=616
18:50:06 | INFO |     step 135200  loss=0.1725  grp_sp=0.000  n_imp=36392  n_red=616
18:51:30 | INFO |     step 135400  loss=0.1727  grp_sp=0.000  n_imp=36392  n_red=616
18:52:53 | INFO |     step 135600  loss=0.1720  grp_sp=0.000  n_imp=36392  n_red=616
18:54:16 | INFO |     step 135800  loss=0.1718  grp_sp=0.000  n_imp=36392  n_red=616
18:55:39 | INFO |     step 136000  loss=0.1729  grp_sp=0.000  n_imp=36392  n_red=616
18:57:02 | INFO |     step 136200  loss=0.1741  grp_sp=0.000  n_imp=36392  n_red=616
18:58:24 | INFO |     step 136400  loss=0.1757  grp_sp=0.000  n_imp=36392  n_red=616
18:59:45 | INFO |     step 136600  loss=0.1752  grp_sp=0.000  n_imp=36392  n_red=616
19:01:09 | INFO |     step 136800  loss=0.1765  grp_sp=0.000  n_imp=36392  n_red=616
19:02:31 | INFO |     step 137000  loss=0.1788  grp_sp=0.000  n_imp=36392  n_red=616
19:03:53 | INFO |     step 137200  loss=0.1781  grp_sp=0.000  n_imp=36392  n_red=616
19:05:14 | INFO |     step 137400  loss=0.1782  grp_sp=0.000  n_imp=36392  n_red=616
19:06:36 | INFO |     step 137600  loss=0.1788  grp_sp=0.000  n_imp=36392  n_red=616
19:07:57 | INFO |     step 137800  loss=0.1800  grp_sp=0.000  n_imp=36392  n_red=616
19:09:18 | INFO |     step 138000  loss=0.1809  grp_sp=0.000  n_imp=36392  n_red=616
19:10:40 | INFO |     step 138200  loss=0.1803  grp_sp=0.000  n_imp=36392  n_red=616
19:12:01 | INFO |     step 138400  loss=0.1810  grp_sp=0.000  n_imp=36392  n_red=616
19:13:23 | INFO |     step 138600  loss=0.1810  grp_sp=0.000  n_imp=36392  n_red=616
19:14:46 | INFO |     step 138800  loss=0.1813  grp_sp=0.000  n_imp=36392  n_red=616
19:16:07 | INFO |     step 139000  loss=0.1825  grp_sp=0.000  n_imp=36392  n_red=616
19:17:29 | INFO |     step 139200  loss=0.1822  grp_sp=0.000  n_imp=36392  n_red=616
19:18:51 | INFO |     step 139400  loss=0.1822  grp_sp=0.000  n_imp=36392  n_red=616
19:20:12 | INFO |     step 139600  loss=0.1818  grp_sp=0.000  n_imp=36392  n_red=616
19:21:33 | INFO |     step 139800  loss=0.1817  grp_sp=0.000  n_imp=36392  n_red=616
19:22:56 | INFO |     step 140000  loss=0.1821  grp_sp=0.000  n_imp=36392  n_red=616
19:24:17 | INFO |     step 140200  loss=0.1821  grp_sp=0.000  n_imp=36392  n_red=616
19:25:39 | INFO |     step 140400  loss=0.1827  grp_sp=0.000  n_imp=36392  n_red=616
19:26:59 | INFO |     step 140600  loss=0.1831  grp_sp=0.000  n_imp=36392  n_red=616
19:28:20 | INFO |     step 140800  loss=0.1825  grp_sp=0.000  n_imp=36392  n_red=616
19:29:41 | INFO |     step 141000  loss=0.1828  grp_sp=0.000  n_imp=36392  n_red=616
19:31:02 | INFO |     step 141200  loss=0.1834  grp_sp=0.000  n_imp=36392  n_red=616
19:32:24 | INFO |     step 141400  loss=0.1847  grp_sp=0.017  n_imp=35776  n_red=1232
19:33:46 | INFO |     step 141600  loss=0.1930  grp_sp=0.017  n_imp=35776  n_red=1232
19:35:08 | INFO |     step 141800  loss=0.1959  grp_sp=0.017  n_imp=35776  n_red=1232
19:36:30 | INFO |     step 142000  loss=0.1978  grp_sp=0.017  n_imp=35776  n_red=1232
19:37:52 | INFO |     step 142200  loss=0.2005  grp_sp=0.017  n_imp=35776  n_red=1232
19:39:14 | INFO |     step 142400  loss=0.2014  grp_sp=0.017  n_imp=35776  n_red=1232
19:40:36 | INFO |     step 142600  loss=0.2030  grp_sp=0.017  n_imp=35776  n_red=1232
19:41:57 | INFO |     step 142800  loss=0.2040  grp_sp=0.017  n_imp=35776  n_red=1232
19:43:19 | INFO |     step 143000  loss=0.2048  grp_sp=0.017  n_imp=35776  n_red=1232
19:44:42 | INFO |     step 143200  loss=0.2056  grp_sp=0.017  n_imp=35776  n_red=1232
19:46:04 | INFO |     step 143400  loss=0.2065  grp_sp=0.017  n_imp=35776  n_red=1232
19:47:25 | INFO |     step 143600  loss=0.2069  grp_sp=0.017  n_imp=35776  n_red=1232
19:48:48 | INFO |     step 143800  loss=0.2068  grp_sp=0.017  n_imp=35776  n_red=1232
19:50:10 | INFO |     step 144000  loss=0.2073  grp_sp=0.017  n_imp=35776  n_red=1232
19:51:32 | INFO |     step 144200  loss=0.2078  grp_sp=0.017  n_imp=35776  n_red=1232
19:52:54 | INFO |     step 144400  loss=0.2081  grp_sp=0.017  n_imp=35776  n_red=1232
19:54:17 | INFO |     step 144600  loss=0.2088  grp_sp=0.017  n_imp=35776  n_red=1232
19:55:39 | INFO |     step 144800  loss=0.2094  grp_sp=0.017  n_imp=35776  n_red=1232
19:57:01 | INFO |     step 145000  loss=0.2102  grp_sp=0.017  n_imp=35776  n_red=1232
19:58:24 | INFO |     step 145200  loss=0.2111  grp_sp=0.017  n_imp=35776  n_red=1232
19:59:46 | INFO |     step 145400  loss=0.2116  grp_sp=0.017  n_imp=35776  n_red=1232
20:03:32 | INFO |     step 145600  loss=0.2122  grp_sp=0.017  n_imp=35776  n_red=1232
20:13:31 | INFO |     step 145800  loss=0.2127  grp_sp=0.017  n_imp=35776  n_red=1232
20:23:29 | INFO |     step 146000  loss=0.2134  grp_sp=0.017  n_imp=35776  n_red=1232
20:33:21 | INFO |     step 146200  loss=0.2138  grp_sp=0.017  n_imp=35776  n_red=1232
20:43:22 | INFO |     step 146400  loss=0.2142  grp_sp=0.017  n_imp=35776  n_red=1232
20:56:13 | INFO |     step 146600  loss=0.2145  grp_sp=0.017  n_imp=35776  n_red=1232
21:06:16 | INFO |     step 146800  loss=0.2145  grp_sp=0.017  n_imp=35776  n_red=1232
21:16:15 | INFO |     step 147000  loss=0.2148  grp_sp=0.017  n_imp=35776  n_red=1232
21:17:59 | INFO |     step 147200  loss=0.2149  grp_sp=0.017  n_imp=35776  n_red=1232
21:19:22 | INFO |     step 147400  loss=0.2151  grp_sp=0.017  n_imp=35776  n_red=1232
21:20:45 | INFO |     step 147600  loss=0.2152  grp_sp=0.017  n_imp=35776  n_red=1232
21:22:10 | INFO |     step 147800  loss=0.2156  grp_sp=0.017  n_imp=35776  n_red=1232
21:23:34 | INFO |     step 148000  loss=0.2166  grp_sp=0.017  n_imp=35776  n_red=1232
21:24:58 | INFO |     step 148200  loss=0.2164  grp_sp=0.017  n_imp=35776  n_red=1232
21:26:22 | INFO |     step 148400  loss=0.2164  grp_sp=0.017  n_imp=35776  n_red=1232
21:27:46 | INFO |     step 148600  loss=0.2166  grp_sp=0.017  n_imp=35776  n_red=1232
21:29:09 | INFO |     step 148800  loss=0.2169  grp_sp=0.017  n_imp=35776  n_red=1232
21:30:32 | INFO |     step 149000  loss=0.2165  grp_sp=0.017  n_imp=35776  n_red=1232
21:31:55 | INFO |     step 149200  loss=0.2168  grp_sp=0.017  n_imp=35776  n_red=1232
21:33:19 | INFO |     step 149400  loss=0.2170  grp_sp=0.017  n_imp=35776  n_red=1232
21:34:44 | INFO |     step 149600  loss=0.2172  grp_sp=0.017  n_imp=35776  n_red=1232
21:36:08 | INFO |     step 149800  loss=0.2170  grp_sp=0.017  n_imp=35776  n_red=1232
21:37:33 | INFO |     step 150000  loss=0.2168  grp_sp=0.017  n_imp=35776  n_red=1232
21:38:56 | INFO |     step 150200  loss=0.2170  grp_sp=0.017  n_imp=35776  n_red=1232
21:40:21 | INFO |     step 150400  loss=0.2174  grp_sp=0.017  n_imp=35776  n_red=1232
21:41:45 | INFO |     step 150600  loss=0.2173  grp_sp=0.017  n_imp=35776  n_red=1232
21:43:09 | INFO |     step 150800  loss=0.2174  grp_sp=0.017  n_imp=35776  n_red=1232
21:44:31 | INFO |     step 151000  loss=0.2175  grp_sp=0.017  n_imp=35776  n_red=1232
21:45:53 | INFO |     step 151200  loss=0.2176  grp_sp=0.017  n_imp=35776  n_red=1232
21:47:16 | INFO |     step 151400  loss=0.2178  grp_sp=0.017  n_imp=35776  n_red=1232
21:48:40 | INFO |     step 151600  loss=0.2174  grp_sp=0.017  n_imp=35776  n_red=1232
21:50:03 | INFO |     step 151800  loss=0.2176  grp_sp=0.017  n_imp=35776  n_red=1232
21:51:25 | INFO |     step 152000  loss=0.2178  grp_sp=0.017  n_imp=35776  n_red=1232
21:52:49 | INFO |     step 152200  loss=0.2178  grp_sp=0.017  n_imp=35776  n_red=1232
21:54:12 | INFO |     step 152400  loss=0.2176  grp_sp=0.017  n_imp=35776  n_red=1232
21:55:36 | INFO |     step 152600  loss=0.2176  grp_sp=0.017  n_imp=35776  n_red=1232
21:57:00 | INFO |     step 152800  loss=0.2175  grp_sp=0.017  n_imp=35776  n_red=1232
21:58:23 | INFO |     step 153000  loss=0.2174  grp_sp=0.017  n_imp=35776  n_red=1232
21:59:47 | INFO |     step 153200  loss=0.2178  grp_sp=0.017  n_imp=35776  n_red=1232
22:01:11 | INFO |     step 153400  loss=0.2177  grp_sp=0.017  n_imp=35776  n_red=1232
22:02:34 | INFO |     step 153600  loss=0.2180  grp_sp=0.017  n_imp=35776  n_red=1232
22:03:56 | INFO |     step 153800  loss=0.2182  grp_sp=0.017  n_imp=35776  n_red=1232
22:05:21 | INFO |     step 154000  loss=0.2182  grp_sp=0.017  n_imp=35776  n_red=1232
22:06:44 | INFO |     step 154200  loss=0.2184  grp_sp=0.017  n_imp=35776  n_red=1232
22:08:08 | INFO |     step 154400  loss=0.2186  grp_sp=0.017  n_imp=35776  n_red=1232
22:09:31 | INFO |     step 154600  loss=0.2187  grp_sp=0.017  n_imp=35776  n_red=1232
22:10:55 | INFO |     step 154800  loss=0.2188  grp_sp=0.017  n_imp=35776  n_red=1232
22:14:00 | INFO | [EPOCH 7/10] loss=0.2186  grp_sp=0.017  EM=76.11  F1=85.23  elapsed=1096.3min
22:14:34 | INFO |     step 155000  loss=0.1439  grp_sp=0.017  n_imp=35776  n_red=1232
22:15:58 | INFO |     step 155200  loss=0.1266  grp_sp=0.017  n_imp=35776  n_red=1232
22:17:20 | INFO |     step 155400  loss=0.1278  grp_sp=0.017  n_imp=35776  n_red=1232
22:18:43 | INFO |     step 155600  loss=0.1269  grp_sp=0.017  n_imp=35776  n_red=1232
22:20:06 | INFO |     step 155800  loss=0.1271  grp_sp=0.017  n_imp=35776  n_red=1232
22:21:29 | INFO |     step 156000  loss=0.1263  grp_sp=0.017  n_imp=35776  n_red=1232
22:22:53 | INFO |     step 156200  loss=0.1288  grp_sp=0.017  n_imp=35776  n_red=1232
22:24:17 | INFO |     step 156400  loss=0.1310  grp_sp=0.017  n_imp=35776  n_red=1232
22:25:40 | INFO |     step 156600  loss=0.1290  grp_sp=0.017  n_imp=35776  n_red=1232
22:27:03 | INFO |     step 156800  loss=0.1271  grp_sp=0.017  n_imp=35776  n_red=1232
22:28:24 | INFO |     step 157000  loss=0.1292  grp_sp=0.017  n_imp=35776  n_red=1232
22:31:32 | INFO |     step 157200  loss=0.1314  grp_sp=0.017  n_imp=35776  n_red=1232
22:32:56 | INFO |     step 157400  loss=0.1323  grp_sp=0.017  n_imp=35776  n_red=1232
22:34:19 | INFO |     step 157600  loss=0.1299  grp_sp=0.017  n_imp=35776  n_red=1232
22:35:43 | INFO |     step 157800  loss=0.1300  grp_sp=0.017  n_imp=35776  n_red=1232
22:37:06 | INFO |     step 158000  loss=0.1302  grp_sp=0.017  n_imp=35776  n_red=1232
22:38:29 | INFO |     step 158200  loss=0.1313  grp_sp=0.017  n_imp=35776  n_red=1232
22:39:52 | INFO |     step 158400  loss=0.1304  grp_sp=0.017  n_imp=35776  n_red=1232
22:41:15 | INFO |     step 158600  loss=0.1318  grp_sp=0.017  n_imp=35776  n_red=1232
22:42:37 | INFO |     step 158800  loss=0.1310  grp_sp=0.017  n_imp=35776  n_red=1232
22:43:59 | INFO |     step 159000  loss=0.1331  grp_sp=0.017  n_imp=35776  n_red=1232
22:45:22 | INFO |     step 159200  loss=0.1340  grp_sp=0.017  n_imp=35776  n_red=1232
22:46:45 | INFO |     step 159400  loss=0.1344  grp_sp=0.017  n_imp=35776  n_red=1232
22:48:08 | INFO |     step 159600  loss=0.1350  grp_sp=0.017  n_imp=35776  n_red=1232
22:49:31 | INFO |     step 159800  loss=0.1346  grp_sp=0.017  n_imp=35776  n_red=1232
22:50:55 | INFO |     step 160000  loss=0.1347  grp_sp=0.017  n_imp=35776  n_red=1232
22:52:19 | INFO |     step 160200  loss=0.1359  grp_sp=0.017  n_imp=35776  n_red=1232
22:53:42 | INFO |     step 160400  loss=0.1364  grp_sp=0.017  n_imp=35776  n_red=1232
22:55:06 | INFO |     step 160600  loss=0.1365  grp_sp=0.017  n_imp=35776  n_red=1232
22:56:30 | INFO |     step 160800  loss=0.1366  grp_sp=0.017  n_imp=35776  n_red=1232
22:57:53 | INFO |     step 161000  loss=0.1365  grp_sp=0.017  n_imp=35776  n_red=1232
22:59:15 | INFO |     step 161200  loss=0.1363  grp_sp=0.017  n_imp=35776  n_red=1232
23:00:37 | INFO |     step 161400  loss=0.1370  grp_sp=0.017  n_imp=35776  n_red=1232
23:02:00 | INFO |     step 161600  loss=0.1376  grp_sp=0.017  n_imp=35776  n_red=1232
23:03:25 | INFO |     step 161800  loss=0.1376  grp_sp=0.017  n_imp=35776  n_red=1232
23:04:49 | INFO |     step 162000  loss=0.1373  grp_sp=0.017  n_imp=35776  n_red=1232
23:06:13 | INFO |     step 162200  loss=0.1372  grp_sp=0.017  n_imp=35776  n_red=1232
23:07:36 | INFO |     step 162400  loss=0.1376  grp_sp=0.017  n_imp=35776  n_red=1232
23:09:00 | INFO |     step 162600  loss=0.1377  grp_sp=0.017  n_imp=35776  n_red=1232
23:10:23 | INFO |     step 162800  loss=0.1382  grp_sp=0.017  n_imp=35776  n_red=1232
23:11:47 | INFO |     step 163000  loss=0.1383  grp_sp=0.017  n_imp=35776  n_red=1232
23:13:11 | INFO |     step 163200  loss=0.1387  grp_sp=0.017  n_imp=35776  n_red=1232
23:14:34 | INFO |     step 163400  loss=0.1394  grp_sp=0.017  n_imp=35776  n_red=1232
23:15:58 | INFO |     step 163600  loss=0.1390  grp_sp=0.017  n_imp=35776  n_red=1232
23:17:22 | INFO |     step 163800  loss=0.1394  grp_sp=0.017  n_imp=35776  n_red=1232
23:18:45 | INFO |     step 164000  loss=0.1392  grp_sp=0.017  n_imp=35776  n_red=1232
23:20:09 | INFO |     step 164200  loss=0.1395  grp_sp=0.017  n_imp=35776  n_red=1232
23:21:32 | INFO |     step 164400  loss=0.1395  grp_sp=0.017  n_imp=35776  n_red=1232
23:22:55 | INFO |     step 164600  loss=0.1395  grp_sp=0.017  n_imp=35776  n_red=1232
23:24:19 | INFO |     step 164800  loss=0.1403  grp_sp=0.017  n_imp=35776  n_red=1232
23:25:42 | INFO |     step 165000  loss=0.1402  grp_sp=0.017  n_imp=35776  n_red=1232
23:27:05 | INFO |     step 165200  loss=0.1411  grp_sp=0.017  n_imp=35776  n_red=1232
23:28:28 | INFO |     step 165400  loss=0.1417  grp_sp=0.017  n_imp=35776  n_red=1232
23:29:50 | INFO |     step 165600  loss=0.1416  grp_sp=0.017  n_imp=35776  n_red=1232
23:31:13 | INFO |     step 165800  loss=0.1420  grp_sp=0.017  n_imp=35776  n_red=1232
23:32:36 | INFO |     step 166000  loss=0.1419  grp_sp=0.017  n_imp=35776  n_red=1232
23:33:59 | INFO |     step 166200  loss=0.1419  grp_sp=0.017  n_imp=35776  n_red=1232
23:35:22 | INFO |     step 166400  loss=0.1418  grp_sp=0.017  n_imp=35776  n_red=1232
23:36:45 | INFO |     step 166600  loss=0.1418  grp_sp=0.017  n_imp=35776  n_red=1232
23:38:09 | INFO |     step 166800  loss=0.1414  grp_sp=0.017  n_imp=35776  n_red=1232
23:39:33 | INFO |     step 167000  loss=0.1409  grp_sp=0.017  n_imp=35776  n_red=1232
23:40:56 | INFO |     step 167200  loss=0.1408  grp_sp=0.017  n_imp=35776  n_red=1232
23:42:20 | INFO |     step 167400  loss=0.1406  grp_sp=0.017  n_imp=35776  n_red=1232
23:43:43 | INFO |     step 167600  loss=0.1407  grp_sp=0.017  n_imp=35776  n_red=1232
23:45:07 | INFO |     step 167800  loss=0.1409  grp_sp=0.017  n_imp=35776  n_red=1232
23:46:30 | INFO |     step 168000  loss=0.1407  grp_sp=0.017  n_imp=35776  n_red=1232
23:47:52 | INFO |     step 168200  loss=0.1405  grp_sp=0.017  n_imp=35776  n_red=1232
23:49:14 | INFO |     step 168400  loss=0.1409  grp_sp=0.017  n_imp=35776  n_red=1232
23:50:36 | INFO |     step 168600  loss=0.1405  grp_sp=0.017  n_imp=35776  n_red=1232
23:52:01 | INFO |     step 168800  loss=0.1401  grp_sp=0.017  n_imp=35776  n_red=1232
23:53:25 | INFO |     step 169000  loss=0.1399  grp_sp=0.017  n_imp=35776  n_red=1232
23:54:49 | INFO |     step 169200  loss=0.1399  grp_sp=0.017  n_imp=35776  n_red=1232
23:56:14 | INFO |     step 169400  loss=0.1400  grp_sp=0.017  n_imp=35776  n_red=1232
23:57:36 | INFO |     step 169600  loss=0.1399  grp_sp=0.017  n_imp=35776  n_red=1232
23:58:59 | INFO |     step 169800  loss=0.1398  grp_sp=0.017  n_imp=35776  n_red=1232
00:00:22 | INFO |     step 170000  loss=0.1396  grp_sp=0.017  n_imp=35776  n_red=1232
00:01:45 | INFO |     step 170200  loss=0.1401  grp_sp=0.017  n_imp=35776  n_red=1232
00:03:09 | INFO |     step 170400  loss=0.1405  grp_sp=0.017  n_imp=35776  n_red=1232
00:04:33 | INFO |     step 170600  loss=0.1406  grp_sp=0.017  n_imp=35776  n_red=1232
00:05:56 | INFO |     step 170800  loss=0.1403  grp_sp=0.017  n_imp=35776  n_red=1232
00:07:19 | INFO |     step 171000  loss=0.1404  grp_sp=0.017  n_imp=35776  n_red=1232
00:08:43 | INFO |     step 171200  loss=0.1404  grp_sp=0.017  n_imp=35776  n_red=1232
00:10:07 | INFO |     step 171400  loss=0.1402  grp_sp=0.017  n_imp=35776  n_red=1232
00:11:27 | INFO |     step 171600  loss=0.1404  grp_sp=0.017  n_imp=35776  n_red=1232
00:12:48 | INFO |     step 171800  loss=0.1402  grp_sp=0.017  n_imp=35776  n_red=1232
00:14:10 | INFO |     step 172000  loss=0.1404  grp_sp=0.017  n_imp=35776  n_red=1232
00:15:33 | INFO |     step 172200  loss=0.1410  grp_sp=0.033  n_imp=35160  n_red=1848
00:16:56 | INFO |     step 172400  loss=0.1420  grp_sp=0.033  n_imp=35160  n_red=1848
00:18:19 | INFO |     step 172600  loss=0.1433  grp_sp=0.033  n_imp=35160  n_red=1848
00:19:41 | INFO |     step 172800  loss=0.1436  grp_sp=0.033  n_imp=35160  n_red=1848
00:21:04 | INFO |     step 173000  loss=0.1445  grp_sp=0.033  n_imp=35160  n_red=1848
00:22:27 | INFO |     step 173200  loss=0.1450  grp_sp=0.033  n_imp=35160  n_red=1848
00:23:50 | INFO |     step 173400  loss=0.1456  grp_sp=0.033  n_imp=35160  n_red=1848
00:25:14 | INFO |     step 173600  loss=0.1459  grp_sp=0.033  n_imp=35160  n_red=1848
00:26:37 | INFO |     step 173800  loss=0.1466  grp_sp=0.033  n_imp=35160  n_red=1848
00:28:00 | INFO |     step 174000  loss=0.1471  grp_sp=0.033  n_imp=35160  n_red=1848
00:29:23 | INFO |     step 174200  loss=0.1476  grp_sp=0.033  n_imp=35160  n_red=1848
00:30:47 | INFO |     step 174400  loss=0.1478  grp_sp=0.033  n_imp=35160  n_red=1848
00:32:12 | INFO |     step 174600  loss=0.1483  grp_sp=0.033  n_imp=35160  n_red=1848
00:33:37 | INFO |     step 174800  loss=0.1487  grp_sp=0.033  n_imp=35160  n_red=1848
00:35:01 | INFO |     step 175000  loss=0.1493  grp_sp=0.033  n_imp=35160  n_red=1848
00:36:24 | INFO |     step 175200  loss=0.1496  grp_sp=0.033  n_imp=35160  n_red=1848
00:37:49 | INFO |     step 175400  loss=0.1497  grp_sp=0.033  n_imp=35160  n_red=1848
00:39:14 | INFO |     step 175600  loss=0.1501  grp_sp=0.033  n_imp=35160  n_red=1848
00:40:38 | INFO |     step 175800  loss=0.1503  grp_sp=0.033  n_imp=35160  n_red=1848
00:42:00 | INFO |     step 176000  loss=0.1507  grp_sp=0.033  n_imp=35160  n_red=1848
00:43:23 | INFO |     step 176200  loss=0.1514  grp_sp=0.033  n_imp=35160  n_red=1848
00:44:47 | INFO |     step 176400  loss=0.1516  grp_sp=0.033  n_imp=35160  n_red=1848
00:46:11 | INFO |     step 176600  loss=0.1518  grp_sp=0.033  n_imp=35160  n_red=1848
00:47:34 | INFO |     step 176800  loss=0.1523  grp_sp=0.033  n_imp=35160  n_red=1848
00:48:58 | INFO |     step 177000  loss=0.1527  grp_sp=0.033  n_imp=35160  n_red=1848
00:51:39 | INFO | [EPOCH 8/10] loss=0.1528  grp_sp=0.033  EM=75.49  F1=84.87  elapsed=1253.9min
00:52:45 | INFO |     step 177200  loss=0.0976  grp_sp=0.033  n_imp=35160  n_red=1848
00:54:13 | INFO |     step 177400  loss=0.1165  grp_sp=0.033  n_imp=35160  n_red=1848
00:55:41 | INFO |     step 177600  loss=0.1159  grp_sp=0.033  n_imp=35160  n_red=1848
00:57:08 | INFO |     step 177800  loss=0.1101  grp_sp=0.033  n_imp=35160  n_red=1848
00:58:35 | INFO |     step 178000  loss=0.1079  grp_sp=0.033  n_imp=35160  n_red=1848
01:00:03 | INFO |     step 178200  loss=0.1075  grp_sp=0.033  n_imp=35160  n_red=1848
01:01:29 | INFO |     step 178400  loss=0.1073  grp_sp=0.033  n_imp=35160  n_red=1848
01:02:54 | INFO |     step 178600  loss=0.1118  grp_sp=0.033  n_imp=35160  n_red=1848
01:04:20 | INFO |     step 178800  loss=0.1120  grp_sp=0.033  n_imp=35160  n_red=1848
01:05:46 | INFO |     step 179000  loss=0.1113  grp_sp=0.033  n_imp=35160  n_red=1848
01:07:13 | INFO |     step 179200  loss=0.1100  grp_sp=0.033  n_imp=35160  n_red=1848
01:08:39 | INFO |     step 179400  loss=0.1088  grp_sp=0.033  n_imp=35160  n_red=1848
01:10:03 | INFO |     step 179600  loss=0.1088  grp_sp=0.033  n_imp=35160  n_red=1848
01:11:26 | INFO |     step 179800  loss=0.1101  grp_sp=0.033  n_imp=35160  n_red=1848
01:12:49 | INFO |     step 180000  loss=0.1101  grp_sp=0.033  n_imp=35160  n_red=1848
01:14:13 | INFO |     step 180200  loss=0.1104  grp_sp=0.033  n_imp=35160  n_red=1848
01:15:39 | INFO |     step 180400  loss=0.1105  grp_sp=0.033  n_imp=35160  n_red=1848
01:17:05 | INFO |     step 180600  loss=0.1098  grp_sp=0.033  n_imp=35160  n_red=1848
01:18:30 | INFO |     step 180800  loss=0.1103  grp_sp=0.033  n_imp=35160  n_red=1848
01:19:55 | INFO |     step 181000  loss=0.1099  grp_sp=0.033  n_imp=35160  n_red=1848
01:21:20 | INFO |     step 181200  loss=0.1101  grp_sp=0.033  n_imp=35160  n_red=1848
01:22:46 | INFO |     step 181400  loss=0.1101  grp_sp=0.033  n_imp=35160  n_red=1848
01:24:11 | INFO |     step 181600  loss=0.1091  grp_sp=0.033  n_imp=35160  n_red=1848
01:25:35 | INFO |     step 181800  loss=0.1104  grp_sp=0.033  n_imp=35160  n_red=1848
01:26:58 | INFO |     step 182000  loss=0.1100  grp_sp=0.033  n_imp=35160  n_red=1848
01:28:21 | INFO |     step 182200  loss=0.1110  grp_sp=0.033  n_imp=35160  n_red=1848
01:29:45 | INFO |     step 182400  loss=0.1111  grp_sp=0.033  n_imp=35160  n_red=1848
01:31:08 | INFO |     step 182600  loss=0.1124  grp_sp=0.033  n_imp=35160  n_red=1848
01:32:30 | INFO |     step 182800  loss=0.1134  grp_sp=0.033  n_imp=35160  n_red=1848
01:33:52 | INFO |     step 183000  loss=0.1120  grp_sp=0.033  n_imp=35160  n_red=1848
01:35:14 | INFO |     step 183200  loss=0.1112  grp_sp=0.033  n_imp=35160  n_red=1848
01:36:37 | INFO |     step 183400  loss=0.1126  grp_sp=0.033  n_imp=35160  n_red=1848
01:38:00 | INFO |     step 183600  loss=0.1120  grp_sp=0.033  n_imp=35160  n_red=1848
01:39:22 | INFO |     step 183800  loss=0.1125  grp_sp=0.033  n_imp=35160  n_red=1848
01:40:45 | INFO |     step 184000  loss=0.1124  grp_sp=0.033  n_imp=35160  n_red=1848
01:42:08 | INFO |     step 184200  loss=0.1132  grp_sp=0.033  n_imp=35160  n_red=1848
01:43:31 | INFO |     step 184400  loss=0.1131  grp_sp=0.033  n_imp=35160  n_red=1848
01:44:54 | INFO |     step 184600  loss=0.1124  grp_sp=0.033  n_imp=35160  n_red=1848
01:46:18 | INFO |     step 184800  loss=0.1122  grp_sp=0.033  n_imp=35160  n_red=1848
01:47:43 | INFO |     step 185000  loss=0.1121  grp_sp=0.033  n_imp=35160  n_red=1848
01:49:05 | INFO |     step 185200  loss=0.1119  grp_sp=0.033  n_imp=35160  n_red=1848
01:50:27 | INFO |     step 185400  loss=0.1119  grp_sp=0.033  n_imp=35160  n_red=1848
01:51:50 | INFO |     step 185600  loss=0.1122  grp_sp=0.033  n_imp=35160  n_red=1848
01:53:15 | INFO |     step 185800  loss=0.1118  grp_sp=0.033  n_imp=35160  n_red=1848
01:54:37 | INFO |     step 186000  loss=0.1123  grp_sp=0.033  n_imp=35160  n_red=1848
01:56:01 | INFO |     step 186200  loss=0.1122  grp_sp=0.033  n_imp=35160  n_red=1848
01:57:24 | INFO |     step 186400  loss=0.1121  grp_sp=0.033  n_imp=35160  n_red=1848
01:58:47 | INFO |     step 186600  loss=0.1121  grp_sp=0.033  n_imp=35160  n_red=1848
02:00:10 | INFO |     step 186800  loss=0.1120  grp_sp=0.033  n_imp=35160  n_red=1848
02:01:33 | INFO |     step 187000  loss=0.1114  grp_sp=0.033  n_imp=35160  n_red=1848
02:02:56 | INFO |     step 187200  loss=0.1116  grp_sp=0.033  n_imp=35160  n_red=1848
02:04:20 | INFO |     step 187400  loss=0.1112  grp_sp=0.033  n_imp=35160  n_red=1848
02:05:46 | INFO |     step 187600  loss=0.1111  grp_sp=0.033  n_imp=35160  n_red=1848
02:07:11 | INFO |     step 187800  loss=0.1109  grp_sp=0.033  n_imp=35160  n_red=1848
02:08:34 | INFO |     step 188000  loss=0.1106  grp_sp=0.033  n_imp=35160  n_red=1848
02:09:58 | INFO |     step 188200  loss=0.1106  grp_sp=0.033  n_imp=35160  n_red=1848
02:11:22 | INFO |     step 188400  loss=0.1112  grp_sp=0.033  n_imp=35160  n_red=1848
02:12:46 | INFO |     step 188600  loss=0.1113  grp_sp=0.033  n_imp=35160  n_red=1848
02:14:11 | INFO |     step 188800  loss=0.1114  grp_sp=0.033  n_imp=35160  n_red=1848
02:15:35 | INFO |     step 189000  loss=0.1115  grp_sp=0.033  n_imp=35160  n_red=1848
02:16:59 | INFO |     step 189200  loss=0.1119  grp_sp=0.033  n_imp=35160  n_red=1848
02:18:22 | INFO |     step 189400  loss=0.1119  grp_sp=0.033  n_imp=35160  n_red=1848
02:19:43 | INFO |     step 189600  loss=0.1117  grp_sp=0.033  n_imp=35160  n_red=1848
02:21:05 | INFO |     step 189800  loss=0.1112  grp_sp=0.033  n_imp=35160  n_red=1848
02:22:28 | INFO |     step 190000  loss=0.1115  grp_sp=0.033  n_imp=35160  n_red=1848
02:23:49 | INFO |     step 190200  loss=0.1112  grp_sp=0.033  n_imp=35160  n_red=1848
02:25:11 | INFO |     step 190400  loss=0.1112  grp_sp=0.033  n_imp=35160  n_red=1848
02:26:34 | INFO |     step 190600  loss=0.1114  grp_sp=0.033  n_imp=35160  n_red=1848
02:27:56 | INFO |     step 190800  loss=0.1112  grp_sp=0.033  n_imp=35160  n_red=1848
02:29:18 | INFO |     step 191000  loss=0.1112  grp_sp=0.033  n_imp=35160  n_red=1848
02:30:39 | INFO |     step 191200  loss=0.1111  grp_sp=0.033  n_imp=35160  n_red=1848
02:32:02 | INFO |     step 191400  loss=0.1110  grp_sp=0.033  n_imp=35160  n_red=1848
02:33:24 | INFO |     step 191600  loss=0.1110  grp_sp=0.033  n_imp=35160  n_red=1848
02:34:47 | INFO |     step 191800  loss=0.1109  grp_sp=0.033  n_imp=35160  n_red=1848
02:36:09 | INFO |     step 192000  loss=0.1108  grp_sp=0.033  n_imp=35160  n_red=1848
02:37:32 | INFO |     step 192200  loss=0.1106  grp_sp=0.033  n_imp=35160  n_red=1848
02:38:53 | INFO |     step 192400  loss=0.1106  grp_sp=0.033  n_imp=35160  n_red=1848
02:40:13 | INFO |     step 192600  loss=0.1105  grp_sp=0.033  n_imp=35160  n_red=1848
02:41:35 | INFO |     step 192800  loss=0.1102  grp_sp=0.033  n_imp=35160  n_red=1848
02:42:57 | INFO |     step 193000  loss=0.1100  grp_sp=0.033  n_imp=35160  n_red=1848
02:44:21 | INFO |     step 193200  loss=0.1097  grp_sp=0.033  n_imp=35160  n_red=1848
02:45:43 | INFO |     step 193400  loss=0.1097  grp_sp=0.033  n_imp=35160  n_red=1848
02:47:07 | INFO |     step 193600  loss=0.1098  grp_sp=0.033  n_imp=35160  n_red=1848
02:48:31 | INFO |     step 193800  loss=0.1101  grp_sp=0.033  n_imp=35160  n_red=1848
02:49:54 | INFO |     step 194000  loss=0.1101  grp_sp=0.033  n_imp=35160  n_red=1848
02:51:18 | INFO |     step 194200  loss=0.1101  grp_sp=0.033  n_imp=35160  n_red=1848
02:52:41 | INFO |     step 194400  loss=0.1102  grp_sp=0.033  n_imp=35160  n_red=1848
02:54:04 | INFO |     step 194600  loss=0.1100  grp_sp=0.033  n_imp=35160  n_red=1848
02:55:29 | INFO |     step 194800  loss=0.1099  grp_sp=0.033  n_imp=35160  n_red=1848
02:56:55 | INFO |     step 195000  loss=0.1099  grp_sp=0.033  n_imp=35160  n_red=1848
02:58:20 | INFO |     step 195200  loss=0.1098  grp_sp=0.033  n_imp=35160  n_red=1848
02:59:45 | INFO |     step 195400  loss=0.1098  grp_sp=0.033  n_imp=35160  n_red=1848
03:01:10 | INFO |     step 195600  loss=0.1095  grp_sp=0.033  n_imp=35160  n_red=1848
03:02:35 | INFO |     step 195800  loss=0.1095  grp_sp=0.033  n_imp=35160  n_red=1848
03:03:59 | INFO |     step 196000  loss=0.1095  grp_sp=0.033  n_imp=35160  n_red=1848
03:05:23 | INFO |     step 196200  loss=0.1094  grp_sp=0.033  n_imp=35160  n_red=1848
03:06:47 | INFO |     step 196400  loss=0.1094  grp_sp=0.033  n_imp=35160  n_red=1848
03:08:12 | INFO |     step 196600  loss=0.1091  grp_sp=0.033  n_imp=35160  n_red=1848
03:09:35 | INFO |     step 196800  loss=0.1091  grp_sp=0.033  n_imp=35160  n_red=1848
03:11:00 | INFO |     step 197000  loss=0.1091  grp_sp=0.033  n_imp=35160  n_red=1848
03:12:24 | INFO |     step 197200  loss=0.1091  grp_sp=0.033  n_imp=35160  n_red=1848
03:13:49 | INFO |     step 197400  loss=0.1092  grp_sp=0.033  n_imp=35160  n_red=1848
03:15:14 | INFO |     step 197600  loss=0.1089  grp_sp=0.033  n_imp=35160  n_red=1848
03:16:38 | INFO |     step 197800  loss=0.1089  grp_sp=0.033  n_imp=35160  n_red=1848
03:18:02 | INFO |     step 198000  loss=0.1088  grp_sp=0.033  n_imp=35160  n_red=1848
03:19:26 | INFO |     step 198200  loss=0.1087  grp_sp=0.033  n_imp=35160  n_red=1848
03:20:49 | INFO |     step 198400  loss=0.1088  grp_sp=0.033  n_imp=35160  n_red=1848
03:22:11 | INFO |     step 198600  loss=0.1088  grp_sp=0.033  n_imp=35160  n_red=1848
03:23:34 | INFO |     step 198800  loss=0.1088  grp_sp=0.033  n_imp=35160  n_red=1848
03:24:57 | INFO |     step 199000  loss=0.1086  grp_sp=0.033  n_imp=35160  n_red=1848
03:28:27 | INFO | [EPOCH 9/10] loss=0.1085  grp_sp=0.033  EM=76.79  F1=85.69  elapsed=1410.8min
03:28:36 | INFO |     step 199200  loss=0.0924  grp_sp=0.033  n_imp=35160  n_red=1848
03:30:00 | INFO |     step 199400  loss=0.0591  grp_sp=0.033  n_imp=35160  n_red=1848
03:31:25 | INFO |     step 199600  loss=0.0663  grp_sp=0.033  n_imp=35160  n_red=1848
03:32:49 | INFO |     step 199800  loss=0.0699  grp_sp=0.033  n_imp=35160  n_red=1848
03:34:13 | INFO |     step 200000  loss=0.0655  grp_sp=0.033  n_imp=35160  n_red=1848
03:35:37 | INFO |     step 200200  loss=0.0661  grp_sp=0.033  n_imp=35160  n_red=1848
03:37:01 | INFO |     step 200400  loss=0.0653  grp_sp=0.033  n_imp=35160  n_red=1848
03:38:26 | INFO |     step 200600  loss=0.0649  grp_sp=0.033  n_imp=35160  n_red=1848
03:39:50 | INFO |     step 200800  loss=0.0655  grp_sp=0.033  n_imp=35160  n_red=1848
03:41:14 | INFO |     step 201000  loss=0.0664  grp_sp=0.033  n_imp=35160  n_red=1848
03:42:38 | INFO |     step 201200  loss=0.0665  grp_sp=0.033  n_imp=35160  n_red=1848
03:44:03 | INFO |     step 201400  loss=0.0664  grp_sp=0.033  n_imp=35160  n_red=1848
03:45:27 | INFO |     step 201600  loss=0.0692  grp_sp=0.033  n_imp=35160  n_red=1848
03:46:52 | INFO |     step 201800  loss=0.0678  grp_sp=0.033  n_imp=35160  n_red=1848
03:48:16 | INFO |     step 202000  loss=0.0683  grp_sp=0.033  n_imp=35160  n_red=1848
03:49:40 | INFO |     step 202200  loss=0.0678  grp_sp=0.033  n_imp=35160  n_red=1848
03:51:03 | INFO |     step 202400  loss=0.0676  grp_sp=0.033  n_imp=35160  n_red=1848
03:52:28 | INFO |     step 202600  loss=0.0681  grp_sp=0.033  n_imp=35160  n_red=1848
03:53:52 | INFO |     step 202800  loss=0.0679  grp_sp=0.033  n_imp=35160  n_red=1848
03:55:18 | INFO |     step 203000  loss=0.0695  grp_sp=0.050  n_imp=34544  n_red=2464
03:56:42 | INFO |     step 203200  loss=0.0712  grp_sp=0.050  n_imp=34544  n_red=2464
03:58:07 | INFO |     step 203400  loss=0.0723  grp_sp=0.050  n_imp=34544  n_red=2464
03:59:32 | INFO |     step 203600  loss=0.0750  grp_sp=0.050  n_imp=34544  n_red=2464
04:00:57 | INFO |     step 203800  loss=0.0771  grp_sp=0.050  n_imp=34544  n_red=2464
04:02:21 | INFO |     step 204000  loss=0.0794  grp_sp=0.050  n_imp=34544  n_red=2464
04:03:45 | INFO |     step 204200  loss=0.0805  grp_sp=0.050  n_imp=34544  n_red=2464
04:05:10 | INFO |     step 204400  loss=0.0817  grp_sp=0.050  n_imp=34544  n_red=2464
04:06:35 | INFO |     step 204600  loss=0.0823  grp_sp=0.050  n_imp=34544  n_red=2464
04:08:00 | INFO |     step 204800  loss=0.0823  grp_sp=0.050  n_imp=34544  n_red=2464
04:09:26 | INFO |     step 205000  loss=0.0824  grp_sp=0.050  n_imp=34544  n_red=2464
04:10:51 | INFO |     step 205200  loss=0.0834  grp_sp=0.050  n_imp=34544  n_red=2464
04:12:17 | INFO |     step 205400  loss=0.0838  grp_sp=0.050  n_imp=34544  n_red=2464
04:13:42 | INFO |     step 205600  loss=0.0837  grp_sp=0.050  n_imp=34544  n_red=2464
04:15:07 | INFO |     step 205800  loss=0.0844  grp_sp=0.050  n_imp=34544  n_red=2464
04:16:32 | INFO |     step 206000  loss=0.0848  grp_sp=0.050  n_imp=34544  n_red=2464
04:17:54 | INFO |     step 206200  loss=0.0846  grp_sp=0.050  n_imp=34544  n_red=2464
04:19:17 | INFO |     step 206400  loss=0.0852  grp_sp=0.050  n_imp=34544  n_red=2464
04:20:40 | INFO |     step 206600  loss=0.0854  grp_sp=0.050  n_imp=34544  n_red=2464
04:22:04 | INFO |     step 206800  loss=0.0855  grp_sp=0.050  n_imp=34544  n_red=2464
04:23:26 | INFO |     step 207000  loss=0.0856  grp_sp=0.050  n_imp=34544  n_red=2464
04:24:49 | INFO |     step 207200  loss=0.0858  grp_sp=0.050  n_imp=34544  n_red=2464
04:26:12 | INFO |     step 207400  loss=0.0857  grp_sp=0.050  n_imp=34544  n_red=2464
04:27:36 | INFO |     step 207600  loss=0.0861  grp_sp=0.050  n_imp=34544  n_red=2464
04:29:00 | INFO |     step 207800  loss=0.0867  grp_sp=0.050  n_imp=34544  n_red=2464
04:30:22 | INFO |     step 208000  loss=0.0871  grp_sp=0.050  n_imp=34544  n_red=2464
04:31:41 | INFO |     step 208200  loss=0.0874  grp_sp=0.050  n_imp=34544  n_red=2464
04:33:01 | INFO |     step 208400  loss=0.0872  grp_sp=0.050  n_imp=34544  n_red=2464
04:34:21 | INFO |     step 208600  loss=0.0873  grp_sp=0.050  n_imp=34544  n_red=2464
04:35:42 | INFO |     step 208800  loss=0.0876  grp_sp=0.050  n_imp=34544  n_red=2464
04:37:02 | INFO |     step 209000  loss=0.0877  grp_sp=0.050  n_imp=34544  n_red=2464
04:38:23 | INFO |     step 209200  loss=0.0875  grp_sp=0.050  n_imp=34544  n_red=2464
04:39:43 | INFO |     step 209400  loss=0.0876  grp_sp=0.050  n_imp=34544  n_red=2464
04:41:03 | INFO |     step 209600  loss=0.0877  grp_sp=0.050  n_imp=34544  n_red=2464
04:42:24 | INFO |     step 209800  loss=0.0876  grp_sp=0.050  n_imp=34544  n_red=2464
04:43:45 | INFO |     step 210000  loss=0.0878  grp_sp=0.050  n_imp=34544  n_red=2464
04:45:06 | INFO |     step 210200  loss=0.0877  grp_sp=0.050  n_imp=34544  n_red=2464
04:46:25 | INFO |     step 210400  loss=0.0874  grp_sp=0.050  n_imp=34544  n_red=2464
04:47:45 | INFO |     step 210600  loss=0.0872  grp_sp=0.050  n_imp=34544  n_red=2464
04:49:06 | INFO |     step 210800  loss=0.0871  grp_sp=0.050  n_imp=34544  n_red=2464
04:50:26 | INFO |     step 211000  loss=0.0872  grp_sp=0.050  n_imp=34544  n_red=2464
04:51:47 | INFO |     step 211200  loss=0.0871  grp_sp=0.050  n_imp=34544  n_red=2464
04:53:07 | INFO |     step 211400  loss=0.0872  grp_sp=0.050  n_imp=34544  n_red=2464
04:54:28 | INFO |     step 211600  loss=0.0873  grp_sp=0.050  n_imp=34544  n_red=2464
04:55:49 | INFO |     step 211800  loss=0.0875  grp_sp=0.050  n_imp=34544  n_red=2464
04:57:09 | INFO |     step 212000  loss=0.0873  grp_sp=0.050  n_imp=34544  n_red=2464
04:58:30 | INFO |     step 212200  loss=0.0875  grp_sp=0.050  n_imp=34544  n_red=2464
04:59:50 | INFO |     step 212400  loss=0.0874  grp_sp=0.050  n_imp=34544  n_red=2464
05:01:10 | INFO |     step 212600  loss=0.0873  grp_sp=0.050  n_imp=34544  n_red=2464
05:02:31 | INFO |     step 212800  loss=0.0872  grp_sp=0.050  n_imp=34544  n_red=2464
05:03:51 | INFO |     step 213000  loss=0.0874  grp_sp=0.050  n_imp=34544  n_red=2464
05:05:12 | INFO |     step 213200  loss=0.0874  grp_sp=0.050  n_imp=34544  n_red=2464
05:06:33 | INFO |     step 213400  loss=0.0874  grp_sp=0.050  n_imp=34544  n_red=2464
05:07:55 | INFO |     step 213600  loss=0.0874  grp_sp=0.050  n_imp=34544  n_red=2464
05:09:16 | INFO |     step 213800  loss=0.0876  grp_sp=0.050  n_imp=34544  n_red=2464
05:10:38 | INFO |     step 214000  loss=0.0880  grp_sp=0.050  n_imp=34544  n_red=2464
05:12:00 | INFO |     step 214200  loss=0.0880  grp_sp=0.050  n_imp=34544  n_red=2464
05:13:22 | INFO |     step 214400  loss=0.0879  grp_sp=0.050  n_imp=34544  n_red=2464
05:14:43 | INFO |     step 214600  loss=0.0879  grp_sp=0.050  n_imp=34544  n_red=2464
05:16:05 | INFO |     step 214800  loss=0.0879  grp_sp=0.050  n_imp=34544  n_red=2464
05:17:26 | INFO |     step 215000  loss=0.0879  grp_sp=0.050  n_imp=34544  n_red=2464
05:18:49 | INFO |     step 215200  loss=0.0881  grp_sp=0.050  n_imp=34544  n_red=2464
05:20:12 | INFO |     step 215400  loss=0.0881  grp_sp=0.050  n_imp=34544  n_red=2464
05:21:33 | INFO |     step 215600  loss=0.0882  grp_sp=0.050  n_imp=34544  n_red=2464
05:22:54 | INFO |     step 215800  loss=0.0883  grp_sp=0.050  n_imp=34544  n_red=2464
05:24:16 | INFO |     step 216000  loss=0.0882  grp_sp=0.050  n_imp=34544  n_red=2464
05:25:38 | INFO |     step 216200  loss=0.0879  grp_sp=0.050  n_imp=34544  n_red=2464
05:26:58 | INFO |     step 216400  loss=0.0877  grp_sp=0.050  n_imp=34544  n_red=2464
05:28:18 | INFO |     step 216600  loss=0.0879  grp_sp=0.050  n_imp=34544  n_red=2464
05:29:39 | INFO |     step 216800  loss=0.0879  grp_sp=0.050  n_imp=34544  n_red=2464
05:31:00 | INFO |     step 217000  loss=0.0878  grp_sp=0.050  n_imp=34544  n_red=2464
05:32:21 | INFO |     step 217200  loss=0.0877  grp_sp=0.050  n_imp=34544  n_red=2464
05:33:43 | INFO |     step 217400  loss=0.0876  grp_sp=0.050  n_imp=34544  n_red=2464
05:35:07 | INFO |     step 217600  loss=0.0876  grp_sp=0.050  n_imp=34544  n_red=2464
05:36:29 | INFO |     step 217800  loss=0.0873  grp_sp=0.050  n_imp=34544  n_red=2464
05:37:51 | INFO |     step 218000  loss=0.0874  grp_sp=0.050  n_imp=34544  n_red=2464
05:39:14 | INFO |     step 218200  loss=0.0873  grp_sp=0.050  n_imp=34544  n_red=2464
05:40:37 | INFO |     step 218400  loss=0.0871  grp_sp=0.050  n_imp=34544  n_red=2464
05:42:01 | INFO |     step 218600  loss=0.0871  grp_sp=0.050  n_imp=34544  n_red=2464
05:43:23 | INFO |     step 218800  loss=0.0870  grp_sp=0.050  n_imp=34544  n_red=2464
05:44:45 | INFO |     step 219000  loss=0.0868  grp_sp=0.050  n_imp=34544  n_red=2464
05:46:07 | INFO |     step 219200  loss=0.0870  grp_sp=0.050  n_imp=34544  n_red=2464
05:47:30 | INFO |     step 219400  loss=0.0868  grp_sp=0.050  n_imp=34544  n_red=2464
05:48:53 | INFO |     step 219600  loss=0.0868  grp_sp=0.050  n_imp=34544  n_red=2464
05:50:15 | INFO |     step 219800  loss=0.0869  grp_sp=0.050  n_imp=34544  n_red=2464
05:51:38 | INFO |     step 220000  loss=0.0869  grp_sp=0.050  n_imp=34544  n_red=2464
05:53:00 | INFO |     step 220200  loss=0.0869  grp_sp=0.050  n_imp=34544  n_red=2464
05:54:21 | INFO |     step 220400  loss=0.0868  grp_sp=0.050  n_imp=34544  n_red=2464
05:55:42 | INFO |     step 220600  loss=0.0868  grp_sp=0.050  n_imp=34544  n_red=2464
05:57:04 | INFO |     step 220800  loss=0.0868  grp_sp=0.050  n_imp=34544  n_red=2464
05:58:26 | INFO |     step 221000  loss=0.0867  grp_sp=0.050  n_imp=34544  n_red=2464
05:59:47 | INFO |     step 221200  loss=0.0868  grp_sp=0.050  n_imp=34544  n_red=2464
06:02:46 | INFO | [EPOCH 10/10] loss=0.0867  grp_sp=0.050  EM=76.27  F1=85.30  elapsed=1565.1min
06:02:46 | INFO | [TRAIN] done. best F1=87.06 @ ep3 (pre-compression)  final F1=85.30
06:02:46 | INFO | [FINAL] target sparsity=0.1  actual=0.0499
06:02:46 | INFO | [SUBNET] constructing compressed model
06:02:47 | INFO | [SUBNET] full  : ./results/B3_final_sp10/BertForQuestionAnswering_full_group_sparse.pt
06:02:47 | INFO | [SUBNET] comp  : ./results/B3_final_sp10/BertForQuestionAnswering_compressed.pt
06:05:02 | INFO | [METRICS] BOPs=3350492.5M  params=106.05M
06:05:02 | INFO | [EVAL compressed] EM=76.23  F1=85.29
06:05:02 | INFO | [SAVE] results -> ./results/B3_final_sp10/
06:05:02 | INFO | 
============================================================
06:05:02 | INFO |   SUMMARY
06:05:02 | INFO | ============================================================
06:05:02 | INFO |     Target    Actual      fEM      fF1      cEM      cF1     BOPs(M)   Params(M)
06:05:02 | INFO |        10%    0.0499    76.27    85.30    76.23    85.29   3350492.5      106.05
06:05:02 | INFO |   (fEM/fF1 = last-epoch eval before construct_subnet; cEM/cF1 = compressed model)
06:05:02 | INFO | 
[OK] Phase 5 complete. Results in ./results/
