18:46:43 | INFO | [log] ./results/phase5_20260427_184643.log
18:46:43 | INFO | [env] torch=2.5.1+cu121  device=cuda
18:46:43 | INFO | [cfg] sparsity=[0.1]  epochs=3  bs=4  lr=3e-05  lr_quant=0.0001  br=2  P=6  Kp=6  seed=42
18:46:50 | INFO | [DATA] raw train=87599  raw val=10570
18:46:50 | INFO | [DATA] train features=88524  val features=10784
18:46:50 | INFO | 
============================================================
18:46:50 | INFO |   EXPERIMENT: sparsity=0.1  tag=A2_slowproj_sp10
18:46:50 | INFO | ============================================================
18:46:50 | INFO | [M1] loading BERT QA
18:46:53 | INFO | [M2] quantize wrap + STE fix
18:46:56 | INFO | [CALIB] running 8 batches of bs=4
18:46:57 | INFO | [calib] 8 batches over 73 layers  (skipped=0)  num_bits=16  safety=1.05
18:46:57 | INFO | [calib] observed max|x|: min=2.665  median=14.866  max=137.556
18:46:57 | INFO | [M3] building OTO graph
18:48:29 | INFO | [SCHED] steps/epoch=22131  total=66393  start_prune=55327 (2.50 ep)  prune_steps=55325 (2.50 ep)  prune_periods=6  proj_periods=6  proj_steps=55327 (2.50 ep)
18:48:29 | INFO | [BIT]   min_bit_wt=4  max_bit_wt=16  bit_reduction=2  calib_num_bits=16
18:48:29 | INFO | [LR]    scheduler=none  warmup_ratio=0.1  lr=3e-05  lr_quant=0.0001
18:48:29 | INFO | [M4] building GETA optimizer
18:48:29 | INFO | [M4] GETA optimizer built, 26 param groups
18:48:29 | INFO | [TRAIN] starting
18:51:36 | INFO |     step 200  loss=4.1785  grp_sp=0.000  n_imp=37008  n_red=0
18:57:49 | INFO |     step 400  loss=3.4077  grp_sp=0.000  n_imp=37008  n_red=0
19:03:42 | INFO |     step 600  loss=2.9894  grp_sp=0.000  n_imp=37008  n_red=0
19:09:25 | INFO |     step 800  loss=2.7209  grp_sp=0.000  n_imp=37008  n_red=0
19:14:56 | INFO |     step 1000  loss=2.5361  grp_sp=0.000  n_imp=37008  n_red=0
19:20:34 | INFO |     step 1200  loss=2.4141  grp_sp=0.000  n_imp=37008  n_red=0
19:26:02 | INFO |     step 1400  loss=2.3059  grp_sp=0.000  n_imp=37008  n_red=0
19:31:52 | INFO |     step 1600  loss=2.2097  grp_sp=0.000  n_imp=37008  n_red=0
19:37:34 | INFO |     step 1800  loss=2.1363  grp_sp=0.000  n_imp=37008  n_red=0
19:43:16 | INFO |     step 2000  loss=2.0853  grp_sp=0.000  n_imp=37008  n_red=0
19:48:56 | INFO |     step 2200  loss=2.0389  grp_sp=0.000  n_imp=37008  n_red=0
19:54:54 | INFO |     step 2400  loss=1.9992  grp_sp=0.000  n_imp=37008  n_red=0
20:00:32 | INFO |     step 2600  loss=1.9631  grp_sp=0.000  n_imp=37008  n_red=0
20:06:11 | INFO |     step 2800  loss=1.9228  grp_sp=0.000  n_imp=37008  n_red=0
20:11:49 | INFO |     step 3000  loss=1.8921  grp_sp=0.000  n_imp=37008  n_red=0
20:17:24 | INFO |     step 3200  loss=1.8643  grp_sp=0.000  n_imp=37008  n_red=0
20:23:13 | INFO |     step 3400  loss=1.8363  grp_sp=0.000  n_imp=37008  n_red=0
20:29:07 | INFO |     step 3600  loss=1.8101  grp_sp=0.000  n_imp=37008  n_red=0
20:35:03 | INFO |     step 3800  loss=1.7894  grp_sp=0.000  n_imp=37008  n_red=0
20:41:11 | INFO |     step 4000  loss=1.7693  grp_sp=0.000  n_imp=37008  n_red=0
20:46:54 | INFO |     step 4200  loss=1.7473  grp_sp=0.000  n_imp=37008  n_red=0
20:53:01 | INFO |     step 4400  loss=1.7280  grp_sp=0.000  n_imp=37008  n_red=0
20:59:12 | INFO |     step 4600  loss=1.7123  grp_sp=0.000  n_imp=37008  n_red=0
21:05:26 | INFO |     step 4800  loss=1.6972  grp_sp=0.000  n_imp=37008  n_red=0
21:11:36 | INFO |     step 5000  loss=1.6795  grp_sp=0.000  n_imp=37008  n_red=0
21:17:49 | INFO |     step 5200  loss=1.6631  grp_sp=0.000  n_imp=37008  n_red=0
21:24:08 | INFO |     step 5400  loss=1.6491  grp_sp=0.000  n_imp=37008  n_red=0
21:30:38 | INFO |     step 5600  loss=1.6389  grp_sp=0.000  n_imp=37008  n_red=0
21:37:11 | INFO |     step 5800  loss=1.6224  grp_sp=0.000  n_imp=37008  n_red=0
21:43:36 | INFO |     step 6000  loss=1.6142  grp_sp=0.000  n_imp=37008  n_red=0
21:50:05 | INFO |     step 6200  loss=1.5989  grp_sp=0.000  n_imp=37008  n_red=0
21:56:33 | INFO |     step 6400  loss=1.5907  grp_sp=0.000  n_imp=37008  n_red=0
22:03:19 | INFO |     step 6600  loss=1.5825  grp_sp=0.000  n_imp=37008  n_red=0
22:10:09 | INFO |     step 6800  loss=1.5728  grp_sp=0.000  n_imp=37008  n_red=0
22:17:01 | INFO |     step 7000  loss=1.5638  grp_sp=0.000  n_imp=37008  n_red=0
22:23:47 | INFO |     step 7200  loss=1.5549  grp_sp=0.000  n_imp=37008  n_red=0
22:30:29 | INFO |     step 7400  loss=1.5466  grp_sp=0.000  n_imp=37008  n_red=0
22:37:02 | INFO |     step 7600  loss=1.5373  grp_sp=0.000  n_imp=37008  n_red=0
22:43:44 | INFO |     step 7800  loss=1.5310  grp_sp=0.000  n_imp=37008  n_red=0
22:50:22 | INFO |     step 8000  loss=1.5240  grp_sp=0.000  n_imp=37008  n_red=0
22:57:00 | INFO |     step 8200  loss=1.5174  grp_sp=0.000  n_imp=37008  n_red=0
23:03:40 | INFO |     step 8400  loss=1.5106  grp_sp=0.000  n_imp=37008  n_red=0
23:10:32 | INFO |     step 8600  loss=1.5035  grp_sp=0.000  n_imp=37008  n_red=0
23:17:26 | INFO |     step 8800  loss=1.4961  grp_sp=0.000  n_imp=37008  n_red=0
23:24:11 | INFO |     step 9000  loss=1.4898  grp_sp=0.000  n_imp=37008  n_red=0
23:30:51 | INFO |     step 9200  loss=1.4840  grp_sp=0.000  n_imp=37008  n_red=0
23:37:29 | INFO |     step 9400  loss=1.4794  grp_sp=0.000  n_imp=37008  n_red=0
23:44:44 | INFO |     step 9600  loss=1.4741  grp_sp=0.000  n_imp=37008  n_red=0
23:51:21 | INFO |     step 9800  loss=1.4687  grp_sp=0.000  n_imp=37008  n_red=0
23:58:05 | INFO |     step 10000  loss=1.4625  grp_sp=0.000  n_imp=37008  n_red=0
00:05:23 | INFO |     step 10200  loss=1.4566  grp_sp=0.000  n_imp=37008  n_red=0
00:12:49 | INFO |     step 10400  loss=1.4506  grp_sp=0.000  n_imp=37008  n_red=0
00:20:00 | INFO |     step 10600  loss=1.4458  grp_sp=0.000  n_imp=37008  n_red=0
00:27:00 | INFO |     step 10800  loss=1.4399  grp_sp=0.000  n_imp=37008  n_red=0
00:34:13 | INFO |     step 11000  loss=1.4363  grp_sp=0.000  n_imp=37008  n_red=0
00:41:41 | INFO |     step 11200  loss=1.4316  grp_sp=0.000  n_imp=37008  n_red=0
00:48:31 | INFO |     step 11400  loss=1.4268  grp_sp=0.000  n_imp=37008  n_red=0
00:55:23 | INFO |     step 11600  loss=1.4223  grp_sp=0.000  n_imp=37008  n_red=0
01:02:02 | INFO |     step 11800  loss=1.4176  grp_sp=0.000  n_imp=37008  n_red=0
01:08:39 | INFO |     step 12000  loss=1.4140  grp_sp=0.000  n_imp=37008  n_red=0
01:15:23 | INFO |     step 12200  loss=1.4108  grp_sp=0.000  n_imp=37008  n_red=0
01:22:32 | INFO |     step 12400  loss=1.4058  grp_sp=0.000  n_imp=37008  n_red=0
01:29:38 | INFO |     step 12600  loss=1.4027  grp_sp=0.000  n_imp=37008  n_red=0
01:36:24 | INFO |     step 12800  loss=1.3970  grp_sp=0.000  n_imp=37008  n_red=0
01:43:23 | INFO |     step 13000  loss=1.3926  grp_sp=0.000  n_imp=37008  n_red=0
01:50:30 | INFO |     step 13200  loss=1.3896  grp_sp=0.000  n_imp=37008  n_red=0
01:57:26 | INFO |     step 13400  loss=1.3860  grp_sp=0.000  n_imp=37008  n_red=0
02:04:48 | INFO |     step 13600  loss=1.3822  grp_sp=0.000  n_imp=37008  n_red=0
02:12:18 | INFO |     step 13800  loss=1.3787  grp_sp=0.000  n_imp=37008  n_red=0
02:19:06 | INFO |     step 14000  loss=1.3753  grp_sp=0.000  n_imp=37008  n_red=0
02:25:50 | INFO |     step 14200  loss=1.3713  grp_sp=0.000  n_imp=37008  n_red=0
02:32:34 | INFO |     step 14400  loss=1.3681  grp_sp=0.000  n_imp=37008  n_red=0
02:39:13 | INFO |     step 14600  loss=1.3650  grp_sp=0.000  n_imp=37008  n_red=0
02:45:27 | INFO |     step 14800  loss=1.3621  grp_sp=0.000  n_imp=37008  n_red=0
02:51:56 | INFO |     step 15000  loss=1.3581  grp_sp=0.000  n_imp=37008  n_red=0
02:58:34 | INFO |     step 15200  loss=1.3553  grp_sp=0.000  n_imp=37008  n_red=0
03:05:34 | INFO |     step 15400  loss=1.3538  grp_sp=0.000  n_imp=37008  n_red=0
03:12:17 | INFO |     step 15600  loss=1.3513  grp_sp=0.000  n_imp=37008  n_red=0
03:18:55 | INFO |     step 15800  loss=1.3491  grp_sp=0.000  n_imp=37008  n_red=0
03:25:38 | INFO |     step 16000  loss=1.3466  grp_sp=0.000  n_imp=37008  n_red=0
03:32:22 | INFO |     step 16200  loss=1.3441  grp_sp=0.000  n_imp=37008  n_red=0
03:39:05 | INFO |     step 16400  loss=1.3416  grp_sp=0.000  n_imp=37008  n_red=0
03:45:49 | INFO |     step 16600  loss=1.3389  grp_sp=0.000  n_imp=37008  n_red=0
03:52:10 | INFO |     step 16800  loss=1.3360  grp_sp=0.000  n_imp=37008  n_red=0
03:58:59 | INFO |     step 17000  loss=1.3334  grp_sp=0.000  n_imp=37008  n_red=0
04:05:57 | INFO |     step 17200  loss=1.3306  grp_sp=0.000  n_imp=37008  n_red=0
04:12:37 | INFO |     step 17400  loss=1.3279  grp_sp=0.000  n_imp=37008  n_red=0
04:19:18 | INFO |     step 17600  loss=1.3261  grp_sp=0.000  n_imp=37008  n_red=0
04:25:53 | INFO |     step 17800  loss=1.3236  grp_sp=0.000  n_imp=37008  n_red=0
04:32:25 | INFO |     step 18000  loss=1.3209  grp_sp=0.000  n_imp=37008  n_red=0
04:39:03 | INFO |     step 18200  loss=1.3183  grp_sp=0.000  n_imp=37008  n_red=0
04:45:42 | INFO |     step 18400  loss=1.3153  grp_sp=0.000  n_imp=37008  n_red=0
04:52:28 | INFO |     step 18600  loss=1.3121  grp_sp=0.000  n_imp=37008  n_red=0
04:59:13 | INFO |     step 18800  loss=1.3097  grp_sp=0.000  n_imp=37008  n_red=0
05:05:57 | INFO |     step 19000  loss=1.3080  grp_sp=0.000  n_imp=37008  n_red=0
05:12:47 | INFO |     step 19200  loss=1.3070  grp_sp=0.000  n_imp=37008  n_red=0
05:19:34 | INFO |     step 19400  loss=1.3051  grp_sp=0.000  n_imp=37008  n_red=0
05:26:26 | INFO |     step 19600  loss=1.3035  grp_sp=0.000  n_imp=37008  n_red=0
05:33:25 | INFO |     step 19800  loss=1.3016  grp_sp=0.000  n_imp=37008  n_red=0
05:40:34 | INFO |     step 20000  loss=1.3000  grp_sp=0.000  n_imp=37008  n_red=0
05:47:27 | INFO |     step 20200  loss=1.2984  grp_sp=0.000  n_imp=37008  n_red=0
05:54:13 | INFO |     step 20400  loss=1.2964  grp_sp=0.000  n_imp=37008  n_red=0
06:01:04 | INFO |     step 20600  loss=1.2944  grp_sp=0.000  n_imp=37008  n_red=0
06:08:10 | INFO |     step 20800  loss=1.2923  grp_sp=0.000  n_imp=37008  n_red=0
06:14:46 | INFO |     step 21000  loss=1.2908  grp_sp=0.000  n_imp=37008  n_red=0
06:21:46 | INFO |     step 21200  loss=1.2890  grp_sp=0.000  n_imp=37008  n_red=0
06:28:34 | INFO |     step 21400  loss=1.2871  grp_sp=0.000  n_imp=37008  n_red=0
06:35:19 | INFO |     step 21600  loss=1.2856  grp_sp=0.000  n_imp=37008  n_red=0
06:42:02 | INFO |     step 21800  loss=1.2840  grp_sp=0.000  n_imp=37008  n_red=0
06:48:50 | INFO |     step 22000  loss=1.2824  grp_sp=0.000  n_imp=37008  n_red=0
07:01:05 | INFO | [EPOCH 1/3] loss=1.2818  grp_sp=0.000  EM=77.90  F1=85.84  elapsed=724.7min
07:03:29 | INFO |     step 22200  loss=0.7757  grp_sp=0.000  n_imp=37008  n_red=0
07:10:59 | INFO |     step 22400  loss=0.7192  grp_sp=0.000  n_imp=37008  n_red=0
07:18:08 | INFO |     step 22600  loss=0.7178  grp_sp=0.000  n_imp=37008  n_red=0
07:25:30 | INFO |     step 22800  loss=0.7256  grp_sp=0.000  n_imp=37008  n_red=0
07:33:01 | INFO |     step 23000  loss=0.7385  grp_sp=0.000  n_imp=37008  n_red=0
07:40:25 | INFO |     step 23200  loss=0.7492  grp_sp=0.000  n_imp=37008  n_red=0
07:47:06 | INFO |     step 23400  loss=0.7532  grp_sp=0.000  n_imp=37008  n_red=0
07:53:57 | INFO |     step 23600  loss=0.7563  grp_sp=0.000  n_imp=37008  n_red=0
08:00:45 | INFO |     step 23800  loss=0.7526  grp_sp=0.000  n_imp=37008  n_red=0
08:07:37 | INFO |     step 24000  loss=0.7512  grp_sp=0.000  n_imp=37008  n_red=0
08:14:26 | INFO |     step 24200  loss=0.7568  grp_sp=0.000  n_imp=37008  n_red=0
08:20:45 | INFO |     step 24400  loss=0.7635  grp_sp=0.000  n_imp=37008  n_red=0
08:27:01 | INFO |     step 24600  loss=0.7655  grp_sp=0.000  n_imp=37008  n_red=0
08:33:15 | INFO |     step 24800  loss=0.7664  grp_sp=0.000  n_imp=37008  n_red=0
08:39:32 | INFO |     step 25000  loss=0.7704  grp_sp=0.000  n_imp=37008  n_red=0
08:45:47 | INFO |     step 25200  loss=0.7712  grp_sp=0.000  n_imp=37008  n_red=0
08:51:57 | INFO |     step 25400  loss=0.7731  grp_sp=0.000  n_imp=37008  n_red=0
08:58:17 | INFO |     step 25600  loss=0.7724  grp_sp=0.000  n_imp=37008  n_red=0
09:04:36 | INFO |     step 25800  loss=0.7731  grp_sp=0.000  n_imp=37008  n_red=0
09:10:55 | INFO |     step 26000  loss=0.7749  grp_sp=0.000  n_imp=37008  n_red=0
09:17:06 | INFO |     step 26200  loss=0.7745  grp_sp=0.000  n_imp=37008  n_red=0
09:23:19 | INFO |     step 26400  loss=0.7736  grp_sp=0.000  n_imp=37008  n_red=0
09:29:29 | INFO |     step 26600  loss=0.7729  grp_sp=0.000  n_imp=37008  n_red=0
09:35:43 | INFO |     step 26800  loss=0.7740  grp_sp=0.000  n_imp=37008  n_red=0
09:41:54 | INFO |     step 27000  loss=0.7762  grp_sp=0.000  n_imp=37008  n_red=0
09:47:59 | INFO |     step 27200  loss=0.7747  grp_sp=0.000  n_imp=37008  n_red=0
09:54:10 | INFO |     step 27400  loss=0.7743  grp_sp=0.000  n_imp=37008  n_red=0
10:00:24 | INFO |     step 27600  loss=0.7731  grp_sp=0.000  n_imp=37008  n_red=0
10:06:34 | INFO |     step 27800  loss=0.7732  grp_sp=0.000  n_imp=37008  n_red=0
10:12:46 | INFO |     step 28000  loss=0.7753  grp_sp=0.000  n_imp=37008  n_red=0
10:19:01 | INFO |     step 28200  loss=0.7745  grp_sp=0.000  n_imp=37008  n_red=0
10:25:12 | INFO |     step 28400  loss=0.7731  grp_sp=0.000  n_imp=37008  n_red=0
10:31:23 | INFO |     step 28600  loss=0.7742  grp_sp=0.000  n_imp=37008  n_red=0
10:37:36 | INFO |     step 28800  loss=0.7755  grp_sp=0.000  n_imp=37008  n_red=0
10:43:49 | INFO |     step 29000  loss=0.7753  grp_sp=0.000  n_imp=37008  n_red=0
10:50:01 | INFO |     step 29200  loss=0.7775  grp_sp=0.000  n_imp=37008  n_red=0
10:56:14 | INFO |     step 29400  loss=0.7777  grp_sp=0.000  n_imp=37008  n_red=0
11:02:31 | INFO |     step 29600  loss=0.7782  grp_sp=0.000  n_imp=37008  n_red=0
11:08:43 | INFO |     step 29800  loss=0.7775  grp_sp=0.000  n_imp=37008  n_red=0
11:14:59 | INFO |     step 30000  loss=0.7774  grp_sp=0.000  n_imp=37008  n_red=0
11:21:13 | INFO |     step 30200  loss=0.7797  grp_sp=0.000  n_imp=37008  n_red=0
11:27:24 | INFO |     step 30400  loss=0.7814  grp_sp=0.000  n_imp=37008  n_red=0
11:33:39 | INFO |     step 30600  loss=0.7847  grp_sp=0.000  n_imp=37008  n_red=0
11:39:50 | INFO |     step 30800  loss=0.7852  grp_sp=0.000  n_imp=37008  n_red=0
11:46:02 | INFO |     step 31000  loss=0.7864  grp_sp=0.000  n_imp=37008  n_red=0
11:52:12 | INFO |     step 31200  loss=0.7857  grp_sp=0.000  n_imp=37008  n_red=0
11:58:26 | INFO |     step 31400  loss=0.7854  grp_sp=0.000  n_imp=37008  n_red=0
12:04:36 | INFO |     step 31600  loss=0.7848  grp_sp=0.000  n_imp=37008  n_red=0
12:10:45 | INFO |     step 31800  loss=0.7871  grp_sp=0.000  n_imp=37008  n_red=0
12:16:58 | INFO |     step 32000  loss=0.7885  grp_sp=0.000  n_imp=37008  n_red=0
12:23:08 | INFO |     step 32200  loss=0.7887  grp_sp=0.000  n_imp=37008  n_red=0
12:29:19 | INFO |     step 32400  loss=0.7892  grp_sp=0.000  n_imp=37008  n_red=0
12:35:28 | INFO |     step 32600  loss=0.7902  grp_sp=0.000  n_imp=37008  n_red=0
12:41:40 | INFO |     step 32800  loss=0.7904  grp_sp=0.000  n_imp=37008  n_red=0
12:48:00 | INFO |     step 33000  loss=0.7917  grp_sp=0.000  n_imp=37008  n_red=0
12:54:13 | INFO |     step 33200  loss=0.7923  grp_sp=0.000  n_imp=37008  n_red=0
13:00:26 | INFO |     step 33400  loss=0.7925  grp_sp=0.000  n_imp=37008  n_red=0
13:06:41 | INFO |     step 33600  loss=0.7935  grp_sp=0.000  n_imp=37008  n_red=0
13:12:51 | INFO |     step 33800  loss=0.7934  grp_sp=0.000  n_imp=37008  n_red=0
13:18:55 | INFO |     step 34000  loss=0.7937  grp_sp=0.000  n_imp=37008  n_red=0
13:25:00 | INFO |     step 34200  loss=0.7943  grp_sp=0.000  n_imp=37008  n_red=0
13:31:13 | INFO |     step 34400  loss=0.7951  grp_sp=0.000  n_imp=37008  n_red=0
13:37:25 | INFO |     step 34600  loss=0.7963  grp_sp=0.000  n_imp=37008  n_red=0
13:43:40 | INFO |     step 34800  loss=0.7971  grp_sp=0.000  n_imp=37008  n_red=0
13:49:48 | INFO |     step 35000  loss=0.7974  grp_sp=0.000  n_imp=37008  n_red=0
13:56:03 | INFO |     step 35200  loss=0.7982  grp_sp=0.000  n_imp=37008  n_red=0
14:02:19 | INFO |     step 35400  loss=0.7990  grp_sp=0.000  n_imp=37008  n_red=0
14:08:34 | INFO |     step 35600  loss=0.7991  grp_sp=0.000  n_imp=37008  n_red=0
14:14:49 | INFO |     step 35800  loss=0.7990  grp_sp=0.000  n_imp=37008  n_red=0
14:20:59 | INFO |     step 36000  loss=0.8002  grp_sp=0.000  n_imp=37008  n_red=0
14:27:10 | INFO |     step 36200  loss=0.8006  grp_sp=0.000  n_imp=37008  n_red=0
14:33:19 | INFO |     step 36400  loss=0.7998  grp_sp=0.000  n_imp=37008  n_red=0
14:39:32 | INFO |     step 36600  loss=0.8001  grp_sp=0.000  n_imp=37008  n_red=0
14:45:39 | INFO |     step 36800  loss=0.8010  grp_sp=0.000  n_imp=37008  n_red=0
14:51:55 | INFO |     step 37000  loss=0.8016  grp_sp=0.000  n_imp=37008  n_red=0
14:58:06 | INFO |     step 37200  loss=0.8013  grp_sp=0.000  n_imp=37008  n_red=0
15:04:16 | INFO |     step 37400  loss=0.8020  grp_sp=0.000  n_imp=37008  n_red=0
15:10:30 | INFO |     step 37600  loss=0.8027  grp_sp=0.000  n_imp=37008  n_red=0
15:16:44 | INFO |     step 37800  loss=0.8041  grp_sp=0.000  n_imp=37008  n_red=0
15:22:52 | INFO |     step 38000  loss=0.8048  grp_sp=0.000  n_imp=37008  n_red=0
15:29:05 | INFO |     step 38200  loss=0.8054  grp_sp=0.000  n_imp=37008  n_red=0
15:35:18 | INFO |     step 38400  loss=0.8068  grp_sp=0.000  n_imp=37008  n_red=0
15:41:26 | INFO |     step 38600  loss=0.8069  grp_sp=0.000  n_imp=37008  n_red=0
15:47:35 | INFO |     step 38800  loss=0.8078  grp_sp=0.000  n_imp=37008  n_red=0
15:53:43 | INFO |     step 39000  loss=0.8083  grp_sp=0.000  n_imp=37008  n_red=0
15:59:46 | INFO |     step 39200  loss=0.8096  grp_sp=0.000  n_imp=37008  n_red=0
16:05:51 | INFO |     step 39400  loss=0.8104  grp_sp=0.000  n_imp=37008  n_red=0
16:11:58 | INFO |     step 39600  loss=0.8108  grp_sp=0.000  n_imp=37008  n_red=0
16:18:04 | INFO |     step 39800  loss=0.8111  grp_sp=0.000  n_imp=37008  n_red=0
16:24:03 | INFO |     step 40000  loss=0.8121  grp_sp=0.000  n_imp=37008  n_red=0
16:30:08 | INFO |     step 40200  loss=0.8134  grp_sp=0.000  n_imp=37008  n_red=0
16:36:14 | INFO |     step 40400  loss=0.8134  grp_sp=0.000  n_imp=37008  n_red=0
16:42:18 | INFO |     step 40600  loss=0.8145  grp_sp=0.000  n_imp=37008  n_red=0
16:48:23 | INFO |     step 40800  loss=0.8147  grp_sp=0.000  n_imp=37008  n_red=0
16:54:32 | INFO |     step 41000  loss=0.8154  grp_sp=0.000  n_imp=37008  n_red=0
17:00:41 | INFO |     step 41200  loss=0.8162  grp_sp=0.000  n_imp=37008  n_red=0
17:06:45 | INFO |     step 41400  loss=0.8165  grp_sp=0.000  n_imp=37008  n_red=0
