18:46:28 | INFO | [log] ./results/phase5_20260427_184628.log
18:46:28 | INFO | [env] torch=2.5.1+cu121  device=cuda
18:46:28 | INFO | [cfg] sparsity=[0.1]  epochs=3  bs=4  lr=3e-05  lr_quant=0.0001  br=2  P=6  Kp=6  seed=42
18:46:36 | INFO | [DATA] raw train=87599  raw val=10570
18:46:36 | INFO | [DATA] train features=88524  val features=10784
18:46:36 | INFO | 
============================================================
18:46:36 | INFO |   EXPERIMENT: sparsity=0.1  tag=A1_no_bitreduce_sp10
18:46:36 | INFO | ============================================================
18:46:36 | INFO | [M1] loading BERT QA
18:46:38 | INFO | [M2] quantize wrap + STE fix
18:46:40 | INFO | [CALIB] running 8 batches of bs=4
18:46:41 | INFO | [calib] 8 batches over 73 layers  (skipped=0)  num_bits=16  safety=1.05
18:46:41 | INFO | [calib] observed max|x|: min=2.665  median=14.866  max=137.556
18:46:41 | INFO | [M3] building OTO graph
18:48:15 | INFO | [SCHED] steps/epoch=22131  total=66393  start_prune=11065 (0.50 ep)  prune_steps=55325 (2.50 ep)  prune_periods=6  proj_periods=6  proj_steps=11065 (0.50 ep)
18:48:15 | INFO | [BIT]   min_bit_wt=16  max_bit_wt=16  bit_reduction=2  calib_num_bits=16
18:48:15 | INFO | [LR]    scheduler=none  warmup_ratio=0.1  lr=3e-05  lr_quant=0.0001
18:48:15 | INFO | [M4] building GETA optimizer
18:48:15 | INFO | [M4] GETA optimizer built, 26 param groups
18:48:15 | INFO | [TRAIN] starting
18:50:54 | INFO |     step 200  loss=4.1815  grp_sp=0.000  n_imp=37008  n_red=0
18:56:12 | INFO |     step 400  loss=3.4279  grp_sp=0.000  n_imp=37008  n_red=0
19:02:24 | INFO |     step 600  loss=2.9998  grp_sp=0.000  n_imp=37008  n_red=0
19:08:12 | INFO |     step 800  loss=2.7206  grp_sp=0.000  n_imp=37008  n_red=0
19:13:47 | INFO |     step 1000  loss=2.5348  grp_sp=0.000  n_imp=37008  n_red=0
19:19:29 | INFO |     step 1200  loss=2.4075  grp_sp=0.000  n_imp=37008  n_red=0
19:25:07 | INFO |     step 1400  loss=2.3027  grp_sp=0.000  n_imp=37008  n_red=0
19:31:01 | INFO |     step 1600  loss=2.2035  grp_sp=0.000  n_imp=37008  n_red=0
19:36:41 | INFO |     step 1800  loss=2.1301  grp_sp=0.000  n_imp=37008  n_red=0
19:42:22 | INFO |     step 2000  loss=2.0782  grp_sp=0.000  n_imp=37008  n_red=0
19:48:03 | INFO |     step 2200  loss=2.0304  grp_sp=0.000  n_imp=37008  n_red=0
19:54:14 | INFO |     step 2400  loss=1.9899  grp_sp=0.000  n_imp=37008  n_red=0
19:59:55 | INFO |     step 2600  loss=1.9533  grp_sp=0.000  n_imp=37008  n_red=0
20:05:38 | INFO |     step 2800  loss=1.9141  grp_sp=0.000  n_imp=37008  n_red=0
20:11:15 | INFO |     step 3000  loss=1.8834  grp_sp=0.000  n_imp=37008  n_red=0
20:16:54 | INFO |     step 3200  loss=1.8558  grp_sp=0.000  n_imp=37008  n_red=0
20:22:31 | INFO |     step 3400  loss=1.8277  grp_sp=0.000  n_imp=37008  n_red=0
20:28:08 | INFO |     step 3600  loss=1.8019  grp_sp=0.000  n_imp=37008  n_red=0
20:33:59 | INFO |     step 3800  loss=1.7799  grp_sp=0.000  n_imp=37008  n_red=0
20:40:04 | INFO |     step 4000  loss=1.7602  grp_sp=0.000  n_imp=37008  n_red=0
20:45:31 | INFO |     step 4200  loss=1.7402  grp_sp=0.000  n_imp=37008  n_red=0
20:51:20 | INFO |     step 4400  loss=1.7214  grp_sp=0.000  n_imp=37008  n_red=0
20:57:13 | INFO |     step 4600  loss=1.7055  grp_sp=0.000  n_imp=37008  n_red=0
21:03:16 | INFO |     step 4800  loss=1.6910  grp_sp=0.000  n_imp=37008  n_red=0
21:09:47 | INFO |     step 5000  loss=1.6734  grp_sp=0.000  n_imp=37008  n_red=0
21:15:57 | INFO |     step 5200  loss=1.6575  grp_sp=0.000  n_imp=37008  n_red=0
21:22:22 | INFO |     step 5400  loss=1.6442  grp_sp=0.000  n_imp=37008  n_red=0
21:28:35 | INFO |     step 5600  loss=1.6330  grp_sp=0.000  n_imp=37008  n_red=0
21:34:55 | INFO |     step 5800  loss=1.6174  grp_sp=0.000  n_imp=37008  n_red=0
21:41:20 | INFO |     step 6000  loss=1.6096  grp_sp=0.000  n_imp=37008  n_red=0
21:47:47 | INFO |     step 6200  loss=1.5951  grp_sp=0.000  n_imp=37008  n_red=0
21:54:01 | INFO |     step 6400  loss=1.5873  grp_sp=0.000  n_imp=37008  n_red=0
22:00:49 | INFO |     step 6600  loss=1.5798  grp_sp=0.000  n_imp=37008  n_red=0
22:07:46 | INFO |     step 6800  loss=1.5713  grp_sp=0.000  n_imp=37008  n_red=0
22:14:47 | INFO |     step 7000  loss=1.5624  grp_sp=0.000  n_imp=37008  n_red=0
22:21:38 | INFO |     step 7200  loss=1.5539  grp_sp=0.000  n_imp=37008  n_red=0
22:28:31 | INFO |     step 7400  loss=1.5454  grp_sp=0.000  n_imp=37008  n_red=0
22:35:13 | INFO |     step 7600  loss=1.5365  grp_sp=0.000  n_imp=37008  n_red=0
22:41:57 | INFO |     step 7800  loss=1.5299  grp_sp=0.000  n_imp=37008  n_red=0
22:48:36 | INFO |     step 8000  loss=1.5234  grp_sp=0.000  n_imp=37008  n_red=0
22:55:23 | INFO |     step 8200  loss=1.5169  grp_sp=0.000  n_imp=37008  n_red=0
23:02:13 | INFO |     step 8400  loss=1.5098  grp_sp=0.000  n_imp=37008  n_red=0
23:08:57 | INFO |     step 8600  loss=1.5023  grp_sp=0.000  n_imp=37008  n_red=0
23:15:52 | INFO |     step 8800  loss=1.4950  grp_sp=0.000  n_imp=37008  n_red=0
23:22:32 | INFO |     step 9000  loss=1.4880  grp_sp=0.000  n_imp=37008  n_red=0
23:29:11 | INFO |     step 9200  loss=1.4820  grp_sp=0.000  n_imp=37008  n_red=0
23:35:57 | INFO |     step 9400  loss=1.4769  grp_sp=0.000  n_imp=37008  n_red=0
23:42:55 | INFO |     step 9600  loss=1.4713  grp_sp=0.000  n_imp=37008  n_red=0
23:49:40 | INFO |     step 9800  loss=1.4657  grp_sp=0.000  n_imp=37008  n_red=0
23:56:25 | INFO |     step 10000  loss=1.4596  grp_sp=0.000  n_imp=37008  n_red=0
00:03:30 | INFO |     step 10200  loss=1.4542  grp_sp=0.000  n_imp=37008  n_red=0
00:10:57 | INFO |     step 10400  loss=1.4483  grp_sp=0.000  n_imp=37008  n_red=0
00:18:01 | INFO |     step 10600  loss=1.4433  grp_sp=0.000  n_imp=37008  n_red=0
00:24:49 | INFO |     step 10800  loss=1.4373  grp_sp=0.000  n_imp=37008  n_red=0
00:31:46 | INFO |     step 11000  loss=1.4333  grp_sp=0.000  n_imp=37008  n_red=0
00:39:34 | INFO |     step 11200  loss=1.4285  grp_sp=0.000  n_imp=36392  n_red=616
00:47:15 | INFO |     step 11400  loss=1.4236  grp_sp=0.000  n_imp=36392  n_red=616
00:54:46 | INFO |     step 11600  loss=1.4193  grp_sp=0.000  n_imp=36392  n_red=616
01:02:17 | INFO |     step 11800  loss=1.4141  grp_sp=0.000  n_imp=36392  n_red=616
01:09:47 | INFO |     step 12000  loss=1.4105  grp_sp=0.000  n_imp=36392  n_red=616
01:17:23 | INFO |     step 12200  loss=1.4071  grp_sp=0.000  n_imp=36392  n_red=616
01:24:40 | INFO |     step 12400  loss=1.4026  grp_sp=0.000  n_imp=36392  n_red=616
01:32:28 | INFO |     step 12600  loss=1.3986  grp_sp=0.000  n_imp=36392  n_red=616
01:40:08 | INFO |     step 12800  loss=1.3928  grp_sp=0.000  n_imp=36392  n_red=616
01:47:37 | INFO |     step 13000  loss=1.3885  grp_sp=0.000  n_imp=36392  n_red=616
01:55:15 | INFO |     step 13200  loss=1.3858  grp_sp=0.000  n_imp=36392  n_red=616
02:03:10 | INFO |     step 13400  loss=1.3832  grp_sp=0.000  n_imp=36392  n_red=616
02:10:52 | INFO |     step 13600  loss=1.3791  grp_sp=0.000  n_imp=36392  n_red=616
02:18:25 | INFO |     step 13800  loss=1.3760  grp_sp=0.000  n_imp=36392  n_red=616
02:25:51 | INFO |     step 14000  loss=1.3723  grp_sp=0.000  n_imp=36392  n_red=616
02:33:23 | INFO |     step 14200  loss=1.3688  grp_sp=0.000  n_imp=36392  n_red=616
02:40:31 | INFO |     step 14400  loss=1.3663  grp_sp=0.000  n_imp=36392  n_red=616
02:47:42 | INFO |     step 14600  loss=1.3637  grp_sp=0.000  n_imp=36392  n_red=616
02:55:06 | INFO |     step 14800  loss=1.3605  grp_sp=0.000  n_imp=36392  n_red=616
03:02:27 | INFO |     step 15000  loss=1.3566  grp_sp=0.000  n_imp=36392  n_red=616
03:10:06 | INFO |     step 15200  loss=1.3538  grp_sp=0.000  n_imp=36392  n_red=616
03:17:25 | INFO |     step 15400  loss=1.3519  grp_sp=0.000  n_imp=36392  n_red=616
03:24:57 | INFO |     step 15600  loss=1.3495  grp_sp=0.000  n_imp=36392  n_red=616
03:32:36 | INFO |     step 15800  loss=1.3470  grp_sp=0.000  n_imp=36392  n_red=616
03:40:11 | INFO |     step 16000  loss=1.3449  grp_sp=0.000  n_imp=36392  n_red=616
03:47:31 | INFO |     step 16200  loss=1.3423  grp_sp=0.000  n_imp=36392  n_red=616
03:55:13 | INFO |     step 16400  loss=1.3401  grp_sp=0.000  n_imp=36392  n_red=616
04:02:27 | INFO |     step 16600  loss=1.3381  grp_sp=0.000  n_imp=36392  n_red=616
04:09:45 | INFO |     step 16800  loss=1.3350  grp_sp=0.000  n_imp=36392  n_red=616
04:17:09 | INFO |     step 17000  loss=1.3330  grp_sp=0.000  n_imp=36392  n_red=616
04:24:49 | INFO |     step 17200  loss=1.3304  grp_sp=0.000  n_imp=36392  n_red=616
04:32:28 | INFO |     step 17400  loss=1.3278  grp_sp=0.000  n_imp=36392  n_red=616
04:39:52 | INFO |     step 17600  loss=1.3261  grp_sp=0.000  n_imp=36392  n_red=616
04:47:08 | INFO |     step 17800  loss=1.3237  grp_sp=0.000  n_imp=36392  n_red=616
04:54:25 | INFO |     step 18000  loss=1.3210  grp_sp=0.000  n_imp=36392  n_red=616
05:01:36 | INFO |     step 18200  loss=1.3184  grp_sp=0.000  n_imp=36392  n_red=616
05:08:45 | INFO |     step 18400  loss=1.3158  grp_sp=0.000  n_imp=36392  n_red=616
05:15:56 | INFO |     step 18600  loss=1.3126  grp_sp=0.000  n_imp=36392  n_red=616
05:23:19 | INFO |     step 18800  loss=1.3105  grp_sp=0.000  n_imp=36392  n_red=616
05:30:46 | INFO |     step 19000  loss=1.3087  grp_sp=0.000  n_imp=36392  n_red=616
05:37:53 | INFO |     step 19200  loss=1.3078  grp_sp=0.000  n_imp=36392  n_red=616
05:45:08 | INFO |     step 19400  loss=1.3062  grp_sp=0.000  n_imp=36392  n_red=616
05:52:29 | INFO |     step 19600  loss=1.3047  grp_sp=0.000  n_imp=36392  n_red=616
05:59:40 | INFO |     step 19800  loss=1.3028  grp_sp=0.000  n_imp=36392  n_red=616
06:06:37 | INFO |     step 20000  loss=1.3012  grp_sp=0.000  n_imp=36392  n_red=616
06:13:54 | INFO |     step 20200  loss=1.2997  grp_sp=0.000  n_imp=36392  n_red=616
06:20:55 | INFO |     step 20400  loss=1.2985  grp_sp=0.017  n_imp=35776  n_red=1232
06:28:27 | INFO |     step 20600  loss=1.2971  grp_sp=0.017  n_imp=35776  n_red=1232
06:35:45 | INFO |     step 20800  loss=1.2958  grp_sp=0.017  n_imp=35776  n_red=1232
06:42:51 | INFO |     step 21000  loss=1.2948  grp_sp=0.017  n_imp=35776  n_red=1232
06:50:46 | INFO |     step 21200  loss=1.2935  grp_sp=0.017  n_imp=35776  n_red=1232
06:58:30 | INFO |     step 21400  loss=1.2921  grp_sp=0.017  n_imp=35776  n_red=1232
07:05:43 | INFO |     step 21600  loss=1.2915  grp_sp=0.017  n_imp=35776  n_red=1232
07:12:56 | INFO |     step 21800  loss=1.2901  grp_sp=0.017  n_imp=35776  n_red=1232
07:20:10 | INFO |     step 22000  loss=1.2895  grp_sp=0.017  n_imp=35776  n_red=1232
07:31:25 | INFO | [EPOCH 1/3] loss=1.2893  grp_sp=0.017  EM=77.15  F1=85.08  elapsed=756.5min
07:33:53 | INFO |     step 22200  loss=0.7680  grp_sp=0.017  n_imp=35776  n_red=1232
07:41:53 | INFO |     step 22400  loss=0.7687  grp_sp=0.017  n_imp=35776  n_red=1232
07:49:57 | INFO |     step 22600  loss=0.7567  grp_sp=0.017  n_imp=35776  n_red=1232
07:57:06 | INFO |     step 22800  loss=0.7777  grp_sp=0.017  n_imp=35776  n_red=1232
08:05:11 | INFO |     step 23000  loss=0.7941  grp_sp=0.017  n_imp=35776  n_red=1232
08:12:20 | INFO |     step 23200  loss=0.8017  grp_sp=0.017  n_imp=35776  n_red=1232
08:19:24 | INFO |     step 23400  loss=0.8030  grp_sp=0.017  n_imp=35776  n_red=1232
08:26:35 | INFO |     step 23600  loss=0.8081  grp_sp=0.017  n_imp=35776  n_red=1232
08:33:44 | INFO |     step 23800  loss=0.8090  grp_sp=0.017  n_imp=35776  n_red=1232
08:40:51 | INFO |     step 24000  loss=0.8053  grp_sp=0.017  n_imp=35776  n_red=1232
08:48:01 | INFO |     step 24200  loss=0.8062  grp_sp=0.017  n_imp=35776  n_red=1232
08:55:05 | INFO |     step 24400  loss=0.8081  grp_sp=0.017  n_imp=35776  n_red=1232
09:02:10 | INFO |     step 24600  loss=0.8107  grp_sp=0.017  n_imp=35776  n_red=1232
09:09:16 | INFO |     step 24800  loss=0.8125  grp_sp=0.017  n_imp=35776  n_red=1232
09:16:24 | INFO |     step 25000  loss=0.8148  grp_sp=0.017  n_imp=35776  n_red=1232
09:23:34 | INFO |     step 25200  loss=0.8140  grp_sp=0.017  n_imp=35776  n_red=1232
09:30:38 | INFO |     step 25400  loss=0.8152  grp_sp=0.017  n_imp=35776  n_red=1232
09:37:42 | INFO |     step 25600  loss=0.8139  grp_sp=0.017  n_imp=35776  n_red=1232
09:44:47 | INFO |     step 25800  loss=0.8144  grp_sp=0.017  n_imp=35776  n_red=1232
09:51:51 | INFO |     step 26000  loss=0.8155  grp_sp=0.017  n_imp=35776  n_red=1232
09:58:54 | INFO |     step 26200  loss=0.8154  grp_sp=0.017  n_imp=35776  n_red=1232
10:05:55 | INFO |     step 26400  loss=0.8135  grp_sp=0.017  n_imp=35776  n_red=1232
10:13:01 | INFO |     step 26600  loss=0.8128  grp_sp=0.017  n_imp=35776  n_red=1232
10:20:04 | INFO |     step 26800  loss=0.8130  grp_sp=0.017  n_imp=35776  n_red=1232
10:27:06 | INFO |     step 27000  loss=0.8164  grp_sp=0.017  n_imp=35776  n_red=1232
10:34:06 | INFO |     step 27200  loss=0.8138  grp_sp=0.017  n_imp=35776  n_red=1232
10:41:09 | INFO |     step 27400  loss=0.8128  grp_sp=0.017  n_imp=35776  n_red=1232
10:48:11 | INFO |     step 27600  loss=0.8112  grp_sp=0.017  n_imp=35776  n_red=1232
10:55:13 | INFO |     step 27800  loss=0.8120  grp_sp=0.017  n_imp=35776  n_red=1232
11:02:15 | INFO |     step 28000  loss=0.8136  grp_sp=0.017  n_imp=35776  n_red=1232
11:09:20 | INFO |     step 28200  loss=0.8122  grp_sp=0.017  n_imp=35776  n_red=1232
11:16:24 | INFO |     step 28400  loss=0.8105  grp_sp=0.017  n_imp=35776  n_red=1232
11:23:31 | INFO |     step 28600  loss=0.8117  grp_sp=0.017  n_imp=35776  n_red=1232
11:30:35 | INFO |     step 28800  loss=0.8122  grp_sp=0.017  n_imp=35776  n_red=1232
11:37:43 | INFO |     step 29000  loss=0.8123  grp_sp=0.017  n_imp=35776  n_red=1232
11:44:49 | INFO |     step 29200  loss=0.8141  grp_sp=0.017  n_imp=35776  n_red=1232
11:51:52 | INFO |     step 29400  loss=0.8137  grp_sp=0.017  n_imp=35776  n_red=1232
11:58:54 | INFO |     step 29600  loss=0.8152  grp_sp=0.033  n_imp=35160  n_red=1848
12:06:00 | INFO |     step 29800  loss=0.8161  grp_sp=0.033  n_imp=35160  n_red=1848
12:13:07 | INFO |     step 30000  loss=0.8166  grp_sp=0.033  n_imp=35160  n_red=1848
12:20:11 | INFO |     step 30200  loss=0.8197  grp_sp=0.033  n_imp=35160  n_red=1848
12:27:18 | INFO |     step 30400  loss=0.8214  grp_sp=0.033  n_imp=35160  n_red=1848
12:34:25 | INFO |     step 30600  loss=0.8248  grp_sp=0.033  n_imp=35160  n_red=1848
12:41:33 | INFO |     step 30800  loss=0.8257  grp_sp=0.033  n_imp=35160  n_red=1848
12:48:38 | INFO |     step 31000  loss=0.8269  grp_sp=0.033  n_imp=35160  n_red=1848
12:55:42 | INFO |     step 31200  loss=0.8268  grp_sp=0.033  n_imp=35160  n_red=1848
13:02:48 | INFO |     step 31400  loss=0.8273  grp_sp=0.033  n_imp=35160  n_red=1848
13:09:50 | INFO |     step 31600  loss=0.8266  grp_sp=0.033  n_imp=35160  n_red=1848
13:17:01 | INFO |     step 31800  loss=0.8284  grp_sp=0.033  n_imp=35160  n_red=1848
13:24:08 | INFO |     step 32000  loss=0.8291  grp_sp=0.033  n_imp=35160  n_red=1848
13:31:18 | INFO |     step 32200  loss=0.8306  grp_sp=0.033  n_imp=35160  n_red=1848
13:38:30 | INFO |     step 32400  loss=0.8307  grp_sp=0.033  n_imp=35160  n_red=1848
13:45:42 | INFO |     step 32600  loss=0.8317  grp_sp=0.033  n_imp=35160  n_red=1848
13:52:52 | INFO |     step 32800  loss=0.8322  grp_sp=0.033  n_imp=35160  n_red=1848
14:00:00 | INFO |     step 33000  loss=0.8333  grp_sp=0.033  n_imp=35160  n_red=1848
14:07:08 | INFO |     step 33200  loss=0.8338  grp_sp=0.033  n_imp=35160  n_red=1848
14:14:19 | INFO |     step 33400  loss=0.8339  grp_sp=0.033  n_imp=35160  n_red=1848
14:21:29 | INFO |     step 33600  loss=0.8342  grp_sp=0.033  n_imp=35160  n_red=1848
14:28:40 | INFO |     step 33800  loss=0.8348  grp_sp=0.033  n_imp=35160  n_red=1848
14:35:43 | INFO |     step 34000  loss=0.8348  grp_sp=0.033  n_imp=35160  n_red=1848
14:42:52 | INFO |     step 34200  loss=0.8344  grp_sp=0.033  n_imp=35160  n_red=1848
14:50:04 | INFO |     step 34400  loss=0.8359  grp_sp=0.033  n_imp=35160  n_red=1848
14:57:16 | INFO |     step 34600  loss=0.8370  grp_sp=0.033  n_imp=35160  n_red=1848
15:04:22 | INFO |     step 34800  loss=0.8378  grp_sp=0.033  n_imp=35160  n_red=1848
15:11:24 | INFO |     step 35000  loss=0.8383  grp_sp=0.033  n_imp=35160  n_red=1848
15:18:30 | INFO |     step 35200  loss=0.8390  grp_sp=0.033  n_imp=35160  n_red=1848
15:25:35 | INFO |     step 35400  loss=0.8400  grp_sp=0.033  n_imp=35160  n_red=1848
15:32:36 | INFO |     step 35600  loss=0.8408  grp_sp=0.033  n_imp=35160  n_red=1848
15:39:46 | INFO |     step 35800  loss=0.8409  grp_sp=0.033  n_imp=35160  n_red=1848
15:46:48 | INFO |     step 36000  loss=0.8418  grp_sp=0.033  n_imp=35160  n_red=1848
15:53:51 | INFO |     step 36200  loss=0.8425  grp_sp=0.033  n_imp=35160  n_red=1848
16:00:51 | INFO |     step 36400  loss=0.8421  grp_sp=0.033  n_imp=35160  n_red=1848
16:07:53 | INFO |     step 36600  loss=0.8424  grp_sp=0.033  n_imp=35160  n_red=1848
16:15:02 | INFO |     step 36800  loss=0.8435  grp_sp=0.033  n_imp=35160  n_red=1848
16:22:09 | INFO |     step 37000  loss=0.8440  grp_sp=0.033  n_imp=35160  n_red=1848
16:29:12 | INFO |     step 37200  loss=0.8437  grp_sp=0.033  n_imp=35160  n_red=1848
16:36:11 | INFO |     step 37400  loss=0.8436  grp_sp=0.033  n_imp=35160  n_red=1848
16:43:13 | INFO |     step 37600  loss=0.8439  grp_sp=0.033  n_imp=35160  n_red=1848
16:50:14 | INFO |     step 37800  loss=0.8445  grp_sp=0.033  n_imp=35160  n_red=1848
16:57:27 | INFO |     step 38000  loss=0.8449  grp_sp=0.033  n_imp=35160  n_red=1848
17:04:22 | INFO |     step 38200  loss=0.8447  grp_sp=0.033  n_imp=35160  n_red=1848
