18:47:55 | INFO | [log] ./results/phase5_20260427_184755.log
18:47:55 | INFO | [env] torch=2.5.1+cu121  device=cuda
18:47:55 | INFO | [cfg] sparsity=[0.1]  epochs=3  bs=4  lr=3e-05  lr_quant=0.0001  br=2  P=6  Kp=6  seed=42
18:48:03 | INFO | [DATA] raw train=87599  raw val=10570
18:48:03 | INFO | [DATA] train features=88524  val features=10784
18:48:03 | INFO | 
============================================================
18:48:03 | INFO |   EXPERIMENT: sparsity=0.1  tag=A0_control_sp10
18:48:03 | INFO | ============================================================
18:48:03 | INFO | [M1] loading BERT QA
18:48:06 | INFO | [M2] quantize wrap + STE fix
18:48:08 | INFO | [CALIB] running 8 batches of bs=4
18:48:09 | INFO | [calib] 8 batches over 73 layers  (skipped=0)  num_bits=16  safety=1.05
18:48:09 | INFO | [calib] observed max|x|: min=2.665  median=14.866  max=137.556
18:48:09 | INFO | [M3] building OTO graph
18:50:03 | INFO | [SCHED] steps/epoch=22131  total=66393  start_prune=11065 (0.50 ep)  prune_steps=55325 (2.50 ep)  prune_periods=6  proj_periods=6  proj_steps=11065 (0.50 ep)
18:50:03 | INFO | [BIT]   min_bit_wt=4  max_bit_wt=16  bit_reduction=2  calib_num_bits=16
18:50:03 | INFO | [LR]    scheduler=none  warmup_ratio=0.1  lr=3e-05  lr_quant=0.0001
18:50:03 | INFO | [M4] building GETA optimizer
18:50:03 | INFO | [M4] GETA optimizer built, 26 param groups
18:50:03 | INFO | [TRAIN] starting
18:56:54 | INFO |     step 200  loss=4.1785  grp_sp=0.000  n_imp=37008  n_red=0
19:03:52 | INFO |     step 400  loss=3.4077  grp_sp=0.000  n_imp=37008  n_red=0
19:10:45 | INFO |     step 600  loss=2.9894  grp_sp=0.000  n_imp=37008  n_red=0
19:17:36 | INFO |     step 800  loss=2.7209  grp_sp=0.000  n_imp=37008  n_red=0
19:24:31 | INFO |     step 1000  loss=2.5361  grp_sp=0.000  n_imp=37008  n_red=0
19:31:14 | INFO |     step 1200  loss=2.4141  grp_sp=0.000  n_imp=37008  n_red=0
19:37:52 | INFO |     step 1400  loss=2.3059  grp_sp=0.000  n_imp=37008  n_red=0
19:44:34 | INFO |     step 1600  loss=2.2097  grp_sp=0.000  n_imp=37008  n_red=0
19:51:13 | INFO |     step 1800  loss=2.1363  grp_sp=0.000  n_imp=37008  n_red=0
19:58:03 | INFO |     step 2000  loss=2.0855  grp_sp=0.000  n_imp=37008  n_red=0
20:04:36 | INFO |     step 2200  loss=2.0389  grp_sp=0.000  n_imp=37008  n_red=0
20:10:30 | INFO |     step 2400  loss=1.9998  grp_sp=0.000  n_imp=37008  n_red=0
20:16:19 | INFO |     step 2600  loss=1.9632  grp_sp=0.000  n_imp=37008  n_red=0
20:22:16 | INFO |     step 2800  loss=1.9238  grp_sp=0.000  n_imp=37008  n_red=0
20:28:15 | INFO |     step 3000  loss=1.8929  grp_sp=0.000  n_imp=37008  n_red=0
20:34:20 | INFO |     step 3200  loss=1.8650  grp_sp=0.000  n_imp=37008  n_red=0
20:40:37 | INFO |     step 3400  loss=1.8361  grp_sp=0.000  n_imp=37008  n_red=0
20:46:32 | INFO |     step 3600  loss=1.8116  grp_sp=0.000  n_imp=37008  n_red=0
20:52:24 | INFO |     step 3800  loss=1.7905  grp_sp=0.000  n_imp=37008  n_red=0
20:58:34 | INFO |     step 4000  loss=1.7697  grp_sp=0.000  n_imp=37008  n_red=0
21:04:57 | INFO |     step 4200  loss=1.7490  grp_sp=0.000  n_imp=37008  n_red=0
21:11:04 | INFO |     step 4400  loss=1.7288  grp_sp=0.000  n_imp=37008  n_red=0
21:17:05 | INFO |     step 4600  loss=1.7124  grp_sp=0.000  n_imp=37008  n_red=0
21:23:31 | INFO |     step 4800  loss=1.6987  grp_sp=0.000  n_imp=37008  n_red=0
21:29:25 | INFO |     step 5000  loss=1.6808  grp_sp=0.000  n_imp=37008  n_red=0
21:35:44 | INFO |     step 5200  loss=1.6647  grp_sp=0.000  n_imp=37008  n_red=0
21:41:58 | INFO |     step 5400  loss=1.6509  grp_sp=0.000  n_imp=37008  n_red=0
21:48:18 | INFO |     step 5600  loss=1.6410  grp_sp=0.000  n_imp=37008  n_red=0
21:54:32 | INFO |     step 5800  loss=1.6255  grp_sp=0.000  n_imp=37008  n_red=0
22:01:22 | INFO |     step 6000  loss=1.6174  grp_sp=0.000  n_imp=37008  n_red=0
22:08:47 | INFO |     step 6200  loss=1.6029  grp_sp=0.000  n_imp=37008  n_red=0
22:16:02 | INFO |     step 6400  loss=1.5954  grp_sp=0.000  n_imp=37008  n_red=0
22:23:03 | INFO |     step 6600  loss=1.5870  grp_sp=0.000  n_imp=37008  n_red=0
22:30:07 | INFO |     step 6800  loss=1.5776  grp_sp=0.000  n_imp=37008  n_red=0
22:37:01 | INFO |     step 7000  loss=1.5689  grp_sp=0.000  n_imp=37008  n_red=0
22:43:55 | INFO |     step 7200  loss=1.5600  grp_sp=0.000  n_imp=37008  n_red=0
22:50:54 | INFO |     step 7400  loss=1.5505  grp_sp=0.000  n_imp=37008  n_red=0
22:57:49 | INFO |     step 7600  loss=1.5420  grp_sp=0.000  n_imp=37008  n_red=0
23:04:47 | INFO |     step 7800  loss=1.5359  grp_sp=0.000  n_imp=37008  n_red=0
23:11:49 | INFO |     step 8000  loss=1.5302  grp_sp=0.000  n_imp=37008  n_red=0
23:18:45 | INFO |     step 8200  loss=1.5232  grp_sp=0.000  n_imp=37008  n_red=0
23:25:53 | INFO |     step 8400  loss=1.5159  grp_sp=0.000  n_imp=37008  n_red=0
23:32:34 | INFO |     step 8600  loss=1.5085  grp_sp=0.000  n_imp=37008  n_red=0
23:39:49 | INFO |     step 8800  loss=1.5017  grp_sp=0.000  n_imp=37008  n_red=0
23:47:06 | INFO |     step 9000  loss=1.4960  grp_sp=0.000  n_imp=37008  n_red=0
23:54:01 | INFO |     step 9200  loss=1.4905  grp_sp=0.000  n_imp=37008  n_red=0
00:00:59 | INFO |     step 9400  loss=1.5028  grp_sp=0.000  n_imp=37008  n_red=0
00:08:53 | INFO |     step 9600  loss=1.5045  grp_sp=0.000  n_imp=37008  n_red=0
00:16:31 | INFO |     step 9800  loss=1.5042  grp_sp=0.000  n_imp=37008  n_red=0
00:23:51 | INFO |     step 10000  loss=1.5024  grp_sp=0.000  n_imp=37008  n_red=0
00:30:58 | INFO |     step 10200  loss=1.5003  grp_sp=0.000  n_imp=37008  n_red=0
00:38:37 | INFO |     step 10400  loss=1.4973  grp_sp=0.000  n_imp=37008  n_red=0
00:45:59 | INFO |     step 10600  loss=1.4957  grp_sp=0.000  n_imp=37008  n_red=0
00:53:10 | INFO |     step 10800  loss=1.4917  grp_sp=0.000  n_imp=37008  n_red=0
00:59:58 | INFO |     step 11000  loss=1.4900  grp_sp=0.000  n_imp=37008  n_red=0
01:07:28 | INFO |     step 11200  loss=1.5299  grp_sp=0.000  n_imp=36392  n_red=616
01:15:09 | INFO |     step 11400  loss=1.5635  grp_sp=0.000  n_imp=36392  n_red=616
01:23:00 | INFO |     step 11600  loss=1.5854  grp_sp=0.000  n_imp=36392  n_red=616
01:30:58 | INFO |     step 11800  loss=1.6025  grp_sp=0.000  n_imp=36392  n_red=616
01:38:54 | INFO |     step 12000  loss=1.6193  grp_sp=0.000  n_imp=36392  n_red=616
01:46:40 | INFO |     step 12200  loss=1.6323  grp_sp=0.000  n_imp=36392  n_red=616
01:54:41 | INFO |     step 12400  loss=1.6437  grp_sp=0.000  n_imp=36392  n_red=616
02:03:12 | INFO |     step 12600  loss=1.6532  grp_sp=0.000  n_imp=36392  n_red=616
02:12:06 | INFO |     step 12800  loss=1.6591  grp_sp=0.000  n_imp=36392  n_red=616
02:19:45 | INFO |     step 13000  loss=1.6660  grp_sp=0.000  n_imp=36392  n_red=616
02:27:22 | INFO |     step 13200  loss=1.6737  grp_sp=0.000  n_imp=36392  n_red=616
02:35:04 | INFO |     step 13400  loss=1.6795  grp_sp=0.000  n_imp=36392  n_red=616
02:41:58 | INFO |     step 13600  loss=1.6853  grp_sp=0.000  n_imp=36392  n_red=616
02:48:55 | INFO |     step 13800  loss=1.6906  grp_sp=0.000  n_imp=36392  n_red=616
02:56:15 | INFO |     step 14000  loss=1.6953  grp_sp=0.000  n_imp=36392  n_red=616
03:03:55 | INFO |     step 14200  loss=1.6991  grp_sp=0.000  n_imp=36392  n_red=616
03:11:40 | INFO |     step 14400  loss=1.7039  grp_sp=0.000  n_imp=36392  n_red=616
03:19:07 | INFO |     step 14600  loss=1.7072  grp_sp=0.000  n_imp=36392  n_red=616
03:26:33 | INFO |     step 14800  loss=1.7120  grp_sp=0.000  n_imp=36392  n_red=616
03:33:59 | INFO |     step 15000  loss=1.7151  grp_sp=0.000  n_imp=36392  n_red=616
03:41:22 | INFO |     step 15200  loss=1.7193  grp_sp=0.000  n_imp=36392  n_red=616
03:48:27 | INFO |     step 15400  loss=1.7238  grp_sp=0.000  n_imp=36392  n_red=616
03:55:46 | INFO |     step 15600  loss=1.7280  grp_sp=0.000  n_imp=36392  n_red=616
04:03:34 | INFO |     step 15800  loss=1.7321  grp_sp=0.000  n_imp=36392  n_red=616
04:11:31 | INFO |     step 16000  loss=1.7357  grp_sp=0.000  n_imp=36392  n_red=616
04:19:19 | INFO |     step 16200  loss=1.7391  grp_sp=0.000  n_imp=36392  n_red=616
04:26:28 | INFO |     step 16400  loss=1.7429  grp_sp=0.000  n_imp=36392  n_red=616
04:33:37 | INFO |     step 16600  loss=1.7457  grp_sp=0.000  n_imp=36392  n_red=616
04:41:02 | INFO |     step 16800  loss=1.7478  grp_sp=0.000  n_imp=36392  n_red=616
04:48:57 | INFO |     step 17000  loss=1.7505  grp_sp=0.000  n_imp=36392  n_red=616
04:56:40 | INFO |     step 17200  loss=1.7525  grp_sp=0.000  n_imp=36392  n_red=616
05:04:16 | INFO |     step 17400  loss=1.7553  grp_sp=0.000  n_imp=36392  n_red=616
05:12:09 | INFO |     step 17600  loss=1.7577  grp_sp=0.000  n_imp=36392  n_red=616
05:19:50 | INFO |     step 17800  loss=1.7593  grp_sp=0.000  n_imp=36392  n_red=616
05:27:30 | INFO |     step 18000  loss=1.7607  grp_sp=0.000  n_imp=36392  n_red=616
05:35:18 | INFO |     step 18200  loss=1.7618  grp_sp=0.000  n_imp=36392  n_red=616
05:43:10 | INFO |     step 18400  loss=1.7631  grp_sp=0.000  n_imp=36392  n_red=616
05:50:54 | INFO |     step 18600  loss=1.7636  grp_sp=0.000  n_imp=36392  n_red=616
05:58:58 | INFO |     step 18800  loss=1.7656  grp_sp=0.000  n_imp=36392  n_red=616
06:06:52 | INFO |     step 19000  loss=1.7674  grp_sp=0.000  n_imp=36392  n_red=616
06:14:35 | INFO |     step 19200  loss=1.7696  grp_sp=0.000  n_imp=36392  n_red=616
06:22:20 | INFO |     step 19400  loss=1.7717  grp_sp=0.000  n_imp=36392  n_red=616
06:30:00 | INFO |     step 19600  loss=1.7736  grp_sp=0.000  n_imp=36392  n_red=616
06:37:33 | INFO |     step 19800  loss=1.7752  grp_sp=0.000  n_imp=36392  n_red=616
06:45:23 | INFO |     step 20000  loss=1.7767  grp_sp=0.000  n_imp=36392  n_red=616
06:52:53 | INFO |     step 20200  loss=1.7778  grp_sp=0.000  n_imp=36392  n_red=616
07:01:13 | INFO |     step 20400  loss=1.7820  grp_sp=0.017  n_imp=35776  n_red=1232
07:09:19 | INFO |     step 20600  loss=1.7850  grp_sp=0.017  n_imp=35776  n_red=1232
07:16:56 | INFO |     step 20800  loss=1.7873  grp_sp=0.017  n_imp=35776  n_red=1232
07:24:53 | INFO |     step 21000  loss=1.7893  grp_sp=0.017  n_imp=35776  n_red=1232
07:33:06 | INFO |     step 21200  loss=1.7906  grp_sp=0.017  n_imp=35776  n_red=1232
07:40:43 | INFO |     step 21400  loss=1.7920  grp_sp=0.017  n_imp=35776  n_red=1232
07:49:20 | INFO |     step 21600  loss=1.7941  grp_sp=0.017  n_imp=35776  n_red=1232
07:58:10 | INFO |     step 21800  loss=1.7950  grp_sp=0.017  n_imp=35776  n_red=1232
08:05:56 | INFO |     step 22000  loss=1.7969  grp_sp=0.017  n_imp=35776  n_red=1232
08:18:08 | INFO | [EPOCH 1/3] loss=1.7978  grp_sp=0.017  EM=58.16  F1=69.18  elapsed=800.9min
08:20:48 | INFO |     step 22200  loss=1.6097  grp_sp=0.017  n_imp=35776  n_red=1232
08:28:40 | INFO |     step 22400  loss=1.6886  grp_sp=0.017  n_imp=35776  n_red=1232
08:36:10 | INFO |     step 22600  loss=1.6501  grp_sp=0.017  n_imp=35776  n_red=1232
08:43:05 | INFO |     step 22800  loss=1.6786  grp_sp=0.017  n_imp=35776  n_red=1232
08:50:05 | INFO |     step 23000  loss=1.6929  grp_sp=0.017  n_imp=35776  n_red=1232
08:56:59 | INFO |     step 23200  loss=1.7077  grp_sp=0.017  n_imp=35776  n_red=1232
09:03:47 | INFO |     step 23400  loss=1.7159  grp_sp=0.017  n_imp=35776  n_red=1232
09:10:46 | INFO |     step 23600  loss=1.7178  grp_sp=0.017  n_imp=35776  n_red=1232
09:17:38 | INFO |     step 23800  loss=1.7085  grp_sp=0.017  n_imp=35776  n_red=1232
09:24:30 | INFO |     step 24000  loss=1.7050  grp_sp=0.017  n_imp=35776  n_red=1232
09:31:29 | INFO |     step 24200  loss=1.7009  grp_sp=0.017  n_imp=35776  n_red=1232
09:38:19 | INFO |     step 24400  loss=1.6933  grp_sp=0.017  n_imp=35776  n_red=1232
09:45:10 | INFO |     step 24600  loss=1.6937  grp_sp=0.017  n_imp=35776  n_red=1232
09:52:01 | INFO |     step 24800  loss=1.6972  grp_sp=0.017  n_imp=35776  n_red=1232
09:58:49 | INFO |     step 25000  loss=1.6980  grp_sp=0.017  n_imp=35776  n_red=1232
10:05:38 | INFO |     step 25200  loss=1.6941  grp_sp=0.017  n_imp=35776  n_red=1232
10:12:37 | INFO |     step 25400  loss=1.6924  grp_sp=0.017  n_imp=35776  n_red=1232
10:19:35 | INFO |     step 25600  loss=1.6924  grp_sp=0.017  n_imp=35776  n_red=1232
10:26:32 | INFO |     step 25800  loss=1.6897  grp_sp=0.017  n_imp=35776  n_red=1232
10:33:28 | INFO |     step 26000  loss=1.6926  grp_sp=0.017  n_imp=35776  n_red=1232
10:40:24 | INFO |     step 26200  loss=1.6905  grp_sp=0.017  n_imp=35776  n_red=1232
10:47:22 | INFO |     step 26400  loss=1.6868  grp_sp=0.017  n_imp=35776  n_red=1232
10:54:21 | INFO |     step 26600  loss=1.6877  grp_sp=0.017  n_imp=35776  n_red=1232
11:01:19 | INFO |     step 26800  loss=1.6882  grp_sp=0.017  n_imp=35776  n_red=1232
11:08:12 | INFO |     step 27000  loss=1.6891  grp_sp=0.017  n_imp=35776  n_red=1232
11:15:14 | INFO |     step 27200  loss=1.6891  grp_sp=0.017  n_imp=35776  n_red=1232
11:22:18 | INFO |     step 27400  loss=1.6871  grp_sp=0.017  n_imp=35776  n_red=1232
11:29:17 | INFO |     step 27600  loss=1.6840  grp_sp=0.017  n_imp=35776  n_red=1232
11:36:09 | INFO |     step 27800  loss=1.6827  grp_sp=0.017  n_imp=35776  n_red=1232
11:43:06 | INFO |     step 28000  loss=1.6813  grp_sp=0.017  n_imp=35776  n_red=1232
11:49:58 | INFO |     step 28200  loss=1.6783  grp_sp=0.017  n_imp=35776  n_red=1232
11:56:49 | INFO |     step 28400  loss=1.6758  grp_sp=0.017  n_imp=35776  n_red=1232
12:03:38 | INFO |     step 28600  loss=1.6741  grp_sp=0.017  n_imp=35776  n_red=1232
12:10:26 | INFO |     step 28800  loss=1.6727  grp_sp=0.017  n_imp=35776  n_red=1232
12:17:17 | INFO |     step 29000  loss=1.6733  grp_sp=0.017  n_imp=35776  n_red=1232
12:24:03 | INFO |     step 29200  loss=1.6730  grp_sp=0.017  n_imp=35776  n_red=1232
12:30:55 | INFO |     step 29400  loss=1.6726  grp_sp=0.017  n_imp=35776  n_red=1232
12:37:53 | INFO |     step 29600  loss=1.6727  grp_sp=0.033  n_imp=35160  n_red=1848
12:44:56 | INFO |     step 29800  loss=1.6711  grp_sp=0.033  n_imp=35160  n_red=1848
12:51:58 | INFO |     step 30000  loss=1.6708  grp_sp=0.033  n_imp=35160  n_red=1848
12:58:58 | INFO |     step 30200  loss=1.6718  grp_sp=0.033  n_imp=35160  n_red=1848
13:05:56 | INFO |     step 30400  loss=1.6715  grp_sp=0.033  n_imp=35160  n_red=1848
13:12:48 | INFO |     step 30600  loss=1.6733  grp_sp=0.033  n_imp=35160  n_red=1848
13:19:44 | INFO |     step 30800  loss=1.6709  grp_sp=0.033  n_imp=35160  n_red=1848
13:26:45 | INFO |     step 31000  loss=1.6698  grp_sp=0.033  n_imp=35160  n_red=1848
13:33:45 | INFO |     step 31200  loss=1.6672  grp_sp=0.033  n_imp=35160  n_red=1848
13:40:51 | INFO |     step 31400  loss=1.6654  grp_sp=0.033  n_imp=35160  n_red=1848
13:47:56 | INFO |     step 31600  loss=1.6622  grp_sp=0.033  n_imp=35160  n_red=1848
13:54:57 | INFO |     step 31800  loss=1.6618  grp_sp=0.033  n_imp=35160  n_red=1848
14:01:59 | INFO |     step 32000  loss=1.6608  grp_sp=0.033  n_imp=35160  n_red=1848
14:08:59 | INFO |     step 32200  loss=1.6597  grp_sp=0.033  n_imp=35160  n_red=1848
14:16:07 | INFO |     step 32400  loss=1.6583  grp_sp=0.033  n_imp=35160  n_red=1848
14:23:08 | INFO |     step 32600  loss=1.6578  grp_sp=0.033  n_imp=35160  n_red=1848
14:30:08 | INFO |     step 32800  loss=1.6570  grp_sp=0.033  n_imp=35160  n_red=1848
14:37:07 | INFO |     step 33000  loss=1.6560  grp_sp=0.033  n_imp=35160  n_red=1848
14:44:08 | INFO |     step 33200  loss=1.6546  grp_sp=0.033  n_imp=35160  n_red=1848
14:51:14 | INFO |     step 33400  loss=1.6532  grp_sp=0.033  n_imp=35160  n_red=1848
14:58:12 | INFO |     step 33600  loss=1.6517  grp_sp=0.033  n_imp=35160  n_red=1848
15:05:12 | INFO |     step 33800  loss=1.6504  grp_sp=0.033  n_imp=35160  n_red=1848
15:12:15 | INFO |     step 34000  loss=1.6496  grp_sp=0.033  n_imp=35160  n_red=1848
15:19:13 | INFO |     step 34200  loss=1.6472  grp_sp=0.033  n_imp=35160  n_red=1848
15:26:13 | INFO |     step 34400  loss=1.6463  grp_sp=0.033  n_imp=35160  n_red=1848
15:33:13 | INFO |     step 34600  loss=1.6462  grp_sp=0.033  n_imp=35160  n_red=1848
15:40:17 | INFO |     step 34800  loss=1.6452  grp_sp=0.033  n_imp=35160  n_red=1848
15:47:21 | INFO |     step 35000  loss=1.6445  grp_sp=0.033  n_imp=35160  n_red=1848
15:54:13 | INFO |     step 35200  loss=1.6428  grp_sp=0.033  n_imp=35160  n_red=1848
16:01:05 | INFO |     step 35400  loss=1.6411  grp_sp=0.033  n_imp=35160  n_red=1848
16:07:59 | INFO |     step 35600  loss=1.6404  grp_sp=0.033  n_imp=35160  n_red=1848
16:14:47 | INFO |     step 35800  loss=1.6381  grp_sp=0.033  n_imp=35160  n_red=1848
16:21:37 | INFO |     step 36000  loss=1.6376  grp_sp=0.033  n_imp=35160  n_red=1848
16:28:31 | INFO |     step 36200  loss=1.6378  grp_sp=0.033  n_imp=35160  n_red=1848
16:35:24 | INFO |     step 36400  loss=1.6355  grp_sp=0.033  n_imp=35160  n_red=1848
16:42:20 | INFO |     step 36600  loss=1.6337  grp_sp=0.033  n_imp=35160  n_red=1848
16:49:14 | INFO |     step 36800  loss=1.6327  grp_sp=0.033  n_imp=35160  n_red=1848
16:56:02 | INFO |     step 37000  loss=1.6317  grp_sp=0.033  n_imp=35160  n_red=1848
17:02:50 | INFO |     step 37200  loss=1.6292  grp_sp=0.033  n_imp=35160  n_red=1848
