19:00:24 | INFO | [log] ./results/phase5_20260427_190024.log
19:00:24 | INFO | [env] torch=2.5.1+cu121  device=cpu
19:00:24 | INFO | [cfg] sparsity=[0.1]  epochs=3  bs=4  lr=3e-05  lr_quant=0.0001  br=2  P=6  Kp=6  seed=42
119:00:32 | INFO | [DATA] raw train=87599  raw val=10570
19:00:32 | INFO | [DATA] train subsetted to 8759 (10%)
19:00:32 | INFO | [DATA] val subsetted to 1000119:00:47 | INFO | [DATA] train features=8848  val features=1020
19:00:47 | INFO | 
============================================================
19:00:47 | INFO |   EXPERIMENT: sparsity=0.1  tag=A1_no_bitreduce_sp10
19:00:47 | INFO | ============================================================
19:00:47 | INFO | [M1] loading B19:00:419:00:49 | INFO | [M2] quantize wrap + S19:00:519:00:54 | INFO | [CALIB] running 8 batches o19:02:37 | INFO | [calib] 8 batches over 73 layers  (skipped=0)  num_bits=4  safety=1.05
19:02:37 | INFO | [calib] observed max|x|: min=2.830  median=14.866  max=140.579
19:02:37 | INFO | [M3] building OTO graph
19:04:29 | INFO | [SCHED] steps/epoch=2212  total=6636  start_prune=1106 (0.50 ep)  prune_steps=5530 (2.50 ep)  prune_periods=6  proj_periods=6  proj_steps=1106 (0.50 ep)
19:04:29 | INFO | [BIT]   min_bit_wt=4  max_bit_wt=16  bit_reduction=2  calib_num_bits=4
19:04:29 | INFO | [LR]    scheduler=none  warmup_ratio=0.1  lr=3e-05  lr_quant=0.0001
19:04:29 | INFO | [M4] building GETA optimizer
19:04:29 | INFO | [M4] GETA optimizer built, 26 param groups
19:04:29 | INFO | [TRAIN] starting
01:07:08 | INFO |     step 200  loss=5.9223  grp_sp=0.000  n_imp=37008  n_red=0
08:05:00 | INFO |     step 400  loss=5.9352  grp_sp=0.000  n_imp=37008  n_red=0
12:47:07 | INFO |     step 600  loss=5.9384  grp_sp=0.000  n_imp=37008  n_red=0
16:21:55 | INFO |     step 800  loss=5.9407  grp_sp=0.000  n_imp=37008  n_red=0
