18:48:37 | INFO | [log] ./results/phase5_20260427_184837.log
18:48:37 | INFO | [env] torch=2.5.1+cu121  device=cuda
18:48:37 | INFO | [cfg] sparsity=[0.1]  epochs=10  bs=4  lr=3e-05  lr_quant=0.0001  br=2  P=6  Kp=6  seed=42
18:48:45 | INFO | [DATA] raw train=87599  raw val=10570
18:48:45 | INFO | [DATA] train features=88524  val features=10784
18:48:45 | INFO | 
============================================================
18:48:45 | INFO |   EXPERIMENT: sparsity=0.1  tag=C1_winner_sp10
18:48:45 | INFO | ============================================================
18:48:45 | INFO | [M1] loading BERT QA
18:48:47 | INFO | [M2] quantize wrap + STE fix
18:48:50 | INFO | [CALIB] running 8 batches of bs=4
18:48:52 | INFO | [calib] 8 batches over 73 layers  (skipped=0)  num_bits=16  safety=1.05
18:48:52 | INFO | [calib] observed max|x|: min=2.665  median=14.866  max=137.556
18:48:52 | INFO | [M3] building OTO graph
18:52:01 | INFO | [SCHED] steps/epoch=22131  total=221310  start_prune=110655 (5.00 ep)  prune_steps=184425 (8.33 ep)  prune_periods=6  proj_periods=6  proj_steps=110655 (5.00 ep)
18:52:01 | INFO | [BIT]   min_bit_wt=4  max_bit_wt=16  bit_reduction=2  calib_num_bits=16
18:52:01 | INFO | [LR]    scheduler=linear  warmup_ratio=0.1  lr=3e-05  lr_quant=0.0001
18:52:01 | INFO | [M4] building GETA optimizer
18:52:01 | INFO | [M4] GETA optimizer built, 26 param groups
18:52:01 | INFO | [LR] linear schedule warmup=22131 decay over 199179
18:52:01 | INFO | [TRAIN] starting
18:58:57 | INFO |     step 200  loss=5.8952  grp_sp=0.000  n_imp=37008  n_red=0
19:05:51 | INFO |     step 400  loss=5.8748  grp_sp=0.000  n_imp=37008  n_red=0
19:12:55 | INFO |     step 600  loss=5.8065  grp_sp=0.000  n_imp=37008  n_red=0
19:19:55 | INFO |     step 800  loss=5.6481  grp_sp=0.000  n_imp=37008  n_red=0
19:26:52 | INFO |     step 1000  loss=5.4707  grp_sp=0.000  n_imp=37008  n_red=0
19:33:31 | INFO |     step 1200  loss=5.3177  grp_sp=0.000  n_imp=37008  n_red=0
19:40:29 | INFO |     step 1400  loss=5.1569  grp_sp=0.000  n_imp=37008  n_red=0
19:47:21 | INFO |     step 1600  loss=5.0029  grp_sp=0.000  n_imp=37008  n_red=0
19:53:52 | INFO |     step 1800  loss=4.8435  grp_sp=0.000  n_imp=37008  n_red=0
20:00:50 | INFO |     step 2000  loss=4.6595  grp_sp=0.000  n_imp=37008  n_red=0
20:07:39 | INFO |     step 2200  loss=4.4887  grp_sp=0.000  n_imp=37008  n_red=0
20:15:24 | INFO |     step 2400  loss=4.3335  grp_sp=0.000  n_imp=37008  n_red=0
20:22:24 | INFO |     step 2600  loss=4.1931  grp_sp=0.000  n_imp=37008  n_red=0
20:29:29 | INFO |     step 2800  loss=4.0614  grp_sp=0.000  n_imp=37008  n_red=0
20:36:21 | INFO |     step 3000  loss=3.9479  grp_sp=0.000  n_imp=37008  n_red=0
20:43:41 | INFO |     step 3200  loss=3.8427  grp_sp=0.000  n_imp=37008  n_red=0
20:51:39 | INFO |     step 3400  loss=3.7441  grp_sp=0.000  n_imp=37008  n_red=0
20:59:09 | INFO |     step 3600  loss=3.6520  grp_sp=0.000  n_imp=37008  n_red=0
21:05:53 | INFO |     step 3800  loss=3.5679  grp_sp=0.000  n_imp=37008  n_red=0
21:12:07 | INFO |     step 4000  loss=3.4845  grp_sp=0.000  n_imp=37008  n_red=0
21:18:38 | INFO |     step 4200  loss=3.4075  grp_sp=0.000  n_imp=37008  n_red=0
21:25:06 | INFO |     step 4400  loss=3.3303  grp_sp=0.000  n_imp=37008  n_red=0
21:31:28 | INFO |     step 4600  loss=3.2622  grp_sp=0.000  n_imp=37008  n_red=0
21:37:54 | INFO |     step 4800  loss=3.1997  grp_sp=0.000  n_imp=37008  n_red=0
21:44:20 | INFO |     step 5000  loss=3.1387  grp_sp=0.000  n_imp=37008  n_red=0
21:50:38 | INFO |     step 5200  loss=3.0793  grp_sp=0.000  n_imp=37008  n_red=0
21:57:13 | INFO |     step 5400  loss=3.0268  grp_sp=0.000  n_imp=37008  n_red=0
22:04:13 | INFO |     step 5600  loss=2.9772  grp_sp=0.000  n_imp=37008  n_red=0
22:11:26 | INFO |     step 5800  loss=2.9267  grp_sp=0.000  n_imp=37008  n_red=0
22:18:38 | INFO |     step 6000  loss=2.8837  grp_sp=0.000  n_imp=37008  n_red=0
22:25:38 | INFO |     step 6200  loss=2.8372  grp_sp=0.000  n_imp=37008  n_red=0
22:32:43 | INFO |     step 6400  loss=2.7978  grp_sp=0.000  n_imp=37008  n_red=0
22:39:53 | INFO |     step 6600  loss=2.7611  grp_sp=0.000  n_imp=37008  n_red=0
22:46:41 | INFO |     step 6800  loss=2.7232  grp_sp=0.000  n_imp=37008  n_red=0
22:53:33 | INFO |     step 7000  loss=2.6888  grp_sp=0.000  n_imp=37008  n_red=0
23:00:26 | INFO |     step 7200  loss=2.6530  grp_sp=0.000  n_imp=37008  n_red=0
23:07:25 | INFO |     step 7400  loss=2.6202  grp_sp=0.000  n_imp=37008  n_red=0
23:14:26 | INFO |     step 7600  loss=2.5870  grp_sp=0.000  n_imp=37008  n_red=0
23:21:19 | INFO |     step 7800  loss=2.5584  grp_sp=0.000  n_imp=37008  n_red=0
23:28:10 | INFO |     step 8000  loss=2.5300  grp_sp=0.000  n_imp=37008  n_red=0
23:34:55 | INFO |     step 8200  loss=2.5026  grp_sp=0.000  n_imp=37008  n_red=0
23:42:11 | INFO |     step 8400  loss=2.4758  grp_sp=0.000  n_imp=37008  n_red=0
23:49:11 | INFO |     step 8600  loss=2.4501  grp_sp=0.000  n_imp=37008  n_red=0
23:55:52 | INFO |     step 8800  loss=2.4240  grp_sp=0.000  n_imp=37008  n_red=0
00:03:03 | INFO |     step 9000  loss=2.3995  grp_sp=0.000  n_imp=37008  n_red=0
00:10:37 | INFO |     step 9200  loss=2.3774  grp_sp=0.000  n_imp=37008  n_red=0
00:17:52 | INFO |     step 9400  loss=2.3569  grp_sp=0.000  n_imp=37008  n_red=0
00:25:05 | INFO |     step 9600  loss=2.3361  grp_sp=0.000  n_imp=37008  n_red=0
00:32:17 | INFO |     step 9800  loss=2.3153  grp_sp=0.000  n_imp=37008  n_red=0
00:39:42 | INFO |     step 10000  loss=2.2945  grp_sp=0.000  n_imp=37008  n_red=0
00:46:35 | INFO |     step 10200  loss=2.2749  grp_sp=0.000  n_imp=37008  n_red=0
00:53:38 | INFO |     step 10400  loss=2.2555  grp_sp=0.000  n_imp=37008  n_red=0
01:00:34 | INFO |     step 10600  loss=2.2370  grp_sp=0.000  n_imp=37008  n_red=0
01:07:30 | INFO |     step 10800  loss=2.2180  grp_sp=0.000  n_imp=37008  n_red=0
01:14:12 | INFO |     step 11000  loss=2.2021  grp_sp=0.000  n_imp=37008  n_red=0
01:21:15 | INFO |     step 11200  loss=2.1857  grp_sp=0.000  n_imp=37008  n_red=0
01:28:16 | INFO |     step 11400  loss=2.1689  grp_sp=0.000  n_imp=37008  n_red=0
01:35:12 | INFO |     step 11600  loss=2.1532  grp_sp=0.000  n_imp=37008  n_red=0
01:42:07 | INFO |     step 11800  loss=2.1373  grp_sp=0.000  n_imp=37008  n_red=0
01:49:11 | INFO |     step 12000  loss=2.1228  grp_sp=0.000  n_imp=37008  n_red=0
01:56:03 | INFO |     step 12200  loss=2.1091  grp_sp=0.000  n_imp=37008  n_red=0
02:03:23 | INFO |     step 12400  loss=2.0950  grp_sp=0.000  n_imp=37008  n_red=0
02:10:56 | INFO |     step 12600  loss=2.0822  grp_sp=0.000  n_imp=37008  n_red=0
02:18:04 | INFO |     step 12800  loss=2.0669  grp_sp=0.000  n_imp=37008  n_red=0
02:24:59 | INFO |     step 13000  loss=2.0536  grp_sp=0.000  n_imp=37008  n_red=0
02:31:39 | INFO |     step 13200  loss=2.0416  grp_sp=0.000  n_imp=37008  n_red=0
02:38:19 | INFO |     step 13400  loss=2.0295  grp_sp=0.000  n_imp=37008  n_red=0
02:44:58 | INFO |     step 13600  loss=2.0167  grp_sp=0.000  n_imp=37008  n_red=0
02:51:39 | INFO |     step 13800  loss=2.0058  grp_sp=0.000  n_imp=37008  n_red=0
02:58:30 | INFO |     step 14000  loss=1.9945  grp_sp=0.000  n_imp=37008  n_red=0
03:05:32 | INFO |     step 14200  loss=1.9823  grp_sp=0.000  n_imp=37008  n_red=0
03:12:24 | INFO |     step 14400  loss=1.9716  grp_sp=0.000  n_imp=37008  n_red=0
03:19:11 | INFO |     step 14600  loss=1.9609  grp_sp=0.000  n_imp=37008  n_red=0
03:25:51 | INFO |     step 14800  loss=1.9512  grp_sp=0.000  n_imp=37008  n_red=0
03:32:30 | INFO |     step 15000  loss=1.9405  grp_sp=0.000  n_imp=37008  n_red=0
03:39:18 | INFO |     step 15200  loss=1.9304  grp_sp=0.000  n_imp=37008  n_red=0
03:46:13 | INFO |     step 15400  loss=1.9221  grp_sp=0.000  n_imp=37008  n_red=0
03:52:33 | INFO |     step 15600  loss=1.9133  grp_sp=0.000  n_imp=37008  n_red=0
03:59:30 | INFO |     step 15800  loss=1.9051  grp_sp=0.000  n_imp=37008  n_red=0
04:06:50 | INFO |     step 16000  loss=1.8967  grp_sp=0.000  n_imp=37008  n_red=0
04:14:07 | INFO |     step 16200  loss=1.8879  grp_sp=0.000  n_imp=37008  n_red=0
04:20:44 | INFO |     step 16400  loss=1.8798  grp_sp=0.000  n_imp=37008  n_red=0
04:27:20 | INFO |     step 16600  loss=1.8715  grp_sp=0.000  n_imp=37008  n_red=0
04:33:55 | INFO |     step 16800  loss=1.8634  grp_sp=0.000  n_imp=37008  n_red=0
04:40:50 | INFO |     step 17000  loss=1.8555  grp_sp=0.000  n_imp=37008  n_red=0
04:48:03 | INFO |     step 17200  loss=1.8475  grp_sp=0.000  n_imp=37008  n_red=0
04:54:55 | INFO |     step 17400  loss=1.8391  grp_sp=0.000  n_imp=37008  n_red=0
05:02:01 | INFO |     step 17600  loss=1.8322  grp_sp=0.000  n_imp=37008  n_red=0
05:09:13 | INFO |     step 17800  loss=1.8249  grp_sp=0.000  n_imp=37008  n_red=0
05:16:25 | INFO |     step 18000  loss=1.8175  grp_sp=0.000  n_imp=37008  n_red=0
05:23:18 | INFO |     step 18200  loss=1.8101  grp_sp=0.000  n_imp=37008  n_red=0
05:30:26 | INFO |     step 18400  loss=1.8025  grp_sp=0.000  n_imp=37008  n_red=0
05:37:32 | INFO |     step 18600  loss=1.7943  grp_sp=0.000  n_imp=37008  n_red=0
05:44:50 | INFO |     step 18800  loss=1.7873  grp_sp=0.000  n_imp=37008  n_red=0
05:51:57 | INFO |     step 19000  loss=1.7813  grp_sp=0.000  n_imp=37008  n_red=0
05:59:19 | INFO |     step 19200  loss=1.7758  grp_sp=0.000  n_imp=37008  n_red=0
06:06:49 | INFO |     step 19400  loss=1.7704  grp_sp=0.000  n_imp=37008  n_red=0
06:13:56 | INFO |     step 19600  loss=1.7647  grp_sp=0.000  n_imp=37008  n_red=0
06:21:04 | INFO |     step 19800  loss=1.7588  grp_sp=0.000  n_imp=37008  n_red=0
06:28:01 | INFO |     step 20000  loss=1.7534  grp_sp=0.000  n_imp=37008  n_red=0
06:35:04 | INFO |     step 20200  loss=1.7481  grp_sp=0.000  n_imp=37008  n_red=0
06:42:10 | INFO |     step 20400  loss=1.7424  grp_sp=0.000  n_imp=37008  n_red=0
06:49:16 | INFO |     step 20600  loss=1.7364  grp_sp=0.000  n_imp=37008  n_red=0
06:56:41 | INFO |     step 20800  loss=1.7307  grp_sp=0.000  n_imp=37008  n_red=0
07:03:41 | INFO |     step 21000  loss=1.7257  grp_sp=0.000  n_imp=37008  n_red=0
07:10:51 | INFO |     step 21200  loss=1.7206  grp_sp=0.000  n_imp=37008  n_red=0
07:17:59 | INFO |     step 21400  loss=1.7155  grp_sp=0.000  n_imp=37008  n_red=0
07:25:05 | INFO |     step 21600  loss=1.7113  grp_sp=0.000  n_imp=37008  n_red=0
07:32:17 | INFO |     step 21800  loss=1.7062  grp_sp=0.000  n_imp=37008  n_red=0
07:39:34 | INFO |     step 22000  loss=1.7019  grp_sp=0.000  n_imp=37008  n_red=0
07:50:21 | INFO | [EPOCH 1/10] loss=1.6993  grp_sp=0.000  EM=75.30  F1=83.79  elapsed=771.6min
07:52:31 | INFO |     step 22200  loss=0.8592  grp_sp=0.000  n_imp=37008  n_red=0
07:58:59 | INFO |     step 22400  loss=0.8931  grp_sp=0.000  n_imp=37008  n_red=0
08:05:55 | INFO |     step 22600  loss=0.9003  grp_sp=0.000  n_imp=37008  n_red=0
08:12:10 | INFO |     step 22800  loss=0.9165  grp_sp=0.000  n_imp=37008  n_red=0
08:18:25 | INFO |     step 23000  loss=0.9474  grp_sp=0.000  n_imp=37008  n_red=0
08:24:34 | INFO |     step 23200  loss=0.9574  grp_sp=0.000  n_imp=37008  n_red=0
08:30:46 | INFO |     step 23400  loss=0.9617  grp_sp=0.000  n_imp=37008  n_red=0
08:36:58 | INFO |     step 23600  loss=0.9666  grp_sp=0.000  n_imp=37008  n_red=0
08:43:11 | INFO |     step 23800  loss=0.9641  grp_sp=0.000  n_imp=37008  n_red=0
08:49:30 | INFO |     step 24000  loss=0.9591  grp_sp=0.000  n_imp=37008  n_red=0
08:55:53 | INFO |     step 24200  loss=0.9624  grp_sp=0.000  n_imp=37008  n_red=0
09:02:12 | INFO |     step 24400  loss=0.9615  grp_sp=0.000  n_imp=37008  n_red=0
09:08:20 | INFO |     step 24600  loss=0.9637  grp_sp=0.000  n_imp=37008  n_red=0
09:14:37 | INFO |     step 24800  loss=0.9661  grp_sp=0.000  n_imp=37008  n_red=0
09:20:53 | INFO |     step 25000  loss=0.9689  grp_sp=0.000  n_imp=37008  n_red=0
09:27:09 | INFO |     step 25200  loss=0.9691  grp_sp=0.000  n_imp=37008  n_red=0
09:33:24 | INFO |     step 25400  loss=0.9656  grp_sp=0.000  n_imp=37008  n_red=0
09:39:42 | INFO |     step 25600  loss=0.9654  grp_sp=0.000  n_imp=37008  n_red=0
09:45:54 | INFO |     step 25800  loss=0.9660  grp_sp=0.000  n_imp=37008  n_red=0
09:52:09 | INFO |     step 26000  loss=0.9694  grp_sp=0.000  n_imp=37008  n_red=0
09:58:19 | INFO |     step 26200  loss=0.9671  grp_sp=0.000  n_imp=37008  n_red=0
10:04:35 | INFO |     step 26400  loss=0.9658  grp_sp=0.000  n_imp=37008  n_red=0
10:10:46 | INFO |     step 26600  loss=0.9657  grp_sp=0.000  n_imp=37008  n_red=0
10:17:02 | INFO |     step 26800  loss=0.9654  grp_sp=0.000  n_imp=37008  n_red=0
10:23:14 | INFO |     step 27000  loss=0.9691  grp_sp=0.000  n_imp=37008  n_red=0
10:29:27 | INFO |     step 27200  loss=0.9665  grp_sp=0.000  n_imp=37008  n_red=0
10:35:44 | INFO |     step 27400  loss=0.9652  grp_sp=0.000  n_imp=37008  n_red=0
10:42:01 | INFO |     step 27600  loss=0.9626  grp_sp=0.000  n_imp=37008  n_red=0
10:48:11 | INFO |     step 27800  loss=0.9628  grp_sp=0.000  n_imp=37008  n_red=0
10:54:25 | INFO |     step 28000  loss=0.9648  grp_sp=0.000  n_imp=37008  n_red=0
11:00:38 | INFO |     step 28200  loss=0.9643  grp_sp=0.000  n_imp=37008  n_red=0
11:06:45 | INFO |     step 28400  loss=0.9615  grp_sp=0.000  n_imp=37008  n_red=0
11:13:05 | INFO |     step 28600  loss=0.9620  grp_sp=0.000  n_imp=37008  n_red=0
11:19:19 | INFO |     step 28800  loss=0.9616  grp_sp=0.000  n_imp=37008  n_red=0
11:25:38 | INFO |     step 29000  loss=0.9605  grp_sp=0.000  n_imp=37008  n_red=0
11:31:52 | INFO |     step 29200  loss=0.9610  grp_sp=0.000  n_imp=37008  n_red=0
11:38:04 | INFO |     step 29400  loss=0.9593  grp_sp=0.000  n_imp=37008  n_red=0
11:44:18 | INFO |     step 29600  loss=0.9597  grp_sp=0.000  n_imp=37008  n_red=0
11:50:37 | INFO |     step 29800  loss=0.9586  grp_sp=0.000  n_imp=37008  n_red=0
11:56:55 | INFO |     step 30000  loss=0.9581  grp_sp=0.000  n_imp=37008  n_red=0
12:03:11 | INFO |     step 30200  loss=0.9597  grp_sp=0.000  n_imp=37008  n_red=0
12:09:28 | INFO |     step 30400  loss=0.9603  grp_sp=0.000  n_imp=37008  n_red=0
12:15:44 | INFO |     step 30600  loss=0.9628  grp_sp=0.000  n_imp=37008  n_red=0
12:22:03 | INFO |     step 30800  loss=0.9628  grp_sp=0.000  n_imp=37008  n_red=0
12:28:16 | INFO |     step 31000  loss=0.9623  grp_sp=0.000  n_imp=37008  n_red=0
12:34:29 | INFO |     step 31200  loss=0.9620  grp_sp=0.000  n_imp=37008  n_red=0
12:40:42 | INFO |     step 31400  loss=0.9614  grp_sp=0.000  n_imp=37008  n_red=0
12:47:01 | INFO |     step 31600  loss=0.9610  grp_sp=0.000  n_imp=37008  n_red=0
12:53:19 | INFO |     step 31800  loss=0.9628  grp_sp=0.000  n_imp=37008  n_red=0
12:59:33 | INFO |     step 32000  loss=0.9623  grp_sp=0.000  n_imp=37008  n_red=0
13:05:46 | INFO |     step 32200  loss=0.9625  grp_sp=0.000  n_imp=37008  n_red=0
13:12:01 | INFO |     step 32400  loss=0.9629  grp_sp=0.000  n_imp=37008  n_red=0
13:18:14 | INFO |     step 32600  loss=0.9640  grp_sp=0.000  n_imp=37008  n_red=0
13:24:27 | INFO |     step 32800  loss=0.9652  grp_sp=0.000  n_imp=37008  n_red=0
13:30:42 | INFO |     step 33000  loss=0.9669  grp_sp=0.000  n_imp=37008  n_red=0
13:36:56 | INFO |     step 33200  loss=0.9669  grp_sp=0.000  n_imp=37008  n_red=0
13:43:12 | INFO |     step 33400  loss=0.9663  grp_sp=0.000  n_imp=37008  n_red=0
13:49:26 | INFO |     step 33600  loss=0.9665  grp_sp=0.000  n_imp=37008  n_red=0
13:55:41 | INFO |     step 33800  loss=0.9664  grp_sp=0.000  n_imp=37008  n_red=0
14:01:58 | INFO |     step 34000  loss=0.9668  grp_sp=0.000  n_imp=37008  n_red=0
14:08:14 | INFO |     step 34200  loss=0.9672  grp_sp=0.000  n_imp=37008  n_red=0
14:14:29 | INFO |     step 34400  loss=0.9688  grp_sp=0.000  n_imp=37008  n_red=0
14:20:51 | INFO |     step 34600  loss=0.9703  grp_sp=0.000  n_imp=37008  n_red=0
14:27:05 | INFO |     step 34800  loss=0.9714  grp_sp=0.000  n_imp=37008  n_red=0
14:33:17 | INFO |     step 35000  loss=0.9715  grp_sp=0.000  n_imp=37008  n_red=0
14:39:28 | INFO |     step 35200  loss=0.9715  grp_sp=0.000  n_imp=37008  n_red=0
14:45:49 | INFO |     step 35400  loss=0.9718  grp_sp=0.000  n_imp=37008  n_red=0
14:52:09 | INFO |     step 35600  loss=0.9717  grp_sp=0.000  n_imp=37008  n_red=0
14:58:24 | INFO |     step 35800  loss=0.9715  grp_sp=0.000  n_imp=37008  n_red=0
15:04:36 | INFO |     step 36000  loss=0.9718  grp_sp=0.000  n_imp=37008  n_red=0
15:10:51 | INFO |     step 36200  loss=0.9720  grp_sp=0.000  n_imp=37008  n_red=0
15:17:03 | INFO |     step 36400  loss=0.9712  grp_sp=0.000  n_imp=37008  n_red=0
15:23:16 | INFO |     step 36600  loss=0.9707  grp_sp=0.000  n_imp=37008  n_red=0
15:29:30 | INFO |     step 36800  loss=0.9709  grp_sp=0.000  n_imp=37008  n_red=0
15:35:44 | INFO |     step 37000  loss=0.9708  grp_sp=0.000  n_imp=37008  n_red=0
15:42:03 | INFO |     step 37200  loss=0.9692  grp_sp=0.000  n_imp=37008  n_red=0
15:48:17 | INFO |     step 37400  loss=0.9686  grp_sp=0.000  n_imp=37008  n_red=0
15:54:28 | INFO |     step 37600  loss=0.9683  grp_sp=0.000  n_imp=37008  n_red=0
16:00:35 | INFO |     step 37800  loss=0.9686  grp_sp=0.000  n_imp=37008  n_red=0
16:06:48 | INFO |     step 38000  loss=0.9684  grp_sp=0.000  n_imp=37008  n_red=0
16:13:00 | INFO |     step 38200  loss=0.9675  grp_sp=0.000  n_imp=37008  n_red=0
16:19:15 | INFO |     step 38400  loss=0.9682  grp_sp=0.000  n_imp=37008  n_red=0
16:25:27 | INFO |     step 38600  loss=0.9670  grp_sp=0.000  n_imp=37008  n_red=0
16:31:40 | INFO |     step 38800  loss=0.9673  grp_sp=0.000  n_imp=37008  n_red=0
16:37:51 | INFO |     step 39000  loss=0.9674  grp_sp=0.000  n_imp=37008  n_red=0
16:44:02 | INFO |     step 39200  loss=0.9677  grp_sp=0.000  n_imp=37008  n_red=0
16:50:12 | INFO |     step 39400  loss=0.9676  grp_sp=0.000  n_imp=37008  n_red=0
16:56:18 | INFO |     step 39600  loss=0.9673  grp_sp=0.000  n_imp=37008  n_red=0
17:02:25 | INFO |     step 39800  loss=0.9672  grp_sp=0.000  n_imp=37008  n_red=0
