19:17:51 | INFO | [log] ./results/phase5_20260505_191751.log
19:17:51 | INFO | [env] torch=2.5.1+cu121  device=cuda
19:17:51 | INFO | [cfg] sparsity=[0.5, 0.7]  epochs=16  bs=16  lr=6e-05  lr_quant=0.0001  br=1  P=6  Kp=6  seed=42
19:17:59 | INFO | [DATA] raw train=87599  raw val=10570
19:17:59 | INFO | [DATA] train features=88524  val features=10784
19:17:59 | INFO | 
============================================================
19:17:59 | INFO |   EXPERIMENT: sparsity=0.5  tag=combined16_sp50
19:17:59 | INFO | ============================================================
19:17:59 | INFO | [M1] loading BERT QA
19:18:01 | INFO | [M2] quantize wrap + STE fix
19:18:02 | INFO | [CALIB] running 8 batches of bs=4
19:18:03 | INFO | [calib] 8 batches over 73 layers  (skipped=0)  num_bits=16  safety=1.05
19:18:03 | INFO | [calib] observed max|x|: min=2.665  median=14.866  max=137.556
19:18:03 | INFO | [M3] building OTO graph
19:18:56 | INFO | [SCHED] steps/epoch=5533  total=88528  start_prune=27665 (5.00 ep)  prune_steps=27665 (5.00 ep)  prune_periods=6  proj_periods=6  proj_steps=27665 (5.00 ep)
19:18:56 | INFO | [BIT]   min_bit_wt=4  max_bit_wt=16  bit_reduction=1  calib_num_bits=16
19:18:56 | INFO | [LR]    scheduler=linear  warmup_ratio=0.1  lr=6e-05  lr_quant=0.0001
19:18:56 | INFO | [M4] building GETA optimizer
19:18:56 | INFO | [M4] GETA optimizer built, 26 param groups
19:18:56 | INFO | [LR] linear schedule warmup=8852 decay over 79676
19:18:56 | INFO | [TRAIN] starting
19:21:16 | INFO |     step 200  loss=5.8111  grp_sp=0.000  n_imp=37008  n_red=0
19:23:35 | INFO |     step 400  loss=5.4467  grp_sp=0.000  n_imp=37008  n_red=0
19:25:53 | INFO |     step 600  loss=5.0233  grp_sp=0.000  n_imp=37008  n_red=0
19:28:11 | INFO |     step 800  loss=4.4984  grp_sp=0.000  n_imp=37008  n_red=0
19:30:28 | INFO |     step 1000  loss=4.0739  grp_sp=0.000  n_imp=37008  n_red=0
19:32:46 | INFO |     step 1200  loss=3.7462  grp_sp=0.000  n_imp=37008  n_red=0
19:35:04 | INFO |     step 1400  loss=3.4828  grp_sp=0.000  n_imp=37008  n_red=0
19:37:21 | INFO |     step 1600  loss=3.2589  grp_sp=0.000  n_imp=37008  n_red=0
19:39:39 | INFO |     step 1800  loss=3.0788  grp_sp=0.000  n_imp=37008  n_red=0
19:41:56 | INFO |     step 2000  loss=2.9233  grp_sp=0.000  n_imp=37008  n_red=0
19:44:13 | INFO |     step 2200  loss=2.7868  grp_sp=0.000  n_imp=37008  n_red=0
19:46:30 | INFO |     step 2400  loss=2.6718  grp_sp=0.000  n_imp=37008  n_red=0
19:48:47 | INFO |     step 2600  loss=2.5709  grp_sp=0.000  n_imp=37008  n_red=0
19:51:03 | INFO |     step 2800  loss=2.4810  grp_sp=0.000  n_imp=37008  n_red=0
19:53:21 | INFO |     step 3000  loss=2.4014  grp_sp=0.000  n_imp=37008  n_red=0
19:55:38 | INFO |     step 3200  loss=2.3296  grp_sp=0.000  n_imp=37008  n_red=0
19:57:55 | INFO |     step 3400  loss=2.2659  grp_sp=0.000  n_imp=37008  n_red=0
20:00:13 | INFO |     step 3600  loss=2.2077  grp_sp=0.000  n_imp=37008  n_red=0
20:02:31 | INFO |     step 3800  loss=2.1548  grp_sp=0.000  n_imp=37008  n_red=0
20:04:48 | INFO |     step 4000  loss=2.1099  grp_sp=0.000  n_imp=37008  n_red=0
20:07:06 | INFO |     step 4200  loss=2.0664  grp_sp=0.000  n_imp=37008  n_red=0
20:09:22 | INFO |     step 4400  loss=2.0258  grp_sp=0.000  n_imp=37008  n_red=0
20:11:40 | INFO |     step 4600  loss=1.9873  grp_sp=0.000  n_imp=37008  n_red=0
20:13:57 | INFO |     step 4800  loss=1.9538  grp_sp=0.000  n_imp=37008  n_red=0
20:16:14 | INFO |     step 5000  loss=1.9239  grp_sp=0.000  n_imp=37008  n_red=0
20:18:30 | INFO |     step 5200  loss=1.8935  grp_sp=0.000  n_imp=37008  n_red=0
20:20:48 | INFO |     step 5400  loss=1.8670  grp_sp=0.000  n_imp=37008  n_red=0
20:24:12 | INFO | [EPOCH 1/16] loss=1.8506  grp_sp=0.000  EM=76.16  F1=84.70  elapsed=63.4min
20:24:58 | INFO |     step 5600  loss=0.8931  grp_sp=0.000  n_imp=37008  n_red=0
20:27:16 | INFO |     step 5800  loss=0.9501  grp_sp=0.000  n_imp=37008  n_red=0
20:29:34 | INFO |     step 6000  loss=0.9502  grp_sp=0.000  n_imp=37008  n_red=0
20:31:52 | INFO |     step 6200  loss=0.9555  grp_sp=0.000  n_imp=37008  n_red=0
20:34:10 | INFO |     step 6400  loss=0.9645  grp_sp=0.000  n_imp=37008  n_red=0
20:36:27 | INFO |     step 6600  loss=0.9658  grp_sp=0.000  n_imp=37008  n_red=0
20:38:44 | INFO |     step 6800  loss=0.9688  grp_sp=0.000  n_imp=37008  n_red=0
20:41:01 | INFO |     step 7000  loss=0.9708  grp_sp=0.000  n_imp=37008  n_red=0
20:43:19 | INFO |     step 7200  loss=0.9707  grp_sp=0.000  n_imp=37008  n_red=0
20:45:37 | INFO |     step 7400  loss=0.9720  grp_sp=0.000  n_imp=37008  n_red=0
20:47:55 | INFO |     step 7600  loss=0.9762  grp_sp=0.000  n_imp=37008  n_red=0
20:50:14 | INFO |     step 7800  loss=0.9798  grp_sp=0.000  n_imp=37008  n_red=0
20:52:32 | INFO |     step 8000  loss=0.9816  grp_sp=0.000  n_imp=37008  n_red=0
20:54:50 | INFO |     step 8200  loss=0.9847  grp_sp=0.000  n_imp=37008  n_red=0
20:57:08 | INFO |     step 8400  loss=0.9878  grp_sp=0.000  n_imp=37008  n_red=0
20:59:27 | INFO |     step 8600  loss=0.9912  grp_sp=0.000  n_imp=37008  n_red=0
21:01:45 | INFO |     step 8800  loss=0.9941  grp_sp=0.000  n_imp=37008  n_red=0
21:04:04 | INFO |     step 9000  loss=0.9966  grp_sp=0.000  n_imp=37008  n_red=0
21:06:22 | INFO |     step 9200  loss=0.9978  grp_sp=0.000  n_imp=37008  n_red=0
21:08:40 | INFO |     step 9400  loss=0.9983  grp_sp=0.000  n_imp=37008  n_red=0
21:10:57 | INFO |     step 9600  loss=1.0001  grp_sp=0.000  n_imp=37008  n_red=0
21:13:15 | INFO |     step 9800  loss=1.0013  grp_sp=0.000  n_imp=37008  n_red=0
21:15:33 | INFO |     step 10000  loss=1.0027  grp_sp=0.000  n_imp=37008  n_red=0
21:17:50 | INFO |     step 10200  loss=1.0037  grp_sp=0.000  n_imp=37008  n_red=0
21:20:08 | INFO |     step 10400  loss=1.0035  grp_sp=0.000  n_imp=37008  n_red=0
21:22:25 | INFO |     step 10600  loss=1.0046  grp_sp=0.000  n_imp=37008  n_red=0
21:24:43 | INFO |     step 10800  loss=1.0038  grp_sp=0.000  n_imp=37008  n_red=0
21:27:00 | INFO |     step 11000  loss=1.0046  grp_sp=0.000  n_imp=37008  n_red=0
21:29:38 | INFO | [EPOCH 2/16] loss=1.0045  grp_sp=0.000  EM=78.74  F1=86.60  elapsed=128.8min
21:31:10 | INFO |     step 11200  loss=0.6594  grp_sp=0.000  n_imp=37008  n_red=0
21:33:27 | INFO |     step 11400  loss=0.6747  grp_sp=0.000  n_imp=37008  n_red=0
21:35:44 | INFO |     step 11600  loss=0.6906  grp_sp=0.000  n_imp=37008  n_red=0
21:38:02 | INFO |     step 11800  loss=0.6911  grp_sp=0.000  n_imp=37008  n_red=0
21:40:19 | INFO |     step 12000  loss=0.6875  grp_sp=0.000  n_imp=37008  n_red=0
21:42:36 | INFO |     step 12200  loss=0.6886  grp_sp=0.000  n_imp=37008  n_red=0
21:44:55 | INFO |     step 12400  loss=0.6877  grp_sp=0.000  n_imp=37008  n_red=0
21:47:14 | INFO |     step 12600  loss=0.6892  grp_sp=0.000  n_imp=37008  n_red=0
21:49:33 | INFO |     step 12800  loss=0.6933  grp_sp=0.000  n_imp=37008  n_red=0
21:51:52 | INFO |     step 13000  loss=0.6977  grp_sp=0.000  n_imp=37008  n_red=0
21:54:11 | INFO |     step 13200  loss=0.6994  grp_sp=0.000  n_imp=37008  n_red=0
21:56:30 | INFO |     step 13400  loss=0.7037  grp_sp=0.000  n_imp=37008  n_red=0
21:58:49 | INFO |     step 13600  loss=0.7031  grp_sp=0.000  n_imp=37008  n_red=0
22:01:08 | INFO |     step 13800  loss=0.7057  grp_sp=0.000  n_imp=37008  n_red=0
22:03:27 | INFO |     step 14000  loss=0.7058  grp_sp=0.000  n_imp=37008  n_red=0
22:05:47 | INFO |     step 14200  loss=0.7081  grp_sp=0.000  n_imp=37008  n_red=0
22:08:05 | INFO |     step 14400  loss=0.7097  grp_sp=0.000  n_imp=37008  n_red=0
22:10:24 | INFO |     step 14600  loss=0.7102  grp_sp=0.000  n_imp=37008  n_red=0
22:12:43 | INFO |     step 14800  loss=0.7129  grp_sp=0.000  n_imp=37008  n_red=0
22:15:01 | INFO |     step 15000  loss=0.7142  grp_sp=0.000  n_imp=37008  n_red=0
22:17:20 | INFO |     step 15200  loss=0.7169  grp_sp=0.000  n_imp=37008  n_red=0
22:19:38 | INFO |     step 15400  loss=0.7188  grp_sp=0.000  n_imp=37008  n_red=0
22:21:56 | INFO |     step 15600  loss=0.7199  grp_sp=0.000  n_imp=37008  n_red=0
22:24:15 | INFO |     step 15800  loss=0.7205  grp_sp=0.000  n_imp=37008  n_red=0
22:26:33 | INFO |     step 16000  loss=0.7218  grp_sp=0.000  n_imp=37008  n_red=0
22:28:51 | INFO |     step 16200  loss=0.7226  grp_sp=0.000  n_imp=37008  n_red=0
22:31:09 | INFO |     step 16400  loss=0.7236  grp_sp=0.000  n_imp=37008  n_red=0
22:35:18 | INFO | [EPOCH 3/16] loss=0.7250  grp_sp=0.000  EM=78.99  F1=86.40  elapsed=194.5min
22:35:19 | INFO |     step 16600  loss=0.7481  grp_sp=0.000  n_imp=37008  n_red=0
22:37:36 | INFO |     step 16800  loss=0.4350  grp_sp=0.000  n_imp=37008  n_red=0
22:39:54 | INFO |     step 17000  loss=0.4510  grp_sp=0.000  n_imp=37008  n_red=0
22:42:12 | INFO |     step 17200  loss=0.4474  grp_sp=0.000  n_imp=37008  n_red=0
22:44:30 | INFO |     step 17400  loss=0.4516  grp_sp=0.000  n_imp=37008  n_red=0
22:46:47 | INFO |     step 17600  loss=0.4580  grp_sp=0.000  n_imp=37008  n_red=0
22:49:04 | INFO |     step 17800  loss=0.4588  grp_sp=0.000  n_imp=37008  n_red=0
22:51:22 | INFO |     step 18000  loss=0.4622  grp_sp=0.000  n_imp=37008  n_red=0
22:53:40 | INFO |     step 18200  loss=0.4651  grp_sp=0.000  n_imp=37008  n_red=0
22:55:57 | INFO |     step 18400  loss=0.4676  grp_sp=0.000  n_imp=37008  n_red=0
22:58:15 | INFO |     step 18600  loss=0.4702  grp_sp=0.000  n_imp=37008  n_red=0
23:00:33 | INFO |     step 18800  loss=0.4746  grp_sp=0.000  n_imp=37008  n_red=0
23:02:52 | INFO |     step 19000  loss=0.4757  grp_sp=0.000  n_imp=37008  n_red=0
23:05:12 | INFO |     step 19200  loss=0.4793  grp_sp=0.000  n_imp=37008  n_red=0
23:07:31 | INFO |     step 19400  loss=0.4815  grp_sp=0.000  n_imp=37008  n_red=0
23:09:51 | INFO |     step 19600  loss=0.4828  grp_sp=0.000  n_imp=37008  n_red=0
23:12:10 | INFO |     step 19800  loss=0.4850  grp_sp=0.000  n_imp=37008  n_red=0
23:14:29 | INFO |     step 20000  loss=0.4871  grp_sp=0.000  n_imp=37008  n_red=0
23:16:47 | INFO |     step 20200  loss=0.4882  grp_sp=0.000  n_imp=37008  n_red=0
23:19:05 | INFO |     step 20400  loss=0.4908  grp_sp=0.000  n_imp=37008  n_red=0
23:21:23 | INFO |     step 20600  loss=0.4927  grp_sp=0.000  n_imp=37008  n_red=0
23:23:41 | INFO |     step 20800  loss=0.4927  grp_sp=0.000  n_imp=37008  n_red=0
23:26:01 | INFO |     step 21000  loss=0.4943  grp_sp=0.000  n_imp=37008  n_red=0
23:28:19 | INFO |     step 21200  loss=0.4952  grp_sp=0.000  n_imp=37008  n_red=0
23:30:36 | INFO |     step 21400  loss=0.4965  grp_sp=0.000  n_imp=37008  n_red=0
23:32:54 | INFO |     step 21600  loss=0.4974  grp_sp=0.000  n_imp=37008  n_red=0
23:35:12 | INFO |     step 21800  loss=0.4987  grp_sp=0.000  n_imp=37008  n_red=0
23:37:30 | INFO |     step 22000  loss=0.4995  grp_sp=0.000  n_imp=37008  n_red=0
23:40:53 | INFO | [EPOCH 4/16] loss=0.5001  grp_sp=0.000  EM=77.53  F1=85.69  elapsed=260.1min
23:41:40 | INFO |     step 22200  loss=0.3020  grp_sp=0.000  n_imp=37008  n_red=0
23:43:59 | INFO |     step 22400  loss=0.2992  grp_sp=0.000  n_imp=37008  n_red=0
23:46:16 | INFO |     step 22600  loss=0.3073  grp_sp=0.000  n_imp=37008  n_red=0
23:48:34 | INFO |     step 22800  loss=0.3087  grp_sp=0.000  n_imp=37008  n_red=0
23:50:52 | INFO |     step 23000  loss=0.3144  grp_sp=0.000  n_imp=37008  n_red=0
23:53:09 | INFO |     step 23200  loss=0.3146  grp_sp=0.000  n_imp=37008  n_red=0
23:55:28 | INFO |     step 23400  loss=0.3139  grp_sp=0.000  n_imp=37008  n_red=0
23:57:47 | INFO |     step 23600  loss=0.3151  grp_sp=0.000  n_imp=37008  n_red=0
00:00:06 | INFO |     step 23800  loss=0.3149  grp_sp=0.000  n_imp=37008  n_red=0
00:02:24 | INFO |     step 24000  loss=0.3173  grp_sp=0.000  n_imp=37008  n_red=0
00:04:42 | INFO |     step 24200  loss=0.3194  grp_sp=0.000  n_imp=37008  n_red=0
00:06:59 | INFO |     step 24400  loss=0.3208  grp_sp=0.000  n_imp=37008  n_red=0
00:09:17 | INFO |     step 24600  loss=0.3225  grp_sp=0.000  n_imp=37008  n_red=0
00:11:35 | INFO |     step 24800  loss=0.3232  grp_sp=0.000  n_imp=37008  n_red=0
00:13:52 | INFO |     step 25000  loss=0.3236  grp_sp=0.000  n_imp=37008  n_red=0
00:16:08 | INFO |     step 25200  loss=0.3244  grp_sp=0.000  n_imp=37008  n_red=0
00:18:25 | INFO |     step 25400  loss=0.3256  grp_sp=0.000  n_imp=37008  n_red=0
00:20:42 | INFO |     step 25600  loss=0.3281  grp_sp=0.000  n_imp=37008  n_red=0
00:23:01 | INFO |     step 25800  loss=0.3294  grp_sp=0.000  n_imp=37008  n_red=0
00:25:19 | INFO |     step 26000  loss=0.3303  grp_sp=0.000  n_imp=37008  n_red=0
00:27:37 | INFO |     step 26200  loss=0.3311  grp_sp=0.000  n_imp=37008  n_red=0
00:29:55 | INFO |     step 26400  loss=0.3325  grp_sp=0.000  n_imp=37008  n_red=0
00:32:14 | INFO |     step 26600  loss=0.3348  grp_sp=0.000  n_imp=37008  n_red=0
00:34:33 | INFO |     step 26800  loss=0.3357  grp_sp=0.000  n_imp=37008  n_red=0
00:36:52 | INFO |     step 27000  loss=0.3367  grp_sp=0.000  n_imp=37008  n_red=0
00:39:11 | INFO |     step 27200  loss=0.3385  grp_sp=0.000  n_imp=37008  n_red=0
00:41:31 | INFO |     step 27400  loss=0.3401  grp_sp=0.000  n_imp=37008  n_red=0
00:43:49 | INFO |     step 27600  loss=0.3410  grp_sp=0.000  n_imp=37008  n_red=0
00:46:27 | INFO | [EPOCH 5/16] loss=0.3414  grp_sp=0.000  EM=76.01  F1=85.44  elapsed=325.6min
00:48:04 | INFO |     step 27800  loss=0.6619  grp_sp=0.000  n_imp=33924  n_red=3084
00:50:28 | INFO |     step 28000  loss=0.5585  grp_sp=0.000  n_imp=33924  n_red=3084
00:52:52 | INFO |     step 28200  loss=0.5139  grp_sp=0.000  n_imp=33924  n_red=3084
00:55:16 | INFO |     step 28400  loss=0.4926  grp_sp=0.000  n_imp=33924  n_red=3084
00:57:40 | INFO |     step 28600  loss=0.4773  grp_sp=0.000  n_imp=33924  n_red=3084
01:00:05 | INFO |     step 28800  loss=0.4613  grp_sp=0.000  n_imp=33924  n_red=3084
01:02:30 | INFO |     step 29000  loss=0.4527  grp_sp=0.000  n_imp=33924  n_red=3084
01:04:55 | INFO |     step 29200  loss=0.4421  grp_sp=0.000  n_imp=33924  n_red=3084
01:07:20 | INFO |     step 29400  loss=0.4358  grp_sp=0.000  n_imp=33924  n_red=3084
01:09:45 | INFO |     step 29600  loss=0.4311  grp_sp=0.000  n_imp=33924  n_red=3084
01:12:10 | INFO |     step 29800  loss=0.4270  grp_sp=0.000  n_imp=33924  n_red=3084
01:14:35 | INFO |     step 30000  loss=0.4227  grp_sp=0.000  n_imp=33924  n_red=3084
01:17:03 | INFO |     step 30200  loss=0.4210  grp_sp=0.000  n_imp=33924  n_red=3084
01:19:28 | INFO |     step 30400  loss=0.4161  grp_sp=0.000  n_imp=33924  n_red=3084
01:21:52 | INFO |     step 30600  loss=0.4142  grp_sp=0.000  n_imp=33924  n_red=3084
01:24:15 | INFO |     step 30800  loss=0.4124  grp_sp=0.000  n_imp=33924  n_red=3084
01:26:39 | INFO |     step 31000  loss=0.4104  grp_sp=0.000  n_imp=33924  n_red=3084
01:29:02 | INFO |     step 31200  loss=0.4082  grp_sp=0.000  n_imp=33924  n_red=3084
01:31:26 | INFO |     step 31400  loss=0.4085  grp_sp=0.000  n_imp=33924  n_red=3084
01:33:50 | INFO |     step 31600  loss=0.4067  grp_sp=0.000  n_imp=33924  n_red=3084
01:36:14 | INFO |     step 31800  loss=0.4057  grp_sp=0.000  n_imp=33924  n_red=3084
01:38:38 | INFO |     step 32000  loss=0.4053  grp_sp=0.000  n_imp=33924  n_red=3084
01:41:02 | INFO |     step 32200  loss=0.4046  grp_sp=0.000  n_imp=33924  n_red=3084
01:43:26 | INFO |     step 32400  loss=0.4151  grp_sp=0.083  n_imp=30840  n_red=6168
01:45:51 | INFO |     step 32600  loss=0.4223  grp_sp=0.083  n_imp=30840  n_red=6168
01:48:16 | INFO |     step 32800  loss=0.4264  grp_sp=0.083  n_imp=30840  n_red=6168
01:50:41 | INFO |     step 33000  loss=0.4294  grp_sp=0.083  n_imp=30840  n_red=6168
01:54:58 | INFO | [EPOCH 6/16] loss=0.4316  grp_sp=0.083  EM=74.82  F1=83.78  elapsed=394.1min
01:54:59 | INFO |     step 33200  loss=0.1620  grp_sp=0.083  n_imp=30840  n_red=6168
01:57:25 | INFO |     step 33400  loss=0.2943  grp_sp=0.083  n_imp=30840  n_red=6168
01:59:51 | INFO |     step 33600  loss=0.3076  grp_sp=0.083  n_imp=30840  n_red=6168
02:02:17 | INFO |     step 33800  loss=0.3076  grp_sp=0.083  n_imp=30840  n_red=6168
02:04:43 | INFO |     step 34000  loss=0.3114  grp_sp=0.083  n_imp=30840  n_red=6168
02:07:07 | INFO |     step 34200  loss=0.3119  grp_sp=0.083  n_imp=30840  n_red=6168
02:09:33 | INFO |     step 34400  loss=0.3145  grp_sp=0.083  n_imp=30840  n_red=6168
02:11:59 | INFO |     step 34600  loss=0.3162  grp_sp=0.083  n_imp=30840  n_red=6168
02:14:24 | INFO |     step 34800  loss=0.3192  grp_sp=0.083  n_imp=30840  n_red=6168
02:16:49 | INFO |     step 35000  loss=0.3198  grp_sp=0.083  n_imp=30840  n_red=6168
02:19:14 | INFO |     step 35200  loss=0.3211  grp_sp=0.083  n_imp=30840  n_red=6168
02:21:39 | INFO |     step 35400  loss=0.3216  grp_sp=0.083  n_imp=30840  n_red=6168
02:24:05 | INFO |     step 35600  loss=0.3198  grp_sp=0.083  n_imp=30840  n_red=6168
02:26:31 | INFO |     step 35800  loss=0.3208  grp_sp=0.083  n_imp=30840  n_red=6168
02:28:56 | INFO |     step 36000  loss=0.3197  grp_sp=0.083  n_imp=30840  n_red=6168
02:31:22 | INFO |     step 36200  loss=0.3192  grp_sp=0.083  n_imp=30840  n_red=6168
02:33:48 | INFO |     step 36400  loss=0.3188  grp_sp=0.083  n_imp=30840  n_red=6168
02:36:13 | INFO |     step 36600  loss=0.3188  grp_sp=0.083  n_imp=30840  n_red=6168
02:38:38 | INFO |     step 36800  loss=0.3192  grp_sp=0.083  n_imp=30840  n_red=6168
02:41:04 | INFO |     step 37000  loss=0.3267  grp_sp=0.167  n_imp=27756  n_red=9252
02:43:29 | INFO |     step 37200  loss=0.3348  grp_sp=0.167  n_imp=27756  n_red=9252
02:45:55 | INFO |     step 37400  loss=0.3392  grp_sp=0.167  n_imp=27756  n_red=9252
02:48:19 | INFO |     step 37600  loss=0.3443  grp_sp=0.167  n_imp=27756  n_red=9252
02:50:44 | INFO |     step 37800  loss=0.3480  grp_sp=0.167  n_imp=27756  n_red=9252
02:53:08 | INFO |     step 38000  loss=0.3505  grp_sp=0.167  n_imp=27756  n_red=9252
02:55:32 | INFO |     step 38200  loss=0.3530  grp_sp=0.167  n_imp=27756  n_red=9252
02:57:56 | INFO |     step 38400  loss=0.3554  grp_sp=0.167  n_imp=27756  n_red=9252
03:00:21 | INFO |     step 38600  loss=0.3583  grp_sp=0.167  n_imp=27756  n_red=9252
03:03:49 | INFO | [EPOCH 7/16] loss=0.3599  grp_sp=0.167  EM=74.54  F1=83.91  elapsed=463.0min
03:04:38 | INFO |     step 38800  loss=0.2619  grp_sp=0.167  n_imp=27756  n_red=9252
03:07:03 | INFO |     step 39000  loss=0.2624  grp_sp=0.167  n_imp=27756  n_red=9252
03:09:27 | INFO |     step 39200  loss=0.2571  grp_sp=0.167  n_imp=27756  n_red=9252
03:11:51 | INFO |     step 39400  loss=0.2572  grp_sp=0.167  n_imp=27756  n_red=9252
03:14:15 | INFO |     step 39600  loss=0.2559  grp_sp=0.167  n_imp=27756  n_red=9252
03:16:39 | INFO |     step 39800  loss=0.2602  grp_sp=0.167  n_imp=27756  n_red=9252
03:19:06 | INFO |     step 40000  loss=0.2602  grp_sp=0.167  n_imp=27756  n_red=9252
03:21:33 | INFO |     step 40200  loss=0.2612  grp_sp=0.167  n_imp=27756  n_red=9252
03:23:57 | INFO |     step 40400  loss=0.2618  grp_sp=0.167  n_imp=27756  n_red=9252
03:26:23 | INFO |     step 40600  loss=0.2609  grp_sp=0.167  n_imp=27756  n_red=9252
03:28:47 | INFO |     step 40800  loss=0.2624  grp_sp=0.167  n_imp=27756  n_red=9252
03:31:11 | INFO |     step 41000  loss=0.2618  grp_sp=0.167  n_imp=27756  n_red=9252
03:33:37 | INFO |     step 41200  loss=0.2635  grp_sp=0.167  n_imp=27756  n_red=9252
03:36:02 | INFO |     step 41400  loss=0.2640  grp_sp=0.167  n_imp=27756  n_red=9252
03:38:28 | INFO |     step 41600  loss=0.2684  grp_sp=0.250  n_imp=24672  n_red=12336
03:40:54 | INFO |     step 41800  loss=0.2745  grp_sp=0.250  n_imp=24672  n_red=12336
03:43:19 | INFO |     step 42000  loss=0.2783  grp_sp=0.250  n_imp=24672  n_red=12336
03:45:43 | INFO |     step 42200  loss=0.2809  grp_sp=0.250  n_imp=24672  n_red=12336
03:48:08 | INFO |     step 42400  loss=0.2832  grp_sp=0.250  n_imp=24672  n_red=12336
03:50:34 | INFO |     step 42600  loss=0.2854  grp_sp=0.250  n_imp=24672  n_red=12336
03:53:00 | INFO |     step 42800  loss=0.2880  grp_sp=0.250  n_imp=24672  n_red=12336
03:55:25 | INFO |     step 43000  loss=0.2902  grp_sp=0.250  n_imp=24672  n_red=12336
03:57:53 | INFO |     step 43200  loss=0.2928  grp_sp=0.250  n_imp=24672  n_red=12336
04:00:22 | INFO |     step 43400  loss=0.2949  grp_sp=0.250  n_imp=24672  n_red=12336
04:02:51 | INFO |     step 43600  loss=0.2979  grp_sp=0.250  n_imp=24672  n_red=12336
04:05:16 | INFO |     step 43800  loss=0.2997  grp_sp=0.250  n_imp=24672  n_red=12336
04:07:43 | INFO |     step 44000  loss=0.3014  grp_sp=0.250  n_imp=24672  n_red=12336
04:10:10 | INFO |     step 44200  loss=0.3034  grp_sp=0.250  n_imp=24672  n_red=12336
04:12:59 | INFO | [EPOCH 8/16] loss=0.3042  grp_sp=0.250  EM=73.58  F1=83.20  elapsed=532.0min
04:14:39 | INFO |     step 44400  loss=0.2095  grp_sp=0.250  n_imp=24672  n_red=12336
04:17:07 | INFO |     step 44600  loss=0.2131  grp_sp=0.250  n_imp=24672  n_red=12336
04:19:35 | INFO |     step 44800  loss=0.2134  grp_sp=0.250  n_imp=24672  n_red=12336
04:22:03 | INFO |     step 45000  loss=0.2166  grp_sp=0.250  n_imp=24672  n_red=12336
04:24:31 | INFO |     step 45200  loss=0.2152  grp_sp=0.250  n_imp=24672  n_red=12336
04:27:00 | INFO |     step 45400  loss=0.2169  grp_sp=0.250  n_imp=24672  n_red=12336
04:29:28 | INFO |     step 45600  loss=0.2168  grp_sp=0.250  n_imp=24672  n_red=12336
04:31:55 | INFO |     step 45800  loss=0.2165  grp_sp=0.250  n_imp=24672  n_red=12336
04:34:23 | INFO |     step 46000  loss=0.2189  grp_sp=0.250  n_imp=24672  n_red=12336
04:36:51 | INFO |     step 46200  loss=0.2234  grp_sp=0.333  n_imp=21588  n_red=15420
04:39:17 | INFO |     step 46400  loss=0.2263  grp_sp=0.333  n_imp=21588  n_red=15420
04:41:44 | INFO |     step 46600  loss=0.2291  grp_sp=0.333  n_imp=21588  n_red=15420
04:44:11 | INFO |     step 46800  loss=0.2319  grp_sp=0.333  n_imp=21588  n_red=15420
04:46:37 | INFO |     step 47000  loss=0.2337  grp_sp=0.333  n_imp=21588  n_red=15420
04:49:03 | INFO |     step 47200  loss=0.2357  grp_sp=0.333  n_imp=21588  n_red=15420
04:51:30 | INFO |     step 47400  loss=0.2384  grp_sp=0.333  n_imp=21588  n_red=15420
04:53:57 | INFO |     step 47600  loss=0.2401  grp_sp=0.333  n_imp=21588  n_red=15420
04:56:23 | INFO |     step 47800  loss=0.2418  grp_sp=0.333  n_imp=21588  n_red=15420
04:58:49 | INFO |     step 48000  loss=0.2436  grp_sp=0.333  n_imp=21588  n_red=15420
05:01:16 | INFO |     step 48200  loss=0.2454  grp_sp=0.333  n_imp=21588  n_red=15420
05:03:42 | INFO |     step 48400  loss=0.2463  grp_sp=0.333  n_imp=21588  n_red=15420
05:06:08 | INFO |     step 48600  loss=0.2482  grp_sp=0.333  n_imp=21588  n_red=15420
05:08:35 | INFO |     step 48800  loss=0.2497  grp_sp=0.333  n_imp=21588  n_red=15420
05:11:01 | INFO |     step 49000  loss=0.2502  grp_sp=0.333  n_imp=21588  n_red=15420
05:13:27 | INFO |     step 49200  loss=0.2515  grp_sp=0.333  n_imp=21588  n_red=15420
05:15:55 | INFO |     step 49400  loss=0.2527  grp_sp=0.333  n_imp=21588  n_red=15420
05:18:23 | INFO |     step 49600  loss=0.2537  grp_sp=0.333  n_imp=21588  n_red=15420
05:22:43 | INFO | [EPOCH 9/16] loss=0.2547  grp_sp=0.333  EM=74.07  F1=83.72  elapsed=601.9min
05:22:45 | INFO |     step 49800  loss=0.1632  grp_sp=0.333  n_imp=21588  n_red=15420
05:25:10 | INFO |     step 50000  loss=0.1689  grp_sp=0.333  n_imp=21588  n_red=15420
05:27:36 | INFO |     step 50200  loss=0.1646  grp_sp=0.333  n_imp=21588  n_red=15420
05:30:02 | INFO |     step 50400  loss=0.1665  grp_sp=0.333  n_imp=21588  n_red=15420
05:32:28 | INFO |     step 50600  loss=0.1649  grp_sp=0.333  n_imp=21588  n_red=15420
05:34:55 | INFO |     step 50800  loss=0.1685  grp_sp=0.417  n_imp=18504  n_red=18504
05:37:22 | INFO |     step 51000  loss=0.1750  grp_sp=0.417  n_imp=18504  n_red=18504
05:39:49 | INFO |     step 51200  loss=0.1786  grp_sp=0.417  n_imp=18504  n_red=18504
05:42:16 | INFO |     step 51400  loss=0.1807  grp_sp=0.417  n_imp=18504  n_red=18504
05:44:42 | INFO |     step 51600  loss=0.1840  grp_sp=0.417  n_imp=18504  n_red=18504
05:47:09 | INFO |     step 51800  loss=0.1854  grp_sp=0.417  n_imp=18504  n_red=18504
05:49:36 | INFO |     step 52000  loss=0.1886  grp_sp=0.417  n_imp=18504  n_red=18504
05:52:03 | INFO |     step 52200  loss=0.1898  grp_sp=0.417  n_imp=18504  n_red=18504
05:54:30 | INFO |     step 52400  loss=0.1916  grp_sp=0.417  n_imp=18504  n_red=18504
05:56:56 | INFO |     step 52600  loss=0.1926  grp_sp=0.417  n_imp=18504  n_red=18504
05:59:21 | INFO |     step 52800  loss=0.1951  grp_sp=0.417  n_imp=18504  n_red=18504
06:01:47 | INFO |     step 53000  loss=0.1966  grp_sp=0.417  n_imp=18504  n_red=18504
06:04:11 | INFO |     step 53200  loss=0.1991  grp_sp=0.417  n_imp=18504  n_red=18504
06:06:34 | INFO |     step 53400  loss=0.1999  grp_sp=0.417  n_imp=18504  n_red=18504
06:08:58 | INFO |     step 53600  loss=0.2011  grp_sp=0.417  n_imp=18504  n_red=18504
06:11:22 | INFO |     step 53800  loss=0.2027  grp_sp=0.417  n_imp=18504  n_red=18504
06:13:46 | INFO |     step 54000  loss=0.2048  grp_sp=0.417  n_imp=18504  n_red=18504
06:16:09 | INFO |     step 54200  loss=0.2055  grp_sp=0.417  n_imp=18504  n_red=18504
06:18:34 | INFO |     step 54400  loss=0.2060  grp_sp=0.417  n_imp=18504  n_red=18504
06:20:58 | INFO |     step 54600  loss=0.2070  grp_sp=0.417  n_imp=18504  n_red=18504
06:23:21 | INFO |     step 54800  loss=0.2082  grp_sp=0.417  n_imp=18504  n_red=18504
06:25:44 | INFO |     step 55000  loss=0.2086  grp_sp=0.417  n_imp=18504  n_red=18504
06:28:08 | INFO |     step 55200  loss=0.2103  grp_sp=0.417  n_imp=18504  n_red=18504
06:31:32 | INFO | [EPOCH 10/16] loss=0.2104  grp_sp=0.500  EM=72.93  F1=82.78  elapsed=670.7min
06:32:21 | INFO |     step 55400  loss=0.1772  grp_sp=0.500  n_imp=18504  n_red=18504
06:34:44 | INFO |     step 55600  loss=0.1703  grp_sp=0.500  n_imp=18504  n_red=18504
06:37:06 | INFO |     step 55800  loss=0.1647  grp_sp=0.500  n_imp=18504  n_red=18504
06:39:31 | INFO |     step 56000  loss=0.1667  grp_sp=0.500  n_imp=18504  n_red=18504
06:41:55 | INFO |     step 56200  loss=0.1669  grp_sp=0.500  n_imp=18504  n_red=18504
06:44:18 | INFO |     step 56400  loss=0.1672  grp_sp=0.500  n_imp=18504  n_red=18504
06:46:42 | INFO |     step 56600  loss=0.1670  grp_sp=0.500  n_imp=18504  n_red=18504
06:49:06 | INFO |     step 56800  loss=0.1655  grp_sp=0.500  n_imp=18504  n_red=18504
06:51:29 | INFO |     step 57000  loss=0.1664  grp_sp=0.500  n_imp=18504  n_red=18504
06:53:52 | INFO |     step 57200  loss=0.1685  grp_sp=0.500  n_imp=18504  n_red=18504
06:56:15 | INFO |     step 57400  loss=0.1677  grp_sp=0.500  n_imp=18504  n_red=18504
06:58:39 | INFO |     step 57600  loss=0.1671  grp_sp=0.500  n_imp=18504  n_red=18504
07:01:02 | INFO |     step 57800  loss=0.1667  grp_sp=0.500  n_imp=18504  n_red=18504
07:03:25 | INFO |     step 58000  loss=0.1659  grp_sp=0.500  n_imp=18504  n_red=18504
07:05:49 | INFO |     step 58200  loss=0.1656  grp_sp=0.500  n_imp=18504  n_red=18504
07:08:12 | INFO |     step 58400  loss=0.1659  grp_sp=0.500  n_imp=18504  n_red=18504
07:10:36 | INFO |     step 58600  loss=0.1666  grp_sp=0.500  n_imp=18504  n_red=18504
07:13:00 | INFO |     step 58800  loss=0.1669  grp_sp=0.500  n_imp=18504  n_red=18504
07:15:24 | INFO |     step 59000  loss=0.1673  grp_sp=0.500  n_imp=18504  n_red=18504
07:17:46 | INFO |     step 59200  loss=0.1666  grp_sp=0.500  n_imp=18504  n_red=18504
07:20:10 | INFO |     step 59400  loss=0.1672  grp_sp=0.500  n_imp=18504  n_red=18504
07:22:32 | INFO |     step 59600  loss=0.1667  grp_sp=0.500  n_imp=18504  n_red=18504
07:24:55 | INFO |     step 59800  loss=0.1665  grp_sp=0.500  n_imp=18504  n_red=18504
07:27:18 | INFO |     step 60000  loss=0.1673  grp_sp=0.500  n_imp=18504  n_red=18504
07:29:39 | INFO |     step 60200  loss=0.1666  grp_sp=0.500  n_imp=18504  n_red=18504
07:32:03 | INFO |     step 60400  loss=0.1666  grp_sp=0.500  n_imp=18504  n_red=18504
07:34:27 | INFO |     step 60600  loss=0.1660  grp_sp=0.500  n_imp=18504  n_red=18504
07:36:49 | INFO |     step 60800  loss=0.1665  grp_sp=0.500  n_imp=18504  n_red=18504
07:39:27 | INFO | [EPOCH 11/16] loss=0.1668  grp_sp=0.500  EM=73.57  F1=83.51  elapsed=738.6min
07:41:04 | INFO |     step 61000  loss=0.1052  grp_sp=0.500  n_imp=18504  n_red=18504
07:43:26 | INFO |     step 61200  loss=0.1092  grp_sp=0.500  n_imp=18504  n_red=18504
07:45:48 | INFO |     step 61400  loss=0.1059  grp_sp=0.500  n_imp=18504  n_red=18504
07:48:10 | INFO |     step 61600  loss=0.1088  grp_sp=0.500  n_imp=18504  n_red=18504
07:50:31 | INFO |     step 61800  loss=0.1064  grp_sp=0.500  n_imp=18504  n_red=18504
07:52:53 | INFO |     step 62000  loss=0.1084  grp_sp=0.500  n_imp=18504  n_red=18504
07:55:15 | INFO |     step 62200  loss=0.1067  grp_sp=0.500  n_imp=18504  n_red=18504
07:57:37 | INFO |     step 62400  loss=0.1057  grp_sp=0.500  n_imp=18504  n_red=18504
07:59:59 | INFO |     step 62600  loss=0.1058  grp_sp=0.500  n_imp=18504  n_red=18504
08:02:21 | INFO |     step 62800  loss=0.1052  grp_sp=0.500  n_imp=18504  n_red=18504
08:04:42 | INFO |     step 63000  loss=0.1065  grp_sp=0.500  n_imp=18504  n_red=18504
08:07:04 | INFO |     step 63200  loss=0.1073  grp_sp=0.500  n_imp=18504  n_red=18504
08:09:25 | INFO |     step 63400  loss=0.1077  grp_sp=0.500  n_imp=18504  n_red=18504
08:11:47 | INFO |     step 63600  loss=0.1068  grp_sp=0.500  n_imp=18504  n_red=18504
08:14:08 | INFO |     step 63800  loss=0.1073  grp_sp=0.500  n_imp=18504  n_red=18504
08:16:30 | INFO |     step 64000  loss=0.1076  grp_sp=0.500  n_imp=18504  n_red=18504
08:18:52 | INFO |     step 64200  loss=0.1077  grp_sp=0.500  n_imp=18504  n_red=18504
08:21:13 | INFO |     step 64400  loss=0.1083  grp_sp=0.500  n_imp=18504  n_red=18504
08:23:35 | INFO |     step 64600  loss=0.1089  grp_sp=0.500  n_imp=18504  n_red=18504
08:25:56 | INFO |     step 64800  loss=0.1089  grp_sp=0.500  n_imp=18504  n_red=18504
08:28:17 | INFO |     step 65000  loss=0.1093  grp_sp=0.500  n_imp=18504  n_red=18504
08:30:38 | INFO |     step 65200  loss=0.1094  grp_sp=0.500  n_imp=18504  n_red=18504
08:32:59 | INFO |     step 65400  loss=0.1094  grp_sp=0.500  n_imp=18504  n_red=18504
08:35:20 | INFO |     step 65600  loss=0.1093  grp_sp=0.500  n_imp=18504  n_red=18504
08:37:40 | INFO |     step 65800  loss=0.1098  grp_sp=0.500  n_imp=18504  n_red=18504
08:40:01 | INFO |     step 66000  loss=0.1103  grp_sp=0.500  n_imp=18504  n_red=18504
08:42:21 | INFO |     step 66200  loss=0.1106  grp_sp=0.500  n_imp=18504  n_red=18504
08:46:29 | INFO | [EPOCH 12/16] loss=0.1105  grp_sp=0.500  EM=73.18  F1=83.38  elapsed=805.7min
08:46:32 | INFO |     step 66400  loss=0.0300  grp_sp=0.500  n_imp=18504  n_red=18504
08:48:52 | INFO |     step 66600  loss=0.0768  grp_sp=0.500  n_imp=18504  n_red=18504
08:51:13 | INFO |     step 66800  loss=0.0700  grp_sp=0.500  n_imp=18504  n_red=18504
08:53:34 | INFO |     step 67000  loss=0.0722  grp_sp=0.500  n_imp=18504  n_red=18504
08:55:54 | INFO |     step 67200  loss=0.0734  grp_sp=0.500  n_imp=18504  n_red=18504
08:58:14 | INFO |     step 67400  loss=0.0737  grp_sp=0.500  n_imp=18504  n_red=18504
09:00:35 | INFO |     step 67600  loss=0.0731  grp_sp=0.500  n_imp=18504  n_red=18504
09:02:55 | INFO |     step 67800  loss=0.0736  grp_sp=0.500  n_imp=18504  n_red=18504
09:05:16 | INFO |     step 68000  loss=0.0737  grp_sp=0.500  n_imp=18504  n_red=18504
09:07:36 | INFO |     step 68200  loss=0.0748  grp_sp=0.500  n_imp=18504  n_red=18504
09:09:56 | INFO |     step 68400  loss=0.0743  grp_sp=0.500  n_imp=18504  n_red=18504
09:12:17 | INFO |     step 68600  loss=0.0749  grp_sp=0.500  n_imp=18504  n_red=18504
09:14:37 | INFO |     step 68800  loss=0.0745  grp_sp=0.500  n_imp=18504  n_red=18504
09:16:58 | INFO |     step 69000  loss=0.0749  grp_sp=0.500  n_imp=18504  n_red=18504
09:19:19 | INFO |     step 69200  loss=0.0752  grp_sp=0.500  n_imp=18504  n_red=18504
09:21:39 | INFO |     step 69400  loss=0.0746  grp_sp=0.500  n_imp=18504  n_red=18504
09:24:01 | INFO |     step 69600  loss=0.0752  grp_sp=0.500  n_imp=18504  n_red=18504
09:26:23 | INFO |     step 69800  loss=0.0755  grp_sp=0.500  n_imp=18504  n_red=18504
09:28:44 | INFO |     step 70000  loss=0.0762  grp_sp=0.500  n_imp=18504  n_red=18504
09:31:04 | INFO |     step 70200  loss=0.0766  grp_sp=0.500  n_imp=18504  n_red=18504
09:33:25 | INFO |     step 70400  loss=0.0775  grp_sp=0.500  n_imp=18504  n_red=18504
09:35:46 | INFO |     step 70600  loss=0.0771  grp_sp=0.500  n_imp=18504  n_red=18504
09:38:07 | INFO |     step 70800  loss=0.0771  grp_sp=0.500  n_imp=18504  n_red=18504
09:40:27 | INFO |     step 71000  loss=0.0774  grp_sp=0.500  n_imp=18504  n_red=18504
09:42:50 | INFO |     step 71200  loss=0.0774  grp_sp=0.500  n_imp=18504  n_red=18504
09:45:11 | INFO |     step 71400  loss=0.0772  grp_sp=0.500  n_imp=18504  n_red=18504
09:47:32 | INFO |     step 71600  loss=0.0775  grp_sp=0.500  n_imp=18504  n_red=18504
09:49:54 | INFO |     step 71800  loss=0.0775  grp_sp=0.500  n_imp=18504  n_red=18504
09:53:17 | INFO | [EPOCH 13/16] loss=0.0778  grp_sp=0.500  EM=74.38  F1=83.86  elapsed=872.5min
09:54:07 | INFO |     step 72000  loss=0.0448  grp_sp=0.500  n_imp=18504  n_red=18504
09:56:29 | INFO |     step 72200  loss=0.0478  grp_sp=0.500  n_imp=18504  n_red=18504
09:58:51 | INFO |     step 72400  loss=0.0478  grp_sp=0.500  n_imp=18504  n_red=18504
10:01:12 | INFO |     step 72600  loss=0.0471  grp_sp=0.500  n_imp=18504  n_red=18504
10:03:34 | INFO |     step 72800  loss=0.0481  grp_sp=0.500  n_imp=18504  n_red=18504
10:05:56 | INFO |     step 73000  loss=0.0501  grp_sp=0.500  n_imp=18504  n_red=18504
10:08:18 | INFO |     step 73200  loss=0.0520  grp_sp=0.500  n_imp=18504  n_red=18504
10:11:14 | INFO |     step 73400  loss=0.0523  grp_sp=0.500  n_imp=18504  n_red=18504
10:18:02 | INFO |     step 73600  loss=0.0526  grp_sp=0.500  n_imp=18504  n_red=18504
10:23:46 | INFO |     step 73800  loss=0.0543  grp_sp=0.500  n_imp=18504  n_red=18504
10:28:23 | INFO |     step 74000  loss=0.0543  grp_sp=0.500  n_imp=18504  n_red=18504
10:35:03 | INFO |     step 74200  loss=0.0544  grp_sp=0.500  n_imp=18504  n_red=18504
10:37:25 | INFO |     step 74400  loss=0.0544  grp_sp=0.500  n_imp=18504  n_red=18504
10:39:56 | INFO |     step 74600  loss=0.0546  grp_sp=0.500  n_imp=18504  n_red=18504
10:42:17 | INFO |     step 74800  loss=0.0548  grp_sp=0.500  n_imp=18504  n_red=18504
10:44:37 | INFO |     step 75000  loss=0.0551  grp_sp=0.500  n_imp=18504  n_red=18504
10:46:58 | INFO |     step 75200  loss=0.0546  grp_sp=0.500  n_imp=18504  n_red=18504
10:49:18 | INFO |     step 75400  loss=0.0545  grp_sp=0.500  n_imp=18504  n_red=18504
10:51:39 | INFO |     step 75600  loss=0.0548  grp_sp=0.500  n_imp=18504  n_red=18504
10:54:00 | INFO |     step 75800  loss=0.0548  grp_sp=0.500  n_imp=18504  n_red=18504
10:56:21 | INFO |     step 76000  loss=0.0546  grp_sp=0.500  n_imp=18504  n_red=18504
10:58:42 | INFO |     step 76200  loss=0.0545  grp_sp=0.500  n_imp=18504  n_red=18504
11:01:04 | INFO |     step 76400  loss=0.0546  grp_sp=0.500  n_imp=18504  n_red=18504
11:03:40 | INFO |     step 76600  loss=0.0546  grp_sp=0.500  n_imp=18504  n_red=18504
11:06:31 | INFO |     step 76800  loss=0.0551  grp_sp=0.500  n_imp=18504  n_red=18504
11:08:54 | INFO |     step 77000  loss=0.0551  grp_sp=0.500  n_imp=18504  n_red=18504
11:11:16 | INFO |     step 77200  loss=0.0555  grp_sp=0.500  n_imp=18504  n_red=18504
11:13:39 | INFO |     step 77400  loss=0.0555  grp_sp=0.500  n_imp=18504  n_red=18504
11:16:15 | INFO | [EPOCH 14/16] loss=0.0556  grp_sp=0.500  EM=74.78  F1=84.11  elapsed=955.4min
11:17:53 | INFO |     step 77600  loss=0.0407  grp_sp=0.500  n_imp=18504  n_red=18504
11:20:15 | INFO |     step 77800  loss=0.0401  grp_sp=0.500  n_imp=18504  n_red=18504
11:22:38 | INFO |     step 78000  loss=0.0401  grp_sp=0.500  n_imp=18504  n_red=18504
11:24:59 | INFO |     step 78200  loss=0.0392  grp_sp=0.500  n_imp=18504  n_red=18504
11:27:21 | INFO |     step 78400  loss=0.0406  grp_sp=0.500  n_imp=18504  n_red=18504
11:29:43 | INFO |     step 78600  loss=0.0412  grp_sp=0.500  n_imp=18504  n_red=18504
11:32:04 | INFO |     step 78800  loss=0.0416  grp_sp=0.500  n_imp=18504  n_red=18504
11:34:25 | INFO |     step 79000  loss=0.0425  grp_sp=0.500  n_imp=18504  n_red=18504
11:36:46 | INFO |     step 79200  loss=0.0424  grp_sp=0.500  n_imp=18504  n_red=18504
11:39:07 | INFO |     step 79400  loss=0.0429  grp_sp=0.500  n_imp=18504  n_red=18504
11:41:28 | INFO |     step 79600  loss=0.0428  grp_sp=0.500  n_imp=18504  n_red=18504
11:43:50 | INFO |     step 79800  loss=0.0426  grp_sp=0.500  n_imp=18504  n_red=18504
11:46:12 | INFO |     step 80000  loss=0.0419  grp_sp=0.500  n_imp=18504  n_red=18504
11:48:34 | INFO |     step 80200  loss=0.0415  grp_sp=0.500  n_imp=18504  n_red=18504
11:50:58 | INFO |     step 80400  loss=0.0415  grp_sp=0.500  n_imp=18504  n_red=18504
11:53:22 | INFO |     step 80600  loss=0.0415  grp_sp=0.500  n_imp=18504  n_red=18504
11:55:46 | INFO |     step 80800  loss=0.0413  grp_sp=0.500  n_imp=18504  n_red=18504
11:58:09 | INFO |     step 81000  loss=0.0411  grp_sp=0.500  n_imp=18504  n_red=18504
12:00:32 | INFO |     step 81200  loss=0.0409  grp_sp=0.500  n_imp=18504  n_red=18504
12:02:55 | INFO |     step 81400  loss=0.0408  grp_sp=0.500  n_imp=18504  n_red=18504
12:05:17 | INFO |     step 81600  loss=0.0409  grp_sp=0.500  n_imp=18504  n_red=18504
12:07:41 | INFO |     step 81800  loss=0.0411  grp_sp=0.500  n_imp=18504  n_red=18504
12:10:03 | INFO |     step 82000  loss=0.0411  grp_sp=0.500  n_imp=18504  n_red=18504
12:12:25 | INFO |     step 82200  loss=0.0408  grp_sp=0.500  n_imp=18504  n_red=18504
12:14:47 | INFO |     step 82400  loss=0.0407  grp_sp=0.500  n_imp=18504  n_red=18504
12:17:08 | INFO |     step 82600  loss=0.0404  grp_sp=0.500  n_imp=18504  n_red=18504
12:19:29 | INFO |     step 82800  loss=0.0406  grp_sp=0.500  n_imp=18504  n_red=18504
12:23:39 | INFO | [EPOCH 15/16] loss=0.0408  grp_sp=0.500  EM=74.59  F1=84.07  elapsed=1022.9min
12:23:43 | INFO |     step 83000  loss=0.0257  grp_sp=0.500  n_imp=18504  n_red=18504
12:26:04 | INFO |     step 83200  loss=0.0287  grp_sp=0.500  n_imp=18504  n_red=18504
12:28:25 | INFO |     step 83400  loss=0.0284  grp_sp=0.500  n_imp=18504  n_red=18504
12:30:48 | INFO |     step 83600  loss=0.0289  grp_sp=0.500  n_imp=18504  n_red=18504
12:33:10 | INFO |     step 83800  loss=0.0286  grp_sp=0.500  n_imp=18504  n_red=18504
12:35:33 | INFO |     step 84000  loss=0.0297  grp_sp=0.500  n_imp=18504  n_red=18504
12:37:55 | INFO |     step 84200  loss=0.0292  grp_sp=0.500  n_imp=18504  n_red=18504
12:40:18 | INFO |     step 84400  loss=0.0291  grp_sp=0.500  n_imp=18504  n_red=18504
12:42:41 | INFO |     step 84600  loss=0.0294  grp_sp=0.500  n_imp=18504  n_red=18504
12:45:04 | INFO |     step 84800  loss=0.0289  grp_sp=0.500  n_imp=18504  n_red=18504
12:47:27 | INFO |     step 85000  loss=0.0289  grp_sp=0.500  n_imp=18504  n_red=18504
12:49:48 | INFO |     step 85200  loss=0.0291  grp_sp=0.500  n_imp=18504  n_red=18504
12:52:10 | INFO |     step 85400  loss=0.0294  grp_sp=0.500  n_imp=18504  n_red=18504
12:54:31 | INFO |     step 85600  loss=0.0294  grp_sp=0.500  n_imp=18504  n_red=18504
12:56:52 | INFO |     step 85800  loss=0.0291  grp_sp=0.500  n_imp=18504  n_red=18504
12:59:13 | INFO |     step 86000  loss=0.0288  grp_sp=0.500  n_imp=18504  n_red=18504
13:01:33 | INFO |     step 86200  loss=0.0290  grp_sp=0.500  n_imp=18504  n_red=18504
13:03:54 | INFO |     step 86400  loss=0.0290  grp_sp=0.500  n_imp=18504  n_red=18504
13:06:15 | INFO |     step 86600  loss=0.0289  grp_sp=0.500  n_imp=18504  n_red=18504
13:08:36 | INFO |     step 86800  loss=0.0288  grp_sp=0.500  n_imp=18504  n_red=18504
13:10:58 | INFO |     step 87000  loss=0.0294  grp_sp=0.500  n_imp=18504  n_red=18504
13:13:20 | INFO |     step 87200  loss=0.0297  grp_sp=0.500  n_imp=18504  n_red=18504
13:15:43 | INFO |     step 87400  loss=0.0295  grp_sp=0.500  n_imp=18504  n_red=18504
13:18:06 | INFO |     step 87600  loss=0.0296  grp_sp=0.500  n_imp=18504  n_red=18504
13:20:29 | INFO |     step 87800  loss=0.0296  grp_sp=0.500  n_imp=18504  n_red=18504
13:22:51 | INFO |     step 88000  loss=0.0294  grp_sp=0.500  n_imp=18504  n_red=18504
13:25:13 | INFO |     step 88200  loss=0.0293  grp_sp=0.500  n_imp=18504  n_red=18504
13:27:36 | INFO |     step 88400  loss=0.0295  grp_sp=0.500  n_imp=18504  n_red=18504
13:30:58 | INFO | [EPOCH 16/16] loss=0.0294  grp_sp=0.500  EM=74.41  F1=84.01  elapsed=1090.2min
13:30:58 | INFO | [TRAIN] done. best F1=86.60 @ ep2 (pre-compression)  final F1=84.01
13:30:59 | INFO | [FINAL] target sparsity=0.5  actual=0.5000
13:30:59 | INFO | [SUBNET] constructing compressed model
13:31:00 | INFO | [SUBNET] full  : ./results/combined16_sp50/BertForQuestionAnswering_full_group_sparse.pt
13:31:00 | INFO | [SUBNET] comp  : ./results/combined16_sp50/BertForQuestionAnswering_compressed.pt
13:32:35 | INFO | [METRICS] BOPs=2315940.8M  params=80.45M
13:32:35 | INFO | [EVAL compressed] EM=74.45  F1=84.02
13:32:35 | INFO | [SAVE] results -> ./results/combined16_sp50/
13:32:35 | INFO | 
============================================================
13:32:35 | INFO |   EXPERIMENT: sparsity=0.7  tag=combined16_sp70
13:32:35 | INFO | ============================================================
13:32:35 | INFO | [M1] loading BERT QA
13:32:41 | INFO | [M2] quantize wrap + STE fix
13:32:41 | INFO | [CALIB] running 8 batches of bs=4
13:32:42 | INFO | [calib] 8 batches over 73 layers  (skipped=0)  num_bits=16  safety=1.05
13:32:42 | INFO | [calib] observed max|x|: min=2.665  median=14.866  max=137.556
13:32:42 | INFO | [M3] building OTO graph
13:33:42 | INFO | [SCHED] steps/epoch=5533  total=88528  start_prune=27665 (5.00 ep)  prune_steps=27665 (5.00 ep)  prune_periods=6  proj_periods=6  proj_steps=27665 (5.00 ep)
13:33:42 | INFO | [BIT]   min_bit_wt=4  max_bit_wt=16  bit_reduction=1  calib_num_bits=16
13:33:42 | INFO | [LR]    scheduler=linear  warmup_ratio=0.1  lr=6e-05  lr_quant=0.0001
13:33:42 | INFO | [M4] building GETA optimizer
13:33:42 | INFO | [M4] GETA optimizer built, 26 param groups
13:33:42 | INFO | [LR] linear schedule warmup=8852 decay over 79676
13:33:42 | INFO | [TRAIN] starting
13:36:01 | INFO |     step 200  loss=5.8111  grp_sp=0.000  n_imp=37008  n_red=0
13:38:20 | INFO |     step 400  loss=5.4465  grp_sp=0.000  n_imp=37008  n_red=0
13:40:38 | INFO |     step 600  loss=5.0231  grp_sp=0.000  n_imp=37008  n_red=0
13:42:57 | INFO |     step 800  loss=4.4982  grp_sp=0.000  n_imp=37008  n_red=0
13:45:16 | INFO |     step 1000  loss=4.0740  grp_sp=0.000  n_imp=37008  n_red=0
13:47:35 | INFO |     step 1200  loss=3.7464  grp_sp=0.000  n_imp=37008  n_red=0
13:49:54 | INFO |     step 1400  loss=3.4831  grp_sp=0.000  n_imp=37008  n_red=0
13:52:13 | INFO |     step 1600  loss=3.2593  grp_sp=0.000  n_imp=37008  n_red=0
13:54:31 | INFO |     step 1800  loss=3.0791  grp_sp=0.000  n_imp=37008  n_red=0
13:56:51 | INFO |     step 2000  loss=2.9235  grp_sp=0.000  n_imp=37008  n_red=0
13:59:10 | INFO |     step 2200  loss=2.7871  grp_sp=0.000  n_imp=37008  n_red=0
14:01:30 | INFO |     step 2400  loss=2.6720  grp_sp=0.000  n_imp=37008  n_red=0
14:03:48 | INFO |     step 2600  loss=2.5713  grp_sp=0.000  n_imp=37008  n_red=0
14:06:06 | INFO |     step 2800  loss=2.4817  grp_sp=0.000  n_imp=37008  n_red=0
14:08:24 | INFO |     step 3000  loss=2.4023  grp_sp=0.000  n_imp=37008  n_red=0
14:10:43 | INFO |     step 3200  loss=2.3306  grp_sp=0.000  n_imp=37008  n_red=0
14:13:02 | INFO |     step 3400  loss=2.2668  grp_sp=0.000  n_imp=37008  n_red=0
14:15:22 | INFO |     step 3600  loss=2.2086  grp_sp=0.000  n_imp=37008  n_red=0
14:17:44 | INFO |     step 3800  loss=2.1557  grp_sp=0.000  n_imp=37008  n_red=0
14:20:04 | INFO |     step 4000  loss=2.1108  grp_sp=0.000  n_imp=37008  n_red=0
14:22:24 | INFO |     step 4200  loss=2.0674  grp_sp=0.000  n_imp=37008  n_red=0
14:24:44 | INFO |     step 4400  loss=2.0269  grp_sp=0.000  n_imp=37008  n_red=0
14:27:04 | INFO |     step 4600  loss=1.9885  grp_sp=0.000  n_imp=37008  n_red=0
14:29:24 | INFO |     step 4800  loss=1.9548  grp_sp=0.000  n_imp=37008  n_red=0
14:31:44 | INFO |     step 5000  loss=1.9249  grp_sp=0.000  n_imp=37008  n_red=0
14:34:04 | INFO |     step 5200  loss=1.8944  grp_sp=0.000  n_imp=37008  n_red=0
14:36:24 | INFO |     step 5400  loss=1.8679  grp_sp=0.000  n_imp=37008  n_red=0
14:39:52 | INFO | [EPOCH 1/16] loss=1.8515  grp_sp=0.000  EM=76.48  F1=84.93  elapsed=64.3min
14:40:39 | INFO |     step 5600  loss=0.9052  grp_sp=0.000  n_imp=37008  n_red=0
14:43:00 | INFO |     step 5800  loss=0.9482  grp_sp=0.000  n_imp=37008  n_red=0
14:45:20 | INFO |     step 6000  loss=0.9494  grp_sp=0.000  n_imp=37008  n_red=0
14:47:40 | INFO |     step 6200  loss=0.9556  grp_sp=0.000  n_imp=37008  n_red=0
14:50:00 | INFO |     step 6400  loss=0.9659  grp_sp=0.000  n_imp=37008  n_red=0
14:52:20 | INFO |     step 6600  loss=0.9676  grp_sp=0.000  n_imp=37008  n_red=0
14:54:41 | INFO |     step 6800  loss=0.9715  grp_sp=0.000  n_imp=37008  n_red=0
14:57:01 | INFO |     step 7000  loss=0.9714  grp_sp=0.000  n_imp=37008  n_red=0
14:59:21 | INFO |     step 7200  loss=0.9732  grp_sp=0.000  n_imp=37008  n_red=0
15:01:42 | INFO |     step 7400  loss=0.9748  grp_sp=0.000  n_imp=37008  n_red=0
15:05:02 | INFO |     step 7600  loss=0.9782  grp_sp=0.000  n_imp=37008  n_red=0
15:13:58 | INFO |     step 7800  loss=0.9826  grp_sp=0.000  n_imp=37008  n_red=0
15:21:51 | INFO |     step 8000  loss=0.9856  grp_sp=0.000  n_imp=37008  n_red=0
15:27:14 | INFO |     step 8200  loss=0.9875  grp_sp=0.000  n_imp=37008  n_red=0
15:32:10 | INFO |     step 8400  loss=0.9900  grp_sp=0.000  n_imp=37008  n_red=0
15:36:56 | INFO |     step 8600  loss=0.9933  grp_sp=0.000  n_imp=37008  n_red=0
15:39:24 | INFO |     step 8800  loss=0.9967  grp_sp=0.000  n_imp=37008  n_red=0
15:41:44 | INFO |     step 9000  loss=0.9997  grp_sp=0.000  n_imp=37008  n_red=0
15:44:04 | INFO |     step 9200  loss=1.0018  grp_sp=0.000  n_imp=37008  n_red=0
15:46:24 | INFO |     step 9400  loss=1.0022  grp_sp=0.000  n_imp=37008  n_red=0
15:48:43 | INFO |     step 9600  loss=1.0043  grp_sp=0.000  n_imp=37008  n_red=0
15:51:02 | INFO |     step 9800  loss=1.0060  grp_sp=0.000  n_imp=37008  n_red=0
15:53:21 | INFO |     step 10000  loss=1.0066  grp_sp=0.000  n_imp=37008  n_red=0
15:55:41 | INFO |     step 10200  loss=1.0074  grp_sp=0.000  n_imp=37008  n_red=0
15:58:01 | INFO |     step 10400  loss=1.0070  grp_sp=0.000  n_imp=37008  n_red=0
16:00:20 | INFO |     step 10600  loss=1.0080  grp_sp=0.000  n_imp=37008  n_red=0
16:02:39 | INFO |     step 10800  loss=1.0081  grp_sp=0.000  n_imp=37008  n_red=0
16:04:58 | INFO |     step 11000  loss=1.0082  grp_sp=0.000  n_imp=37008  n_red=0
16:07:37 | INFO | [EPOCH 2/16] loss=1.0079  grp_sp=0.000  EM=78.00  F1=86.15  elapsed=152.0min
16:09:10 | INFO |     step 11200  loss=0.6542  grp_sp=0.000  n_imp=37008  n_red=0
16:11:28 | INFO |     step 11400  loss=0.6789  grp_sp=0.000  n_imp=37008  n_red=0
16:13:47 | INFO |     step 11600  loss=0.6919  grp_sp=0.000  n_imp=37008  n_red=0
16:16:07 | INFO |     step 11800  loss=0.6934  grp_sp=0.000  n_imp=37008  n_red=0
16:18:26 | INFO |     step 12000  loss=0.6917  grp_sp=0.000  n_imp=37008  n_red=0
16:20:46 | INFO |     step 12200  loss=0.6938  grp_sp=0.000  n_imp=37008  n_red=0
16:23:05 | INFO |     step 12400  loss=0.6945  grp_sp=0.000  n_imp=37008  n_red=0
16:25:23 | INFO |     step 12600  loss=0.6944  grp_sp=0.000  n_imp=37008  n_red=0
16:27:41 | INFO |     step 12800  loss=0.6949  grp_sp=0.000  n_imp=37008  n_red=0
16:30:00 | INFO |     step 13000  loss=0.6979  grp_sp=0.000  n_imp=37008  n_red=0
16:32:18 | INFO |     step 13200  loss=0.7009  grp_sp=0.000  n_imp=37008  n_red=0
16:34:37 | INFO |     step 13400  loss=0.7036  grp_sp=0.000  n_imp=37008  n_red=0
16:36:56 | INFO |     step 13600  loss=0.7036  grp_sp=0.000  n_imp=37008  n_red=0
16:39:15 | INFO |     step 13800  loss=0.7057  grp_sp=0.000  n_imp=37008  n_red=0
16:41:34 | INFO |     step 14000  loss=0.7078  grp_sp=0.000  n_imp=37008  n_red=0
16:43:52 | INFO |     step 14200  loss=0.7108  grp_sp=0.000  n_imp=37008  n_red=0
16:46:10 | INFO |     step 14400  loss=0.7106  grp_sp=0.000  n_imp=37008  n_red=0
16:48:29 | INFO |     step 14600  loss=0.7118  grp_sp=0.000  n_imp=37008  n_red=0
16:50:47 | INFO |     step 14800  loss=0.7140  grp_sp=0.000  n_imp=37008  n_red=0
16:53:06 | INFO |     step 15000  loss=0.7148  grp_sp=0.000  n_imp=37008  n_red=0
16:55:23 | INFO |     step 15200  loss=0.7182  grp_sp=0.000  n_imp=37008  n_red=0
16:57:40 | INFO |     step 15400  loss=0.7194  grp_sp=0.000  n_imp=37008  n_red=0
16:59:58 | INFO |     step 15600  loss=0.7209  grp_sp=0.000  n_imp=37008  n_red=0
17:02:16 | INFO |     step 15800  loss=0.7218  grp_sp=0.000  n_imp=37008  n_red=0
17:04:34 | INFO |     step 16000  loss=0.7231  grp_sp=0.000  n_imp=37008  n_red=0
17:06:52 | INFO |     step 16200  loss=0.7239  grp_sp=0.000  n_imp=37008  n_red=0
17:09:09 | INFO |     step 16400  loss=0.7254  grp_sp=0.000  n_imp=37008  n_red=0
17:13:17 | INFO | [EPOCH 3/16] loss=0.7267  grp_sp=0.000  EM=78.49  F1=86.31  elapsed=217.7min
17:13:18 | INFO |     step 16600  loss=0.6889  grp_sp=0.000  n_imp=37008  n_red=0
17:15:35 | INFO |     step 16800  loss=0.4499  grp_sp=0.000  n_imp=37008  n_red=0
17:17:52 | INFO |     step 17000  loss=0.4600  grp_sp=0.000  n_imp=37008  n_red=0
17:20:10 | INFO |     step 17200  loss=0.4499  grp_sp=0.000  n_imp=37008  n_red=0
17:22:27 | INFO |     step 17400  loss=0.4543  grp_sp=0.000  n_imp=37008  n_red=0
17:24:44 | INFO |     step 17600  loss=0.4567  grp_sp=0.000  n_imp=37008  n_red=0
17:27:02 | INFO |     step 17800  loss=0.4558  grp_sp=0.000  n_imp=37008  n_red=0
17:29:18 | INFO |     step 18000  loss=0.4631  grp_sp=0.000  n_imp=37008  n_red=0
17:31:36 | INFO |     step 18200  loss=0.4667  grp_sp=0.000  n_imp=37008  n_red=0
17:33:53 | INFO |     step 18400  loss=0.4702  grp_sp=0.000  n_imp=37008  n_red=0
17:36:10 | INFO |     step 18600  loss=0.4694  grp_sp=0.000  n_imp=37008  n_red=0
17:38:27 | INFO |     step 18800  loss=0.4768  grp_sp=0.000  n_imp=37008  n_red=0
17:40:44 | INFO |     step 19000  loss=0.4770  grp_sp=0.000  n_imp=37008  n_red=0
17:43:02 | INFO |     step 19200  loss=0.4802  grp_sp=0.000  n_imp=37008  n_red=0
17:45:19 | INFO |     step 19400  loss=0.4818  grp_sp=0.000  n_imp=37008  n_red=0
17:47:37 | INFO |     step 19600  loss=0.4837  grp_sp=0.000  n_imp=37008  n_red=0
17:49:55 | INFO |     step 19800  loss=0.4858  grp_sp=0.000  n_imp=37008  n_red=0
17:52:13 | INFO |     step 20000  loss=0.4879  grp_sp=0.000  n_imp=37008  n_red=0
17:54:31 | INFO |     step 20200  loss=0.4891  grp_sp=0.000  n_imp=37008  n_red=0
17:56:49 | INFO |     step 20400  loss=0.4920  grp_sp=0.000  n_imp=37008  n_red=0
17:59:07 | INFO |     step 20600  loss=0.4932  grp_sp=0.000  n_imp=37008  n_red=0
18:01:25 | INFO |     step 20800  loss=0.4924  grp_sp=0.000  n_imp=37008  n_red=0
18:03:42 | INFO |     step 21000  loss=0.4950  grp_sp=0.000  n_imp=37008  n_red=0
18:05:59 | INFO |     step 21200  loss=0.4964  grp_sp=0.000  n_imp=37008  n_red=0
18:08:17 | INFO |     step 21400  loss=0.4979  grp_sp=0.000  n_imp=37008  n_red=0
18:10:35 | INFO |     step 21600  loss=0.4991  grp_sp=0.000  n_imp=37008  n_red=0
18:12:52 | INFO |     step 21800  loss=0.5005  grp_sp=0.000  n_imp=37008  n_red=0
18:15:10 | INFO |     step 22000  loss=0.5014  grp_sp=0.000  n_imp=37008  n_red=0
18:18:32 | INFO | [EPOCH 4/16] loss=0.5017  grp_sp=0.000  EM=77.32  F1=85.84  elapsed=283.0min
18:19:20 | INFO |     step 22200  loss=0.3110  grp_sp=0.000  n_imp=37008  n_red=0
18:21:38 | INFO |     step 22400  loss=0.2955  grp_sp=0.000  n_imp=37008  n_red=0
18:23:56 | INFO |     step 22600  loss=0.3051  grp_sp=0.000  n_imp=37008  n_red=0
18:26:15 | INFO |     step 22800  loss=0.3033  grp_sp=0.000  n_imp=37008  n_red=0
18:28:33 | INFO |     step 23000  loss=0.3104  grp_sp=0.000  n_imp=37008  n_red=0
18:30:51 | INFO |     step 23200  loss=0.3098  grp_sp=0.000  n_imp=37008  n_red=0
18:33:12 | INFO |     step 23400  loss=0.3080  grp_sp=0.000  n_imp=37008  n_red=0
18:35:40 | INFO |     step 23600  loss=0.3126  grp_sp=0.000  n_imp=37008  n_red=0
18:38:01 | INFO |     step 23800  loss=0.3147  grp_sp=0.000  n_imp=37008  n_red=0
18:40:20 | INFO |     step 24000  loss=0.3149  grp_sp=0.000  n_imp=37008  n_red=0
18:42:41 | INFO |     step 24200  loss=0.3158  grp_sp=0.000  n_imp=37008  n_red=0
18:45:01 | INFO |     step 24400  loss=0.3187  grp_sp=0.000  n_imp=37008  n_red=0
18:47:20 | INFO |     step 24600  loss=0.3215  grp_sp=0.000  n_imp=37008  n_red=0
18:49:40 | INFO |     step 24800  loss=0.3228  grp_sp=0.000  n_imp=37008  n_red=0
18:51:59 | INFO |     step 25000  loss=0.3236  grp_sp=0.000  n_imp=37008  n_red=0
18:54:19 | INFO |     step 25200  loss=0.3240  grp_sp=0.000  n_imp=37008  n_red=0
18:56:38 | INFO |     step 25400  loss=0.3253  grp_sp=0.000  n_imp=37008  n_red=0
18:58:57 | INFO |     step 25600  loss=0.3289  grp_sp=0.000  n_imp=37008  n_red=0
19:01:16 | INFO |     step 25800  loss=0.3304  grp_sp=0.000  n_imp=37008  n_red=0
19:03:36 | INFO |     step 26000  loss=0.3321  grp_sp=0.000  n_imp=37008  n_red=0
19:05:55 | INFO |     step 26200  loss=0.3327  grp_sp=0.000  n_imp=37008  n_red=0
19:08:14 | INFO |     step 26400  loss=0.3348  grp_sp=0.000  n_imp=37008  n_red=0
19:10:33 | INFO |     step 26600  loss=0.3373  grp_sp=0.000  n_imp=37008  n_red=0
19:12:53 | INFO |     step 26800  loss=0.3385  grp_sp=0.000  n_imp=37008  n_red=0
19:15:13 | INFO |     step 27000  loss=0.3396  grp_sp=0.000  n_imp=37008  n_red=0
19:17:32 | INFO |     step 27200  loss=0.3413  grp_sp=0.000  n_imp=37008  n_red=0
19:19:50 | INFO |     step 27400  loss=0.3428  grp_sp=0.000  n_imp=37008  n_red=0
19:22:10 | INFO |     step 27600  loss=0.3430  grp_sp=0.000  n_imp=37008  n_red=0
19:24:49 | INFO | [EPOCH 5/16] loss=0.3436  grp_sp=0.000  EM=76.69  F1=85.42  elapsed=349.2min
19:26:28 | INFO |     step 27800  loss=0.6558  grp_sp=0.000  n_imp=32691  n_red=4317
19:28:54 | INFO |     step 28000  loss=0.5596  grp_sp=0.000  n_imp=32691  n_red=4317
19:31:20 | INFO |     step 28200  loss=0.5028  grp_sp=0.000  n_imp=32691  n_red=4317
19:33:44 | INFO |     step 28400  loss=0.4783  grp_sp=0.000  n_imp=32691  n_red=4317
19:36:08 | INFO |     step 28600  loss=0.4611  grp_sp=0.000  n_imp=32691  n_red=4317
19:38:32 | INFO |     step 28800  loss=0.4460  grp_sp=0.000  n_imp=32691  n_red=4317
19:40:56 | INFO |     step 29000  loss=0.4416  grp_sp=0.000  n_imp=32691  n_red=4317
19:43:19 | INFO |     step 29200  loss=0.4329  grp_sp=0.000  n_imp=32691  n_red=4317
19:45:43 | INFO |     step 29400  loss=0.4291  grp_sp=0.000  n_imp=32691  n_red=4317
19:48:06 | INFO |     step 29600  loss=0.4253  grp_sp=0.000  n_imp=32691  n_red=4317
19:50:29 | INFO |     step 29800  loss=0.4228  grp_sp=0.000  n_imp=32691  n_red=4317
19:52:53 | INFO |     step 30000  loss=0.4182  grp_sp=0.000  n_imp=32691  n_red=4317
19:55:16 | INFO |     step 30200  loss=0.4177  grp_sp=0.000  n_imp=32691  n_red=4317
19:57:39 | INFO |     step 30400  loss=0.4150  grp_sp=0.000  n_imp=32691  n_red=4317
20:00:02 | INFO |     step 30600  loss=0.4128  grp_sp=0.000  n_imp=32691  n_red=4317
20:02:25 | INFO |     step 30800  loss=0.4119  grp_sp=0.000  n_imp=32691  n_red=4317
20:04:48 | INFO |     step 31000  loss=0.4100  grp_sp=0.000  n_imp=32691  n_red=4317
20:07:12 | INFO |     step 31200  loss=0.4076  grp_sp=0.000  n_imp=32691  n_red=4317
20:09:35 | INFO |     step 31400  loss=0.4076  grp_sp=0.000  n_imp=32691  n_red=4317
20:11:58 | INFO |     step 31600  loss=0.4054  grp_sp=0.000  n_imp=32691  n_red=4317
20:14:21 | INFO |     step 31800  loss=0.4051  grp_sp=0.000  n_imp=32691  n_red=4317
20:16:44 | INFO |     step 32000  loss=0.4035  grp_sp=0.000  n_imp=32691  n_red=4317
20:19:08 | INFO |     step 32200  loss=0.4028  grp_sp=0.000  n_imp=32691  n_red=4317
20:21:32 | INFO |     step 32400  loss=0.4120  grp_sp=0.117  n_imp=28374  n_red=8634
20:23:56 | INFO |     step 32600  loss=0.4191  grp_sp=0.117  n_imp=28374  n_red=8634
20:26:20 | INFO |     step 32800  loss=0.4254  grp_sp=0.117  n_imp=28374  n_red=8634
20:28:45 | INFO |     step 33000  loss=0.4296  grp_sp=0.117  n_imp=28374  n_red=8634
20:33:00 | INFO | [EPOCH 6/16] loss=0.4326  grp_sp=0.117  EM=75.00  F1=83.70  elapsed=417.4min
20:33:01 | INFO |     step 33200  loss=0.1716  grp_sp=0.117  n_imp=28374  n_red=8634
20:35:27 | INFO |     step 33400  loss=0.3332  grp_sp=0.117  n_imp=28374  n_red=8634
20:37:52 | INFO |     step 33600  loss=0.3299  grp_sp=0.117  n_imp=28374  n_red=8634
20:40:17 | INFO |     step 33800  loss=0.3341  grp_sp=0.117  n_imp=28374  n_red=8634
20:42:43 | INFO |     step 34000  loss=0.3324  grp_sp=0.117  n_imp=28374  n_red=8634
20:45:07 | INFO |     step 34200  loss=0.3326  grp_sp=0.117  n_imp=28374  n_red=8634
20:47:32 | INFO |     step 34400  loss=0.3310  grp_sp=0.117  n_imp=28374  n_red=8634
20:49:56 | INFO |     step 34600  loss=0.3348  grp_sp=0.117  n_imp=28374  n_red=8634
20:52:20 | INFO |     step 34800  loss=0.3371  grp_sp=0.117  n_imp=28374  n_red=8634
20:54:45 | INFO |     step 35000  loss=0.3378  grp_sp=0.117  n_imp=28374  n_red=8634
20:57:09 | INFO |     step 35200  loss=0.3392  grp_sp=0.117  n_imp=28374  n_red=8634
20:59:34 | INFO |     step 35400  loss=0.3394  grp_sp=0.117  n_imp=28374  n_red=8634
21:02:41 | INFO |     step 35600  loss=0.3382  grp_sp=0.117  n_imp=28374  n_red=8634
21:09:30 | INFO |     step 35800  loss=0.3382  grp_sp=0.117  n_imp=28374  n_red=8634
21:14:41 | INFO |     step 36000  loss=0.3375  grp_sp=0.117  n_imp=28374  n_red=8634
21:19:25 | INFO |     step 36200  loss=0.3387  grp_sp=0.117  n_imp=28374  n_red=8634
21:25:41 | INFO |     step 36400  loss=0.3383  grp_sp=0.117  n_imp=28374  n_red=8634
21:29:20 | INFO |     step 36600  loss=0.3396  grp_sp=0.117  n_imp=28374  n_red=8634
21:31:46 | INFO |     step 36800  loss=0.3401  grp_sp=0.117  n_imp=28374  n_red=8634
21:34:21 | INFO |     step 37000  loss=0.3473  grp_sp=0.233  n_imp=24057  n_red=12951
21:36:48 | INFO |     step 37200  loss=0.3544  grp_sp=0.233  n_imp=24057  n_red=12951
21:39:14 | INFO |     step 37400  loss=0.3602  grp_sp=0.233  n_imp=24057  n_red=12951
21:41:40 | INFO |     step 37600  loss=0.3653  grp_sp=0.233  n_imp=24057  n_red=12951
21:44:06 | INFO |     step 37800  loss=0.3696  grp_sp=0.233  n_imp=24057  n_red=12951
21:46:33 | INFO |     step 38000  loss=0.3732  grp_sp=0.233  n_imp=24057  n_red=12951
21:48:59 | INFO |     step 38200  loss=0.3753  grp_sp=0.233  n_imp=24057  n_red=12951
21:51:26 | INFO |     step 38400  loss=0.3775  grp_sp=0.233  n_imp=24057  n_red=12951
21:53:52 | INFO |     step 38600  loss=0.3801  grp_sp=0.233  n_imp=24057  n_red=12951
21:57:21 | INFO | [EPOCH 7/16] loss=0.3820  grp_sp=0.233  EM=75.25  F1=84.15  elapsed=501.8min
21:58:11 | INFO |     step 38800  loss=0.2740  grp_sp=0.233  n_imp=24057  n_red=12951
22:00:37 | INFO |     step 39000  loss=0.2793  grp_sp=0.233  n_imp=24057  n_red=12951
22:03:03 | INFO |     step 39200  loss=0.2801  grp_sp=0.233  n_imp=24057  n_red=12951
22:05:30 | INFO |     step 39400  loss=0.2805  grp_sp=0.233  n_imp=24057  n_red=12951
22:07:56 | INFO |     step 39600  loss=0.2792  grp_sp=0.233  n_imp=24057  n_red=12951
22:10:24 | INFO |     step 39800  loss=0.2852  grp_sp=0.233  n_imp=24057  n_red=12951
22:12:50 | INFO |     step 40000  loss=0.2834  grp_sp=0.233  n_imp=24057  n_red=12951
22:15:16 | INFO |     step 40200  loss=0.2851  grp_sp=0.233  n_imp=24057  n_red=12951
22:17:43 | INFO |     step 40400  loss=0.2861  grp_sp=0.233  n_imp=24057  n_red=12951
22:20:11 | INFO |     step 40600  loss=0.2853  grp_sp=0.233  n_imp=24057  n_red=12951
22:22:38 | INFO |     step 40800  loss=0.2872  grp_sp=0.233  n_imp=24057  n_red=12951
22:25:05 | INFO |     step 41000  loss=0.2883  grp_sp=0.233  n_imp=24057  n_red=12951
22:27:30 | INFO |     step 41200  loss=0.2915  grp_sp=0.233  n_imp=24057  n_red=12951
22:29:55 | INFO |     step 41400  loss=0.2922  grp_sp=0.233  n_imp=24057  n_red=12951
22:32:22 | INFO |     step 41600  loss=0.2964  grp_sp=0.350  n_imp=19740  n_red=17268
22:35:12 | INFO |     step 41800  loss=0.3017  grp_sp=0.350  n_imp=19740  n_red=17268
22:37:54 | INFO |     step 42000  loss=0.3065  grp_sp=0.350  n_imp=19740  n_red=17268
22:40:47 | INFO |     step 42200  loss=0.3097  grp_sp=0.350  n_imp=19740  n_red=17268
22:47:29 | INFO |     step 42400  loss=0.3129  grp_sp=0.350  n_imp=19740  n_red=17268
22:52:41 | INFO |     step 42600  loss=0.3167  grp_sp=0.350  n_imp=19740  n_red=17268
22:59:22 | INFO |     step 42800  loss=0.3208  grp_sp=0.350  n_imp=19740  n_red=17268
23:06:08 | INFO |     step 43000  loss=0.3222  grp_sp=0.350  n_imp=19740  n_red=17268
23:09:34 | INFO |     step 43200  loss=0.3238  grp_sp=0.350  n_imp=19740  n_red=17268
23:12:05 | INFO |     step 43400  loss=0.3256  grp_sp=0.350  n_imp=19740  n_red=17268
23:14:47 | INFO |     step 43600  loss=0.3284  grp_sp=0.350  n_imp=19740  n_red=17268
23:17:20 | INFO |     step 43800  loss=0.3305  grp_sp=0.350  n_imp=19740  n_red=17268
23:19:49 | INFO |     step 44000  loss=0.3323  grp_sp=0.350  n_imp=19740  n_red=17268
23:22:21 | INFO |     step 44200  loss=0.3351  grp_sp=0.350  n_imp=19740  n_red=17268
23:25:02 | INFO | [EPOCH 8/16] loss=0.3363  grp_sp=0.350  EM=73.43  F1=83.14  elapsed=589.5min
23:26:43 | INFO |     step 44400  loss=0.2246  grp_sp=0.350  n_imp=19740  n_red=17268
23:29:19 | INFO |     step 44600  loss=0.2362  grp_sp=0.350  n_imp=19740  n_red=17268
23:31:55 | INFO |     step 44800  loss=0.2355  grp_sp=0.350  n_imp=19740  n_red=17268
23:34:28 | INFO |     step 45000  loss=0.2410  grp_sp=0.350  n_imp=19740  n_red=17268
23:37:19 | INFO |     step 45200  loss=0.2417  grp_sp=0.350  n_imp=19740  n_red=17268
23:40:06 | INFO |     step 45400  loss=0.2420  grp_sp=0.350  n_imp=19740  n_red=17268
23:42:55 | INFO |     step 45600  loss=0.2450  grp_sp=0.350  n_imp=19740  n_red=17268
23:45:28 | INFO |     step 45800  loss=0.2472  grp_sp=0.350  n_imp=19740  n_red=17268
23:48:24 | INFO |     step 46000  loss=0.2495  grp_sp=0.350  n_imp=19740  n_red=17268
23:52:16 | INFO |     step 46200  loss=0.2552  grp_sp=0.467  n_imp=15423  n_red=21585
23:56:52 | INFO |     step 46400  loss=0.2579  grp_sp=0.467  n_imp=15423  n_red=21585
00:00:38 | INFO |     step 46600  loss=0.2619  grp_sp=0.467  n_imp=15423  n_red=21585
00:04:21 | INFO |     step 46800  loss=0.2649  grp_sp=0.467  n_imp=15423  n_red=21585
00:06:54 | INFO |     step 47000  loss=0.2662  grp_sp=0.467  n_imp=15423  n_red=21585
00:09:27 | INFO |     step 47200  loss=0.2676  grp_sp=0.467  n_imp=15423  n_red=21585
00:12:04 | INFO |     step 47400  loss=0.2708  grp_sp=0.467  n_imp=15423  n_red=21585
00:14:56 | INFO |     step 47600  loss=0.2726  grp_sp=0.467  n_imp=15423  n_red=21585
00:17:31 | INFO |     step 47800  loss=0.2747  grp_sp=0.467  n_imp=15423  n_red=21585
00:20:21 | INFO |     step 48000  loss=0.2774  grp_sp=0.467  n_imp=15423  n_red=21585
00:23:32 | INFO |     step 48200  loss=0.2786  grp_sp=0.467  n_imp=15423  n_red=21585
00:26:38 | INFO |     step 48400  loss=0.2805  grp_sp=0.467  n_imp=15423  n_red=21585
00:29:17 | INFO |     step 48600  loss=0.2828  grp_sp=0.467  n_imp=15423  n_red=21585
00:31:48 | INFO |     step 48800  loss=0.2844  grp_sp=0.467  n_imp=15423  n_red=21585
00:34:17 | INFO |     step 49000  loss=0.2855  grp_sp=0.467  n_imp=15423  n_red=21585
00:37:23 | INFO |     step 49200  loss=0.2868  grp_sp=0.467  n_imp=15423  n_red=21585
00:40:08 | INFO |     step 49400  loss=0.2883  grp_sp=0.467  n_imp=15423  n_red=21585
00:42:38 | INFO |     step 49600  loss=0.2892  grp_sp=0.467  n_imp=15423  n_red=21585
00:47:00 | INFO | [EPOCH 9/16] loss=0.2915  grp_sp=0.467  EM=73.58  F1=82.94  elapsed=671.4min
00:47:02 | INFO |     step 49800  loss=0.4261  grp_sp=0.467  n_imp=15423  n_red=21585
00:49:30 | INFO |     step 50000  loss=0.2135  grp_sp=0.467  n_imp=15423  n_red=21585
00:51:58 | INFO |     step 50200  loss=0.2035  grp_sp=0.467  n_imp=15423  n_red=21585
00:54:25 | INFO |     step 50400  loss=0.1942  grp_sp=0.467  n_imp=15423  n_red=21585
00:56:52 | INFO |     step 50600  loss=0.1998  grp_sp=0.467  n_imp=15423  n_red=21585
00:59:19 | INFO |     step 50800  loss=0.2059  grp_sp=0.583  n_imp=11103  n_red=25905
01:01:46 | INFO |     step 51000  loss=0.2155  grp_sp=0.583  n_imp=11103  n_red=25905
01:04:12 | INFO |     step 51200  loss=0.2176  grp_sp=0.583  n_imp=11103  n_red=25905
01:06:38 | INFO |     step 51400  loss=0.2196  grp_sp=0.583  n_imp=11103  n_red=25905
01:09:06 | INFO |     step 51600  loss=0.2230  grp_sp=0.583  n_imp=11103  n_red=25905
01:11:32 | INFO |     step 51800  loss=0.2265  grp_sp=0.583  n_imp=11103  n_red=25905
01:13:59 | INFO |     step 52000  loss=0.2304  grp_sp=0.583  n_imp=11103  n_red=25905
01:16:28 | INFO |     step 52200  loss=0.2320  grp_sp=0.583  n_imp=11103  n_red=25905
01:18:58 | INFO |     step 52400  loss=0.2346  grp_sp=0.583  n_imp=11103  n_red=25905
01:21:27 | INFO |     step 52600  loss=0.2371  grp_sp=0.583  n_imp=11103  n_red=25905
01:23:56 | INFO |     step 52800  loss=0.2395  grp_sp=0.583  n_imp=11103  n_red=25905
01:26:25 | INFO |     step 53000  loss=0.2417  grp_sp=0.583  n_imp=11103  n_red=25905
01:28:58 | INFO |     step 53200  loss=0.2450  grp_sp=0.583  n_imp=11103  n_red=25905
01:31:28 | INFO |     step 53400  loss=0.2467  grp_sp=0.583  n_imp=11103  n_red=25905
01:34:00 | INFO |     step 53600  loss=0.2479  grp_sp=0.583  n_imp=11103  n_red=25905
01:36:31 | INFO |     step 53800  loss=0.2504  grp_sp=0.583  n_imp=11103  n_red=25905
01:39:00 | INFO |     step 54000  loss=0.2522  grp_sp=0.583  n_imp=11103  n_red=25905
01:41:30 | INFO |     step 54200  loss=0.2539  grp_sp=0.583  n_imp=11103  n_red=25905
01:44:00 | INFO |     step 54400  loss=0.2548  grp_sp=0.583  n_imp=11103  n_red=25905
01:46:30 | INFO |     step 54600  loss=0.2558  grp_sp=0.583  n_imp=11103  n_red=25905
01:49:01 | INFO |     step 54800  loss=0.2569  grp_sp=0.583  n_imp=11103  n_red=25905
01:51:31 | INFO |     step 55000  loss=0.2585  grp_sp=0.583  n_imp=11103  n_red=25905
01:54:01 | INFO |     step 55200  loss=0.2591  grp_sp=0.583  n_imp=11103  n_red=25905
01:57:32 | INFO | [EPOCH 10/16] loss=0.2601  grp_sp=0.700  EM=71.24  F1=81.46  elapsed=741.9min
01:58:23 | INFO |     step 55400  loss=0.2386  grp_sp=0.700  n_imp=11103  n_red=25905
02:00:50 | INFO |     step 55600  loss=0.2398  grp_sp=0.700  n_imp=11103  n_red=25905
02:03:17 | INFO |     step 55800  loss=0.2290  grp_sp=0.700  n_imp=11103  n_red=25905
02:05:43 | INFO |     step 56000  loss=0.2262  grp_sp=0.700  n_imp=11103  n_red=25905
02:08:10 | INFO |     step 56200  loss=0.2297  grp_sp=0.700  n_imp=11103  n_red=25905
02:10:36 | INFO |     step 56400  loss=0.2267  grp_sp=0.700  n_imp=11103  n_red=25905
02:13:03 | INFO |     step 56600  loss=0.2273  grp_sp=0.700  n_imp=11103  n_red=25905
02:15:29 | INFO |     step 56800  loss=0.2250  grp_sp=0.700  n_imp=11103  n_red=25905
02:17:56 | INFO |     step 57000  loss=0.2237  grp_sp=0.700  n_imp=11103  n_red=25905
02:20:23 | INFO |     step 57200  loss=0.2221  grp_sp=0.700  n_imp=11103  n_red=25905
02:22:50 | INFO |     step 57400  loss=0.2220  grp_sp=0.700  n_imp=11103  n_red=25905
02:25:20 | INFO |     step 57600  loss=0.2223  grp_sp=0.700  n_imp=11103  n_red=25905
02:27:52 | INFO |     step 57800  loss=0.2229  grp_sp=0.700  n_imp=11103  n_red=25905
02:30:23 | INFO |     step 58000  loss=0.2215  grp_sp=0.700  n_imp=11103  n_red=25905
02:32:55 | INFO |     step 58200  loss=0.2213  grp_sp=0.700  n_imp=11103  n_red=25905
02:35:27 | INFO |     step 58400  loss=0.2209  grp_sp=0.700  n_imp=11103  n_red=25905
02:37:58 | INFO |     step 58600  loss=0.2215  grp_sp=0.700  n_imp=11103  n_red=25905
02:40:30 | INFO |     step 58800  loss=0.2220  grp_sp=0.700  n_imp=11103  n_red=25905
02:43:02 | INFO |     step 59000  loss=0.2210  grp_sp=0.700  n_imp=11103  n_red=25905
02:45:33 | INFO |     step 59200  loss=0.2199  grp_sp=0.700  n_imp=11103  n_red=25905
02:48:03 | INFO |     step 59400  loss=0.2189  grp_sp=0.700  n_imp=11103  n_red=25905
02:50:33 | INFO |     step 59600  loss=0.2190  grp_sp=0.700  n_imp=11103  n_red=25905
02:53:03 | INFO |     step 59800  loss=0.2175  grp_sp=0.700  n_imp=11103  n_red=25905
02:55:34 | INFO |     step 60000  loss=0.2175  grp_sp=0.700  n_imp=11103  n_red=25905
02:58:03 | INFO |     step 60200  loss=0.2172  grp_sp=0.700  n_imp=11103  n_red=25905
03:00:34 | INFO |     step 60400  loss=0.2168  grp_sp=0.700  n_imp=11103  n_red=25905
03:03:04 | INFO |     step 60600  loss=0.2167  grp_sp=0.700  n_imp=11103  n_red=25905
03:05:34 | INFO |     step 60800  loss=0.2162  grp_sp=0.700  n_imp=11103  n_red=25905
03:08:15 | INFO | [EPOCH 11/16] loss=0.2164  grp_sp=0.700  EM=71.90  F1=82.44  elapsed=812.6min
03:09:55 | INFO |     step 61000  loss=0.1299  grp_sp=0.700  n_imp=11103  n_red=25905
03:12:21 | INFO |     step 61200  loss=0.1287  grp_sp=0.700  n_imp=11103  n_red=25905
03:14:46 | INFO |     step 61400  loss=0.1261  grp_sp=0.700  n_imp=11103  n_red=25905
03:17:11 | INFO |     step 61600  loss=0.1332  grp_sp=0.700  n_imp=11103  n_red=25905
03:19:33 | INFO |     step 61800  loss=0.1344  grp_sp=0.700  n_imp=11103  n_red=25905
03:21:57 | INFO |     step 62000  loss=0.1348  grp_sp=0.700  n_imp=11103  n_red=25905
03:24:22 | INFO |     step 62200  loss=0.1356  grp_sp=0.700  n_imp=11103  n_red=25905
03:26:47 | INFO |     step 62400  loss=0.1363  grp_sp=0.700  n_imp=11103  n_red=25905
03:29:13 | INFO |     step 62600  loss=0.1353  grp_sp=0.700  n_imp=11103  n_red=25905
03:31:49 | INFO |     step 62800  loss=0.1355  grp_sp=0.700  n_imp=11103  n_red=25905
03:34:24 | INFO |     step 63000  loss=0.1360  grp_sp=0.700  n_imp=11103  n_red=25905
03:36:57 | INFO |     step 63200  loss=0.1354  grp_sp=0.700  n_imp=11103  n_red=25905
03:39:33 | INFO |     step 63400  loss=0.1360  grp_sp=0.700  n_imp=11103  n_red=25905
03:42:06 | INFO |     step 63600  loss=0.1357  grp_sp=0.700  n_imp=11103  n_red=25905
03:44:31 | INFO |     step 63800  loss=0.1365  grp_sp=0.700  n_imp=11103  n_red=25905
03:46:56 | INFO |     step 64000  loss=0.1373  grp_sp=0.700  n_imp=11103  n_red=25905
03:49:21 | INFO |     step 64200  loss=0.1377  grp_sp=0.700  n_imp=11103  n_red=25905
03:51:45 | INFO |     step 64400  loss=0.1379  grp_sp=0.700  n_imp=11103  n_red=25905
03:54:10 | INFO |     step 64600  loss=0.1384  grp_sp=0.700  n_imp=11103  n_red=25905
03:56:34 | INFO |     step 64800  loss=0.1386  grp_sp=0.700  n_imp=11103  n_red=25905
03:58:58 | INFO |     step 65000  loss=0.1388  grp_sp=0.700  n_imp=11103  n_red=25905
04:01:23 | INFO |     step 65200  loss=0.1387  grp_sp=0.700  n_imp=11103  n_red=25905
04:03:48 | INFO |     step 65400  loss=0.1389  grp_sp=0.700  n_imp=11103  n_red=25905
04:06:12 | INFO |     step 65600  loss=0.1389  grp_sp=0.700  n_imp=11103  n_red=25905
04:08:38 | INFO |     step 65800  loss=0.1395  grp_sp=0.700  n_imp=11103  n_red=25905
04:11:03 | INFO |     step 66000  loss=0.1398  grp_sp=0.700  n_imp=11103  n_red=25905
04:13:28 | INFO |     step 66200  loss=0.1399  grp_sp=0.700  n_imp=11103  n_red=25905
04:17:44 | INFO | [EPOCH 12/16] loss=0.1406  grp_sp=0.700  EM=72.91  F1=83.14  elapsed=882.1min
04:17:47 | INFO |     step 66400  loss=0.1639  grp_sp=0.700  n_imp=11103  n_red=25905
04:20:12 | INFO |     step 66600  loss=0.0921  grp_sp=0.700  n_imp=11103  n_red=25905
04:22:36 | INFO |     step 66800  loss=0.0914  grp_sp=0.700  n_imp=11103  n_red=25905
04:25:00 | INFO |     step 67000  loss=0.0939  grp_sp=0.700  n_imp=11103  n_red=25905
04:27:24 | INFO |     step 67200  loss=0.0973  grp_sp=0.700  n_imp=11103  n_red=25905
04:29:47 | INFO |     step 67400  loss=0.0958  grp_sp=0.700  n_imp=11103  n_red=25905
04:32:09 | INFO |     step 67600  loss=0.0973  grp_sp=0.700  n_imp=11103  n_red=25905
04:34:32 | INFO |     step 67800  loss=0.0955  grp_sp=0.700  n_imp=11103  n_red=25905
04:36:55 | INFO |     step 68000  loss=0.0958  grp_sp=0.700  n_imp=11103  n_red=25905
04:39:17 | INFO |     step 68200  loss=0.0975  grp_sp=0.700  n_imp=11103  n_red=25905
04:41:39 | INFO |     step 68400  loss=0.0976  grp_sp=0.700  n_imp=11103  n_red=25905
04:44:01 | INFO |     step 68600  loss=0.0986  grp_sp=0.700  n_imp=11103  n_red=25905
04:46:23 | INFO |     step 68800  loss=0.0976  grp_sp=0.700  n_imp=11103  n_red=25905
04:48:45 | INFO |     step 69000  loss=0.0977  grp_sp=0.700  n_imp=11103  n_red=25905
04:51:07 | INFO |     step 69200  loss=0.0983  grp_sp=0.700  n_imp=11103  n_red=25905
04:53:29 | INFO |     step 69400  loss=0.0982  grp_sp=0.700  n_imp=11103  n_red=25905
04:55:52 | INFO |     step 69600  loss=0.0984  grp_sp=0.700  n_imp=11103  n_red=25905
04:58:15 | INFO |     step 69800  loss=0.0995  grp_sp=0.700  n_imp=11103  n_red=25905
05:00:37 | INFO |     step 70000  loss=0.0989  grp_sp=0.700  n_imp=11103  n_red=25905
05:02:59 | INFO |     step 70200  loss=0.0984  grp_sp=0.700  n_imp=11103  n_red=25905
05:05:20 | INFO |     step 70400  loss=0.0986  grp_sp=0.700  n_imp=11103  n_red=25905
05:07:42 | INFO |     step 70600  loss=0.0990  grp_sp=0.700  n_imp=11103  n_red=25905
05:10:04 | INFO |     step 70800  loss=0.0995  grp_sp=0.700  n_imp=11103  n_red=25905
05:12:26 | INFO |     step 71000  loss=0.1000  grp_sp=0.700  n_imp=11103  n_red=25905
05:14:48 | INFO |     step 71200  loss=0.1002  grp_sp=0.700  n_imp=11103  n_red=25905
05:17:11 | INFO |     step 71400  loss=0.0999  grp_sp=0.700  n_imp=11103  n_red=25905
05:19:34 | INFO |     step 71600  loss=0.0999  grp_sp=0.700  n_imp=11103  n_red=25905
05:21:58 | INFO |     step 71800  loss=0.1000  grp_sp=0.700  n_imp=11103  n_red=25905
05:25:22 | INFO | [EPOCH 13/16] loss=0.0999  grp_sp=0.700  EM=73.03  F1=83.12  elapsed=949.8min
05:26:13 | INFO |     step 72000  loss=0.0729  grp_sp=0.700  n_imp=11103  n_red=25905
05:28:36 | INFO |     step 72200  loss=0.0651  grp_sp=0.700  n_imp=11103  n_red=25905
05:30:58 | INFO |     step 72400  loss=0.0666  grp_sp=0.700  n_imp=11103  n_red=25905
05:33:20 | INFO |     step 72600  loss=0.0668  grp_sp=0.700  n_imp=11103  n_red=25905
05:35:41 | INFO |     step 72800  loss=0.0672  grp_sp=0.700  n_imp=11103  n_red=25905
05:38:04 | INFO |     step 73000  loss=0.0674  grp_sp=0.700  n_imp=11103  n_red=25905
05:40:27 | INFO |     step 73200  loss=0.0684  grp_sp=0.700  n_imp=11103  n_red=25905
05:42:49 | INFO |     step 73400  loss=0.0692  grp_sp=0.700  n_imp=11103  n_red=25905
05:45:11 | INFO |     step 73600  loss=0.0693  grp_sp=0.700  n_imp=11103  n_red=25905
05:47:34 | INFO |     step 73800  loss=0.0698  grp_sp=0.700  n_imp=11103  n_red=25905
05:49:55 | INFO |     step 74000  loss=0.0697  grp_sp=0.700  n_imp=11103  n_red=25905
05:52:16 | INFO |     step 74200  loss=0.0704  grp_sp=0.700  n_imp=11103  n_red=25905
05:54:37 | INFO |     step 74400  loss=0.0702  grp_sp=0.700  n_imp=11103  n_red=25905
05:56:59 | INFO |     step 74600  loss=0.0706  grp_sp=0.700  n_imp=11103  n_red=25905
05:59:20 | INFO |     step 74800  loss=0.0700  grp_sp=0.700  n_imp=11103  n_red=25905
06:01:42 | INFO |     step 75000  loss=0.0696  grp_sp=0.700  n_imp=11103  n_red=25905
06:04:05 | INFO |     step 75200  loss=0.0699  grp_sp=0.700  n_imp=11103  n_red=25905
06:06:27 | INFO |     step 75400  loss=0.0697  grp_sp=0.700  n_imp=11103  n_red=25905
06:08:49 | INFO |     step 75600  loss=0.0697  grp_sp=0.700  n_imp=11103  n_red=25905
06:11:10 | INFO |     step 75800  loss=0.0699  grp_sp=0.700  n_imp=11103  n_red=25905
06:13:32 | INFO |     step 76000  loss=0.0704  grp_sp=0.700  n_imp=11103  n_red=25905
06:15:53 | INFO |     step 76200  loss=0.0703  grp_sp=0.700  n_imp=11103  n_red=25905
06:18:14 | INFO |     step 76400  loss=0.0702  grp_sp=0.700  n_imp=11103  n_red=25905
06:20:36 | INFO |     step 76600  loss=0.0705  grp_sp=0.700  n_imp=11103  n_red=25905
06:22:57 | INFO |     step 76800  loss=0.0709  grp_sp=0.700  n_imp=11103  n_red=25905
06:25:19 | INFO |     step 77000  loss=0.0711  grp_sp=0.700  n_imp=11103  n_red=25905
06:27:41 | INFO |     step 77200  loss=0.0713  grp_sp=0.700  n_imp=11103  n_red=25905
06:30:03 | INFO |     step 77400  loss=0.0715  grp_sp=0.700  n_imp=11103  n_red=25905
06:32:39 | INFO | [EPOCH 14/16] loss=0.0717  grp_sp=0.700  EM=73.21  F1=83.25  elapsed=1017.1min
06:34:17 | INFO |     step 77600  loss=0.0524  grp_sp=0.700  n_imp=11103  n_red=25905
06:36:39 | INFO |     step 77800  loss=0.0473  grp_sp=0.700  n_imp=11103  n_red=25905
06:39:01 | INFO |     step 78000  loss=0.0483  grp_sp=0.700  n_imp=11103  n_red=25905
06:41:23 | INFO |     step 78200  loss=0.0479  grp_sp=0.700  n_imp=11103  n_red=25905
06:43:44 | INFO |     step 78400  loss=0.0470  grp_sp=0.700  n_imp=11103  n_red=25905
06:46:06 | INFO |     step 78600  loss=0.0488  grp_sp=0.700  n_imp=11103  n_red=25905
06:48:27 | INFO |     step 78800  loss=0.0501  grp_sp=0.700  n_imp=11103  n_red=25905
06:50:48 | INFO |     step 79000  loss=0.0509  grp_sp=0.700  n_imp=11103  n_red=25905
06:53:09 | INFO |     step 79200  loss=0.0512  grp_sp=0.700  n_imp=11103  n_red=25905
06:55:30 | INFO |     step 79400  loss=0.0520  grp_sp=0.700  n_imp=11103  n_red=25905
06:57:51 | INFO |     step 79600  loss=0.0518  grp_sp=0.700  n_imp=11103  n_red=25905
07:00:11 | INFO |     step 79800  loss=0.0516  grp_sp=0.700  n_imp=11103  n_red=25905
07:02:32 | INFO |     step 80000  loss=0.0513  grp_sp=0.700  n_imp=11103  n_red=25905
07:04:52 | INFO |     step 80200  loss=0.0511  grp_sp=0.700  n_imp=11103  n_red=25905
07:07:13 | INFO |     step 80400  loss=0.0515  grp_sp=0.700  n_imp=11103  n_red=25905
07:09:33 | INFO |     step 80600  loss=0.0519  grp_sp=0.700  n_imp=11103  n_red=25905
07:11:54 | INFO |     step 80800  loss=0.0522  grp_sp=0.700  n_imp=11103  n_red=25905
07:14:15 | INFO |     step 81000  loss=0.0518  grp_sp=0.700  n_imp=11103  n_red=25905
07:16:36 | INFO |     step 81200  loss=0.0515  grp_sp=0.700  n_imp=11103  n_red=25905
07:18:56 | INFO |     step 81400  loss=0.0516  grp_sp=0.700  n_imp=11103  n_red=25905
07:21:17 | INFO |     step 81600  loss=0.0515  grp_sp=0.700  n_imp=11103  n_red=25905
07:23:37 | INFO |     step 81800  loss=0.0518  grp_sp=0.700  n_imp=11103  n_red=25905
07:25:57 | INFO |     step 82000  loss=0.0518  grp_sp=0.700  n_imp=11103  n_red=25905
07:28:18 | INFO |     step 82200  loss=0.0517  grp_sp=0.700  n_imp=11103  n_red=25905
07:30:38 | INFO |     step 82400  loss=0.0517  grp_sp=0.700  n_imp=11103  n_red=25905
07:32:58 | INFO |     step 82600  loss=0.0516  grp_sp=0.700  n_imp=11103  n_red=25905
07:35:19 | INFO |     step 82800  loss=0.0518  grp_sp=0.700  n_imp=11103  n_red=25905
07:39:28 | INFO | [EPOCH 15/16] loss=0.0518  grp_sp=0.700  EM=73.95  F1=83.68  elapsed=1083.9min
07:39:32 | INFO |     step 83000  loss=0.0722  grp_sp=0.700  n_imp=11103  n_red=25905
07:41:52 | INFO |     step 83200  loss=0.0361  grp_sp=0.700  n_imp=11103  n_red=25905
07:44:13 | INFO |     step 83400  loss=0.0359  grp_sp=0.700  n_imp=11103  n_red=25905
07:46:34 | INFO |     step 83600  loss=0.0369  grp_sp=0.700  n_imp=11103  n_red=25905
07:48:55 | INFO |     step 83800  loss=0.0364  grp_sp=0.700  n_imp=11103  n_red=25905
07:51:16 | INFO |     step 84000  loss=0.0383  grp_sp=0.700  n_imp=11103  n_red=25905
07:53:37 | INFO |     step 84200  loss=0.0382  grp_sp=0.700  n_imp=11103  n_red=25905
07:55:58 | INFO |     step 84400  loss=0.0383  grp_sp=0.700  n_imp=11103  n_red=25905
07:58:19 | INFO |     step 84600  loss=0.0390  grp_sp=0.700  n_imp=11103  n_red=25905
08:00:40 | INFO |     step 84800  loss=0.0393  grp_sp=0.700  n_imp=11103  n_red=25905
08:03:01 | INFO |     step 85000  loss=0.0385  grp_sp=0.700  n_imp=11103  n_red=25905
08:05:22 | INFO |     step 85200  loss=0.0392  grp_sp=0.700  n_imp=11103  n_red=25905
08:07:42 | INFO |     step 85400  loss=0.0390  grp_sp=0.700  n_imp=11103  n_red=25905
08:10:02 | INFO |     step 85600  loss=0.0389  grp_sp=0.700  n_imp=11103  n_red=25905
08:12:22 | INFO |     step 85800  loss=0.0385  grp_sp=0.700  n_imp=11103  n_red=25905
08:14:42 | INFO |     step 86000  loss=0.0382  grp_sp=0.700  n_imp=11103  n_red=25905
08:17:03 | INFO |     step 86200  loss=0.0381  grp_sp=0.700  n_imp=11103  n_red=25905
08:19:23 | INFO |     step 86400  loss=0.0383  grp_sp=0.700  n_imp=11103  n_red=25905
08:21:44 | INFO |     step 86600  loss=0.0383  grp_sp=0.700  n_imp=11103  n_red=25905
08:24:04 | INFO |     step 86800  loss=0.0381  grp_sp=0.700  n_imp=11103  n_red=25905
08:26:24 | INFO |     step 87000  loss=0.0383  grp_sp=0.700  n_imp=11103  n_red=25905
08:28:44 | INFO |     step 87200  loss=0.0383  grp_sp=0.700  n_imp=11103  n_red=25905
08:31:04 | INFO |     step 87400  loss=0.0384  grp_sp=0.700  n_imp=11103  n_red=25905
08:33:25 | INFO |     step 87600  loss=0.0383  grp_sp=0.700  n_imp=11103  n_red=25905
08:35:46 | INFO |     step 87800  loss=0.0386  grp_sp=0.700  n_imp=11103  n_red=25905
08:38:06 | INFO |     step 88000  loss=0.0386  grp_sp=0.700  n_imp=11103  n_red=25905
08:40:26 | INFO |     step 88200  loss=0.0385  grp_sp=0.700  n_imp=11103  n_red=25905
08:42:48 | INFO |     step 88400  loss=0.0385  grp_sp=0.700  n_imp=11103  n_red=25905
08:46:10 | INFO | [EPOCH 16/16] loss=0.0384  grp_sp=0.700  EM=73.71  F1=83.61  elapsed=1150.6min
08:46:10 | INFO | [TRAIN] done. best F1=86.31 @ ep3 (pre-compression)  final F1=83.61
08:46:10 | INFO | [FINAL] target sparsity=0.7  actual=0.7000
08:46:10 | INFO | [SUBNET] constructing compressed model
08:46:11 | INFO | [SUBNET] full  : ./results/combined16_sp70/BertForQuestionAnswering_full_group_sparse.pt
08:46:11 | INFO | [SUBNET] comp  : ./results/combined16_sp70/BertForQuestionAnswering_compressed.pt
08:47:38 | INFO | [METRICS] BOPs=1856122.3M  params=69.08M
08:47:38 | INFO | [EVAL compressed] EM=73.72  F1=83.61
08:47:38 | INFO | [SAVE] results -> ./results/combined16_sp70/
08:47:38 | INFO | 
============================================================
08:47:38 | INFO |   SUMMARY
08:47:38 | INFO | ============================================================
08:47:38 | INFO |     Target    Actual      fEM      fF1      cEM      cF1     BOPs(M)   Params(M)
08:47:38 | INFO |        50%    0.5000    74.41    84.01    74.45    84.02   2315940.8       80.45
08:47:38 | INFO |        70%    0.7000    73.71    83.61    73.72    83.61   1856122.3       69.08
08:47:38 | INFO |   (fEM/fF1 = last-epoch eval before construct_subnet; cEM/cF1 = compressed model)
08:47:38 | INFO | 
[OK] Phase 5 complete. Results in ./results/
