17:48:17 | INFO | [log] ./results/phase5_20260424_174817.log
17:48:17 | INFO | [env] torch=2.5.1+cu121  device=cuda
17:48:17 | INFO | [cfg] sparsity=[0.5]  epochs=10  bs=4  lr=3e-05  lr_quant=0.0001  br=2  P=6  Kp=6  seed=42
17:48:24 | INFO | [DATA] raw train=87599  raw val=10570
17:48:24 | INFO | [DATA] train features=88524  val features=10784
17:48:24 | INFO | 
============================================================
17:48:24 | INFO |   EXPERIMENT: sparsity=0.5  tag=sp50
17:48:24 | INFO | ============================================================
17:48:24 | INFO | [M1] loading BERT QA
17:48:26 | INFO | [M2] quantize wrap + STE fix
17:48:26 | INFO | [CALIB] running 8 batches of bs=4
17:48:27 | INFO | [calib] 8 batches over 73 layers  (skipped=0)  num_bits=16  safety=1.05
17:48:27 | INFO | [calib] observed max|x|: min=2.665  median=14.866  max=137.556
17:48:27 | INFO | [M3] building OTO graph
17:49:24 | INFO | [SCHED] steps/epoch=22131  total=221310  start_prune=36885  prune_steps=184425  prune_periods=6  proj_periods=6  proj_steps=36885
17:49:24 | INFO | [M4] building GETA optimizer
17:49:24 | INFO | [M4] GETA optimizer built, 26 param groups
17:49:24 | INFO | [TRAIN] starting
17:52:00 | INFO |     step 200  loss=4.1785  grp_sp=0.000  n_imp=37008  n_red=0
17:54:35 | INFO |     step 400  loss=3.4077  grp_sp=0.000  n_imp=37008  n_red=0
17:57:12 | INFO |     step 600  loss=2.9894  grp_sp=0.000  n_imp=37008  n_red=0
17:59:49 | INFO |     step 800  loss=2.7209  grp_sp=0.000  n_imp=37008  n_red=0
18:08:52 | INFO |     step 1000  loss=2.5361  grp_sp=0.000  n_imp=37008  n_red=0
18:20:16 | INFO |     step 1200  loss=2.4141  grp_sp=0.000  n_imp=37008  n_red=0
18:31:43 | INFO |     step 1400  loss=2.3059  grp_sp=0.000  n_imp=37008  n_red=0
18:42:51 | INFO |     step 1600  loss=2.2097  grp_sp=0.000  n_imp=37008  n_red=0
18:53:54 | INFO |     step 1800  loss=2.1363  grp_sp=0.000  n_imp=37008  n_red=0
19:04:10 | INFO |     step 2000  loss=2.0853  grp_sp=0.000  n_imp=37008  n_red=0
19:14:10 | INFO |     step 2200  loss=2.0389  grp_sp=0.000  n_imp=37008  n_red=0
19:24:08 | INFO |     step 2400  loss=1.9992  grp_sp=0.000  n_imp=37008  n_red=0
19:34:29 | INFO |     step 2600  loss=1.9631  grp_sp=0.000  n_imp=37008  n_red=0
19:44:16 | INFO |     step 2800  loss=1.9228  grp_sp=0.000  n_imp=37008  n_red=0
19:53:46 | INFO |     step 3000  loss=1.8921  grp_sp=0.000  n_imp=37008  n_red=0
19:58:26 | INFO |     step 3200  loss=1.8643  grp_sp=0.000  n_imp=37008  n_red=0
20:01:11 | INFO |     step 3400  loss=1.8363  grp_sp=0.000  n_imp=37008  n_red=0
20:03:54 | INFO |     step 3600  loss=1.8101  grp_sp=0.000  n_imp=37008  n_red=0
20:06:28 | INFO |     step 3800  loss=1.7894  grp_sp=0.000  n_imp=37008  n_red=0
20:09:00 | INFO |     step 4000  loss=1.7693  grp_sp=0.000  n_imp=37008  n_red=0
20:11:34 | INFO |     step 4200  loss=1.7473  grp_sp=0.000  n_imp=37008  n_red=0
20:14:09 | INFO |     step 4400  loss=1.7280  grp_sp=0.000  n_imp=37008  n_red=0
20:16:45 | INFO |     step 4600  loss=1.7123  grp_sp=0.000  n_imp=37008  n_red=0
20:19:22 | INFO |     step 4800  loss=1.6972  grp_sp=0.000  n_imp=37008  n_red=0
20:21:57 | INFO |     step 5000  loss=1.6795  grp_sp=0.000  n_imp=37008  n_red=0
20:24:33 | INFO |     step 5200  loss=1.6631  grp_sp=0.000  n_imp=37008  n_red=0
20:27:10 | INFO |     step 5400  loss=1.6491  grp_sp=0.000  n_imp=37008  n_red=0
20:29:46 | INFO |     step 5600  loss=1.6389  grp_sp=0.000  n_imp=37008  n_red=0
20:32:21 | INFO |     step 5800  loss=1.6224  grp_sp=0.000  n_imp=37008  n_red=0
20:34:56 | INFO |     step 6000  loss=1.6142  grp_sp=0.000  n_imp=37008  n_red=0
20:37:31 | INFO |     step 6200  loss=1.5989  grp_sp=0.000  n_imp=37008  n_red=0
20:40:07 | INFO |     step 6400  loss=1.5908  grp_sp=0.000  n_imp=37008  n_red=0
20:42:42 | INFO |     step 6600  loss=1.5826  grp_sp=0.000  n_imp=37008  n_red=0
20:45:20 | INFO |     step 6800  loss=1.5727  grp_sp=0.000  n_imp=37008  n_red=0
20:48:05 | INFO |     step 7000  loss=1.5638  grp_sp=0.000  n_imp=37008  n_red=0
20:50:50 | INFO |     step 7200  loss=1.5550  grp_sp=0.000  n_imp=37008  n_red=0
20:53:37 | INFO |     step 7400  loss=1.5465  grp_sp=0.000  n_imp=37008  n_red=0
20:56:14 | INFO |     step 7600  loss=1.5372  grp_sp=0.000  n_imp=37008  n_red=0
20:58:50 | INFO |     step 7800  loss=1.5309  grp_sp=0.000  n_imp=37008  n_red=0
21:01:26 | INFO |     step 8000  loss=1.5241  grp_sp=0.000  n_imp=37008  n_red=0
21:04:02 | INFO |     step 8200  loss=1.5175  grp_sp=0.000  n_imp=37008  n_red=0
21:06:38 | INFO |     step 8400  loss=1.5105  grp_sp=0.000  n_imp=37008  n_red=0
21:09:16 | INFO |     step 8600  loss=1.5030  grp_sp=0.000  n_imp=37008  n_red=0
21:11:52 | INFO |     step 8800  loss=1.4954  grp_sp=0.000  n_imp=37008  n_red=0
21:14:31 | INFO |     step 9000  loss=1.4892  grp_sp=0.000  n_imp=37008  n_red=0
21:17:08 | INFO |     step 9200  loss=1.4835  grp_sp=0.000  n_imp=37008  n_red=0
21:19:45 | INFO |     step 9400  loss=1.4784  grp_sp=0.000  n_imp=37008  n_red=0
21:22:23 | INFO |     step 9600  loss=1.4731  grp_sp=0.000  n_imp=37008  n_red=0
21:25:04 | INFO |     step 9800  loss=1.4677  grp_sp=0.000  n_imp=37008  n_red=0
21:27:50 | INFO |     step 10000  loss=1.4617  grp_sp=0.000  n_imp=37008  n_red=0
21:30:34 | INFO |     step 10200  loss=1.4560  grp_sp=0.000  n_imp=37008  n_red=0
21:33:12 | INFO |     step 10400  loss=1.4501  grp_sp=0.000  n_imp=37008  n_red=0
21:35:49 | INFO |     step 10600  loss=1.4453  grp_sp=0.000  n_imp=37008  n_red=0
21:38:28 | INFO |     step 10800  loss=1.4395  grp_sp=0.000  n_imp=37008  n_red=0
21:41:05 | INFO |     step 11000  loss=1.4356  grp_sp=0.000  n_imp=37008  n_red=0
21:43:43 | INFO |     step 11200  loss=1.4310  grp_sp=0.000  n_imp=37008  n_red=0
21:46:21 | INFO |     step 11400  loss=1.4262  grp_sp=0.000  n_imp=37008  n_red=0
21:48:58 | INFO |     step 11600  loss=1.4213  grp_sp=0.000  n_imp=37008  n_red=0
21:51:35 | INFO |     step 11800  loss=1.4167  grp_sp=0.000  n_imp=37008  n_red=0
21:54:15 | INFO |     step 12000  loss=1.4128  grp_sp=0.000  n_imp=37008  n_red=0
21:56:53 | INFO |     step 12200  loss=1.4096  grp_sp=0.000  n_imp=37008  n_red=0
21:59:31 | INFO |     step 12400  loss=1.4056  grp_sp=0.000  n_imp=37008  n_red=0
22:02:12 | INFO |     step 12600  loss=1.4019  grp_sp=0.000  n_imp=37008  n_red=0
22:04:51 | INFO |     step 12800  loss=1.3962  grp_sp=0.000  n_imp=37008  n_red=0
22:07:34 | INFO |     step 13000  loss=1.3920  grp_sp=0.000  n_imp=37008  n_red=0
22:10:11 | INFO |     step 13200  loss=1.3891  grp_sp=0.000  n_imp=37008  n_red=0
22:12:48 | INFO |     step 13400  loss=1.3859  grp_sp=0.000  n_imp=37008  n_red=0
22:15:25 | INFO |     step 13600  loss=1.3822  grp_sp=0.000  n_imp=37008  n_red=0
22:18:03 | INFO |     step 13800  loss=1.3785  grp_sp=0.000  n_imp=37008  n_red=0
22:20:40 | INFO |     step 14000  loss=1.3750  grp_sp=0.000  n_imp=37008  n_red=0
22:23:17 | INFO |     step 14200  loss=1.3713  grp_sp=0.000  n_imp=37008  n_red=0
22:25:54 | INFO |     step 14400  loss=1.3684  grp_sp=0.000  n_imp=37008  n_red=0
22:28:32 | INFO |     step 14600  loss=1.3651  grp_sp=0.000  n_imp=37008  n_red=0
22:31:10 | INFO |     step 14800  loss=1.3620  grp_sp=0.000  n_imp=37008  n_red=0
22:33:49 | INFO |     step 15000  loss=1.3582  grp_sp=0.000  n_imp=37008  n_red=0
22:36:27 | INFO |     step 15200  loss=1.3549  grp_sp=0.000  n_imp=37008  n_red=0
22:39:04 | INFO |     step 15400  loss=1.3530  grp_sp=0.000  n_imp=37008  n_red=0
22:41:41 | INFO |     step 15600  loss=1.3505  grp_sp=0.000  n_imp=37008  n_red=0
22:44:19 | INFO |     step 15800  loss=1.3479  grp_sp=0.000  n_imp=37008  n_red=0
22:46:55 | INFO |     step 16000  loss=1.3453  grp_sp=0.000  n_imp=37008  n_red=0
22:49:31 | INFO |     step 16200  loss=1.3431  grp_sp=0.000  n_imp=37008  n_red=0
22:52:07 | INFO |     step 16400  loss=1.3409  grp_sp=0.000  n_imp=37008  n_red=0
22:54:44 | INFO |     step 16600  loss=1.3381  grp_sp=0.000  n_imp=37008  n_red=0
22:57:21 | INFO |     step 16800  loss=1.3353  grp_sp=0.000  n_imp=37008  n_red=0
22:59:58 | INFO |     step 17000  loss=1.3332  grp_sp=0.000  n_imp=37008  n_red=0
23:02:34 | INFO |     step 17200  loss=1.3302  grp_sp=0.000  n_imp=37008  n_red=0
23:05:10 | INFO |     step 17400  loss=1.3275  grp_sp=0.000  n_imp=37008  n_red=0
23:07:50 | INFO |     step 17600  loss=1.3256  grp_sp=0.000  n_imp=37008  n_red=0
23:10:34 | INFO |     step 17800  loss=1.3231  grp_sp=0.000  n_imp=37008  n_red=0
23:13:18 | INFO |     step 18000  loss=1.3202  grp_sp=0.000  n_imp=37008  n_red=0
23:16:01 | INFO |     step 18200  loss=1.3179  grp_sp=0.000  n_imp=37008  n_red=0
23:18:41 | INFO |     step 18400  loss=1.3149  grp_sp=0.000  n_imp=37008  n_red=0
23:21:20 | INFO |     step 18600  loss=1.3117  grp_sp=0.000  n_imp=37008  n_red=0
23:23:56 | INFO |     step 18800  loss=1.3092  grp_sp=0.000  n_imp=37008  n_red=0
23:26:36 | INFO |     step 19000  loss=1.3075  grp_sp=0.000  n_imp=37008  n_red=0
23:29:12 | INFO |     step 19200  loss=1.3065  grp_sp=0.000  n_imp=37008  n_red=0
23:31:48 | INFO |     step 19400  loss=1.3046  grp_sp=0.000  n_imp=37008  n_red=0
23:34:25 | INFO |     step 19600  loss=1.3029  grp_sp=0.000  n_imp=37008  n_red=0
23:37:02 | INFO |     step 19800  loss=1.3010  grp_sp=0.000  n_imp=37008  n_red=0
23:39:37 | INFO |     step 20000  loss=1.2996  grp_sp=0.000  n_imp=37008  n_red=0
23:42:13 | INFO |     step 20200  loss=1.2984  grp_sp=0.000  n_imp=37008  n_red=0
23:44:50 | INFO |     step 20400  loss=1.2964  grp_sp=0.000  n_imp=37008  n_red=0
23:47:28 | INFO |     step 20600  loss=1.2941  grp_sp=0.000  n_imp=37008  n_red=0
23:50:04 | INFO |     step 20800  loss=1.2922  grp_sp=0.000  n_imp=37008  n_red=0
23:52:39 | INFO |     step 21000  loss=1.2909  grp_sp=0.000  n_imp=37008  n_red=0
23:55:17 | INFO |     step 21200  loss=1.2894  grp_sp=0.000  n_imp=37008  n_red=0
23:58:01 | INFO |     step 21400  loss=1.2875  grp_sp=0.000  n_imp=37008  n_red=0
00:00:38 | INFO |     step 21600  loss=1.2861  grp_sp=0.000  n_imp=37008  n_red=0
00:03:14 | INFO |     step 21800  loss=1.2844  grp_sp=0.000  n_imp=37008  n_red=0
00:05:51 | INFO |     step 22000  loss=1.2832  grp_sp=0.000  n_imp=37008  n_red=0
00:11:36 | INFO | [EPOCH 1/10] loss=1.2825  grp_sp=0.000  EM=77.80  F1=85.51  elapsed=378.4min
00:12:30 | INFO |     step 22200  loss=0.7229  grp_sp=0.000  n_imp=37008  n_red=0
00:15:06 | INFO |     step 22400  loss=0.7243  grp_sp=0.000  n_imp=37008  n_red=0
00:17:45 | INFO |     step 22600  loss=0.7262  grp_sp=0.000  n_imp=37008  n_red=0
00:20:24 | INFO |     step 22800  loss=0.7422  grp_sp=0.000  n_imp=37008  n_red=0
00:23:05 | INFO |     step 23000  loss=0.7582  grp_sp=0.000  n_imp=37008  n_red=0
00:25:49 | INFO |     step 23200  loss=0.7668  grp_sp=0.000  n_imp=37008  n_red=0
00:28:32 | INFO |     step 23400  loss=0.7712  grp_sp=0.000  n_imp=37008  n_red=0
00:31:15 | INFO |     step 23600  loss=0.7748  grp_sp=0.000  n_imp=37008  n_red=0
00:34:00 | INFO |     step 23800  loss=0.7675  grp_sp=0.000  n_imp=37008  n_red=0
00:36:44 | INFO |     step 24000  loss=0.7643  grp_sp=0.000  n_imp=37008  n_red=0
00:39:27 | INFO |     step 24200  loss=0.7666  grp_sp=0.000  n_imp=37008  n_red=0
00:42:03 | INFO |     step 24400  loss=0.7679  grp_sp=0.000  n_imp=37008  n_red=0
00:44:42 | INFO |     step 24600  loss=0.7690  grp_sp=0.000  n_imp=37008  n_red=0
00:47:22 | INFO |     step 24800  loss=0.7732  grp_sp=0.000  n_imp=37008  n_red=0
00:49:59 | INFO |     step 25000  loss=0.7786  grp_sp=0.000  n_imp=37008  n_red=0
00:52:34 | INFO |     step 25200  loss=0.7804  grp_sp=0.000  n_imp=37008  n_red=0
00:55:12 | INFO |     step 25400  loss=0.7820  grp_sp=0.000  n_imp=37008  n_red=0
00:57:49 | INFO |     step 25600  loss=0.7850  grp_sp=0.000  n_imp=37008  n_red=0
01:00:26 | INFO |     step 25800  loss=0.7845  grp_sp=0.000  n_imp=37008  n_red=0
01:03:03 | INFO |     step 26000  loss=0.7879  grp_sp=0.000  n_imp=37008  n_red=0
01:05:41 | INFO |     step 26200  loss=0.7889  grp_sp=0.000  n_imp=37008  n_red=0
01:08:18 | INFO |     step 26400  loss=0.7890  grp_sp=0.000  n_imp=37008  n_red=0
01:10:55 | INFO |     step 26600  loss=0.7892  grp_sp=0.000  n_imp=37008  n_red=0
01:13:32 | INFO |     step 26800  loss=0.7908  grp_sp=0.000  n_imp=37008  n_red=0
01:16:08 | INFO |     step 27000  loss=0.7934  grp_sp=0.000  n_imp=37008  n_red=0
01:18:46 | INFO |     step 27200  loss=0.7922  grp_sp=0.000  n_imp=37008  n_red=0
01:21:22 | INFO |     step 27400  loss=0.7911  grp_sp=0.000  n_imp=37008  n_red=0
01:23:59 | INFO |     step 27600  loss=0.7896  grp_sp=0.000  n_imp=37008  n_red=0
01:26:36 | INFO |     step 27800  loss=0.7908  grp_sp=0.000  n_imp=37008  n_red=0
01:29:12 | INFO |     step 28000  loss=0.7936  grp_sp=0.000  n_imp=37008  n_red=0
01:31:48 | INFO |     step 28200  loss=0.7937  grp_sp=0.000  n_imp=37008  n_red=0
01:34:24 | INFO |     step 28400  loss=0.7929  grp_sp=0.000  n_imp=37008  n_red=0
01:37:00 | INFO |     step 28600  loss=0.7953  grp_sp=0.000  n_imp=37008  n_red=0
01:39:35 | INFO |     step 28800  loss=0.7976  grp_sp=0.000  n_imp=37008  n_red=0
01:42:11 | INFO |     step 29000  loss=0.7980  grp_sp=0.000  n_imp=37008  n_red=0
01:44:49 | INFO |     step 29200  loss=0.7997  grp_sp=0.000  n_imp=37008  n_red=0
01:47:25 | INFO |     step 29400  loss=0.7988  grp_sp=0.000  n_imp=37008  n_red=0
01:50:01 | INFO |     step 29600  loss=0.8006  grp_sp=0.000  n_imp=37008  n_red=0
01:52:39 | INFO |     step 29800  loss=0.8004  grp_sp=0.000  n_imp=37008  n_red=0
01:55:15 | INFO |     step 30000  loss=0.8004  grp_sp=0.000  n_imp=37008  n_red=0
01:57:51 | INFO |     step 30200  loss=0.8021  grp_sp=0.000  n_imp=37008  n_red=0
02:00:27 | INFO |     step 30400  loss=0.8033  grp_sp=0.000  n_imp=37008  n_red=0
02:03:02 | INFO |     step 30600  loss=0.8052  grp_sp=0.000  n_imp=37008  n_red=0
02:05:38 | INFO |     step 30800  loss=0.8195  grp_sp=0.000  n_imp=37008  n_red=0
02:08:15 | INFO |     step 31000  loss=0.8364  grp_sp=0.000  n_imp=37008  n_red=0
02:10:50 | INFO |     step 31200  loss=0.8446  grp_sp=0.000  n_imp=37008  n_red=0
02:13:26 | INFO |     step 31400  loss=0.8506  grp_sp=0.000  n_imp=37008  n_red=0
02:16:01 | INFO |     step 31600  loss=0.8550  grp_sp=0.000  n_imp=37008  n_red=0
02:18:37 | INFO |     step 31800  loss=0.8611  grp_sp=0.000  n_imp=37008  n_red=0
02:21:11 | INFO |     step 32000  loss=0.8648  grp_sp=0.000  n_imp=37008  n_red=0
02:23:46 | INFO |     step 32200  loss=0.8688  grp_sp=0.000  n_imp=37008  n_red=0
02:26:21 | INFO |     step 32400  loss=0.8720  grp_sp=0.000  n_imp=37008  n_red=0
02:28:57 | INFO |     step 32600  loss=0.8750  grp_sp=0.000  n_imp=37008  n_red=0
02:31:32 | INFO |     step 32800  loss=0.8766  grp_sp=0.000  n_imp=37008  n_red=0
02:34:08 | INFO |     step 33000  loss=0.8804  grp_sp=0.000  n_imp=37008  n_red=0
02:36:43 | INFO |     step 33200  loss=0.8825  grp_sp=0.000  n_imp=37008  n_red=0
02:39:19 | INFO |     step 33400  loss=0.8847  grp_sp=0.000  n_imp=37008  n_red=0
02:41:55 | INFO |     step 33600  loss=0.8869  grp_sp=0.000  n_imp=37008  n_red=0
02:44:31 | INFO |     step 33800  loss=0.8893  grp_sp=0.000  n_imp=37008  n_red=0
02:47:07 | INFO |     step 34000  loss=0.8906  grp_sp=0.000  n_imp=37008  n_red=0
02:49:43 | INFO |     step 34200  loss=0.8913  grp_sp=0.000  n_imp=37008  n_red=0
02:52:19 | INFO |     step 34400  loss=0.8936  grp_sp=0.000  n_imp=37008  n_red=0
02:54:55 | INFO |     step 34600  loss=0.8955  grp_sp=0.000  n_imp=37008  n_red=0
02:57:31 | INFO |     step 34800  loss=0.8974  grp_sp=0.000  n_imp=37008  n_red=0
03:00:08 | INFO |     step 35000  loss=0.8992  grp_sp=0.000  n_imp=37008  n_red=0
03:02:44 | INFO |     step 35200  loss=0.9014  grp_sp=0.000  n_imp=37008  n_red=0
03:05:20 | INFO |     step 35400  loss=0.9026  grp_sp=0.000  n_imp=37008  n_red=0
03:07:56 | INFO |     step 35600  loss=0.9037  grp_sp=0.000  n_imp=37008  n_red=0
03:10:34 | INFO |     step 35800  loss=0.9041  grp_sp=0.000  n_imp=37008  n_red=0
03:13:10 | INFO |     step 36000  loss=0.9065  grp_sp=0.000  n_imp=37008  n_red=0
03:15:47 | INFO |     step 36200  loss=0.9080  grp_sp=0.000  n_imp=37008  n_red=0
03:18:23 | INFO |     step 36400  loss=0.9089  grp_sp=0.000  n_imp=37008  n_red=0
03:20:59 | INFO |     step 36600  loss=0.9099  grp_sp=0.000  n_imp=37008  n_red=0
03:23:36 | INFO |     step 36800  loss=0.9110  grp_sp=0.000  n_imp=37008  n_red=0
03:26:19 | INFO |     step 37000  loss=0.9427  grp_sp=0.000  n_imp=33924  n_red=3084
03:29:09 | INFO |     step 37200  loss=0.9704  grp_sp=0.000  n_imp=33924  n_red=3084
03:31:58 | INFO |     step 37400  loss=0.9909  grp_sp=0.000  n_imp=33924  n_red=3084
03:34:47 | INFO |     step 37600  loss=1.0085  grp_sp=0.000  n_imp=33924  n_red=3084
03:37:37 | INFO |     step 37800  loss=1.0236  grp_sp=0.000  n_imp=33924  n_red=3084
03:40:26 | INFO |     step 38000  loss=1.0364  grp_sp=0.000  n_imp=33924  n_red=3084
03:43:15 | INFO |     step 38200  loss=1.0487  grp_sp=0.000  n_imp=33924  n_red=3084
03:46:04 | INFO |     step 38400  loss=1.0611  grp_sp=0.000  n_imp=33924  n_red=3084
03:48:54 | INFO |     step 38600  loss=1.0717  grp_sp=0.000  n_imp=33924  n_red=3084
03:51:43 | INFO |     step 38800  loss=1.0831  grp_sp=0.000  n_imp=33924  n_red=3084
03:54:33 | INFO |     step 39000  loss=1.0930  grp_sp=0.000  n_imp=33924  n_red=3084
03:57:22 | INFO |     step 39200  loss=1.1029  grp_sp=0.000  n_imp=33924  n_red=3084
04:00:10 | INFO |     step 39400  loss=1.1115  grp_sp=0.000  n_imp=33924  n_red=3084
04:02:59 | INFO |     step 39600  loss=1.1203  grp_sp=0.000  n_imp=33924  n_red=3084
04:05:47 | INFO |     step 39800  loss=1.1280  grp_sp=0.000  n_imp=33924  n_red=3084
04:08:36 | INFO |     step 40000  loss=1.1363  grp_sp=0.000  n_imp=33924  n_red=3084
04:11:25 | INFO |     step 40200  loss=1.1449  grp_sp=0.000  n_imp=33924  n_red=3084
04:14:14 | INFO |     step 40400  loss=1.1515  grp_sp=0.000  n_imp=33924  n_red=3084
04:17:03 | INFO |     step 40600  loss=1.1594  grp_sp=0.000  n_imp=33924  n_red=3084
04:19:51 | INFO |     step 40800  loss=1.1663  grp_sp=0.000  n_imp=33924  n_red=3084
04:22:40 | INFO |     step 41000  loss=1.1738  grp_sp=0.000  n_imp=33924  n_red=3084
04:25:30 | INFO |     step 41200  loss=1.1800  grp_sp=0.000  n_imp=33924  n_red=3084
04:28:19 | INFO |     step 41400  loss=1.1865  grp_sp=0.000  n_imp=33924  n_red=3084
04:31:07 | INFO |     step 41600  loss=1.1924  grp_sp=0.000  n_imp=33924  n_red=3084
04:33:56 | INFO |     step 41800  loss=1.1994  grp_sp=0.000  n_imp=33924  n_red=3084
04:36:46 | INFO |     step 42000  loss=1.2073  grp_sp=0.000  n_imp=33924  n_red=3084
04:39:35 | INFO |     step 42200  loss=1.2142  grp_sp=0.000  n_imp=33924  n_red=3084
04:42:23 | INFO |     step 42400  loss=1.2206  grp_sp=0.000  n_imp=33924  n_red=3084
04:45:12 | INFO |     step 42600  loss=1.2262  grp_sp=0.000  n_imp=33924  n_red=3084
04:48:00 | INFO |     step 42800  loss=1.2319  grp_sp=0.000  n_imp=33924  n_red=3084
04:50:49 | INFO |     step 43000  loss=1.2375  grp_sp=0.000  n_imp=33924  n_red=3084
04:53:38 | INFO |     step 43200  loss=1.2435  grp_sp=0.000  n_imp=33924  n_red=3084
04:56:26 | INFO |     step 43400  loss=1.2494  grp_sp=0.000  n_imp=33924  n_red=3084
04:59:14 | INFO |     step 43600  loss=1.2544  grp_sp=0.000  n_imp=33924  n_red=3084
05:02:03 | INFO |     step 43800  loss=1.2599  grp_sp=0.000  n_imp=33924  n_red=3084
05:04:50 | INFO |     step 44000  loss=1.2655  grp_sp=0.000  n_imp=33924  n_red=3084
05:08:04 | INFO |     step 44200  loss=1.2699  grp_sp=0.000  n_imp=33924  n_red=3084
05:12:29 | INFO | [EPOCH 2/10] loss=1.2717  grp_sp=0.000  EM=57.73  F1=69.85  elapsed=679.8min
05:14:25 | INFO |     step 44400  loss=1.6263  grp_sp=0.000  n_imp=33924  n_red=3084
05:17:13 | INFO |     step 44600  loss=1.6271  grp_sp=0.000  n_imp=33924  n_red=3084
05:20:00 | INFO |     step 44800  loss=1.6536  grp_sp=0.000  n_imp=33924  n_red=3084
05:22:48 | INFO |     step 45000  loss=1.6350  grp_sp=0.000  n_imp=33924  n_red=3084
05:25:37 | INFO |     step 45200  loss=1.6341  grp_sp=0.000  n_imp=33924  n_red=3084
05:28:25 | INFO |     step 45400  loss=1.6449  grp_sp=0.000  n_imp=33924  n_red=3084
05:31:13 | INFO |     step 45600  loss=1.6560  grp_sp=0.000  n_imp=33924  n_red=3084
05:34:00 | INFO |     step 45800  loss=1.6625  grp_sp=0.000  n_imp=33924  n_red=3084
05:36:48 | INFO |     step 46000  loss=1.6621  grp_sp=0.000  n_imp=33924  n_red=3084
05:39:37 | INFO |     step 46200  loss=1.6544  grp_sp=0.000  n_imp=33924  n_red=3084
05:42:25 | INFO |     step 46400  loss=1.6620  grp_sp=0.000  n_imp=33924  n_red=3084
05:45:13 | INFO |     step 46600  loss=1.6553  grp_sp=0.000  n_imp=33924  n_red=3084
05:48:01 | INFO |     step 46800  loss=1.6522  grp_sp=0.000  n_imp=33924  n_red=3084
05:50:49 | INFO |     step 47000  loss=1.6552  grp_sp=0.000  n_imp=33924  n_red=3084
05:53:37 | INFO |     step 47200  loss=1.6547  grp_sp=0.000  n_imp=33924  n_red=3084
05:56:25 | INFO |     step 47400  loss=1.6502  grp_sp=0.000  n_imp=33924  n_red=3084
05:59:11 | INFO |     step 47600  loss=1.6471  grp_sp=0.000  n_imp=33924  n_red=3084
06:01:59 | INFO |     step 47800  loss=1.6470  grp_sp=0.000  n_imp=33924  n_red=3084
06:04:46 | INFO |     step 48000  loss=1.6436  grp_sp=0.000  n_imp=33924  n_red=3084
06:07:33 | INFO |     step 48200  loss=1.6372  grp_sp=0.000  n_imp=33924  n_red=3084
06:10:21 | INFO |     step 48400  loss=1.6372  grp_sp=0.000  n_imp=33924  n_red=3084
06:13:10 | INFO |     step 48600  loss=1.6356  grp_sp=0.000  n_imp=33924  n_red=3084
06:15:58 | INFO |     step 48800  loss=1.6320  grp_sp=0.000  n_imp=33924  n_red=3084
06:18:44 | INFO |     step 49000  loss=1.6258  grp_sp=0.000  n_imp=33924  n_red=3084
06:21:32 | INFO |     step 49200  loss=1.6254  grp_sp=0.000  n_imp=33924  n_red=3084
06:24:20 | INFO |     step 49400  loss=1.6238  grp_sp=0.000  n_imp=33924  n_red=3084
06:27:07 | INFO |     step 49600  loss=1.6228  grp_sp=0.000  n_imp=33924  n_red=3084
06:29:54 | INFO |     step 49800  loss=1.6201  grp_sp=0.000  n_imp=33924  n_red=3084
06:32:42 | INFO |     step 50000  loss=1.6182  grp_sp=0.000  n_imp=33924  n_red=3084
06:35:29 | INFO |     step 50200  loss=1.6151  grp_sp=0.000  n_imp=33924  n_red=3084
06:38:16 | INFO |     step 50400  loss=1.6149  grp_sp=0.000  n_imp=33924  n_red=3084
06:41:03 | INFO |     step 50600  loss=1.6142  grp_sp=0.000  n_imp=33924  n_red=3084
06:43:50 | INFO |     step 50800  loss=1.6107  grp_sp=0.000  n_imp=33924  n_red=3084
06:46:37 | INFO |     step 51000  loss=1.6097  grp_sp=0.000  n_imp=33924  n_red=3084
06:49:24 | INFO |     step 51200  loss=1.6086  grp_sp=0.000  n_imp=33924  n_red=3084
06:52:12 | INFO |     step 51400  loss=1.6081  grp_sp=0.000  n_imp=33924  n_red=3084
06:55:00 | INFO |     step 51600  loss=1.6066  grp_sp=0.000  n_imp=33924  n_red=3084
06:57:48 | INFO |     step 51800  loss=1.6059  grp_sp=0.000  n_imp=33924  n_red=3084
07:00:38 | INFO |     step 52000  loss=1.6047  grp_sp=0.000  n_imp=33924  n_red=3084
07:03:29 | INFO |     step 52200  loss=1.6023  grp_sp=0.000  n_imp=33924  n_red=3084
07:06:27 | INFO |     step 52400  loss=1.5997  grp_sp=0.000  n_imp=33924  n_red=3084
07:09:25 | INFO |     step 52600  loss=1.6014  grp_sp=0.000  n_imp=33924  n_red=3084
07:12:24 | INFO |     step 52800  loss=1.5993  grp_sp=0.000  n_imp=33924  n_red=3084
07:15:22 | INFO |     step 53000  loss=1.5977  grp_sp=0.000  n_imp=33924  n_red=3084
07:18:21 | INFO |     step 53200  loss=1.5971  grp_sp=0.000  n_imp=33924  n_red=3084
07:21:19 | INFO |     step 53400  loss=1.5955  grp_sp=0.000  n_imp=33924  n_red=3084
07:24:18 | INFO |     step 53600  loss=1.5973  grp_sp=0.000  n_imp=33924  n_red=3084
07:27:15 | INFO |     step 53800  loss=1.5964  grp_sp=0.000  n_imp=33924  n_red=3084
07:30:13 | INFO |     step 54000  loss=1.5953  grp_sp=0.000  n_imp=33924  n_red=3084
07:33:10 | INFO |     step 54200  loss=1.5963  grp_sp=0.000  n_imp=33924  n_red=3084
07:36:07 | INFO |     step 54400  loss=1.5956  grp_sp=0.000  n_imp=33924  n_red=3084
07:39:04 | INFO |     step 54600  loss=1.5969  grp_sp=0.000  n_imp=33924  n_red=3084
07:41:52 | INFO |     step 54800  loss=1.5960  grp_sp=0.000  n_imp=33924  n_red=3084
07:44:39 | INFO |     step 55000  loss=1.5942  grp_sp=0.000  n_imp=33924  n_red=3084
07:47:25 | INFO |     step 55200  loss=1.5910  grp_sp=0.000  n_imp=33924  n_red=3084
07:50:12 | INFO |     step 55400  loss=1.5895  grp_sp=0.000  n_imp=33924  n_red=3084
07:52:59 | INFO |     step 55600  loss=1.5895  grp_sp=0.000  n_imp=33924  n_red=3084
07:55:45 | INFO |     step 55800  loss=1.5872  grp_sp=0.000  n_imp=33924  n_red=3084
07:58:31 | INFO |     step 56000  loss=1.5875  grp_sp=0.000  n_imp=33924  n_red=3084
08:01:17 | INFO |     step 56200  loss=1.5856  grp_sp=0.000  n_imp=33924  n_red=3084
08:04:03 | INFO |     step 56400  loss=1.5860  grp_sp=0.000  n_imp=33924  n_red=3084
08:06:49 | INFO |     step 56600  loss=1.5865  grp_sp=0.000  n_imp=33924  n_red=3084
08:09:35 | INFO |     step 56800  loss=1.5850  grp_sp=0.000  n_imp=33924  n_red=3084
08:12:21 | INFO |     step 57000  loss=1.5839  grp_sp=0.000  n_imp=33924  n_red=3084
08:15:07 | INFO |     step 57200  loss=1.5837  grp_sp=0.000  n_imp=33924  n_red=3084
08:17:53 | INFO |     step 57400  loss=1.5829  grp_sp=0.000  n_imp=33924  n_red=3084
08:20:39 | INFO |     step 57600  loss=1.5820  grp_sp=0.000  n_imp=33924  n_red=3084
08:23:25 | INFO |     step 57800  loss=1.5812  grp_sp=0.000  n_imp=33924  n_red=3084
08:26:12 | INFO |     step 58000  loss=1.5799  grp_sp=0.000  n_imp=33924  n_red=3084
08:28:58 | INFO |     step 58200  loss=1.5794  grp_sp=0.000  n_imp=33924  n_red=3084
08:31:44 | INFO |     step 58400  loss=1.5787  grp_sp=0.000  n_imp=33924  n_red=3084
08:34:31 | INFO |     step 58600  loss=1.5800  grp_sp=0.000  n_imp=33924  n_red=3084
08:37:17 | INFO |     step 58800  loss=1.5801  grp_sp=0.000  n_imp=33924  n_red=3084
08:40:03 | INFO |     step 59000  loss=1.5786  grp_sp=0.000  n_imp=33924  n_red=3084
08:42:49 | INFO |     step 59200  loss=1.5772  grp_sp=0.000  n_imp=33924  n_red=3084
08:45:35 | INFO |     step 59400  loss=1.5766  grp_sp=0.000  n_imp=33924  n_red=3084
08:48:26 | INFO |     step 59600  loss=1.5763  grp_sp=0.000  n_imp=33924  n_red=3084
08:51:17 | INFO |     step 59800  loss=1.5743  grp_sp=0.000  n_imp=33924  n_red=3084
08:54:08 | INFO |     step 60000  loss=1.5738  grp_sp=0.000  n_imp=33924  n_red=3084
08:56:55 | INFO |     step 60200  loss=1.5728  grp_sp=0.000  n_imp=33924  n_red=3084
08:59:42 | INFO |     step 60400  loss=1.5718  grp_sp=0.000  n_imp=33924  n_red=3084
09:02:30 | INFO |     step 60600  loss=1.5718  grp_sp=0.000  n_imp=33924  n_red=3084
09:05:18 | INFO |     step 60800  loss=1.5710  grp_sp=0.000  n_imp=33924  n_red=3084
09:08:12 | INFO |     step 61000  loss=1.5702  grp_sp=0.000  n_imp=33924  n_red=3084
09:11:01 | INFO |     step 61200  loss=1.5693  grp_sp=0.000  n_imp=33924  n_red=3084
09:13:52 | INFO |     step 61400  loss=1.5693  grp_sp=0.000  n_imp=33924  n_red=3084
09:16:40 | INFO |     step 61600  loss=1.5690  grp_sp=0.000  n_imp=33924  n_red=3084
09:19:27 | INFO |     step 61800  loss=1.5690  grp_sp=0.000  n_imp=33924  n_red=3084
09:22:14 | INFO |     step 62000  loss=1.5690  grp_sp=0.000  n_imp=33924  n_red=3084
09:25:02 | INFO |     step 62200  loss=1.5674  grp_sp=0.000  n_imp=33924  n_red=3084
09:27:50 | INFO |     step 62400  loss=1.5657  grp_sp=0.000  n_imp=33924  n_red=3084
09:30:37 | INFO |     step 62600  loss=1.5647  grp_sp=0.000  n_imp=33924  n_red=3084
09:33:24 | INFO |     step 62800  loss=1.5645  grp_sp=0.000  n_imp=33924  n_red=3084
09:36:10 | INFO |     step 63000  loss=1.5637  grp_sp=0.000  n_imp=33924  n_red=3084
09:38:56 | INFO |     step 63200  loss=1.5630  grp_sp=0.000  n_imp=33924  n_red=3084
09:41:44 | INFO |     step 63400  loss=1.5627  grp_sp=0.000  n_imp=33924  n_red=3084
09:44:32 | INFO |     step 63600  loss=1.5618  grp_sp=0.000  n_imp=33924  n_red=3084
09:47:19 | INFO |     step 63800  loss=1.5605  grp_sp=0.000  n_imp=33924  n_red=3084
09:50:07 | INFO |     step 64000  loss=1.5595  grp_sp=0.000  n_imp=33924  n_red=3084
09:52:54 | INFO |     step 64200  loss=1.5583  grp_sp=0.000  n_imp=33924  n_red=3084
09:55:45 | INFO |     step 64400  loss=1.5577  grp_sp=0.000  n_imp=33924  n_red=3084
09:58:33 | INFO |     step 64600  loss=1.5569  grp_sp=0.000  n_imp=33924  n_red=3084
10:01:20 | INFO |     step 64800  loss=1.5558  grp_sp=0.000  n_imp=33924  n_red=3084
10:04:08 | INFO |     step 65000  loss=1.5552  grp_sp=0.000  n_imp=33924  n_red=3084
10:06:54 | INFO |     step 65200  loss=1.5538  grp_sp=0.000  n_imp=33924  n_red=3084
10:09:42 | INFO |     step 65400  loss=1.5526  grp_sp=0.000  n_imp=33924  n_red=3084
10:12:30 | INFO |     step 65600  loss=1.5518  grp_sp=0.000  n_imp=33924  n_red=3084
10:15:17 | INFO |     step 65800  loss=1.5510  grp_sp=0.000  n_imp=33924  n_red=3084
10:18:33 | INFO |     step 66000  loss=1.5504  grp_sp=0.000  n_imp=33924  n_red=3084
10:21:23 | INFO |     step 66200  loss=1.5495  grp_sp=0.000  n_imp=33924  n_red=3084
10:27:22 | INFO | [EPOCH 3/10] loss=1.5481  grp_sp=0.000  EM=65.60  F1=76.25  elapsed=994.7min
10:27:28 | INFO |     step 66400  loss=1.6951  grp_sp=0.000  n_imp=33924  n_red=3084
10:30:16 | INFO |     step 66600  loss=1.2133  grp_sp=0.000  n_imp=33924  n_red=3084
10:33:03 | INFO |     step 66800  loss=1.2711  grp_sp=0.000  n_imp=33924  n_red=3084
10:35:51 | INFO |     step 67000  loss=1.2334  grp_sp=0.000  n_imp=33924  n_red=3084
10:38:39 | INFO |     step 67200  loss=1.2429  grp_sp=0.000  n_imp=33924  n_red=3084
10:41:27 | INFO |     step 67400  loss=1.2616  grp_sp=0.000  n_imp=33924  n_red=3084
10:44:16 | INFO |     step 67600  loss=1.2811  grp_sp=0.000  n_imp=33924  n_red=3084
10:47:05 | INFO |     step 67800  loss=1.4393  grp_sp=0.083  n_imp=30840  n_red=6168
10:49:56 | INFO |     step 68000  loss=1.4976  grp_sp=0.083  n_imp=30840  n_red=6168
10:52:46 | INFO |     step 68200  loss=1.5095  grp_sp=0.083  n_imp=30840  n_red=6168
10:55:35 | INFO |     step 68400  loss=1.5111  grp_sp=0.083  n_imp=30840  n_red=6168
10:58:25 | INFO |     step 68600  loss=1.5154  grp_sp=0.083  n_imp=30840  n_red=6168
11:01:15 | INFO |     step 68800  loss=1.5097  grp_sp=0.083  n_imp=30840  n_red=6168
11:04:08 | INFO |     step 69000  loss=1.5054  grp_sp=0.083  n_imp=30840  n_red=6168
11:07:01 | INFO |     step 69200  loss=1.4902  grp_sp=0.083  n_imp=30840  n_red=6168
11:09:54 | INFO |     step 69400  loss=1.4887  grp_sp=0.083  n_imp=30840  n_red=6168
11:12:46 | INFO |     step 69600  loss=1.4785  grp_sp=0.083  n_imp=30840  n_red=6168
11:15:36 | INFO |     step 69800  loss=1.4739  grp_sp=0.083  n_imp=30840  n_red=6168
11:18:26 | INFO |     step 70000  loss=1.4646  grp_sp=0.083  n_imp=30840  n_red=6168
11:21:16 | INFO |     step 70200  loss=1.4560  grp_sp=0.083  n_imp=30840  n_red=6168
11:24:06 | INFO |     step 70400  loss=1.4563  grp_sp=0.083  n_imp=30840  n_red=6168
11:26:56 | INFO |     step 70600  loss=1.4492  grp_sp=0.083  n_imp=30840  n_red=6168
11:29:46 | INFO |     step 70800  loss=1.4454  grp_sp=0.083  n_imp=30840  n_red=6168
11:32:37 | INFO |     step 71000  loss=1.4420  grp_sp=0.083  n_imp=30840  n_red=6168
11:35:27 | INFO |     step 71200  loss=1.4404  grp_sp=0.083  n_imp=30840  n_red=6168
11:38:18 | INFO |     step 71400  loss=1.4372  grp_sp=0.083  n_imp=30840  n_red=6168
11:41:06 | INFO |     step 71600  loss=1.4292  grp_sp=0.083  n_imp=30840  n_red=6168
11:43:53 | INFO |     step 71800  loss=1.4229  grp_sp=0.083  n_imp=30840  n_red=6168
11:46:38 | INFO |     step 72000  loss=1.4199  grp_sp=0.083  n_imp=30840  n_red=6168
11:49:24 | INFO |     step 72200  loss=1.4121  grp_sp=0.083  n_imp=30840  n_red=6168
11:52:13 | INFO |     step 72400  loss=1.4079  grp_sp=0.083  n_imp=30840  n_red=6168
11:55:05 | INFO |     step 72600  loss=1.4060  grp_sp=0.083  n_imp=30840  n_red=6168
11:57:55 | INFO |     step 72800  loss=1.4041  grp_sp=0.083  n_imp=30840  n_red=6168
12:00:47 | INFO |     step 73000  loss=1.4015  grp_sp=0.083  n_imp=30840  n_red=6168
12:03:38 | INFO |     step 73200  loss=1.4021  grp_sp=0.083  n_imp=30840  n_red=6168
12:06:37 | INFO |     step 73400  loss=1.3990  grp_sp=0.083  n_imp=30840  n_red=6168
12:09:29 | INFO |     step 73600  loss=1.3968  grp_sp=0.083  n_imp=30840  n_red=6168
12:12:19 | INFO |     step 73800  loss=1.3917  grp_sp=0.083  n_imp=30840  n_red=6168
12:15:08 | INFO |     step 74000  loss=1.3911  grp_sp=0.083  n_imp=30840  n_red=6168
12:18:05 | INFO |     step 74200  loss=1.3879  grp_sp=0.083  n_imp=30840  n_red=6168
12:20:59 | INFO |     step 74400  loss=1.3830  grp_sp=0.083  n_imp=30840  n_red=6168
12:23:50 | INFO |     step 74600  loss=1.3798  grp_sp=0.083  n_imp=30840  n_red=6168
12:26:41 | INFO |     step 74800  loss=1.3802  grp_sp=0.083  n_imp=30840  n_red=6168
12:29:33 | INFO |     step 75000  loss=1.3790  grp_sp=0.083  n_imp=30840  n_red=6168
12:32:22 | INFO |     step 75200  loss=1.3803  grp_sp=0.083  n_imp=30840  n_red=6168
12:35:13 | INFO |     step 75400  loss=1.3775  grp_sp=0.083  n_imp=30840  n_red=6168
12:38:03 | INFO |     step 75600  loss=1.3757  grp_sp=0.083  n_imp=30840  n_red=6168
12:40:53 | INFO |     step 75800  loss=1.3758  grp_sp=0.083  n_imp=30840  n_red=6168
12:43:43 | INFO |     step 76000  loss=1.3748  grp_sp=0.083  n_imp=30840  n_red=6168
12:46:32 | INFO |     step 76200  loss=1.3741  grp_sp=0.083  n_imp=30840  n_red=6168
12:49:22 | INFO |     step 76400  loss=1.3736  grp_sp=0.083  n_imp=30840  n_red=6168
12:52:16 | INFO |     step 76600  loss=1.3713  grp_sp=0.083  n_imp=30840  n_red=6168
12:55:09 | INFO |     step 76800  loss=1.3699  grp_sp=0.083  n_imp=30840  n_red=6168
12:58:00 | INFO |     step 77000  loss=1.3685  grp_sp=0.083  n_imp=30840  n_red=6168
13:00:51 | INFO |     step 77200  loss=1.3666  grp_sp=0.083  n_imp=30840  n_red=6168
13:03:43 | INFO |     step 77400  loss=1.3658  grp_sp=0.083  n_imp=30840  n_red=6168
13:06:34 | INFO |     step 77600  loss=1.3653  grp_sp=0.083  n_imp=30840  n_red=6168
13:09:26 | INFO |     step 77800  loss=1.3644  grp_sp=0.083  n_imp=30840  n_red=6168
13:12:16 | INFO |     step 78000  loss=1.3621  grp_sp=0.083  n_imp=30840  n_red=6168
13:15:07 | INFO |     step 78200  loss=1.3611  grp_sp=0.083  n_imp=30840  n_red=6168
13:17:57 | INFO |     step 78400  loss=1.3590  grp_sp=0.083  n_imp=30840  n_red=6168
13:20:48 | INFO |     step 78600  loss=1.3577  grp_sp=0.083  n_imp=30840  n_red=6168
13:23:39 | INFO |     step 78800  loss=1.3562  grp_sp=0.083  n_imp=30840  n_red=6168
13:26:30 | INFO |     step 79000  loss=1.3559  grp_sp=0.083  n_imp=30840  n_red=6168
13:29:20 | INFO |     step 79200  loss=1.3568  grp_sp=0.083  n_imp=30840  n_red=6168
13:32:12 | INFO |     step 79400  loss=1.3563  grp_sp=0.083  n_imp=30840  n_red=6168
13:35:02 | INFO |     step 79600  loss=1.3537  grp_sp=0.083  n_imp=30840  n_red=6168
13:37:52 | INFO |     step 79800  loss=1.3539  grp_sp=0.083  n_imp=30840  n_red=6168
13:40:44 | INFO |     step 80000  loss=1.3528  grp_sp=0.083  n_imp=30840  n_red=6168
13:43:34 | INFO |     step 80200  loss=1.3511  grp_sp=0.083  n_imp=30840  n_red=6168
13:46:24 | INFO |     step 80400  loss=1.3503  grp_sp=0.083  n_imp=30840  n_red=6168
13:49:15 | INFO |     step 80600  loss=1.3503  grp_sp=0.083  n_imp=30840  n_red=6168
13:52:05 | INFO |     step 80800  loss=1.3488  grp_sp=0.083  n_imp=30840  n_red=6168
13:54:55 | INFO |     step 81000  loss=1.3484  grp_sp=0.083  n_imp=30840  n_red=6168
13:57:42 | INFO |     step 81200  loss=1.3480  grp_sp=0.083  n_imp=30840  n_red=6168
14:00:29 | INFO |     step 81400  loss=1.3459  grp_sp=0.083  n_imp=30840  n_red=6168
14:03:16 | INFO |     step 81600  loss=1.3452  grp_sp=0.083  n_imp=30840  n_red=6168
14:06:02 | INFO |     step 81800  loss=1.3445  grp_sp=0.083  n_imp=30840  n_red=6168
14:08:52 | INFO |     step 82000  loss=1.3440  grp_sp=0.083  n_imp=30840  n_red=6168
14:11:44 | INFO |     step 82200  loss=1.3425  grp_sp=0.083  n_imp=30840  n_red=6168
14:14:35 | INFO |     step 82400  loss=1.3415  grp_sp=0.083  n_imp=30840  n_red=6168
14:17:26 | INFO |     step 82600  loss=1.3412  grp_sp=0.083  n_imp=30840  n_red=6168
14:20:18 | INFO |     step 82800  loss=1.3398  grp_sp=0.083  n_imp=30840  n_red=6168
14:23:09 | INFO |     step 83000  loss=1.3391  grp_sp=0.083  n_imp=30840  n_red=6168
14:25:59 | INFO |     step 83200  loss=1.3376  grp_sp=0.083  n_imp=30840  n_red=6168
14:28:52 | INFO |     step 83400  loss=1.3378  grp_sp=0.083  n_imp=30840  n_red=6168
14:31:42 | INFO |     step 83600  loss=1.3374  grp_sp=0.083  n_imp=30840  n_red=6168
14:34:32 | INFO |     step 83800  loss=1.3367  grp_sp=0.083  n_imp=30840  n_red=6168
14:37:23 | INFO |     step 84000  loss=1.3357  grp_sp=0.083  n_imp=30840  n_red=6168
14:40:44 | INFO |     step 84200  loss=1.3357  grp_sp=0.083  n_imp=30840  n_red=6168
14:44:08 | INFO |     step 84400  loss=1.3339  grp_sp=0.083  n_imp=30840  n_red=6168
14:47:32 | INFO |     step 84600  loss=1.3339  grp_sp=0.083  n_imp=30840  n_red=6168
14:50:43 | INFO |     step 84800  loss=1.3335  grp_sp=0.083  n_imp=30840  n_red=6168
14:53:36 | INFO |     step 85000  loss=1.3325  grp_sp=0.083  n_imp=30840  n_red=6168
14:56:27 | INFO |     step 85200  loss=1.3321  grp_sp=0.083  n_imp=30840  n_red=6168
14:59:18 | INFO |     step 85400  loss=1.3314  grp_sp=0.083  n_imp=30840  n_red=6168
15:02:09 | INFO |     step 85600  loss=1.3314  grp_sp=0.083  n_imp=30840  n_red=6168
15:04:59 | INFO |     step 85800  loss=1.3299  grp_sp=0.083  n_imp=30840  n_red=6168
15:07:50 | INFO |     step 86000  loss=1.3289  grp_sp=0.083  n_imp=30840  n_red=6168
15:10:41 | INFO |     step 86200  loss=1.3287  grp_sp=0.083  n_imp=30840  n_red=6168
15:13:33 | INFO |     step 86400  loss=1.3286  grp_sp=0.083  n_imp=30840  n_red=6168
15:16:27 | INFO |     step 86600  loss=1.3275  grp_sp=0.083  n_imp=30840  n_red=6168
15:19:20 | INFO |     step 86800  loss=1.3271  grp_sp=0.083  n_imp=30840  n_red=6168
15:22:12 | INFO |     step 87000  loss=1.3264  grp_sp=0.083  n_imp=30840  n_red=6168
15:25:03 | INFO |     step 87200  loss=1.3260  grp_sp=0.083  n_imp=30840  n_red=6168
15:27:53 | INFO |     step 87400  loss=1.3254  grp_sp=0.083  n_imp=30840  n_red=6168
15:30:45 | INFO |     step 87600  loss=1.3242  grp_sp=0.083  n_imp=30840  n_red=6168
15:33:37 | INFO |     step 87800  loss=1.3234  grp_sp=0.083  n_imp=30840  n_red=6168
15:36:51 | INFO |     step 88000  loss=1.3228  grp_sp=0.083  n_imp=30840  n_red=6168
15:39:50 | INFO |     step 88200  loss=1.3222  grp_sp=0.083  n_imp=30840  n_red=6168
15:42:40 | INFO |     step 88400  loss=1.3214  grp_sp=0.083  n_imp=30840  n_red=6168
15:47:48 | INFO | [EPOCH 4/10] loss=1.3213  grp_sp=0.083  EM=67.33  F1=77.92  elapsed=1315.0min
15:48:53 | INFO |     step 88600  loss=0.9822  grp_sp=0.083  n_imp=30840  n_red=6168
15:51:44 | INFO |     step 88800  loss=1.0236  grp_sp=0.083  n_imp=30840  n_red=6168
15:54:37 | INFO |     step 89000  loss=0.9772  grp_sp=0.083  n_imp=30840  n_red=6168
15:57:32 | INFO |     step 89200  loss=0.9920  grp_sp=0.083  n_imp=30840  n_red=6168
16:00:29 | INFO |     step 89400  loss=1.0119  grp_sp=0.083  n_imp=30840  n_red=6168
16:03:22 | INFO |     step 89600  loss=1.0121  grp_sp=0.083  n_imp=30840  n_red=6168
16:06:16 | INFO |     step 89800  loss=1.0127  grp_sp=0.083  n_imp=30840  n_red=6168
16:09:14 | INFO |     step 90000  loss=1.0161  grp_sp=0.083  n_imp=30840  n_red=6168
16:12:04 | INFO |     step 90200  loss=1.0346  grp_sp=0.083  n_imp=30840  n_red=6168
16:14:55 | INFO |     step 90400  loss=1.0469  grp_sp=0.083  n_imp=30840  n_red=6168
16:17:45 | INFO |     step 90600  loss=1.0515  grp_sp=0.083  n_imp=30840  n_red=6168
16:20:35 | INFO |     step 90800  loss=1.0513  grp_sp=0.083  n_imp=30840  n_red=6168
16:23:26 | INFO |     step 91000  loss=1.0533  grp_sp=0.083  n_imp=30840  n_red=6168
16:26:16 | INFO |     step 91200  loss=1.0507  grp_sp=0.083  n_imp=30840  n_red=6168
16:29:06 | INFO |     step 91400  loss=1.0587  grp_sp=0.083  n_imp=30840  n_red=6168
16:31:57 | INFO |     step 91600  loss=1.0589  grp_sp=0.083  n_imp=30840  n_red=6168
16:34:49 | INFO |     step 91800  loss=1.0630  grp_sp=0.083  n_imp=30840  n_red=6168
16:37:41 | INFO |     step 92000  loss=1.0685  grp_sp=0.083  n_imp=30840  n_red=6168
16:40:32 | INFO |     step 92200  loss=1.0749  grp_sp=0.083  n_imp=30840  n_red=6168
16:43:21 | INFO |     step 92400  loss=1.0724  grp_sp=0.083  n_imp=30840  n_red=6168
16:46:10 | INFO |     step 92600  loss=1.0709  grp_sp=0.083  n_imp=30840  n_red=6168
16:49:00 | INFO |     step 92800  loss=1.0709  grp_sp=0.083  n_imp=30840  n_red=6168
16:51:51 | INFO |     step 93000  loss=1.0729  grp_sp=0.083  n_imp=30840  n_red=6168
16:54:45 | INFO |     step 93200  loss=1.0691  grp_sp=0.083  n_imp=30840  n_red=6168
16:57:38 | INFO |     step 93400  loss=1.0720  grp_sp=0.083  n_imp=30840  n_red=6168
17:00:30 | INFO |     step 93600  loss=1.0686  grp_sp=0.083  n_imp=30840  n_red=6168
17:03:23 | INFO |     step 93800  loss=1.0687  grp_sp=0.083  n_imp=30840  n_red=6168
17:06:14 | INFO |     step 94000  loss=1.0699  grp_sp=0.083  n_imp=30840  n_red=6168
17:09:06 | INFO |     step 94200  loss=1.0703  grp_sp=0.083  n_imp=30840  n_red=6168
17:11:58 | INFO |     step 94400  loss=1.0718  grp_sp=0.083  n_imp=30840  n_red=6168
17:14:53 | INFO |     step 94600  loss=1.0706  grp_sp=0.083  n_imp=30840  n_red=6168
17:17:47 | INFO |     step 94800  loss=1.0694  grp_sp=0.083  n_imp=30840  n_red=6168
17:20:43 | INFO |     step 95000  loss=1.0689  grp_sp=0.083  n_imp=30840  n_red=6168
17:23:39 | INFO |     step 95200  loss=1.0689  grp_sp=0.083  n_imp=30840  n_red=6168
17:26:40 | INFO |     step 95400  loss=1.0709  grp_sp=0.083  n_imp=30840  n_red=6168
17:29:41 | INFO |     step 95600  loss=1.0705  grp_sp=0.083  n_imp=30840  n_red=6168
17:32:43 | INFO |     step 95800  loss=1.0680  grp_sp=0.083  n_imp=30840  n_red=6168
17:35:38 | INFO |     step 96000  loss=1.0692  grp_sp=0.083  n_imp=30840  n_red=6168
17:38:33 | INFO |     step 96200  loss=1.0708  grp_sp=0.083  n_imp=30840  n_red=6168
17:41:27 | INFO |     step 96400  loss=1.0710  grp_sp=0.083  n_imp=30840  n_red=6168
17:44:24 | INFO |     step 96600  loss=1.0733  grp_sp=0.083  n_imp=30840  n_red=6168
17:47:18 | INFO |     step 96800  loss=1.0736  grp_sp=0.083  n_imp=30840  n_red=6168
17:50:09 | INFO |     step 97000  loss=1.0749  grp_sp=0.083  n_imp=30840  n_red=6168
17:53:01 | INFO |     step 97200  loss=1.0755  grp_sp=0.083  n_imp=30840  n_red=6168
17:55:51 | INFO |     step 97400  loss=1.0762  grp_sp=0.083  n_imp=30840  n_red=6168
17:58:43 | INFO |     step 97600  loss=1.0749  grp_sp=0.083  n_imp=30840  n_red=6168
18:01:36 | INFO |     step 97800  loss=1.0758  grp_sp=0.083  n_imp=30840  n_red=6168
18:04:27 | INFO |     step 98000  loss=1.0760  grp_sp=0.083  n_imp=30840  n_red=6168
18:07:18 | INFO |     step 98200  loss=1.0765  grp_sp=0.083  n_imp=30840  n_red=6168
18:10:11 | INFO |     step 98400  loss=1.0789  grp_sp=0.167  n_imp=27756  n_red=9252
18:13:03 | INFO |     step 98600  loss=1.0805  grp_sp=0.167  n_imp=27756  n_red=9252
18:15:55 | INFO |     step 98800  loss=1.0803  grp_sp=0.167  n_imp=27756  n_red=9252
18:18:47 | INFO |     step 99000  loss=1.0826  grp_sp=0.167  n_imp=27756  n_red=9252
18:21:38 | INFO |     step 99200  loss=1.0844  grp_sp=0.167  n_imp=27756  n_red=9252
18:24:30 | INFO |     step 99400  loss=1.0852  grp_sp=0.167  n_imp=27756  n_red=9252
18:27:19 | INFO |     step 99600  loss=1.0867  grp_sp=0.167  n_imp=27756  n_red=9252
18:30:11 | INFO |     step 99800  loss=1.0875  grp_sp=0.167  n_imp=27756  n_red=9252
18:33:03 | INFO |     step 100000  loss=1.0885  grp_sp=0.167  n_imp=27756  n_red=9252
18:35:56 | INFO |     step 100200  loss=1.0906  grp_sp=0.167  n_imp=27756  n_red=9252
18:38:48 | INFO |     step 100400  loss=1.0903  grp_sp=0.167  n_imp=27756  n_red=9252
18:41:39 | INFO |     step 100600  loss=1.0904  grp_sp=0.167  n_imp=27756  n_red=9252
18:44:29 | INFO |     step 100800  loss=1.0907  grp_sp=0.167  n_imp=27756  n_red=9252
18:47:20 | INFO |     step 101000  loss=1.0913  grp_sp=0.167  n_imp=27756  n_red=9252
18:50:11 | INFO |     step 101200  loss=1.0922  grp_sp=0.167  n_imp=27756  n_red=9252
18:53:02 | INFO |     step 101400  loss=1.0923  grp_sp=0.167  n_imp=27756  n_red=9252
18:55:53 | INFO |     step 101600  loss=1.0934  grp_sp=0.167  n_imp=27756  n_red=9252
18:58:45 | INFO |     step 101800  loss=1.0941  grp_sp=0.167  n_imp=27756  n_red=9252
19:01:38 | INFO |     step 102000  loss=1.0945  grp_sp=0.167  n_imp=27756  n_red=9252
19:04:30 | INFO |     step 102200  loss=1.0955  grp_sp=0.167  n_imp=27756  n_red=9252
19:07:22 | INFO |     step 102400  loss=1.0967  grp_sp=0.167  n_imp=27756  n_red=9252
19:10:14 | INFO |     step 102600  loss=1.0968  grp_sp=0.167  n_imp=27756  n_red=9252
19:13:09 | INFO |     step 102800  loss=1.0976  grp_sp=0.167  n_imp=27756  n_red=9252
19:16:01 | INFO |     step 103000  loss=1.0987  grp_sp=0.167  n_imp=27756  n_red=9252
19:18:53 | INFO |     step 103200  loss=1.0993  grp_sp=0.167  n_imp=27756  n_red=9252
19:21:46 | INFO |     step 103400  loss=1.0995  grp_sp=0.167  n_imp=27756  n_red=9252
19:24:38 | INFO |     step 103600  loss=1.0992  grp_sp=0.167  n_imp=27756  n_red=9252
19:27:30 | INFO |     step 103800  loss=1.0986  grp_sp=0.167  n_imp=27756  n_red=9252
19:30:22 | INFO |     step 104000  loss=1.0992  grp_sp=0.167  n_imp=27756  n_red=9252
19:33:15 | INFO |     step 104200  loss=1.0988  grp_sp=0.167  n_imp=27756  n_red=9252
19:36:08 | INFO |     step 104400  loss=1.0989  grp_sp=0.167  n_imp=27756  n_red=9252
19:39:01 | INFO |     step 104600  loss=1.0985  grp_sp=0.167  n_imp=27756  n_red=9252
19:41:52 | INFO |     step 104800  loss=1.0984  grp_sp=0.167  n_imp=27756  n_red=9252
19:44:45 | INFO |     step 105000  loss=1.0997  grp_sp=0.167  n_imp=27756  n_red=9252
19:47:37 | INFO |     step 105200  loss=1.0995  grp_sp=0.167  n_imp=27756  n_red=9252
19:50:30 | INFO |     step 105400  loss=1.1003  grp_sp=0.167  n_imp=27756  n_red=9252
19:53:22 | INFO |     step 105600  loss=1.1001  grp_sp=0.167  n_imp=27756  n_red=9252
19:56:16 | INFO |     step 105800  loss=1.1012  grp_sp=0.167  n_imp=27756  n_red=9252
19:59:08 | INFO |     step 106000  loss=1.1019  grp_sp=0.167  n_imp=27756  n_red=9252
20:02:00 | INFO |     step 106200  loss=1.1040  grp_sp=0.167  n_imp=27756  n_red=9252
20:04:51 | INFO |     step 106400  loss=1.1049  grp_sp=0.167  n_imp=27756  n_red=9252
20:07:42 | INFO |     step 106600  loss=1.1059  grp_sp=0.167  n_imp=27756  n_red=9252
20:10:32 | INFO |     step 106800  loss=1.1059  grp_sp=0.167  n_imp=27756  n_red=9252
20:13:23 | INFO |     step 107000  loss=1.1064  grp_sp=0.167  n_imp=27756  n_red=9252
20:16:14 | INFO |     step 107200  loss=1.1062  grp_sp=0.167  n_imp=27756  n_red=9252
20:19:05 | INFO |     step 107400  loss=1.1068  grp_sp=0.167  n_imp=27756  n_red=9252
20:21:55 | INFO |     step 107600  loss=1.1075  grp_sp=0.167  n_imp=27756  n_red=9252
20:24:46 | INFO |     step 107800  loss=1.1078  grp_sp=0.167  n_imp=27756  n_red=9252
20:27:37 | INFO |     step 108000  loss=1.1085  grp_sp=0.167  n_imp=27756  n_red=9252
20:30:27 | INFO |     step 108200  loss=1.1089  grp_sp=0.167  n_imp=27756  n_red=9252
20:33:17 | INFO |     step 108400  loss=1.1098  grp_sp=0.167  n_imp=27756  n_red=9252
20:36:07 | INFO |     step 108600  loss=1.1100  grp_sp=0.167  n_imp=27756  n_red=9252
20:38:58 | INFO |     step 108800  loss=1.1106  grp_sp=0.167  n_imp=27756  n_red=9252
20:41:49 | INFO |     step 109000  loss=1.1108  grp_sp=0.167  n_imp=27756  n_red=9252
20:44:39 | INFO |     step 109200  loss=1.1106  grp_sp=0.167  n_imp=27756  n_red=9252
20:47:30 | INFO |     step 109400  loss=1.1102  grp_sp=0.167  n_imp=27756  n_red=9252
20:50:20 | INFO |     step 109600  loss=1.1106  grp_sp=0.167  n_imp=27756  n_red=9252
20:53:11 | INFO |     step 109800  loss=1.1113  grp_sp=0.167  n_imp=27756  n_red=9252
20:56:02 | INFO |     step 110000  loss=1.1113  grp_sp=0.167  n_imp=27756  n_red=9252
20:59:24 | INFO |     step 110200  loss=1.1111  grp_sp=0.167  n_imp=27756  n_red=9252
21:02:15 | INFO |     step 110400  loss=1.1107  grp_sp=0.167  n_imp=27756  n_red=9252
21:05:05 | INFO |     step 110600  loss=1.1113  grp_sp=0.167  n_imp=27756  n_red=9252
21:09:12 | INFO | [EPOCH 5/10] loss=1.1115  grp_sp=0.167  EM=67.04  F1=77.45  elapsed=1636.5min
21:11:16 | INFO |     step 110800  loss=0.9631  grp_sp=0.167  n_imp=27756  n_red=9252
21:14:07 | INFO |     step 111000  loss=0.9971  grp_sp=0.167  n_imp=27756  n_red=9252
21:16:58 | INFO |     step 111200  loss=0.9762  grp_sp=0.167  n_imp=27756  n_red=9252
21:19:49 | INFO |     step 111400  loss=0.9432  grp_sp=0.167  n_imp=27756  n_red=9252
21:22:40 | INFO |     step 111600  loss=0.9372  grp_sp=0.167  n_imp=27756  n_red=9252
21:25:31 | INFO |     step 111800  loss=0.9401  grp_sp=0.167  n_imp=27756  n_red=9252
21:28:22 | INFO |     step 112000  loss=0.9404  grp_sp=0.167  n_imp=27756  n_red=9252
21:31:13 | INFO |     step 112200  loss=0.9440  grp_sp=0.167  n_imp=27756  n_red=9252
21:34:04 | INFO |     step 112400  loss=0.9469  grp_sp=0.167  n_imp=27756  n_red=9252
21:36:55 | INFO |     step 112600  loss=0.9436  grp_sp=0.167  n_imp=27756  n_red=9252
21:39:46 | INFO |     step 112800  loss=0.9365  grp_sp=0.167  n_imp=27756  n_red=9252
21:42:37 | INFO |     step 113000  loss=0.9366  grp_sp=0.167  n_imp=27756  n_red=9252
21:45:28 | INFO |     step 113200  loss=0.9363  grp_sp=0.167  n_imp=27756  n_red=9252
21:48:19 | INFO |     step 113400  loss=0.9350  grp_sp=0.167  n_imp=27756  n_red=9252
21:51:10 | INFO |     step 113600  loss=0.9367  grp_sp=0.167  n_imp=27756  n_red=9252
21:54:01 | INFO |     step 113800  loss=0.9394  grp_sp=0.167  n_imp=27756  n_red=9252
21:56:51 | INFO |     step 114000  loss=0.9376  grp_sp=0.167  n_imp=27756  n_red=9252
21:59:42 | INFO |     step 114200  loss=0.9410  grp_sp=0.167  n_imp=27756  n_red=9252
22:02:32 | INFO |     step 114400  loss=0.9388  grp_sp=0.167  n_imp=27756  n_red=9252
22:05:23 | INFO |     step 114600  loss=0.9372  grp_sp=0.167  n_imp=27756  n_red=9252
22:08:14 | INFO |     step 114800  loss=0.9404  grp_sp=0.167  n_imp=27756  n_red=9252
22:11:05 | INFO |     step 115000  loss=0.9378  grp_sp=0.167  n_imp=27756  n_red=9252
22:13:56 | INFO |     step 115200  loss=0.9377  grp_sp=0.167  n_imp=27756  n_red=9252
22:16:47 | INFO |     step 115400  loss=0.9379  grp_sp=0.167  n_imp=27756  n_red=9252
22:19:38 | INFO |     step 115600  loss=0.9369  grp_sp=0.167  n_imp=27756  n_red=9252
22:22:29 | INFO |     step 115800  loss=0.9368  grp_sp=0.167  n_imp=27756  n_red=9252
22:25:16 | INFO |     step 116000  loss=0.9360  grp_sp=0.167  n_imp=27756  n_red=9252
22:28:05 | INFO |     step 116200  loss=0.9366  grp_sp=0.167  n_imp=27756  n_red=9252
22:30:56 | INFO |     step 116400  loss=0.9343  grp_sp=0.167  n_imp=27756  n_red=9252
22:33:47 | INFO |     step 116600  loss=0.9345  grp_sp=0.167  n_imp=27756  n_red=9252
22:36:38 | INFO |     step 116800  loss=0.9363  grp_sp=0.167  n_imp=27756  n_red=9252
22:39:28 | INFO |     step 117000  loss=0.9343  grp_sp=0.167  n_imp=27756  n_red=9252
22:42:19 | INFO |     step 117200  loss=0.9346  grp_sp=0.167  n_imp=27756  n_red=9252
22:45:10 | INFO |     step 117400  loss=0.9364  grp_sp=0.167  n_imp=27756  n_red=9252
22:48:01 | INFO |     step 117600  loss=0.9351  grp_sp=0.167  n_imp=27756  n_red=9252
22:50:52 | INFO |     step 117800  loss=0.9352  grp_sp=0.167  n_imp=27756  n_red=9252
22:53:44 | INFO |     step 118000  loss=0.9341  grp_sp=0.167  n_imp=27756  n_red=9252
22:56:35 | INFO |     step 118200  loss=0.9353  grp_sp=0.167  n_imp=27756  n_red=9252
22:59:26 | INFO |     step 118400  loss=0.9369  grp_sp=0.167  n_imp=27756  n_red=9252
23:02:17 | INFO |     step 118600  loss=0.9359  grp_sp=0.167  n_imp=27756  n_red=9252
23:05:09 | INFO |     step 118800  loss=0.9377  grp_sp=0.167  n_imp=27756  n_red=9252
23:08:00 | INFO |     step 119000  loss=0.9399  grp_sp=0.167  n_imp=27756  n_red=9252
23:10:51 | INFO |     step 119200  loss=0.9401  grp_sp=0.167  n_imp=27756  n_red=9252
23:13:43 | INFO |     step 119400  loss=0.9403  grp_sp=0.167  n_imp=27756  n_red=9252
23:16:34 | INFO |     step 119600  loss=0.9410  grp_sp=0.167  n_imp=27756  n_red=9252
23:19:25 | INFO |     step 119800  loss=0.9425  grp_sp=0.167  n_imp=27756  n_red=9252
23:22:17 | INFO |     step 120000  loss=0.9428  grp_sp=0.167  n_imp=27756  n_red=9252
23:25:08 | INFO |     step 120200  loss=0.9428  grp_sp=0.167  n_imp=27756  n_red=9252
23:27:58 | INFO |     step 120400  loss=0.9453  grp_sp=0.167  n_imp=27756  n_red=9252
23:30:49 | INFO |     step 120600  loss=0.9451  grp_sp=0.167  n_imp=27756  n_red=9252
23:33:40 | INFO |     step 120800  loss=0.9458  grp_sp=0.167  n_imp=27756  n_red=9252
23:36:31 | INFO |     step 121000  loss=0.9463  grp_sp=0.167  n_imp=27756  n_red=9252
23:39:23 | INFO |     step 121200  loss=0.9469  grp_sp=0.167  n_imp=27756  n_red=9252
23:42:15 | INFO |     step 121400  loss=0.9482  grp_sp=0.167  n_imp=27756  n_red=9252
23:45:08 | INFO |     step 121600  loss=0.9490  grp_sp=0.167  n_imp=27756  n_red=9252
23:47:59 | INFO |     step 121800  loss=0.9504  grp_sp=0.167  n_imp=27756  n_red=9252
23:50:49 | INFO |     step 122000  loss=0.9507  grp_sp=0.167  n_imp=27756  n_red=9252
23:53:40 | INFO |     step 122200  loss=0.9519  grp_sp=0.167  n_imp=27756  n_red=9252
23:56:31 | INFO |     step 122400  loss=0.9515  grp_sp=0.167  n_imp=27756  n_red=9252
23:59:22 | INFO |     step 122600  loss=0.9523  grp_sp=0.167  n_imp=27756  n_red=9252
00:02:14 | INFO |     step 122800  loss=0.9527  grp_sp=0.167  n_imp=27756  n_red=9252
00:05:07 | INFO |     step 123000  loss=0.9533  grp_sp=0.167  n_imp=27756  n_red=9252
00:07:57 | INFO |     step 123200  loss=0.9535  grp_sp=0.167  n_imp=27756  n_red=9252
00:10:48 | INFO |     step 123400  loss=0.9530  grp_sp=0.167  n_imp=27756  n_red=9252
00:13:40 | INFO |     step 123600  loss=0.9527  grp_sp=0.167  n_imp=27756  n_red=9252
00:16:31 | INFO |     step 123800  loss=0.9545  grp_sp=0.167  n_imp=27756  n_red=9252
00:19:22 | INFO |     step 124000  loss=0.9554  grp_sp=0.167  n_imp=27756  n_red=9252
00:22:13 | INFO |     step 124200  loss=0.9546  grp_sp=0.167  n_imp=27756  n_red=9252
00:25:03 | INFO |     step 124400  loss=0.9551  grp_sp=0.167  n_imp=27756  n_red=9252
00:27:54 | INFO |     step 124600  loss=0.9560  grp_sp=0.167  n_imp=27756  n_red=9252
00:30:45 | INFO |     step 124800  loss=0.9569  grp_sp=0.167  n_imp=27756  n_red=9252
00:33:35 | INFO |     step 125000  loss=0.9587  grp_sp=0.167  n_imp=27756  n_red=9252
00:36:26 | INFO |     step 125200  loss=0.9602  grp_sp=0.167  n_imp=27756  n_red=9252
00:39:17 | INFO |     step 125400  loss=0.9607  grp_sp=0.167  n_imp=27756  n_red=9252
00:42:08 | INFO |     step 125600  loss=0.9618  grp_sp=0.167  n_imp=27756  n_red=9252
00:44:59 | INFO |     step 125800  loss=0.9621  grp_sp=0.167  n_imp=27756  n_red=9252
00:47:50 | INFO |     step 126000  loss=0.9634  grp_sp=0.167  n_imp=27756  n_red=9252
00:50:41 | INFO |     step 126200  loss=0.9629  grp_sp=0.167  n_imp=27756  n_red=9252
00:53:32 | INFO |     step 126400  loss=0.9629  grp_sp=0.167  n_imp=27756  n_red=9252
00:56:23 | INFO |     step 126600  loss=0.9637  grp_sp=0.167  n_imp=27756  n_red=9252
00:59:14 | INFO |     step 126800  loss=0.9647  grp_sp=0.167  n_imp=27756  n_red=9252
01:02:05 | INFO |     step 127000  loss=0.9650  grp_sp=0.167  n_imp=27756  n_red=9252
01:04:56 | INFO |     step 127200  loss=0.9658  grp_sp=0.167  n_imp=27756  n_red=9252
01:07:47 | INFO |     step 127400  loss=0.9663  grp_sp=0.167  n_imp=27756  n_red=9252
01:10:38 | INFO |     step 127600  loss=0.9662  grp_sp=0.167  n_imp=27756  n_red=9252
01:13:30 | INFO |     step 127800  loss=0.9662  grp_sp=0.167  n_imp=27756  n_red=9252
01:16:22 | INFO |     step 128000  loss=0.9668  grp_sp=0.167  n_imp=27756  n_red=9252
01:19:13 | INFO |     step 128200  loss=0.9675  grp_sp=0.167  n_imp=27756  n_red=9252
01:22:04 | INFO |     step 128400  loss=0.9678  grp_sp=0.167  n_imp=27756  n_red=9252
01:24:56 | INFO |     step 128600  loss=0.9673  grp_sp=0.167  n_imp=27756  n_red=9252
01:27:48 | INFO |     step 128800  loss=0.9678  grp_sp=0.167  n_imp=27756  n_red=9252
01:30:40 | INFO |     step 129000  loss=0.9683  grp_sp=0.167  n_imp=27756  n_red=9252
01:33:33 | INFO |     step 129200  loss=0.9686  grp_sp=0.250  n_imp=24672  n_red=12336
01:36:25 | INFO |     step 129400  loss=0.9694  grp_sp=0.250  n_imp=24672  n_red=12336
01:39:15 | INFO |     step 129600  loss=0.9699  grp_sp=0.250  n_imp=24672  n_red=12336
01:42:07 | INFO |     step 129800  loss=0.9706  grp_sp=0.250  n_imp=24672  n_red=12336
01:44:59 | INFO |     step 130000  loss=0.9711  grp_sp=0.250  n_imp=24672  n_red=12336
01:47:51 | INFO |     step 130200  loss=0.9720  grp_sp=0.250  n_imp=24672  n_red=12336
01:50:44 | INFO |     step 130400  loss=0.9725  grp_sp=0.250  n_imp=24672  n_red=12336
01:53:37 | INFO |     step 130600  loss=0.9725  grp_sp=0.250  n_imp=24672  n_red=12336
01:56:30 | INFO |     step 130800  loss=0.9738  grp_sp=0.250  n_imp=24672  n_red=12336
01:59:22 | INFO |     step 131000  loss=0.9740  grp_sp=0.250  n_imp=24672  n_red=12336
02:02:14 | INFO |     step 131200  loss=0.9749  grp_sp=0.250  n_imp=24672  n_red=12336
02:05:07 | INFO |     step 131400  loss=0.9751  grp_sp=0.250  n_imp=24672  n_red=12336
02:07:59 | INFO |     step 131600  loss=0.9759  grp_sp=0.250  n_imp=24672  n_red=12336
02:10:51 | INFO |     step 131800  loss=0.9766  grp_sp=0.250  n_imp=24672  n_red=12336
02:13:43 | INFO |     step 132000  loss=0.9764  grp_sp=0.250  n_imp=24672  n_red=12336
02:17:10 | INFO |     step 132200  loss=0.9766  grp_sp=0.250  n_imp=24672  n_red=12336
02:20:01 | INFO |     step 132400  loss=0.9775  grp_sp=0.250  n_imp=24672  n_red=12336
02:22:54 | INFO |     step 132600  loss=0.9779  grp_sp=0.250  n_imp=24672  n_red=12336
02:28:55 | INFO | [EPOCH 6/10] loss=0.9780  grp_sp=0.250  EM=67.10  F1=77.48  elapsed=1956.2min
02:29:07 | INFO |     step 132800  loss=0.6373  grp_sp=0.250  n_imp=24672  n_red=12336
02:31:59 | INFO |     step 133000  loss=0.8564  grp_sp=0.250  n_imp=24672  n_red=12336
02:34:52 | INFO |     step 133200  loss=0.8542  grp_sp=0.250  n_imp=24672  n_red=12336
02:37:45 | INFO |     step 133400  loss=0.8413  grp_sp=0.250  n_imp=24672  n_red=12336
02:40:39 | INFO |     step 133600  loss=0.8349  grp_sp=0.250  n_imp=24672  n_red=12336
02:43:32 | INFO |     step 133800  loss=0.8336  grp_sp=0.250  n_imp=24672  n_red=12336
02:46:26 | INFO |     step 134000  loss=0.8335  grp_sp=0.250  n_imp=24672  n_red=12336
02:49:19 | INFO |     step 134200  loss=0.8385  grp_sp=0.250  n_imp=24672  n_red=12336
02:52:13 | INFO |     step 134400  loss=0.8346  grp_sp=0.250  n_imp=24672  n_red=12336
02:55:05 | INFO |     step 134600  loss=0.8410  grp_sp=0.250  n_imp=24672  n_red=12336
02:58:05 | INFO |     step 134800  loss=0.8392  grp_sp=0.250  n_imp=24672  n_red=12336
03:01:00 | INFO |     step 135000  loss=0.8424  grp_sp=0.250  n_imp=24672  n_red=12336
03:03:52 | INFO |     step 135200  loss=0.8404  grp_sp=0.250  n_imp=24672  n_red=12336
03:06:44 | INFO |     step 135400  loss=0.8393  grp_sp=0.250  n_imp=24672  n_red=12336
03:09:42 | INFO |     step 135600  loss=0.8408  grp_sp=0.250  n_imp=24672  n_red=12336
03:12:41 | INFO |     step 135800  loss=0.8402  grp_sp=0.250  n_imp=24672  n_red=12336
03:15:39 | INFO |     step 136000  loss=0.8395  grp_sp=0.250  n_imp=24672  n_red=12336
03:18:35 | INFO |     step 136200  loss=0.8412  grp_sp=0.250  n_imp=24672  n_red=12336
03:21:32 | INFO |     step 136400  loss=0.8429  grp_sp=0.250  n_imp=24672  n_red=12336
03:24:27 | INFO |     step 136600  loss=0.8430  grp_sp=0.250  n_imp=24672  n_red=12336
03:27:23 | INFO |     step 136800  loss=0.8473  grp_sp=0.250  n_imp=24672  n_red=12336
03:30:20 | INFO |     step 137000  loss=0.8482  grp_sp=0.250  n_imp=24672  n_red=12336
03:33:15 | INFO |     step 137200  loss=0.8487  grp_sp=0.250  n_imp=24672  n_red=12336
03:36:12 | INFO |     step 137400  loss=0.8516  grp_sp=0.250  n_imp=24672  n_red=12336
03:39:14 | INFO |     step 137600  loss=0.8529  grp_sp=0.250  n_imp=24672  n_red=12336
03:42:09 | INFO |     step 137800  loss=0.8565  grp_sp=0.250  n_imp=24672  n_red=12336
03:45:04 | INFO |     step 138000  loss=0.8587  grp_sp=0.250  n_imp=24672  n_red=12336
03:48:00 | INFO |     step 138200  loss=0.8591  grp_sp=0.250  n_imp=24672  n_red=12336
03:50:57 | INFO |     step 138400  loss=0.8625  grp_sp=0.250  n_imp=24672  n_red=12336
03:53:48 | INFO |     step 138600  loss=0.8638  grp_sp=0.250  n_imp=24672  n_red=12336
03:56:45 | INFO |     step 138800  loss=0.8664  grp_sp=0.250  n_imp=24672  n_red=12336
03:59:37 | INFO |     step 139000  loss=0.8684  grp_sp=0.250  n_imp=24672  n_red=12336
04:02:33 | INFO |     step 139200  loss=0.8696  grp_sp=0.250  n_imp=24672  n_red=12336
04:05:30 | INFO |     step 139400  loss=0.8727  grp_sp=0.250  n_imp=24672  n_red=12336
04:08:26 | INFO |     step 139600  loss=0.8736  grp_sp=0.250  n_imp=24672  n_red=12336
04:11:21 | INFO |     step 139800  loss=0.8760  grp_sp=0.250  n_imp=24672  n_red=12336
04:14:18 | INFO |     step 140000  loss=0.8765  grp_sp=0.250  n_imp=24672  n_red=12336
04:17:17 | INFO |     step 140200  loss=0.8781  grp_sp=0.250  n_imp=24672  n_red=12336
04:20:15 | INFO |     step 140400  loss=0.8821  grp_sp=0.250  n_imp=24672  n_red=12336
04:23:18 | INFO |     step 140600  loss=0.8838  grp_sp=0.250  n_imp=24672  n_red=12336
04:26:14 | INFO |     step 140800  loss=0.8860  grp_sp=0.250  n_imp=24672  n_red=12336
04:29:10 | INFO |     step 141000  loss=0.8876  grp_sp=0.250  n_imp=24672  n_red=12336
04:32:03 | INFO |     step 141200  loss=0.8917  grp_sp=0.250  n_imp=24672  n_red=12336
04:34:57 | INFO |     step 141400  loss=0.8920  grp_sp=0.250  n_imp=24672  n_red=12336
04:37:52 | INFO |     step 141600  loss=0.8941  grp_sp=0.250  n_imp=24672  n_red=12336
04:40:46 | INFO |     step 141800  loss=0.8961  grp_sp=0.250  n_imp=24672  n_red=12336
04:43:42 | INFO |     step 142000  loss=0.8953  grp_sp=0.250  n_imp=24672  n_red=12336
04:46:37 | INFO |     step 142200  loss=0.8962  grp_sp=0.250  n_imp=24672  n_red=12336
04:49:32 | INFO |     step 142400  loss=0.8953  grp_sp=0.250  n_imp=24672  n_red=12336
04:52:26 | INFO |     step 142600  loss=0.8976  grp_sp=0.250  n_imp=24672  n_red=12336
04:55:21 | INFO |     step 142800  loss=0.8984  grp_sp=0.250  n_imp=24672  n_red=12336
04:58:16 | INFO |     step 143000  loss=0.8998  grp_sp=0.250  n_imp=24672  n_red=12336
05:01:13 | INFO |     step 143200  loss=0.9004  grp_sp=0.250  n_imp=24672  n_red=12336
05:04:09 | INFO |     step 143400  loss=0.9006  grp_sp=0.250  n_imp=24672  n_red=12336
05:07:02 | INFO |     step 143600  loss=0.9030  grp_sp=0.250  n_imp=24672  n_red=12336
05:09:54 | INFO |     step 143800  loss=0.9029  grp_sp=0.250  n_imp=24672  n_red=12336
05:12:49 | INFO |     step 144000  loss=0.9032  grp_sp=0.250  n_imp=24672  n_red=12336
05:15:44 | INFO |     step 144200  loss=0.9053  grp_sp=0.250  n_imp=24672  n_red=12336
05:18:38 | INFO |     step 144400  loss=0.9047  grp_sp=0.250  n_imp=24672  n_red=12336
05:21:32 | INFO |     step 144600  loss=0.9061  grp_sp=0.250  n_imp=24672  n_red=12336
05:24:27 | INFO |     step 144800  loss=0.9062  grp_sp=0.250  n_imp=24672  n_red=12336
05:27:22 | INFO |     step 145000  loss=0.9081  grp_sp=0.250  n_imp=24672  n_red=12336
05:30:15 | INFO |     step 145200  loss=0.9094  grp_sp=0.250  n_imp=24672  n_red=12336
05:33:10 | INFO |     step 145400  loss=0.9101  grp_sp=0.250  n_imp=24672  n_red=12336
05:36:04 | INFO |     step 145600  loss=0.9107  grp_sp=0.250  n_imp=24672  n_red=12336
05:38:58 | INFO |     step 145800  loss=0.9106  grp_sp=0.250  n_imp=24672  n_red=12336
05:41:58 | INFO |     step 146000  loss=0.9127  grp_sp=0.250  n_imp=24672  n_red=12336
05:44:57 | INFO |     step 146200  loss=0.9135  grp_sp=0.250  n_imp=24672  n_red=12336
05:47:53 | INFO |     step 146400  loss=0.9149  grp_sp=0.250  n_imp=24672  n_red=12336
05:50:48 | INFO |     step 146600  loss=0.9158  grp_sp=0.250  n_imp=24672  n_red=12336
05:53:46 | INFO |     step 146800  loss=0.9159  grp_sp=0.250  n_imp=24672  n_red=12336
05:56:47 | INFO |     step 147000  loss=0.9165  grp_sp=0.250  n_imp=24672  n_red=12336
05:59:48 | INFO |     step 147200  loss=0.9165  grp_sp=0.250  n_imp=24672  n_red=12336
06:02:44 | INFO |     step 147400  loss=0.9169  grp_sp=0.250  n_imp=24672  n_red=12336
06:05:34 | INFO |     step 147600  loss=0.9177  grp_sp=0.250  n_imp=24672  n_red=12336
06:08:22 | INFO |     step 147800  loss=0.9188  grp_sp=0.250  n_imp=24672  n_red=12336
06:11:19 | INFO |     step 148000  loss=0.9203  grp_sp=0.250  n_imp=24672  n_red=12336
06:14:16 | INFO |     step 148200  loss=0.9215  grp_sp=0.250  n_imp=24672  n_red=12336
06:17:16 | INFO |     step 148400  loss=0.9214  grp_sp=0.250  n_imp=24672  n_red=12336
06:20:13 | INFO |     step 148600  loss=0.9223  grp_sp=0.250  n_imp=24672  n_red=12336
06:23:12 | INFO |     step 148800  loss=0.9235  grp_sp=0.250  n_imp=24672  n_red=12336
06:26:10 | INFO |     step 149000  loss=0.9235  grp_sp=0.250  n_imp=24672  n_red=12336
06:29:08 | INFO |     step 149200  loss=0.9231  grp_sp=0.250  n_imp=24672  n_red=12336
06:32:09 | INFO |     step 149400  loss=0.9239  grp_sp=0.250  n_imp=24672  n_red=12336
06:35:10 | INFO |     step 149600  loss=0.9240  grp_sp=0.250  n_imp=24672  n_red=12336
06:38:01 | INFO |     step 149800  loss=0.9238  grp_sp=0.250  n_imp=24672  n_red=12336
06:40:50 | INFO |     step 150000  loss=0.9240  grp_sp=0.250  n_imp=24672  n_red=12336
06:43:44 | INFO |     step 150200  loss=0.9254  grp_sp=0.250  n_imp=24672  n_red=12336
06:46:41 | INFO |     step 150400  loss=0.9264  grp_sp=0.250  n_imp=24672  n_red=12336
06:49:36 | INFO |     step 150600  loss=0.9265  grp_sp=0.250  n_imp=24672  n_red=12336
06:52:35 | INFO |     step 150800  loss=0.9265  grp_sp=0.250  n_imp=24672  n_red=12336
06:55:32 | INFO |     step 151000  loss=0.9270  grp_sp=0.250  n_imp=24672  n_red=12336
06:58:29 | INFO |     step 151200  loss=0.9274  grp_sp=0.250  n_imp=24672  n_red=12336
07:01:31 | INFO |     step 151400  loss=0.9284  grp_sp=0.250  n_imp=24672  n_red=12336
07:04:30 | INFO |     step 151600  loss=0.9275  grp_sp=0.250  n_imp=24672  n_red=12336
07:07:25 | INFO |     step 151800  loss=0.9275  grp_sp=0.250  n_imp=24672  n_red=12336
07:10:24 | INFO |     step 152000  loss=0.9281  grp_sp=0.250  n_imp=24672  n_red=12336
07:13:18 | INFO |     step 152200  loss=0.9285  grp_sp=0.250  n_imp=24672  n_red=12336
07:16:18 | INFO |     step 152400  loss=0.9292  grp_sp=0.250  n_imp=24672  n_red=12336
07:19:17 | INFO |     step 152600  loss=0.9288  grp_sp=0.250  n_imp=24672  n_red=12336
07:22:17 | INFO |     step 152800  loss=0.9297  grp_sp=0.250  n_imp=24672  n_red=12336
07:25:18 | INFO |     step 153000  loss=0.9293  grp_sp=0.250  n_imp=24672  n_red=12336
07:28:17 | INFO |     step 153200  loss=0.9294  grp_sp=0.250  n_imp=24672  n_red=12336
07:31:16 | INFO |     step 153400  loss=0.9294  grp_sp=0.250  n_imp=24672  n_red=12336
07:34:08 | INFO |     step 153600  loss=0.9303  grp_sp=0.250  n_imp=24672  n_red=12336
07:37:03 | INFO |     step 153800  loss=0.9306  grp_sp=0.250  n_imp=24672  n_red=12336
07:39:59 | INFO |     step 154000  loss=0.9307  grp_sp=0.250  n_imp=24672  n_red=12336
07:43:21 | INFO |     step 154200  loss=0.9314  grp_sp=0.250  n_imp=24672  n_red=12336
07:46:17 | INFO |     step 154400  loss=0.9318  grp_sp=0.250  n_imp=24672  n_red=12336
07:49:11 | INFO |     step 154600  loss=0.9321  grp_sp=0.250  n_imp=24672  n_red=12336
07:52:11 | INFO |     step 154800  loss=0.9328  grp_sp=0.250  n_imp=24672  n_red=12336
07:57:38 | INFO | [EPOCH 7/10] loss=0.9331  grp_sp=0.250  EM=66.64  F1=77.01  elapsed=2284.6min
07:58:57 | INFO |     step 155000  loss=0.7629  grp_sp=0.250  n_imp=24672  n_red=12336
08:02:01 | INFO |     step 155200  loss=0.7837  grp_sp=0.250  n_imp=24672  n_red=12336
08:05:04 | INFO |     step 155400  loss=0.8019  grp_sp=0.250  n_imp=24672  n_red=12336
08:08:02 | INFO |     step 155600  loss=0.7878  grp_sp=0.250  n_imp=24672  n_red=12336
08:10:55 | INFO |     step 155800  loss=0.7801  grp_sp=0.250  n_imp=24672  n_red=12336
08:13:50 | INFO |     step 156000  loss=0.7980  grp_sp=0.250  n_imp=24672  n_red=12336
08:16:46 | INFO |     step 156200  loss=0.7984  grp_sp=0.250  n_imp=24672  n_red=12336
08:19:42 | INFO |     step 156400  loss=0.7959  grp_sp=0.250  n_imp=24672  n_red=12336
08:22:39 | INFO |     step 156600  loss=0.7908  grp_sp=0.250  n_imp=24672  n_red=12336
08:25:36 | INFO |     step 156800  loss=0.7889  grp_sp=0.250  n_imp=24672  n_red=12336
08:28:35 | INFO |     step 157000  loss=0.7923  grp_sp=0.250  n_imp=24672  n_red=12336
08:31:34 | INFO |     step 157200  loss=0.7936  grp_sp=0.250  n_imp=24672  n_red=12336
08:34:25 | INFO |     step 157400  loss=0.7937  grp_sp=0.250  n_imp=24672  n_red=12336
08:37:15 | INFO |     step 157600  loss=0.7882  grp_sp=0.250  n_imp=24672  n_red=12336
08:40:05 | INFO |     step 157800  loss=0.7895  grp_sp=0.250  n_imp=24672  n_red=12336
08:42:55 | INFO |     step 158000  loss=0.7941  grp_sp=0.250  n_imp=24672  n_red=12336
08:45:45 | INFO |     step 158200  loss=0.7968  grp_sp=0.250  n_imp=24672  n_red=12336
08:48:33 | INFO |     step 158400  loss=0.7978  grp_sp=0.250  n_imp=24672  n_red=12336
08:51:22 | INFO |     step 158600  loss=0.7980  grp_sp=0.250  n_imp=24672  n_red=12336
08:54:10 | INFO |     step 158800  loss=0.7968  grp_sp=0.250  n_imp=24672  n_red=12336
08:56:58 | INFO |     step 159000  loss=0.7980  grp_sp=0.250  n_imp=24672  n_red=12336
08:59:46 | INFO |     step 159200  loss=0.7990  grp_sp=0.250  n_imp=24672  n_red=12336
09:02:34 | INFO |     step 159400  loss=0.7988  grp_sp=0.250  n_imp=24672  n_red=12336
09:05:22 | INFO |     step 159600  loss=0.7984  grp_sp=0.250  n_imp=24672  n_red=12336
09:08:10 | INFO |     step 159800  loss=0.7950  grp_sp=0.250  n_imp=24672  n_red=12336
09:11:00 | INFO |     step 160000  loss=0.7956  grp_sp=0.333  n_imp=21588  n_red=15420
09:13:48 | INFO |     step 160200  loss=0.7959  grp_sp=0.333  n_imp=21588  n_red=15420
09:16:37 | INFO |     step 160400  loss=0.7962  grp_sp=0.333  n_imp=21588  n_red=15420
09:19:26 | INFO |     step 160600  loss=0.7965  grp_sp=0.333  n_imp=21588  n_red=15420
09:22:15 | INFO |     step 160800  loss=0.7951  grp_sp=0.333  n_imp=21588  n_red=15420
09:25:04 | INFO |     step 161000  loss=0.7944  grp_sp=0.333  n_imp=21588  n_red=15420
09:27:53 | INFO |     step 161200  loss=0.7918  grp_sp=0.333  n_imp=21588  n_red=15420
09:30:43 | INFO |     step 161400  loss=0.7930  grp_sp=0.333  n_imp=21588  n_red=15420
09:33:35 | INFO |     step 161600  loss=0.7914  grp_sp=0.333  n_imp=21588  n_red=15420
09:36:26 | INFO |     step 161800  loss=0.7924  grp_sp=0.333  n_imp=21588  n_red=15420
09:39:17 | INFO |     step 162000  loss=0.7914  grp_sp=0.333  n_imp=21588  n_red=15420
09:42:08 | INFO |     step 162200  loss=0.7892  grp_sp=0.333  n_imp=21588  n_red=15420
09:45:00 | INFO |     step 162400  loss=0.7897  grp_sp=0.333  n_imp=21588  n_red=15420
09:47:51 | INFO |     step 162600  loss=0.7913  grp_sp=0.333  n_imp=21588  n_red=15420
09:50:43 | INFO |     step 162800  loss=0.7918  grp_sp=0.333  n_imp=21588  n_red=15420
09:53:35 | INFO |     step 163000  loss=0.7929  grp_sp=0.333  n_imp=21588  n_red=15420
09:56:27 | INFO |     step 163200  loss=0.7933  grp_sp=0.333  n_imp=21588  n_red=15420
09:59:19 | INFO |     step 163400  loss=0.7921  grp_sp=0.333  n_imp=21588  n_red=15420
10:02:11 | INFO |     step 163600  loss=0.7914  grp_sp=0.333  n_imp=21588  n_red=15420
10:05:03 | INFO |     step 163800  loss=0.7917  grp_sp=0.333  n_imp=21588  n_red=15420
10:07:56 | INFO |     step 164000  loss=0.7910  grp_sp=0.333  n_imp=21588  n_red=15420
10:10:47 | INFO |     step 164200  loss=0.7926  grp_sp=0.333  n_imp=21588  n_red=15420
10:13:39 | INFO |     step 164400  loss=0.7922  grp_sp=0.333  n_imp=21588  n_red=15420
10:16:31 | INFO |     step 164600  loss=0.7918  grp_sp=0.333  n_imp=21588  n_red=15420
10:19:23 | INFO |     step 164800  loss=0.7936  grp_sp=0.333  n_imp=21588  n_red=15420
10:22:14 | INFO |     step 165000  loss=0.7933  grp_sp=0.333  n_imp=21588  n_red=15420
10:25:06 | INFO |     step 165200  loss=0.7926  grp_sp=0.333  n_imp=21588  n_red=15420
10:27:58 | INFO |     step 165400  loss=0.7932  grp_sp=0.333  n_imp=21588  n_red=15420
10:30:50 | INFO |     step 165600  loss=0.7939  grp_sp=0.333  n_imp=21588  n_red=15420
10:33:42 | INFO |     step 165800  loss=0.7952  grp_sp=0.333  n_imp=21588  n_red=15420
10:36:34 | INFO |     step 166000  loss=0.7957  grp_sp=0.333  n_imp=21588  n_red=15420
10:39:26 | INFO |     step 166200  loss=0.7964  grp_sp=0.333  n_imp=21588  n_red=15420
10:42:18 | INFO |     step 166400  loss=0.7963  grp_sp=0.333  n_imp=21588  n_red=15420
10:45:10 | INFO |     step 166600  loss=0.7974  grp_sp=0.333  n_imp=21588  n_red=15420
10:48:02 | INFO |     step 166800  loss=0.7975  grp_sp=0.333  n_imp=21588  n_red=15420
10:50:54 | INFO |     step 167000  loss=0.7986  grp_sp=0.333  n_imp=21588  n_red=15420
10:53:46 | INFO |     step 167200  loss=0.7984  grp_sp=0.333  n_imp=21588  n_red=15420
10:56:38 | INFO |     step 167400  loss=0.7990  grp_sp=0.333  n_imp=21588  n_red=15420
10:59:30 | INFO |     step 167600  loss=0.8003  grp_sp=0.333  n_imp=21588  n_red=15420
11:02:22 | INFO |     step 167800  loss=0.8011  grp_sp=0.333  n_imp=21588  n_red=15420
11:05:14 | INFO |     step 168000  loss=0.8019  grp_sp=0.333  n_imp=21588  n_red=15420
11:08:06 | INFO |     step 168200  loss=0.8018  grp_sp=0.333  n_imp=21588  n_red=15420
11:10:58 | INFO |     step 168400  loss=0.8026  grp_sp=0.333  n_imp=21588  n_red=15420
11:13:49 | INFO |     step 168600  loss=0.8045  grp_sp=0.333  n_imp=21588  n_red=15420
11:16:41 | INFO |     step 168800  loss=0.8042  grp_sp=0.333  n_imp=21588  n_red=15420
11:19:33 | INFO |     step 169000  loss=0.8053  grp_sp=0.333  n_imp=21588  n_red=15420
11:22:24 | INFO |     step 169200  loss=0.8055  grp_sp=0.333  n_imp=21588  n_red=15420
11:25:16 | INFO |     step 169400  loss=0.8057  grp_sp=0.333  n_imp=21588  n_red=15420
11:28:07 | INFO |     step 169600  loss=0.8065  grp_sp=0.333  n_imp=21588  n_red=15420
11:30:59 | INFO |     step 169800  loss=0.8069  grp_sp=0.333  n_imp=21588  n_red=15420
11:33:50 | INFO |     step 170000  loss=0.8075  grp_sp=0.333  n_imp=21588  n_red=15420
11:36:42 | INFO |     step 170200  loss=0.8083  grp_sp=0.333  n_imp=21588  n_red=15420
11:39:34 | INFO |     step 170400  loss=0.8093  grp_sp=0.333  n_imp=21588  n_red=15420
11:42:26 | INFO |     step 170600  loss=0.8099  grp_sp=0.333  n_imp=21588  n_red=15420
11:45:18 | INFO |     step 170800  loss=0.8114  grp_sp=0.333  n_imp=21588  n_red=15420
11:48:09 | INFO |     step 171000  loss=0.8124  grp_sp=0.333  n_imp=21588  n_red=15420
11:51:01 | INFO |     step 171200  loss=0.8135  grp_sp=0.333  n_imp=21588  n_red=15420
11:53:52 | INFO |     step 171400  loss=0.8139  grp_sp=0.333  n_imp=21588  n_red=15420
11:56:44 | INFO |     step 171600  loss=0.8152  grp_sp=0.333  n_imp=21588  n_red=15420
11:59:36 | INFO |     step 171800  loss=0.8156  grp_sp=0.333  n_imp=21588  n_red=15420
12:02:27 | INFO |     step 172000  loss=0.8164  grp_sp=0.333  n_imp=21588  n_red=15420
12:05:19 | INFO |     step 172200  loss=0.8178  grp_sp=0.333  n_imp=21588  n_red=15420
12:08:11 | INFO |     step 172400  loss=0.8186  grp_sp=0.333  n_imp=21588  n_red=15420
12:11:03 | INFO |     step 172600  loss=0.8198  grp_sp=0.333  n_imp=21588  n_red=15420
12:13:54 | INFO |     step 172800  loss=0.8192  grp_sp=0.333  n_imp=21588  n_red=15420
12:16:46 | INFO |     step 173000  loss=0.8207  grp_sp=0.333  n_imp=21588  n_red=15420
12:19:38 | INFO |     step 173200  loss=0.8211  grp_sp=0.333  n_imp=21588  n_red=15420
12:22:29 | INFO |     step 173400  loss=0.8217  grp_sp=0.333  n_imp=21588  n_red=15420
12:25:20 | INFO |     step 173600  loss=0.8219  grp_sp=0.333  n_imp=21588  n_red=15420
12:28:12 | INFO |     step 173800  loss=0.8226  grp_sp=0.333  n_imp=21588  n_red=15420
12:31:03 | INFO |     step 174000  loss=0.8226  grp_sp=0.333  n_imp=21588  n_red=15420
12:33:55 | INFO |     step 174200  loss=0.8234  grp_sp=0.333  n_imp=21588  n_red=15420
12:36:46 | INFO |     step 174400  loss=0.8242  grp_sp=0.333  n_imp=21588  n_red=15420
12:39:38 | INFO |     step 174600  loss=0.8251  grp_sp=0.333  n_imp=21588  n_red=15420
12:42:30 | INFO |     step 174800  loss=0.8265  grp_sp=0.333  n_imp=21588  n_red=15420
12:45:21 | INFO |     step 175000  loss=0.8268  grp_sp=0.333  n_imp=21588  n_red=15420
12:48:13 | INFO |     step 175200  loss=0.8271  grp_sp=0.333  n_imp=21588  n_red=15420
12:51:05 | INFO |     step 175400  loss=0.8276  grp_sp=0.333  n_imp=21588  n_red=15420
12:53:58 | INFO |     step 175600  loss=0.8281  grp_sp=0.333  n_imp=21588  n_red=15420
12:56:50 | INFO |     step 175800  loss=0.8295  grp_sp=0.333  n_imp=21588  n_red=15420
12:59:43 | INFO |     step 176000  loss=0.8297  grp_sp=0.333  n_imp=21588  n_red=15420
13:02:35 | INFO |     step 176200  loss=0.8309  grp_sp=0.333  n_imp=21588  n_red=15420
13:05:52 | INFO |     step 176400  loss=0.8314  grp_sp=0.333  n_imp=21588  n_red=15420
13:08:54 | INFO |     step 176600  loss=0.8320  grp_sp=0.333  n_imp=21588  n_red=15420
13:11:47 | INFO |     step 176800  loss=0.8332  grp_sp=0.333  n_imp=21588  n_red=15420
13:14:39 | INFO |     step 177000  loss=0.8341  grp_sp=0.333  n_imp=21588  n_red=15420
13:18:40 | INFO | [EPOCH 8/10] loss=0.8343  grp_sp=0.333  EM=64.69  F1=76.29  elapsed=2605.9min
13:20:52 | INFO |     step 177200  loss=0.6878  grp_sp=0.333  n_imp=21588  n_red=15420
13:23:44 | INFO |     step 177400  loss=0.7098  grp_sp=0.333  n_imp=21588  n_red=15420
13:26:35 | INFO |     step 177600  loss=0.6902  grp_sp=0.333  n_imp=21588  n_red=15420
13:29:26 | INFO |     step 177800  loss=0.7077  grp_sp=0.333  n_imp=21588  n_red=15420
13:32:18 | INFO |     step 178000  loss=0.6991  grp_sp=0.333  n_imp=21588  n_red=15420
13:35:11 | INFO |     step 178200  loss=0.6962  grp_sp=0.333  n_imp=21588  n_red=15420
13:38:04 | INFO |     step 178400  loss=0.6886  grp_sp=0.333  n_imp=21588  n_red=15420
13:40:59 | INFO |     step 178600  loss=0.6826  grp_sp=0.333  n_imp=21588  n_red=15420
13:43:52 | INFO |     step 178800  loss=0.6895  grp_sp=0.333  n_imp=21588  n_red=15420
13:46:45 | INFO |     step 179000  loss=0.6929  grp_sp=0.333  n_imp=21588  n_red=15420
13:49:38 | INFO |     step 179200  loss=0.6942  grp_sp=0.333  n_imp=21588  n_red=15420
13:52:30 | INFO |     step 179400  loss=0.6990  grp_sp=0.333  n_imp=21588  n_red=15420
13:55:23 | INFO |     step 179600  loss=0.7060  grp_sp=0.333  n_imp=21588  n_red=15420
13:58:15 | INFO |     step 179800  loss=0.7122  grp_sp=0.333  n_imp=21588  n_red=15420
14:01:07 | INFO |     step 180000  loss=0.7125  grp_sp=0.333  n_imp=21588  n_red=15420
14:03:59 | INFO |     step 180200  loss=0.7149  grp_sp=0.333  n_imp=21588  n_red=15420
14:06:51 | INFO |     step 180400  loss=0.7138  grp_sp=0.333  n_imp=21588  n_red=15420
14:09:44 | INFO |     step 180600  loss=0.7144  grp_sp=0.333  n_imp=21588  n_red=15420
14:12:36 | INFO |     step 180800  loss=0.7150  grp_sp=0.333  n_imp=21588  n_red=15420
14:15:29 | INFO |     step 181000  loss=0.7142  grp_sp=0.333  n_imp=21588  n_red=15420
14:18:21 | INFO |     step 181200  loss=0.7145  grp_sp=0.333  n_imp=21588  n_red=15420
14:21:14 | INFO |     step 181400  loss=0.7147  grp_sp=0.333  n_imp=21588  n_red=15420
14:24:06 | INFO |     step 181600  loss=0.7152  grp_sp=0.333  n_imp=21588  n_red=15420
14:27:01 | INFO |     step 181800  loss=0.7162  grp_sp=0.333  n_imp=21588  n_red=15420
14:29:58 | INFO |     step 182000  loss=0.7176  grp_sp=0.333  n_imp=21588  n_red=15420
14:32:50 | INFO |     step 182200  loss=0.7188  grp_sp=0.333  n_imp=21588  n_red=15420
14:35:42 | INFO |     step 182400  loss=0.7218  grp_sp=0.333  n_imp=21588  n_red=15420
14:38:34 | INFO |     step 182600  loss=0.7236  grp_sp=0.333  n_imp=21588  n_red=15420
14:41:26 | INFO |     step 182800  loss=0.7246  grp_sp=0.333  n_imp=21588  n_red=15420
14:44:18 | INFO |     step 183000  loss=0.7247  grp_sp=0.333  n_imp=21588  n_red=15420
14:47:10 | INFO |     step 183200  loss=0.7255  grp_sp=0.333  n_imp=21588  n_red=15420
14:50:03 | INFO |     step 183400  loss=0.7274  grp_sp=0.333  n_imp=21588  n_red=15420
14:52:55 | INFO |     step 183600  loss=0.7299  grp_sp=0.333  n_imp=21588  n_red=15420
14:55:48 | INFO |     step 183800  loss=0.7289  grp_sp=0.333  n_imp=21588  n_red=15420
14:58:40 | INFO |     step 184000  loss=0.7290  grp_sp=0.333  n_imp=21588  n_red=15420
15:01:33 | INFO |     step 184200  loss=0.7300  grp_sp=0.333  n_imp=21588  n_red=15420
15:04:28 | INFO |     step 184400  loss=0.7302  grp_sp=0.333  n_imp=21588  n_red=15420
15:07:28 | INFO |     step 184600  loss=0.7303  grp_sp=0.333  n_imp=21588  n_red=15420
15:10:25 | INFO |     step 184800  loss=0.7316  grp_sp=0.333  n_imp=21588  n_red=15420
15:13:29 | INFO |     step 185000  loss=0.7311  grp_sp=0.333  n_imp=21588  n_red=15420
15:16:21 | INFO |     step 185200  loss=0.7288  grp_sp=0.333  n_imp=21588  n_red=15420
15:19:14 | INFO |     step 185400  loss=0.7304  grp_sp=0.333  n_imp=21588  n_red=15420
15:22:06 | INFO |     step 185600  loss=0.7311  grp_sp=0.333  n_imp=21588  n_red=15420
15:25:02 | INFO |     step 185800  loss=0.7323  grp_sp=0.333  n_imp=21588  n_red=15420
15:27:57 | INFO |     step 186000  loss=0.7328  grp_sp=0.333  n_imp=21588  n_red=15420
15:30:55 | INFO |     step 186200  loss=0.7347  grp_sp=0.333  n_imp=21588  n_red=15420
15:33:59 | INFO |     step 186400  loss=0.7363  grp_sp=0.333  n_imp=21588  n_red=15420
15:37:01 | INFO |     step 186600  loss=0.7359  grp_sp=0.333  n_imp=21588  n_red=15420
15:40:04 | INFO |     step 186800  loss=0.7362  grp_sp=0.333  n_imp=21588  n_red=15420
15:43:06 | INFO |     step 187000  loss=0.7363  grp_sp=0.333  n_imp=21588  n_red=15420
15:46:01 | INFO |     step 187200  loss=0.7376  grp_sp=0.333  n_imp=21588  n_red=15420
15:48:56 | INFO |     step 187400  loss=0.7364  grp_sp=0.333  n_imp=21588  n_red=15420
15:51:48 | INFO |     step 187600  loss=0.7373  grp_sp=0.333  n_imp=21588  n_red=15420
15:54:40 | INFO |     step 187800  loss=0.7382  grp_sp=0.333  n_imp=21588  n_red=15420
15:57:31 | INFO |     step 188000  loss=0.7390  grp_sp=0.333  n_imp=21588  n_red=15420
16:00:22 | INFO |     step 188200  loss=0.7395  grp_sp=0.333  n_imp=21588  n_red=15420
16:03:13 | INFO |     step 188400  loss=0.7411  grp_sp=0.333  n_imp=21588  n_red=15420
16:06:04 | INFO |     step 188600  loss=0.7430  grp_sp=0.333  n_imp=21588  n_red=15420
16:08:55 | INFO |     step 188800  loss=0.7435  grp_sp=0.333  n_imp=21588  n_red=15420
16:11:46 | INFO |     step 189000  loss=0.7445  grp_sp=0.333  n_imp=21588  n_red=15420
16:14:37 | INFO |     step 189200  loss=0.7464  grp_sp=0.333  n_imp=21588  n_red=15420
16:17:29 | INFO |     step 189400  loss=0.7476  grp_sp=0.333  n_imp=21588  n_red=15420
16:20:20 | INFO |     step 189600  loss=0.7488  grp_sp=0.333  n_imp=21588  n_red=15420
16:23:10 | INFO |     step 189800  loss=0.7498  grp_sp=0.333  n_imp=21588  n_red=15420
16:26:03 | INFO |     step 190000  loss=0.7509  grp_sp=0.333  n_imp=21588  n_red=15420
16:28:55 | INFO |     step 190200  loss=0.7506  grp_sp=0.333  n_imp=21588  n_red=15420
16:31:47 | INFO |     step 190400  loss=0.7509  grp_sp=0.333  n_imp=21588  n_red=15420
16:34:39 | INFO |     step 190600  loss=0.7517  grp_sp=0.417  n_imp=18504  n_red=18504
16:37:31 | INFO |     step 190800  loss=0.7515  grp_sp=0.417  n_imp=18504  n_red=18504
16:40:24 | INFO |     step 191000  loss=0.7512  grp_sp=0.417  n_imp=18504  n_red=18504
16:43:15 | INFO |     step 191200  loss=0.7509  grp_sp=0.417  n_imp=18504  n_red=18504
16:46:07 | INFO |     step 191400  loss=0.7514  grp_sp=0.417  n_imp=18504  n_red=18504
16:48:59 | INFO |     step 191600  loss=0.7514  grp_sp=0.417  n_imp=18504  n_red=18504
16:51:51 | INFO |     step 191800  loss=0.7517  grp_sp=0.417  n_imp=18504  n_red=18504
16:54:43 | INFO |     step 192000  loss=0.7519  grp_sp=0.417  n_imp=18504  n_red=18504
16:57:35 | INFO |     step 192200  loss=0.7523  grp_sp=0.417  n_imp=18504  n_red=18504
17:00:27 | INFO |     step 192400  loss=0.7515  grp_sp=0.417  n_imp=18504  n_red=18504
17:03:20 | INFO |     step 192600  loss=0.7512  grp_sp=0.417  n_imp=18504  n_red=18504
17:06:14 | INFO |     step 192800  loss=0.7514  grp_sp=0.417  n_imp=18504  n_red=18504
17:09:08 | INFO |     step 193000  loss=0.7514  grp_sp=0.417  n_imp=18504  n_red=18504
17:12:02 | INFO |     step 193200  loss=0.7508  grp_sp=0.417  n_imp=18504  n_red=18504
17:14:58 | INFO |     step 193400  loss=0.7512  grp_sp=0.417  n_imp=18504  n_red=18504
17:17:52 | INFO |     step 193600  loss=0.7511  grp_sp=0.417  n_imp=18504  n_red=18504
17:20:46 | INFO |     step 193800  loss=0.7511  grp_sp=0.417  n_imp=18504  n_red=18504
17:23:39 | INFO |     step 194000  loss=0.7515  grp_sp=0.417  n_imp=18504  n_red=18504
17:26:33 | INFO |     step 194200  loss=0.7509  grp_sp=0.417  n_imp=18504  n_red=18504
17:29:28 | INFO |     step 194400  loss=0.7508  grp_sp=0.417  n_imp=18504  n_red=18504
17:32:23 | INFO |     step 194600  loss=0.7508  grp_sp=0.417  n_imp=18504  n_red=18504
17:35:18 | INFO |     step 194800  loss=0.7505  grp_sp=0.417  n_imp=18504  n_red=18504
17:38:14 | INFO |     step 195000  loss=0.7511  grp_sp=0.417  n_imp=18504  n_red=18504
17:41:09 | INFO |     step 195200  loss=0.7515  grp_sp=0.417  n_imp=18504  n_red=18504
17:44:05 | INFO |     step 195400  loss=0.7518  grp_sp=0.417  n_imp=18504  n_red=18504
17:47:04 | INFO |     step 195600  loss=0.7515  grp_sp=0.417  n_imp=18504  n_red=18504
17:49:59 | INFO |     step 195800  loss=0.7520  grp_sp=0.417  n_imp=18504  n_red=18504
17:52:54 | INFO |     step 196000  loss=0.7521  grp_sp=0.417  n_imp=18504  n_red=18504
17:55:49 | INFO |     step 196200  loss=0.7512  grp_sp=0.417  n_imp=18504  n_red=18504
17:58:40 | INFO |     step 196400  loss=0.7518  grp_sp=0.417  n_imp=18504  n_red=18504
18:01:32 | INFO |     step 196600  loss=0.7520  grp_sp=0.417  n_imp=18504  n_red=18504
18:04:25 | INFO |     step 196800  loss=0.7521  grp_sp=0.417  n_imp=18504  n_red=18504
18:07:19 | INFO |     step 197000  loss=0.7520  grp_sp=0.417  n_imp=18504  n_red=18504
18:10:15 | INFO |     step 197200  loss=0.7522  grp_sp=0.417  n_imp=18504  n_red=18504
18:13:15 | INFO |     step 197400  loss=0.7530  grp_sp=0.417  n_imp=18504  n_red=18504
18:16:13 | INFO |     step 197600  loss=0.7527  grp_sp=0.417  n_imp=18504  n_red=18504
18:19:11 | INFO |     step 197800  loss=0.7524  grp_sp=0.417  n_imp=18504  n_red=18504
18:22:08 | INFO |     step 198000  loss=0.7525  grp_sp=0.417  n_imp=18504  n_red=18504
18:25:02 | INFO |     step 198200  loss=0.7533  grp_sp=0.417  n_imp=18504  n_red=18504
18:28:39 | INFO |     step 198400  loss=0.7531  grp_sp=0.417  n_imp=18504  n_red=18504
18:31:27 | INFO |     step 198600  loss=0.7541  grp_sp=0.417  n_imp=18504  n_red=18504
18:34:21 | INFO |     step 198800  loss=0.7543  grp_sp=0.417  n_imp=18504  n_red=18504
18:37:18 | INFO |     step 199000  loss=0.7545  grp_sp=0.417  n_imp=18504  n_red=18504
18:43:17 | INFO | [EPOCH 9/10] loss=0.7549  grp_sp=0.417  EM=66.17  F1=77.11  elapsed=2930.5min
18:43:35 | INFO |     step 199200  loss=0.6268  grp_sp=0.417  n_imp=18504  n_red=18504
18:46:31 | INFO |     step 199400  loss=0.5653  grp_sp=0.417  n_imp=18504  n_red=18504
18:49:27 | INFO |     step 199600  loss=0.5801  grp_sp=0.417  n_imp=18504  n_red=18504
18:52:21 | INFO |     step 199800  loss=0.5978  grp_sp=0.417  n_imp=18504  n_red=18504
18:55:16 | INFO |     step 200000  loss=0.5881  grp_sp=0.417  n_imp=18504  n_red=18504
18:58:09 | INFO |     step 200200  loss=0.5998  grp_sp=0.417  n_imp=18504  n_red=18504
19:01:03 | INFO |     step 200400  loss=0.5996  grp_sp=0.417  n_imp=18504  n_red=18504
19:03:57 | INFO |     step 200600  loss=0.5946  grp_sp=0.417  n_imp=18504  n_red=18504
19:06:51 | INFO |     step 200800  loss=0.5886  grp_sp=0.417  n_imp=18504  n_red=18504
19:09:44 | INFO |     step 201000  loss=0.5864  grp_sp=0.417  n_imp=18504  n_red=18504
19:12:38 | INFO |     step 201200  loss=0.5840  grp_sp=0.417  n_imp=18504  n_red=18504
19:15:32 | INFO |     step 201400  loss=0.5823  grp_sp=0.417  n_imp=18504  n_red=18504
19:18:27 | INFO |     step 201600  loss=0.5867  grp_sp=0.417  n_imp=18504  n_red=18504
19:21:21 | INFO |     step 201800  loss=0.5914  grp_sp=0.417  n_imp=18504  n_red=18504
19:24:16 | INFO |     step 202000  loss=0.5936  grp_sp=0.417  n_imp=18504  n_red=18504
19:27:09 | INFO |     step 202200  loss=0.5955  grp_sp=0.417  n_imp=18504  n_red=18504
19:30:04 | INFO |     step 202400  loss=0.5959  grp_sp=0.417  n_imp=18504  n_red=18504
19:32:58 | INFO |     step 202600  loss=0.5958  grp_sp=0.417  n_imp=18504  n_red=18504
19:35:55 | INFO |     step 202800  loss=0.5937  grp_sp=0.417  n_imp=18504  n_red=18504
19:38:52 | INFO |     step 203000  loss=0.5983  grp_sp=0.417  n_imp=18504  n_red=18504
19:41:50 | INFO |     step 203200  loss=0.5962  grp_sp=0.417  n_imp=18504  n_red=18504
19:44:43 | INFO |     step 203400  loss=0.5951  grp_sp=0.417  n_imp=18504  n_red=18504
19:47:37 | INFO |     step 203600  loss=0.5993  grp_sp=0.417  n_imp=18504  n_red=18504
19:50:30 | INFO |     step 203800  loss=0.6006  grp_sp=0.417  n_imp=18504  n_red=18504
19:53:23 | INFO |     step 204000  loss=0.6041  grp_sp=0.417  n_imp=18504  n_red=18504
19:56:17 | INFO |     step 204200  loss=0.6055  grp_sp=0.417  n_imp=18504  n_red=18504
19:59:12 | INFO |     step 204400  loss=0.6067  grp_sp=0.417  n_imp=18504  n_red=18504
20:02:07 | INFO |     step 204600  loss=0.6061  grp_sp=0.417  n_imp=18504  n_red=18504
20:05:02 | INFO |     step 204800  loss=0.6050  grp_sp=0.417  n_imp=18504  n_red=18504
20:07:57 | INFO |     step 205000  loss=0.6052  grp_sp=0.417  n_imp=18504  n_red=18504
20:10:51 | INFO |     step 205200  loss=0.6051  grp_sp=0.417  n_imp=18504  n_red=18504
20:13:45 | INFO |     step 205400  loss=0.6055  grp_sp=0.417  n_imp=18504  n_red=18504
20:16:38 | INFO |     step 205600  loss=0.6065  grp_sp=0.417  n_imp=18504  n_red=18504
20:19:34 | INFO |     step 205800  loss=0.6085  grp_sp=0.417  n_imp=18504  n_red=18504
20:22:28 | INFO |     step 206000  loss=0.6102  grp_sp=0.417  n_imp=18504  n_red=18504
20:25:22 | INFO |     step 206200  loss=0.6092  grp_sp=0.417  n_imp=18504  n_red=18504
20:28:16 | INFO |     step 206400  loss=0.6125  grp_sp=0.417  n_imp=18504  n_red=18504
20:31:11 | INFO |     step 206600  loss=0.6138  grp_sp=0.417  n_imp=18504  n_red=18504
20:34:04 | INFO |     step 206800  loss=0.6141  grp_sp=0.417  n_imp=18504  n_red=18504
20:36:57 | INFO |     step 207000  loss=0.6154  grp_sp=0.417  n_imp=18504  n_red=18504
20:39:49 | INFO |     step 207200  loss=0.6157  grp_sp=0.417  n_imp=18504  n_red=18504
20:42:45 | INFO |     step 207400  loss=0.6155  grp_sp=0.417  n_imp=18504  n_red=18504
20:45:38 | INFO |     step 207600  loss=0.6175  grp_sp=0.417  n_imp=18504  n_red=18504
20:48:31 | INFO |     step 207800  loss=0.6192  grp_sp=0.417  n_imp=18504  n_red=18504
20:51:28 | INFO |     step 208000  loss=0.6208  grp_sp=0.417  n_imp=18504  n_red=18504
20:54:30 | INFO |     step 208200  loss=0.6204  grp_sp=0.417  n_imp=18504  n_red=18504
20:57:27 | INFO |     step 208400  loss=0.6216  grp_sp=0.417  n_imp=18504  n_red=18504
21:00:26 | INFO |     step 208600  loss=0.6225  grp_sp=0.417  n_imp=18504  n_red=18504
21:03:24 | INFO |     step 208800  loss=0.6222  grp_sp=0.417  n_imp=18504  n_red=18504
21:06:22 | INFO |     step 209000  loss=0.6231  grp_sp=0.417  n_imp=18504  n_red=18504
21:09:16 | INFO |     step 209200  loss=0.6235  grp_sp=0.417  n_imp=18504  n_red=18504
21:12:18 | INFO |     step 209400  loss=0.6249  grp_sp=0.417  n_imp=18504  n_red=18504
21:15:13 | INFO |     step 209600  loss=0.6264  grp_sp=0.417  n_imp=18504  n_red=18504
21:18:11 | INFO |     step 209800  loss=0.6272  grp_sp=0.417  n_imp=18504  n_red=18504
21:21:13 | INFO |     step 210000  loss=0.6271  grp_sp=0.417  n_imp=18504  n_red=18504
21:24:14 | INFO |     step 210200  loss=0.6278  grp_sp=0.417  n_imp=18504  n_red=18504
21:27:15 | INFO |     step 210400  loss=0.6283  grp_sp=0.417  n_imp=18504  n_red=18504
21:30:12 | INFO |     step 210600  loss=0.6295  grp_sp=0.417  n_imp=18504  n_red=18504
21:33:11 | INFO |     step 210800  loss=0.6309  grp_sp=0.417  n_imp=18504  n_red=18504
21:36:09 | INFO |     step 211000  loss=0.6319  grp_sp=0.417  n_imp=18504  n_red=18504
21:39:07 | INFO |     step 211200  loss=0.6323  grp_sp=0.417  n_imp=18504  n_red=18504
21:42:05 | INFO |     step 211400  loss=0.6328  grp_sp=0.417  n_imp=18504  n_red=18504
21:45:01 | INFO |     step 211600  loss=0.6330  grp_sp=0.417  n_imp=18504  n_red=18504
21:47:57 | INFO |     step 211800  loss=0.6340  grp_sp=0.417  n_imp=18504  n_red=18504
21:50:55 | INFO |     step 212000  loss=0.6349  grp_sp=0.417  n_imp=18504  n_red=18504
21:53:52 | INFO |     step 212200  loss=0.6361  grp_sp=0.417  n_imp=18504  n_red=18504
21:56:49 | INFO |     step 212400  loss=0.6377  grp_sp=0.417  n_imp=18504  n_red=18504
21:59:49 | INFO |     step 212600  loss=0.6379  grp_sp=0.417  n_imp=18504  n_red=18504
22:02:48 | INFO |     step 212800  loss=0.6389  grp_sp=0.417  n_imp=18504  n_red=18504
22:05:45 | INFO |     step 213000  loss=0.6391  grp_sp=0.417  n_imp=18504  n_red=18504
22:08:44 | INFO |     step 213200  loss=0.6394  grp_sp=0.417  n_imp=18504  n_red=18504
22:11:42 | INFO |     step 213400  loss=0.6394  grp_sp=0.417  n_imp=18504  n_red=18504
22:14:39 | INFO |     step 213600  loss=0.6405  grp_sp=0.417  n_imp=18504  n_red=18504
22:17:37 | INFO |     step 213800  loss=0.6414  grp_sp=0.417  n_imp=18504  n_red=18504
22:20:34 | INFO |     step 214000  loss=0.6424  grp_sp=0.417  n_imp=18504  n_red=18504
22:23:34 | INFO |     step 214200  loss=0.6429  grp_sp=0.417  n_imp=18504  n_red=18504
22:26:32 | INFO |     step 214400  loss=0.6431  grp_sp=0.417  n_imp=18504  n_red=18504
22:29:30 | INFO |     step 214600  loss=0.6447  grp_sp=0.417  n_imp=18504  n_red=18504
22:32:29 | INFO |     step 214800  loss=0.6449  grp_sp=0.417  n_imp=18504  n_red=18504
22:35:26 | INFO |     step 215000  loss=0.6449  grp_sp=0.417  n_imp=18504  n_red=18504
22:38:22 | INFO |     step 215200  loss=0.6455  grp_sp=0.417  n_imp=18504  n_red=18504
22:41:20 | INFO |     step 215400  loss=0.6461  grp_sp=0.417  n_imp=18504  n_red=18504
22:44:19 | INFO |     step 215600  loss=0.6475  grp_sp=0.417  n_imp=18504  n_red=18504
22:47:17 | INFO |     step 215800  loss=0.6478  grp_sp=0.417  n_imp=18504  n_red=18504
22:50:15 | INFO |     step 216000  loss=0.6485  grp_sp=0.417  n_imp=18504  n_red=18504
22:53:12 | INFO |     step 216200  loss=0.6491  grp_sp=0.417  n_imp=18504  n_red=18504
22:56:10 | INFO |     step 216400  loss=0.6500  grp_sp=0.417  n_imp=18504  n_red=18504
22:59:06 | INFO |     step 216600  loss=0.6505  grp_sp=0.417  n_imp=18504  n_red=18504
23:02:04 | INFO |     step 216800  loss=0.6510  grp_sp=0.417  n_imp=18504  n_red=18504
23:05:03 | INFO |     step 217000  loss=0.6512  grp_sp=0.417  n_imp=18504  n_red=18504
23:08:00 | INFO |     step 217200  loss=0.6514  grp_sp=0.417  n_imp=18504  n_red=18504
23:10:59 | INFO |     step 217400  loss=0.6514  grp_sp=0.417  n_imp=18504  n_red=18504
23:13:55 | INFO |     step 217600  loss=0.6526  grp_sp=0.417  n_imp=18504  n_red=18504
23:16:53 | INFO |     step 217800  loss=0.6530  grp_sp=0.417  n_imp=18504  n_red=18504
23:19:53 | INFO |     step 218000  loss=0.6533  grp_sp=0.417  n_imp=18504  n_red=18504
23:22:52 | INFO |     step 218200  loss=0.6541  grp_sp=0.417  n_imp=18504  n_red=18504
23:25:51 | INFO |     step 218400  loss=0.6546  grp_sp=0.417  n_imp=18504  n_red=18504
23:28:42 | INFO |     step 218600  loss=0.6553  grp_sp=0.417  n_imp=18504  n_red=18504
23:31:33 | INFO |     step 218800  loss=0.6551  grp_sp=0.417  n_imp=18504  n_red=18504
23:34:24 | INFO |     step 219000  loss=0.6553  grp_sp=0.417  n_imp=18504  n_red=18504
23:37:15 | INFO |     step 219200  loss=0.6564  grp_sp=0.417  n_imp=18504  n_red=18504
23:40:05 | INFO |     step 219400  loss=0.6571  grp_sp=0.417  n_imp=18504  n_red=18504
23:42:56 | INFO |     step 219600  loss=0.6574  grp_sp=0.417  n_imp=18504  n_red=18504
23:45:47 | INFO |     step 219800  loss=0.6580  grp_sp=0.417  n_imp=18504  n_red=18504
23:48:38 | INFO |     step 220000  loss=0.6588  grp_sp=0.417  n_imp=18504  n_red=18504
23:51:29 | INFO |     step 220200  loss=0.6601  grp_sp=0.417  n_imp=18504  n_red=18504
23:54:56 | INFO |     step 220400  loss=0.6605  grp_sp=0.417  n_imp=18504  n_red=18504
23:58:10 | INFO |     step 220600  loss=0.6607  grp_sp=0.417  n_imp=18504  n_red=18504
23:59:56 | INFO |     step 220800  loss=0.6614  grp_sp=0.417  n_imp=18504  n_red=18504
00:01:20 | INFO |     step 221000  loss=0.6622  grp_sp=0.417  n_imp=18504  n_red=18504
00:02:44 | INFO |     step 221200  loss=0.6632  grp_sp=0.417  n_imp=18504  n_red=18504
00:05:45 | INFO | [EPOCH 10/10] loss=0.6634  grp_sp=0.500  EM=65.09  F1=76.27  elapsed=3254.1min
00:05:45 | INFO | [TRAIN] done. best F1=85.51 at epoch 1
00:05:45 | INFO | [FINAL] target sparsity=0.5  actual=0.5000
00:05:45 | INFO | [SUBNET] constructing compressed model
00:05:47 | INFO | [SUBNET] full  : ./results/sp50/BertForQuestionAnswering_full_group_sparse.pt
00:05:47 | INFO | [SUBNET] comp  : ./results/sp50/BertForQuestionAnswering_compressed.pt
00:07:42 | INFO | [METRICS] BOPs=1124641.2M  params=80.45M
00:07:42 | INFO | [EVAL compressed] EM=65.13  F1=76.26
00:07:42 | INFO | [SAVE] results -> ./results/sp50/
00:07:43 | INFO | 
============================================================
00:07:43 | INFO |   SUMMARY
00:07:43 | INFO | ============================================================
00:07:43 | INFO |     Target    Actual        EM        F1     BOPs(M)   Params(M)
00:07:43 | INFO |        50%    0.5000     65.13     76.26   1124641.2       80.45
00:07:43 | INFO | 
[OK] Phase 5 complete. Results in ./results/
