17:16:42 | INFO | [log] ./results/phase5_20260421_171642.log
17:16:42 | INFO | [env] torch=2.5.1+cu121  device=cuda
17:16:42 | INFO | [cfg] sparsity=[0.7]  epochs=10  bs=4  lr=3e-05  lr_quant=0.0001  br=2  P=6  Kp=6  seed=42
17:16:50 | INFO | [DATA] raw train=87599  raw val=10570
17:16:50 | INFO | [DATA] train features=88524  val features=10784
17:16:50 | INFO | 
============================================================
17:16:50 | INFO |   EXPERIMENT: sparsity=0.7  tag=sp70
17:16:50 | INFO | ============================================================
17:16:50 | INFO | [M1] loading BERT QA
17:16:51 | INFO | [M2] quantize wrap
17:16:52 | INFO | [M3] building OTO graph
17:17:49 | INFO | [SCHED] steps/epoch=22131  total=221310  start_prune=36885  prune_steps=184425  prune_periods=6  proj_periods=6  proj_steps=36885
17:17:49 | INFO | [M4] building GETA optimizer
17:17:49 | INFO | [M4] GETA optimizer built, 26 param groups
17:17:49 | INFO | [TRAIN] starting
17:19:08 | INFO |     step 200  loss=5.4716  grp_sp=0.000  n_imp=37008  n_red=0
17:20:28 | INFO |     step 400  loss=5.2495  grp_sp=0.000  n_imp=37008  n_red=0
17:21:47 | INFO |     step 600  loss=5.0883  grp_sp=0.000  n_imp=37008  n_red=0
17:23:06 | INFO |     step 800  loss=4.9432  grp_sp=0.000  n_imp=37008  n_red=0
17:24:25 | INFO |     step 1000  loss=4.8230  grp_sp=0.000  n_imp=37008  n_red=0
17:25:44 | INFO |     step 1200  loss=4.7351  grp_sp=0.000  n_imp=37008  n_red=0
17:27:04 | INFO |     step 1400  loss=4.6520  grp_sp=0.000  n_imp=37008  n_red=0
17:28:23 | INFO |     step 1600  loss=4.5849  grp_sp=0.000  n_imp=37008  n_red=0
17:29:43 | INFO |     step 1800  loss=4.5262  grp_sp=0.000  n_imp=37008  n_red=0
17:31:04 | INFO |     step 2000  loss=4.4784  grp_sp=0.000  n_imp=37008  n_red=0
17:32:25 | INFO |     step 2200  loss=4.4397  grp_sp=0.000  n_imp=37008  n_red=0
17:33:45 | INFO |     step 2400  loss=4.4022  grp_sp=0.000  n_imp=37008  n_red=0
17:35:06 | INFO |     step 2600  loss=4.3697  grp_sp=0.000  n_imp=37008  n_red=0
17:36:26 | INFO |     step 2800  loss=4.3384  grp_sp=0.000  n_imp=37008  n_red=0
17:37:47 | INFO |     step 3000  loss=4.3102  grp_sp=0.000  n_imp=37008  n_red=0
17:39:08 | INFO |     step 3200  loss=4.2868  grp_sp=0.000  n_imp=37008  n_red=0
17:40:28 | INFO |     step 3400  loss=4.2670  grp_sp=0.000  n_imp=37008  n_red=0
17:41:47 | INFO |     step 3600  loss=4.2473  grp_sp=0.000  n_imp=37008  n_red=0
17:43:07 | INFO |     step 3800  loss=4.2299  grp_sp=0.000  n_imp=37008  n_red=0
17:44:27 | INFO |     step 4000  loss=4.2115  grp_sp=0.000  n_imp=37008  n_red=0
17:45:47 | INFO |     step 4200  loss=4.1921  grp_sp=0.000  n_imp=37008  n_red=0
17:47:07 | INFO |     step 4400  loss=4.1686  grp_sp=0.000  n_imp=37008  n_red=0
17:48:26 | INFO |     step 4600  loss=4.1508  grp_sp=0.000  n_imp=37008  n_red=0
17:49:45 | INFO |     step 4800  loss=4.1344  grp_sp=0.000  n_imp=37008  n_red=0
17:51:07 | INFO |     step 5000  loss=4.1114  grp_sp=0.000  n_imp=37008  n_red=0
17:52:37 | INFO |     step 5200  loss=4.0949  grp_sp=0.000  n_imp=37008  n_red=0
17:54:06 | INFO |     step 5400  loss=4.0769  grp_sp=0.000  n_imp=37008  n_red=0
17:55:36 | INFO |     step 5600  loss=4.0609  grp_sp=0.000  n_imp=37008  n_red=0
17:57:06 | INFO |     step 5800  loss=4.0434  grp_sp=0.000  n_imp=37008  n_red=0
17:58:33 | INFO |     step 6000  loss=4.0276  grp_sp=0.000  n_imp=37008  n_red=0
17:59:52 | INFO |     step 6200  loss=4.0103  grp_sp=0.000  n_imp=37008  n_red=0
18:01:11 | INFO |     step 6400  loss=3.9968  grp_sp=0.000  n_imp=37008  n_red=0
18:02:30 | INFO |     step 6600  loss=3.9866  grp_sp=0.000  n_imp=37008  n_red=0
18:03:49 | INFO |     step 6800  loss=3.9728  grp_sp=0.000  n_imp=37008  n_red=0
18:05:09 | INFO |     step 7000  loss=3.9607  grp_sp=0.000  n_imp=37008  n_red=0
18:06:29 | INFO |     step 7200  loss=3.9488  grp_sp=0.000  n_imp=37008  n_red=0
18:07:48 | INFO |     step 7400  loss=3.9351  grp_sp=0.000  n_imp=37008  n_red=0
18:09:07 | INFO |     step 7600  loss=3.9206  grp_sp=0.000  n_imp=37008  n_red=0
18:10:25 | INFO |     step 7800  loss=3.9078  grp_sp=0.000  n_imp=37008  n_red=0
18:11:45 | INFO |     step 8000  loss=3.8962  grp_sp=0.000  n_imp=37008  n_red=0
18:13:07 | INFO |     step 8200  loss=3.8852  grp_sp=0.000  n_imp=37008  n_red=0
18:14:27 | INFO |     step 8400  loss=3.8731  grp_sp=0.000  n_imp=37008  n_red=0
18:15:48 | INFO |     step 8600  loss=3.8631  grp_sp=0.000  n_imp=37008  n_red=0
18:17:07 | INFO |     step 8800  loss=3.8499  grp_sp=0.000  n_imp=37008  n_red=0
18:18:28 | INFO |     step 9000  loss=3.8404  grp_sp=0.000  n_imp=37008  n_red=0
18:19:51 | INFO |     step 9200  loss=3.8304  grp_sp=0.000  n_imp=37008  n_red=0
18:21:14 | INFO |     step 9400  loss=3.8228  grp_sp=0.000  n_imp=37008  n_red=0
18:22:35 | INFO |     step 9600  loss=3.8140  grp_sp=0.000  n_imp=37008  n_red=0
18:23:53 | INFO |     step 9800  loss=3.8057  grp_sp=0.000  n_imp=37008  n_red=0
18:25:12 | INFO |     step 10000  loss=3.7962  grp_sp=0.000  n_imp=37008  n_red=0
18:26:31 | INFO |     step 10200  loss=3.7855  grp_sp=0.000  n_imp=37008  n_red=0
18:27:49 | INFO |     step 10400  loss=3.7763  grp_sp=0.000  n_imp=37008  n_red=0
18:29:08 | INFO |     step 10600  loss=3.7683  grp_sp=0.000  n_imp=37008  n_red=0
18:30:28 | INFO |     step 10800  loss=3.7600  grp_sp=0.000  n_imp=37008  n_red=0
18:31:47 | INFO |     step 11000  loss=3.7527  grp_sp=0.000  n_imp=37008  n_red=0
18:33:06 | INFO |     step 11200  loss=3.7438  grp_sp=0.000  n_imp=37008  n_red=0
18:34:25 | INFO |     step 11400  loss=3.7364  grp_sp=0.000  n_imp=37008  n_red=0
18:35:44 | INFO |     step 11600  loss=3.7285  grp_sp=0.000  n_imp=37008  n_red=0
18:37:02 | INFO |     step 11800  loss=3.7223  grp_sp=0.000  n_imp=37008  n_red=0
18:38:21 | INFO |     step 12000  loss=3.7146  grp_sp=0.000  n_imp=37008  n_red=0
18:39:39 | INFO |     step 12200  loss=3.7072  grp_sp=0.000  n_imp=37008  n_red=0
18:40:58 | INFO |     step 12400  loss=3.7000  grp_sp=0.000  n_imp=37008  n_red=0
18:42:17 | INFO |     step 12600  loss=3.6933  grp_sp=0.000  n_imp=37008  n_red=0
18:43:35 | INFO |     step 12800  loss=3.6843  grp_sp=0.000  n_imp=37008  n_red=0
18:44:54 | INFO |     step 13000  loss=3.6769  grp_sp=0.000  n_imp=37008  n_red=0
18:46:13 | INFO |     step 13200  loss=3.6702  grp_sp=0.000  n_imp=37008  n_red=0
18:47:42 | INFO |     step 13400  loss=3.6620  grp_sp=0.000  n_imp=37008  n_red=0
18:49:13 | INFO |     step 13600  loss=3.6536  grp_sp=0.000  n_imp=37008  n_red=0
18:50:43 | INFO |     step 13800  loss=3.6456  grp_sp=0.000  n_imp=37008  n_red=0
18:52:12 | INFO |     step 14000  loss=3.6387  grp_sp=0.000  n_imp=37008  n_red=0
18:53:42 | INFO |     step 14200  loss=3.6311  grp_sp=0.000  n_imp=37008  n_red=0
18:55:12 | INFO |     step 14400  loss=3.6245  grp_sp=0.000  n_imp=37008  n_red=0
18:56:42 | INFO |     step 14600  loss=3.6170  grp_sp=0.000  n_imp=37008  n_red=0
18:58:11 | INFO |     step 14800  loss=3.6098  grp_sp=0.000  n_imp=37008  n_red=0
18:59:41 | INFO |     step 15000  loss=3.6028  grp_sp=0.000  n_imp=37008  n_red=0
19:01:07 | INFO |     step 15200  loss=3.5958  grp_sp=0.000  n_imp=37008  n_red=0
19:02:37 | INFO |     step 15400  loss=3.5890  grp_sp=0.000  n_imp=37008  n_red=0
19:04:09 | INFO |     step 15600  loss=3.5816  grp_sp=0.000  n_imp=37008  n_red=0
19:05:42 | INFO |     step 15800  loss=3.5756  grp_sp=0.000  n_imp=37008  n_red=0
19:07:12 | INFO |     step 16000  loss=3.5692  grp_sp=0.000  n_imp=37008  n_red=0
19:08:34 | INFO |     step 16200  loss=3.5637  grp_sp=0.000  n_imp=37008  n_red=0
19:09:58 | INFO |     step 16400  loss=3.5576  grp_sp=0.000  n_imp=37008  n_red=0
19:11:18 | INFO |     step 16600  loss=3.5509  grp_sp=0.000  n_imp=37008  n_red=0
19:12:39 | INFO |     step 16800  loss=3.5439  grp_sp=0.000  n_imp=37008  n_red=0
19:13:59 | INFO |     step 17000  loss=3.5385  grp_sp=0.000  n_imp=37008  n_red=0
19:15:20 | INFO |     step 17200  loss=3.5314  grp_sp=0.000  n_imp=37008  n_red=0
19:16:42 | INFO |     step 17400  loss=3.5260  grp_sp=0.000  n_imp=37008  n_red=0
19:18:11 | INFO |     step 17600  loss=3.5202  grp_sp=0.000  n_imp=37008  n_red=0
19:19:42 | INFO |     step 17800  loss=3.5140  grp_sp=0.000  n_imp=37008  n_red=0
19:21:16 | INFO |     step 18000  loss=3.5077  grp_sp=0.000  n_imp=37008  n_red=0
19:22:49 | INFO |     step 18200  loss=3.5014  grp_sp=0.000  n_imp=37008  n_red=0
19:24:23 | INFO |     step 18400  loss=3.4941  grp_sp=0.000  n_imp=37008  n_red=0
19:25:56 | INFO |     step 18600  loss=3.4873  grp_sp=0.000  n_imp=37008  n_red=0
19:27:29 | INFO |     step 18800  loss=3.4813  grp_sp=0.000  n_imp=37008  n_red=0
19:29:00 | INFO |     step 19000  loss=3.4744  grp_sp=0.000  n_imp=37008  n_red=0
19:30:31 | INFO |     step 19200  loss=3.4684  grp_sp=0.000  n_imp=37008  n_red=0
19:32:01 | INFO |     step 19400  loss=3.4627  grp_sp=0.000  n_imp=37008  n_red=0
19:33:32 | INFO |     step 19600  loss=3.4569  grp_sp=0.000  n_imp=37008  n_red=0
19:35:02 | INFO |     step 19800  loss=3.4517  grp_sp=0.000  n_imp=37008  n_red=0
19:36:32 | INFO |     step 20000  loss=3.4456  grp_sp=0.000  n_imp=37008  n_red=0
19:38:03 | INFO |     step 20200  loss=3.4392  grp_sp=0.000  n_imp=37008  n_red=0
19:39:33 | INFO |     step 20400  loss=3.4327  grp_sp=0.000  n_imp=37008  n_red=0
19:41:04 | INFO |     step 20600  loss=3.4265  grp_sp=0.000  n_imp=37008  n_red=0
19:42:35 | INFO |     step 20800  loss=3.4209  grp_sp=0.000  n_imp=37008  n_red=0
19:44:06 | INFO |     step 21000  loss=3.4147  grp_sp=0.000  n_imp=37008  n_red=0
19:45:37 | INFO |     step 21200  loss=3.4088  grp_sp=0.000  n_imp=37008  n_red=0
19:47:09 | INFO |     step 21400  loss=3.4031  grp_sp=0.000  n_imp=37008  n_red=0
19:48:30 | INFO |     step 21600  loss=3.3965  grp_sp=0.000  n_imp=37008  n_red=0
19:49:51 | INFO |     step 21800  loss=3.3894  grp_sp=0.000  n_imp=37008  n_red=0
19:51:12 | INFO |     step 22000  loss=3.3828  grp_sp=0.000  n_imp=37008  n_red=0
19:54:25 | INFO | [EPOCH 1/10] loss=3.3779  grp_sp=0.000  EM=38.59  F1=48.96  elapsed=154.3min
19:54:52 | INFO |     step 22200  loss=2.3381  grp_sp=0.000  n_imp=37008  n_red=0
19:56:11 | INFO |     step 22400  loss=2.3700  grp_sp=0.000  n_imp=37008  n_red=0
19:57:29 | INFO |     step 22600  loss=2.3378  grp_sp=0.000  n_imp=37008  n_red=0
19:58:48 | INFO |     step 22800  loss=2.3304  grp_sp=0.000  n_imp=37008  n_red=0
20:00:07 | INFO |     step 23000  loss=2.3254  grp_sp=0.000  n_imp=37008  n_red=0
20:01:25 | INFO |     step 23200  loss=2.3219  grp_sp=0.000  n_imp=37008  n_red=0
20:02:43 | INFO |     step 23400  loss=2.2988  grp_sp=0.000  n_imp=37008  n_red=0
20:04:01 | INFO |     step 23600  loss=2.2935  grp_sp=0.000  n_imp=37008  n_red=0
20:05:19 | INFO |     step 23800  loss=2.2795  grp_sp=0.000  n_imp=37008  n_red=0
20:06:37 | INFO |     step 24000  loss=2.2632  grp_sp=0.000  n_imp=37008  n_red=0
20:07:55 | INFO |     step 24200  loss=2.2465  grp_sp=0.000  n_imp=37008  n_red=0
20:09:12 | INFO |     step 24400  loss=2.2321  grp_sp=0.000  n_imp=37008  n_red=0
20:10:30 | INFO |     step 24600  loss=2.2196  grp_sp=0.000  n_imp=37008  n_red=0
20:11:48 | INFO |     step 24800  loss=2.2163  grp_sp=0.000  n_imp=37008  n_red=0
20:13:06 | INFO |     step 25000  loss=2.2089  grp_sp=0.000  n_imp=37008  n_red=0
20:14:25 | INFO |     step 25200  loss=2.2014  grp_sp=0.000  n_imp=37008  n_red=0
20:15:43 | INFO |     step 25400  loss=2.1943  grp_sp=0.000  n_imp=37008  n_red=0
20:17:01 | INFO |     step 25600  loss=2.1884  grp_sp=0.000  n_imp=37008  n_red=0
20:18:19 | INFO |     step 25800  loss=2.1813  grp_sp=0.000  n_imp=37008  n_red=0
20:19:38 | INFO |     step 26000  loss=2.1740  grp_sp=0.000  n_imp=37008  n_red=0
20:20:56 | INFO |     step 26200  loss=2.1720  grp_sp=0.000  n_imp=37008  n_red=0
20:22:15 | INFO |     step 26400  loss=2.1625  grp_sp=0.000  n_imp=37008  n_red=0
20:23:34 | INFO |     step 26600  loss=2.1597  grp_sp=0.000  n_imp=37008  n_red=0
20:24:52 | INFO |     step 26800  loss=2.1545  grp_sp=0.000  n_imp=37008  n_red=0
20:26:11 | INFO |     step 27000  loss=2.1515  grp_sp=0.000  n_imp=37008  n_red=0
20:27:30 | INFO |     step 27200  loss=2.1440  grp_sp=0.000  n_imp=37008  n_red=0
20:28:50 | INFO |     step 27400  loss=2.1384  grp_sp=0.000  n_imp=37008  n_red=0
20:30:08 | INFO |     step 27600  loss=2.1298  grp_sp=0.000  n_imp=37008  n_red=0
20:31:28 | INFO |     step 27800  loss=2.1247  grp_sp=0.000  n_imp=37008  n_red=0
20:32:47 | INFO |     step 28000  loss=2.1212  grp_sp=0.000  n_imp=37008  n_red=0
20:34:06 | INFO |     step 28200  loss=2.1171  grp_sp=0.000  n_imp=37008  n_red=0
20:35:25 | INFO |     step 28400  loss=2.1121  grp_sp=0.000  n_imp=37008  n_red=0
20:36:43 | INFO |     step 28600  loss=2.1087  grp_sp=0.000  n_imp=37008  n_red=0
20:38:02 | INFO |     step 28800  loss=2.1064  grp_sp=0.000  n_imp=37008  n_red=0
20:39:20 | INFO |     step 29000  loss=2.1058  grp_sp=0.000  n_imp=37008  n_red=0
20:40:39 | INFO |     step 29200  loss=2.1058  grp_sp=0.000  n_imp=37008  n_red=0
20:41:59 | INFO |     step 29400  loss=2.1027  grp_sp=0.000  n_imp=37008  n_red=0
20:43:18 | INFO |     step 29600  loss=2.0975  grp_sp=0.000  n_imp=37008  n_red=0
20:44:38 | INFO |     step 29800  loss=2.0913  grp_sp=0.000  n_imp=37008  n_red=0
20:45:57 | INFO |     step 30000  loss=2.0870  grp_sp=0.000  n_imp=37008  n_red=0
20:47:17 | INFO |     step 30200  loss=2.0837  grp_sp=0.000  n_imp=37008  n_red=0
20:48:35 | INFO |     step 30400  loss=2.0801  grp_sp=0.000  n_imp=37008  n_red=0
20:49:54 | INFO |     step 30600  loss=2.0787  grp_sp=0.000  n_imp=37008  n_red=0
20:51:13 | INFO |     step 30800  loss=2.1007  grp_sp=0.000  n_imp=37008  n_red=0
20:52:33 | INFO |     step 31000  loss=2.1300  grp_sp=0.000  n_imp=37008  n_red=0
20:53:52 | INFO |     step 31200  loss=2.1431  grp_sp=0.000  n_imp=37008  n_red=0
20:55:10 | INFO |     step 31400  loss=2.1533  grp_sp=0.000  n_imp=37008  n_red=0
20:56:28 | INFO |     step 31600  loss=2.1588  grp_sp=0.000  n_imp=37008  n_red=0
20:57:47 | INFO |     step 31800  loss=2.1660  grp_sp=0.000  n_imp=37008  n_red=0
20:59:05 | INFO |     step 32000  loss=2.1681  grp_sp=0.000  n_imp=37008  n_red=0
21:00:23 | INFO |     step 32200  loss=2.1679  grp_sp=0.000  n_imp=37008  n_red=0
21:01:41 | INFO |     step 32400  loss=2.1690  grp_sp=0.000  n_imp=37008  n_red=0
21:02:59 | INFO |     step 32600  loss=2.1699  grp_sp=0.000  n_imp=37008  n_red=0
21:04:20 | INFO |     step 32800  loss=2.1695  grp_sp=0.000  n_imp=37008  n_red=0
21:05:42 | INFO |     step 33000  loss=2.1693  grp_sp=0.000  n_imp=37008  n_red=0
21:07:05 | INFO |     step 33200  loss=2.1690  grp_sp=0.000  n_imp=37008  n_red=0
21:08:29 | INFO |     step 33400  loss=2.1685  grp_sp=0.000  n_imp=37008  n_red=0
21:09:52 | INFO |     step 33600  loss=2.1673  grp_sp=0.000  n_imp=37008  n_red=0
21:11:15 | INFO |     step 33800  loss=2.1662  grp_sp=0.000  n_imp=37008  n_red=0
21:12:39 | INFO |     step 34000  loss=2.1649  grp_sp=0.000  n_imp=37008  n_red=0
21:14:03 | INFO |     step 34200  loss=2.1635  grp_sp=0.000  n_imp=37008  n_red=0
21:15:25 | INFO |     step 34400  loss=2.1650  grp_sp=0.000  n_imp=37008  n_red=0
21:16:47 | INFO |     step 34600  loss=2.1651  grp_sp=0.000  n_imp=37008  n_red=0
21:18:09 | INFO |     step 34800  loss=2.1671  grp_sp=0.000  n_imp=37008  n_red=0
21:19:30 | INFO |     step 35000  loss=2.1683  grp_sp=0.000  n_imp=37008  n_red=0
21:20:51 | INFO |     step 35200  loss=2.1666  grp_sp=0.000  n_imp=37008  n_red=0
21:22:13 | INFO |     step 35400  loss=2.1659  grp_sp=0.000  n_imp=37008  n_red=0
21:23:34 | INFO |     step 35600  loss=2.1649  grp_sp=0.000  n_imp=37008  n_red=0
21:24:55 | INFO |     step 35800  loss=2.1632  grp_sp=0.000  n_imp=37008  n_red=0
21:26:16 | INFO |     step 36000  loss=2.1628  grp_sp=0.000  n_imp=37008  n_red=0
21:27:38 | INFO |     step 36200  loss=2.1621  grp_sp=0.000  n_imp=37008  n_red=0
21:28:58 | INFO |     step 36400  loss=2.1606  grp_sp=0.000  n_imp=37008  n_red=0
21:30:19 | INFO |     step 36600  loss=2.1590  grp_sp=0.000  n_imp=37008  n_red=0
21:31:39 | INFO |     step 36800  loss=2.1577  grp_sp=0.000  n_imp=37008  n_red=0
21:33:04 | INFO |     step 37000  loss=2.1865  grp_sp=0.000  n_imp=32691  n_red=4317
21:34:33 | INFO |     step 37200  loss=2.2273  grp_sp=0.000  n_imp=32691  n_red=4317
21:36:00 | INFO |     step 37400  loss=2.2545  grp_sp=0.000  n_imp=32691  n_red=4317
21:37:28 | INFO |     step 37600  loss=2.2761  grp_sp=0.000  n_imp=32691  n_red=4317
21:38:55 | INFO |     step 37800  loss=2.2998  grp_sp=0.000  n_imp=32691  n_red=4317
21:40:22 | INFO |     step 38000  loss=2.3194  grp_sp=0.000  n_imp=32691  n_red=4317
21:41:47 | INFO |     step 38200  loss=2.3367  grp_sp=0.000  n_imp=32691  n_red=4317
21:43:13 | INFO |     step 38400  loss=2.3532  grp_sp=0.000  n_imp=32691  n_red=4317
21:44:41 | INFO |     step 38600  loss=2.3680  grp_sp=0.000  n_imp=32691  n_red=4317
21:46:07 | INFO |     step 38800  loss=2.3820  grp_sp=0.000  n_imp=32691  n_red=4317
21:47:33 | INFO |     step 39000  loss=2.3941  grp_sp=0.000  n_imp=32691  n_red=4317
21:48:59 | INFO |     step 39200  loss=2.4055  grp_sp=0.000  n_imp=32691  n_red=4317
21:50:26 | INFO |     step 39400  loss=2.4166  grp_sp=0.000  n_imp=32691  n_red=4317
21:51:53 | INFO |     step 39600  loss=2.4284  grp_sp=0.000  n_imp=32691  n_red=4317
21:53:22 | INFO |     step 39800  loss=2.4377  grp_sp=0.000  n_imp=32691  n_red=4317
21:54:50 | INFO |     step 40000  loss=2.4479  grp_sp=0.000  n_imp=32691  n_red=4317
21:56:18 | INFO |     step 40200  loss=2.4584  grp_sp=0.000  n_imp=32691  n_red=4317
21:57:43 | INFO |     step 40400  loss=2.4677  grp_sp=0.000  n_imp=32691  n_red=4317
21:59:10 | INFO |     step 40600  loss=2.4766  grp_sp=0.000  n_imp=32691  n_red=4317
22:00:37 | INFO |     step 40800  loss=2.4853  grp_sp=0.000  n_imp=32691  n_red=4317
22:02:04 | INFO |     step 41000  loss=2.4941  grp_sp=0.000  n_imp=32691  n_red=4317
22:03:32 | INFO |     step 41200  loss=2.5029  grp_sp=0.000  n_imp=32691  n_red=4317
22:05:00 | INFO |     step 41400  loss=2.5101  grp_sp=0.000  n_imp=32691  n_red=4317
22:06:26 | INFO |     step 41600  loss=2.5164  grp_sp=0.000  n_imp=32691  n_red=4317
22:07:53 | INFO |     step 41800  loss=2.5241  grp_sp=0.000  n_imp=32691  n_red=4317
22:09:19 | INFO |     step 42000  loss=2.5332  grp_sp=0.000  n_imp=32691  n_red=4317
22:10:45 | INFO |     step 42200  loss=2.5407  grp_sp=0.000  n_imp=32691  n_red=4317
22:12:12 | INFO |     step 42400  loss=2.5470  grp_sp=0.000  n_imp=32691  n_red=4317
22:13:38 | INFO |     step 42600  loss=2.5533  grp_sp=0.000  n_imp=32691  n_red=4317
22:15:05 | INFO |     step 42800  loss=2.5595  grp_sp=0.000  n_imp=32691  n_red=4317
22:16:31 | INFO |     step 43000  loss=2.5642  grp_sp=0.000  n_imp=32691  n_red=4317
22:17:58 | INFO |     step 43200  loss=2.5712  grp_sp=0.000  n_imp=32691  n_red=4317
22:19:27 | INFO |     step 43400  loss=2.5769  grp_sp=0.000  n_imp=32691  n_red=4317
22:20:54 | INFO |     step 43600  loss=2.5811  grp_sp=0.000  n_imp=32691  n_red=4317
22:22:20 | INFO |     step 43800  loss=2.5857  grp_sp=0.000  n_imp=32691  n_red=4317
22:23:47 | INFO |     step 44000  loss=2.5911  grp_sp=0.000  n_imp=32691  n_red=4317
22:25:14 | INFO |     step 44200  loss=2.5981  grp_sp=0.000  n_imp=32691  n_red=4317
22:27:59 | INFO | [EPOCH 2/10] loss=2.5996  grp_sp=0.000  EM=28.67  F1=41.89  elapsed=307.9min
22:28:59 | INFO |     step 44400  loss=3.1366  grp_sp=0.000  n_imp=32691  n_red=4317
22:30:26 | INFO |     step 44600  loss=2.9936  grp_sp=0.000  n_imp=32691  n_red=4317
22:31:51 | INFO |     step 44800  loss=2.9987  grp_sp=0.000  n_imp=32691  n_red=4317
22:33:17 | INFO |     step 45000  loss=2.9616  grp_sp=0.000  n_imp=32691  n_red=4317
22:34:44 | INFO |     step 45200  loss=2.9364  grp_sp=0.000  n_imp=32691  n_red=4317
22:36:11 | INFO |     step 45400  loss=2.9389  grp_sp=0.000  n_imp=32691  n_red=4317
22:37:39 | INFO |     step 45600  loss=2.9331  grp_sp=0.000  n_imp=32691  n_red=4317
22:39:05 | INFO |     step 45800  loss=2.9333  grp_sp=0.000  n_imp=32691  n_red=4317
22:40:33 | INFO |     step 46000  loss=2.9298  grp_sp=0.000  n_imp=32691  n_red=4317
22:42:02 | INFO |     step 46200  loss=2.9251  grp_sp=0.000  n_imp=32691  n_red=4317
22:43:29 | INFO |     step 46400  loss=2.9149  grp_sp=0.000  n_imp=32691  n_red=4317
22:44:55 | INFO |     step 46600  loss=2.8990  grp_sp=0.000  n_imp=32691  n_red=4317
22:46:23 | INFO |     step 46800  loss=2.8831  grp_sp=0.000  n_imp=32691  n_red=4317
22:47:51 | INFO |     step 47000  loss=2.8857  grp_sp=0.000  n_imp=32691  n_red=4317
22:49:17 | INFO |     step 47200  loss=2.8819  grp_sp=0.000  n_imp=32691  n_red=4317
22:50:44 | INFO |     step 47400  loss=2.8730  grp_sp=0.000  n_imp=32691  n_red=4317
22:52:10 | INFO |     step 47600  loss=2.8722  grp_sp=0.000  n_imp=32691  n_red=4317
22:53:36 | INFO |     step 47800  loss=2.8708  grp_sp=0.000  n_imp=32691  n_red=4317
22:55:01 | INFO |     step 48000  loss=2.8619  grp_sp=0.000  n_imp=32691  n_red=4317
22:56:26 | INFO |     step 48200  loss=2.8639  grp_sp=0.000  n_imp=32691  n_red=4317
22:57:50 | INFO |     step 48400  loss=2.8630  grp_sp=0.000  n_imp=32691  n_red=4317
22:59:15 | INFO |     step 48600  loss=2.8561  grp_sp=0.000  n_imp=32691  n_red=4317
23:00:39 | INFO |     step 48800  loss=2.8472  grp_sp=0.000  n_imp=32691  n_red=4317
23:02:04 | INFO |     step 49000  loss=2.8390  grp_sp=0.000  n_imp=32691  n_red=4317
23:03:28 | INFO |     step 49200  loss=2.8333  grp_sp=0.000  n_imp=32691  n_red=4317
23:04:53 | INFO |     step 49400  loss=2.8319  grp_sp=0.000  n_imp=32691  n_red=4317
23:06:18 | INFO |     step 49600  loss=2.8262  grp_sp=0.000  n_imp=32691  n_red=4317
23:07:42 | INFO |     step 49800  loss=2.8204  grp_sp=0.000  n_imp=32691  n_red=4317
23:09:07 | INFO |     step 50000  loss=2.8195  grp_sp=0.000  n_imp=32691  n_red=4317
23:10:32 | INFO |     step 50200  loss=2.8122  grp_sp=0.000  n_imp=32691  n_red=4317
23:11:57 | INFO |     step 50400  loss=2.8073  grp_sp=0.000  n_imp=32691  n_red=4317
23:13:22 | INFO |     step 50600  loss=2.8008  grp_sp=0.000  n_imp=32691  n_red=4317
23:14:47 | INFO |     step 50800  loss=2.7943  grp_sp=0.000  n_imp=32691  n_red=4317
23:16:12 | INFO |     step 51000  loss=2.7876  grp_sp=0.000  n_imp=32691  n_red=4317
23:17:36 | INFO |     step 51200  loss=2.7811  grp_sp=0.000  n_imp=32691  n_red=4317
23:19:02 | INFO |     step 51400  loss=2.7780  grp_sp=0.000  n_imp=32691  n_red=4317
23:20:27 | INFO |     step 51600  loss=2.7705  grp_sp=0.000  n_imp=32691  n_red=4317
23:21:52 | INFO |     step 51800  loss=2.7666  grp_sp=0.000  n_imp=32691  n_red=4317
23:23:17 | INFO |     step 52000  loss=2.7605  grp_sp=0.000  n_imp=32691  n_red=4317
23:24:42 | INFO |     step 52200  loss=2.7562  grp_sp=0.000  n_imp=32691  n_red=4317
23:26:07 | INFO |     step 52400  loss=2.7535  grp_sp=0.000  n_imp=32691  n_red=4317
23:27:32 | INFO |     step 52600  loss=2.7526  grp_sp=0.000  n_imp=32691  n_red=4317
23:28:57 | INFO |     step 52800  loss=2.7497  grp_sp=0.000  n_imp=32691  n_red=4317
23:30:22 | INFO |     step 53000  loss=2.7438  grp_sp=0.000  n_imp=32691  n_red=4317
23:31:46 | INFO |     step 53200  loss=2.7394  grp_sp=0.000  n_imp=32691  n_red=4317
23:33:11 | INFO |     step 53400  loss=2.7347  grp_sp=0.000  n_imp=32691  n_red=4317
23:34:36 | INFO |     step 53600  loss=2.7333  grp_sp=0.000  n_imp=32691  n_red=4317
23:36:01 | INFO |     step 53800  loss=2.7287  grp_sp=0.000  n_imp=32691  n_red=4317
23:37:26 | INFO |     step 54000  loss=2.7217  grp_sp=0.000  n_imp=32691  n_red=4317
23:38:50 | INFO |     step 54200  loss=2.7171  grp_sp=0.000  n_imp=32691  n_red=4317
23:40:14 | INFO |     step 54400  loss=2.7147  grp_sp=0.000  n_imp=32691  n_red=4317
23:41:40 | INFO |     step 54600  loss=2.7143  grp_sp=0.000  n_imp=32691  n_red=4317
23:43:06 | INFO |     step 54800  loss=2.7127  grp_sp=0.000  n_imp=32691  n_red=4317
23:44:31 | INFO |     step 55000  loss=2.7089  grp_sp=0.000  n_imp=32691  n_red=4317
23:45:56 | INFO |     step 55200  loss=2.7020  grp_sp=0.000  n_imp=32691  n_red=4317
23:47:20 | INFO |     step 55400  loss=2.7009  grp_sp=0.000  n_imp=32691  n_red=4317
23:48:44 | INFO |     step 55600  loss=2.6999  grp_sp=0.000  n_imp=32691  n_red=4317
23:50:08 | INFO |     step 55800  loss=2.6943  grp_sp=0.000  n_imp=32691  n_red=4317
23:51:32 | INFO |     step 56000  loss=2.6929  grp_sp=0.000  n_imp=32691  n_red=4317
23:52:58 | INFO |     step 56200  loss=2.6897  grp_sp=0.000  n_imp=32691  n_red=4317
23:54:24 | INFO |     step 56400  loss=2.6881  grp_sp=0.000  n_imp=32691  n_red=4317
23:55:51 | INFO |     step 56600  loss=2.6857  grp_sp=0.000  n_imp=32691  n_red=4317
23:57:16 | INFO |     step 56800  loss=2.6829  grp_sp=0.000  n_imp=32691  n_red=4317
23:58:42 | INFO |     step 57000  loss=2.6804  grp_sp=0.000  n_imp=32691  n_red=4317
00:00:07 | INFO |     step 57200  loss=2.6791  grp_sp=0.000  n_imp=32691  n_red=4317
00:01:32 | INFO |     step 57400  loss=2.6777  grp_sp=0.000  n_imp=32691  n_red=4317
00:02:57 | INFO |     step 57600  loss=2.6774  grp_sp=0.000  n_imp=32691  n_red=4317
00:04:22 | INFO |     step 57800  loss=2.6789  grp_sp=0.000  n_imp=32691  n_red=4317
00:05:47 | INFO |     step 58000  loss=2.6781  grp_sp=0.000  n_imp=32691  n_red=4317
00:07:12 | INFO |     step 58200  loss=2.6785  grp_sp=0.000  n_imp=32691  n_red=4317
00:08:36 | INFO |     step 58400  loss=2.6789  grp_sp=0.000  n_imp=32691  n_red=4317
00:10:01 | INFO |     step 58600  loss=2.6804  grp_sp=0.000  n_imp=32691  n_red=4317
00:11:27 | INFO |     step 58800  loss=2.6814  grp_sp=0.000  n_imp=32691  n_red=4317
00:12:52 | INFO |     step 59000  loss=2.6827  grp_sp=0.000  n_imp=32691  n_red=4317
00:14:17 | INFO |     step 59200  loss=2.6823  grp_sp=0.000  n_imp=32691  n_red=4317
00:15:42 | INFO |     step 59400  loss=2.6821  grp_sp=0.000  n_imp=32691  n_red=4317
00:17:07 | INFO |     step 59600  loss=2.6827  grp_sp=0.000  n_imp=32691  n_red=4317
00:18:31 | INFO |     step 59800  loss=2.6819  grp_sp=0.000  n_imp=32691  n_red=4317
00:19:56 | INFO |     step 60000  loss=2.6809  grp_sp=0.000  n_imp=32691  n_red=4317
00:21:20 | INFO |     step 60200  loss=2.6825  grp_sp=0.000  n_imp=32691  n_red=4317
00:22:44 | INFO |     step 60400  loss=2.6836  grp_sp=0.000  n_imp=32691  n_red=4317
00:24:08 | INFO |     step 60600  loss=2.6858  grp_sp=0.000  n_imp=32691  n_red=4317
00:25:32 | INFO |     step 60800  loss=2.6882  grp_sp=0.000  n_imp=32691  n_red=4317
00:26:56 | INFO |     step 61000  loss=2.6885  grp_sp=0.000  n_imp=32691  n_red=4317
00:28:21 | INFO |     step 61200  loss=2.6904  grp_sp=0.000  n_imp=32691  n_red=4317
00:29:46 | INFO |     step 61400  loss=2.6928  grp_sp=0.000  n_imp=32691  n_red=4317
00:31:10 | INFO |     step 61600  loss=2.6943  grp_sp=0.000  n_imp=32691  n_red=4317
00:32:34 | INFO |     step 61800  loss=2.6958  grp_sp=0.000  n_imp=32691  n_red=4317
00:33:59 | INFO |     step 62000  loss=2.6975  grp_sp=0.000  n_imp=32691  n_red=4317
00:35:24 | INFO |     step 62200  loss=2.6982  grp_sp=0.000  n_imp=32691  n_red=4317
00:36:48 | INFO |     step 62400  loss=2.6998  grp_sp=0.000  n_imp=32691  n_red=4317
00:38:13 | INFO |     step 62600  loss=2.7019  grp_sp=0.000  n_imp=32691  n_red=4317
00:39:38 | INFO |     step 62800  loss=2.7060  grp_sp=0.000  n_imp=32691  n_red=4317
00:41:02 | INFO |     step 63000  loss=2.7086  grp_sp=0.000  n_imp=32691  n_red=4317
00:42:27 | INFO |     step 63200  loss=2.7102  grp_sp=0.000  n_imp=32691  n_red=4317
00:43:51 | INFO |     step 63400  loss=2.7117  grp_sp=0.000  n_imp=32691  n_red=4317
00:45:15 | INFO |     step 63600  loss=2.7131  grp_sp=0.000  n_imp=32691  n_red=4317
00:46:39 | INFO |     step 63800  loss=2.7142  grp_sp=0.000  n_imp=32691  n_red=4317
00:48:03 | INFO |     step 64000  loss=2.7166  grp_sp=0.000  n_imp=32691  n_red=4317
00:49:26 | INFO |     step 64200  loss=2.7189  grp_sp=0.000  n_imp=32691  n_red=4317
00:50:50 | INFO |     step 64400  loss=2.7221  grp_sp=0.000  n_imp=32691  n_red=4317
00:52:14 | INFO |     step 64600  loss=2.7254  grp_sp=0.000  n_imp=32691  n_red=4317
00:53:37 | INFO |     step 64800  loss=2.7287  grp_sp=0.000  n_imp=32691  n_red=4317
00:55:01 | INFO |     step 65000  loss=2.7317  grp_sp=0.000  n_imp=32691  n_red=4317
00:56:25 | INFO |     step 65200  loss=2.7356  grp_sp=0.000  n_imp=32691  n_red=4317
00:57:49 | INFO |     step 65400  loss=2.7403  grp_sp=0.000  n_imp=32691  n_red=4317
00:59:13 | INFO |     step 65600  loss=2.7456  grp_sp=0.000  n_imp=32691  n_red=4317
01:00:37 | INFO |     step 65800  loss=2.7500  grp_sp=0.000  n_imp=32691  n_red=4317
01:02:01 | INFO |     step 66000  loss=2.7547  grp_sp=0.000  n_imp=32691  n_red=4317
01:03:25 | INFO |     step 66200  loss=2.7578  grp_sp=0.000  n_imp=32691  n_red=4317
01:07:05 | INFO | [EPOCH 3/10] loss=2.7604  grp_sp=0.000  EM=27.95  F1=42.22  elapsed=466.9min
01:07:08 | INFO |     step 66400  loss=3.1725  grp_sp=0.000  n_imp=32691  n_red=4317
01:08:32 | INFO |     step 66600  loss=3.0863  grp_sp=0.000  n_imp=32691  n_red=4317
01:09:56 | INFO |     step 66800  loss=3.1071  grp_sp=0.000  n_imp=32691  n_red=4317
01:11:20 | INFO |     step 67000  loss=3.0776  grp_sp=0.000  n_imp=32691  n_red=4317
01:12:44 | INFO |     step 67200  loss=3.1012  grp_sp=0.000  n_imp=32691  n_red=4317
01:14:08 | INFO |     step 67400  loss=3.1068  grp_sp=0.000  n_imp=32691  n_red=4317
01:15:32 | INFO |     step 67600  loss=3.1420  grp_sp=0.000  n_imp=32691  n_red=4317
01:16:57 | INFO |     step 67800  loss=3.1840  grp_sp=0.117  n_imp=28374  n_red=8634
01:18:21 | INFO |     step 68000  loss=3.2049  grp_sp=0.117  n_imp=28374  n_red=8634
01:19:46 | INFO |     step 68200  loss=3.2234  grp_sp=0.117  n_imp=28374  n_red=8634
01:21:10 | INFO |     step 68400  loss=3.2342  grp_sp=0.117  n_imp=28374  n_red=8634
01:22:35 | INFO |     step 68600  loss=3.2394  grp_sp=0.117  n_imp=28374  n_red=8634
01:23:59 | INFO |     step 68800  loss=3.2558  grp_sp=0.117  n_imp=28374  n_red=8634
01:25:24 | INFO |     step 69000  loss=3.2615  grp_sp=0.117  n_imp=28374  n_red=8634
01:26:50 | INFO |     step 69200  loss=3.2568  grp_sp=0.117  n_imp=28374  n_red=8634
01:28:15 | INFO |     step 69400  loss=3.2644  grp_sp=0.117  n_imp=28374  n_red=8634
01:29:39 | INFO |     step 69600  loss=3.2603  grp_sp=0.117  n_imp=28374  n_red=8634
01:31:03 | INFO |     step 69800  loss=3.2523  grp_sp=0.117  n_imp=28374  n_red=8634
01:32:29 | INFO |     step 70000  loss=3.2474  grp_sp=0.117  n_imp=28374  n_red=8634
01:33:54 | INFO |     step 70200  loss=3.2498  grp_sp=0.117  n_imp=28374  n_red=8634
01:35:19 | INFO |     step 70400  loss=3.2512  grp_sp=0.117  n_imp=28374  n_red=8634
01:36:44 | INFO |     step 70600  loss=3.2528  grp_sp=0.117  n_imp=28374  n_red=8634
01:38:09 | INFO |     step 70800  loss=3.2578  grp_sp=0.117  n_imp=28374  n_red=8634
01:39:34 | INFO |     step 71000  loss=3.2616  grp_sp=0.117  n_imp=28374  n_red=8634
01:40:58 | INFO |     step 71200  loss=3.2686  grp_sp=0.117  n_imp=28374  n_red=8634
01:42:23 | INFO |     step 71400  loss=3.2738  grp_sp=0.117  n_imp=28374  n_red=8634
01:43:48 | INFO |     step 71600  loss=3.2725  grp_sp=0.117  n_imp=28374  n_red=8634
01:45:13 | INFO |     step 71800  loss=3.2731  grp_sp=0.117  n_imp=28374  n_red=8634
01:46:38 | INFO |     step 72000  loss=3.2741  grp_sp=0.117  n_imp=28374  n_red=8634
01:48:04 | INFO |     step 72200  loss=3.2736  grp_sp=0.117  n_imp=28374  n_red=8634
01:49:30 | INFO |     step 72400  loss=3.2740  grp_sp=0.117  n_imp=28374  n_red=8634
01:50:55 | INFO |     step 72600  loss=3.2732  grp_sp=0.117  n_imp=28374  n_red=8634
01:52:21 | INFO |     step 72800  loss=3.2714  grp_sp=0.117  n_imp=28374  n_red=8634
01:53:47 | INFO |     step 73000  loss=3.2702  grp_sp=0.117  n_imp=28374  n_red=8634
01:55:13 | INFO |     step 73200  loss=3.2736  grp_sp=0.117  n_imp=28374  n_red=8634
01:56:38 | INFO |     step 73400  loss=3.2768  grp_sp=0.117  n_imp=28374  n_red=8634
01:58:04 | INFO |     step 73600  loss=3.2762  grp_sp=0.117  n_imp=28374  n_red=8634
01:59:31 | INFO |     step 73800  loss=3.2719  grp_sp=0.117  n_imp=28374  n_red=8634
02:01:06 | INFO |     step 74000  loss=3.2703  grp_sp=0.117  n_imp=28374  n_red=8634
02:02:41 | INFO |     step 74200  loss=3.2674  grp_sp=0.117  n_imp=28374  n_red=8634
02:04:15 | INFO |     step 74400  loss=3.2632  grp_sp=0.117  n_imp=28374  n_red=8634
02:05:51 | INFO |     step 74600  loss=3.2623  grp_sp=0.117  n_imp=28374  n_red=8634
02:07:16 | INFO |     step 74800  loss=3.2640  grp_sp=0.117  n_imp=28374  n_red=8634
02:08:42 | INFO |     step 75000  loss=3.2669  grp_sp=0.117  n_imp=28374  n_red=8634
02:10:08 | INFO |     step 75200  loss=3.2695  grp_sp=0.117  n_imp=28374  n_red=8634
02:11:34 | INFO |     step 75400  loss=3.2703  grp_sp=0.117  n_imp=28374  n_red=8634
02:13:00 | INFO |     step 75600  loss=3.2731  grp_sp=0.117  n_imp=28374  n_red=8634
02:14:26 | INFO |     step 75800  loss=3.2782  grp_sp=0.117  n_imp=28374  n_red=8634
02:15:52 | INFO |     step 76000  loss=3.2794  grp_sp=0.117  n_imp=28374  n_red=8634
02:17:18 | INFO |     step 76200  loss=3.2792  grp_sp=0.117  n_imp=28374  n_red=8634
02:18:44 | INFO |     step 76400  loss=3.2811  grp_sp=0.117  n_imp=28374  n_red=8634
02:20:13 | INFO |     step 76600  loss=3.2813  grp_sp=0.117  n_imp=28374  n_red=8634
02:21:40 | INFO |     step 76800  loss=3.2819  grp_sp=0.117  n_imp=28374  n_red=8634
02:23:06 | INFO |     step 77000  loss=3.2824  grp_sp=0.117  n_imp=28374  n_red=8634
02:24:32 | INFO |     step 77200  loss=3.2827  grp_sp=0.117  n_imp=28374  n_red=8634
02:25:58 | INFO |     step 77400  loss=3.2871  grp_sp=0.117  n_imp=28374  n_red=8634
02:27:24 | INFO |     step 77600  loss=3.2950  grp_sp=0.117  n_imp=28374  n_red=8634
02:28:50 | INFO |     step 77800  loss=3.2986  grp_sp=0.117  n_imp=28374  n_red=8634
02:30:18 | INFO |     step 78000  loss=3.3011  grp_sp=0.117  n_imp=28374  n_red=8634
02:31:45 | INFO |     step 78200  loss=3.3027  grp_sp=0.117  n_imp=28374  n_red=8634
02:33:13 | INFO |     step 78400  loss=3.3143  grp_sp=0.117  n_imp=28374  n_red=8634
02:34:39 | INFO |     step 78600  loss=3.3235  grp_sp=0.117  n_imp=28374  n_red=8634
02:36:06 | INFO |     step 78800  loss=3.3271  grp_sp=0.117  n_imp=28374  n_red=8634
02:37:32 | INFO |     step 79000  loss=3.3293  grp_sp=0.117  n_imp=28374  n_red=8634
02:38:58 | INFO |     step 79200  loss=3.3323  grp_sp=0.117  n_imp=28374  n_red=8634
02:40:24 | INFO |     step 79400  loss=3.3348  grp_sp=0.117  n_imp=28374  n_red=8634
02:41:51 | INFO |     step 79600  loss=3.3350  grp_sp=0.117  n_imp=28374  n_red=8634
02:43:19 | INFO |     step 79800  loss=3.3353  grp_sp=0.117  n_imp=28374  n_red=8634
02:44:45 | INFO |     step 80000  loss=3.3361  grp_sp=0.117  n_imp=28374  n_red=8634
02:46:12 | INFO |     step 80200  loss=3.3355  grp_sp=0.117  n_imp=28374  n_red=8634
02:47:39 | INFO |     step 80400  loss=3.3358  grp_sp=0.117  n_imp=28374  n_red=8634
02:49:06 | INFO |     step 80600  loss=3.3374  grp_sp=0.117  n_imp=28374  n_red=8634
02:50:34 | INFO |     step 80800  loss=3.3388  grp_sp=0.117  n_imp=28374  n_red=8634
02:52:01 | INFO |     step 81000  loss=3.3389  grp_sp=0.117  n_imp=28374  n_red=8634
02:53:27 | INFO |     step 81200  loss=3.3396  grp_sp=0.117  n_imp=28374  n_red=8634
02:54:52 | INFO |     step 81400  loss=3.3383  grp_sp=0.117  n_imp=28374  n_red=8634
02:56:18 | INFO |     step 81600  loss=3.3377  grp_sp=0.117  n_imp=28374  n_red=8634
02:57:44 | INFO |     step 81800  loss=3.3365  grp_sp=0.117  n_imp=28374  n_red=8634
02:59:10 | INFO |     step 82000  loss=3.3354  grp_sp=0.117  n_imp=28374  n_red=8634
03:00:36 | INFO |     step 82200  loss=3.3340  grp_sp=0.117  n_imp=28374  n_red=8634
03:02:02 | INFO |     step 82400  loss=3.3327  grp_sp=0.117  n_imp=28374  n_red=8634
03:03:28 | INFO |     step 82600  loss=3.3321  grp_sp=0.117  n_imp=28374  n_red=8634
03:04:54 | INFO |     step 82800  loss=3.3323  grp_sp=0.117  n_imp=28374  n_red=8634
03:06:20 | INFO |     step 83000  loss=3.3321  grp_sp=0.117  n_imp=28374  n_red=8634
03:07:46 | INFO |     step 83200  loss=3.3313  grp_sp=0.117  n_imp=28374  n_red=8634
03:09:12 | INFO |     step 83400  loss=3.3323  grp_sp=0.117  n_imp=28374  n_red=8634
03:10:38 | INFO |     step 83600  loss=3.3348  grp_sp=0.117  n_imp=28374  n_red=8634
03:12:10 | INFO |     step 83800  loss=3.3370  grp_sp=0.117  n_imp=28374  n_red=8634
03:13:45 | INFO |     step 84000  loss=3.3395  grp_sp=0.117  n_imp=28374  n_red=8634
03:15:21 | INFO |     step 84200  loss=3.3448  grp_sp=0.117  n_imp=28374  n_red=8634
03:16:57 | INFO |     step 84400  loss=3.3478  grp_sp=0.117  n_imp=28374  n_red=8634
03:18:29 | INFO |     step 84600  loss=3.3500  grp_sp=0.117  n_imp=28374  n_red=8634
03:19:56 | INFO |     step 84800  loss=3.3525  grp_sp=0.117  n_imp=28374  n_red=8634
03:21:22 | INFO |     step 85000  loss=3.3541  grp_sp=0.117  n_imp=28374  n_red=8634
03:22:49 | INFO |     step 85200  loss=3.3554  grp_sp=0.117  n_imp=28374  n_red=8634
03:24:15 | INFO |     step 85400  loss=3.3576  grp_sp=0.117  n_imp=28374  n_red=8634
03:25:42 | INFO |     step 85600  loss=3.3639  grp_sp=0.117  n_imp=28374  n_red=8634
03:27:09 | INFO |     step 85800  loss=3.3671  grp_sp=0.117  n_imp=28374  n_red=8634
03:28:37 | INFO |     step 86000  loss=3.3698  grp_sp=0.117  n_imp=28374  n_red=8634
03:30:14 | INFO |     step 86200  loss=3.3726  grp_sp=0.117  n_imp=28374  n_red=8634
03:31:50 | INFO |     step 86400  loss=3.3761  grp_sp=0.117  n_imp=28374  n_red=8634
03:33:25 | INFO |     step 86600  loss=3.3788  grp_sp=0.117  n_imp=28374  n_red=8634
03:35:01 | INFO |     step 86800  loss=3.3818  grp_sp=0.117  n_imp=28374  n_red=8634
03:36:36 | INFO |     step 87000  loss=3.3832  grp_sp=0.117  n_imp=28374  n_red=8634
03:38:12 | INFO |     step 87200  loss=3.3842  grp_sp=0.117  n_imp=28374  n_red=8634
03:39:47 | INFO |     step 87400  loss=3.3847  grp_sp=0.117  n_imp=28374  n_red=8634
03:41:14 | INFO |     step 87600  loss=3.3850  grp_sp=0.117  n_imp=28374  n_red=8634
03:42:40 | INFO |     step 87800  loss=3.3853  grp_sp=0.117  n_imp=28374  n_red=8634
03:44:05 | INFO |     step 88000  loss=3.3863  grp_sp=0.117  n_imp=28374  n_red=8634
03:45:31 | INFO |     step 88200  loss=3.3908  grp_sp=0.117  n_imp=28374  n_red=8634
03:46:58 | INFO |     step 88400  loss=3.3971  grp_sp=0.117  n_imp=28374  n_red=8634
03:50:12 | INFO | [EPOCH 4/10] loss=3.3996  grp_sp=0.117  EM=15.64  F1=28.60  elapsed=630.0min
03:50:44 | INFO |     step 88600  loss=3.6605  grp_sp=0.117  n_imp=28374  n_red=8634
03:52:10 | INFO |     step 88800  loss=3.6485  grp_sp=0.117  n_imp=28374  n_red=8634
03:53:38 | INFO |     step 89000  loss=3.6622  grp_sp=0.117  n_imp=28374  n_red=8634
03:55:04 | INFO |     step 89200  loss=3.6691  grp_sp=0.117  n_imp=28374  n_red=8634
03:56:29 | INFO |     step 89400  loss=3.6824  grp_sp=0.117  n_imp=28374  n_red=8634
03:57:54 | INFO |     step 89600  loss=3.6855  grp_sp=0.117  n_imp=28374  n_red=8634
03:59:19 | INFO |     step 89800  loss=3.7178  grp_sp=0.117  n_imp=28374  n_red=8634
04:00:43 | INFO |     step 90000  loss=3.7180  grp_sp=0.117  n_imp=28374  n_red=8634
04:02:08 | INFO |     step 90200  loss=3.7212  grp_sp=0.117  n_imp=28374  n_red=8634
04:03:33 | INFO |     step 90400  loss=3.7232  grp_sp=0.117  n_imp=28374  n_red=8634
04:04:58 | INFO |     step 90600  loss=3.7169  grp_sp=0.117  n_imp=28374  n_red=8634
04:06:23 | INFO |     step 90800  loss=3.6996  grp_sp=0.117  n_imp=28374  n_red=8634
04:07:48 | INFO |     step 91000  loss=3.6815  grp_sp=0.117  n_imp=28374  n_red=8634
04:09:13 | INFO |     step 91200  loss=3.6646  grp_sp=0.117  n_imp=28374  n_red=8634
04:10:38 | INFO |     step 91400  loss=3.6550  grp_sp=0.117  n_imp=28374  n_red=8634
04:12:03 | INFO |     step 91600  loss=3.6442  grp_sp=0.117  n_imp=28374  n_red=8634
04:13:28 | INFO |     step 91800  loss=3.6339  grp_sp=0.117  n_imp=28374  n_red=8634
04:14:54 | INFO |     step 92000  loss=3.6191  grp_sp=0.117  n_imp=28374  n_red=8634
04:16:20 | INFO |     step 92200  loss=3.6054  grp_sp=0.117  n_imp=28374  n_red=8634
04:17:46 | INFO |     step 92400  loss=3.5907  grp_sp=0.117  n_imp=28374  n_red=8634
04:19:13 | INFO |     step 92600  loss=3.5791  grp_sp=0.117  n_imp=28374  n_red=8634
04:20:39 | INFO |     step 92800  loss=3.5686  grp_sp=0.117  n_imp=28374  n_red=8634
04:22:05 | INFO |     step 93000  loss=3.5536  grp_sp=0.117  n_imp=28374  n_red=8634
04:23:32 | INFO |     step 93200  loss=3.5453  grp_sp=0.117  n_imp=28374  n_red=8634
04:25:04 | INFO |     step 93400  loss=3.5399  grp_sp=0.117  n_imp=28374  n_red=8634
04:26:39 | INFO |     step 93600  loss=3.5316  grp_sp=0.117  n_imp=28374  n_red=8634
04:28:14 | INFO |     step 93800  loss=3.5233  grp_sp=0.117  n_imp=28374  n_red=8634
04:29:48 | INFO |     step 94000  loss=3.5148  grp_sp=0.117  n_imp=28374  n_red=8634
04:31:22 | INFO |     step 94200  loss=3.5093  grp_sp=0.117  n_imp=28374  n_red=8634
04:32:56 | INFO |     step 94400  loss=3.5027  grp_sp=0.117  n_imp=28374  n_red=8634
04:34:27 | INFO |     step 94600  loss=3.4980  grp_sp=0.117  n_imp=28374  n_red=8634
04:35:58 | INFO |     step 94800  loss=3.4914  grp_sp=0.117  n_imp=28374  n_red=8634
04:37:32 | INFO |     step 95000  loss=3.4888  grp_sp=0.117  n_imp=28374  n_red=8634
04:39:05 | INFO |     step 95200  loss=3.4851  grp_sp=0.117  n_imp=28374  n_red=8634
04:40:31 | INFO |     step 95400  loss=3.4814  grp_sp=0.117  n_imp=28374  n_red=8634
04:41:57 | INFO |     step 95600  loss=3.4769  grp_sp=0.117  n_imp=28374  n_red=8634
04:43:23 | INFO |     step 95800  loss=3.4698  grp_sp=0.117  n_imp=28374  n_red=8634
04:44:48 | INFO |     step 96000  loss=3.4669  grp_sp=0.117  n_imp=28374  n_red=8634
04:46:13 | INFO |     step 96200  loss=3.4627  grp_sp=0.117  n_imp=28374  n_red=8634
04:47:38 | INFO |     step 96400  loss=3.4579  grp_sp=0.117  n_imp=28374  n_red=8634
04:49:03 | INFO |     step 96600  loss=3.4545  grp_sp=0.117  n_imp=28374  n_red=8634
04:50:28 | INFO |     step 96800  loss=3.4496  grp_sp=0.117  n_imp=28374  n_red=8634
04:51:53 | INFO |     step 97000  loss=3.4474  grp_sp=0.117  n_imp=28374  n_red=8634
04:53:22 | INFO |     step 97200  loss=3.4434  grp_sp=0.117  n_imp=28374  n_red=8634
04:54:51 | INFO |     step 97400  loss=3.4392  grp_sp=0.117  n_imp=28374  n_red=8634
04:56:19 | INFO |     step 97600  loss=3.4340  grp_sp=0.117  n_imp=28374  n_red=8634
04:57:47 | INFO |     step 97800  loss=3.4296  grp_sp=0.117  n_imp=28374  n_red=8634
04:59:16 | INFO |     step 98000  loss=3.4259  grp_sp=0.117  n_imp=28374  n_red=8634
05:00:44 | INFO |     step 98200  loss=3.4208  grp_sp=0.117  n_imp=28374  n_red=8634
05:02:13 | INFO |     step 98400  loss=3.4180  grp_sp=0.233  n_imp=24057  n_red=12951
05:03:41 | INFO |     step 98600  loss=3.4152  grp_sp=0.233  n_imp=24057  n_red=12951
05:05:09 | INFO |     step 98800  loss=3.4137  grp_sp=0.233  n_imp=24057  n_red=12951
05:06:36 | INFO |     step 99000  loss=3.4130  grp_sp=0.233  n_imp=24057  n_red=12951
05:08:04 | INFO |     step 99200  loss=3.4100  grp_sp=0.233  n_imp=24057  n_red=12951
05:09:32 | INFO |     step 99400  loss=3.4088  grp_sp=0.233  n_imp=24057  n_red=12951
05:10:59 | INFO |     step 99600  loss=3.4069  grp_sp=0.233  n_imp=24057  n_red=12951
05:12:26 | INFO |     step 99800  loss=3.4053  grp_sp=0.233  n_imp=24057  n_red=12951
05:13:53 | INFO |     step 100000  loss=3.4033  grp_sp=0.233  n_imp=24057  n_red=12951
05:15:19 | INFO |     step 100200  loss=3.4050  grp_sp=0.233  n_imp=24057  n_red=12951
05:16:45 | INFO |     step 100400  loss=3.4044  grp_sp=0.233  n_imp=24057  n_red=12951
05:18:10 | INFO |     step 100600  loss=3.4022  grp_sp=0.233  n_imp=24057  n_red=12951
05:19:35 | INFO |     step 100800  loss=3.4014  grp_sp=0.233  n_imp=24057  n_red=12951
05:21:01 | INFO |     step 101000  loss=3.3991  grp_sp=0.233  n_imp=24057  n_red=12951
05:22:26 | INFO |     step 101200  loss=3.3986  grp_sp=0.233  n_imp=24057  n_red=12951
05:23:52 | INFO |     step 101400  loss=3.3957  grp_sp=0.233  n_imp=24057  n_red=12951
05:25:17 | INFO |     step 101600  loss=3.3957  grp_sp=0.233  n_imp=24057  n_red=12951
05:26:42 | INFO |     step 101800  loss=3.3955  grp_sp=0.233  n_imp=24057  n_red=12951
05:28:08 | INFO |     step 102000  loss=3.3943  grp_sp=0.233  n_imp=24057  n_red=12951
05:29:33 | INFO |     step 102200  loss=3.3936  grp_sp=0.233  n_imp=24057  n_red=12951
05:30:59 | INFO |     step 102400  loss=3.3947  grp_sp=0.233  n_imp=24057  n_red=12951
05:32:25 | INFO |     step 102600  loss=3.3965  grp_sp=0.233  n_imp=24057  n_red=12951
05:33:50 | INFO |     step 102800  loss=3.3971  grp_sp=0.233  n_imp=24057  n_red=12951
05:35:16 | INFO |     step 103000  loss=3.3970  grp_sp=0.233  n_imp=24057  n_red=12951
05:36:41 | INFO |     step 103200  loss=3.3982  grp_sp=0.233  n_imp=24057  n_red=12951
05:38:07 | INFO |     step 103400  loss=3.3981  grp_sp=0.233  n_imp=24057  n_red=12951
05:39:33 | INFO |     step 103600  loss=3.3982  grp_sp=0.233  n_imp=24057  n_red=12951
05:40:59 | INFO |     step 103800  loss=3.3985  grp_sp=0.233  n_imp=24057  n_red=12951
05:42:25 | INFO |     step 104000  loss=3.3992  grp_sp=0.233  n_imp=24057  n_red=12951
05:43:51 | INFO |     step 104200  loss=3.4002  grp_sp=0.233  n_imp=24057  n_red=12951
05:45:16 | INFO |     step 104400  loss=3.4011  grp_sp=0.233  n_imp=24057  n_red=12951
05:46:42 | INFO |     step 104600  loss=3.4021  grp_sp=0.233  n_imp=24057  n_red=12951
05:48:08 | INFO |     step 104800  loss=3.4036  grp_sp=0.233  n_imp=24057  n_red=12951
05:49:33 | INFO |     step 105000  loss=3.4045  grp_sp=0.233  n_imp=24057  n_red=12951
05:50:58 | INFO |     step 105200  loss=3.4060  grp_sp=0.233  n_imp=24057  n_red=12951
05:52:24 | INFO |     step 105400  loss=3.4088  grp_sp=0.233  n_imp=24057  n_red=12951
05:53:49 | INFO |     step 105600  loss=3.4111  grp_sp=0.233  n_imp=24057  n_red=12951
05:55:16 | INFO |     step 105800  loss=3.4131  grp_sp=0.233  n_imp=24057  n_red=12951
05:56:41 | INFO |     step 106000  loss=3.4152  grp_sp=0.233  n_imp=24057  n_red=12951
05:58:07 | INFO |     step 106200  loss=3.4180  grp_sp=0.233  n_imp=24057  n_red=12951
05:59:32 | INFO |     step 106400  loss=3.4207  grp_sp=0.233  n_imp=24057  n_red=12951
06:00:59 | INFO |     step 106600  loss=3.4234  grp_sp=0.233  n_imp=24057  n_red=12951
06:02:26 | INFO |     step 106800  loss=3.4242  grp_sp=0.233  n_imp=24057  n_red=12951
06:03:53 | INFO |     step 107000  loss=3.4243  grp_sp=0.233  n_imp=24057  n_red=12951
06:05:20 | INFO |     step 107200  loss=3.4247  grp_sp=0.233  n_imp=24057  n_red=12951
06:06:47 | INFO |     step 107400  loss=3.4261  grp_sp=0.233  n_imp=24057  n_red=12951
06:08:13 | INFO |     step 107600  loss=3.4269  grp_sp=0.233  n_imp=24057  n_red=12951
06:09:41 | INFO |     step 107800  loss=3.4287  grp_sp=0.233  n_imp=24057  n_red=12951
06:11:09 | INFO |     step 108000  loss=3.4299  grp_sp=0.233  n_imp=24057  n_red=12951
06:12:36 | INFO |     step 108200  loss=3.4314  grp_sp=0.233  n_imp=24057  n_red=12951
06:14:01 | INFO |     step 108400  loss=3.4327  grp_sp=0.233  n_imp=24057  n_red=12951
06:15:26 | INFO |     step 108600  loss=3.4347  grp_sp=0.233  n_imp=24057  n_red=12951
06:16:51 | INFO |     step 108800  loss=3.4367  grp_sp=0.233  n_imp=24057  n_red=12951
06:18:16 | INFO |     step 109000  loss=3.4388  grp_sp=0.233  n_imp=24057  n_red=12951
06:19:41 | INFO |     step 109200  loss=3.4392  grp_sp=0.233  n_imp=24057  n_red=12951
06:21:06 | INFO |     step 109400  loss=3.4409  grp_sp=0.233  n_imp=24057  n_red=12951
06:22:31 | INFO |     step 109600  loss=3.4427  grp_sp=0.233  n_imp=24057  n_red=12951
06:23:55 | INFO |     step 109800  loss=3.4462  grp_sp=0.233  n_imp=24057  n_red=12951
06:25:20 | INFO |     step 110000  loss=3.4486  grp_sp=0.233  n_imp=24057  n_red=12951
06:26:45 | INFO |     step 110200  loss=3.4505  grp_sp=0.233  n_imp=24057  n_red=12951
06:28:10 | INFO |     step 110400  loss=3.4520  grp_sp=0.233  n_imp=24057  n_red=12951
06:29:34 | INFO |     step 110600  loss=3.4539  grp_sp=0.233  n_imp=24057  n_red=12951
06:32:18 | INFO | [EPOCH 5/10] loss=3.4544  grp_sp=0.233  EM=15.39  F1=27.74  elapsed=792.1min
06:33:20 | INFO |     step 110800  loss=3.7233  grp_sp=0.233  n_imp=24057  n_red=12951
06:34:45 | INFO |     step 111000  loss=3.7622  grp_sp=0.233  n_imp=24057  n_red=12951
06:36:09 | INFO |     step 111200  loss=3.7677  grp_sp=0.233  n_imp=24057  n_red=12951
06:37:34 | INFO |     step 111400  loss=3.7624  grp_sp=0.233  n_imp=24057  n_red=12951
06:38:59 | INFO |     step 111600  loss=3.7415  grp_sp=0.233  n_imp=24057  n_red=12951
06:40:24 | INFO |     step 111800  loss=3.7536  grp_sp=0.233  n_imp=24057  n_red=12951
06:41:48 | INFO |     step 112000  loss=3.7687  grp_sp=0.233  n_imp=24057  n_red=12951
06:43:14 | INFO |     step 112200  loss=3.7735  grp_sp=0.233  n_imp=24057  n_red=12951
06:44:39 | INFO |     step 112400  loss=3.7835  grp_sp=0.233  n_imp=24057  n_red=12951
06:46:04 | INFO |     step 112600  loss=3.7798  grp_sp=0.233  n_imp=24057  n_red=12951
06:47:29 | INFO |     step 112800  loss=3.7803  grp_sp=0.233  n_imp=24057  n_red=12951
06:48:54 | INFO |     step 113000  loss=3.7750  grp_sp=0.233  n_imp=24057  n_red=12951
06:50:18 | INFO |     step 113200  loss=3.7729  grp_sp=0.233  n_imp=24057  n_red=12951
06:51:43 | INFO |     step 113400  loss=3.7795  grp_sp=0.233  n_imp=24057  n_red=12951
06:53:08 | INFO |     step 113600  loss=3.7884  grp_sp=0.233  n_imp=24057  n_red=12951
06:54:33 | INFO |     step 113800  loss=3.8038  grp_sp=0.233  n_imp=24057  n_red=12951
06:55:58 | INFO |     step 114000  loss=3.8343  grp_sp=0.233  n_imp=24057  n_red=12951
06:57:23 | INFO |     step 114200  loss=3.8541  grp_sp=0.233  n_imp=24057  n_red=12951
06:58:47 | INFO |     step 114400  loss=3.8701  grp_sp=0.233  n_imp=24057  n_red=12951
07:00:13 | INFO |     step 114600  loss=3.8799  grp_sp=0.233  n_imp=24057  n_red=12951
07:01:38 | INFO |     step 114800  loss=3.8880  grp_sp=0.233  n_imp=24057  n_red=12951
07:03:03 | INFO |     step 115000  loss=3.8923  grp_sp=0.233  n_imp=24057  n_red=12951
07:04:28 | INFO |     step 115200  loss=3.8999  grp_sp=0.233  n_imp=24057  n_red=12951
07:05:53 | INFO |     step 115400  loss=3.9089  grp_sp=0.233  n_imp=24057  n_red=12951
07:07:18 | INFO |     step 115600  loss=3.9104  grp_sp=0.233  n_imp=24057  n_red=12951
07:08:42 | INFO |     step 115800  loss=3.9138  grp_sp=0.233  n_imp=24057  n_red=12951
07:10:07 | INFO |     step 116000  loss=3.9156  grp_sp=0.233  n_imp=24057  n_red=12951
07:11:32 | INFO |     step 116200  loss=3.9204  grp_sp=0.233  n_imp=24057  n_red=12951
07:12:57 | INFO |     step 116400  loss=3.9230  grp_sp=0.233  n_imp=24057  n_red=12951
07:14:22 | INFO |     step 116600  loss=3.9322  grp_sp=0.233  n_imp=24057  n_red=12951
07:15:47 | INFO |     step 116800  loss=3.9326  grp_sp=0.233  n_imp=24057  n_red=12951
07:17:12 | INFO |     step 117000  loss=3.9399  grp_sp=0.233  n_imp=24057  n_red=12951
07:18:36 | INFO |     step 117200  loss=3.9455  grp_sp=0.233  n_imp=24057  n_red=12951
07:20:01 | INFO |     step 117400  loss=3.9465  grp_sp=0.233  n_imp=24057  n_red=12951
07:21:26 | INFO |     step 117600  loss=3.9461  grp_sp=0.233  n_imp=24057  n_red=12951
07:22:51 | INFO |     step 117800  loss=3.9469  grp_sp=0.233  n_imp=24057  n_red=12951
07:24:16 | INFO |     step 118000  loss=3.9481  grp_sp=0.233  n_imp=24057  n_red=12951
07:25:41 | INFO |     step 118200  loss=3.9476  grp_sp=0.233  n_imp=24057  n_red=12951
07:27:06 | INFO |     step 118400  loss=3.9467  grp_sp=0.233  n_imp=24057  n_red=12951
07:28:30 | INFO |     step 118600  loss=3.9469  grp_sp=0.233  n_imp=24057  n_red=12951
07:29:55 | INFO |     step 118800  loss=3.9504  grp_sp=0.233  n_imp=24057  n_red=12951
07:31:20 | INFO |     step 119000  loss=3.9585  grp_sp=0.233  n_imp=24057  n_red=12951
07:32:45 | INFO |     step 119200  loss=3.9678  grp_sp=0.233  n_imp=24057  n_red=12951
07:34:10 | INFO |     step 119400  loss=3.9803  grp_sp=0.233  n_imp=24057  n_red=12951
07:35:34 | INFO |     step 119600  loss=3.9868  grp_sp=0.233  n_imp=24057  n_red=12951
07:36:59 | INFO |     step 119800  loss=3.9930  grp_sp=0.233  n_imp=24057  n_red=12951
07:38:24 | INFO |     step 120000  loss=4.0025  grp_sp=0.233  n_imp=24057  n_red=12951
07:39:48 | INFO |     step 120200  loss=4.0078  grp_sp=0.233  n_imp=24057  n_red=12951
07:41:13 | INFO |     step 120400  loss=4.0159  grp_sp=0.233  n_imp=24057  n_red=12951
07:42:38 | INFO |     step 120600  loss=4.0207  grp_sp=0.233  n_imp=24057  n_red=12951
07:44:02 | INFO |     step 120800  loss=4.0245  grp_sp=0.233  n_imp=24057  n_red=12951
07:45:27 | INFO |     step 121000  loss=4.0306  grp_sp=0.233  n_imp=24057  n_red=12951
07:46:52 | INFO |     step 121200  loss=4.0343  grp_sp=0.233  n_imp=24057  n_red=12951
07:48:17 | INFO |     step 121400  loss=4.0399  grp_sp=0.233  n_imp=24057  n_red=12951
07:49:42 | INFO |     step 121600  loss=4.0425  grp_sp=0.233  n_imp=24057  n_red=12951
07:51:07 | INFO |     step 121800  loss=4.0464  grp_sp=0.233  n_imp=24057  n_red=12951
07:52:32 | INFO |     step 122000  loss=4.0485  grp_sp=0.233  n_imp=24057  n_red=12951
07:53:56 | INFO |     step 122200  loss=4.0498  grp_sp=0.233  n_imp=24057  n_red=12951
07:55:21 | INFO |     step 122400  loss=4.0527  grp_sp=0.233  n_imp=24057  n_red=12951
07:56:46 | INFO |     step 122600  loss=4.0565  grp_sp=0.233  n_imp=24057  n_red=12951
07:58:11 | INFO |     step 122800  loss=4.0602  grp_sp=0.233  n_imp=24057  n_red=12951
07:59:35 | INFO |     step 123000  loss=4.0619  grp_sp=0.233  n_imp=24057  n_red=12951
08:01:00 | INFO |     step 123200  loss=4.0646  grp_sp=0.233  n_imp=24057  n_red=12951
08:02:25 | INFO |     step 123400  loss=4.0652  grp_sp=0.233  n_imp=24057  n_red=12951
08:03:50 | INFO |     step 123600  loss=4.0653  grp_sp=0.233  n_imp=24057  n_red=12951
08:05:14 | INFO |     step 123800  loss=4.0700  grp_sp=0.233  n_imp=24057  n_red=12951
08:06:39 | INFO |     step 124000  loss=4.0718  grp_sp=0.233  n_imp=24057  n_red=12951
08:08:04 | INFO |     step 124200  loss=4.0723  grp_sp=0.233  n_imp=24057  n_red=12951
08:09:29 | INFO |     step 124400  loss=4.0774  grp_sp=0.233  n_imp=24057  n_red=12951
08:10:54 | INFO |     step 124600  loss=4.0856  grp_sp=0.233  n_imp=24057  n_red=12951
08:12:19 | INFO |     step 124800  loss=4.0950  grp_sp=0.233  n_imp=24057  n_red=12951
08:13:45 | INFO |     step 125000  loss=4.1115  grp_sp=0.233  n_imp=24057  n_red=12951
08:15:11 | INFO |     step 125200  loss=4.1256  grp_sp=0.233  n_imp=24057  n_red=12951
08:16:36 | INFO |     step 125400  loss=4.1376  grp_sp=0.233  n_imp=24057  n_red=12951
08:18:01 | INFO |     step 125600  loss=4.1488  grp_sp=0.233  n_imp=24057  n_red=12951
08:19:27 | INFO |     step 125800  loss=4.1587  grp_sp=0.233  n_imp=24057  n_red=12951
08:20:52 | INFO |     step 126000  loss=4.1671  grp_sp=0.233  n_imp=24057  n_red=12951
08:22:18 | INFO |     step 126200  loss=4.1736  grp_sp=0.233  n_imp=24057  n_red=12951
08:23:43 | INFO |     step 126400  loss=4.1811  grp_sp=0.233  n_imp=24057  n_red=12951
08:25:09 | INFO |     step 126600  loss=4.1875  grp_sp=0.233  n_imp=24057  n_red=12951
08:26:34 | INFO |     step 126800  loss=4.1934  grp_sp=0.233  n_imp=24057  n_red=12951
08:28:00 | INFO |     step 127000  loss=4.2005  grp_sp=0.233  n_imp=24057  n_red=12951
08:29:25 | INFO |     step 127200  loss=4.2201  grp_sp=0.233  n_imp=24057  n_red=12951
08:30:51 | INFO |     step 127400  loss=4.2396  grp_sp=0.233  n_imp=24057  n_red=12951
08:32:16 | INFO |     step 127600  loss=4.2568  grp_sp=0.233  n_imp=24057  n_red=12951
08:33:42 | INFO |     step 127800  loss=4.2709  grp_sp=0.233  n_imp=24057  n_red=12951
08:35:07 | INFO |     step 128000  loss=4.2887  grp_sp=0.233  n_imp=24057  n_red=12951
08:36:32 | INFO |     step 128200  loss=4.3075  grp_sp=0.233  n_imp=24057  n_red=12951
08:37:58 | INFO |     step 128400  loss=4.3255  grp_sp=0.233  n_imp=24057  n_red=12951
08:39:23 | INFO |     step 128600  loss=4.3416  grp_sp=0.233  n_imp=24057  n_red=12951
08:40:49 | INFO |     step 128800  loss=4.3550  grp_sp=0.233  n_imp=24057  n_red=12951
08:42:14 | INFO |     step 129000  loss=4.3668  grp_sp=0.233  n_imp=24057  n_red=12951
08:43:41 | INFO |     step 129200  loss=4.3830  grp_sp=0.350  n_imp=19740  n_red=17268
08:45:06 | INFO |     step 129400  loss=4.3998  grp_sp=0.350  n_imp=19740  n_red=17268
08:46:32 | INFO |     step 129600  loss=4.4163  grp_sp=0.350  n_imp=19740  n_red=17268
08:47:59 | INFO |     step 129800  loss=4.4323  grp_sp=0.350  n_imp=19740  n_red=17268
08:49:25 | INFO |     step 130000  loss=4.4478  grp_sp=0.350  n_imp=19740  n_red=17268
08:50:51 | INFO |     step 130200  loss=4.4624  grp_sp=0.350  n_imp=19740  n_red=17268
08:52:17 | INFO |     step 130400  loss=4.4753  grp_sp=0.350  n_imp=19740  n_red=17268
08:53:43 | INFO |     step 130600  loss=4.4877  grp_sp=0.350  n_imp=19740  n_red=17268
08:55:09 | INFO |     step 130800  loss=4.4986  grp_sp=0.350  n_imp=19740  n_red=17268
08:56:36 | INFO |     step 131000  loss=4.5070  grp_sp=0.350  n_imp=19740  n_red=17268
08:58:03 | INFO |     step 131200  loss=4.5142  grp_sp=0.350  n_imp=19740  n_red=17268
08:59:30 | INFO |     step 131400  loss=4.5204  grp_sp=0.350  n_imp=19740  n_red=17268
09:00:55 | INFO |     step 131600  loss=4.5263  grp_sp=0.350  n_imp=19740  n_red=17268
09:02:23 | INFO |     step 131800  loss=4.5321  grp_sp=0.350  n_imp=19740  n_red=17268
09:03:49 | INFO |     step 132000  loss=4.5372  grp_sp=0.350  n_imp=19740  n_red=17268
09:05:15 | INFO |     step 132200  loss=4.5421  grp_sp=0.350  n_imp=19740  n_red=17268
09:06:42 | INFO |     step 132400  loss=4.5468  grp_sp=0.350  n_imp=19740  n_red=17268
09:08:09 | INFO |     step 132600  loss=4.5517  grp_sp=0.350  n_imp=19740  n_red=17268
09:11:50 | INFO | [EPOCH 6/10] loss=4.5568  grp_sp=0.350  EM=0.28  F1=2.48  elapsed=951.7min
09:11:56 | INFO |     step 132800  loss=5.9945  grp_sp=0.350  n_imp=19740  n_red=17268
09:13:24 | INFO |     step 133000  loss=5.9657  grp_sp=0.350  n_imp=19740  n_red=17268
09:14:51 | INFO |     step 133200  loss=5.9624  grp_sp=0.350  n_imp=19740  n_red=17268
09:16:17 | INFO |     step 133400  loss=5.9620  grp_sp=0.350  n_imp=19740  n_red=17268
09:17:43 | INFO |     step 133600  loss=5.9604  grp_sp=0.350  n_imp=19740  n_red=17268
09:19:10 | INFO |     step 133800  loss=5.9600  grp_sp=0.350  n_imp=19740  n_red=17268
09:20:36 | INFO |     step 134000  loss=5.9585  grp_sp=0.350  n_imp=19740  n_red=17268
09:22:02 | INFO |     step 134200  loss=5.9569  grp_sp=0.350  n_imp=19740  n_red=17268
09:23:28 | INFO |     step 134400  loss=5.9534  grp_sp=0.350  n_imp=19740  n_red=17268
09:24:55 | INFO |     step 134600  loss=5.9539  grp_sp=0.350  n_imp=19740  n_red=17268
09:26:20 | INFO |     step 134800  loss=5.9545  grp_sp=0.350  n_imp=19740  n_red=17268
09:27:46 | INFO |     step 135000  loss=5.9543  grp_sp=0.350  n_imp=19740  n_red=17268
09:29:12 | INFO |     step 135200  loss=5.9548  grp_sp=0.350  n_imp=19740  n_red=17268
09:30:38 | INFO |     step 135400  loss=5.9551  grp_sp=0.350  n_imp=19740  n_red=17268
09:32:05 | INFO |     step 135600  loss=5.9550  grp_sp=0.350  n_imp=19740  n_red=17268
09:33:31 | INFO |     step 135800  loss=5.9548  grp_sp=0.350  n_imp=19740  n_red=17268
09:34:57 | INFO |     step 136000  loss=5.9549  grp_sp=0.350  n_imp=19740  n_red=17268
09:36:22 | INFO |     step 136200  loss=5.9550  grp_sp=0.350  n_imp=19740  n_red=17268
09:37:49 | INFO |     step 136400  loss=5.9549  grp_sp=0.350  n_imp=19740  n_red=17268
09:39:15 | INFO |     step 136600  loss=5.9549  grp_sp=0.350  n_imp=19740  n_red=17268
09:40:40 | INFO |     step 136800  loss=5.9551  grp_sp=0.350  n_imp=19740  n_red=17268
09:42:06 | INFO |     step 137000  loss=5.9552  grp_sp=0.350  n_imp=19740  n_red=17268
09:43:32 | INFO |     step 137200  loss=5.9551  grp_sp=0.350  n_imp=19740  n_red=17268
09:44:57 | INFO |     step 137400  loss=5.9550  grp_sp=0.350  n_imp=19740  n_red=17268
09:46:23 | INFO |     step 137600  loss=5.9550  grp_sp=0.350  n_imp=19740  n_red=17268
09:47:49 | INFO |     step 137800  loss=5.9550  grp_sp=0.350  n_imp=19740  n_red=17268
09:49:15 | INFO |     step 138000  loss=5.9548  grp_sp=0.350  n_imp=19740  n_red=17268
09:50:41 | INFO |     step 138200  loss=5.9542  grp_sp=0.350  n_imp=19740  n_red=17268
09:52:06 | INFO |     step 138400  loss=5.9540  grp_sp=0.350  n_imp=19740  n_red=17268
09:53:33 | INFO |     step 138600  loss=5.9533  grp_sp=0.350  n_imp=19740  n_red=17268
09:54:59 | INFO |     step 138800  loss=5.9525  grp_sp=0.350  n_imp=19740  n_red=17268
09:56:26 | INFO |     step 139000  loss=5.9519  grp_sp=0.350  n_imp=19740  n_red=17268
09:57:54 | INFO |     step 139200  loss=5.9497  grp_sp=0.350  n_imp=19740  n_red=17268
09:59:21 | INFO |     step 139400  loss=5.9488  grp_sp=0.350  n_imp=19740  n_red=17268
10:00:49 | INFO |     step 139600  loss=5.9478  grp_sp=0.350  n_imp=19740  n_red=17268
10:02:16 | INFO |     step 139800  loss=5.9446  grp_sp=0.350  n_imp=19740  n_red=17268
10:03:43 | INFO |     step 140000  loss=5.9411  grp_sp=0.350  n_imp=19740  n_red=17268
10:05:10 | INFO |     step 140200  loss=5.9391  grp_sp=0.350  n_imp=19740  n_red=17268
10:06:36 | INFO |     step 140400  loss=5.9311  grp_sp=0.350  n_imp=19740  n_red=17268
10:08:03 | INFO |     step 140600  loss=5.9259  grp_sp=0.350  n_imp=19740  n_red=17268
10:09:29 | INFO |     step 140800  loss=5.9258  grp_sp=0.350  n_imp=19740  n_red=17268
10:10:55 | INFO |     step 141000  loss=5.9247  grp_sp=0.350  n_imp=19740  n_red=17268
10:12:22 | INFO |     step 141200  loss=5.9224  grp_sp=0.350  n_imp=19740  n_red=17268
10:13:49 | INFO |     step 141400  loss=5.9168  grp_sp=0.350  n_imp=19740  n_red=17268
10:15:17 | INFO |     step 141600  loss=5.9142  grp_sp=0.350  n_imp=19740  n_red=17268
10:16:43 | INFO |     step 141800  loss=5.9125  grp_sp=0.350  n_imp=19740  n_red=17268
10:18:10 | INFO |     step 142000  loss=5.9117  grp_sp=0.350  n_imp=19740  n_red=17268
10:19:36 | INFO |     step 142200  loss=5.9127  grp_sp=0.350  n_imp=19740  n_red=17268
10:21:02 | INFO |     step 142400  loss=5.9137  grp_sp=0.350  n_imp=19740  n_red=17268
10:22:28 | INFO |     step 142600  loss=5.9144  grp_sp=0.350  n_imp=19740  n_red=17268
10:23:54 | INFO |     step 142800  loss=5.9153  grp_sp=0.350  n_imp=19740  n_red=17268
10:25:21 | INFO |     step 143000  loss=5.9160  grp_sp=0.350  n_imp=19740  n_red=17268
10:26:48 | INFO |     step 143200  loss=5.9167  grp_sp=0.350  n_imp=19740  n_red=17268
10:28:14 | INFO |     step 143400  loss=5.9173  grp_sp=0.350  n_imp=19740  n_red=17268
10:29:41 | INFO |     step 143600  loss=5.9179  grp_sp=0.350  n_imp=19740  n_red=17268
10:31:08 | INFO |     step 143800  loss=5.9183  grp_sp=0.350  n_imp=19740  n_red=17268
10:32:35 | INFO |     step 144000  loss=5.9188  grp_sp=0.350  n_imp=19740  n_red=17268
10:34:02 | INFO |     step 144200  loss=5.9191  grp_sp=0.350  n_imp=19740  n_red=17268
10:35:28 | INFO |     step 144400  loss=5.9198  grp_sp=0.350  n_imp=19740  n_red=17268
10:36:55 | INFO |     step 144600  loss=5.9203  grp_sp=0.350  n_imp=19740  n_red=17268
10:38:22 | INFO |     step 144800  loss=5.9209  grp_sp=0.350  n_imp=19740  n_red=17268
10:39:48 | INFO |     step 145000  loss=5.9214  grp_sp=0.350  n_imp=19740  n_red=17268
10:41:13 | INFO |     step 145200  loss=5.9219  grp_sp=0.350  n_imp=19740  n_red=17268
10:42:39 | INFO |     step 145400  loss=5.9224  grp_sp=0.350  n_imp=19740  n_red=17268
10:44:06 | INFO |     step 145600  loss=5.9229  grp_sp=0.350  n_imp=19740  n_red=17268
10:45:32 | INFO |     step 145800  loss=5.9233  grp_sp=0.350  n_imp=19740  n_red=17268
10:46:59 | INFO |     step 146000  loss=5.9237  grp_sp=0.350  n_imp=19740  n_red=17268
10:48:27 | INFO |     step 146200  loss=5.9242  grp_sp=0.350  n_imp=19740  n_red=17268
10:49:54 | INFO |     step 146400  loss=5.9246  grp_sp=0.350  n_imp=19740  n_red=17268
10:51:22 | INFO |     step 146600  loss=5.9250  grp_sp=0.350  n_imp=19740  n_red=17268
10:52:49 | INFO |     step 146800  loss=5.9253  grp_sp=0.350  n_imp=19740  n_red=17268
10:54:16 | INFO |     step 147000  loss=5.9257  grp_sp=0.350  n_imp=19740  n_red=17268
10:55:43 | INFO |     step 147200  loss=5.9261  grp_sp=0.350  n_imp=19740  n_red=17268
10:57:10 | INFO |     step 147400  loss=5.9264  grp_sp=0.350  n_imp=19740  n_red=17268
10:58:37 | INFO |     step 147600  loss=5.9267  grp_sp=0.350  n_imp=19740  n_red=17268
11:00:04 | INFO |     step 147800  loss=5.9271  grp_sp=0.350  n_imp=19740  n_red=17268
11:01:31 | INFO |     step 148000  loss=5.9274  grp_sp=0.350  n_imp=19740  n_red=17268
11:02:58 | INFO |     step 148200  loss=5.9277  grp_sp=0.350  n_imp=19740  n_red=17268
11:04:26 | INFO |     step 148400  loss=5.9280  grp_sp=0.350  n_imp=19740  n_red=17268
11:05:53 | INFO |     step 148600  loss=5.9283  grp_sp=0.350  n_imp=19740  n_red=17268
11:07:20 | INFO |     step 148800  loss=5.9285  grp_sp=0.350  n_imp=19740  n_red=17268
11:08:47 | INFO |     step 149000  loss=5.9288  grp_sp=0.350  n_imp=19740  n_red=17268
11:10:15 | INFO |     step 149200  loss=5.9289  grp_sp=0.350  n_imp=19740  n_red=17268
11:11:41 | INFO |     step 149400  loss=5.9292  grp_sp=0.350  n_imp=19740  n_red=17268
11:13:07 | INFO |     step 149600  loss=5.9294  grp_sp=0.350  n_imp=19740  n_red=17268
11:14:33 | INFO |     step 149800  loss=5.9296  grp_sp=0.350  n_imp=19740  n_red=17268
11:16:01 | INFO |     step 150000  loss=5.9299  grp_sp=0.350  n_imp=19740  n_red=17268
11:17:30 | INFO |     step 150200  loss=5.9301  grp_sp=0.350  n_imp=19740  n_red=17268
11:18:59 | INFO |     step 150400  loss=5.9303  grp_sp=0.350  n_imp=19740  n_red=17268
11:20:27 | INFO |     step 150600  loss=5.9305  grp_sp=0.350  n_imp=19740  n_red=17268
11:21:54 | INFO |     step 150800  loss=5.9305  grp_sp=0.350  n_imp=19740  n_red=17268
11:23:21 | INFO |     step 151000  loss=5.9305  grp_sp=0.350  n_imp=19740  n_red=17268
11:24:49 | INFO |     step 151200  loss=5.9307  grp_sp=0.350  n_imp=19740  n_red=17268
11:26:16 | INFO |     step 151400  loss=5.9310  grp_sp=0.350  n_imp=19740  n_red=17268
11:27:44 | INFO |     step 151600  loss=5.9312  grp_sp=0.350  n_imp=19740  n_red=17268
11:29:11 | INFO |     step 151800  loss=5.9314  grp_sp=0.350  n_imp=19740  n_red=17268
11:30:39 | INFO |     step 152000  loss=5.9316  grp_sp=0.350  n_imp=19740  n_red=17268
11:32:08 | INFO |     step 152200  loss=5.9318  grp_sp=0.350  n_imp=19740  n_red=17268
11:33:37 | INFO |     step 152400  loss=5.9320  grp_sp=0.350  n_imp=19740  n_red=17268
11:35:06 | INFO |     step 152600  loss=5.9322  grp_sp=0.350  n_imp=19740  n_red=17268
11:36:34 | INFO |     step 152800  loss=5.9324  grp_sp=0.350  n_imp=19740  n_red=17268
11:38:02 | INFO |     step 153000  loss=5.9326  grp_sp=0.350  n_imp=19740  n_red=17268
11:39:30 | INFO |     step 153200  loss=5.9328  grp_sp=0.350  n_imp=19740  n_red=17268
11:40:57 | INFO |     step 153400  loss=5.9330  grp_sp=0.350  n_imp=19740  n_red=17268
11:42:25 | INFO |     step 153600  loss=5.9332  grp_sp=0.350  n_imp=19740  n_red=17268
11:43:53 | INFO |     step 153800  loss=5.9333  grp_sp=0.350  n_imp=19740  n_red=17268
11:45:21 | INFO |     step 154000  loss=5.9335  grp_sp=0.350  n_imp=19740  n_red=17268
11:46:49 | INFO |     step 154200  loss=5.9337  grp_sp=0.350  n_imp=19740  n_red=17268
11:48:18 | INFO |     step 154400  loss=5.9338  grp_sp=0.350  n_imp=19740  n_red=17268
11:49:46 | INFO |     step 154600  loss=5.9340  grp_sp=0.350  n_imp=19740  n_red=17268
11:51:14 | INFO |     step 154800  loss=5.9341  grp_sp=0.350  n_imp=19740  n_red=17268
11:54:28 | INFO | [EPOCH 7/10] loss=5.9342  grp_sp=0.350  EM=0.35  F1=2.08  elapsed=1114.3min
11:55:04 | INFO |     step 155000  loss=5.9452  grp_sp=0.350  n_imp=19740  n_red=17268
11:56:33 | INFO |     step 155200  loss=5.9463  grp_sp=0.350  n_imp=19740  n_red=17268
11:58:01 | INFO |     step 155400  loss=5.9439  grp_sp=0.350  n_imp=19740  n_red=17268
11:59:30 | INFO |     step 155600  loss=5.9380  grp_sp=0.350  n_imp=19740  n_red=17268
12:00:58 | INFO |     step 155800  loss=5.9190  grp_sp=0.350  n_imp=19740  n_red=17268
12:02:27 | INFO |     step 156000  loss=5.9157  grp_sp=0.350  n_imp=19740  n_red=17268
12:03:54 | INFO |     step 156200  loss=5.9202  grp_sp=0.350  n_imp=19740  n_red=17268
12:05:21 | INFO |     step 156400  loss=5.9246  grp_sp=0.350  n_imp=19740  n_red=17268
12:06:51 | INFO |     step 156600  loss=5.9281  grp_sp=0.350  n_imp=19740  n_red=17268
12:08:20 | INFO |     step 156800  loss=5.9306  grp_sp=0.350  n_imp=19740  n_red=17268
12:09:49 | INFO |     step 157000  loss=5.9329  grp_sp=0.350  n_imp=19740  n_red=17268
12:11:18 | INFO |     step 157200  loss=5.9346  grp_sp=0.350  n_imp=19740  n_red=17268
12:12:47 | INFO |     step 157400  loss=5.9359  grp_sp=0.350  n_imp=19740  n_red=17268
12:14:16 | INFO |     step 157600  loss=5.9372  grp_sp=0.350  n_imp=19740  n_red=17268
12:15:45 | INFO |     step 157800  loss=5.9379  grp_sp=0.350  n_imp=19740  n_red=17268
12:17:14 | INFO |     step 158000  loss=5.9389  grp_sp=0.350  n_imp=19740  n_red=17268
12:18:42 | INFO |     step 158200  loss=5.9398  grp_sp=0.350  n_imp=19740  n_red=17268
12:20:10 | INFO |     step 158400  loss=5.9404  grp_sp=0.350  n_imp=19740  n_red=17268
12:21:39 | INFO |     step 158600  loss=5.9410  grp_sp=0.350  n_imp=19740  n_red=17268
12:23:08 | INFO |     step 158800  loss=5.9414  grp_sp=0.350  n_imp=19740  n_red=17268
12:24:37 | INFO |     step 159000  loss=5.9419  grp_sp=0.350  n_imp=19740  n_red=17268
12:26:05 | INFO |     step 159200  loss=5.9425  grp_sp=0.350  n_imp=19740  n_red=17268
12:27:34 | INFO |     step 159400  loss=5.9428  grp_sp=0.350  n_imp=19740  n_red=17268
12:29:02 | INFO |     step 159600  loss=5.9432  grp_sp=0.350  n_imp=19740  n_red=17268
12:30:31 | INFO |     step 159800  loss=5.9436  grp_sp=0.350  n_imp=19740  n_red=17268
12:32:00 | INFO |     step 160000  loss=5.9439  grp_sp=0.467  n_imp=15423  n_red=21585
12:33:29 | INFO |     step 160200  loss=5.9442  grp_sp=0.467  n_imp=15423  n_red=21585
12:34:58 | INFO |     step 160400  loss=5.9444  grp_sp=0.467  n_imp=15423  n_red=21585
12:36:28 | INFO |     step 160600  loss=5.9446  grp_sp=0.467  n_imp=15423  n_red=21585
12:37:56 | INFO |     step 160800  loss=5.9448  grp_sp=0.467  n_imp=15423  n_red=21585
12:39:25 | INFO |     step 161000  loss=5.9451  grp_sp=0.467  n_imp=15423  n_red=21585
12:40:54 | INFO |     step 161200  loss=5.9454  grp_sp=0.467  n_imp=15423  n_red=21585
12:42:24 | INFO |     step 161400  loss=5.9456  grp_sp=0.467  n_imp=15423  n_red=21585
12:43:53 | INFO |     step 161600  loss=5.9458  grp_sp=0.467  n_imp=15423  n_red=21585
12:45:22 | INFO |     step 161800  loss=5.9459  grp_sp=0.467  n_imp=15423  n_red=21585
12:46:51 | INFO |     step 162000  loss=5.9461  grp_sp=0.467  n_imp=15423  n_red=21585
12:48:20 | INFO |     step 162200  loss=5.9462  grp_sp=0.467  n_imp=15423  n_red=21585
12:49:49 | INFO |     step 162400  loss=5.9463  grp_sp=0.467  n_imp=15423  n_red=21585
12:51:18 | INFO |     step 162600  loss=5.9465  grp_sp=0.467  n_imp=15423  n_red=21585
12:52:48 | INFO |     step 162800  loss=5.9466  grp_sp=0.467  n_imp=15423  n_red=21585
12:54:17 | INFO |     step 163000  loss=5.9467  grp_sp=0.467  n_imp=15423  n_red=21585
12:55:46 | INFO |     step 163200  loss=5.9468  grp_sp=0.467  n_imp=15423  n_red=21585
12:57:15 | INFO |     step 163400  loss=5.9468  grp_sp=0.467  n_imp=15423  n_red=21585
12:58:44 | INFO |     step 163600  loss=5.9470  grp_sp=0.467  n_imp=15423  n_red=21585
13:00:13 | INFO |     step 163800  loss=5.9470  grp_sp=0.467  n_imp=15423  n_red=21585
13:01:42 | INFO |     step 164000  loss=5.9471  grp_sp=0.467  n_imp=15423  n_red=21585
13:03:11 | INFO |     step 164200  loss=5.9472  grp_sp=0.467  n_imp=15423  n_red=21585
13:04:40 | INFO |     step 164400  loss=5.9473  grp_sp=0.467  n_imp=15423  n_red=21585
13:06:09 | INFO |     step 164600  loss=5.9473  grp_sp=0.467  n_imp=15423  n_red=21585
13:07:38 | INFO |     step 164800  loss=5.9474  grp_sp=0.467  n_imp=15423  n_red=21585
13:09:07 | INFO |     step 165000  loss=5.9475  grp_sp=0.467  n_imp=15423  n_red=21585
13:10:36 | INFO |     step 165200  loss=5.9475  grp_sp=0.467  n_imp=15423  n_red=21585
13:12:06 | INFO |     step 165400  loss=5.9476  grp_sp=0.467  n_imp=15423  n_red=21585
13:13:34 | INFO |     step 165600  loss=5.9477  grp_sp=0.467  n_imp=15423  n_red=21585
13:15:03 | INFO |     step 165800  loss=5.9477  grp_sp=0.467  n_imp=15423  n_red=21585
13:16:32 | INFO |     step 166000  loss=5.9478  grp_sp=0.467  n_imp=15423  n_red=21585
13:18:00 | INFO |     step 166200  loss=5.9479  grp_sp=0.467  n_imp=15423  n_red=21585
13:19:29 | INFO |     step 166400  loss=5.9479  grp_sp=0.467  n_imp=15423  n_red=21585
13:20:58 | INFO |     step 166600  loss=5.9480  grp_sp=0.467  n_imp=15423  n_red=21585
13:22:27 | INFO |     step 166800  loss=5.9480  grp_sp=0.467  n_imp=15423  n_red=21585
13:23:55 | INFO |     step 167000  loss=5.9481  grp_sp=0.467  n_imp=15423  n_red=21585
13:25:24 | INFO |     step 167200  loss=5.9481  grp_sp=0.467  n_imp=15423  n_red=21585
13:26:53 | INFO |     step 167400  loss=5.9482  grp_sp=0.467  n_imp=15423  n_red=21585
13:28:21 | INFO |     step 167600  loss=5.9483  grp_sp=0.467  n_imp=15423  n_red=21585
13:29:49 | INFO |     step 167800  loss=5.9483  grp_sp=0.467  n_imp=15423  n_red=21585
13:31:18 | INFO |     step 168000  loss=5.9484  grp_sp=0.467  n_imp=15423  n_red=21585
13:32:46 | INFO |     step 168200  loss=5.9484  grp_sp=0.467  n_imp=15423  n_red=21585
13:34:15 | INFO |     step 168400  loss=5.9484  grp_sp=0.467  n_imp=15423  n_red=21585
13:35:43 | INFO |     step 168600  loss=5.9485  grp_sp=0.467  n_imp=15423  n_red=21585
13:37:12 | INFO |     step 168800  loss=5.9485  grp_sp=0.467  n_imp=15423  n_red=21585
13:38:40 | INFO |     step 169000  loss=5.9486  grp_sp=0.467  n_imp=15423  n_red=21585
13:40:09 | INFO |     step 169200  loss=5.9486  grp_sp=0.467  n_imp=15423  n_red=21585
13:41:38 | INFO |     step 169400  loss=5.9486  grp_sp=0.467  n_imp=15423  n_red=21585
13:43:07 | INFO |     step 169600  loss=5.9487  grp_sp=0.467  n_imp=15423  n_red=21585
13:44:36 | INFO |     step 169800  loss=5.9487  grp_sp=0.467  n_imp=15423  n_red=21585
13:46:05 | INFO |     step 170000  loss=5.9487  grp_sp=0.467  n_imp=15423  n_red=21585
13:47:33 | INFO |     step 170200  loss=5.9488  grp_sp=0.467  n_imp=15423  n_red=21585
13:49:02 | INFO |     step 170400  loss=5.9488  grp_sp=0.467  n_imp=15423  n_red=21585
13:50:30 | INFO |     step 170600  loss=5.9488  grp_sp=0.467  n_imp=15423  n_red=21585
13:51:58 | INFO |     step 170800  loss=5.9488  grp_sp=0.467  n_imp=15423  n_red=21585
13:53:26 | INFO |     step 171000  loss=5.9488  grp_sp=0.467  n_imp=15423  n_red=21585
13:54:54 | INFO |     step 171200  loss=5.9489  grp_sp=0.467  n_imp=15423  n_red=21585
13:56:23 | INFO |     step 171400  loss=5.9489  grp_sp=0.467  n_imp=15423  n_red=21585
13:57:52 | INFO |     step 171600  loss=5.9489  grp_sp=0.467  n_imp=15423  n_red=21585
13:59:21 | INFO |     step 171800  loss=5.9489  grp_sp=0.467  n_imp=15423  n_red=21585
14:00:50 | INFO |     step 172000  loss=5.9490  grp_sp=0.467  n_imp=15423  n_red=21585
14:02:20 | INFO |     step 172200  loss=5.9490  grp_sp=0.467  n_imp=15423  n_red=21585
14:03:48 | INFO |     step 172400  loss=5.9490  grp_sp=0.467  n_imp=15423  n_red=21585
14:05:16 | INFO |     step 172600  loss=5.9490  grp_sp=0.467  n_imp=15423  n_red=21585
14:06:45 | INFO |     step 172800  loss=5.9490  grp_sp=0.467  n_imp=15423  n_red=21585
14:08:13 | INFO |     step 173000  loss=5.9490  grp_sp=0.467  n_imp=15423  n_red=21585
14:09:42 | INFO |     step 173200  loss=5.9490  grp_sp=0.467  n_imp=15423  n_red=21585
14:11:10 | INFO |     step 173400  loss=5.9490  grp_sp=0.467  n_imp=15423  n_red=21585
14:12:39 | INFO |     step 173600  loss=5.9491  grp_sp=0.467  n_imp=15423  n_red=21585
14:14:08 | INFO |     step 173800  loss=5.9491  grp_sp=0.467  n_imp=15423  n_red=21585
14:15:37 | INFO |     step 174000  loss=5.9491  grp_sp=0.467  n_imp=15423  n_red=21585
14:17:06 | INFO |     step 174200  loss=5.9491  grp_sp=0.467  n_imp=15423  n_red=21585
14:18:35 | INFO |     step 174400  loss=5.9491  grp_sp=0.467  n_imp=15423  n_red=21585
14:20:03 | INFO |     step 174600  loss=5.9491  grp_sp=0.467  n_imp=15423  n_red=21585
14:21:32 | INFO |     step 174800  loss=5.9492  grp_sp=0.467  n_imp=15423  n_red=21585
14:23:00 | INFO |     step 175000  loss=5.9492  grp_sp=0.467  n_imp=15423  n_red=21585
14:24:29 | INFO |     step 175200  loss=5.9492  grp_sp=0.467  n_imp=15423  n_red=21585
14:25:57 | INFO |     step 175400  loss=5.9492  grp_sp=0.467  n_imp=15423  n_red=21585
14:27:25 | INFO |     step 175600  loss=5.9492  grp_sp=0.467  n_imp=15423  n_red=21585
14:28:54 | INFO |     step 175800  loss=5.9492  grp_sp=0.467  n_imp=15423  n_red=21585
14:30:22 | INFO |     step 176000  loss=5.9493  grp_sp=0.467  n_imp=15423  n_red=21585
14:31:51 | INFO |     step 176200  loss=5.9493  grp_sp=0.467  n_imp=15423  n_red=21585
14:33:19 | INFO |     step 176400  loss=5.9493  grp_sp=0.467  n_imp=15423  n_red=21585
14:34:48 | INFO |     step 176600  loss=5.9493  grp_sp=0.467  n_imp=15423  n_red=21585
14:36:15 | INFO |     step 176800  loss=5.9493  grp_sp=0.467  n_imp=15423  n_red=21585
14:37:43 | INFO |     step 177000  loss=5.9493  grp_sp=0.467  n_imp=15423  n_red=21585
14:40:27 | INFO | [EPOCH 8/10] loss=5.9493  grp_sp=0.467  EM=0.18  F1=5.19  elapsed=1280.3min
14:41:33 | INFO |     step 177200  loss=5.9499  grp_sp=0.467  n_imp=15423  n_red=21585
14:43:01 | INFO |     step 177400  loss=5.9505  grp_sp=0.467  n_imp=15423  n_red=21585
14:44:29 | INFO |     step 177600  loss=5.9506  grp_sp=0.467  n_imp=15423  n_red=21585
14:45:57 | INFO |     step 177800  loss=5.9508  grp_sp=0.467  n_imp=15423  n_red=21585
14:47:25 | INFO |     step 178000  loss=5.9508  grp_sp=0.467  n_imp=15423  n_red=21585
14:48:52 | INFO |     step 178200  loss=5.9509  grp_sp=0.467  n_imp=15423  n_red=21585
14:50:20 | INFO |     step 178400  loss=5.9509  grp_sp=0.467  n_imp=15423  n_red=21585
14:51:48 | INFO |     step 178600  loss=5.9508  grp_sp=0.467  n_imp=15423  n_red=21585
14:53:16 | INFO |     step 178800  loss=5.9508  grp_sp=0.467  n_imp=15423  n_red=21585
14:54:43 | INFO |     step 179000  loss=5.9507  grp_sp=0.467  n_imp=15423  n_red=21585
14:56:11 | INFO |     step 179200  loss=5.9507  grp_sp=0.467  n_imp=15423  n_red=21585
14:57:39 | INFO |     step 179400  loss=5.9508  grp_sp=0.467  n_imp=15423  n_red=21585
14:59:07 | INFO |     step 179600  loss=5.9508  grp_sp=0.467  n_imp=15423  n_red=21585
15:00:35 | INFO |     step 179800  loss=5.9508  grp_sp=0.467  n_imp=15423  n_red=21585
15:02:03 | INFO |     step 180000  loss=5.9509  grp_sp=0.467  n_imp=15423  n_red=21585
15:03:31 | INFO |     step 180200  loss=5.9508  grp_sp=0.467  n_imp=15423  n_red=21585
15:04:58 | INFO |     step 180400  loss=5.9508  grp_sp=0.467  n_imp=15423  n_red=21585
15:06:26 | INFO |     step 180600  loss=5.9508  grp_sp=0.467  n_imp=15423  n_red=21585
15:07:54 | INFO |     step 180800  loss=5.9508  grp_sp=0.467  n_imp=15423  n_red=21585
15:09:22 | INFO |     step 181000  loss=5.9508  grp_sp=0.467  n_imp=15423  n_red=21585
15:10:50 | INFO |     step 181200  loss=5.9508  grp_sp=0.467  n_imp=15423  n_red=21585
15:12:17 | INFO |     step 181400  loss=5.9508  grp_sp=0.467  n_imp=15423  n_red=21585
15:13:45 | INFO |     step 181600  loss=5.9508  grp_sp=0.467  n_imp=15423  n_red=21585
15:15:13 | INFO |     step 181800  loss=5.9508  grp_sp=0.467  n_imp=15423  n_red=21585
15:16:41 | INFO |     step 182000  loss=5.9508  grp_sp=0.467  n_imp=15423  n_red=21585
15:18:09 | INFO |     step 182200  loss=5.9508  grp_sp=0.467  n_imp=15423  n_red=21585
15:19:38 | INFO |     step 182400  loss=5.9508  grp_sp=0.467  n_imp=15423  n_red=21585
15:21:06 | INFO |     step 182600  loss=5.9509  grp_sp=0.467  n_imp=15423  n_red=21585
15:22:34 | INFO |     step 182800  loss=5.9509  grp_sp=0.467  n_imp=15423  n_red=21585
15:24:02 | INFO |     step 183000  loss=5.9509  grp_sp=0.467  n_imp=15423  n_red=21585
15:25:32 | INFO |     step 183200  loss=5.9509  grp_sp=0.467  n_imp=15423  n_red=21585
15:27:00 | INFO |     step 183400  loss=5.9509  grp_sp=0.467  n_imp=15423  n_red=21585
15:28:29 | INFO |     step 183600  loss=5.9509  grp_sp=0.467  n_imp=15423  n_red=21585
15:29:58 | INFO |     step 183800  loss=5.9509  grp_sp=0.467  n_imp=15423  n_red=21585
15:31:26 | INFO |     step 184000  loss=5.9509  grp_sp=0.467  n_imp=15423  n_red=21585
15:32:55 | INFO |     step 184200  loss=5.9508  grp_sp=0.467  n_imp=15423  n_red=21585
15:34:23 | INFO |     step 184400  loss=5.9508  grp_sp=0.467  n_imp=15423  n_red=21585
15:35:51 | INFO |     step 184600  loss=5.9508  grp_sp=0.467  n_imp=15423  n_red=21585
15:37:21 | INFO |     step 184800  loss=5.9509  grp_sp=0.467  n_imp=15423  n_red=21585
15:38:49 | INFO |     step 185000  loss=5.9509  grp_sp=0.467  n_imp=15423  n_red=21585
15:40:17 | INFO |     step 185200  loss=5.9509  grp_sp=0.467  n_imp=15423  n_red=21585
15:41:46 | INFO |     step 185400  loss=5.9509  grp_sp=0.467  n_imp=15423  n_red=21585
15:43:14 | INFO |     step 185600  loss=5.9509  grp_sp=0.467  n_imp=15423  n_red=21585
15:44:42 | INFO |     step 185800  loss=5.9509  grp_sp=0.467  n_imp=15423  n_red=21585
15:46:11 | INFO |     step 186000  loss=5.9509  grp_sp=0.467  n_imp=15423  n_red=21585
15:47:40 | INFO |     step 186200  loss=5.9508  grp_sp=0.467  n_imp=15423  n_red=21585
15:49:08 | INFO |     step 186400  loss=5.9509  grp_sp=0.467  n_imp=15423  n_red=21585
15:50:36 | INFO |     step 186600  loss=5.9508  grp_sp=0.467  n_imp=15423  n_red=21585
15:52:05 | INFO |     step 186800  loss=5.9508  grp_sp=0.467  n_imp=15423  n_red=21585
15:53:32 | INFO |     step 187000  loss=5.9508  grp_sp=0.467  n_imp=15423  n_red=21585
15:55:00 | INFO |     step 187200  loss=5.9508  grp_sp=0.467  n_imp=15423  n_red=21585
15:56:30 | INFO |     step 187400  loss=5.9508  grp_sp=0.467  n_imp=15423  n_red=21585
15:57:58 | INFO |     step 187600  loss=5.9508  grp_sp=0.467  n_imp=15423  n_red=21585
15:59:25 | INFO |     step 187800  loss=5.9508  grp_sp=0.467  n_imp=15423  n_red=21585
16:00:52 | INFO |     step 188000  loss=5.9508  grp_sp=0.467  n_imp=15423  n_red=21585
16:02:20 | INFO |     step 188200  loss=5.9508  grp_sp=0.467  n_imp=15423  n_red=21585
16:03:48 | INFO |     step 188400  loss=5.9508  grp_sp=0.467  n_imp=15423  n_red=21585
16:05:15 | INFO |     step 188600  loss=5.9508  grp_sp=0.467  n_imp=15423  n_red=21585
16:06:42 | INFO |     step 188800  loss=5.9508  grp_sp=0.467  n_imp=15423  n_red=21585
16:08:08 | INFO |     step 189000  loss=5.9508  grp_sp=0.467  n_imp=15423  n_red=21585
16:09:34 | INFO |     step 189200  loss=5.9508  grp_sp=0.467  n_imp=15423  n_red=21585
16:11:03 | INFO |     step 189400  loss=5.9508  grp_sp=0.467  n_imp=15423  n_red=21585
16:12:31 | INFO |     step 189600  loss=5.9508  grp_sp=0.467  n_imp=15423  n_red=21585
16:14:00 | INFO |     step 189800  loss=5.9508  grp_sp=0.467  n_imp=15423  n_red=21585
16:15:26 | INFO |     step 190000  loss=5.9508  grp_sp=0.467  n_imp=15423  n_red=21585
16:16:52 | INFO |     step 190200  loss=5.9508  grp_sp=0.467  n_imp=15423  n_red=21585
16:18:18 | INFO |     step 190400  loss=5.9508  grp_sp=0.467  n_imp=15423  n_red=21585
16:19:46 | INFO |     step 190600  loss=5.9508  grp_sp=0.583  n_imp=11103  n_red=25905
16:21:16 | INFO |     step 190800  loss=5.9508  grp_sp=0.583  n_imp=11103  n_red=25905
16:22:46 | INFO |     step 191000  loss=5.9508  grp_sp=0.583  n_imp=11103  n_red=25905
16:24:15 | INFO |     step 191200  loss=5.9508  grp_sp=0.583  n_imp=11103  n_red=25905
16:25:44 | INFO |     step 191400  loss=5.9508  grp_sp=0.583  n_imp=11103  n_red=25905
16:27:13 | INFO |     step 191600  loss=5.9508  grp_sp=0.583  n_imp=11103  n_red=25905
16:28:43 | INFO |     step 191800  loss=5.9508  grp_sp=0.583  n_imp=11103  n_red=25905
16:30:13 | INFO |     step 192000  loss=5.9508  grp_sp=0.583  n_imp=11103  n_red=25905
16:31:43 | INFO |     step 192200  loss=5.9508  grp_sp=0.583  n_imp=11103  n_red=25905
16:33:13 | INFO |     step 192400  loss=5.9508  grp_sp=0.583  n_imp=11103  n_red=25905
16:34:42 | INFO |     step 192600  loss=5.9508  grp_sp=0.583  n_imp=11103  n_red=25905
16:36:13 | INFO |     step 192800  loss=5.9508  grp_sp=0.583  n_imp=11103  n_red=25905
16:37:42 | INFO |     step 193000  loss=5.9508  grp_sp=0.583  n_imp=11103  n_red=25905
16:39:12 | INFO |     step 193200  loss=5.9508  grp_sp=0.583  n_imp=11103  n_red=25905
16:40:41 | INFO |     step 193400  loss=5.9508  grp_sp=0.583  n_imp=11103  n_red=25905
16:42:11 | INFO |     step 193600  loss=5.9508  grp_sp=0.583  n_imp=11103  n_red=25905
16:43:40 | INFO |     step 193800  loss=5.9508  grp_sp=0.583  n_imp=11103  n_red=25905
16:45:09 | INFO |     step 194000  loss=5.9508  grp_sp=0.583  n_imp=11103  n_red=25905
16:46:38 | INFO |     step 194200  loss=5.9508  grp_sp=0.583  n_imp=11103  n_red=25905
16:48:07 | INFO |     step 194400  loss=5.9508  grp_sp=0.583  n_imp=11103  n_red=25905
16:49:37 | INFO |     step 194600  loss=5.9508  grp_sp=0.583  n_imp=11103  n_red=25905
16:51:06 | INFO |     step 194800  loss=5.9508  grp_sp=0.583  n_imp=11103  n_red=25905
16:52:36 | INFO |     step 195000  loss=5.9508  grp_sp=0.583  n_imp=11103  n_red=25905
16:54:05 | INFO |     step 195200  loss=5.9508  grp_sp=0.583  n_imp=11103  n_red=25905
16:55:35 | INFO |     step 195400  loss=5.9508  grp_sp=0.583  n_imp=11103  n_red=25905
16:57:03 | INFO |     step 195600  loss=5.9508  grp_sp=0.583  n_imp=11103  n_red=25905
16:58:32 | INFO |     step 195800  loss=5.9508  grp_sp=0.583  n_imp=11103  n_red=25905
17:00:02 | INFO |     step 196000  loss=5.9508  grp_sp=0.583  n_imp=11103  n_red=25905
17:01:31 | INFO |     step 196200  loss=5.9508  grp_sp=0.583  n_imp=11103  n_red=25905
17:03:02 | INFO |     step 196400  loss=5.9508  grp_sp=0.583  n_imp=11103  n_red=25905
17:04:31 | INFO |     step 196600  loss=5.9508  grp_sp=0.583  n_imp=11103  n_red=25905
17:06:00 | INFO |     step 196800  loss=5.9508  grp_sp=0.583  n_imp=11103  n_red=25905
17:07:30 | INFO |     step 197000  loss=5.9508  grp_sp=0.583  n_imp=11103  n_red=25905
17:09:00 | INFO |     step 197200  loss=5.9508  grp_sp=0.583  n_imp=11103  n_red=25905
17:10:31 | INFO |     step 197400  loss=5.9508  grp_sp=0.583  n_imp=11103  n_red=25905
17:12:01 | INFO |     step 197600  loss=5.9508  grp_sp=0.583  n_imp=11103  n_red=25905
17:13:30 | INFO |     step 197800  loss=5.9508  grp_sp=0.583  n_imp=11103  n_red=25905
17:15:00 | INFO |     step 198000  loss=5.9508  grp_sp=0.583  n_imp=11103  n_red=25905
17:16:30 | INFO |     step 198200  loss=5.9508  grp_sp=0.583  n_imp=11103  n_red=25905
17:18:01 | INFO |     step 198400  loss=5.9508  grp_sp=0.583  n_imp=11103  n_red=25905
17:19:32 | INFO |     step 198600  loss=5.9508  grp_sp=0.583  n_imp=11103  n_red=25905
17:21:02 | INFO |     step 198800  loss=5.9508  grp_sp=0.583  n_imp=11103  n_red=25905
17:22:33 | INFO |     step 199000  loss=5.9508  grp_sp=0.583  n_imp=11103  n_red=25905
17:26:17 | INFO | [EPOCH 9/10] loss=5.9508  grp_sp=0.583  EM=0.26  F1=1.80  elapsed=1446.1min
17:26:27 | INFO |     step 199200  loss=5.9501  grp_sp=0.583  n_imp=11103  n_red=25905
17:27:56 | INFO |     step 199400  loss=5.9503  grp_sp=0.583  n_imp=11103  n_red=25905
17:29:26 | INFO |     step 199600  loss=5.9505  grp_sp=0.583  n_imp=11103  n_red=25905
17:30:56 | INFO |     step 199800  loss=5.9507  grp_sp=0.583  n_imp=11103  n_red=25905
17:32:25 | INFO |     step 200000  loss=5.9505  grp_sp=0.583  n_imp=11103  n_red=25905
17:33:54 | INFO |     step 200200  loss=5.9506  grp_sp=0.583  n_imp=11103  n_red=25905
17:35:24 | INFO |     step 200400  loss=5.9506  grp_sp=0.583  n_imp=11103  n_red=25905
17:36:55 | INFO |     step 200600  loss=5.9506  grp_sp=0.583  n_imp=11103  n_red=25905
17:38:25 | INFO |     step 200800  loss=5.9507  grp_sp=0.583  n_imp=11103  n_red=25905
17:39:54 | INFO |     step 201000  loss=5.9507  grp_sp=0.583  n_imp=11103  n_red=25905
17:41:24 | INFO |     step 201200  loss=5.9507  grp_sp=0.583  n_imp=11103  n_red=25905
17:42:54 | INFO |     step 201400  loss=5.9507  grp_sp=0.583  n_imp=11103  n_red=25905
17:44:23 | INFO |     step 201600  loss=5.9507  grp_sp=0.583  n_imp=11103  n_red=25905
17:45:53 | INFO |     step 201800  loss=5.9507  grp_sp=0.583  n_imp=11103  n_red=25905
17:47:23 | INFO |     step 202000  loss=5.9507  grp_sp=0.583  n_imp=11103  n_red=25905
17:48:51 | INFO |     step 202200  loss=5.9507  grp_sp=0.583  n_imp=11103  n_red=25905
17:50:21 | INFO |     step 202400  loss=5.9507  grp_sp=0.583  n_imp=11103  n_red=25905
17:51:49 | INFO |     step 202600  loss=5.9507  grp_sp=0.583  n_imp=11103  n_red=25905
17:53:17 | INFO |     step 202800  loss=5.9507  grp_sp=0.583  n_imp=11103  n_red=25905
17:54:45 | INFO |     step 203000  loss=5.9507  grp_sp=0.583  n_imp=11103  n_red=25905
17:56:15 | INFO |     step 203200  loss=5.9507  grp_sp=0.583  n_imp=11103  n_red=25905
17:57:45 | INFO |     step 203400  loss=5.9507  grp_sp=0.583  n_imp=11103  n_red=25905
17:59:15 | INFO |     step 203600  loss=5.9507  grp_sp=0.583  n_imp=11103  n_red=25905
18:00:44 | INFO |     step 203800  loss=5.9507  grp_sp=0.583  n_imp=11103  n_red=25905
18:02:13 | INFO |     step 204000  loss=5.9507  grp_sp=0.583  n_imp=11103  n_red=25905
18:03:42 | INFO |     step 204200  loss=5.9507  grp_sp=0.583  n_imp=11103  n_red=25905
18:05:11 | INFO |     step 204400  loss=5.9507  grp_sp=0.583  n_imp=11103  n_red=25905
18:06:39 | INFO |     step 204600  loss=5.9507  grp_sp=0.583  n_imp=11103  n_red=25905
18:08:08 | INFO |     step 204800  loss=5.9507  grp_sp=0.583  n_imp=11103  n_red=25905
18:09:36 | INFO |     step 205000  loss=5.9507  grp_sp=0.583  n_imp=11103  n_red=25905
18:11:03 | INFO |     step 205200  loss=5.9507  grp_sp=0.583  n_imp=11103  n_red=25905
18:12:31 | INFO |     step 205400  loss=5.9507  grp_sp=0.583  n_imp=11103  n_red=25905
18:13:59 | INFO |     step 205600  loss=5.9507  grp_sp=0.583  n_imp=11103  n_red=25905
18:15:25 | INFO |     step 205800  loss=5.9507  grp_sp=0.583  n_imp=11103  n_red=25905
18:16:53 | INFO |     step 206000  loss=5.9507  grp_sp=0.583  n_imp=11103  n_red=25905
18:18:22 | INFO |     step 206200  loss=5.9507  grp_sp=0.583  n_imp=11103  n_red=25905
18:19:49 | INFO |     step 206400  loss=5.9507  grp_sp=0.583  n_imp=11103  n_red=25905
18:21:16 | INFO |     step 206600  loss=5.9507  grp_sp=0.583  n_imp=11103  n_red=25905
18:22:44 | INFO |     step 206800  loss=5.9507  grp_sp=0.583  n_imp=11103  n_red=25905
18:24:12 | INFO |     step 207000  loss=5.9507  grp_sp=0.583  n_imp=11103  n_red=25905
18:25:39 | INFO |     step 207200  loss=5.9507  grp_sp=0.583  n_imp=11103  n_red=25905
18:27:06 | INFO |     step 207400  loss=5.9507  grp_sp=0.583  n_imp=11103  n_red=25905
18:28:34 | INFO |     step 207600  loss=5.9507  grp_sp=0.583  n_imp=11103  n_red=25905
18:30:01 | INFO |     step 207800  loss=5.9507  grp_sp=0.583  n_imp=11103  n_red=25905
18:31:29 | INFO |     step 208000  loss=5.9507  grp_sp=0.583  n_imp=11103  n_red=25905
18:32:55 | INFO |     step 208200  loss=5.9507  grp_sp=0.583  n_imp=11103  n_red=25905
18:34:23 | INFO |     step 208400  loss=5.9507  grp_sp=0.583  n_imp=11103  n_red=25905
18:35:50 | INFO |     step 208600  loss=5.9507  grp_sp=0.583  n_imp=11103  n_red=25905
18:37:19 | INFO |     step 208800  loss=5.9507  grp_sp=0.583  n_imp=11103  n_red=25905
18:38:47 | INFO |     step 209000  loss=5.9507  grp_sp=0.583  n_imp=11103  n_red=25905
18:40:15 | INFO |     step 209200  loss=5.9507  grp_sp=0.583  n_imp=11103  n_red=25905
18:41:43 | INFO |     step 209400  loss=5.9507  grp_sp=0.583  n_imp=11103  n_red=25905
18:43:11 | INFO |     step 209600  loss=5.9507  grp_sp=0.583  n_imp=11103  n_red=25905
18:44:40 | INFO |     step 209800  loss=5.9507  grp_sp=0.583  n_imp=11103  n_red=25905
18:46:09 | INFO |     step 210000  loss=5.9507  grp_sp=0.583  n_imp=11103  n_red=25905
18:47:38 | INFO |     step 210200  loss=5.9507  grp_sp=0.583  n_imp=11103  n_red=25905
18:49:07 | INFO |     step 210400  loss=5.9507  grp_sp=0.583  n_imp=11103  n_red=25905
18:50:37 | INFO |     step 210600  loss=5.9507  grp_sp=0.583  n_imp=11103  n_red=25905
18:52:08 | INFO |     step 210800  loss=5.9507  grp_sp=0.583  n_imp=11103  n_red=25905
18:53:38 | INFO |     step 211000  loss=5.9507  grp_sp=0.583  n_imp=11103  n_red=25905
18:55:06 | INFO |     step 211200  loss=5.9507  grp_sp=0.583  n_imp=11103  n_red=25905
18:56:32 | INFO |     step 211400  loss=5.9507  grp_sp=0.583  n_imp=11103  n_red=25905
18:57:57 | INFO |     step 211600  loss=5.9507  grp_sp=0.583  n_imp=11103  n_red=25905
18:59:23 | INFO |     step 211800  loss=5.9507  grp_sp=0.583  n_imp=11103  n_red=25905
19:00:49 | INFO |     step 212000  loss=5.9507  grp_sp=0.583  n_imp=11103  n_red=25905
19:02:14 | INFO |     step 212200  loss=5.9507  grp_sp=0.583  n_imp=11103  n_red=25905
19:03:40 | INFO |     step 212400  loss=5.9507  grp_sp=0.583  n_imp=11103  n_red=25905
19:05:06 | INFO |     step 212600  loss=5.9507  grp_sp=0.583  n_imp=11103  n_red=25905
19:06:32 | INFO |     step 212800  loss=5.9507  grp_sp=0.583  n_imp=11103  n_red=25905
19:07:57 | INFO |     step 213000  loss=5.9507  grp_sp=0.583  n_imp=11103  n_red=25905
19:09:22 | INFO |     step 213200  loss=5.9507  grp_sp=0.583  n_imp=11103  n_red=25905
19:10:47 | INFO |     step 213400  loss=5.9507  grp_sp=0.583  n_imp=11103  n_red=25905
19:12:13 | INFO |     step 213600  loss=5.9507  grp_sp=0.583  n_imp=11103  n_red=25905
19:13:38 | INFO |     step 213800  loss=5.9507  grp_sp=0.583  n_imp=11103  n_red=25905
19:15:04 | INFO |     step 214000  loss=5.9507  grp_sp=0.583  n_imp=11103  n_red=25905
19:16:30 | INFO |     step 214200  loss=5.9507  grp_sp=0.583  n_imp=11103  n_red=25905
19:17:55 | INFO |     step 214400  loss=5.9507  grp_sp=0.583  n_imp=11103  n_red=25905
19:19:21 | INFO |     step 214600  loss=5.9507  grp_sp=0.583  n_imp=11103  n_red=25905
19:20:46 | INFO |     step 214800  loss=5.9507  grp_sp=0.583  n_imp=11103  n_red=25905
19:22:11 | INFO |     step 215000  loss=5.9507  grp_sp=0.583  n_imp=11103  n_red=25905
19:23:36 | INFO |     step 215200  loss=5.9507  grp_sp=0.583  n_imp=11103  n_red=25905
19:25:01 | INFO |     step 215400  loss=5.9507  grp_sp=0.583  n_imp=11103  n_red=25905
19:26:27 | INFO |     step 215600  loss=5.9507  grp_sp=0.583  n_imp=11103  n_red=25905
19:27:53 | INFO |     step 215800  loss=5.9507  grp_sp=0.583  n_imp=11103  n_red=25905
19:29:18 | INFO |     step 216000  loss=5.9507  grp_sp=0.583  n_imp=11103  n_red=25905
19:30:45 | INFO |     step 216200  loss=5.9507  grp_sp=0.583  n_imp=11103  n_red=25905
19:32:11 | INFO |     step 216400  loss=5.9507  grp_sp=0.583  n_imp=11103  n_red=25905
19:33:36 | INFO |     step 216600  loss=5.9507  grp_sp=0.583  n_imp=11103  n_red=25905
19:35:02 | INFO |     step 216800  loss=5.9507  grp_sp=0.583  n_imp=11103  n_red=25905
19:36:30 | INFO |     step 217000  loss=5.9507  grp_sp=0.583  n_imp=11103  n_red=25905
19:37:57 | INFO |     step 217200  loss=5.9507  grp_sp=0.583  n_imp=11103  n_red=25905
19:39:25 | INFO |     step 217400  loss=5.9507  grp_sp=0.583  n_imp=11103  n_red=25905
19:40:56 | INFO |     step 217600  loss=5.9507  grp_sp=0.583  n_imp=11103  n_red=25905
19:42:26 | INFO |     step 217800  loss=5.9507  grp_sp=0.583  n_imp=11103  n_red=25905
19:43:56 | INFO |     step 218000  loss=5.9507  grp_sp=0.583  n_imp=11103  n_red=25905
19:45:26 | INFO |     step 218200  loss=5.9507  grp_sp=0.583  n_imp=11103  n_red=25905
19:46:57 | INFO |     step 218400  loss=5.9507  grp_sp=0.583  n_imp=11103  n_red=25905
19:48:27 | INFO |     step 218600  loss=5.9507  grp_sp=0.583  n_imp=11103  n_red=25905
19:49:59 | INFO |     step 218800  loss=5.9507  grp_sp=0.583  n_imp=11103  n_red=25905
19:51:30 | INFO |     step 219000  loss=5.9507  grp_sp=0.583  n_imp=11103  n_red=25905
19:53:00 | INFO |     step 219200  loss=5.9507  grp_sp=0.583  n_imp=11103  n_red=25905
19:54:31 | INFO |     step 219400  loss=5.9507  grp_sp=0.583  n_imp=11103  n_red=25905
19:56:02 | INFO |     step 219600  loss=5.9507  grp_sp=0.583  n_imp=11103  n_red=25905
19:57:32 | INFO |     step 219800  loss=5.9507  grp_sp=0.583  n_imp=11103  n_red=25905
19:59:02 | INFO |     step 220000  loss=5.9507  grp_sp=0.583  n_imp=11103  n_red=25905
20:00:32 | INFO |     step 220200  loss=5.9507  grp_sp=0.583  n_imp=11103  n_red=25905
20:02:03 | INFO |     step 220400  loss=5.9507  grp_sp=0.583  n_imp=11103  n_red=25905
20:03:34 | INFO |     step 220600  loss=5.9507  grp_sp=0.583  n_imp=11103  n_red=25905
20:05:04 | INFO |     step 220800  loss=5.9507  grp_sp=0.583  n_imp=11103  n_red=25905
20:06:34 | INFO |     step 221000  loss=5.9507  grp_sp=0.583  n_imp=11103  n_red=25905
20:08:04 | INFO |     step 221200  loss=5.9507  grp_sp=0.583  n_imp=11103  n_red=25905
20:11:15 | INFO | [EPOCH 10/10] loss=5.9507  grp_sp=0.700  EM=0.26  F1=1.89  elapsed=1611.1min
20:11:15 | INFO | [TRAIN] done. best F1=48.96 at epoch 1
20:11:15 | INFO | [FINAL] target sparsity=0.7  actual=0.7000
20:11:15 | INFO | [SUBNET] constructing compressed model
20:11:16 | INFO | [SUBNET] full  : ./results/sp70/BertForQuestionAnswering_full_group_sparse.pt
20:11:16 | INFO | [SUBNET] comp  : ./results/sp70/BertForQuestionAnswering_compressed.pt
20:13:10 | INFO | [METRICS] BOPs=515808.3M  params=69.08M
20:13:10 | INFO | [EVAL compressed] EM=0.25  F1=1.87
20:13:10 | INFO | [SAVE] results -> ./results/sp70/
20:13:10 | INFO | 
============================================================
20:13:10 | INFO |   SUMMARY
20:13:10 | INFO | ============================================================
20:13:10 | INFO |     Target    Actual        EM        F1     BOPs(M)   Params(M)
20:13:10 | INFO |        70%    0.7000      0.25      1.87    515808.3       69.08
20:13:10 | INFO | 
[OK] Phase 5 complete. Results in ./results/
