17:56:35 | INFO | [log] ./results/phase5_20260418_175635.log
17:56:35 | INFO | [env] torch=2.5.1+cu121  device=cuda
17:56:35 | INFO | [cfg] sparsity=[0.1]  epochs=10  bs=4  lr=3e-05  lr_quant=0.0001  br=2  P=6  Kp=6  seed=42
17:56:43 | INFO | [DATA] raw train=87599  raw val=10570
17:56:43 | INFO | [DATA] train features=88524  val features=10784
17:56:43 | INFO | 
============================================================
17:56:43 | INFO |   EXPERIMENT: sparsity=0.1  tag=sp10
17:56:43 | INFO | ============================================================
17:56:43 | INFO | [M1] loading BERT QA
17:56:50 | INFO | [M2] quantize wrap
17:56:54 | INFO | [M3] building OTO graph
18:00:11 | INFO | [SCHED] steps/epoch=22131  total=221310  start_prune=36885  prune_steps=184425  prune_periods=6  proj_periods=6  proj_steps=36885
18:00:11 | INFO | [M4] building GETA optimizer
18:00:11 | INFO | [M4] GETA optimizer built, 26 param groups
18:00:11 | INFO | [TRAIN] starting
18:09:36 | INFO |     step 200  loss=5.4716  grp_sp=0.000  n_imp=37008  n_red=0
18:19:29 | INFO |     step 400  loss=5.2495  grp_sp=0.000  n_imp=37008  n_red=0
18:26:49 | INFO |     step 600  loss=5.0883  grp_sp=0.000  n_imp=37008  n_red=0
18:34:10 | INFO |     step 800  loss=4.9432  grp_sp=0.000  n_imp=37008  n_red=0
18:41:17 | INFO |     step 1000  loss=4.8230  grp_sp=0.000  n_imp=37008  n_red=0
18:48:31 | INFO |     step 1200  loss=4.7351  grp_sp=0.000  n_imp=37008  n_red=0
18:55:39 | INFO |     step 1400  loss=4.6520  grp_sp=0.000  n_imp=37008  n_red=0
19:02:42 | INFO |     step 1600  loss=4.5849  grp_sp=0.000  n_imp=37008  n_red=0
19:09:54 | INFO |     step 1800  loss=4.5262  grp_sp=0.000  n_imp=37008  n_red=0
19:16:51 | INFO |     step 2000  loss=4.4784  grp_sp=0.000  n_imp=37008  n_red=0
19:23:54 | INFO |     step 2200  loss=4.4397  grp_sp=0.000  n_imp=37008  n_red=0
19:31:08 | INFO |     step 2400  loss=4.4022  grp_sp=0.000  n_imp=37008  n_red=0
19:38:19 | INFO |     step 2600  loss=4.3697  grp_sp=0.000  n_imp=37008  n_red=0
19:45:38 | INFO |     step 2800  loss=4.3384  grp_sp=0.000  n_imp=37008  n_red=0
19:52:24 | INFO |     step 3000  loss=4.3102  grp_sp=0.000  n_imp=37008  n_red=0
19:59:24 | INFO |     step 3200  loss=4.2868  grp_sp=0.000  n_imp=37008  n_red=0
20:06:17 | INFO |     step 3400  loss=4.2670  grp_sp=0.000  n_imp=37008  n_red=0
20:13:06 | INFO |     step 3600  loss=4.2473  grp_sp=0.000  n_imp=37008  n_red=0
20:19:30 | INFO |     step 3800  loss=4.2299  grp_sp=0.000  n_imp=37008  n_red=0
20:25:36 | INFO |     step 4000  loss=4.2115  grp_sp=0.000  n_imp=37008  n_red=0
20:31:45 | INFO |     step 4200  loss=4.1921  grp_sp=0.000  n_imp=37008  n_red=0
20:37:48 | INFO |     step 4400  loss=4.1686  grp_sp=0.000  n_imp=37008  n_red=0
20:43:52 | INFO |     step 4600  loss=4.1508  grp_sp=0.000  n_imp=37008  n_red=0
20:49:58 | INFO |     step 4800  loss=4.1344  grp_sp=0.000  n_imp=37008  n_red=0
20:55:58 | INFO |     step 5000  loss=4.1114  grp_sp=0.000  n_imp=37008  n_red=0
21:01:57 | INFO |     step 5200  loss=4.0949  grp_sp=0.000  n_imp=37008  n_red=0
21:08:04 | INFO |     step 5400  loss=4.0769  grp_sp=0.000  n_imp=37008  n_red=0
21:14:21 | INFO |     step 5600  loss=4.0609  grp_sp=0.000  n_imp=37008  n_red=0
21:21:00 | INFO |     step 5800  loss=4.0434  grp_sp=0.000  n_imp=37008  n_red=0
21:27:39 | INFO |     step 6000  loss=4.0276  grp_sp=0.000  n_imp=37008  n_red=0
21:34:17 | INFO |     step 6200  loss=4.0103  grp_sp=0.000  n_imp=37008  n_red=0
21:40:43 | INFO |     step 6400  loss=3.9968  grp_sp=0.000  n_imp=37008  n_red=0
21:46:48 | INFO |     step 6600  loss=3.9866  grp_sp=0.000  n_imp=37008  n_red=0
21:52:35 | INFO |     step 6800  loss=3.9728  grp_sp=0.000  n_imp=37008  n_red=0
21:58:24 | INFO |     step 7000  loss=3.9607  grp_sp=0.000  n_imp=37008  n_red=0
22:04:13 | INFO |     step 7200  loss=3.9488  grp_sp=0.000  n_imp=37008  n_red=0
22:10:01 | INFO |     step 7400  loss=3.9351  grp_sp=0.000  n_imp=37008  n_red=0
22:15:57 | INFO |     step 7600  loss=3.9206  grp_sp=0.000  n_imp=37008  n_red=0
22:21:47 | INFO |     step 7800  loss=3.9078  grp_sp=0.000  n_imp=37008  n_red=0
22:27:35 | INFO |     step 8000  loss=3.8962  grp_sp=0.000  n_imp=37008  n_red=0
22:33:28 | INFO |     step 8200  loss=3.8852  grp_sp=0.000  n_imp=37008  n_red=0
22:39:17 | INFO |     step 8400  loss=3.8731  grp_sp=0.000  n_imp=37008  n_red=0
22:45:08 | INFO |     step 8600  loss=3.8631  grp_sp=0.000  n_imp=37008  n_red=0
22:51:18 | INFO |     step 8800  loss=3.8499  grp_sp=0.000  n_imp=37008  n_red=0
22:57:14 | INFO |     step 9000  loss=3.8404  grp_sp=0.000  n_imp=37008  n_red=0
23:03:10 | INFO |     step 9200  loss=3.8304  grp_sp=0.000  n_imp=37008  n_red=0
23:09:00 | INFO |     step 9400  loss=3.8228  grp_sp=0.000  n_imp=37008  n_red=0
23:14:46 | INFO |     step 9600  loss=3.8140  grp_sp=0.000  n_imp=37008  n_red=0
23:20:35 | INFO |     step 9800  loss=3.8057  grp_sp=0.000  n_imp=37008  n_red=0
23:26:39 | INFO |     step 10000  loss=3.7962  grp_sp=0.000  n_imp=37008  n_red=0
23:32:43 | INFO |     step 10200  loss=3.7855  grp_sp=0.000  n_imp=37008  n_red=0
23:38:38 | INFO |     step 10400  loss=3.7763  grp_sp=0.000  n_imp=37008  n_red=0
23:44:36 | INFO |     step 10600  loss=3.7683  grp_sp=0.000  n_imp=37008  n_red=0
23:50:31 | INFO |     step 10800  loss=3.7600  grp_sp=0.000  n_imp=37008  n_red=0
23:56:20 | INFO |     step 11000  loss=3.7527  grp_sp=0.000  n_imp=37008  n_red=0
00:02:10 | INFO |     step 11200  loss=3.7438  grp_sp=0.000  n_imp=37008  n_red=0
00:08:01 | INFO |     step 11400  loss=3.7364  grp_sp=0.000  n_imp=37008  n_red=0
00:13:52 | INFO |     step 11600  loss=3.7285  grp_sp=0.000  n_imp=37008  n_red=0
00:19:42 | INFO |     step 11800  loss=3.7223  grp_sp=0.000  n_imp=37008  n_red=0
00:25:29 | INFO |     step 12000  loss=3.7146  grp_sp=0.000  n_imp=37008  n_red=0
00:31:11 | INFO |     step 12200  loss=3.7072  grp_sp=0.000  n_imp=37008  n_red=0
00:36:56 | INFO |     step 12400  loss=3.7000  grp_sp=0.000  n_imp=37008  n_red=0
00:42:40 | INFO |     step 12600  loss=3.6933  grp_sp=0.000  n_imp=37008  n_red=0
00:48:27 | INFO |     step 12800  loss=3.6843  grp_sp=0.000  n_imp=37008  n_red=0
00:54:13 | INFO |     step 13000  loss=3.6769  grp_sp=0.000  n_imp=37008  n_red=0
00:59:57 | INFO |     step 13200  loss=3.6702  grp_sp=0.000  n_imp=37008  n_red=0
01:05:39 | INFO |     step 13400  loss=3.6620  grp_sp=0.000  n_imp=37008  n_red=0
01:11:22 | INFO |     step 13600  loss=3.6536  grp_sp=0.000  n_imp=37008  n_red=0
01:17:07 | INFO |     step 13800  loss=3.6456  grp_sp=0.000  n_imp=37008  n_red=0
01:22:53 | INFO |     step 14000  loss=3.6387  grp_sp=0.000  n_imp=37008  n_red=0
01:28:38 | INFO |     step 14200  loss=3.6311  grp_sp=0.000  n_imp=37008  n_red=0
01:34:24 | INFO |     step 14400  loss=3.6245  grp_sp=0.000  n_imp=37008  n_red=0
01:40:06 | INFO |     step 14600  loss=3.6170  grp_sp=0.000  n_imp=37008  n_red=0
01:45:49 | INFO |     step 14800  loss=3.6098  grp_sp=0.000  n_imp=37008  n_red=0
01:51:31 | INFO |     step 15000  loss=3.6028  grp_sp=0.000  n_imp=37008  n_red=0
01:57:12 | INFO |     step 15200  loss=3.5958  grp_sp=0.000  n_imp=37008  n_red=0
02:02:54 | INFO |     step 15400  loss=3.5890  grp_sp=0.000  n_imp=37008  n_red=0
02:08:37 | INFO |     step 15600  loss=3.5816  grp_sp=0.000  n_imp=37008  n_red=0
02:14:16 | INFO |     step 15800  loss=3.5756  grp_sp=0.000  n_imp=37008  n_red=0
02:19:59 | INFO |     step 16000  loss=3.5692  grp_sp=0.000  n_imp=37008  n_red=0
02:25:45 | INFO |     step 16200  loss=3.5637  grp_sp=0.000  n_imp=37008  n_red=0
02:31:31 | INFO |     step 16400  loss=3.5576  grp_sp=0.000  n_imp=37008  n_red=0
02:37:12 | INFO |     step 16600  loss=3.5509  grp_sp=0.000  n_imp=37008  n_red=0
02:42:56 | INFO |     step 16800  loss=3.5439  grp_sp=0.000  n_imp=37008  n_red=0
02:48:42 | INFO |     step 17000  loss=3.5385  grp_sp=0.000  n_imp=37008  n_red=0
02:54:27 | INFO |     step 17200  loss=3.5314  grp_sp=0.000  n_imp=37008  n_red=0
03:00:14 | INFO |     step 17400  loss=3.5260  grp_sp=0.000  n_imp=37008  n_red=0
03:06:04 | INFO |     step 17600  loss=3.5202  grp_sp=0.000  n_imp=37008  n_red=0
03:11:53 | INFO |     step 17800  loss=3.5140  grp_sp=0.000  n_imp=37008  n_red=0
03:17:38 | INFO |     step 18000  loss=3.5077  grp_sp=0.000  n_imp=37008  n_red=0
03:23:24 | INFO |     step 18200  loss=3.5014  grp_sp=0.000  n_imp=37008  n_red=0
03:29:11 | INFO |     step 18400  loss=3.4941  grp_sp=0.000  n_imp=37008  n_red=0
03:35:00 | INFO |     step 18600  loss=3.4873  grp_sp=0.000  n_imp=37008  n_red=0
03:40:49 | INFO |     step 18800  loss=3.4813  grp_sp=0.000  n_imp=37008  n_red=0
03:46:35 | INFO |     step 19000  loss=3.4744  grp_sp=0.000  n_imp=37008  n_red=0
03:52:20 | INFO |     step 19200  loss=3.4684  grp_sp=0.000  n_imp=37008  n_red=0
03:58:08 | INFO |     step 19400  loss=3.4627  grp_sp=0.000  n_imp=37008  n_red=0
04:03:56 | INFO |     step 19600  loss=3.4569  grp_sp=0.000  n_imp=37008  n_red=0
04:09:42 | INFO |     step 19800  loss=3.4517  grp_sp=0.000  n_imp=37008  n_red=0
04:15:26 | INFO |     step 20000  loss=3.4456  grp_sp=0.000  n_imp=37008  n_red=0
04:21:12 | INFO |     step 20200  loss=3.4392  grp_sp=0.000  n_imp=37008  n_red=0
04:26:59 | INFO |     step 20400  loss=3.4327  grp_sp=0.000  n_imp=37008  n_red=0
04:32:47 | INFO |     step 20600  loss=3.4265  grp_sp=0.000  n_imp=37008  n_red=0
04:38:35 | INFO |     step 20800  loss=3.4209  grp_sp=0.000  n_imp=37008  n_red=0
04:44:17 | INFO |     step 21000  loss=3.4147  grp_sp=0.000  n_imp=37008  n_red=0
04:49:58 | INFO |     step 21200  loss=3.4088  grp_sp=0.000  n_imp=37008  n_red=0
04:55:45 | INFO |     step 21400  loss=3.4031  grp_sp=0.000  n_imp=37008  n_red=0
05:01:26 | INFO |     step 21600  loss=3.3965  grp_sp=0.000  n_imp=37008  n_red=0
05:07:09 | INFO |     step 21800  loss=3.3894  grp_sp=0.000  n_imp=37008  n_red=0
05:12:52 | INFO |     step 22000  loss=3.3828  grp_sp=0.000  n_imp=37008  n_red=0
05:16:36 | INFO | [EPOCH 1/10] loss=3.3779  grp_sp=0.000  (eval skipped)  elapsed=676.4min
05:18:34 | INFO |     step 22200  loss=2.3381  grp_sp=0.000  n_imp=37008  n_red=0
05:24:17 | INFO |     step 22400  loss=2.3700  grp_sp=0.000  n_imp=37008  n_red=0
05:30:00 | INFO |     step 22600  loss=2.3378  grp_sp=0.000  n_imp=37008  n_red=0
05:35:44 | INFO |     step 22800  loss=2.3304  grp_sp=0.000  n_imp=37008  n_red=0
05:41:27 | INFO |     step 23000  loss=2.3254  grp_sp=0.000  n_imp=37008  n_red=0
05:47:11 | INFO |     step 23200  loss=2.3219  grp_sp=0.000  n_imp=37008  n_red=0
05:52:55 | INFO |     step 23400  loss=2.2988  grp_sp=0.000  n_imp=37008  n_red=0
05:58:43 | INFO |     step 23600  loss=2.2935  grp_sp=0.000  n_imp=37008  n_red=0
06:04:25 | INFO |     step 23800  loss=2.2795  grp_sp=0.000  n_imp=37008  n_red=0
06:10:08 | INFO |     step 24000  loss=2.2632  grp_sp=0.000  n_imp=37008  n_red=0
06:15:52 | INFO |     step 24200  loss=2.2465  grp_sp=0.000  n_imp=37008  n_red=0
06:21:40 | INFO |     step 24400  loss=2.2321  grp_sp=0.000  n_imp=37008  n_red=0
06:27:24 | INFO |     step 24600  loss=2.2196  grp_sp=0.000  n_imp=37008  n_red=0
06:33:10 | INFO |     step 24800  loss=2.2163  grp_sp=0.000  n_imp=37008  n_red=0
06:38:55 | INFO |     step 25000  loss=2.2089  grp_sp=0.000  n_imp=37008  n_red=0
06:44:41 | INFO |     step 25200  loss=2.2014  grp_sp=0.000  n_imp=37008  n_red=0
06:50:27 | INFO |     step 25400  loss=2.1943  grp_sp=0.000  n_imp=37008  n_red=0
06:56:12 | INFO |     step 25600  loss=2.1884  grp_sp=0.000  n_imp=37008  n_red=0
07:01:57 | INFO |     step 25800  loss=2.1813  grp_sp=0.000  n_imp=37008  n_red=0
07:07:40 | INFO |     step 26000  loss=2.1740  grp_sp=0.000  n_imp=37008  n_red=0
07:13:26 | INFO |     step 26200  loss=2.1720  grp_sp=0.000  n_imp=37008  n_red=0
07:19:13 | INFO |     step 26400  loss=2.1625  grp_sp=0.000  n_imp=37008  n_red=0
07:25:00 | INFO |     step 26600  loss=2.1597  grp_sp=0.000  n_imp=37008  n_red=0
07:30:46 | INFO |     step 26800  loss=2.1545  grp_sp=0.000  n_imp=37008  n_red=0
07:36:31 | INFO |     step 27000  loss=2.1515  grp_sp=0.000  n_imp=37008  n_red=0
07:42:15 | INFO |     step 27200  loss=2.1440  grp_sp=0.000  n_imp=37008  n_red=0
07:48:00 | INFO |     step 27400  loss=2.1384  grp_sp=0.000  n_imp=37008  n_red=0
07:53:42 | INFO |     step 27600  loss=2.1298  grp_sp=0.000  n_imp=37008  n_red=0
07:59:24 | INFO |     step 27800  loss=2.1247  grp_sp=0.000  n_imp=37008  n_red=0
08:05:10 | INFO |     step 28000  loss=2.1212  grp_sp=0.000  n_imp=37008  n_red=0
08:10:50 | INFO |     step 28200  loss=2.1171  grp_sp=0.000  n_imp=37008  n_red=0
08:16:32 | INFO |     step 28400  loss=2.1121  grp_sp=0.000  n_imp=37008  n_red=0
08:22:15 | INFO |     step 28600  loss=2.1087  grp_sp=0.000  n_imp=37008  n_red=0
08:28:02 | INFO |     step 28800  loss=2.1064  grp_sp=0.000  n_imp=37008  n_red=0
08:33:41 | INFO |     step 29000  loss=2.1058  grp_sp=0.000  n_imp=37008  n_red=0
08:39:23 | INFO |     step 29200  loss=2.1058  grp_sp=0.000  n_imp=37008  n_red=0
08:45:05 | INFO |     step 29400  loss=2.1027  grp_sp=0.000  n_imp=37008  n_red=0
08:50:49 | INFO |     step 29600  loss=2.0975  grp_sp=0.000  n_imp=37008  n_red=0
08:56:31 | INFO |     step 29800  loss=2.0913  grp_sp=0.000  n_imp=37008  n_red=0
09:02:02 | INFO |     step 30000  loss=2.0870  grp_sp=0.000  n_imp=37008  n_red=0
09:07:41 | INFO |     step 30200  loss=2.0837  grp_sp=0.000  n_imp=37008  n_red=0
09:13:16 | INFO |     step 30400  loss=2.0801  grp_sp=0.000  n_imp=37008  n_red=0
09:18:48 | INFO |     step 30600  loss=2.0787  grp_sp=0.000  n_imp=37008  n_red=0
09:24:23 | INFO |     step 30800  loss=2.1007  grp_sp=0.000  n_imp=37008  n_red=0
09:29:43 | INFO |     step 31000  loss=2.1300  grp_sp=0.000  n_imp=37008  n_red=0
09:35:03 | INFO |     step 31200  loss=2.1431  grp_sp=0.000  n_imp=37008  n_red=0
09:40:19 | INFO |     step 31400  loss=2.1533  grp_sp=0.000  n_imp=37008  n_red=0
09:45:42 | INFO |     step 31600  loss=2.1588  grp_sp=0.000  n_imp=37008  n_red=0
09:51:05 | INFO |     step 31800  loss=2.1660  grp_sp=0.000  n_imp=37008  n_red=0
09:56:38 | INFO |     step 32000  loss=2.1681  grp_sp=0.000  n_imp=37008  n_red=0
10:02:07 | INFO |     step 32200  loss=2.1679  grp_sp=0.000  n_imp=37008  n_red=0
10:07:48 | INFO |     step 32400  loss=2.1690  grp_sp=0.000  n_imp=37008  n_red=0
10:13:27 | INFO |     step 32600  loss=2.1699  grp_sp=0.000  n_imp=37008  n_red=0
10:19:10 | INFO |     step 32800  loss=2.1695  grp_sp=0.000  n_imp=37008  n_red=0
10:24:45 | INFO |     step 33000  loss=2.1693  grp_sp=0.000  n_imp=37008  n_red=0
10:30:19 | INFO |     step 33200  loss=2.1690  grp_sp=0.000  n_imp=37008  n_red=0
10:35:56 | INFO |     step 33400  loss=2.1685  grp_sp=0.000  n_imp=37008  n_red=0
10:41:32 | INFO |     step 33600  loss=2.1673  grp_sp=0.000  n_imp=37008  n_red=0
10:47:09 | INFO |     step 33800  loss=2.1662  grp_sp=0.000  n_imp=37008  n_red=0
10:52:47 | INFO |     step 34000  loss=2.1649  grp_sp=0.000  n_imp=37008  n_red=0
10:58:28 | INFO |     step 34200  loss=2.1635  grp_sp=0.000  n_imp=37008  n_red=0
11:04:11 | INFO |     step 34400  loss=2.1650  grp_sp=0.000  n_imp=37008  n_red=0
11:09:54 | INFO |     step 34600  loss=2.1651  grp_sp=0.000  n_imp=37008  n_red=0
11:15:33 | INFO |     step 34800  loss=2.1671  grp_sp=0.000  n_imp=37008  n_red=0
11:21:14 | INFO |     step 35000  loss=2.1683  grp_sp=0.000  n_imp=37008  n_red=0
11:27:01 | INFO |     step 35200  loss=2.1666  grp_sp=0.000  n_imp=37008  n_red=0
11:32:54 | INFO |     step 35400  loss=2.1659  grp_sp=0.000  n_imp=37008  n_red=0
11:38:44 | INFO |     step 35600  loss=2.1649  grp_sp=0.000  n_imp=37008  n_red=0
11:44:39 | INFO |     step 35800  loss=2.1632  grp_sp=0.000  n_imp=37008  n_red=0
11:50:41 | INFO |     step 36000  loss=2.1628  grp_sp=0.000  n_imp=37008  n_red=0
11:57:03 | INFO |     step 36200  loss=2.1621  grp_sp=0.000  n_imp=37008  n_red=0
12:03:43 | INFO |     step 36400  loss=2.1606  grp_sp=0.000  n_imp=37008  n_red=0
12:10:03 | INFO |     step 36600  loss=2.1590  grp_sp=0.000  n_imp=37008  n_red=0
12:16:35 | INFO |     step 36800  loss=2.1577  grp_sp=0.000  n_imp=37008  n_red=0
12:23:33 | INFO |     step 37000  loss=2.1865  grp_sp=0.000  n_imp=36392  n_red=616
12:30:30 | INFO |     step 37200  loss=2.2273  grp_sp=0.000  n_imp=36392  n_red=616
12:36:58 | INFO |     step 37400  loss=2.2545  grp_sp=0.000  n_imp=36392  n_red=616
12:43:42 | INFO |     step 37600  loss=2.2761  grp_sp=0.000  n_imp=36392  n_red=616
12:50:44 | INFO |     step 37800  loss=2.2998  grp_sp=0.000  n_imp=36392  n_red=616
12:57:45 | INFO |     step 38000  loss=2.3194  grp_sp=0.000  n_imp=36392  n_red=616
13:05:29 | INFO |     step 38200  loss=2.3367  grp_sp=0.000  n_imp=36392  n_red=616
13:13:08 | INFO |     step 38400  loss=2.3532  grp_sp=0.000  n_imp=36392  n_red=616
13:21:06 | INFO |     step 38600  loss=2.3680  grp_sp=0.000  n_imp=36392  n_red=616
13:28:38 | INFO |     step 38800  loss=2.3820  grp_sp=0.000  n_imp=36392  n_red=616
13:36:23 | INFO |     step 39000  loss=2.3941  grp_sp=0.000  n_imp=36392  n_red=616
13:43:51 | INFO |     step 39200  loss=2.4055  grp_sp=0.000  n_imp=36392  n_red=616
13:51:46 | INFO |     step 39400  loss=2.4166  grp_sp=0.000  n_imp=36392  n_red=616
14:00:02 | INFO |     step 39600  loss=2.4284  grp_sp=0.000  n_imp=36392  n_red=616
14:08:18 | INFO |     step 39800  loss=2.4377  grp_sp=0.000  n_imp=36392  n_red=616
14:16:11 | INFO |     step 40000  loss=2.4479  grp_sp=0.000  n_imp=36392  n_red=616
14:23:42 | INFO |     step 40200  loss=2.4584  grp_sp=0.000  n_imp=36392  n_red=616
14:31:15 | INFO |     step 40400  loss=2.4677  grp_sp=0.000  n_imp=36392  n_red=616
14:38:14 | INFO |     step 40600  loss=2.4766  grp_sp=0.000  n_imp=36392  n_red=616
14:44:44 | INFO |     step 40800  loss=2.4853  grp_sp=0.000  n_imp=36392  n_red=616
14:51:19 | INFO |     step 41000  loss=2.4941  grp_sp=0.000  n_imp=36392  n_red=616
14:57:45 | INFO |     step 41200  loss=2.5029  grp_sp=0.000  n_imp=36392  n_red=616
15:03:53 | INFO |     step 41400  loss=2.5101  grp_sp=0.000  n_imp=36392  n_red=616
15:10:07 | INFO |     step 41600  loss=2.5164  grp_sp=0.000  n_imp=36392  n_red=616
15:16:15 | INFO |     step 41800  loss=2.5241  grp_sp=0.000  n_imp=36392  n_red=616
15:22:38 | INFO |     step 42000  loss=2.5332  grp_sp=0.000  n_imp=36392  n_red=616
15:28:57 | INFO |     step 42200  loss=2.5407  grp_sp=0.000  n_imp=36392  n_red=616
15:35:13 | INFO |     step 42400  loss=2.5470  grp_sp=0.000  n_imp=36392  n_red=616
15:41:26 | INFO |     step 42600  loss=2.5533  grp_sp=0.000  n_imp=36392  n_red=616
15:47:36 | INFO |     step 42800  loss=2.5595  grp_sp=0.000  n_imp=36392  n_red=616
15:53:42 | INFO |     step 43000  loss=2.5642  grp_sp=0.000  n_imp=36392  n_red=616
15:59:54 | INFO |     step 43200  loss=2.5712  grp_sp=0.000  n_imp=36392  n_red=616
16:06:37 | INFO |     step 43400  loss=2.5769  grp_sp=0.000  n_imp=36392  n_red=616
16:13:22 | INFO |     step 43600  loss=2.5811  grp_sp=0.000  n_imp=36392  n_red=616
16:19:30 | INFO |     step 43800  loss=2.5857  grp_sp=0.000  n_imp=36392  n_red=616
16:25:38 | INFO |     step 44000  loss=2.5911  grp_sp=0.000  n_imp=36392  n_red=616
16:31:47 | INFO |     step 44200  loss=2.5981  grp_sp=0.000  n_imp=36392  n_red=616
16:33:45 | INFO | [EPOCH 2/10] loss=2.5996  grp_sp=0.000  (eval skipped)  elapsed=1353.6min
16:38:16 | INFO |     step 44400  loss=3.1366  grp_sp=0.000  n_imp=36392  n_red=616
16:44:46 | INFO |     step 44600  loss=2.9936  grp_sp=0.000  n_imp=36392  n_red=616
16:51:13 | INFO |     step 44800  loss=2.9987  grp_sp=0.000  n_imp=36392  n_red=616
16:57:25 | INFO |     step 45000  loss=2.9616  grp_sp=0.000  n_imp=36392  n_red=616
17:05:26 | INFO |     step 45200  loss=2.9364  grp_sp=0.000  n_imp=36392  n_red=616
17:12:24 | INFO |     step 45400  loss=2.9389  grp_sp=0.000  n_imp=36392  n_red=616
17:18:38 | INFO |     step 45600  loss=2.9331  grp_sp=0.000  n_imp=36392  n_red=616
17:25:06 | INFO |     step 45800  loss=2.9333  grp_sp=0.000  n_imp=36392  n_red=616
17:31:44 | INFO |     step 46000  loss=2.9298  grp_sp=0.000  n_imp=36392  n_red=616
17:38:15 | INFO |     step 46200  loss=2.9251  grp_sp=0.000  n_imp=36392  n_red=616
17:44:21 | INFO |     step 46400  loss=2.9149  grp_sp=0.000  n_imp=36392  n_red=616
17:53:37 | INFO |     step 46600  loss=2.8990  grp_sp=0.000  n_imp=36392  n_red=616
17:59:52 | INFO |     step 46800  loss=2.8831  grp_sp=0.000  n_imp=36392  n_red=616
18:06:18 | INFO |     step 47000  loss=2.8857  grp_sp=0.000  n_imp=36392  n_red=616
18:12:46 | INFO |     step 47200  loss=2.8819  grp_sp=0.000  n_imp=36392  n_red=616
18:19:05 | INFO |     step 47400  loss=2.8730  grp_sp=0.000  n_imp=36392  n_red=616
18:25:21 | INFO |     step 47600  loss=2.8722  grp_sp=0.000  n_imp=36392  n_red=616
18:31:38 | INFO |     step 47800  loss=2.8708  grp_sp=0.000  n_imp=36392  n_red=616
18:38:01 | INFO |     step 48000  loss=2.8619  grp_sp=0.000  n_imp=36392  n_red=616
18:44:22 | INFO |     step 48200  loss=2.8639  grp_sp=0.000  n_imp=36392  n_red=616
18:50:36 | INFO |     step 48400  loss=2.8630  grp_sp=0.000  n_imp=36392  n_red=616
18:56:43 | INFO |     step 48600  loss=2.8561  grp_sp=0.000  n_imp=36392  n_red=616
19:02:53 | INFO |     step 48800  loss=2.8472  grp_sp=0.000  n_imp=36392  n_red=616
19:09:01 | INFO |     step 49000  loss=2.8390  grp_sp=0.000  n_imp=36392  n_red=616
19:15:09 | INFO |     step 49200  loss=2.8333  grp_sp=0.000  n_imp=36392  n_red=616
19:21:19 | INFO |     step 49400  loss=2.8319  grp_sp=0.000  n_imp=36392  n_red=616
19:27:22 | INFO |     step 49600  loss=2.8262  grp_sp=0.000  n_imp=36392  n_red=616
19:33:26 | INFO |     step 49800  loss=2.8204  grp_sp=0.000  n_imp=36392  n_red=616
19:39:35 | INFO |     step 50000  loss=2.8195  grp_sp=0.000  n_imp=36392  n_red=616
19:45:45 | INFO |     step 50200  loss=2.8122  grp_sp=0.000  n_imp=36392  n_red=616
19:51:55 | INFO |     step 50400  loss=2.8073  grp_sp=0.000  n_imp=36392  n_red=616
19:57:51 | INFO |     step 50600  loss=2.8008  grp_sp=0.000  n_imp=36392  n_red=616
20:03:45 | INFO |     step 50800  loss=2.7943  grp_sp=0.000  n_imp=36392  n_red=616
20:09:43 | INFO |     step 51000  loss=2.7876  grp_sp=0.000  n_imp=36392  n_red=616
20:15:41 | INFO |     step 51200  loss=2.7811  grp_sp=0.000  n_imp=36392  n_red=616
20:21:45 | INFO |     step 51400  loss=2.7780  grp_sp=0.000  n_imp=36392  n_red=616
20:27:42 | INFO |     step 51600  loss=2.7705  grp_sp=0.000  n_imp=36392  n_red=616
20:34:12 | INFO |     step 51800  loss=2.7666  grp_sp=0.000  n_imp=36392  n_red=616
20:40:56 | INFO |     step 52000  loss=2.7605  grp_sp=0.000  n_imp=36392  n_red=616
20:47:31 | INFO |     step 52200  loss=2.7562  grp_sp=0.000  n_imp=36392  n_red=616
20:53:59 | INFO |     step 52400  loss=2.7535  grp_sp=0.000  n_imp=36392  n_red=616
21:00:36 | INFO |     step 52600  loss=2.7526  grp_sp=0.000  n_imp=36392  n_red=616
21:07:02 | INFO |     step 52800  loss=2.7497  grp_sp=0.000  n_imp=36392  n_red=616
21:13:41 | INFO |     step 53000  loss=2.7438  grp_sp=0.000  n_imp=36392  n_red=616
21:20:40 | INFO |     step 53200  loss=2.7394  grp_sp=0.000  n_imp=36392  n_red=616
21:27:20 | INFO |     step 53400  loss=2.7347  grp_sp=0.000  n_imp=36392  n_red=616
21:34:12 | INFO |     step 53600  loss=2.7333  grp_sp=0.000  n_imp=36392  n_red=616
21:41:31 | INFO |     step 53800  loss=2.7287  grp_sp=0.000  n_imp=36392  n_red=616
21:49:00 | INFO |     step 54000  loss=2.7217  grp_sp=0.000  n_imp=36392  n_red=616
21:56:31 | INFO |     step 54200  loss=2.7171  grp_sp=0.000  n_imp=36392  n_red=616
22:04:15 | INFO |     step 54400  loss=2.7147  grp_sp=0.000  n_imp=36392  n_red=616
22:11:49 | INFO |     step 54600  loss=2.7143  grp_sp=0.000  n_imp=36392  n_red=616
22:19:11 | INFO |     step 54800  loss=2.7127  grp_sp=0.000  n_imp=36392  n_red=616
22:26:42 | INFO |     step 55000  loss=2.7089  grp_sp=0.000  n_imp=36392  n_red=616
22:34:39 | INFO |     step 55200  loss=2.7020  grp_sp=0.000  n_imp=36392  n_red=616
22:42:31 | INFO |     step 55400  loss=2.7009  grp_sp=0.000  n_imp=36392  n_red=616
22:50:28 | INFO |     step 55600  loss=2.6999  grp_sp=0.000  n_imp=36392  n_red=616
22:57:47 | INFO |     step 55800  loss=2.6943  grp_sp=0.000  n_imp=36392  n_red=616
23:04:06 | INFO |     step 56000  loss=2.6929  grp_sp=0.000  n_imp=36392  n_red=616
23:10:27 | INFO |     step 56200  loss=2.6897  grp_sp=0.000  n_imp=36392  n_red=616
23:16:40 | INFO |     step 56400  loss=2.6881  grp_sp=0.000  n_imp=36392  n_red=616
23:23:46 | INFO |     step 56600  loss=2.6857  grp_sp=0.000  n_imp=36392  n_red=616
23:30:34 | INFO |     step 56800  loss=2.6829  grp_sp=0.000  n_imp=36392  n_red=616
23:37:21 | INFO |     step 57000  loss=2.6804  grp_sp=0.000  n_imp=36392  n_red=616
23:44:13 | INFO |     step 57200  loss=2.6791  grp_sp=0.000  n_imp=36392  n_red=616
23:50:48 | INFO |     step 57400  loss=2.6777  grp_sp=0.000  n_imp=36392  n_red=616
23:57:35 | INFO |     step 57600  loss=2.6774  grp_sp=0.000  n_imp=36392  n_red=616
00:04:46 | INFO |     step 57800  loss=2.6789  grp_sp=0.000  n_imp=36392  n_red=616
00:12:00 | INFO |     step 58000  loss=2.6781  grp_sp=0.000  n_imp=36392  n_red=616
00:18:57 | INFO |     step 58200  loss=2.6785  grp_sp=0.000  n_imp=36392  n_red=616
00:26:00 | INFO |     step 58400  loss=2.6789  grp_sp=0.000  n_imp=36392  n_red=616
00:33:07 | INFO |     step 58600  loss=2.6804  grp_sp=0.000  n_imp=36392  n_red=616
00:40:01 | INFO |     step 58800  loss=2.6814  grp_sp=0.000  n_imp=36392  n_red=616
00:46:43 | INFO |     step 59000  loss=2.6827  grp_sp=0.000  n_imp=36392  n_red=616
00:53:43 | INFO |     step 59200  loss=2.6823  grp_sp=0.000  n_imp=36392  n_red=616
01:01:32 | INFO |     step 59400  loss=2.6821  grp_sp=0.000  n_imp=36392  n_red=616
01:09:26 | INFO |     step 59600  loss=2.6827  grp_sp=0.000  n_imp=36392  n_red=616
01:17:06 | INFO |     step 59800  loss=2.6819  grp_sp=0.000  n_imp=36392  n_red=616
01:24:52 | INFO |     step 60000  loss=2.6809  grp_sp=0.000  n_imp=36392  n_red=616
01:32:32 | INFO |     step 60200  loss=2.6825  grp_sp=0.000  n_imp=36392  n_red=616
01:40:13 | INFO |     step 60400  loss=2.6836  grp_sp=0.000  n_imp=36392  n_red=616
01:47:58 | INFO |     step 60600  loss=2.6858  grp_sp=0.000  n_imp=36392  n_red=616
01:55:46 | INFO |     step 60800  loss=2.6882  grp_sp=0.000  n_imp=36392  n_red=616
02:03:55 | INFO |     step 61000  loss=2.6885  grp_sp=0.000  n_imp=36392  n_red=616
02:12:01 | INFO |     step 61200  loss=2.6904  grp_sp=0.000  n_imp=36392  n_red=616
02:20:04 | INFO |     step 61400  loss=2.6928  grp_sp=0.000  n_imp=36392  n_red=616
02:28:04 | INFO |     step 61600  loss=2.6943  grp_sp=0.000  n_imp=36392  n_red=616
02:35:41 | INFO |     step 61800  loss=2.6958  grp_sp=0.000  n_imp=36392  n_red=616
02:43:39 | INFO |     step 62000  loss=2.6975  grp_sp=0.000  n_imp=36392  n_red=616
02:51:24 | INFO |     step 62200  loss=2.6982  grp_sp=0.000  n_imp=36392  n_red=616
02:58:48 | INFO |     step 62400  loss=2.6998  grp_sp=0.000  n_imp=36392  n_red=616
03:06:20 | INFO |     step 62600  loss=2.7019  grp_sp=0.000  n_imp=36392  n_red=616
03:13:10 | INFO |     step 62800  loss=2.7060  grp_sp=0.000  n_imp=36392  n_red=616
03:19:51 | INFO |     step 63000  loss=2.7086  grp_sp=0.000  n_imp=36392  n_red=616
03:26:38 | INFO |     step 63200  loss=2.7102  grp_sp=0.000  n_imp=36392  n_red=616
03:33:32 | INFO |     step 63400  loss=2.7117  grp_sp=0.000  n_imp=36392  n_red=616
03:40:21 | INFO |     step 63600  loss=2.7131  grp_sp=0.000  n_imp=36392  n_red=616
03:47:09 | INFO |     step 63800  loss=2.7142  grp_sp=0.000  n_imp=36392  n_red=616
03:53:55 | INFO |     step 64000  loss=2.7166  grp_sp=0.000  n_imp=36392  n_red=616
04:00:48 | INFO |     step 64200  loss=2.7189  grp_sp=0.000  n_imp=36392  n_red=616
04:08:02 | INFO |     step 64400  loss=2.7221  grp_sp=0.000  n_imp=36392  n_red=616
04:15:42 | INFO |     step 64600  loss=2.7254  grp_sp=0.000  n_imp=36392  n_red=616
04:22:50 | INFO |     step 64800  loss=2.7287  grp_sp=0.000  n_imp=36392  n_red=616
04:30:26 | INFO |     step 65000  loss=2.7317  grp_sp=0.000  n_imp=36392  n_red=616
04:38:18 | INFO |     step 65200  loss=2.7356  grp_sp=0.000  n_imp=36392  n_red=616
04:46:01 | INFO |     step 65400  loss=2.7403  grp_sp=0.000  n_imp=36392  n_red=616
04:53:34 | INFO |     step 65600  loss=2.7456  grp_sp=0.000  n_imp=36392  n_red=616
05:01:07 | INFO |     step 65800  loss=2.7500  grp_sp=0.000  n_imp=36392  n_red=616
05:08:46 | INFO |     step 66000  loss=2.7547  grp_sp=0.000  n_imp=36392  n_red=616
05:16:00 | INFO |     step 66200  loss=2.7578  grp_sp=0.000  n_imp=36392  n_red=616
05:23:23 | INFO | [EPOCH 3/10] loss=2.7604  grp_sp=0.000  (eval skipped)  elapsed=2123.2min
05:23:38 | INFO |     step 66400  loss=3.1725  grp_sp=0.000  n_imp=36392  n_red=616
05:31:19 | INFO |     step 66600  loss=3.0863  grp_sp=0.000  n_imp=36392  n_red=616
05:39:01 | INFO |     step 66800  loss=3.1071  grp_sp=0.000  n_imp=36392  n_red=616
05:46:45 | INFO |     step 67000  loss=3.0776  grp_sp=0.000  n_imp=36392  n_red=616
05:54:14 | INFO |     step 67200  loss=3.1012  grp_sp=0.000  n_imp=36392  n_red=616
06:01:37 | INFO |     step 67400  loss=3.1068  grp_sp=0.000  n_imp=36392  n_red=616
06:09:14 | INFO |     step 67600  loss=3.1420  grp_sp=0.000  n_imp=36392  n_red=616
06:17:10 | INFO |     step 67800  loss=3.1422  grp_sp=0.017  n_imp=35776  n_red=1232
06:24:37 | INFO |     step 68000  loss=3.1445  grp_sp=0.017  n_imp=35776  n_red=1232
06:32:07 | INFO |     step 68200  loss=3.1443  grp_sp=0.017  n_imp=35776  n_red=1232
06:39:27 | INFO |     step 68400  loss=3.1415  grp_sp=0.017  n_imp=35776  n_red=1232
06:47:03 | INFO |     step 68600  loss=3.1328  grp_sp=0.017  n_imp=35776  n_red=1232
06:54:04 | INFO |     step 68800  loss=3.1280  grp_sp=0.017  n_imp=35776  n_red=1232
07:01:27 | INFO |     step 69000  loss=3.1235  grp_sp=0.017  n_imp=35776  n_red=1232
07:08:52 | INFO |     step 69200  loss=3.1226  grp_sp=0.017  n_imp=35776  n_red=1232
07:16:37 | INFO |     step 69400  loss=3.1342  grp_sp=0.017  n_imp=35776  n_red=1232
07:23:50 | INFO |     step 69600  loss=3.1313  grp_sp=0.017  n_imp=35776  n_red=1232
07:31:21 | INFO |     step 69800  loss=3.1286  grp_sp=0.017  n_imp=35776  n_red=1232
07:39:02 | INFO |     step 70000  loss=3.1225  grp_sp=0.017  n_imp=35776  n_red=1232
07:47:17 | INFO |     step 70200  loss=3.1205  grp_sp=0.017  n_imp=35776  n_red=1232
07:55:12 | INFO |     step 70400  loss=3.1283  grp_sp=0.017  n_imp=35776  n_red=1232
08:03:29 | INFO |     step 70600  loss=3.1417  grp_sp=0.017  n_imp=35776  n_red=1232
08:10:08 | INFO |     step 70800  loss=3.1555  grp_sp=0.017  n_imp=35776  n_red=1232
08:16:17 | INFO |     step 71000  loss=3.1707  grp_sp=0.017  n_imp=35776  n_red=1232
08:22:27 | INFO |     step 71200  loss=3.1867  grp_sp=0.017  n_imp=35776  n_red=1232
08:28:37 | INFO |     step 71400  loss=3.1998  grp_sp=0.017  n_imp=35776  n_red=1232
08:34:49 | INFO |     step 71600  loss=3.2096  grp_sp=0.017  n_imp=35776  n_red=1232
08:41:00 | INFO |     step 71800  loss=3.2224  grp_sp=0.017  n_imp=35776  n_red=1232
08:47:11 | INFO |     step 72000  loss=3.2405  grp_sp=0.017  n_imp=35776  n_red=1232
08:53:23 | INFO |     step 72200  loss=3.2597  grp_sp=0.017  n_imp=35776  n_red=1232
08:59:30 | INFO |     step 72400  loss=3.2787  grp_sp=0.017  n_imp=35776  n_red=1232
09:05:41 | INFO |     step 72600  loss=3.2939  grp_sp=0.017  n_imp=35776  n_red=1232
09:11:52 | INFO |     step 72800  loss=3.3098  grp_sp=0.017  n_imp=35776  n_red=1232
09:18:02 | INFO |     step 73000  loss=3.3198  grp_sp=0.017  n_imp=35776  n_red=1232
09:24:10 | INFO |     step 73200  loss=3.3280  grp_sp=0.017  n_imp=35776  n_red=1232
09:30:21 | INFO |     step 73400  loss=3.3312  grp_sp=0.017  n_imp=35776  n_red=1232
09:36:29 | INFO |     step 73600  loss=3.3356  grp_sp=0.017  n_imp=35776  n_red=1232
09:42:40 | INFO |     step 73800  loss=3.3356  grp_sp=0.017  n_imp=35776  n_red=1232
09:48:50 | INFO |     step 74000  loss=3.3352  grp_sp=0.017  n_imp=35776  n_red=1232
09:55:01 | INFO |     step 74200  loss=3.3336  grp_sp=0.017  n_imp=35776  n_red=1232
10:01:11 | INFO |     step 74400  loss=3.3303  grp_sp=0.017  n_imp=35776  n_red=1232
10:07:19 | INFO |     step 74600  loss=3.3288  grp_sp=0.017  n_imp=35776  n_red=1232
10:13:37 | INFO |     step 74800  loss=3.3278  grp_sp=0.017  n_imp=35776  n_red=1232
10:19:52 | INFO |     step 75000  loss=3.3291  grp_sp=0.017  n_imp=35776  n_red=1232
10:26:01 | INFO |     step 75200  loss=3.3313  grp_sp=0.017  n_imp=35776  n_red=1232
10:32:14 | INFO |     step 75400  loss=3.3309  grp_sp=0.017  n_imp=35776  n_red=1232
10:38:26 | INFO |     step 75600  loss=3.3291  grp_sp=0.017  n_imp=35776  n_red=1232
10:44:34 | INFO |     step 75800  loss=3.3307  grp_sp=0.017  n_imp=35776  n_red=1232
10:50:43 | INFO |     step 76000  loss=3.3306  grp_sp=0.017  n_imp=35776  n_red=1232
10:56:48 | INFO |     step 76200  loss=3.3271  grp_sp=0.017  n_imp=35776  n_red=1232
11:02:56 | INFO |     step 76400  loss=3.3244  grp_sp=0.017  n_imp=35776  n_red=1232
11:09:06 | INFO |     step 76600  loss=3.3210  grp_sp=0.017  n_imp=35776  n_red=1232
11:15:14 | INFO |     step 76800  loss=3.3179  grp_sp=0.017  n_imp=35776  n_red=1232
11:21:39 | INFO |     step 77000  loss=3.3159  grp_sp=0.017  n_imp=35776  n_red=1232
11:28:20 | INFO |     step 77200  loss=3.3096  grp_sp=0.017  n_imp=35776  n_red=1232
11:34:57 | INFO |     step 77400  loss=3.3063  grp_sp=0.017  n_imp=35776  n_red=1232
11:41:23 | INFO |     step 77600  loss=3.3016  grp_sp=0.017  n_imp=35776  n_red=1232
11:48:04 | INFO |     step 77800  loss=3.2975  grp_sp=0.017  n_imp=35776  n_red=1232
11:55:00 | INFO |     step 78000  loss=3.2936  grp_sp=0.017  n_imp=35776  n_red=1232
12:01:51 | INFO |     step 78200  loss=3.2921  grp_sp=0.017  n_imp=35776  n_red=1232
12:09:07 | INFO |     step 78400  loss=3.2917  grp_sp=0.017  n_imp=35776  n_red=1232
12:16:00 | INFO |     step 78600  loss=3.2900  grp_sp=0.017  n_imp=35776  n_red=1232
12:23:01 | INFO |     step 78800  loss=3.2881  grp_sp=0.017  n_imp=35776  n_red=1232
12:30:20 | INFO |     step 79000  loss=3.2857  grp_sp=0.017  n_imp=35776  n_red=1232
12:37:36 | INFO |     step 79200  loss=3.2839  grp_sp=0.017  n_imp=35776  n_red=1232
12:44:28 | INFO |     step 79400  loss=3.2801  grp_sp=0.017  n_imp=35776  n_red=1232
12:51:13 | INFO |     step 79600  loss=3.2765  grp_sp=0.017  n_imp=35776  n_red=1232
12:58:05 | INFO |     step 79800  loss=3.2732  grp_sp=0.017  n_imp=35776  n_red=1232
13:05:06 | INFO |     step 80000  loss=3.2713  grp_sp=0.017  n_imp=35776  n_red=1232
13:11:56 | INFO |     step 80200  loss=3.2692  grp_sp=0.017  n_imp=35776  n_red=1232
13:19:16 | INFO |     step 80400  loss=3.2662  grp_sp=0.017  n_imp=35776  n_red=1232
13:27:17 | INFO |     step 80600  loss=3.2649  grp_sp=0.017  n_imp=35776  n_red=1232
13:35:20 | INFO |     step 80800  loss=3.2634  grp_sp=0.017  n_imp=35776  n_red=1232
13:43:10 | INFO |     step 81000  loss=3.2592  grp_sp=0.017  n_imp=35776  n_red=1232
13:51:25 | INFO |     step 81200  loss=3.2593  grp_sp=0.017  n_imp=35776  n_red=1232
13:59:27 | INFO |     step 81400  loss=3.2560  grp_sp=0.017  n_imp=35776  n_red=1232
14:06:44 | INFO |     step 81600  loss=3.2554  grp_sp=0.017  n_imp=35776  n_red=1232
14:14:45 | INFO |     step 81800  loss=3.2554  grp_sp=0.017  n_imp=35776  n_red=1232
14:23:00 | INFO |     step 82000  loss=3.2583  grp_sp=0.017  n_imp=35776  n_red=1232
14:31:05 | INFO |     step 82200  loss=3.2582  grp_sp=0.017  n_imp=35776  n_red=1232
14:39:10 | INFO |     step 82400  loss=3.2605  grp_sp=0.017  n_imp=35776  n_red=1232
14:46:51 | INFO |     step 82600  loss=3.2631  grp_sp=0.017  n_imp=35776  n_red=1232
14:54:26 | INFO |     step 82800  loss=3.2625  grp_sp=0.017  n_imp=35776  n_red=1232
15:01:39 | INFO |     step 83000  loss=3.2616  grp_sp=0.017  n_imp=35776  n_red=1232
15:08:43 | INFO |     step 83200  loss=3.2595  grp_sp=0.017  n_imp=35776  n_red=1232
15:15:43 | INFO |     step 83400  loss=3.2572  grp_sp=0.017  n_imp=35776  n_red=1232
15:22:18 | INFO |     step 83600  loss=3.2571  grp_sp=0.017  n_imp=35776  n_red=1232
15:29:11 | INFO |     step 83800  loss=3.2548  grp_sp=0.017  n_imp=35776  n_red=1232
15:36:13 | INFO |     step 84000  loss=3.2528  grp_sp=0.017  n_imp=35776  n_red=1232
15:42:58 | INFO |     step 84200  loss=3.2514  grp_sp=0.017  n_imp=35776  n_red=1232
15:49:50 | INFO |     step 84400  loss=3.2484  grp_sp=0.017  n_imp=35776  n_red=1232
15:56:27 | INFO |     step 84600  loss=3.2495  grp_sp=0.017  n_imp=35776  n_red=1232
16:02:50 | INFO |     step 84800  loss=3.2493  grp_sp=0.017  n_imp=35776  n_red=1232
16:08:54 | INFO |     step 85000  loss=3.2494  grp_sp=0.017  n_imp=35776  n_red=1232
16:15:43 | INFO |     step 85200  loss=3.2490  grp_sp=0.017  n_imp=35776  n_red=1232
16:22:30 | INFO |     step 85400  loss=3.2478  grp_sp=0.017  n_imp=35776  n_red=1232
16:28:56 | INFO |     step 85600  loss=3.2464  grp_sp=0.017  n_imp=35776  n_red=1232
16:35:49 | INFO |     step 85800  loss=3.2453  grp_sp=0.017  n_imp=35776  n_red=1232
16:42:51 | INFO |     step 86000  loss=3.2434  grp_sp=0.017  n_imp=35776  n_red=1232
16:49:35 | INFO |     step 86200  loss=3.2430  grp_sp=0.017  n_imp=35776  n_red=1232
16:56:09 | INFO |     step 86400  loss=3.2443  grp_sp=0.017  n_imp=35776  n_red=1232
17:02:54 | INFO |     step 86600  loss=3.2428  grp_sp=0.017  n_imp=35776  n_red=1232
17:09:52 | INFO |     step 86800  loss=3.2447  grp_sp=0.017  n_imp=35776  n_red=1232
17:16:42 | INFO |     step 87000  loss=3.2458  grp_sp=0.017  n_imp=35776  n_red=1232
17:23:25 | INFO |     step 87200  loss=3.2465  grp_sp=0.017  n_imp=35776  n_red=1232
17:30:16 | INFO |     step 87400  loss=3.2466  grp_sp=0.017  n_imp=35776  n_red=1232
17:37:10 | INFO |     step 87600  loss=3.2455  grp_sp=0.017  n_imp=35776  n_red=1232
17:43:54 | INFO |     step 87800  loss=3.2457  grp_sp=0.017  n_imp=35776  n_red=1232
17:50:31 | INFO |     step 88000  loss=3.2457  grp_sp=0.017  n_imp=35776  n_red=1232
17:57:33 | INFO |     step 88200  loss=3.2453  grp_sp=0.017  n_imp=35776  n_red=1232
18:04:26 | INFO |     step 88400  loss=3.2455  grp_sp=0.017  n_imp=35776  n_red=1232
18:08:49 | INFO | [EPOCH 4/10] loss=3.2453  grp_sp=0.017  (eval skipped)  elapsed=2888.6min
18:11:22 | INFO |     step 88600  loss=3.2246  grp_sp=0.017  n_imp=35776  n_red=1232
18:17:46 | INFO |     step 88800  loss=3.3128  grp_sp=0.017  n_imp=35776  n_red=1232
18:24:34 | INFO |     step 89000  loss=3.3074  grp_sp=0.017  n_imp=35776  n_red=1232
18:31:01 | INFO |     step 89200  loss=3.3133  grp_sp=0.017  n_imp=35776  n_red=1232
18:37:51 | INFO |     step 89400  loss=3.3077  grp_sp=0.017  n_imp=35776  n_red=1232
18:44:23 | INFO |     step 89600  loss=3.3001  grp_sp=0.017  n_imp=35776  n_red=1232
18:51:07 | INFO |     step 89800  loss=3.3040  grp_sp=0.017  n_imp=35776  n_red=1232
18:58:12 | INFO |     step 90000  loss=3.3004  grp_sp=0.017  n_imp=35776  n_red=1232
19:04:44 | INFO |     step 90200  loss=3.3018  grp_sp=0.017  n_imp=35776  n_red=1232
19:11:49 | INFO |     step 90400  loss=3.3038  grp_sp=0.017  n_imp=35776  n_red=1232
19:19:00 | INFO |     step 90600  loss=3.3052  grp_sp=0.017  n_imp=35776  n_red=1232
19:26:06 | INFO |     step 90800  loss=3.2951  grp_sp=0.017  n_imp=35776  n_red=1232
19:32:53 | INFO |     step 91000  loss=3.2913  grp_sp=0.017  n_imp=35776  n_red=1232
19:39:16 | INFO |     step 91200  loss=3.2863  grp_sp=0.017  n_imp=35776  n_red=1232
19:45:49 | INFO |     step 91400  loss=3.2904  grp_sp=0.017  n_imp=35776  n_red=1232
19:52:16 | INFO |     step 91600  loss=3.2899  grp_sp=0.017  n_imp=35776  n_red=1232
19:58:58 | INFO |     step 91800  loss=3.2895  grp_sp=0.017  n_imp=35776  n_red=1232
20:05:46 | INFO |     step 92000  loss=3.2883  grp_sp=0.017  n_imp=35776  n_red=1232
20:12:08 | INFO |     step 92200  loss=3.2907  grp_sp=0.017  n_imp=35776  n_red=1232
20:18:49 | INFO |     step 92400  loss=3.2932  grp_sp=0.017  n_imp=35776  n_red=1232
20:25:18 | INFO |     step 92600  loss=3.2924  grp_sp=0.017  n_imp=35776  n_red=1232
20:32:10 | INFO |     step 92800  loss=3.2946  grp_sp=0.017  n_imp=35776  n_red=1232
20:39:29 | INFO |     step 93000  loss=3.2948  grp_sp=0.017  n_imp=35776  n_red=1232
20:47:46 | INFO |     step 93200  loss=3.3029  grp_sp=0.017  n_imp=35776  n_red=1232
20:56:08 | INFO |     step 93400  loss=3.3105  grp_sp=0.017  n_imp=35776  n_red=1232
21:04:19 | INFO |     step 93600  loss=3.3148  grp_sp=0.017  n_imp=35776  n_red=1232
21:12:03 | INFO |     step 93800  loss=3.3172  grp_sp=0.017  n_imp=35776  n_red=1232
21:19:34 | INFO |     step 94000  loss=3.3188  grp_sp=0.017  n_imp=35776  n_red=1232
21:27:16 | INFO |     step 94200  loss=3.3179  grp_sp=0.017  n_imp=35776  n_red=1232
21:35:18 | INFO |     step 94400  loss=3.3169  grp_sp=0.017  n_imp=35776  n_red=1232
21:43:01 | INFO |     step 94600  loss=3.3171  grp_sp=0.017  n_imp=35776  n_red=1232
21:50:58 | INFO |     step 94800  loss=3.3168  grp_sp=0.017  n_imp=35776  n_red=1232
21:58:53 | INFO |     step 95000  loss=3.3159  grp_sp=0.017  n_imp=35776  n_red=1232
22:06:36 | INFO |     step 95200  loss=3.3183  grp_sp=0.017  n_imp=35776  n_red=1232
22:14:41 | INFO |     step 95400  loss=3.3182  grp_sp=0.017  n_imp=35776  n_red=1232
22:22:07 | INFO |     step 95600  loss=3.3160  grp_sp=0.017  n_imp=35776  n_red=1232
22:29:13 | INFO |     step 95800  loss=3.3102  grp_sp=0.017  n_imp=35776  n_red=1232
22:35:19 | INFO |     step 96000  loss=3.3095  grp_sp=0.017  n_imp=35776  n_red=1232
22:41:26 | INFO |     step 96200  loss=3.3077  grp_sp=0.017  n_imp=35776  n_red=1232
22:47:32 | INFO |     step 96400  loss=3.3057  grp_sp=0.017  n_imp=35776  n_red=1232
22:53:39 | INFO |     step 96600  loss=3.3056  grp_sp=0.017  n_imp=35776  n_red=1232
22:59:45 | INFO |     step 96800  loss=3.3046  grp_sp=0.017  n_imp=35776  n_red=1232
23:05:57 | INFO |     step 97000  loss=3.3142  grp_sp=0.017  n_imp=35776  n_red=1232
23:12:09 | INFO |     step 97200  loss=3.3198  grp_sp=0.017  n_imp=35776  n_red=1232
23:18:22 | INFO |     step 97400  loss=3.3247  grp_sp=0.017  n_imp=35776  n_red=1232
23:24:34 | INFO |     step 97600  loss=3.3287  grp_sp=0.017  n_imp=35776  n_red=1232
23:30:50 | INFO |     step 97800  loss=3.3342  grp_sp=0.017  n_imp=35776  n_red=1232
23:37:02 | INFO |     step 98000  loss=3.3380  grp_sp=0.017  n_imp=35776  n_red=1232
23:43:15 | INFO |     step 98200  loss=3.3414  grp_sp=0.017  n_imp=35776  n_red=1232
23:49:31 | INFO |     step 98400  loss=3.3455  grp_sp=0.033  n_imp=35160  n_red=1848
23:55:47 | INFO |     step 98600  loss=3.3475  grp_sp=0.033  n_imp=35160  n_red=1848
00:02:01 | INFO |     step 98800  loss=3.3480  grp_sp=0.033  n_imp=35160  n_red=1848
00:08:15 | INFO |     step 99000  loss=3.3495  grp_sp=0.033  n_imp=35160  n_red=1848
00:14:28 | INFO |     step 99200  loss=3.3485  grp_sp=0.033  n_imp=35160  n_red=1848
00:20:42 | INFO |     step 99400  loss=3.3512  grp_sp=0.033  n_imp=35160  n_red=1848
00:26:53 | INFO |     step 99600  loss=3.3520  grp_sp=0.033  n_imp=35160  n_red=1848
00:33:07 | INFO |     step 99800  loss=3.3528  grp_sp=0.033  n_imp=35160  n_red=1848
00:39:21 | INFO |     step 100000  loss=3.3526  grp_sp=0.033  n_imp=35160  n_red=1848
00:45:37 | INFO |     step 100200  loss=3.3552  grp_sp=0.033  n_imp=35160  n_red=1848
00:51:54 | INFO |     step 100400  loss=3.3577  grp_sp=0.033  n_imp=35160  n_red=1848
00:58:09 | INFO |     step 100600  loss=3.3581  grp_sp=0.033  n_imp=35160  n_red=1848
01:04:21 | INFO |     step 100800  loss=3.3590  grp_sp=0.033  n_imp=35160  n_red=1848
01:10:31 | INFO |     step 101000  loss=3.3598  grp_sp=0.033  n_imp=35160  n_red=1848
01:16:44 | INFO |     step 101200  loss=3.3608  grp_sp=0.033  n_imp=35160  n_red=1848
01:22:55 | INFO |     step 101400  loss=3.3606  grp_sp=0.033  n_imp=35160  n_red=1848
01:29:06 | INFO |     step 101600  loss=3.3623  grp_sp=0.033  n_imp=35160  n_red=1848
01:35:17 | INFO |     step 101800  loss=3.3633  grp_sp=0.033  n_imp=35160  n_red=1848
01:41:28 | INFO |     step 102000  loss=3.3645  grp_sp=0.033  n_imp=35160  n_red=1848
01:47:39 | INFO |     step 102200  loss=3.3638  grp_sp=0.033  n_imp=35160  n_red=1848
01:53:49 | INFO |     step 102400  loss=3.3642  grp_sp=0.033  n_imp=35160  n_red=1848
02:00:45 | INFO |     step 102600  loss=3.3638  grp_sp=0.033  n_imp=35160  n_red=1848
02:08:43 | INFO |     step 102800  loss=3.3649  grp_sp=0.033  n_imp=35160  n_red=1848
02:16:52 | INFO |     step 103000  loss=3.3652  grp_sp=0.033  n_imp=35160  n_red=1848
02:25:01 | INFO |     step 103200  loss=3.3665  grp_sp=0.033  n_imp=35160  n_red=1848
02:33:10 | INFO |     step 103400  loss=3.3684  grp_sp=0.033  n_imp=35160  n_red=1848
02:40:43 | INFO |     step 103600  loss=3.3695  grp_sp=0.033  n_imp=35160  n_red=1848
02:48:49 | INFO |     step 103800  loss=3.3698  grp_sp=0.033  n_imp=35160  n_red=1848
02:56:34 | INFO |     step 104000  loss=3.3717  grp_sp=0.033  n_imp=35160  n_red=1848
03:04:43 | INFO |     step 104200  loss=3.3722  grp_sp=0.033  n_imp=35160  n_red=1848
03:12:58 | INFO |     step 104400  loss=3.3714  grp_sp=0.033  n_imp=35160  n_red=1848
03:21:08 | INFO |     step 104600  loss=3.3711  grp_sp=0.033  n_imp=35160  n_red=1848
03:29:06 | INFO |     step 104800  loss=3.3712  grp_sp=0.033  n_imp=35160  n_red=1848
03:37:11 | INFO |     step 105000  loss=3.3708  grp_sp=0.033  n_imp=35160  n_red=1848
03:45:12 | INFO |     step 105200  loss=3.3696  grp_sp=0.033  n_imp=35160  n_red=1848
03:53:30 | INFO |     step 105400  loss=3.3701  grp_sp=0.033  n_imp=35160  n_red=1848
04:01:40 | INFO |     step 105600  loss=3.3718  grp_sp=0.033  n_imp=35160  n_red=1848
04:10:08 | INFO |     step 105800  loss=3.3725  grp_sp=0.033  n_imp=35160  n_red=1848
04:18:29 | INFO |     step 106000  loss=3.3724  grp_sp=0.033  n_imp=35160  n_red=1848
04:27:04 | INFO |     step 106200  loss=3.3747  grp_sp=0.033  n_imp=35160  n_red=1848
04:35:19 | INFO |     step 106400  loss=3.3776  grp_sp=0.033  n_imp=35160  n_red=1848
04:43:43 | INFO |     step 106600  loss=3.3801  grp_sp=0.033  n_imp=35160  n_red=1848
04:52:24 | INFO |     step 106800  loss=3.3808  grp_sp=0.033  n_imp=35160  n_red=1848
05:00:16 | INFO |     step 107000  loss=3.3799  grp_sp=0.033  n_imp=35160  n_red=1848
05:08:24 | INFO |     step 107200  loss=3.3798  grp_sp=0.033  n_imp=35160  n_red=1848
05:16:58 | INFO |     step 107400  loss=3.3795  grp_sp=0.033  n_imp=35160  n_red=1848
05:25:29 | INFO |     step 107600  loss=3.3797  grp_sp=0.033  n_imp=35160  n_red=1848
05:34:24 | INFO |     step 107800  loss=3.3810  grp_sp=0.033  n_imp=35160  n_red=1848
05:43:31 | INFO |     step 108000  loss=3.3824  grp_sp=0.033  n_imp=35160  n_red=1848
05:52:33 | INFO |     step 108200  loss=3.3827  grp_sp=0.033  n_imp=35160  n_red=1848
06:01:20 | INFO |     step 108400  loss=3.3829  grp_sp=0.033  n_imp=35160  n_red=1848
06:10:11 | INFO |     step 108600  loss=3.3836  grp_sp=0.033  n_imp=35160  n_red=1848
06:18:57 | INFO |     step 108800  loss=3.3861  grp_sp=0.033  n_imp=35160  n_red=1848
06:27:59 | INFO |     step 109000  loss=3.3871  grp_sp=0.033  n_imp=35160  n_red=1848
06:37:03 | INFO |     step 109200  loss=3.3876  grp_sp=0.033  n_imp=35160  n_red=1848
06:46:06 | INFO |     step 109400  loss=3.3894  grp_sp=0.033  n_imp=35160  n_red=1848
06:54:49 | INFO |     step 109600  loss=3.3905  grp_sp=0.033  n_imp=35160  n_red=1848
07:04:08 | INFO |     step 109800  loss=3.3929  grp_sp=0.033  n_imp=35160  n_red=1848
07:12:32 | INFO |     step 110000  loss=3.3961  grp_sp=0.033  n_imp=35160  n_red=1848
07:21:29 | INFO |     step 110200  loss=3.4000  grp_sp=0.033  n_imp=35160  n_red=1848
07:30:22 | INFO |     step 110400  loss=3.4038  grp_sp=0.033  n_imp=35160  n_red=1848
07:39:52 | INFO |     step 110600  loss=3.4069  grp_sp=0.033  n_imp=35160  n_red=1848
07:42:25 | INFO | [EPOCH 5/10] loss=3.4075  grp_sp=0.033  (eval skipped)  elapsed=3702.2min
07:49:09 | INFO |     step 110800  loss=3.5724  grp_sp=0.033  n_imp=35160  n_red=1848
07:58:23 | INFO |     step 111000  loss=3.5574  grp_sp=0.033  n_imp=35160  n_red=1848
08:07:16 | INFO |     step 111200  loss=3.5437  grp_sp=0.033  n_imp=35160  n_red=1848
08:16:28 | INFO |     step 111400  loss=3.5077  grp_sp=0.033  n_imp=35160  n_red=1848
08:25:54 | INFO |     step 111600  loss=3.4825  grp_sp=0.033  n_imp=35160  n_red=1848
08:35:15 | INFO |     step 111800  loss=3.4696  grp_sp=0.033  n_imp=35160  n_red=1848
08:44:43 | INFO |     step 112000  loss=3.4652  grp_sp=0.033  n_imp=35160  n_red=1848
08:54:17 | INFO |     step 112200  loss=3.4441  grp_sp=0.033  n_imp=35160  n_red=1848
09:02:51 | INFO |     step 112400  loss=3.4351  grp_sp=0.033  n_imp=35160  n_red=1848
09:11:40 | INFO |     step 112600  loss=3.4196  grp_sp=0.033  n_imp=35160  n_red=1848
09:21:26 | INFO |     step 112800  loss=3.4083  grp_sp=0.033  n_imp=35160  n_red=1848
09:30:39 | INFO |     step 113000  loss=3.3984  grp_sp=0.033  n_imp=35160  n_red=1848
09:39:44 | INFO |     step 113200  loss=3.3970  grp_sp=0.033  n_imp=35160  n_red=1848
09:48:46 | INFO |     step 113400  loss=3.4048  grp_sp=0.033  n_imp=35160  n_red=1848
09:58:01 | INFO |     step 113600  loss=3.4040  grp_sp=0.033  n_imp=35160  n_red=1848
10:07:35 | INFO |     step 113800  loss=3.4048  grp_sp=0.033  n_imp=35160  n_red=1848
10:16:25 | INFO |     step 114000  loss=3.4159  grp_sp=0.033  n_imp=35160  n_red=1848
10:25:47 | INFO |     step 114200  loss=3.4267  grp_sp=0.033  n_imp=35160  n_red=1848
10:35:00 | INFO |     step 114400  loss=3.4337  grp_sp=0.033  n_imp=35160  n_red=1848
10:44:54 | INFO |     step 114600  loss=3.4340  grp_sp=0.033  n_imp=35160  n_red=1848
10:54:16 | INFO |     step 114800  loss=3.4353  grp_sp=0.033  n_imp=35160  n_red=1848
11:03:41 | INFO |     step 115000  loss=3.4320  grp_sp=0.033  n_imp=35160  n_red=1848
11:12:59 | INFO |     step 115200  loss=3.4314  grp_sp=0.033  n_imp=35160  n_red=1848
11:21:12 | INFO |     step 115400  loss=3.4286  grp_sp=0.033  n_imp=35160  n_red=1848
11:28:48 | INFO |     step 115600  loss=3.4215  grp_sp=0.033  n_imp=35160  n_red=1848
11:36:25 | INFO |     step 115800  loss=3.4170  grp_sp=0.033  n_imp=35160  n_red=1848
11:43:47 | INFO |     step 116000  loss=3.4073  grp_sp=0.033  n_imp=35160  n_red=1848
11:50:48 | INFO |     step 116200  loss=3.4016  grp_sp=0.033  n_imp=35160  n_red=1848
11:57:41 | INFO |     step 116400  loss=3.3981  grp_sp=0.033  n_imp=35160  n_red=1848
12:04:08 | INFO |     step 116600  loss=3.3986  grp_sp=0.033  n_imp=35160  n_red=1848
12:10:22 | INFO |     step 116800  loss=3.3994  grp_sp=0.033  n_imp=35160  n_red=1848
12:16:44 | INFO |     step 117000  loss=3.4062  grp_sp=0.033  n_imp=35160  n_red=1848
12:23:01 | INFO |     step 117200  loss=3.4126  grp_sp=0.033  n_imp=35160  n_red=1848
12:29:23 | INFO |     step 117400  loss=3.4148  grp_sp=0.033  n_imp=35160  n_red=1848
12:35:47 | INFO |     step 117600  loss=3.4151  grp_sp=0.033  n_imp=35160  n_red=1848
12:42:20 | INFO |     step 117800  loss=3.4150  grp_sp=0.033  n_imp=35160  n_red=1848
12:48:41 | INFO |     step 118000  loss=3.4141  grp_sp=0.033  n_imp=35160  n_red=1848
12:55:06 | INFO |     step 118200  loss=3.4129  grp_sp=0.033  n_imp=35160  n_red=1848
13:01:33 | INFO |     step 118400  loss=3.4121  grp_sp=0.033  n_imp=35160  n_red=1848
13:07:58 | INFO |     step 118600  loss=3.4143  grp_sp=0.033  n_imp=35160  n_red=1848
13:14:26 | INFO |     step 118800  loss=3.4158  grp_sp=0.033  n_imp=35160  n_red=1848
13:21:00 | INFO |     step 119000  loss=3.4170  grp_sp=0.033  n_imp=35160  n_red=1848
13:27:32 | INFO |     step 119200  loss=3.4159  grp_sp=0.033  n_imp=35160  n_red=1848
13:34:11 | INFO |     step 119400  loss=3.4136  grp_sp=0.033  n_imp=35160  n_red=1848
13:40:46 | INFO |     step 119600  loss=3.4134  grp_sp=0.033  n_imp=35160  n_red=1848
13:47:50 | INFO |     step 119800  loss=3.4164  grp_sp=0.033  n_imp=35160  n_red=1848
13:55:16 | INFO |     step 120000  loss=3.4166  grp_sp=0.033  n_imp=35160  n_red=1848
14:02:56 | INFO |     step 120200  loss=3.4170  grp_sp=0.033  n_imp=35160  n_red=1848
14:09:55 | INFO |     step 120400  loss=3.4184  grp_sp=0.033  n_imp=35160  n_red=1848
14:16:07 | INFO |     step 120600  loss=3.4161  grp_sp=0.033  n_imp=35160  n_red=1848
14:22:19 | INFO |     step 120800  loss=3.4149  grp_sp=0.033  n_imp=35160  n_red=1848
14:28:28 | INFO |     step 121000  loss=3.4163  grp_sp=0.033  n_imp=35160  n_red=1848
14:34:36 | INFO |     step 121200  loss=3.4145  grp_sp=0.033  n_imp=35160  n_red=1848
14:40:48 | INFO |     step 121400  loss=3.4145  grp_sp=0.033  n_imp=35160  n_red=1848
14:46:57 | INFO |     step 121600  loss=3.4147  grp_sp=0.033  n_imp=35160  n_red=1848
14:53:04 | INFO |     step 121800  loss=3.4158  grp_sp=0.033  n_imp=35160  n_red=1848
14:59:12 | INFO |     step 122000  loss=3.4190  grp_sp=0.033  n_imp=35160  n_red=1848
15:05:20 | INFO |     step 122200  loss=3.4347  grp_sp=0.033  n_imp=35160  n_red=1848
15:11:26 | INFO |     step 122400  loss=3.4732  grp_sp=0.033  n_imp=35160  n_red=1848
15:17:33 | INFO |     step 122600  loss=3.5151  grp_sp=0.033  n_imp=35160  n_red=1848
15:23:39 | INFO |     step 122800  loss=3.5553  grp_sp=0.033  n_imp=35160  n_red=1848
15:29:47 | INFO |     step 123000  loss=3.5942  grp_sp=0.033  n_imp=35160  n_red=1848
15:35:56 | INFO |     step 123200  loss=3.6317  grp_sp=0.033  n_imp=35160  n_red=1848
15:42:03 | INFO |     step 123400  loss=3.6679  grp_sp=0.033  n_imp=35160  n_red=1848
15:48:12 | INFO |     step 123600  loss=3.7030  grp_sp=0.033  n_imp=35160  n_red=1848
15:54:20 | INFO |     step 123800  loss=3.7366  grp_sp=0.033  n_imp=35160  n_red=1848
16:00:27 | INFO |     step 124000  loss=3.7687  grp_sp=0.033  n_imp=35160  n_red=1848
16:06:35 | INFO |     step 124200  loss=3.7963  grp_sp=0.033  n_imp=35160  n_red=1848
16:12:43 | INFO |     step 124400  loss=3.8209  grp_sp=0.033  n_imp=35160  n_red=1848
16:18:52 | INFO |     step 124600  loss=3.8423  grp_sp=0.033  n_imp=35160  n_red=1848
16:24:59 | INFO |     step 124800  loss=3.8625  grp_sp=0.033  n_imp=35160  n_red=1848
16:31:08 | INFO |     step 125000  loss=3.8804  grp_sp=0.033  n_imp=35160  n_red=1848
16:37:16 | INFO |     step 125200  loss=3.8972  grp_sp=0.033  n_imp=35160  n_red=1848
16:43:24 | INFO |     step 125400  loss=3.9127  grp_sp=0.033  n_imp=35160  n_red=1848
16:49:32 | INFO |     step 125600  loss=3.9278  grp_sp=0.033  n_imp=35160  n_red=1848
16:55:38 | INFO |     step 125800  loss=3.9467  grp_sp=0.033  n_imp=35160  n_red=1848
17:01:44 | INFO |     step 126000  loss=3.9647  grp_sp=0.033  n_imp=35160  n_red=1848
17:07:51 | INFO |     step 126200  loss=3.9812  grp_sp=0.033  n_imp=35160  n_red=1848
17:13:57 | INFO |     step 126400  loss=3.9959  grp_sp=0.033  n_imp=35160  n_red=1848
17:17:20 | INFO |     step 126600  loss=4.0090  grp_sp=0.033  n_imp=35160  n_red=1848
17:20:31 | INFO |     step 126800  loss=4.0216  grp_sp=0.033  n_imp=35160  n_red=1848
17:23:41 | INFO |     step 127000  loss=4.0338  grp_sp=0.033  n_imp=35160  n_red=1848
17:26:51 | INFO |     step 127200  loss=4.0455  grp_sp=0.033  n_imp=35160  n_red=1848
17:30:01 | INFO |     step 127400  loss=4.0570  grp_sp=0.033  n_imp=35160  n_red=1848
17:33:12 | INFO |     step 127600  loss=4.0680  grp_sp=0.033  n_imp=35160  n_red=1848
17:36:22 | INFO |     step 127800  loss=4.0783  grp_sp=0.033  n_imp=35160  n_red=1848
17:39:31 | INFO |     step 128000  loss=4.0883  grp_sp=0.033  n_imp=35160  n_red=1848
17:42:41 | INFO |     step 128200  loss=4.0975  grp_sp=0.033  n_imp=35160  n_red=1848
17:45:51 | INFO |     step 128400  loss=4.1061  grp_sp=0.033  n_imp=35160  n_red=1848
17:49:00 | INFO |     step 128600  loss=4.1145  grp_sp=0.033  n_imp=35160  n_red=1848
17:52:10 | INFO |     step 128800  loss=4.1219  grp_sp=0.033  n_imp=35160  n_red=1848
17:55:20 | INFO |     step 129000  loss=4.1295  grp_sp=0.033  n_imp=35160  n_red=1848
17:58:29 | INFO |     step 129200  loss=4.1399  grp_sp=0.050  n_imp=34544  n_red=2464
18:01:38 | INFO |     step 129400  loss=4.1474  grp_sp=0.050  n_imp=34544  n_red=2464
18:04:48 | INFO |     step 129600  loss=4.1586  grp_sp=0.050  n_imp=34544  n_red=2464
18:07:57 | INFO |     step 129800  loss=4.1677  grp_sp=0.050  n_imp=34544  n_red=2464
18:11:06 | INFO |     step 130000  loss=4.1758  grp_sp=0.050  n_imp=34544  n_red=2464
18:14:16 | INFO |     step 130200  loss=4.1826  grp_sp=0.050  n_imp=34544  n_red=2464
18:17:26 | INFO |     step 130400  loss=4.1890  grp_sp=0.050  n_imp=34544  n_red=2464
18:20:37 | INFO |     step 130600  loss=4.1947  grp_sp=0.050  n_imp=34544  n_red=2464
18:23:46 | INFO |     step 130800  loss=4.1999  grp_sp=0.050  n_imp=34544  n_red=2464
18:26:54 | INFO |     step 131000  loss=4.2052  grp_sp=0.050  n_imp=34544  n_red=2464
18:30:02 | INFO |     step 131200  loss=4.2099  grp_sp=0.050  n_imp=34544  n_red=2464
18:33:11 | INFO |     step 131400  loss=4.2207  grp_sp=0.050  n_imp=34544  n_red=2464
18:36:21 | INFO |     step 131600  loss=4.2314  grp_sp=0.050  n_imp=34544  n_red=2464
18:39:30 | INFO |     step 131800  loss=4.2415  grp_sp=0.050  n_imp=34544  n_red=2464
18:42:38 | INFO |     step 132000  loss=4.2497  grp_sp=0.050  n_imp=34544  n_red=2464
18:45:47 | INFO |     step 132200  loss=4.2593  grp_sp=0.050  n_imp=34544  n_red=2464
18:48:56 | INFO |     step 132400  loss=4.2695  grp_sp=0.050  n_imp=34544  n_red=2464
18:52:05 | INFO |     step 132600  loss=4.2775  grp_sp=0.050  n_imp=34544  n_red=2464
18:55:00 | INFO | [EPOCH 6/10] loss=4.2862  grp_sp=0.050  (eval skipped)  elapsed=4374.8min
18:55:14 | INFO |     step 132800  loss=5.6345  grp_sp=0.050  n_imp=34544  n_red=2464
18:58:22 | INFO |     step 133000  loss=5.2547  grp_sp=0.050  n_imp=34544  n_red=2464
19:01:31 | INFO |     step 133200  loss=5.1834  grp_sp=0.050  n_imp=34544  n_red=2464
19:04:41 | INFO |     step 133400  loss=5.1650  grp_sp=0.050  n_imp=34544  n_red=2464
19:07:53 | INFO |     step 133600  loss=5.1790  grp_sp=0.050  n_imp=34544  n_red=2464
19:11:03 | INFO |     step 133800  loss=5.2066  grp_sp=0.050  n_imp=34544  n_red=2464
19:14:13 | INFO |     step 134000  loss=5.2129  grp_sp=0.050  n_imp=34544  n_red=2464
19:17:23 | INFO |     step 134200  loss=5.2100  grp_sp=0.050  n_imp=34544  n_red=2464
19:20:33 | INFO |     step 134400  loss=5.1991  grp_sp=0.050  n_imp=34544  n_red=2464
19:23:45 | INFO |     step 134600  loss=5.2379  grp_sp=0.050  n_imp=34544  n_red=2464
19:26:55 | INFO |     step 134800  loss=5.3005  grp_sp=0.050  n_imp=34544  n_red=2464
19:30:05 | INFO |     step 135000  loss=5.3581  grp_sp=0.050  n_imp=34544  n_red=2464
19:33:15 | INFO |     step 135200  loss=5.4063  grp_sp=0.050  n_imp=34544  n_red=2464
19:36:25 | INFO |     step 135400  loss=5.4484  grp_sp=0.050  n_imp=34544  n_red=2464
19:39:35 | INFO |     step 135600  loss=5.4843  grp_sp=0.050  n_imp=34544  n_red=2464
19:42:45 | INFO |     step 135800  loss=5.5154  grp_sp=0.050  n_imp=34544  n_red=2464
19:45:54 | INFO |     step 136000  loss=5.5418  grp_sp=0.050  n_imp=34544  n_red=2464
19:49:06 | INFO |     step 136200  loss=5.5577  grp_sp=0.050  n_imp=34544  n_red=2464
19:52:17 | INFO |     step 136400  loss=5.5383  grp_sp=0.050  n_imp=34544  n_red=2464
19:55:27 | INFO |     step 136600  loss=5.5113  grp_sp=0.050  n_imp=34544  n_red=2464
19:58:36 | INFO |     step 136800  loss=5.4807  grp_sp=0.050  n_imp=34544  n_red=2464
20:01:46 | INFO |     step 137000  loss=5.4514  grp_sp=0.050  n_imp=34544  n_red=2464
20:04:57 | INFO |     step 137200  loss=5.4220  grp_sp=0.050  n_imp=34544  n_red=2464
20:08:06 | INFO |     step 137400  loss=5.3929  grp_sp=0.050  n_imp=34544  n_red=2464
20:11:15 | INFO |     step 137600  loss=5.3652  grp_sp=0.050  n_imp=34544  n_red=2464
20:14:25 | INFO |     step 137800  loss=5.3378  grp_sp=0.050  n_imp=34544  n_red=2464
20:17:35 | INFO |     step 138000  loss=5.3133  grp_sp=0.050  n_imp=34544  n_red=2464
20:20:45 | INFO |     step 138200  loss=5.2906  grp_sp=0.050  n_imp=34544  n_red=2464
20:23:55 | INFO |     step 138400  loss=5.2673  grp_sp=0.050  n_imp=34544  n_red=2464
20:27:04 | INFO |     step 138600  loss=5.2468  grp_sp=0.050  n_imp=34544  n_red=2464
20:30:15 | INFO |     step 138800  loss=5.2276  grp_sp=0.050  n_imp=34544  n_red=2464
20:33:25 | INFO |     step 139000  loss=5.2085  grp_sp=0.050  n_imp=34544  n_red=2464
20:36:36 | INFO |     step 139200  loss=5.1898  grp_sp=0.050  n_imp=34544  n_red=2464
20:39:46 | INFO |     step 139400  loss=5.1872  grp_sp=0.050  n_imp=34544  n_red=2464
20:42:56 | INFO |     step 139600  loss=5.1835  grp_sp=0.050  n_imp=34544  n_red=2464
20:46:06 | INFO |     step 139800  loss=5.1906  grp_sp=0.050  n_imp=34544  n_red=2464
20:49:16 | INFO |     step 140000  loss=5.2067  grp_sp=0.050  n_imp=34544  n_red=2464
20:52:25 | INFO |     step 140200  loss=5.1991  grp_sp=0.050  n_imp=34544  n_red=2464
20:55:35 | INFO |     step 140400  loss=5.1879  grp_sp=0.050  n_imp=34544  n_red=2464
20:58:43 | INFO |     step 140600  loss=5.1764  grp_sp=0.050  n_imp=34544  n_red=2464
21:01:52 | INFO |     step 140800  loss=5.1648  grp_sp=0.050  n_imp=34544  n_red=2464
21:05:02 | INFO |     step 141000  loss=5.1554  grp_sp=0.050  n_imp=34544  n_red=2464
21:08:12 | INFO |     step 141200  loss=5.1457  grp_sp=0.050  n_imp=34544  n_red=2464
21:11:23 | INFO |     step 141400  loss=5.1348  grp_sp=0.050  n_imp=34544  n_red=2464
21:14:34 | INFO |     step 141600  loss=5.1241  grp_sp=0.050  n_imp=34544  n_red=2464
21:17:44 | INFO |     step 141800  loss=5.1127  grp_sp=0.050  n_imp=34544  n_red=2464
21:20:55 | INFO |     step 142000  loss=5.1056  grp_sp=0.050  n_imp=34544  n_red=2464
21:24:06 | INFO |     step 142200  loss=5.1238  grp_sp=0.050  n_imp=34544  n_red=2464
21:27:16 | INFO |     step 142400  loss=5.1412  grp_sp=0.050  n_imp=34544  n_red=2464
21:30:26 | INFO |     step 142600  loss=5.1575  grp_sp=0.050  n_imp=34544  n_red=2464
21:33:37 | INFO |     step 142800  loss=5.1727  grp_sp=0.050  n_imp=34544  n_red=2464
21:36:48 | INFO |     step 143000  loss=5.1842  grp_sp=0.050  n_imp=34544  n_red=2464
21:39:59 | INFO |     step 143200  loss=5.1974  grp_sp=0.050  n_imp=34544  n_red=2464
21:43:09 | INFO |     step 143400  loss=5.1991  grp_sp=0.050  n_imp=34544  n_red=2464
21:46:20 | INFO |     step 143600  loss=5.1930  grp_sp=0.050  n_imp=34544  n_red=2464
21:49:31 | INFO |     step 143800  loss=5.2059  grp_sp=0.050  n_imp=34544  n_red=2464
21:52:42 | INFO |     step 144000  loss=5.2196  grp_sp=0.050  n_imp=34544  n_red=2464
21:55:54 | INFO |     step 144200  loss=5.2327  grp_sp=0.050  n_imp=34544  n_red=2464
21:59:04 | INFO |     step 144400  loss=5.2452  grp_sp=0.050  n_imp=34544  n_red=2464
22:02:16 | INFO |     step 144600  loss=5.2572  grp_sp=0.050  n_imp=34544  n_red=2464
22:05:27 | INFO |     step 144800  loss=5.2687  grp_sp=0.050  n_imp=34544  n_red=2464
22:08:37 | INFO |     step 145000  loss=5.2799  grp_sp=0.050  n_imp=34544  n_red=2464
22:11:48 | INFO |     step 145200  loss=5.2901  grp_sp=0.050  n_imp=34544  n_red=2464
22:15:00 | INFO |     step 145400  loss=5.2976  grp_sp=0.050  n_imp=34544  n_red=2464
22:18:12 | INFO |     step 145600  loss=5.3018  grp_sp=0.050  n_imp=34544  n_red=2464
22:21:24 | INFO |     step 145800  loss=5.3028  grp_sp=0.050  n_imp=34544  n_red=2464
22:24:35 | INFO |     step 146000  loss=5.3024  grp_sp=0.050  n_imp=34544  n_red=2464
22:27:48 | INFO |     step 146200  loss=5.3011  grp_sp=0.050  n_imp=34544  n_red=2464
22:31:00 | INFO |     step 146400  loss=5.2995  grp_sp=0.050  n_imp=34544  n_red=2464
22:34:11 | INFO |     step 146600  loss=5.2976  grp_sp=0.050  n_imp=34544  n_red=2464
22:37:22 | INFO |     step 146800  loss=5.2961  grp_sp=0.050  n_imp=34544  n_red=2464
22:40:34 | INFO |     step 147000  loss=5.2937  grp_sp=0.050  n_imp=34544  n_red=2464
22:43:46 | INFO |     step 147200  loss=5.2921  grp_sp=0.050  n_imp=34544  n_red=2464
22:46:58 | INFO |     step 147400  loss=5.2892  grp_sp=0.050  n_imp=34544  n_red=2464
22:50:09 | INFO |     step 147600  loss=5.2864  grp_sp=0.050  n_imp=34544  n_red=2464
22:53:22 | INFO |     step 147800  loss=5.2834  grp_sp=0.050  n_imp=34544  n_red=2464
22:56:32 | INFO |     step 148000  loss=5.2839  grp_sp=0.050  n_imp=34544  n_red=2464
22:59:42 | INFO |     step 148200  loss=5.2843  grp_sp=0.050  n_imp=34544  n_red=2464
23:02:52 | INFO |     step 148400  loss=5.2823  grp_sp=0.050  n_imp=34544  n_red=2464
23:06:02 | INFO |     step 148600  loss=5.2803  grp_sp=0.050  n_imp=34544  n_red=2464
23:09:12 | INFO |     step 148800  loss=5.2779  grp_sp=0.050  n_imp=34544  n_red=2464
23:12:21 | INFO |     step 149000  loss=5.2826  grp_sp=0.050  n_imp=34544  n_red=2464
23:15:31 | INFO |     step 149200  loss=5.2859  grp_sp=0.050  n_imp=34544  n_red=2464
23:18:41 | INFO |     step 149400  loss=5.2860  grp_sp=0.050  n_imp=34544  n_red=2464
23:21:51 | INFO |     step 149600  loss=5.2845  grp_sp=0.050  n_imp=34544  n_red=2464
23:25:01 | INFO |     step 149800  loss=5.2825  grp_sp=0.050  n_imp=34544  n_red=2464
23:28:11 | INFO |     step 150000  loss=5.2804  grp_sp=0.050  n_imp=34544  n_red=2464
23:31:21 | INFO |     step 150200  loss=5.2781  grp_sp=0.050  n_imp=34544  n_red=2464
23:34:32 | INFO |     step 150400  loss=5.2757  grp_sp=0.050  n_imp=34544  n_red=2464
23:37:41 | INFO |     step 150600  loss=5.2722  grp_sp=0.050  n_imp=34544  n_red=2464
23:40:50 | INFO |     step 150800  loss=5.2693  grp_sp=0.050  n_imp=34544  n_red=2464
23:43:59 | INFO |     step 151000  loss=5.2666  grp_sp=0.050  n_imp=34544  n_red=2464
23:47:08 | INFO |     step 151200  loss=5.2639  grp_sp=0.050  n_imp=34544  n_red=2464
23:50:18 | INFO |     step 151400  loss=5.2623  grp_sp=0.050  n_imp=34544  n_red=2464
23:53:28 | INFO |     step 151600  loss=5.2602  grp_sp=0.050  n_imp=34544  n_red=2464
23:56:37 | INFO |     step 151800  loss=5.2573  grp_sp=0.050  n_imp=34544  n_red=2464
23:59:47 | INFO |     step 152000  loss=5.2547  grp_sp=0.050  n_imp=34544  n_red=2464
00:02:58 | INFO |     step 152200  loss=5.2516  grp_sp=0.050  n_imp=34544  n_red=2464
00:06:08 | INFO |     step 152400  loss=5.2487  grp_sp=0.050  n_imp=34544  n_red=2464
00:09:18 | INFO |     step 152600  loss=5.2452  grp_sp=0.050  n_imp=34544  n_red=2464
00:12:29 | INFO |     step 152800  loss=5.2422  grp_sp=0.050  n_imp=34544  n_red=2464
00:15:40 | INFO |     step 153000  loss=5.2411  grp_sp=0.050  n_imp=34544  n_red=2464
00:18:51 | INFO |     step 153200  loss=5.2481  grp_sp=0.050  n_imp=34544  n_red=2464
00:22:02 | INFO |     step 153400  loss=5.2550  grp_sp=0.050  n_imp=34544  n_red=2464
00:25:13 | INFO |     step 153600  loss=5.2616  grp_sp=0.050  n_imp=34544  n_red=2464
00:28:25 | INFO |     step 153800  loss=5.2680  grp_sp=0.050  n_imp=34544  n_red=2464
00:31:36 | INFO |     step 154000  loss=5.2743  grp_sp=0.050  n_imp=34544  n_red=2464
00:34:48 | INFO |     step 154200  loss=5.2800  grp_sp=0.050  n_imp=34544  n_red=2464
00:38:00 | INFO |     step 154400  loss=5.2859  grp_sp=0.050  n_imp=34544  n_red=2464
00:41:12 | INFO |     step 154600  loss=5.2920  grp_sp=0.050  n_imp=34544  n_red=2464
00:44:24 | INFO |     step 154800  loss=5.2980  grp_sp=0.050  n_imp=34544  n_red=2464
00:46:16 | INFO | [EPOCH 7/10] loss=5.3015  grp_sp=0.050  (eval skipped)  elapsed=4726.1min
00:47:35 | INFO |     step 155000  loss=5.9468  grp_sp=0.050  n_imp=34544  n_red=2464
00:50:47 | INFO |     step 155200  loss=5.9498  grp_sp=0.050  n_imp=34544  n_red=2464
00:53:59 | INFO |     step 155400  loss=5.9497  grp_sp=0.050  n_imp=34544  n_red=2464
00:57:11 | INFO |     step 155600  loss=5.9500  grp_sp=0.050  n_imp=34544  n_red=2464
01:00:23 | INFO |     step 155800  loss=5.9500  grp_sp=0.050  n_imp=34544  n_red=2464
01:03:35 | INFO |     step 156000  loss=5.9491  grp_sp=0.050  n_imp=34544  n_red=2464
01:06:47 | INFO |     step 156200  loss=5.9466  grp_sp=0.050  n_imp=34544  n_red=2464
01:10:00 | INFO |     step 156400  loss=5.9328  grp_sp=0.050  n_imp=34544  n_red=2464
01:13:12 | INFO |     step 156600  loss=5.9343  grp_sp=0.050  n_imp=34544  n_red=2464
01:16:25 | INFO |     step 156800  loss=5.9360  grp_sp=0.050  n_imp=34544  n_red=2464
01:19:37 | INFO |     step 157000  loss=5.9365  grp_sp=0.050  n_imp=34544  n_red=2464
01:22:50 | INFO |     step 157200  loss=5.9378  grp_sp=0.050  n_imp=34544  n_red=2464
01:26:03 | INFO |     step 157400  loss=5.9383  grp_sp=0.050  n_imp=34544  n_red=2464
01:29:15 | INFO |     step 157600  loss=5.9388  grp_sp=0.050  n_imp=34544  n_red=2464
01:32:27 | INFO |     step 157800  loss=5.9389  grp_sp=0.050  n_imp=34544  n_red=2464
01:35:40 | INFO |     step 158000  loss=5.9388  grp_sp=0.050  n_imp=34544  n_red=2464
01:38:53 | INFO |     step 158200  loss=5.9381  grp_sp=0.050  n_imp=34544  n_red=2464
01:42:07 | INFO |     step 158400  loss=5.9370  grp_sp=0.050  n_imp=34544  n_red=2464
01:45:20 | INFO |     step 158600  loss=5.9342  grp_sp=0.050  n_imp=34544  n_red=2464
01:48:34 | INFO |     step 158800  loss=5.9329  grp_sp=0.050  n_imp=34544  n_red=2464
01:51:47 | INFO |     step 159000  loss=5.9333  grp_sp=0.050  n_imp=34544  n_red=2464
01:55:01 | INFO |     step 159200  loss=5.9304  grp_sp=0.050  n_imp=34544  n_red=2464
01:58:15 | INFO |     step 159400  loss=5.9298  grp_sp=0.050  n_imp=34544  n_red=2464
02:01:29 | INFO |     step 159600  loss=5.9308  grp_sp=0.050  n_imp=34544  n_red=2464
02:04:42 | INFO |     step 159800  loss=5.9319  grp_sp=0.050  n_imp=34544  n_red=2464
02:07:55 | INFO |     step 160000  loss=5.9329  grp_sp=0.067  n_imp=33928  n_red=3080
02:11:06 | INFO |     step 160200  loss=5.9337  grp_sp=0.067  n_imp=33928  n_red=3080
02:14:17 | INFO |     step 160400  loss=5.9344  grp_sp=0.067  n_imp=33928  n_red=3080
02:17:28 | INFO |     step 160600  loss=5.9351  grp_sp=0.067  n_imp=33928  n_red=3080
02:20:40 | INFO |     step 160800  loss=5.9358  grp_sp=0.067  n_imp=33928  n_red=3080
02:23:52 | INFO |     step 161000  loss=5.9363  grp_sp=0.067  n_imp=33928  n_red=3080
02:27:03 | INFO |     step 161200  loss=5.9369  grp_sp=0.067  n_imp=33928  n_red=3080
02:30:15 | INFO |     step 161400  loss=5.9375  grp_sp=0.067  n_imp=33928  n_red=3080
02:33:30 | INFO |     step 161600  loss=5.9380  grp_sp=0.067  n_imp=33928  n_red=3080
02:36:46 | INFO |     step 161800  loss=5.9385  grp_sp=0.067  n_imp=33928  n_red=3080
02:40:01 | INFO |     step 162000  loss=5.9389  grp_sp=0.067  n_imp=33928  n_red=3080
02:43:17 | INFO |     step 162200  loss=5.9393  grp_sp=0.067  n_imp=33928  n_red=3080
02:46:34 | INFO |     step 162400  loss=5.9397  grp_sp=0.067  n_imp=33928  n_red=3080
02:49:50 | INFO |     step 162600  loss=5.9401  grp_sp=0.067  n_imp=33928  n_red=3080
02:53:05 | INFO |     step 162800  loss=5.9404  grp_sp=0.067  n_imp=33928  n_red=3080
02:56:20 | INFO |     step 163000  loss=5.9406  grp_sp=0.067  n_imp=33928  n_red=3080
02:59:35 | INFO |     step 163200  loss=5.9408  grp_sp=0.067  n_imp=33928  n_red=3080
03:02:52 | INFO |     step 163400  loss=5.9411  grp_sp=0.067  n_imp=33928  n_red=3080
03:06:08 | INFO |     step 163600  loss=5.9413  grp_sp=0.067  n_imp=33928  n_red=3080
03:09:24 | INFO |     step 163800  loss=5.9416  grp_sp=0.067  n_imp=33928  n_red=3080
03:12:40 | INFO |     step 164000  loss=5.9418  grp_sp=0.067  n_imp=33928  n_red=3080
03:15:56 | INFO |     step 164200  loss=5.9420  grp_sp=0.067  n_imp=33928  n_red=3080
03:19:13 | INFO |     step 164400  loss=5.9422  grp_sp=0.067  n_imp=33928  n_red=3080
03:22:29 | INFO |     step 164600  loss=5.9424  grp_sp=0.067  n_imp=33928  n_red=3080
03:25:46 | INFO |     step 164800  loss=5.9426  grp_sp=0.067  n_imp=33928  n_red=3080
03:29:01 | INFO |     step 165000  loss=5.9428  grp_sp=0.067  n_imp=33928  n_red=3080
03:32:17 | INFO |     step 165200  loss=5.9430  grp_sp=0.067  n_imp=33928  n_red=3080
03:35:33 | INFO |     step 165400  loss=5.9432  grp_sp=0.067  n_imp=33928  n_red=3080
03:38:50 | INFO |     step 165600  loss=5.9433  grp_sp=0.067  n_imp=33928  n_red=3080
03:42:06 | INFO |     step 165800  loss=5.9436  grp_sp=0.067  n_imp=33928  n_red=3080
03:45:21 | INFO |     step 166000  loss=5.9437  grp_sp=0.067  n_imp=33928  n_red=3080
03:48:37 | INFO |     step 166200  loss=5.9438  grp_sp=0.067  n_imp=33928  n_red=3080
03:51:54 | INFO |     step 166400  loss=5.9440  grp_sp=0.067  n_imp=33928  n_red=3080
03:55:08 | INFO |     step 166600  loss=5.9441  grp_sp=0.067  n_imp=33928  n_red=3080
03:58:20 | INFO |     step 166800  loss=5.9442  grp_sp=0.067  n_imp=33928  n_red=3080
04:01:31 | INFO |     step 167000  loss=5.9443  grp_sp=0.067  n_imp=33928  n_red=3080
04:04:42 | INFO |     step 167200  loss=5.9444  grp_sp=0.067  n_imp=33928  n_red=3080
04:07:52 | INFO |     step 167400  loss=5.9446  grp_sp=0.067  n_imp=33928  n_red=3080
04:11:04 | INFO |     step 167600  loss=5.9447  grp_sp=0.067  n_imp=33928  n_red=3080
04:14:16 | INFO |     step 167800  loss=5.9448  grp_sp=0.067  n_imp=33928  n_red=3080
04:17:28 | INFO |     step 168000  loss=5.9449  grp_sp=0.067  n_imp=33928  n_red=3080
04:20:39 | INFO |     step 168200  loss=5.9450  grp_sp=0.067  n_imp=33928  n_red=3080
04:23:50 | INFO |     step 168400  loss=5.9451  grp_sp=0.067  n_imp=33928  n_red=3080
04:27:01 | INFO |     step 168600  loss=5.9452  grp_sp=0.067  n_imp=33928  n_red=3080
04:30:12 | INFO |     step 168800  loss=5.9453  grp_sp=0.067  n_imp=33928  n_red=3080
04:33:23 | INFO |     step 169000  loss=5.9454  grp_sp=0.067  n_imp=33928  n_red=3080
04:36:33 | INFO |     step 169200  loss=5.9455  grp_sp=0.067  n_imp=33928  n_red=3080
04:39:43 | INFO |     step 169400  loss=5.9456  grp_sp=0.067  n_imp=33928  n_red=3080
04:42:54 | INFO |     step 169600  loss=5.9457  grp_sp=0.067  n_imp=33928  n_red=3080
04:46:06 | INFO |     step 169800  loss=5.9458  grp_sp=0.067  n_imp=33928  n_red=3080
04:49:17 | INFO |     step 170000  loss=5.9458  grp_sp=0.067  n_imp=33928  n_red=3080
04:52:28 | INFO |     step 170200  loss=5.9459  grp_sp=0.067  n_imp=33928  n_red=3080
04:55:40 | INFO |     step 170400  loss=5.9459  grp_sp=0.067  n_imp=33928  n_red=3080
04:58:53 | INFO |     step 170600  loss=5.9460  grp_sp=0.067  n_imp=33928  n_red=3080
05:02:05 | INFO |     step 170800  loss=5.9460  grp_sp=0.067  n_imp=33928  n_red=3080
05:05:18 | INFO |     step 171000  loss=5.9461  grp_sp=0.067  n_imp=33928  n_red=3080
05:08:31 | INFO |     step 171200  loss=5.9462  grp_sp=0.067  n_imp=33928  n_red=3080
05:11:44 | INFO |     step 171400  loss=5.9462  grp_sp=0.067  n_imp=33928  n_red=3080
05:14:56 | INFO |     step 171600  loss=5.9463  grp_sp=0.067  n_imp=33928  n_red=3080
05:18:08 | INFO |     step 171800  loss=5.9464  grp_sp=0.067  n_imp=33928  n_red=3080
05:21:20 | INFO |     step 172000  loss=5.9464  grp_sp=0.067  n_imp=33928  n_red=3080
05:24:31 | INFO |     step 172200  loss=5.9464  grp_sp=0.067  n_imp=33928  n_red=3080
05:27:42 | INFO |     step 172400  loss=5.9465  grp_sp=0.067  n_imp=33928  n_red=3080
05:30:53 | INFO |     step 172600  loss=5.9465  grp_sp=0.067  n_imp=33928  n_red=3080
05:34:04 | INFO |     step 172800  loss=5.9466  grp_sp=0.067  n_imp=33928  n_red=3080
05:37:17 | INFO |     step 173000  loss=5.9466  grp_sp=0.067  n_imp=33928  n_red=3080
05:40:29 | INFO |     step 173200  loss=5.9466  grp_sp=0.067  n_imp=33928  n_red=3080
05:43:41 | INFO |     step 173400  loss=5.9467  grp_sp=0.067  n_imp=33928  n_red=3080
05:46:52 | INFO |     step 173600  loss=5.9468  grp_sp=0.067  n_imp=33928  n_red=3080
05:50:06 | INFO |     step 173800  loss=5.9468  grp_sp=0.067  n_imp=33928  n_red=3080
05:53:59 | INFO |     step 174000  loss=5.9469  grp_sp=0.067  n_imp=33928  n_red=3080
05:57:10 | INFO |     step 174200  loss=5.9469  grp_sp=0.067  n_imp=33928  n_red=3080
06:00:21 | INFO |     step 174400  loss=5.9470  grp_sp=0.067  n_imp=33928  n_red=3080
06:03:32 | INFO |     step 174600  loss=5.9470  grp_sp=0.067  n_imp=33928  n_red=3080
06:06:43 | INFO |     step 174800  loss=5.9471  grp_sp=0.067  n_imp=33928  n_red=3080
06:09:54 | INFO |     step 175000  loss=5.9471  grp_sp=0.067  n_imp=33928  n_red=3080
06:13:05 | INFO |     step 175200  loss=5.9472  grp_sp=0.067  n_imp=33928  n_red=3080
06:16:15 | INFO |     step 175400  loss=5.9472  grp_sp=0.067  n_imp=33928  n_red=3080
06:19:26 | INFO |     step 175600  loss=5.9472  grp_sp=0.067  n_imp=33928  n_red=3080
06:22:37 | INFO |     step 175800  loss=5.9473  grp_sp=0.067  n_imp=33928  n_red=3080
06:25:47 | INFO |     step 176000  loss=5.9473  grp_sp=0.067  n_imp=33928  n_red=3080
06:28:58 | INFO |     step 176200  loss=5.9474  grp_sp=0.067  n_imp=33928  n_red=3080
06:32:08 | INFO |     step 176400  loss=5.9474  grp_sp=0.067  n_imp=33928  n_red=3080
06:35:18 | INFO |     step 176600  loss=5.9474  grp_sp=0.067  n_imp=33928  n_red=3080
06:38:28 | INFO |     step 176800  loss=5.9475  grp_sp=0.067  n_imp=33928  n_red=3080
06:41:38 | INFO |     step 177000  loss=5.9475  grp_sp=0.067  n_imp=33928  n_red=3080
06:45:49 | INFO | [EPOCH 8/10] loss=5.9475  grp_sp=0.067  EM=0.16  F1=6.91  elapsed=5082.2min
06:48:13 | INFO |     step 177200  loss=5.9505  grp_sp=0.067  n_imp=33928  n_red=3080
06:51:25 | INFO |     step 177400  loss=5.9504  grp_sp=0.067  n_imp=33928  n_red=3080
06:54:36 | INFO |     step 177600  loss=5.9506  grp_sp=0.067  n_imp=33928  n_red=3080
06:57:47 | INFO |     step 177800  loss=5.9509  grp_sp=0.067  n_imp=33928  n_red=3080
07:00:58 | INFO |     step 178000  loss=5.9512  grp_sp=0.067  n_imp=33928  n_red=3080
07:04:10 | INFO |     step 178200  loss=5.9512  grp_sp=0.067  n_imp=33928  n_red=3080
07:07:20 | INFO |     step 178400  loss=5.9514  grp_sp=0.067  n_imp=33928  n_red=3080
07:10:32 | INFO |     step 178600  loss=5.9514  grp_sp=0.067  n_imp=33928  n_red=3080
07:13:43 | INFO |     step 178800  loss=5.9513  grp_sp=0.067  n_imp=33928  n_red=3080
07:16:55 | INFO |     step 179000  loss=5.9512  grp_sp=0.067  n_imp=33928  n_red=3080
07:20:06 | INFO |     step 179200  loss=5.9510  grp_sp=0.067  n_imp=33928  n_red=3080
07:23:17 | INFO |     step 179400  loss=5.9510  grp_sp=0.067  n_imp=33928  n_red=3080
07:26:29 | INFO |     step 179600  loss=5.9510  grp_sp=0.067  n_imp=33928  n_red=3080
07:29:41 | INFO |     step 179800  loss=5.9510  grp_sp=0.067  n_imp=33928  n_red=3080
07:32:52 | INFO |     step 180000  loss=5.9511  grp_sp=0.067  n_imp=33928  n_red=3080
07:36:03 | INFO |     step 180200  loss=5.9510  grp_sp=0.067  n_imp=33928  n_red=3080
07:39:14 | INFO |     step 180400  loss=5.9510  grp_sp=0.067  n_imp=33928  n_red=3080
07:42:26 | INFO |     step 180600  loss=5.9509  grp_sp=0.067  n_imp=33928  n_red=3080
07:45:38 | INFO |     step 180800  loss=5.9509  grp_sp=0.067  n_imp=33928  n_red=3080
07:48:50 | INFO |     step 181000  loss=5.9510  grp_sp=0.067  n_imp=33928  n_red=3080
07:52:00 | INFO |     step 181200  loss=5.9509  grp_sp=0.067  n_imp=33928  n_red=3080
07:55:11 | INFO |     step 181400  loss=5.9509  grp_sp=0.067  n_imp=33928  n_red=3080
07:58:23 | INFO |     step 181600  loss=5.9509  grp_sp=0.067  n_imp=33928  n_red=3080
08:01:34 | INFO |     step 181800  loss=5.9509  grp_sp=0.067  n_imp=33928  n_red=3080
08:04:46 | INFO |     step 182000  loss=5.9509  grp_sp=0.067  n_imp=33928  n_red=3080
08:07:57 | INFO |     step 182200  loss=5.9509  grp_sp=0.067  n_imp=33928  n_red=3080
08:11:09 | INFO |     step 182400  loss=5.9509  grp_sp=0.067  n_imp=33928  n_red=3080
08:14:21 | INFO |     step 182600  loss=5.9509  grp_sp=0.067  n_imp=33928  n_red=3080
08:17:32 | INFO |     step 182800  loss=5.9509  grp_sp=0.067  n_imp=33928  n_red=3080
08:20:44 | INFO |     step 183000  loss=5.9509  grp_sp=0.067  n_imp=33928  n_red=3080
08:23:55 | INFO |     step 183200  loss=5.9509  grp_sp=0.067  n_imp=33928  n_red=3080
08:27:07 | INFO |     step 183400  loss=5.9509  grp_sp=0.067  n_imp=33928  n_red=3080
08:30:19 | INFO |     step 183600  loss=5.9509  grp_sp=0.067  n_imp=33928  n_red=3080
08:33:30 | INFO |     step 183800  loss=5.9509  grp_sp=0.067  n_imp=33928  n_red=3080
08:36:42 | INFO |     step 184000  loss=5.9508  grp_sp=0.067  n_imp=33928  n_red=3080
08:39:53 | INFO |     step 184200  loss=5.9508  grp_sp=0.067  n_imp=33928  n_red=3080
08:43:05 | INFO |     step 184400  loss=5.9508  grp_sp=0.067  n_imp=33928  n_red=3080
08:46:17 | INFO |     step 184600  loss=5.9509  grp_sp=0.067  n_imp=33928  n_red=3080
08:49:29 | INFO |     step 184800  loss=5.9509  grp_sp=0.067  n_imp=33928  n_red=3080
08:52:39 | INFO |     step 185000  loss=5.9508  grp_sp=0.067  n_imp=33928  n_red=3080
08:55:52 | INFO |     step 185200  loss=5.9509  grp_sp=0.067  n_imp=33928  n_red=3080
08:59:04 | INFO |     step 185400  loss=5.9508  grp_sp=0.067  n_imp=33928  n_red=3080
09:02:16 | INFO |     step 185600  loss=5.9508  grp_sp=0.067  n_imp=33928  n_red=3080
09:05:28 | INFO |     step 185800  loss=5.9509  grp_sp=0.067  n_imp=33928  n_red=3080
09:08:40 | INFO |     step 186000  loss=5.9509  grp_sp=0.067  n_imp=33928  n_red=3080
09:11:51 | INFO |     step 186200  loss=5.9508  grp_sp=0.067  n_imp=33928  n_red=3080
09:15:03 | INFO |     step 186400  loss=5.9509  grp_sp=0.067  n_imp=33928  n_red=3080
09:18:15 | INFO |     step 186600  loss=5.9509  grp_sp=0.067  n_imp=33928  n_red=3080
09:21:27 | INFO |     step 186800  loss=5.9509  grp_sp=0.067  n_imp=33928  n_red=3080
09:24:39 | INFO |     step 187000  loss=5.9509  grp_sp=0.067  n_imp=33928  n_red=3080
09:27:51 | INFO |     step 187200  loss=5.9509  grp_sp=0.067  n_imp=33928  n_red=3080
09:31:02 | INFO |     step 187400  loss=5.9508  grp_sp=0.067  n_imp=33928  n_red=3080
09:34:15 | INFO |     step 187600  loss=5.9508  grp_sp=0.067  n_imp=33928  n_red=3080
09:37:26 | INFO |     step 187800  loss=5.9508  grp_sp=0.067  n_imp=33928  n_red=3080
09:40:39 | INFO |     step 188000  loss=5.9509  grp_sp=0.067  n_imp=33928  n_red=3080
09:43:51 | INFO |     step 188200  loss=5.9509  grp_sp=0.067  n_imp=33928  n_red=3080
09:47:03 | INFO |     step 188400  loss=5.9508  grp_sp=0.067  n_imp=33928  n_red=3080
09:50:15 | INFO |     step 188600  loss=5.9508  grp_sp=0.067  n_imp=33928  n_red=3080
09:53:26 | INFO |     step 188800  loss=5.9508  grp_sp=0.067  n_imp=33928  n_red=3080
09:56:37 | INFO |     step 189000  loss=5.9508  grp_sp=0.067  n_imp=33928  n_red=3080
09:59:50 | INFO |     step 189200  loss=5.9508  grp_sp=0.067  n_imp=33928  n_red=3080
10:03:02 | INFO |     step 189400  loss=5.9508  grp_sp=0.067  n_imp=33928  n_red=3080
10:06:16 | INFO |     step 189600  loss=5.9508  grp_sp=0.067  n_imp=33928  n_red=3080
10:09:28 | INFO |     step 189800  loss=5.9508  grp_sp=0.067  n_imp=33928  n_red=3080
10:12:40 | INFO |     step 190000  loss=5.9508  grp_sp=0.067  n_imp=33928  n_red=3080
10:15:51 | INFO |     step 190200  loss=5.9508  grp_sp=0.067  n_imp=33928  n_red=3080
10:19:03 | INFO |     step 190400  loss=5.9508  grp_sp=0.067  n_imp=33928  n_red=3080
10:22:15 | INFO |     step 190600  loss=5.9508  grp_sp=0.083  n_imp=33308  n_red=3700
10:25:26 | INFO |     step 190800  loss=5.9508  grp_sp=0.083  n_imp=33308  n_red=3700
10:28:38 | INFO |     step 191000  loss=5.9508  grp_sp=0.083  n_imp=33308  n_red=3700
10:31:49 | INFO |     step 191200  loss=5.9508  grp_sp=0.083  n_imp=33308  n_red=3700
10:35:01 | INFO |     step 191400  loss=5.9508  grp_sp=0.083  n_imp=33308  n_red=3700
10:38:13 | INFO |     step 191600  loss=5.9508  grp_sp=0.083  n_imp=33308  n_red=3700
10:41:24 | INFO |     step 191800  loss=5.9508  grp_sp=0.083  n_imp=33308  n_red=3700
10:44:35 | INFO |     step 192000  loss=5.9508  grp_sp=0.083  n_imp=33308  n_red=3700
10:47:47 | INFO |     step 192200  loss=5.9508  grp_sp=0.083  n_imp=33308  n_red=3700
10:50:59 | INFO |     step 192400  loss=5.9508  grp_sp=0.083  n_imp=33308  n_red=3700
10:54:11 | INFO |     step 192600  loss=5.9508  grp_sp=0.083  n_imp=33308  n_red=3700
10:57:23 | INFO |     step 192800  loss=5.9508  grp_sp=0.083  n_imp=33308  n_red=3700
11:00:35 | INFO |     step 193000  loss=5.9508  grp_sp=0.083  n_imp=33308  n_red=3700
11:03:47 | INFO |     step 193200  loss=5.9508  grp_sp=0.083  n_imp=33308  n_red=3700
11:06:59 | INFO |     step 193400  loss=5.9508  grp_sp=0.083  n_imp=33308  n_red=3700
11:10:12 | INFO |     step 193600  loss=5.9508  grp_sp=0.083  n_imp=33308  n_red=3700
11:13:24 | INFO |     step 193800  loss=5.9508  grp_sp=0.083  n_imp=33308  n_red=3700
11:16:36 | INFO |     step 194000  loss=5.9508  grp_sp=0.083  n_imp=33308  n_red=3700
11:19:50 | INFO |     step 194200  loss=5.9508  grp_sp=0.083  n_imp=33308  n_red=3700
11:23:02 | INFO |     step 194400  loss=5.9508  grp_sp=0.083  n_imp=33308  n_red=3700
11:26:15 | INFO |     step 194600  loss=5.9508  grp_sp=0.083  n_imp=33308  n_red=3700
11:29:28 | INFO |     step 194800  loss=5.9508  grp_sp=0.083  n_imp=33308  n_red=3700
11:32:43 | INFO |     step 195000  loss=5.9508  grp_sp=0.083  n_imp=33308  n_red=3700
11:35:54 | INFO |     step 195200  loss=5.9508  grp_sp=0.083  n_imp=33308  n_red=3700
11:39:05 | INFO |     step 195400  loss=5.9508  grp_sp=0.083  n_imp=33308  n_red=3700
11:42:17 | INFO |     step 195600  loss=5.9508  grp_sp=0.083  n_imp=33308  n_red=3700
11:45:28 | INFO |     step 195800  loss=5.9508  grp_sp=0.083  n_imp=33308  n_red=3700
11:48:40 | INFO |     step 196000  loss=5.9508  grp_sp=0.083  n_imp=33308  n_red=3700
11:52:50 | INFO |     step 196200  loss=5.9508  grp_sp=0.083  n_imp=33308  n_red=3700
11:55:49 | INFO |     step 196400  loss=5.9508  grp_sp=0.083  n_imp=33308  n_red=3700
11:59:00 | INFO |     step 196600  loss=5.9508  grp_sp=0.083  n_imp=33308  n_red=3700
12:02:12 | INFO |     step 196800  loss=5.9508  grp_sp=0.083  n_imp=33308  n_red=3700
12:05:26 | INFO |     step 197000  loss=5.9508  grp_sp=0.083  n_imp=33308  n_red=3700
12:08:43 | INFO |     step 197200  loss=5.9508  grp_sp=0.083  n_imp=33308  n_red=3700
12:11:59 | INFO |     step 197400  loss=5.9508  grp_sp=0.083  n_imp=33308  n_red=3700
12:15:15 | INFO |     step 197600  loss=5.9508  grp_sp=0.083  n_imp=33308  n_red=3700
12:18:33 | INFO |     step 197800  loss=5.9508  grp_sp=0.083  n_imp=33308  n_red=3700
12:21:51 | INFO |     step 198000  loss=5.9508  grp_sp=0.083  n_imp=33308  n_red=3700
12:25:08 | INFO |     step 198200  loss=5.9508  grp_sp=0.083  n_imp=33308  n_red=3700
12:28:26 | INFO |     step 198400  loss=5.9508  grp_sp=0.083  n_imp=33308  n_red=3700
12:31:43 | INFO |     step 198600  loss=5.9508  grp_sp=0.083  n_imp=33308  n_red=3700
12:35:01 | INFO |     step 198800  loss=5.9508  grp_sp=0.083  n_imp=33308  n_red=3700
12:38:18 | INFO |     step 199000  loss=5.9508  grp_sp=0.083  n_imp=33308  n_red=3700
12:44:46 | INFO | [EPOCH 9/10] loss=5.9508  grp_sp=0.083  EM=0.26  F1=1.82  elapsed=5441.1min
12:45:06 | INFO |     step 199200  loss=5.9527  grp_sp=0.083  n_imp=33308  n_red=3700
12:48:23 | INFO |     step 199400  loss=5.9510  grp_sp=0.083  n_imp=33308  n_red=3700
12:51:40 | INFO |     step 199600  loss=5.9507  grp_sp=0.083  n_imp=33308  n_red=3700
12:54:57 | INFO |     step 199800  loss=5.9507  grp_sp=0.083  n_imp=33308  n_red=3700
12:58:14 | INFO |     step 200000  loss=5.9508  grp_sp=0.083  n_imp=33308  n_red=3700
13:01:31 | INFO |     step 200200  loss=5.9507  grp_sp=0.083  n_imp=33308  n_red=3700
13:04:48 | INFO |     step 200400  loss=5.9508  grp_sp=0.083  n_imp=33308  n_red=3700
13:08:05 | INFO |     step 200600  loss=5.9508  grp_sp=0.083  n_imp=33308  n_red=3700
13:11:22 | INFO |     step 200800  loss=5.9507  grp_sp=0.083  n_imp=33308  n_red=3700
13:14:41 | INFO |     step 201000  loss=5.9506  grp_sp=0.083  n_imp=33308  n_red=3700
13:17:58 | INFO |     step 201200  loss=5.9506  grp_sp=0.083  n_imp=33308  n_red=3700
13:21:15 | INFO |     step 201400  loss=5.9506  grp_sp=0.083  n_imp=33308  n_red=3700
13:24:32 | INFO |     step 201600  loss=5.9507  grp_sp=0.083  n_imp=33308  n_red=3700
13:27:46 | INFO |     step 201800  loss=5.9507  grp_sp=0.083  n_imp=33308  n_red=3700
13:30:58 | INFO |     step 202000  loss=5.9507  grp_sp=0.083  n_imp=33308  n_red=3700
13:34:11 | INFO |     step 202200  loss=5.9507  grp_sp=0.083  n_imp=33308  n_red=3700
13:37:24 | INFO |     step 202400  loss=5.9508  grp_sp=0.083  n_imp=33308  n_red=3700
13:40:37 | INFO |     step 202600  loss=5.9508  grp_sp=0.083  n_imp=33308  n_red=3700
13:43:49 | INFO |     step 202800  loss=5.9508  grp_sp=0.083  n_imp=33308  n_red=3700
13:47:01 | INFO |     step 203000  loss=5.9508  grp_sp=0.083  n_imp=33308  n_red=3700
13:50:12 | INFO |     step 203200  loss=5.9508  grp_sp=0.083  n_imp=33308  n_red=3700
13:53:23 | INFO |     step 203400  loss=5.9508  grp_sp=0.083  n_imp=33308  n_red=3700
13:56:34 | INFO |     step 203600  loss=5.9507  grp_sp=0.083  n_imp=33308  n_red=3700
13:59:46 | INFO |     step 203800  loss=5.9508  grp_sp=0.083  n_imp=33308  n_red=3700
14:02:58 | INFO |     step 204000  loss=5.9508  grp_sp=0.083  n_imp=33308  n_red=3700
14:06:08 | INFO |     step 204200  loss=5.9508  grp_sp=0.083  n_imp=33308  n_red=3700
14:09:19 | INFO |     step 204400  loss=5.9508  grp_sp=0.083  n_imp=33308  n_red=3700
14:12:29 | INFO |     step 204600  loss=5.9508  grp_sp=0.083  n_imp=33308  n_red=3700
14:15:41 | INFO |     step 204800  loss=5.9508  grp_sp=0.083  n_imp=33308  n_red=3700
14:18:52 | INFO |     step 205000  loss=5.9508  grp_sp=0.083  n_imp=33308  n_red=3700
14:22:03 | INFO |     step 205200  loss=5.9508  grp_sp=0.083  n_imp=33308  n_red=3700
14:25:14 | INFO |     step 205400  loss=5.9508  grp_sp=0.083  n_imp=33308  n_red=3700
14:28:25 | INFO |     step 205600  loss=5.9508  grp_sp=0.083  n_imp=33308  n_red=3700
14:31:36 | INFO |     step 205800  loss=5.9508  grp_sp=0.083  n_imp=33308  n_red=3700
14:34:46 | INFO |     step 206000  loss=5.9508  grp_sp=0.083  n_imp=33308  n_red=3700
14:37:58 | INFO |     step 206200  loss=5.9508  grp_sp=0.083  n_imp=33308  n_red=3700
14:41:09 | INFO |     step 206400  loss=5.9508  grp_sp=0.083  n_imp=33308  n_red=3700
14:44:20 | INFO |     step 206600  loss=5.9508  grp_sp=0.083  n_imp=33308  n_red=3700
14:47:30 | INFO |     step 206800  loss=5.9508  grp_sp=0.083  n_imp=33308  n_red=3700
14:50:40 | INFO |     step 207000  loss=5.9508  grp_sp=0.083  n_imp=33308  n_red=3700
14:53:51 | INFO |     step 207200  loss=5.9508  grp_sp=0.083  n_imp=33308  n_red=3700
14:57:01 | INFO |     step 207400  loss=5.9508  grp_sp=0.083  n_imp=33308  n_red=3700
15:00:12 | INFO |     step 207600  loss=5.9508  grp_sp=0.083  n_imp=33308  n_red=3700
15:03:24 | INFO |     step 207800  loss=5.9508  grp_sp=0.083  n_imp=33308  n_red=3700
15:06:36 | INFO |     step 208000  loss=5.9508  grp_sp=0.083  n_imp=33308  n_red=3700
15:09:47 | INFO |     step 208200  loss=5.9508  grp_sp=0.083  n_imp=33308  n_red=3700
15:12:58 | INFO |     step 208400  loss=5.9508  grp_sp=0.083  n_imp=33308  n_red=3700
15:16:10 | INFO |     step 208600  loss=5.9508  grp_sp=0.083  n_imp=33308  n_red=3700
15:19:24 | INFO |     step 208800  loss=5.9508  grp_sp=0.083  n_imp=33308  n_red=3700
15:22:36 | INFO |     step 209000  loss=5.9508  grp_sp=0.083  n_imp=33308  n_red=3700
15:25:49 | INFO |     step 209200  loss=5.9508  grp_sp=0.083  n_imp=33308  n_red=3700
15:29:02 | INFO |     step 209400  loss=5.9508  grp_sp=0.083  n_imp=33308  n_red=3700
15:32:14 | INFO |     step 209600  loss=5.9508  grp_sp=0.083  n_imp=33308  n_red=3700
15:35:27 | INFO |     step 209800  loss=5.9508  grp_sp=0.083  n_imp=33308  n_red=3700
15:38:41 | INFO |     step 210000  loss=5.9508  grp_sp=0.083  n_imp=33308  n_red=3700
15:41:54 | INFO |     step 210200  loss=5.9508  grp_sp=0.083  n_imp=33308  n_red=3700
15:45:06 | INFO |     step 210400  loss=5.9508  grp_sp=0.083  n_imp=33308  n_red=3700
15:48:18 | INFO |     step 210600  loss=5.9508  grp_sp=0.083  n_imp=33308  n_red=3700
15:51:30 | INFO |     step 210800  loss=5.9508  grp_sp=0.083  n_imp=33308  n_red=3700
15:54:42 | INFO |     step 211000  loss=5.9508  grp_sp=0.083  n_imp=33308  n_red=3700
15:57:55 | INFO |     step 211200  loss=5.9508  grp_sp=0.083  n_imp=33308  n_red=3700
16:01:08 | INFO |     step 211400  loss=5.9508  grp_sp=0.083  n_imp=33308  n_red=3700
16:04:20 | INFO |     step 211600  loss=5.9508  grp_sp=0.083  n_imp=33308  n_red=3700
16:07:33 | INFO |     step 211800  loss=5.9507  grp_sp=0.083  n_imp=33308  n_red=3700
16:10:46 | INFO |     step 212000  loss=5.9507  grp_sp=0.083  n_imp=33308  n_red=3700
16:13:58 | INFO |     step 212200  loss=5.9507  grp_sp=0.083  n_imp=33308  n_red=3700
16:17:09 | INFO |     step 212400  loss=5.9508  grp_sp=0.083  n_imp=33308  n_red=3700
16:20:21 | INFO |     step 212600  loss=5.9507  grp_sp=0.083  n_imp=33308  n_red=3700
16:23:37 | INFO |     step 212800  loss=5.9507  grp_sp=0.083  n_imp=33308  n_red=3700
16:26:55 | INFO |     step 213000  loss=5.9507  grp_sp=0.083  n_imp=33308  n_red=3700
16:30:12 | INFO |     step 213200  loss=5.9507  grp_sp=0.083  n_imp=33308  n_red=3700
16:33:30 | INFO |     step 213400  loss=5.9507  grp_sp=0.083  n_imp=33308  n_red=3700
16:36:47 | INFO |     step 213600  loss=5.9507  grp_sp=0.083  n_imp=33308  n_red=3700
16:40:06 | INFO |     step 213800  loss=5.9507  grp_sp=0.083  n_imp=33308  n_red=3700
16:43:24 | INFO |     step 214000  loss=5.9507  grp_sp=0.083  n_imp=33308  n_red=3700
16:46:42 | INFO |     step 214200  loss=5.9507  grp_sp=0.083  n_imp=33308  n_red=3700
16:50:01 | INFO |     step 214400  loss=5.9507  grp_sp=0.083  n_imp=33308  n_red=3700
16:53:19 | INFO |     step 214600  loss=5.9507  grp_sp=0.083  n_imp=33308  n_red=3700
16:56:38 | INFO |     step 214800  loss=5.9507  grp_sp=0.083  n_imp=33308  n_red=3700
16:59:57 | INFO |     step 215000  loss=5.9507  grp_sp=0.083  n_imp=33308  n_red=3700
17:03:15 | INFO |     step 215200  loss=5.9507  grp_sp=0.083  n_imp=33308  n_red=3700
17:06:34 | INFO |     step 215400  loss=5.9507  grp_sp=0.083  n_imp=33308  n_red=3700
17:09:54 | INFO |     step 215600  loss=5.9507  grp_sp=0.083  n_imp=33308  n_red=3700
17:13:14 | INFO |     step 215800  loss=5.9507  grp_sp=0.083  n_imp=33308  n_red=3700
17:16:33 | INFO |     step 216000  loss=5.9507  grp_sp=0.083  n_imp=33308  n_red=3700
17:19:52 | INFO |     step 216200  loss=5.9507  grp_sp=0.083  n_imp=33308  n_red=3700
17:23:12 | INFO |     step 216400  loss=5.9507  grp_sp=0.083  n_imp=33308  n_red=3700
17:26:31 | INFO |     step 216600  loss=5.9507  grp_sp=0.083  n_imp=33308  n_red=3700
17:29:49 | INFO |     step 216800  loss=5.9507  grp_sp=0.083  n_imp=33308  n_red=3700
17:33:08 | INFO |     step 217000  loss=5.9507  grp_sp=0.083  n_imp=33308  n_red=3700
17:36:28 | INFO |     step 217200  loss=5.9507  grp_sp=0.083  n_imp=33308  n_red=3700
17:39:47 | INFO |     step 217400  loss=5.9507  grp_sp=0.083  n_imp=33308  n_red=3700
17:43:07 | INFO |     step 217600  loss=5.9507  grp_sp=0.083  n_imp=33308  n_red=3700
17:46:27 | INFO |     step 217800  loss=5.9507  grp_sp=0.083  n_imp=33308  n_red=3700
17:49:46 | INFO |     step 218000  loss=5.9507  grp_sp=0.083  n_imp=33308  n_red=3700
17:53:06 | INFO |     step 218200  loss=5.9507  grp_sp=0.083  n_imp=33308  n_red=3700
17:56:33 | INFO |     step 218400  loss=5.9507  grp_sp=0.083  n_imp=33308  n_red=3700
18:00:55 | INFO |     step 218600  loss=5.9507  grp_sp=0.083  n_imp=33308  n_red=3700
18:03:46 | INFO |     step 218800  loss=5.9507  grp_sp=0.083  n_imp=33308  n_red=3700
18:05:16 | INFO |     step 219000  loss=5.9507  grp_sp=0.083  n_imp=33308  n_red=3700
18:06:46 | INFO |     step 219200  loss=5.9507  grp_sp=0.083  n_imp=33308  n_red=3700
18:08:17 | INFO |     step 219400  loss=5.9507  grp_sp=0.083  n_imp=33308  n_red=3700
18:09:45 | INFO |     step 219600  loss=5.9507  grp_sp=0.083  n_imp=33308  n_red=3700
18:11:12 | INFO |     step 219800  loss=5.9507  grp_sp=0.083  n_imp=33308  n_red=3700
18:12:41 | INFO |     step 220000  loss=5.9507  grp_sp=0.083  n_imp=33308  n_red=3700
18:14:10 | INFO |     step 220200  loss=5.9507  grp_sp=0.083  n_imp=33308  n_red=3700
18:15:37 | INFO |     step 220400  loss=5.9507  grp_sp=0.083  n_imp=33308  n_red=3700
18:17:05 | INFO |     step 220600  loss=5.9507  grp_sp=0.083  n_imp=33308  n_red=3700
18:18:34 | INFO |     step 220800  loss=5.9507  grp_sp=0.083  n_imp=33308  n_red=3700
18:20:01 | INFO |     step 221000  loss=5.9507  grp_sp=0.083  n_imp=33308  n_red=3700
18:21:28 | INFO |     step 221200  loss=5.9507  grp_sp=0.083  n_imp=33308  n_red=3700
18:24:51 | INFO | [EPOCH 10/10] loss=5.9507  grp_sp=0.100  EM=0.19  F1=4.60  elapsed=5782.1min
18:24:51 | INFO | [TRAIN] done. best F1=6.91 at epoch 8
18:24:51 | INFO | [FINAL] target sparsity=0.1  actual=0.1000
18:24:51 | INFO | [SUBNET] constructing compressed model
18:24:52 | INFO | [SUBNET] full  : ./results/sp10/BertForQuestionAnswering_full_group_sparse.pt
18:24:52 | INFO | [SUBNET] comp  : ./results/sp10/BertForQuestionAnswering_compressed.pt
18:27:23 | INFO | [METRICS] BOPs=1036715.2M  params=103.21M
18:27:23 | INFO | [EVAL compressed] EM=0.18  F1=4.48
18:27:23 | INFO | [SAVE] results -> ./results/sp10/
18:27:23 | INFO | 
============================================================
18:27:23 | INFO |   SUMMARY
18:27:23 | INFO | ============================================================
18:27:23 | INFO |     Target    Actual        EM        F1     BOPs(M)   Params(M)
18:27:23 | INFO |        10%    0.1000      0.18      4.48   1036715.2      103.21
18:27:23 | INFO | 
[OK] Phase 5 complete. Results in ./results/
