17:48:29 | INFO | [log] ./results/phase5_20260424_174829.log
17:48:29 | INFO | [env] torch=2.5.1+cu121  device=cuda
17:48:29 | INFO | [cfg] sparsity=[0.7]  epochs=10  bs=4  lr=3e-05  lr_quant=0.0001  br=2  P=6  Kp=6  seed=42
17:48:36 | INFO | [DATA] raw train=87599  raw val=10570
17:48:36 | INFO | [DATA] train features=88524  val features=10784
17:48:36 | INFO | 
============================================================
17:48:36 | INFO |   EXPERIMENT: sparsity=0.7  tag=sp70
17:48:36 | INFO | ============================================================
17:48:36 | INFO | [M1] loading BERT QA
17:48:38 | INFO | [M2] quantize wrap + STE fix
17:48:39 | INFO | [CALIB] running 8 batches of bs=4
17:48:40 | INFO | [calib] 8 batches over 73 layers  (skipped=0)  num_bits=16  safety=1.05
17:48:40 | INFO | [calib] observed max|x|: min=2.665  median=14.866  max=137.556
17:48:40 | INFO | [M3] building OTO graph
17:49:35 | INFO | [SCHED] steps/epoch=22131  total=221310  start_prune=36885  prune_steps=184425  prune_periods=6  proj_periods=6  proj_steps=36885
17:49:35 | INFO | [M4] building GETA optimizer
17:49:35 | INFO | [M4] GETA optimizer built, 26 param groups
17:49:35 | INFO | [TRAIN] starting
17:52:14 | INFO |     step 200  loss=4.1785  grp_sp=0.000  n_imp=37008  n_red=0
17:54:52 | INFO |     step 400  loss=3.4077  grp_sp=0.000  n_imp=37008  n_red=0
17:57:28 | INFO |     step 600  loss=2.9894  grp_sp=0.000  n_imp=37008  n_red=0
18:00:05 | INFO |     step 800  loss=2.7209  grp_sp=0.000  n_imp=37008  n_red=0
18:10:38 | INFO |     step 1000  loss=2.5361  grp_sp=0.000  n_imp=37008  n_red=0
18:22:47 | INFO |     step 1200  loss=2.4141  grp_sp=0.000  n_imp=37008  n_red=0
18:34:58 | INFO |     step 1400  loss=2.3059  grp_sp=0.000  n_imp=37008  n_red=0
18:46:58 | INFO |     step 1600  loss=2.2097  grp_sp=0.000  n_imp=37008  n_red=0
18:58:46 | INFO |     step 1800  loss=2.1363  grp_sp=0.000  n_imp=37008  n_red=0
19:10:07 | INFO |     step 2000  loss=2.0853  grp_sp=0.000  n_imp=37008  n_red=0
19:21:39 | INFO |     step 2200  loss=2.0389  grp_sp=0.000  n_imp=37008  n_red=0
19:33:33 | INFO |     step 2400  loss=1.9992  grp_sp=0.000  n_imp=37008  n_red=0
19:46:12 | INFO |     step 2600  loss=1.9631  grp_sp=0.000  n_imp=37008  n_red=0
19:57:05 | INFO |     step 2800  loss=1.9235  grp_sp=0.000  n_imp=37008  n_red=0
19:59:42 | INFO |     step 3000  loss=1.8925  grp_sp=0.000  n_imp=37008  n_red=0
20:02:19 | INFO |     step 3200  loss=1.8650  grp_sp=0.000  n_imp=37008  n_red=0
20:04:59 | INFO |     step 3400  loss=1.8368  grp_sp=0.000  n_imp=37008  n_red=0
20:07:36 | INFO |     step 3600  loss=1.8106  grp_sp=0.000  n_imp=37008  n_red=0
20:10:13 | INFO |     step 3800  loss=1.7902  grp_sp=0.000  n_imp=37008  n_red=0
20:12:51 | INFO |     step 4000  loss=1.7705  grp_sp=0.000  n_imp=37008  n_red=0
20:15:28 | INFO |     step 4200  loss=1.7485  grp_sp=0.000  n_imp=37008  n_red=0
20:18:06 | INFO |     step 4400  loss=1.7290  grp_sp=0.000  n_imp=37008  n_red=0
20:20:43 | INFO |     step 4600  loss=1.7138  grp_sp=0.000  n_imp=37008  n_red=0
20:23:21 | INFO |     step 4800  loss=1.6989  grp_sp=0.000  n_imp=37008  n_red=0
20:25:58 | INFO |     step 5000  loss=1.6810  grp_sp=0.000  n_imp=37008  n_red=0
20:28:36 | INFO |     step 5200  loss=1.6644  grp_sp=0.000  n_imp=37008  n_red=0
20:31:11 | INFO |     step 5400  loss=1.6510  grp_sp=0.000  n_imp=37008  n_red=0
20:33:46 | INFO |     step 5600  loss=1.6404  grp_sp=0.000  n_imp=37008  n_red=0
20:36:22 | INFO |     step 5800  loss=1.6242  grp_sp=0.000  n_imp=37008  n_red=0
20:38:57 | INFO |     step 6000  loss=1.6151  grp_sp=0.000  n_imp=37008  n_red=0
20:41:33 | INFO |     step 6200  loss=1.6010  grp_sp=0.000  n_imp=37008  n_red=0
20:44:11 | INFO |     step 6400  loss=1.5927  grp_sp=0.000  n_imp=37008  n_red=0
20:46:51 | INFO |     step 6600  loss=1.5843  grp_sp=0.000  n_imp=37008  n_red=0
20:49:29 | INFO |     step 6800  loss=1.5749  grp_sp=0.000  n_imp=37008  n_red=0
20:52:06 | INFO |     step 7000  loss=1.5657  grp_sp=0.000  n_imp=37008  n_red=0
20:54:43 | INFO |     step 7200  loss=1.5573  grp_sp=0.000  n_imp=37008  n_red=0
20:57:20 | INFO |     step 7400  loss=1.5484  grp_sp=0.000  n_imp=37008  n_red=0
20:59:58 | INFO |     step 7600  loss=1.5388  grp_sp=0.000  n_imp=37008  n_red=0
21:02:35 | INFO |     step 7800  loss=1.5322  grp_sp=0.000  n_imp=37008  n_red=0
21:05:12 | INFO |     step 8000  loss=1.5251  grp_sp=0.000  n_imp=37008  n_red=0
21:07:49 | INFO |     step 8200  loss=1.5178  grp_sp=0.000  n_imp=37008  n_red=0
21:10:27 | INFO |     step 8400  loss=1.5105  grp_sp=0.000  n_imp=37008  n_red=0
21:13:08 | INFO |     step 8600  loss=1.5032  grp_sp=0.000  n_imp=37008  n_red=0
21:15:53 | INFO |     step 8800  loss=1.4953  grp_sp=0.000  n_imp=37008  n_red=0
21:18:42 | INFO |     step 9000  loss=1.4889  grp_sp=0.000  n_imp=37008  n_red=0
21:21:26 | INFO |     step 9200  loss=1.4834  grp_sp=0.000  n_imp=37008  n_red=0
21:24:10 | INFO |     step 9400  loss=1.4788  grp_sp=0.000  n_imp=37008  n_red=0
21:26:58 | INFO |     step 9600  loss=1.4735  grp_sp=0.000  n_imp=37008  n_red=0
21:29:47 | INFO |     step 9800  loss=1.4684  grp_sp=0.000  n_imp=37008  n_red=0
21:32:35 | INFO |     step 10000  loss=1.4617  grp_sp=0.000  n_imp=37008  n_red=0
21:35:25 | INFO |     step 10200  loss=1.4563  grp_sp=0.000  n_imp=37008  n_red=0
21:38:14 | INFO |     step 10400  loss=1.4501  grp_sp=0.000  n_imp=37008  n_red=0
21:41:02 | INFO |     step 10600  loss=1.4452  grp_sp=0.000  n_imp=37008  n_red=0
21:43:49 | INFO |     step 10800  loss=1.4392  grp_sp=0.000  n_imp=37008  n_red=0
21:46:38 | INFO |     step 11000  loss=1.4357  grp_sp=0.000  n_imp=37008  n_red=0
21:49:27 | INFO |     step 11200  loss=1.4306  grp_sp=0.000  n_imp=37008  n_red=0
21:52:17 | INFO |     step 11400  loss=1.4261  grp_sp=0.000  n_imp=37008  n_red=0
21:55:05 | INFO |     step 11600  loss=1.4218  grp_sp=0.000  n_imp=37008  n_red=0
21:57:55 | INFO |     step 11800  loss=1.4174  grp_sp=0.000  n_imp=37008  n_red=0
22:00:44 | INFO |     step 12000  loss=1.4139  grp_sp=0.000  n_imp=37008  n_red=0
22:03:32 | INFO |     step 12200  loss=1.4111  grp_sp=0.000  n_imp=37008  n_red=0
22:06:20 | INFO |     step 12400  loss=1.4065  grp_sp=0.000  n_imp=37008  n_red=0
22:09:07 | INFO |     step 12600  loss=1.4030  grp_sp=0.000  n_imp=37008  n_red=0
22:11:55 | INFO |     step 12800  loss=1.3974  grp_sp=0.000  n_imp=37008  n_red=0
22:14:43 | INFO |     step 13000  loss=1.3931  grp_sp=0.000  n_imp=37008  n_red=0
22:17:32 | INFO |     step 13200  loss=1.3903  grp_sp=0.000  n_imp=37008  n_red=0
22:20:22 | INFO |     step 13400  loss=1.3870  grp_sp=0.000  n_imp=37008  n_red=0
22:23:10 | INFO |     step 13600  loss=1.3831  grp_sp=0.000  n_imp=37008  n_red=0
22:25:56 | INFO |     step 13800  loss=1.3797  grp_sp=0.000  n_imp=37008  n_red=0
22:28:44 | INFO |     step 14000  loss=1.3764  grp_sp=0.000  n_imp=37008  n_red=0
22:31:30 | INFO |     step 14200  loss=1.3723  grp_sp=0.000  n_imp=37008  n_red=0
22:34:14 | INFO |     step 14400  loss=1.3693  grp_sp=0.000  n_imp=37008  n_red=0
22:37:05 | INFO |     step 14600  loss=1.3658  grp_sp=0.000  n_imp=37008  n_red=0
22:39:52 | INFO |     step 14800  loss=1.3627  grp_sp=0.000  n_imp=37008  n_red=0
22:42:39 | INFO |     step 15000  loss=1.3584  grp_sp=0.000  n_imp=37008  n_red=0
22:45:23 | INFO |     step 15200  loss=1.3559  grp_sp=0.000  n_imp=37008  n_red=0
22:48:00 | INFO |     step 15400  loss=1.3538  grp_sp=0.000  n_imp=37008  n_red=0
22:50:37 | INFO |     step 15600  loss=1.3513  grp_sp=0.000  n_imp=37008  n_red=0
22:53:16 | INFO |     step 15800  loss=1.3488  grp_sp=0.000  n_imp=37008  n_red=0
22:55:55 | INFO |     step 16000  loss=1.3468  grp_sp=0.000  n_imp=37008  n_red=0
22:58:35 | INFO |     step 16200  loss=1.3445  grp_sp=0.000  n_imp=37008  n_red=0
23:01:14 | INFO |     step 16400  loss=1.3422  grp_sp=0.000  n_imp=37008  n_red=0
23:03:54 | INFO |     step 16600  loss=1.3395  grp_sp=0.000  n_imp=37008  n_red=0
23:06:34 | INFO |     step 16800  loss=1.3364  grp_sp=0.000  n_imp=37008  n_red=0
23:09:18 | INFO |     step 17000  loss=1.3340  grp_sp=0.000  n_imp=37008  n_red=0
23:12:02 | INFO |     step 17200  loss=1.3311  grp_sp=0.000  n_imp=37008  n_red=0
23:14:47 | INFO |     step 17400  loss=1.3284  grp_sp=0.000  n_imp=37008  n_red=0
23:17:28 | INFO |     step 17600  loss=1.3267  grp_sp=0.000  n_imp=37008  n_red=0
23:20:10 | INFO |     step 17800  loss=1.3244  grp_sp=0.000  n_imp=37008  n_red=0
23:22:49 | INFO |     step 18000  loss=1.3216  grp_sp=0.000  n_imp=37008  n_red=0
23:25:31 | INFO |     step 18200  loss=1.3191  grp_sp=0.000  n_imp=37008  n_red=0
23:28:10 | INFO |     step 18400  loss=1.3163  grp_sp=0.000  n_imp=37008  n_red=0
23:30:49 | INFO |     step 18600  loss=1.3127  grp_sp=0.000  n_imp=37008  n_red=0
23:33:27 | INFO |     step 18800  loss=1.3102  grp_sp=0.000  n_imp=37008  n_red=0
23:36:04 | INFO |     step 19000  loss=1.3085  grp_sp=0.000  n_imp=37008  n_red=0
23:38:42 | INFO |     step 19200  loss=1.3075  grp_sp=0.000  n_imp=37008  n_red=0
23:41:21 | INFO |     step 19400  loss=1.3060  grp_sp=0.000  n_imp=37008  n_red=0
23:43:59 | INFO |     step 19600  loss=1.3041  grp_sp=0.000  n_imp=37008  n_red=0
23:46:37 | INFO |     step 19800  loss=1.3023  grp_sp=0.000  n_imp=37008  n_red=0
23:49:15 | INFO |     step 20000  loss=1.3008  grp_sp=0.000  n_imp=37008  n_red=0
23:51:52 | INFO |     step 20200  loss=1.2993  grp_sp=0.000  n_imp=37008  n_red=0
23:54:30 | INFO |     step 20400  loss=1.2972  grp_sp=0.000  n_imp=37008  n_red=0
23:57:11 | INFO |     step 20600  loss=1.2950  grp_sp=0.000  n_imp=37008  n_red=0
23:59:50 | INFO |     step 20800  loss=1.2930  grp_sp=0.000  n_imp=37008  n_red=0
00:02:29 | INFO |     step 21000  loss=1.2916  grp_sp=0.000  n_imp=37008  n_red=0
00:05:09 | INFO |     step 21200  loss=1.2898  grp_sp=0.000  n_imp=37008  n_red=0
00:07:48 | INFO |     step 21400  loss=1.2879  grp_sp=0.000  n_imp=37008  n_red=0
00:10:27 | INFO |     step 21600  loss=1.2867  grp_sp=0.000  n_imp=37008  n_red=0
00:13:50 | INFO |     step 21800  loss=1.2848  grp_sp=0.000  n_imp=37008  n_red=0
00:16:21 | INFO |     step 22000  loss=1.2836  grp_sp=0.000  n_imp=37008  n_red=0
00:21:35 | INFO | [EPOCH 1/10] loss=1.2829  grp_sp=0.000  EM=77.93  F1=85.78  elapsed=388.5min
00:22:32 | INFO |     step 22200  loss=0.7357  grp_sp=0.000  n_imp=37008  n_red=0
00:25:11 | INFO |     step 22400  loss=0.7175  grp_sp=0.000  n_imp=37008  n_red=0
00:27:50 | INFO |     step 22600  loss=0.7265  grp_sp=0.000  n_imp=37008  n_red=0
00:30:29 | INFO |     step 22800  loss=0.7394  grp_sp=0.000  n_imp=37008  n_red=0
00:33:09 | INFO |     step 23000  loss=0.7493  grp_sp=0.000  n_imp=37008  n_red=0
00:35:49 | INFO |     step 23200  loss=0.7571  grp_sp=0.000  n_imp=37008  n_red=0
00:38:29 | INFO |     step 23400  loss=0.7596  grp_sp=0.000  n_imp=37008  n_red=0
00:41:06 | INFO |     step 23600  loss=0.7680  grp_sp=0.000  n_imp=37008  n_red=0
00:43:48 | INFO |     step 23800  loss=0.7656  grp_sp=0.000  n_imp=37008  n_red=0
00:46:33 | INFO |     step 24000  loss=0.7665  grp_sp=0.000  n_imp=37008  n_red=0
00:49:14 | INFO |     step 24200  loss=0.7692  grp_sp=0.000  n_imp=37008  n_red=0
00:51:52 | INFO |     step 24400  loss=0.7702  grp_sp=0.000  n_imp=37008  n_red=0
00:54:31 | INFO |     step 24600  loss=0.7724  grp_sp=0.000  n_imp=37008  n_red=0
00:57:11 | INFO |     step 24800  loss=0.7769  grp_sp=0.000  n_imp=37008  n_red=0
00:59:52 | INFO |     step 25000  loss=0.7824  grp_sp=0.000  n_imp=37008  n_red=0
01:02:33 | INFO |     step 25200  loss=0.7847  grp_sp=0.000  n_imp=37008  n_red=0
01:05:14 | INFO |     step 25400  loss=0.7854  grp_sp=0.000  n_imp=37008  n_red=0
01:07:55 | INFO |     step 25600  loss=0.7858  grp_sp=0.000  n_imp=37008  n_red=0
01:10:35 | INFO |     step 25800  loss=0.7887  grp_sp=0.000  n_imp=37008  n_red=0
01:13:16 | INFO |     step 26000  loss=0.7903  grp_sp=0.000  n_imp=37008  n_red=0
01:15:56 | INFO |     step 26200  loss=0.7908  grp_sp=0.000  n_imp=37008  n_red=0
01:18:37 | INFO |     step 26400  loss=0.7904  grp_sp=0.000  n_imp=37008  n_red=0
01:21:19 | INFO |     step 26600  loss=0.7909  grp_sp=0.000  n_imp=37008  n_red=0
01:23:58 | INFO |     step 26800  loss=0.7928  grp_sp=0.000  n_imp=37008  n_red=0
01:26:38 | INFO |     step 27000  loss=0.7971  grp_sp=0.000  n_imp=37008  n_red=0
01:29:19 | INFO |     step 27200  loss=0.7962  grp_sp=0.000  n_imp=37008  n_red=0
01:32:02 | INFO |     step 27400  loss=0.7958  grp_sp=0.000  n_imp=37008  n_red=0
01:34:41 | INFO |     step 27600  loss=0.7941  grp_sp=0.000  n_imp=37008  n_red=0
01:37:21 | INFO |     step 27800  loss=0.7949  grp_sp=0.000  n_imp=37008  n_red=0
01:40:00 | INFO |     step 28000  loss=0.7982  grp_sp=0.000  n_imp=37008  n_red=0
01:42:39 | INFO |     step 28200  loss=0.7978  grp_sp=0.000  n_imp=37008  n_red=0
01:45:17 | INFO |     step 28400  loss=0.7970  grp_sp=0.000  n_imp=37008  n_red=0
01:47:56 | INFO |     step 28600  loss=0.7977  grp_sp=0.000  n_imp=37008  n_red=0
01:50:35 | INFO |     step 28800  loss=0.7989  grp_sp=0.000  n_imp=37008  n_red=0
01:53:15 | INFO |     step 29000  loss=0.7990  grp_sp=0.000  n_imp=37008  n_red=0
01:55:54 | INFO |     step 29200  loss=0.8010  grp_sp=0.000  n_imp=37008  n_red=0
01:58:32 | INFO |     step 29400  loss=0.7995  grp_sp=0.000  n_imp=37008  n_red=0
02:01:11 | INFO |     step 29600  loss=0.7997  grp_sp=0.000  n_imp=37008  n_red=0
02:03:49 | INFO |     step 29800  loss=0.7996  grp_sp=0.000  n_imp=37008  n_red=0
02:06:27 | INFO |     step 30000  loss=0.7997  grp_sp=0.000  n_imp=37008  n_red=0
02:09:05 | INFO |     step 30200  loss=0.8011  grp_sp=0.000  n_imp=37008  n_red=0
02:11:44 | INFO |     step 30400  loss=0.8031  grp_sp=0.000  n_imp=37008  n_red=0
02:14:21 | INFO |     step 30600  loss=0.8053  grp_sp=0.000  n_imp=37008  n_red=0
02:16:59 | INFO |     step 30800  loss=0.8189  grp_sp=0.000  n_imp=37008  n_red=0
02:19:37 | INFO |     step 31000  loss=0.8347  grp_sp=0.000  n_imp=37008  n_red=0
02:22:14 | INFO |     step 31200  loss=0.8421  grp_sp=0.000  n_imp=37008  n_red=0
02:24:51 | INFO |     step 31400  loss=0.8486  grp_sp=0.000  n_imp=37008  n_red=0
02:27:28 | INFO |     step 31600  loss=0.8526  grp_sp=0.000  n_imp=37008  n_red=0
02:30:05 | INFO |     step 31800  loss=0.8593  grp_sp=0.000  n_imp=37008  n_red=0
02:32:43 | INFO |     step 32000  loss=0.8641  grp_sp=0.000  n_imp=37008  n_red=0
02:35:20 | INFO |     step 32200  loss=0.8678  grp_sp=0.000  n_imp=37008  n_red=0
02:37:57 | INFO |     step 32400  loss=0.8706  grp_sp=0.000  n_imp=37008  n_red=0
02:40:35 | INFO |     step 32600  loss=0.8740  grp_sp=0.000  n_imp=37008  n_red=0
02:43:12 | INFO |     step 32800  loss=0.8766  grp_sp=0.000  n_imp=37008  n_red=0
02:45:50 | INFO |     step 33000  loss=0.8793  grp_sp=0.000  n_imp=37008  n_red=0
02:48:29 | INFO |     step 33200  loss=0.8811  grp_sp=0.000  n_imp=37008  n_red=0
02:51:07 | INFO |     step 33400  loss=0.8827  grp_sp=0.000  n_imp=37008  n_red=0
02:53:45 | INFO |     step 33600  loss=0.8847  grp_sp=0.000  n_imp=37008  n_red=0
02:56:23 | INFO |     step 33800  loss=0.8871  grp_sp=0.000  n_imp=37008  n_red=0
02:59:02 | INFO |     step 34000  loss=0.8888  grp_sp=0.000  n_imp=37008  n_red=0
03:01:41 | INFO |     step 34200  loss=0.8905  grp_sp=0.000  n_imp=37008  n_red=0
03:04:19 | INFO |     step 34400  loss=0.8922  grp_sp=0.000  n_imp=37008  n_red=0
03:06:58 | INFO |     step 34600  loss=0.8945  grp_sp=0.000  n_imp=37008  n_red=0
03:09:36 | INFO |     step 34800  loss=0.8960  grp_sp=0.000  n_imp=37008  n_red=0
03:12:14 | INFO |     step 35000  loss=0.8979  grp_sp=0.000  n_imp=37008  n_red=0
03:14:52 | INFO |     step 35200  loss=0.8990  grp_sp=0.000  n_imp=37008  n_red=0
03:17:30 | INFO |     step 35400  loss=0.9006  grp_sp=0.000  n_imp=37008  n_red=0
03:20:08 | INFO |     step 35600  loss=0.9016  grp_sp=0.000  n_imp=37008  n_red=0
03:22:47 | INFO |     step 35800  loss=0.9023  grp_sp=0.000  n_imp=37008  n_red=0
03:25:24 | INFO |     step 36000  loss=0.9045  grp_sp=0.000  n_imp=37008  n_red=0
03:28:02 | INFO |     step 36200  loss=0.9061  grp_sp=0.000  n_imp=37008  n_red=0
03:30:40 | INFO |     step 36400  loss=0.9066  grp_sp=0.000  n_imp=37008  n_red=0
03:33:15 | INFO |     step 36600  loss=0.9076  grp_sp=0.000  n_imp=37008  n_red=0
03:35:51 | INFO |     step 36800  loss=0.9086  grp_sp=0.000  n_imp=37008  n_red=0
03:38:35 | INFO |     step 37000  loss=0.9394  grp_sp=0.000  n_imp=32691  n_red=4317
03:41:25 | INFO |     step 37200  loss=0.9664  grp_sp=0.000  n_imp=32691  n_red=4317
03:44:15 | INFO |     step 37400  loss=0.9864  grp_sp=0.000  n_imp=32691  n_red=4317
03:47:05 | INFO |     step 37600  loss=1.0038  grp_sp=0.000  n_imp=32691  n_red=4317
03:49:55 | INFO |     step 37800  loss=1.0195  grp_sp=0.000  n_imp=32691  n_red=4317
03:52:45 | INFO |     step 38000  loss=1.0316  grp_sp=0.000  n_imp=32691  n_red=4317
03:55:35 | INFO |     step 38200  loss=1.0444  grp_sp=0.000  n_imp=32691  n_red=4317
03:58:26 | INFO |     step 38400  loss=1.0566  grp_sp=0.000  n_imp=32691  n_red=4317
04:01:15 | INFO |     step 38600  loss=1.0667  grp_sp=0.000  n_imp=32691  n_red=4317
04:04:05 | INFO |     step 38800  loss=1.0773  grp_sp=0.000  n_imp=32691  n_red=4317
04:06:55 | INFO |     step 39000  loss=1.0873  grp_sp=0.000  n_imp=32691  n_red=4317
04:09:46 | INFO |     step 39200  loss=1.0973  grp_sp=0.000  n_imp=32691  n_red=4317
04:12:37 | INFO |     step 39400  loss=1.1066  grp_sp=0.000  n_imp=32691  n_red=4317
04:15:27 | INFO |     step 39600  loss=1.1154  grp_sp=0.000  n_imp=32691  n_red=4317
04:18:16 | INFO |     step 39800  loss=1.1230  grp_sp=0.000  n_imp=32691  n_red=4317
04:21:07 | INFO |     step 40000  loss=1.1313  grp_sp=0.000  n_imp=32691  n_red=4317
04:23:57 | INFO |     step 40200  loss=1.1396  grp_sp=0.000  n_imp=32691  n_red=4317
04:26:47 | INFO |     step 40400  loss=1.1465  grp_sp=0.000  n_imp=32691  n_red=4317
04:29:38 | INFO |     step 40600  loss=1.1544  grp_sp=0.000  n_imp=32691  n_red=4317
04:32:28 | INFO |     step 40800  loss=1.1613  grp_sp=0.000  n_imp=32691  n_red=4317
04:35:18 | INFO |     step 41000  loss=1.1692  grp_sp=0.000  n_imp=32691  n_red=4317
04:38:08 | INFO |     step 41200  loss=1.1760  grp_sp=0.000  n_imp=32691  n_red=4317
04:40:58 | INFO |     step 41400  loss=1.1824  grp_sp=0.000  n_imp=32691  n_red=4317
04:43:47 | INFO |     step 41600  loss=1.1879  grp_sp=0.000  n_imp=32691  n_red=4317
04:46:37 | INFO |     step 41800  loss=1.1949  grp_sp=0.000  n_imp=32691  n_red=4317
04:49:27 | INFO |     step 42000  loss=1.2018  grp_sp=0.000  n_imp=32691  n_red=4317
04:52:17 | INFO |     step 42200  loss=1.2081  grp_sp=0.000  n_imp=32691  n_red=4317
04:55:06 | INFO |     step 42400  loss=1.2144  grp_sp=0.000  n_imp=32691  n_red=4317
04:57:56 | INFO |     step 42600  loss=1.2199  grp_sp=0.000  n_imp=32691  n_red=4317
05:00:45 | INFO |     step 42800  loss=1.2256  grp_sp=0.000  n_imp=32691  n_red=4317
05:03:35 | INFO |     step 43000  loss=1.2307  grp_sp=0.000  n_imp=32691  n_red=4317
05:06:24 | INFO |     step 43200  loss=1.2366  grp_sp=0.000  n_imp=32691  n_red=4317
05:09:14 | INFO |     step 43400  loss=1.2426  grp_sp=0.000  n_imp=32691  n_red=4317
05:12:04 | INFO |     step 43600  loss=1.2475  grp_sp=0.000  n_imp=32691  n_red=4317
05:14:54 | INFO |     step 43800  loss=1.2525  grp_sp=0.000  n_imp=32691  n_red=4317
05:18:29 | INFO |     step 44000  loss=1.2574  grp_sp=0.000  n_imp=32691  n_red=4317
05:21:08 | INFO |     step 44200  loss=1.2618  grp_sp=0.000  n_imp=32691  n_red=4317
05:25:26 | INFO | [EPOCH 2/10] loss=1.2630  grp_sp=0.000  EM=59.44  F1=70.65  elapsed=692.4min
05:27:23 | INFO |     step 44400  loss=1.6321  grp_sp=0.000  n_imp=32691  n_red=4317
05:30:13 | INFO |     step 44600  loss=1.6264  grp_sp=0.000  n_imp=32691  n_red=4317
05:33:03 | INFO |     step 44800  loss=1.6300  grp_sp=0.000  n_imp=32691  n_red=4317
05:35:53 | INFO |     step 45000  loss=1.6088  grp_sp=0.000  n_imp=32691  n_red=4317
05:38:43 | INFO |     step 45200  loss=1.5971  grp_sp=0.000  n_imp=32691  n_red=4317
05:41:33 | INFO |     step 45400  loss=1.5974  grp_sp=0.000  n_imp=32691  n_red=4317
05:44:23 | INFO |     step 45600  loss=1.6079  grp_sp=0.000  n_imp=32691  n_red=4317
05:47:13 | INFO |     step 45800  loss=1.6252  grp_sp=0.000  n_imp=32691  n_red=4317
05:50:02 | INFO |     step 46000  loss=1.6318  grp_sp=0.000  n_imp=32691  n_red=4317
05:52:52 | INFO |     step 46200  loss=1.6264  grp_sp=0.000  n_imp=32691  n_red=4317
05:55:42 | INFO |     step 46400  loss=1.6274  grp_sp=0.000  n_imp=32691  n_red=4317
05:58:31 | INFO |     step 46600  loss=1.6186  grp_sp=0.000  n_imp=32691  n_red=4317
06:01:20 | INFO |     step 46800  loss=1.6148  grp_sp=0.000  n_imp=32691  n_red=4317
06:04:09 | INFO |     step 47000  loss=1.6193  grp_sp=0.000  n_imp=32691  n_red=4317
06:06:57 | INFO |     step 47200  loss=1.6260  grp_sp=0.000  n_imp=32691  n_red=4317
06:09:46 | INFO |     step 47400  loss=1.6205  grp_sp=0.000  n_imp=32691  n_red=4317
06:12:35 | INFO |     step 47600  loss=1.6195  grp_sp=0.000  n_imp=32691  n_red=4317
06:15:23 | INFO |     step 47800  loss=1.6158  grp_sp=0.000  n_imp=32691  n_red=4317
06:18:12 | INFO |     step 48000  loss=1.6111  grp_sp=0.000  n_imp=32691  n_red=4317
06:21:01 | INFO |     step 48200  loss=1.6084  grp_sp=0.000  n_imp=32691  n_red=4317
06:23:50 | INFO |     step 48400  loss=1.6094  grp_sp=0.000  n_imp=32691  n_red=4317
06:26:39 | INFO |     step 48600  loss=1.6074  grp_sp=0.000  n_imp=32691  n_red=4317
06:29:28 | INFO |     step 48800  loss=1.6040  grp_sp=0.000  n_imp=32691  n_red=4317
06:32:17 | INFO |     step 49000  loss=1.6034  grp_sp=0.000  n_imp=32691  n_red=4317
06:35:06 | INFO |     step 49200  loss=1.6015  grp_sp=0.000  n_imp=32691  n_red=4317
06:37:55 | INFO |     step 49400  loss=1.6007  grp_sp=0.000  n_imp=32691  n_red=4317
06:40:44 | INFO |     step 49600  loss=1.6004  grp_sp=0.000  n_imp=32691  n_red=4317
06:43:33 | INFO |     step 49800  loss=1.5955  grp_sp=0.000  n_imp=32691  n_red=4317
06:46:22 | INFO |     step 50000  loss=1.5936  grp_sp=0.000  n_imp=32691  n_red=4317
06:49:11 | INFO |     step 50200  loss=1.5888  grp_sp=0.000  n_imp=32691  n_red=4317
06:52:06 | INFO |     step 50400  loss=1.5873  grp_sp=0.000  n_imp=32691  n_red=4317
06:55:00 | INFO |     step 50600  loss=1.5872  grp_sp=0.000  n_imp=32691  n_red=4317
06:57:52 | INFO |     step 50800  loss=1.5850  grp_sp=0.000  n_imp=32691  n_red=4317
07:00:44 | INFO |     step 51000  loss=1.5820  grp_sp=0.000  n_imp=32691  n_red=4317
07:03:33 | INFO |     step 51200  loss=1.5812  grp_sp=0.000  n_imp=32691  n_red=4317
07:06:22 | INFO |     step 51400  loss=1.5811  grp_sp=0.000  n_imp=32691  n_red=4317
07:09:10 | INFO |     step 51600  loss=1.5793  grp_sp=0.000  n_imp=32691  n_red=4317
07:11:59 | INFO |     step 51800  loss=1.5797  grp_sp=0.000  n_imp=32691  n_red=4317
07:14:47 | INFO |     step 52000  loss=1.5797  grp_sp=0.000  n_imp=32691  n_red=4317
07:17:36 | INFO |     step 52200  loss=1.5776  grp_sp=0.000  n_imp=32691  n_red=4317
07:20:24 | INFO |     step 52400  loss=1.5761  grp_sp=0.000  n_imp=32691  n_red=4317
07:23:12 | INFO |     step 52600  loss=1.5767  grp_sp=0.000  n_imp=32691  n_red=4317
07:26:01 | INFO |     step 52800  loss=1.5746  grp_sp=0.000  n_imp=32691  n_red=4317
07:28:49 | INFO |     step 53000  loss=1.5717  grp_sp=0.000  n_imp=32691  n_red=4317
07:31:37 | INFO |     step 53200  loss=1.5723  grp_sp=0.000  n_imp=32691  n_red=4317
07:34:24 | INFO |     step 53400  loss=1.5697  grp_sp=0.000  n_imp=32691  n_red=4317
07:37:12 | INFO |     step 53600  loss=1.5711  grp_sp=0.000  n_imp=32691  n_red=4317
07:40:02 | INFO |     step 53800  loss=1.5708  grp_sp=0.000  n_imp=32691  n_red=4317
07:43:01 | INFO |     step 54000  loss=1.5687  grp_sp=0.000  n_imp=32691  n_red=4317
07:45:50 | INFO |     step 54200  loss=1.5691  grp_sp=0.000  n_imp=32691  n_red=4317
07:48:38 | INFO |     step 54400  loss=1.5676  grp_sp=0.000  n_imp=32691  n_red=4317
07:51:26 | INFO |     step 54600  loss=1.5688  grp_sp=0.000  n_imp=32691  n_red=4317
07:54:13 | INFO |     step 54800  loss=1.5697  grp_sp=0.000  n_imp=32691  n_red=4317
07:57:01 | INFO |     step 55000  loss=1.5678  grp_sp=0.000  n_imp=32691  n_red=4317
07:59:49 | INFO |     step 55200  loss=1.5655  grp_sp=0.000  n_imp=32691  n_red=4317
08:02:37 | INFO |     step 55400  loss=1.5642  grp_sp=0.000  n_imp=32691  n_red=4317
08:05:25 | INFO |     step 55600  loss=1.5641  grp_sp=0.000  n_imp=32691  n_red=4317
08:08:13 | INFO |     step 55800  loss=1.5621  grp_sp=0.000  n_imp=32691  n_red=4317
08:11:00 | INFO |     step 56000  loss=1.5621  grp_sp=0.000  n_imp=32691  n_red=4317
08:13:49 | INFO |     step 56200  loss=1.5607  grp_sp=0.000  n_imp=32691  n_red=4317
08:16:36 | INFO |     step 56400  loss=1.5611  grp_sp=0.000  n_imp=32691  n_red=4317
08:19:24 | INFO |     step 56600  loss=1.5616  grp_sp=0.000  n_imp=32691  n_red=4317
08:22:12 | INFO |     step 56800  loss=1.5603  grp_sp=0.000  n_imp=32691  n_red=4317
08:25:00 | INFO |     step 57000  loss=1.5592  grp_sp=0.000  n_imp=32691  n_red=4317
08:27:48 | INFO |     step 57200  loss=1.5585  grp_sp=0.000  n_imp=32691  n_red=4317
08:30:36 | INFO |     step 57400  loss=1.5576  grp_sp=0.000  n_imp=32691  n_red=4317
08:33:23 | INFO |     step 57600  loss=1.5562  grp_sp=0.000  n_imp=32691  n_red=4317
08:36:11 | INFO |     step 57800  loss=1.5562  grp_sp=0.000  n_imp=32691  n_red=4317
08:38:59 | INFO |     step 58000  loss=1.5549  grp_sp=0.000  n_imp=32691  n_red=4317
08:41:47 | INFO |     step 58200  loss=1.5537  grp_sp=0.000  n_imp=32691  n_red=4317
08:44:35 | INFO |     step 58400  loss=1.5530  grp_sp=0.000  n_imp=32691  n_red=4317
08:47:23 | INFO |     step 58600  loss=1.5537  grp_sp=0.000  n_imp=32691  n_red=4317
08:50:16 | INFO |     step 58800  loss=1.5535  grp_sp=0.000  n_imp=32691  n_red=4317
08:53:05 | INFO |     step 59000  loss=1.5523  grp_sp=0.000  n_imp=32691  n_red=4317
08:55:53 | INFO |     step 59200  loss=1.5509  grp_sp=0.000  n_imp=32691  n_red=4317
08:58:42 | INFO |     step 59400  loss=1.5507  grp_sp=0.000  n_imp=32691  n_red=4317
09:01:31 | INFO |     step 59600  loss=1.5507  grp_sp=0.000  n_imp=32691  n_red=4317
09:04:20 | INFO |     step 59800  loss=1.5485  grp_sp=0.000  n_imp=32691  n_red=4317
09:07:08 | INFO |     step 60000  loss=1.5477  grp_sp=0.000  n_imp=32691  n_red=4317
09:09:56 | INFO |     step 60200  loss=1.5469  grp_sp=0.000  n_imp=32691  n_red=4317
09:12:51 | INFO |     step 60400  loss=1.5463  grp_sp=0.000  n_imp=32691  n_red=4317
09:15:40 | INFO |     step 60600  loss=1.5456  grp_sp=0.000  n_imp=32691  n_red=4317
09:18:28 | INFO |     step 60800  loss=1.5445  grp_sp=0.000  n_imp=32691  n_red=4317
09:21:18 | INFO |     step 61000  loss=1.5440  grp_sp=0.000  n_imp=32691  n_red=4317
09:24:09 | INFO |     step 61200  loss=1.5434  grp_sp=0.000  n_imp=32691  n_red=4317
09:26:57 | INFO |     step 61400  loss=1.5433  grp_sp=0.000  n_imp=32691  n_red=4317
09:29:46 | INFO |     step 61600  loss=1.5428  grp_sp=0.000  n_imp=32691  n_red=4317
09:32:35 | INFO |     step 61800  loss=1.5427  grp_sp=0.000  n_imp=32691  n_red=4317
09:35:23 | INFO |     step 62000  loss=1.5418  grp_sp=0.000  n_imp=32691  n_red=4317
09:38:18 | INFO |     step 62200  loss=1.5406  grp_sp=0.000  n_imp=32691  n_red=4317
09:41:12 | INFO |     step 62400  loss=1.5390  grp_sp=0.000  n_imp=32691  n_red=4317
09:44:01 | INFO |     step 62600  loss=1.5381  grp_sp=0.000  n_imp=32691  n_red=4317
09:46:50 | INFO |     step 62800  loss=1.5382  grp_sp=0.000  n_imp=32691  n_red=4317
09:49:40 | INFO |     step 63000  loss=1.5376  grp_sp=0.000  n_imp=32691  n_red=4317
09:52:28 | INFO |     step 63200  loss=1.5366  grp_sp=0.000  n_imp=32691  n_red=4317
09:55:17 | INFO |     step 63400  loss=1.5365  grp_sp=0.000  n_imp=32691  n_red=4317
09:58:08 | INFO |     step 63600  loss=1.5357  grp_sp=0.000  n_imp=32691  n_red=4317
10:00:57 | INFO |     step 63800  loss=1.5343  grp_sp=0.000  n_imp=32691  n_red=4317
10:03:46 | INFO |     step 64000  loss=1.5336  grp_sp=0.000  n_imp=32691  n_red=4317
10:06:36 | INFO |     step 64200  loss=1.5322  grp_sp=0.000  n_imp=32691  n_red=4317
10:09:25 | INFO |     step 64400  loss=1.5313  grp_sp=0.000  n_imp=32691  n_red=4317
10:12:14 | INFO |     step 64600  loss=1.5305  grp_sp=0.000  n_imp=32691  n_red=4317
10:15:04 | INFO |     step 64800  loss=1.5298  grp_sp=0.000  n_imp=32691  n_red=4317
10:17:53 | INFO |     step 65000  loss=1.5290  grp_sp=0.000  n_imp=32691  n_red=4317
10:20:42 | INFO |     step 65200  loss=1.5279  grp_sp=0.000  n_imp=32691  n_red=4317
10:23:30 | INFO |     step 65400  loss=1.5269  grp_sp=0.000  n_imp=32691  n_red=4317
10:26:18 | INFO |     step 65600  loss=1.5259  grp_sp=0.000  n_imp=32691  n_red=4317
10:29:07 | INFO |     step 65800  loss=1.5252  grp_sp=0.000  n_imp=32691  n_red=4317
10:32:33 | INFO |     step 66000  loss=1.5249  grp_sp=0.000  n_imp=32691  n_red=4317
10:35:16 | INFO |     step 66200  loss=1.5240  grp_sp=0.000  n_imp=32691  n_red=4317
10:41:18 | INFO | [EPOCH 3/10] loss=1.5224  grp_sp=0.000  EM=66.62  F1=76.83  elapsed=1008.4min
10:41:24 | INFO |     step 66400  loss=1.7223  grp_sp=0.000  n_imp=32691  n_red=4317
10:44:14 | INFO |     step 66600  loss=1.2092  grp_sp=0.000  n_imp=32691  n_red=4317
10:47:02 | INFO |     step 66800  loss=1.2457  grp_sp=0.000  n_imp=32691  n_red=4317
10:49:52 | INFO |     step 67000  loss=1.2238  grp_sp=0.000  n_imp=32691  n_red=4317
10:52:42 | INFO |     step 67200  loss=1.2412  grp_sp=0.000  n_imp=32691  n_red=4317
10:55:32 | INFO |     step 67400  loss=1.2595  grp_sp=0.000  n_imp=32691  n_red=4317
10:58:22 | INFO |     step 67600  loss=1.2768  grp_sp=0.000  n_imp=32691  n_red=4317
11:01:14 | INFO |     step 67800  loss=1.4332  grp_sp=0.117  n_imp=28374  n_red=8634
11:04:06 | INFO |     step 68000  loss=1.4874  grp_sp=0.117  n_imp=28374  n_red=8634
11:06:59 | INFO |     step 68200  loss=1.4980  grp_sp=0.117  n_imp=28374  n_red=8634
11:09:53 | INFO |     step 68400  loss=1.5020  grp_sp=0.117  n_imp=28374  n_red=8634
11:12:46 | INFO |     step 68600  loss=1.5094  grp_sp=0.117  n_imp=28374  n_red=8634
11:15:39 | INFO |     step 68800  loss=1.5065  grp_sp=0.117  n_imp=28374  n_red=8634
11:18:32 | INFO |     step 69000  loss=1.5041  grp_sp=0.117  n_imp=28374  n_red=8634
11:21:24 | INFO |     step 69200  loss=1.4860  grp_sp=0.117  n_imp=28374  n_red=8634
11:24:16 | INFO |     step 69400  loss=1.4849  grp_sp=0.117  n_imp=28374  n_red=8634
11:27:08 | INFO |     step 69600  loss=1.4768  grp_sp=0.117  n_imp=28374  n_red=8634
11:30:01 | INFO |     step 69800  loss=1.4713  grp_sp=0.117  n_imp=28374  n_red=8634
11:32:55 | INFO |     step 70000  loss=1.4623  grp_sp=0.117  n_imp=28374  n_red=8634
11:35:48 | INFO |     step 70200  loss=1.4560  grp_sp=0.117  n_imp=28374  n_red=8634
11:38:41 | INFO |     step 70400  loss=1.4559  grp_sp=0.117  n_imp=28374  n_red=8634
11:41:34 | INFO |     step 70600  loss=1.4471  grp_sp=0.117  n_imp=28374  n_red=8634
11:44:27 | INFO |     step 70800  loss=1.4423  grp_sp=0.117  n_imp=28374  n_red=8634
11:47:20 | INFO |     step 71000  loss=1.4373  grp_sp=0.117  n_imp=28374  n_red=8634
11:50:12 | INFO |     step 71200  loss=1.4348  grp_sp=0.117  n_imp=28374  n_red=8634
11:53:05 | INFO |     step 71400  loss=1.4287  grp_sp=0.117  n_imp=28374  n_red=8634
11:56:00 | INFO |     step 71600  loss=1.4220  grp_sp=0.117  n_imp=28374  n_red=8634
11:58:52 | INFO |     step 71800  loss=1.4142  grp_sp=0.117  n_imp=28374  n_red=8634
12:01:45 | INFO |     step 72000  loss=1.4119  grp_sp=0.117  n_imp=28374  n_red=8634
12:04:37 | INFO |     step 72200  loss=1.4056  grp_sp=0.117  n_imp=28374  n_red=8634
12:07:29 | INFO |     step 72400  loss=1.4030  grp_sp=0.117  n_imp=28374  n_red=8634
12:10:20 | INFO |     step 72600  loss=1.4010  grp_sp=0.117  n_imp=28374  n_red=8634
12:13:13 | INFO |     step 72800  loss=1.3993  grp_sp=0.117  n_imp=28374  n_red=8634
12:16:05 | INFO |     step 73000  loss=1.3954  grp_sp=0.117  n_imp=28374  n_red=8634
12:18:57 | INFO |     step 73200  loss=1.3947  grp_sp=0.117  n_imp=28374  n_red=8634
12:21:50 | INFO |     step 73400  loss=1.3920  grp_sp=0.117  n_imp=28374  n_red=8634
12:24:43 | INFO |     step 73600  loss=1.3880  grp_sp=0.117  n_imp=28374  n_red=8634
12:27:36 | INFO |     step 73800  loss=1.3848  grp_sp=0.117  n_imp=28374  n_red=8634
12:30:28 | INFO |     step 74000  loss=1.3828  grp_sp=0.117  n_imp=28374  n_red=8634
12:33:21 | INFO |     step 74200  loss=1.3806  grp_sp=0.117  n_imp=28374  n_red=8634
12:36:14 | INFO |     step 74400  loss=1.3755  grp_sp=0.117  n_imp=28374  n_red=8634
12:39:09 | INFO |     step 74600  loss=1.3732  grp_sp=0.117  n_imp=28374  n_red=8634
12:42:03 | INFO |     step 74800  loss=1.3724  grp_sp=0.117  n_imp=28374  n_red=8634
12:45:00 | INFO |     step 75000  loss=1.3729  grp_sp=0.117  n_imp=28374  n_red=8634
12:47:54 | INFO |     step 75200  loss=1.3736  grp_sp=0.117  n_imp=28374  n_red=8634
12:50:48 | INFO |     step 75400  loss=1.3703  grp_sp=0.117  n_imp=28374  n_red=8634
12:53:42 | INFO |     step 75600  loss=1.3690  grp_sp=0.117  n_imp=28374  n_red=8634
12:56:36 | INFO |     step 75800  loss=1.3688  grp_sp=0.117  n_imp=28374  n_red=8634
12:59:31 | INFO |     step 76000  loss=1.3676  grp_sp=0.117  n_imp=28374  n_red=8634
13:02:26 | INFO |     step 76200  loss=1.3669  grp_sp=0.117  n_imp=28374  n_red=8634
13:05:21 | INFO |     step 76400  loss=1.3664  grp_sp=0.117  n_imp=28374  n_red=8634
13:08:13 | INFO |     step 76600  loss=1.3643  grp_sp=0.117  n_imp=28374  n_red=8634
13:11:05 | INFO |     step 76800  loss=1.3624  grp_sp=0.117  n_imp=28374  n_red=8634
13:13:58 | INFO |     step 77000  loss=1.3615  grp_sp=0.117  n_imp=28374  n_red=8634
13:16:54 | INFO |     step 77200  loss=1.3598  grp_sp=0.117  n_imp=28374  n_red=8634
13:19:49 | INFO |     step 77400  loss=1.3592  grp_sp=0.117  n_imp=28374  n_red=8634
13:22:42 | INFO |     step 77600  loss=1.3579  grp_sp=0.117  n_imp=28374  n_red=8634
13:25:36 | INFO |     step 77800  loss=1.3560  grp_sp=0.117  n_imp=28374  n_red=8634
13:28:29 | INFO |     step 78000  loss=1.3536  grp_sp=0.117  n_imp=28374  n_red=8634
13:31:22 | INFO |     step 78200  loss=1.3529  grp_sp=0.117  n_imp=28374  n_red=8634
13:34:16 | INFO |     step 78400  loss=1.3507  grp_sp=0.117  n_imp=28374  n_red=8634
13:37:10 | INFO |     step 78600  loss=1.3481  grp_sp=0.117  n_imp=28374  n_red=8634
13:40:05 | INFO |     step 78800  loss=1.3452  grp_sp=0.117  n_imp=28374  n_red=8634
13:42:57 | INFO |     step 79000  loss=1.3459  grp_sp=0.117  n_imp=28374  n_red=8634
13:45:50 | INFO |     step 79200  loss=1.3455  grp_sp=0.117  n_imp=28374  n_red=8634
13:48:44 | INFO |     step 79400  loss=1.3444  grp_sp=0.117  n_imp=28374  n_red=8634
13:51:38 | INFO |     step 79600  loss=1.3424  grp_sp=0.117  n_imp=28374  n_red=8634
13:54:31 | INFO |     step 79800  loss=1.3425  grp_sp=0.117  n_imp=28374  n_red=8634
13:57:25 | INFO |     step 80000  loss=1.3412  grp_sp=0.117  n_imp=28374  n_red=8634
14:00:18 | INFO |     step 80200  loss=1.3390  grp_sp=0.117  n_imp=28374  n_red=8634
14:03:11 | INFO |     step 80400  loss=1.3384  grp_sp=0.117  n_imp=28374  n_red=8634
14:06:04 | INFO |     step 80600  loss=1.3384  grp_sp=0.117  n_imp=28374  n_red=8634
14:08:58 | INFO |     step 80800  loss=1.3372  grp_sp=0.117  n_imp=28374  n_red=8634
14:11:50 | INFO |     step 81000  loss=1.3366  grp_sp=0.117  n_imp=28374  n_red=8634
14:14:46 | INFO |     step 81200  loss=1.3368  grp_sp=0.117  n_imp=28374  n_red=8634
14:17:39 | INFO |     step 81400  loss=1.3352  grp_sp=0.117  n_imp=28374  n_red=8634
14:20:32 | INFO |     step 81600  loss=1.3349  grp_sp=0.117  n_imp=28374  n_red=8634
14:23:26 | INFO |     step 81800  loss=1.3345  grp_sp=0.117  n_imp=28374  n_red=8634
14:26:19 | INFO |     step 82000  loss=1.3341  grp_sp=0.117  n_imp=28374  n_red=8634
14:29:15 | INFO |     step 82200  loss=1.3326  grp_sp=0.117  n_imp=28374  n_red=8634
14:32:12 | INFO |     step 82400  loss=1.3316  grp_sp=0.117  n_imp=28374  n_red=8634
14:35:05 | INFO |     step 82600  loss=1.3314  grp_sp=0.117  n_imp=28374  n_red=8634
14:38:10 | INFO |     step 82800  loss=1.3301  grp_sp=0.117  n_imp=28374  n_red=8634
14:41:29 | INFO |     step 83000  loss=1.3297  grp_sp=0.117  n_imp=28374  n_red=8634
14:44:53 | INFO |     step 83200  loss=1.3280  grp_sp=0.117  n_imp=28374  n_red=8634
14:48:19 | INFO |     step 83400  loss=1.3276  grp_sp=0.117  n_imp=28374  n_red=8634
14:51:24 | INFO |     step 83600  loss=1.3271  grp_sp=0.117  n_imp=28374  n_red=8634
14:54:18 | INFO |     step 83800  loss=1.3266  grp_sp=0.117  n_imp=28374  n_red=8634
14:57:11 | INFO |     step 84000  loss=1.3251  grp_sp=0.117  n_imp=28374  n_red=8634
15:00:04 | INFO |     step 84200  loss=1.3253  grp_sp=0.117  n_imp=28374  n_red=8634
15:03:01 | INFO |     step 84400  loss=1.3235  grp_sp=0.117  n_imp=28374  n_red=8634
15:05:54 | INFO |     step 84600  loss=1.3233  grp_sp=0.117  n_imp=28374  n_red=8634
15:08:47 | INFO |     step 84800  loss=1.3227  grp_sp=0.117  n_imp=28374  n_red=8634
15:11:40 | INFO |     step 85000  loss=1.3216  grp_sp=0.117  n_imp=28374  n_red=8634
15:14:33 | INFO |     step 85200  loss=1.3210  grp_sp=0.117  n_imp=28374  n_red=8634
15:17:27 | INFO |     step 85400  loss=1.3200  grp_sp=0.117  n_imp=28374  n_red=8634
15:20:21 | INFO |     step 85600  loss=1.3196  grp_sp=0.117  n_imp=28374  n_red=8634
15:23:15 | INFO |     step 85800  loss=1.3192  grp_sp=0.117  n_imp=28374  n_red=8634
15:26:09 | INFO |     step 86000  loss=1.3182  grp_sp=0.117  n_imp=28374  n_red=8634
15:29:02 | INFO |     step 86200  loss=1.3182  grp_sp=0.117  n_imp=28374  n_red=8634
15:31:55 | INFO |     step 86400  loss=1.3180  grp_sp=0.117  n_imp=28374  n_red=8634
15:34:48 | INFO |     step 86600  loss=1.3172  grp_sp=0.117  n_imp=28374  n_red=8634
15:37:42 | INFO |     step 86800  loss=1.3171  grp_sp=0.117  n_imp=28374  n_red=8634
15:40:42 | INFO |     step 87000  loss=1.3162  grp_sp=0.117  n_imp=28374  n_red=8634
15:43:38 | INFO |     step 87200  loss=1.3158  grp_sp=0.117  n_imp=28374  n_red=8634
15:46:33 | INFO |     step 87400  loss=1.3151  grp_sp=0.117  n_imp=28374  n_red=8634
15:49:27 | INFO |     step 87600  loss=1.3137  grp_sp=0.117  n_imp=28374  n_red=8634
15:52:22 | INFO |     step 87800  loss=1.3130  grp_sp=0.117  n_imp=28374  n_red=8634
15:56:01 | INFO |     step 88000  loss=1.3128  grp_sp=0.117  n_imp=28374  n_red=8634
15:58:44 | INFO |     step 88200  loss=1.3125  grp_sp=0.117  n_imp=28374  n_red=8634
16:01:37 | INFO |     step 88400  loss=1.3121  grp_sp=0.117  n_imp=28374  n_red=8634
16:06:51 | INFO | [EPOCH 4/10] loss=1.3115  grp_sp=0.117  EM=67.06  F1=77.46  elapsed=1333.8min
16:07:58 | INFO |     step 88600  loss=1.0152  grp_sp=0.117  n_imp=28374  n_red=8634
16:10:55 | INFO |     step 88800  loss=1.0360  grp_sp=0.117  n_imp=28374  n_red=8634
16:13:47 | INFO |     step 89000  loss=0.9908  grp_sp=0.117  n_imp=28374  n_red=8634
16:16:45 | INFO |     step 89200  loss=0.9947  grp_sp=0.117  n_imp=28374  n_red=8634
16:19:46 | INFO |     step 89400  loss=0.9990  grp_sp=0.117  n_imp=28374  n_red=8634
16:22:40 | INFO |     step 89600  loss=1.0075  grp_sp=0.117  n_imp=28374  n_red=8634
16:25:33 | INFO |     step 89800  loss=1.0042  grp_sp=0.117  n_imp=28374  n_red=8634
16:28:25 | INFO |     step 90000  loss=1.0027  grp_sp=0.117  n_imp=28374  n_red=8634
16:31:18 | INFO |     step 90200  loss=1.0233  grp_sp=0.117  n_imp=28374  n_red=8634
16:34:10 | INFO |     step 90400  loss=1.0334  grp_sp=0.117  n_imp=28374  n_red=8634
16:37:03 | INFO |     step 90600  loss=1.0345  grp_sp=0.117  n_imp=28374  n_red=8634
16:39:55 | INFO |     step 90800  loss=1.0369  grp_sp=0.117  n_imp=28374  n_red=8634
16:42:48 | INFO |     step 91000  loss=1.0360  grp_sp=0.117  n_imp=28374  n_red=8634
16:45:38 | INFO |     step 91200  loss=1.0329  grp_sp=0.117  n_imp=28374  n_red=8634
16:48:30 | INFO |     step 91400  loss=1.0401  grp_sp=0.117  n_imp=28374  n_red=8634
16:51:23 | INFO |     step 91600  loss=1.0456  grp_sp=0.117  n_imp=28374  n_red=8634
16:54:15 | INFO |     step 91800  loss=1.0484  grp_sp=0.117  n_imp=28374  n_red=8634
16:57:07 | INFO |     step 92000  loss=1.0499  grp_sp=0.117  n_imp=28374  n_red=8634
17:00:01 | INFO |     step 92200  loss=1.0555  grp_sp=0.117  n_imp=28374  n_red=8634
17:02:56 | INFO |     step 92400  loss=1.0549  grp_sp=0.117  n_imp=28374  n_red=8634
17:05:51 | INFO |     step 92600  loss=1.0526  grp_sp=0.117  n_imp=28374  n_red=8634
17:08:46 | INFO |     step 92800  loss=1.0537  grp_sp=0.117  n_imp=28374  n_red=8634
17:11:43 | INFO |     step 93000  loss=1.0556  grp_sp=0.117  n_imp=28374  n_red=8634
17:14:41 | INFO |     step 93200  loss=1.0535  grp_sp=0.117  n_imp=28374  n_red=8634
17:17:40 | INFO |     step 93400  loss=1.0543  grp_sp=0.117  n_imp=28374  n_red=8634
17:20:38 | INFO |     step 93600  loss=1.0531  grp_sp=0.117  n_imp=28374  n_red=8634
17:23:34 | INFO |     step 93800  loss=1.0533  grp_sp=0.117  n_imp=28374  n_red=8634
17:26:38 | INFO |     step 94000  loss=1.0553  grp_sp=0.117  n_imp=28374  n_red=8634
17:29:43 | INFO |     step 94200  loss=1.0552  grp_sp=0.117  n_imp=28374  n_red=8634
17:32:49 | INFO |     step 94400  loss=1.0551  grp_sp=0.117  n_imp=28374  n_red=8634
17:35:48 | INFO |     step 94600  loss=1.0541  grp_sp=0.117  n_imp=28374  n_red=8634
17:38:45 | INFO |     step 94800  loss=1.0544  grp_sp=0.117  n_imp=28374  n_red=8634
17:41:43 | INFO |     step 95000  loss=1.0548  grp_sp=0.117  n_imp=28374  n_red=8634
17:44:44 | INFO |     step 95200  loss=1.0555  grp_sp=0.117  n_imp=28374  n_red=8634
17:47:40 | INFO |     step 95400  loss=1.0571  grp_sp=0.117  n_imp=28374  n_red=8634
17:50:35 | INFO |     step 95600  loss=1.0576  grp_sp=0.117  n_imp=28374  n_red=8634
17:53:29 | INFO |     step 95800  loss=1.0551  grp_sp=0.117  n_imp=28374  n_red=8634
17:56:26 | INFO |     step 96000  loss=1.0561  grp_sp=0.117  n_imp=28374  n_red=8634
17:59:21 | INFO |     step 96200  loss=1.0567  grp_sp=0.117  n_imp=28374  n_red=8634
18:02:16 | INFO |     step 96400  loss=1.0569  grp_sp=0.117  n_imp=28374  n_red=8634
18:05:10 | INFO |     step 96600  loss=1.0587  grp_sp=0.117  n_imp=28374  n_red=8634
18:08:03 | INFO |     step 96800  loss=1.0577  grp_sp=0.117  n_imp=28374  n_red=8634
18:10:56 | INFO |     step 97000  loss=1.0601  grp_sp=0.117  n_imp=28374  n_red=8634
18:13:48 | INFO |     step 97200  loss=1.0613  grp_sp=0.117  n_imp=28374  n_red=8634
18:16:41 | INFO |     step 97400  loss=1.0613  grp_sp=0.117  n_imp=28374  n_red=8634
18:19:35 | INFO |     step 97600  loss=1.0609  grp_sp=0.117  n_imp=28374  n_red=8634
18:22:29 | INFO |     step 97800  loss=1.0617  grp_sp=0.117  n_imp=28374  n_red=8634
18:25:23 | INFO |     step 98000  loss=1.0619  grp_sp=0.117  n_imp=28374  n_red=8634
18:28:18 | INFO |     step 98200  loss=1.0621  grp_sp=0.117  n_imp=28374  n_red=8634
18:31:13 | INFO |     step 98400  loss=1.0646  grp_sp=0.233  n_imp=24057  n_red=12951
18:34:09 | INFO |     step 98600  loss=1.0675  grp_sp=0.233  n_imp=24057  n_red=12951
18:37:05 | INFO |     step 98800  loss=1.0683  grp_sp=0.233  n_imp=24057  n_red=12951
18:40:00 | INFO |     step 99000  loss=1.0700  grp_sp=0.233  n_imp=24057  n_red=12951
18:42:56 | INFO |     step 99200  loss=1.0716  grp_sp=0.233  n_imp=24057  n_red=12951
18:45:49 | INFO |     step 99400  loss=1.0720  grp_sp=0.233  n_imp=24057  n_red=12951
18:48:42 | INFO |     step 99600  loss=1.0735  grp_sp=0.233  n_imp=24057  n_red=12951
18:51:39 | INFO |     step 99800  loss=1.0750  grp_sp=0.233  n_imp=24057  n_red=12951
18:54:35 | INFO |     step 100000  loss=1.0761  grp_sp=0.233  n_imp=24057  n_red=12951
18:57:30 | INFO |     step 100200  loss=1.0788  grp_sp=0.233  n_imp=24057  n_red=12951
19:00:25 | INFO |     step 100400  loss=1.0784  grp_sp=0.233  n_imp=24057  n_red=12951
19:03:20 | INFO |     step 100600  loss=1.0792  grp_sp=0.233  n_imp=24057  n_red=12951
19:06:17 | INFO |     step 100800  loss=1.0799  grp_sp=0.233  n_imp=24057  n_red=12951
19:09:13 | INFO |     step 101000  loss=1.0794  grp_sp=0.233  n_imp=24057  n_red=12951
19:12:09 | INFO |     step 101200  loss=1.0806  grp_sp=0.233  n_imp=24057  n_red=12951
19:15:05 | INFO |     step 101400  loss=1.0807  grp_sp=0.233  n_imp=24057  n_red=12951
19:18:01 | INFO |     step 101600  loss=1.0817  grp_sp=0.233  n_imp=24057  n_red=12951
19:20:57 | INFO |     step 101800  loss=1.0825  grp_sp=0.233  n_imp=24057  n_red=12951
19:23:55 | INFO |     step 102000  loss=1.0834  grp_sp=0.233  n_imp=24057  n_red=12951
19:26:52 | INFO |     step 102200  loss=1.0850  grp_sp=0.233  n_imp=24057  n_red=12951
19:29:48 | INFO |     step 102400  loss=1.0865  grp_sp=0.233  n_imp=24057  n_red=12951
19:32:44 | INFO |     step 102600  loss=1.0870  grp_sp=0.233  n_imp=24057  n_red=12951
19:35:40 | INFO |     step 102800  loss=1.0880  grp_sp=0.233  n_imp=24057  n_red=12951
19:38:37 | INFO |     step 103000  loss=1.0892  grp_sp=0.233  n_imp=24057  n_red=12951
19:41:35 | INFO |     step 103200  loss=1.0898  grp_sp=0.233  n_imp=24057  n_red=12951
19:44:31 | INFO |     step 103400  loss=1.0908  grp_sp=0.233  n_imp=24057  n_red=12951
19:47:26 | INFO |     step 103600  loss=1.0912  grp_sp=0.233  n_imp=24057  n_red=12951
19:50:22 | INFO |     step 103800  loss=1.0909  grp_sp=0.233  n_imp=24057  n_red=12951
19:53:18 | INFO |     step 104000  loss=1.0929  grp_sp=0.233  n_imp=24057  n_red=12951
19:56:14 | INFO |     step 104200  loss=1.0934  grp_sp=0.233  n_imp=24057  n_red=12951
19:59:10 | INFO |     step 104400  loss=1.0927  grp_sp=0.233  n_imp=24057  n_red=12951
20:02:05 | INFO |     step 104600  loss=1.0925  grp_sp=0.233  n_imp=24057  n_red=12951
20:04:57 | INFO |     step 104800  loss=1.0934  grp_sp=0.233  n_imp=24057  n_red=12951
20:07:50 | INFO |     step 105000  loss=1.0946  grp_sp=0.233  n_imp=24057  n_red=12951
20:10:43 | INFO |     step 105200  loss=1.0946  grp_sp=0.233  n_imp=24057  n_red=12951
20:13:36 | INFO |     step 105400  loss=1.0962  grp_sp=0.233  n_imp=24057  n_red=12951
20:16:31 | INFO |     step 105600  loss=1.0972  grp_sp=0.233  n_imp=24057  n_red=12951
20:19:25 | INFO |     step 105800  loss=1.0986  grp_sp=0.233  n_imp=24057  n_red=12951
20:22:19 | INFO |     step 106000  loss=1.0993  grp_sp=0.233  n_imp=24057  n_red=12951
20:25:13 | INFO |     step 106200  loss=1.1016  grp_sp=0.233  n_imp=24057  n_red=12951
20:28:07 | INFO |     step 106400  loss=1.1026  grp_sp=0.233  n_imp=24057  n_red=12951
20:31:01 | INFO |     step 106600  loss=1.1034  grp_sp=0.233  n_imp=24057  n_red=12951
20:33:54 | INFO |     step 106800  loss=1.1036  grp_sp=0.233  n_imp=24057  n_red=12951
20:36:46 | INFO |     step 107000  loss=1.1043  grp_sp=0.233  n_imp=24057  n_red=12951
20:39:39 | INFO |     step 107200  loss=1.1044  grp_sp=0.233  n_imp=24057  n_red=12951
20:42:34 | INFO |     step 107400  loss=1.1055  grp_sp=0.233  n_imp=24057  n_red=12951
20:45:27 | INFO |     step 107600  loss=1.1071  grp_sp=0.233  n_imp=24057  n_red=12951
20:48:22 | INFO |     step 107800  loss=1.1077  grp_sp=0.233  n_imp=24057  n_red=12951
20:51:16 | INFO |     step 108000  loss=1.1086  grp_sp=0.233  n_imp=24057  n_red=12951
20:54:10 | INFO |     step 108200  loss=1.1095  grp_sp=0.233  n_imp=24057  n_red=12951
20:57:04 | INFO |     step 108400  loss=1.1104  grp_sp=0.233  n_imp=24057  n_red=12951
20:59:59 | INFO |     step 108600  loss=1.1109  grp_sp=0.233  n_imp=24057  n_red=12951
21:02:53 | INFO |     step 108800  loss=1.1117  grp_sp=0.233  n_imp=24057  n_red=12951
21:05:46 | INFO |     step 109000  loss=1.1120  grp_sp=0.233  n_imp=24057  n_red=12951
21:08:41 | INFO |     step 109200  loss=1.1124  grp_sp=0.233  n_imp=24057  n_red=12951
21:11:35 | INFO |     step 109400  loss=1.1126  grp_sp=0.233  n_imp=24057  n_red=12951
21:14:29 | INFO |     step 109600  loss=1.1130  grp_sp=0.233  n_imp=24057  n_red=12951
21:17:47 | INFO |     step 109800  loss=1.1146  grp_sp=0.233  n_imp=24057  n_red=12951
21:20:53 | INFO |     step 110000  loss=1.1150  grp_sp=0.233  n_imp=24057  n_red=12951
21:23:50 | INFO |     step 110200  loss=1.1149  grp_sp=0.233  n_imp=24057  n_red=12951
21:26:55 | INFO |     step 110400  loss=1.1150  grp_sp=0.233  n_imp=24057  n_red=12951
21:29:56 | INFO |     step 110600  loss=1.1163  grp_sp=0.233  n_imp=24057  n_red=12951
21:34:09 | INFO | [EPOCH 5/10] loss=1.1166  grp_sp=0.233  EM=67.16  F1=77.38  elapsed=1661.2min
21:36:16 | INFO |     step 110800  loss=1.0291  grp_sp=0.233  n_imp=24057  n_red=12951
21:39:09 | INFO |     step 111000  loss=1.0241  grp_sp=0.233  n_imp=24057  n_red=12951
21:42:03 | INFO |     step 111200  loss=1.0178  grp_sp=0.233  n_imp=24057  n_red=12951
21:44:56 | INFO |     step 111400  loss=0.9942  grp_sp=0.233  n_imp=24057  n_red=12951
21:47:50 | INFO |     step 111600  loss=0.9826  grp_sp=0.233  n_imp=24057  n_red=12951
21:50:44 | INFO |     step 111800  loss=0.9824  grp_sp=0.233  n_imp=24057  n_red=12951
21:53:37 | INFO |     step 112000  loss=0.9940  grp_sp=0.233  n_imp=24057  n_red=12951
21:56:31 | INFO |     step 112200  loss=0.9875  grp_sp=0.233  n_imp=24057  n_red=12951
21:59:24 | INFO |     step 112400  loss=0.9950  grp_sp=0.233  n_imp=24057  n_red=12951
22:02:18 | INFO |     step 112600  loss=0.9944  grp_sp=0.233  n_imp=24057  n_red=12951
22:05:12 | INFO |     step 112800  loss=0.9909  grp_sp=0.233  n_imp=24057  n_red=12951
22:08:06 | INFO |     step 113000  loss=0.9898  grp_sp=0.233  n_imp=24057  n_red=12951
22:10:59 | INFO |     step 113200  loss=0.9875  grp_sp=0.233  n_imp=24057  n_red=12951
22:13:53 | INFO |     step 113400  loss=0.9851  grp_sp=0.233  n_imp=24057  n_red=12951
22:16:49 | INFO |     step 113600  loss=0.9858  grp_sp=0.233  n_imp=24057  n_red=12951
22:19:44 | INFO |     step 113800  loss=0.9883  grp_sp=0.233  n_imp=24057  n_red=12951
22:22:37 | INFO |     step 114000  loss=0.9854  grp_sp=0.233  n_imp=24057  n_red=12951
22:25:31 | INFO |     step 114200  loss=0.9843  grp_sp=0.233  n_imp=24057  n_red=12951
22:28:26 | INFO |     step 114400  loss=0.9840  grp_sp=0.233  n_imp=24057  n_red=12951
22:31:20 | INFO |     step 114600  loss=0.9835  grp_sp=0.233  n_imp=24057  n_red=12951
22:34:14 | INFO |     step 114800  loss=0.9875  grp_sp=0.233  n_imp=24057  n_red=12951
22:37:08 | INFO |     step 115000  loss=0.9865  grp_sp=0.233  n_imp=24057  n_red=12951
22:40:01 | INFO |     step 115200  loss=0.9856  grp_sp=0.233  n_imp=24057  n_red=12951
22:42:59 | INFO |     step 115400  loss=0.9868  grp_sp=0.233  n_imp=24057  n_red=12951
22:45:53 | INFO |     step 115600  loss=0.9870  grp_sp=0.233  n_imp=24057  n_red=12951
22:48:48 | INFO |     step 115800  loss=0.9851  grp_sp=0.233  n_imp=24057  n_red=12951
22:51:42 | INFO |     step 116000  loss=0.9837  grp_sp=0.233  n_imp=24057  n_red=12951
22:54:36 | INFO |     step 116200  loss=0.9835  grp_sp=0.233  n_imp=24057  n_red=12951
22:57:32 | INFO |     step 116400  loss=0.9846  grp_sp=0.233  n_imp=24057  n_red=12951
23:00:27 | INFO |     step 116600  loss=0.9851  grp_sp=0.233  n_imp=24057  n_red=12951
23:03:21 | INFO |     step 116800  loss=0.9856  grp_sp=0.233  n_imp=24057  n_red=12951
23:06:15 | INFO |     step 117000  loss=0.9856  grp_sp=0.233  n_imp=24057  n_red=12951
23:09:10 | INFO |     step 117200  loss=0.9862  grp_sp=0.233  n_imp=24057  n_red=12951
23:12:04 | INFO |     step 117400  loss=0.9860  grp_sp=0.233  n_imp=24057  n_red=12951
23:14:58 | INFO |     step 117600  loss=0.9846  grp_sp=0.233  n_imp=24057  n_red=12951
23:17:53 | INFO |     step 117800  loss=0.9842  grp_sp=0.233  n_imp=24057  n_red=12951
23:20:47 | INFO |     step 118000  loss=0.9821  grp_sp=0.233  n_imp=24057  n_red=12951
23:23:41 | INFO |     step 118200  loss=0.9832  grp_sp=0.233  n_imp=24057  n_red=12951
23:26:35 | INFO |     step 118400  loss=0.9841  grp_sp=0.233  n_imp=24057  n_red=12951
23:29:29 | INFO |     step 118600  loss=0.9827  grp_sp=0.233  n_imp=24057  n_red=12951
23:32:22 | INFO |     step 118800  loss=0.9838  grp_sp=0.233  n_imp=24057  n_red=12951
23:35:16 | INFO |     step 119000  loss=0.9859  grp_sp=0.233  n_imp=24057  n_red=12951
23:38:10 | INFO |     step 119200  loss=0.9865  grp_sp=0.233  n_imp=24057  n_red=12951
23:41:05 | INFO |     step 119400  loss=0.9870  grp_sp=0.233  n_imp=24057  n_red=12951
23:43:59 | INFO |     step 119600  loss=0.9871  grp_sp=0.233  n_imp=24057  n_red=12951
23:46:54 | INFO |     step 119800  loss=0.9897  grp_sp=0.233  n_imp=24057  n_red=12951
23:49:49 | INFO |     step 120000  loss=0.9913  grp_sp=0.233  n_imp=24057  n_red=12951
23:52:44 | INFO |     step 120200  loss=0.9915  grp_sp=0.233  n_imp=24057  n_red=12951
23:55:39 | INFO |     step 120400  loss=0.9937  grp_sp=0.233  n_imp=24057  n_red=12951
23:58:32 | INFO |     step 120600  loss=0.9939  grp_sp=0.233  n_imp=24057  n_red=12951
00:01:26 | INFO |     step 120800  loss=0.9947  grp_sp=0.233  n_imp=24057  n_red=12951
00:04:20 | INFO |     step 121000  loss=0.9954  grp_sp=0.233  n_imp=24057  n_red=12951
00:07:14 | INFO |     step 121200  loss=0.9953  grp_sp=0.233  n_imp=24057  n_red=12951
00:10:07 | INFO |     step 121400  loss=0.9974  grp_sp=0.233  n_imp=24057  n_red=12951
00:13:01 | INFO |     step 121600  loss=0.9977  grp_sp=0.233  n_imp=24057  n_red=12951
00:15:54 | INFO |     step 121800  loss=0.9994  grp_sp=0.233  n_imp=24057  n_red=12951
00:18:47 | INFO |     step 122000  loss=0.9995  grp_sp=0.233  n_imp=24057  n_red=12951
00:21:40 | INFO |     step 122200  loss=0.9997  grp_sp=0.233  n_imp=24057  n_red=12951
00:24:32 | INFO |     step 122400  loss=0.9999  grp_sp=0.233  n_imp=24057  n_red=12951
00:27:24 | INFO |     step 122600  loss=1.0008  grp_sp=0.233  n_imp=24057  n_red=12951
00:30:17 | INFO |     step 122800  loss=1.0023  grp_sp=0.233  n_imp=24057  n_red=12951
00:33:10 | INFO |     step 123000  loss=1.0033  grp_sp=0.233  n_imp=24057  n_red=12951
00:36:03 | INFO |     step 123200  loss=1.0039  grp_sp=0.233  n_imp=24057  n_red=12951
00:38:56 | INFO |     step 123400  loss=1.0041  grp_sp=0.233  n_imp=24057  n_red=12951
00:41:50 | INFO |     step 123600  loss=1.0034  grp_sp=0.233  n_imp=24057  n_red=12951
00:45:21 | INFO |     step 123800  loss=1.0043  grp_sp=0.233  n_imp=24057  n_red=12951
00:50:10 | INFO |     step 124000  loss=1.0052  grp_sp=0.233  n_imp=24057  n_red=12951
00:54:57 | INFO |     step 124200  loss=1.0046  grp_sp=0.233  n_imp=24057  n_red=12951
00:59:44 | INFO |     step 124400  loss=1.0053  grp_sp=0.233  n_imp=24057  n_red=12951
01:04:32 | INFO |     step 124600  loss=1.0054  grp_sp=0.233  n_imp=24057  n_red=12951
01:09:19 | INFO |     step 124800  loss=1.0063  grp_sp=0.233  n_imp=24057  n_red=12951
01:14:02 | INFO |     step 125000  loss=1.0075  grp_sp=0.233  n_imp=24057  n_red=12951
01:18:44 | INFO |     step 125200  loss=1.0089  grp_sp=0.233  n_imp=24057  n_red=12951
01:23:31 | INFO |     step 125400  loss=1.0091  grp_sp=0.233  n_imp=24057  n_red=12951
01:28:17 | INFO |     step 125600  loss=1.0099  grp_sp=0.233  n_imp=24057  n_red=12951
01:33:02 | INFO |     step 125800  loss=1.0098  grp_sp=0.233  n_imp=24057  n_red=12951
01:37:49 | INFO |     step 126000  loss=1.0114  grp_sp=0.233  n_imp=24057  n_red=12951
01:42:27 | INFO |     step 126200  loss=1.0113  grp_sp=0.233  n_imp=24057  n_red=12951
01:47:11 | INFO |     step 126400  loss=1.0117  grp_sp=0.233  n_imp=24057  n_red=12951
01:51:55 | INFO |     step 126600  loss=1.0126  grp_sp=0.233  n_imp=24057  n_red=12951
01:56:39 | INFO |     step 126800  loss=1.0133  grp_sp=0.233  n_imp=24057  n_red=12951
02:01:24 | INFO |     step 127000  loss=1.0135  grp_sp=0.233  n_imp=24057  n_red=12951
02:06:08 | INFO |     step 127200  loss=1.0137  grp_sp=0.233  n_imp=24057  n_red=12951
02:10:52 | INFO |     step 127400  loss=1.0140  grp_sp=0.233  n_imp=24057  n_red=12951
02:15:37 | INFO |     step 127600  loss=1.0147  grp_sp=0.233  n_imp=24057  n_red=12951
02:20:27 | INFO |     step 127800  loss=1.0142  grp_sp=0.233  n_imp=24057  n_red=12951
02:25:07 | INFO |     step 128000  loss=1.0151  grp_sp=0.233  n_imp=24057  n_red=12951
02:29:57 | INFO |     step 128200  loss=1.0153  grp_sp=0.233  n_imp=24057  n_red=12951
02:34:49 | INFO |     step 128400  loss=1.0157  grp_sp=0.233  n_imp=24057  n_red=12951
02:39:39 | INFO |     step 128600  loss=1.0153  grp_sp=0.233  n_imp=24057  n_red=12951
02:44:25 | INFO |     step 128800  loss=1.0165  grp_sp=0.233  n_imp=24057  n_red=12951
02:49:14 | INFO |     step 129000  loss=1.0169  grp_sp=0.233  n_imp=24057  n_red=12951
02:54:08 | INFO |     step 129200  loss=1.0178  grp_sp=0.350  n_imp=19740  n_red=17268
02:58:58 | INFO |     step 129400  loss=1.0188  grp_sp=0.350  n_imp=19740  n_red=17268
03:03:49 | INFO |     step 129600  loss=1.0188  grp_sp=0.350  n_imp=19740  n_red=17268
03:08:45 | INFO |     step 129800  loss=1.0183  grp_sp=0.350  n_imp=19740  n_red=17268
03:13:46 | INFO |     step 130000  loss=1.0187  grp_sp=0.350  n_imp=19740  n_red=17268
03:18:02 | INFO |     step 130200  loss=1.0188  grp_sp=0.350  n_imp=19740  n_red=17268
03:21:00 | INFO |     step 130400  loss=1.0190  grp_sp=0.350  n_imp=19740  n_red=17268
03:23:58 | INFO |     step 130600  loss=1.0182  grp_sp=0.350  n_imp=19740  n_red=17268
03:26:56 | INFO |     step 130800  loss=1.0191  grp_sp=0.350  n_imp=19740  n_red=17268
03:29:55 | INFO |     step 131000  loss=1.0194  grp_sp=0.350  n_imp=19740  n_red=17268
03:32:55 | INFO |     step 131200  loss=1.0201  grp_sp=0.350  n_imp=19740  n_red=17268
03:36:07 | INFO |     step 131400  loss=1.0200  grp_sp=0.350  n_imp=19740  n_red=17268
03:39:31 | INFO |     step 131600  loss=1.0202  grp_sp=0.350  n_imp=19740  n_red=17268
03:42:29 | INFO |     step 131800  loss=1.0207  grp_sp=0.350  n_imp=19740  n_red=17268
03:45:27 | INFO |     step 132000  loss=1.0204  grp_sp=0.350  n_imp=19740  n_red=17268
03:48:26 | INFO |     step 132200  loss=1.0204  grp_sp=0.350  n_imp=19740  n_red=17268
03:51:28 | INFO |     step 132400  loss=1.0211  grp_sp=0.350  n_imp=19740  n_red=17268
03:54:31 | INFO |     step 132600  loss=1.0211  grp_sp=0.350  n_imp=19740  n_red=17268
04:00:47 | INFO | [EPOCH 6/10] loss=1.0209  grp_sp=0.350  EM=66.96  F1=77.13  elapsed=2047.7min
04:01:00 | INFO |     step 132800  loss=0.7421  grp_sp=0.350  n_imp=19740  n_red=17268
04:03:59 | INFO |     step 133000  loss=0.8505  grp_sp=0.350  n_imp=19740  n_red=17268
04:07:01 | INFO |     step 133200  loss=0.8857  grp_sp=0.350  n_imp=19740  n_red=17268
04:10:05 | INFO |     step 133400  loss=0.8556  grp_sp=0.350  n_imp=19740  n_red=17268
04:13:08 | INFO |     step 133600  loss=0.8446  grp_sp=0.350  n_imp=19740  n_red=17268
04:16:09 | INFO |     step 133800  loss=0.8438  grp_sp=0.350  n_imp=19740  n_red=17268
04:19:13 | INFO |     step 134000  loss=0.8403  grp_sp=0.350  n_imp=19740  n_red=17268
04:22:13 | INFO |     step 134200  loss=0.8337  grp_sp=0.350  n_imp=19740  n_red=17268
04:25:14 | INFO |     step 134400  loss=0.8354  grp_sp=0.350  n_imp=19740  n_red=17268
04:28:12 | INFO |     step 134600  loss=0.8405  grp_sp=0.350  n_imp=19740  n_red=17268
04:31:10 | INFO |     step 134800  loss=0.8408  grp_sp=0.350  n_imp=19740  n_red=17268
04:34:08 | INFO |     step 135000  loss=0.8447  grp_sp=0.350  n_imp=19740  n_red=17268
04:37:09 | INFO |     step 135200  loss=0.8436  grp_sp=0.350  n_imp=19740  n_red=17268
04:40:07 | INFO |     step 135400  loss=0.8392  grp_sp=0.350  n_imp=19740  n_red=17268
04:43:05 | INFO |     step 135600  loss=0.8385  grp_sp=0.350  n_imp=19740  n_red=17268
04:46:03 | INFO |     step 135800  loss=0.8396  grp_sp=0.350  n_imp=19740  n_red=17268
04:49:03 | INFO |     step 136000  loss=0.8376  grp_sp=0.350  n_imp=19740  n_red=17268
04:52:03 | INFO |     step 136200  loss=0.8377  grp_sp=0.350  n_imp=19740  n_red=17268
04:55:02 | INFO |     step 136400  loss=0.8404  grp_sp=0.350  n_imp=19740  n_red=17268
04:58:01 | INFO |     step 136600  loss=0.8450  grp_sp=0.350  n_imp=19740  n_red=17268
05:00:59 | INFO |     step 136800  loss=0.8490  grp_sp=0.350  n_imp=19740  n_red=17268
05:03:57 | INFO |     step 137000  loss=0.8510  grp_sp=0.350  n_imp=19740  n_red=17268
05:06:56 | INFO |     step 137200  loss=0.8531  grp_sp=0.350  n_imp=19740  n_red=17268
05:09:54 | INFO |     step 137400  loss=0.8557  grp_sp=0.350  n_imp=19740  n_red=17268
05:12:53 | INFO |     step 137600  loss=0.8556  grp_sp=0.350  n_imp=19740  n_red=17268
05:15:51 | INFO |     step 137800  loss=0.8571  grp_sp=0.350  n_imp=19740  n_red=17268
05:18:49 | INFO |     step 138000  loss=0.8600  grp_sp=0.350  n_imp=19740  n_red=17268
05:21:46 | INFO |     step 138200  loss=0.8616  grp_sp=0.350  n_imp=19740  n_red=17268
05:24:45 | INFO |     step 138400  loss=0.8630  grp_sp=0.350  n_imp=19740  n_red=17268
05:27:44 | INFO |     step 138600  loss=0.8662  grp_sp=0.350  n_imp=19740  n_red=17268
05:30:41 | INFO |     step 138800  loss=0.8707  grp_sp=0.350  n_imp=19740  n_red=17268
05:33:39 | INFO |     step 139000  loss=0.8720  grp_sp=0.350  n_imp=19740  n_red=17268
05:36:36 | INFO |     step 139200  loss=0.8737  grp_sp=0.350  n_imp=19740  n_red=17268
05:39:33 | INFO |     step 139400  loss=0.8767  grp_sp=0.350  n_imp=19740  n_red=17268
05:42:34 | INFO |     step 139600  loss=0.8786  grp_sp=0.350  n_imp=19740  n_red=17268
05:45:34 | INFO |     step 139800  loss=0.8800  grp_sp=0.350  n_imp=19740  n_red=17268
05:48:36 | INFO |     step 140000  loss=0.8842  grp_sp=0.350  n_imp=19740  n_red=17268
05:51:37 | INFO |     step 140200  loss=0.8853  grp_sp=0.350  n_imp=19740  n_red=17268
05:54:42 | INFO |     step 140400  loss=0.8894  grp_sp=0.350  n_imp=19740  n_red=17268
05:57:39 | INFO |     step 140600  loss=0.8906  grp_sp=0.350  n_imp=19740  n_red=17268
06:00:38 | INFO |     step 140800  loss=0.8921  grp_sp=0.350  n_imp=19740  n_red=17268
06:03:35 | INFO |     step 141000  loss=0.8929  grp_sp=0.350  n_imp=19740  n_red=17268
06:06:39 | INFO |     step 141200  loss=0.8970  grp_sp=0.350  n_imp=19740  n_red=17268
06:09:43 | INFO |     step 141400  loss=0.8981  grp_sp=0.350  n_imp=19740  n_red=17268
06:12:50 | INFO |     step 141600  loss=0.9005  grp_sp=0.350  n_imp=19740  n_red=17268
06:15:53 | INFO |     step 141800  loss=0.9024  grp_sp=0.350  n_imp=19740  n_red=17268
06:18:58 | INFO |     step 142000  loss=0.9015  grp_sp=0.350  n_imp=19740  n_red=17268
06:22:15 | INFO |     step 142200  loss=0.9029  grp_sp=0.350  n_imp=19740  n_red=17268
06:25:23 | INFO |     step 142400  loss=0.9025  grp_sp=0.350  n_imp=19740  n_red=17268
06:28:25 | INFO |     step 142600  loss=0.9042  grp_sp=0.350  n_imp=19740  n_red=17268
06:31:29 | INFO |     step 142800  loss=0.9054  grp_sp=0.350  n_imp=19740  n_red=17268
06:34:32 | INFO |     step 143000  loss=0.9071  grp_sp=0.350  n_imp=19740  n_red=17268
06:37:34 | INFO |     step 143200  loss=0.9073  grp_sp=0.350  n_imp=19740  n_red=17268
06:40:39 | INFO |     step 143400  loss=0.9076  grp_sp=0.350  n_imp=19740  n_red=17268
06:43:43 | INFO |     step 143600  loss=0.9102  grp_sp=0.350  n_imp=19740  n_red=17268
06:46:46 | INFO |     step 143800  loss=0.9090  grp_sp=0.350  n_imp=19740  n_red=17268
06:49:50 | INFO |     step 144000  loss=0.9088  grp_sp=0.350  n_imp=19740  n_red=17268
06:52:53 | INFO |     step 144200  loss=0.9102  grp_sp=0.350  n_imp=19740  n_red=17268
06:55:53 | INFO |     step 144400  loss=0.9114  grp_sp=0.350  n_imp=19740  n_red=17268
06:58:57 | INFO |     step 144600  loss=0.9123  grp_sp=0.350  n_imp=19740  n_red=17268
07:01:56 | INFO |     step 144800  loss=0.9120  grp_sp=0.350  n_imp=19740  n_red=17268
07:04:54 | INFO |     step 145000  loss=0.9148  grp_sp=0.350  n_imp=19740  n_red=17268
07:07:55 | INFO |     step 145200  loss=0.9159  grp_sp=0.350  n_imp=19740  n_red=17268
07:10:54 | INFO |     step 145400  loss=0.9155  grp_sp=0.350  n_imp=19740  n_red=17268
07:14:05 | INFO |     step 145600  loss=0.9159  grp_sp=0.350  n_imp=19740  n_red=17268
07:17:07 | INFO |     step 145800  loss=0.9162  grp_sp=0.350  n_imp=19740  n_red=17268
07:20:09 | INFO |     step 146000  loss=0.9176  grp_sp=0.350  n_imp=19740  n_red=17268
07:23:12 | INFO |     step 146200  loss=0.9176  grp_sp=0.350  n_imp=19740  n_red=17268
07:26:11 | INFO |     step 146400  loss=0.9187  grp_sp=0.350  n_imp=19740  n_red=17268
07:29:10 | INFO |     step 146600  loss=0.9194  grp_sp=0.350  n_imp=19740  n_red=17268
07:32:10 | INFO |     step 146800  loss=0.9190  grp_sp=0.350  n_imp=19740  n_red=17268
07:35:09 | INFO |     step 147000  loss=0.9198  grp_sp=0.350  n_imp=19740  n_red=17268
07:38:09 | INFO |     step 147200  loss=0.9195  grp_sp=0.350  n_imp=19740  n_red=17268
07:41:10 | INFO |     step 147400  loss=0.9199  grp_sp=0.350  n_imp=19740  n_red=17268
07:44:15 | INFO |     step 147600  loss=0.9210  grp_sp=0.350  n_imp=19740  n_red=17268
07:47:17 | INFO |     step 147800  loss=0.9222  grp_sp=0.350  n_imp=19740  n_red=17268
07:50:13 | INFO |     step 148000  loss=0.9240  grp_sp=0.350  n_imp=19740  n_red=17268
07:53:07 | INFO |     step 148200  loss=0.9250  grp_sp=0.350  n_imp=19740  n_red=17268
07:56:11 | INFO |     step 148400  loss=0.9253  grp_sp=0.350  n_imp=19740  n_red=17268
07:59:16 | INFO |     step 148600  loss=0.9265  grp_sp=0.350  n_imp=19740  n_red=17268
08:02:10 | INFO |     step 148800  loss=0.9277  grp_sp=0.350  n_imp=19740  n_red=17268
08:05:09 | INFO |     step 149000  loss=0.9283  grp_sp=0.350  n_imp=19740  n_red=17268
08:08:12 | INFO |     step 149200  loss=0.9285  grp_sp=0.350  n_imp=19740  n_red=17268
08:11:14 | INFO |     step 149400  loss=0.9286  grp_sp=0.350  n_imp=19740  n_red=17268
08:14:13 | INFO |     step 149600  loss=0.9284  grp_sp=0.350  n_imp=19740  n_red=17268
08:17:10 | INFO |     step 149800  loss=0.9287  grp_sp=0.350  n_imp=19740  n_red=17268
08:20:10 | INFO |     step 150000  loss=0.9294  grp_sp=0.350  n_imp=19740  n_red=17268
08:23:11 | INFO |     step 150200  loss=0.9294  grp_sp=0.350  n_imp=19740  n_red=17268
08:26:10 | INFO |     step 150400  loss=0.9301  grp_sp=0.350  n_imp=19740  n_red=17268
08:29:05 | INFO |     step 150600  loss=0.9303  grp_sp=0.350  n_imp=19740  n_red=17268
08:31:57 | INFO |     step 150800  loss=0.9308  grp_sp=0.350  n_imp=19740  n_red=17268
08:34:49 | INFO |     step 151000  loss=0.9313  grp_sp=0.350  n_imp=19740  n_red=17268
08:37:40 | INFO |     step 151200  loss=0.9318  grp_sp=0.350  n_imp=19740  n_red=17268
08:40:32 | INFO |     step 151400  loss=0.9324  grp_sp=0.350  n_imp=19740  n_red=17268
08:43:24 | INFO |     step 151600  loss=0.9320  grp_sp=0.350  n_imp=19740  n_red=17268
08:46:16 | INFO |     step 151800  loss=0.9315  grp_sp=0.350  n_imp=19740  n_red=17268
08:49:08 | INFO |     step 152000  loss=0.9323  grp_sp=0.350  n_imp=19740  n_red=17268
08:52:00 | INFO |     step 152200  loss=0.9324  grp_sp=0.350  n_imp=19740  n_red=17268
08:54:52 | INFO |     step 152400  loss=0.9328  grp_sp=0.350  n_imp=19740  n_red=17268
08:57:45 | INFO |     step 152600  loss=0.9321  grp_sp=0.350  n_imp=19740  n_red=17268
09:00:37 | INFO |     step 152800  loss=0.9327  grp_sp=0.350  n_imp=19740  n_red=17268
09:04:10 | INFO |     step 153000  loss=0.9325  grp_sp=0.350  n_imp=19740  n_red=17268
09:06:56 | INFO |     step 153200  loss=0.9331  grp_sp=0.350  n_imp=19740  n_red=17268
09:09:48 | INFO |     step 153400  loss=0.9334  grp_sp=0.350  n_imp=19740  n_red=17268
09:12:40 | INFO |     step 153600  loss=0.9348  grp_sp=0.350  n_imp=19740  n_red=17268
09:15:31 | INFO |     step 153800  loss=0.9352  grp_sp=0.350  n_imp=19740  n_red=17268
09:18:23 | INFO |     step 154000  loss=0.9350  grp_sp=0.350  n_imp=19740  n_red=17268
09:21:15 | INFO |     step 154200  loss=0.9355  grp_sp=0.350  n_imp=19740  n_red=17268
09:24:07 | INFO |     step 154400  loss=0.9366  grp_sp=0.350  n_imp=19740  n_red=17268
09:27:00 | INFO |     step 154600  loss=0.9375  grp_sp=0.350  n_imp=19740  n_red=17268
09:29:52 | INFO |     step 154800  loss=0.9384  grp_sp=0.350  n_imp=19740  n_red=17268
09:34:55 | INFO | [EPOCH 7/10] loss=0.9384  grp_sp=0.350  EM=66.27  F1=76.85  elapsed=2382.0min
09:36:06 | INFO |     step 155000  loss=0.7388  grp_sp=0.350  n_imp=19740  n_red=17268
09:38:59 | INFO |     step 155200  loss=0.7573  grp_sp=0.350  n_imp=19740  n_red=17268
09:41:51 | INFO |     step 155400  loss=0.7911  grp_sp=0.350  n_imp=19740  n_red=17268
09:44:44 | INFO |     step 155600  loss=0.7831  grp_sp=0.350  n_imp=19740  n_red=17268
09:47:38 | INFO |     step 155800  loss=0.7854  grp_sp=0.350  n_imp=19740  n_red=17268
09:50:33 | INFO |     step 156000  loss=0.8023  grp_sp=0.350  n_imp=19740  n_red=17268
09:53:27 | INFO |     step 156200  loss=0.8004  grp_sp=0.350  n_imp=19740  n_red=17268
09:56:25 | INFO |     step 156400  loss=0.7954  grp_sp=0.350  n_imp=19740  n_red=17268
09:59:24 | INFO |     step 156600  loss=0.7942  grp_sp=0.350  n_imp=19740  n_red=17268
10:02:19 | INFO |     step 156800  loss=0.7996  grp_sp=0.350  n_imp=19740  n_red=17268
10:05:13 | INFO |     step 157000  loss=0.8005  grp_sp=0.350  n_imp=19740  n_red=17268
10:08:07 | INFO |     step 157200  loss=0.8037  grp_sp=0.350  n_imp=19740  n_red=17268
10:11:02 | INFO |     step 157400  loss=0.8038  grp_sp=0.350  n_imp=19740  n_red=17268
10:13:56 | INFO |     step 157600  loss=0.7987  grp_sp=0.350  n_imp=19740  n_red=17268
10:16:49 | INFO |     step 157800  loss=0.7990  grp_sp=0.350  n_imp=19740  n_red=17268
10:19:43 | INFO |     step 158000  loss=0.8028  grp_sp=0.350  n_imp=19740  n_red=17268
10:22:37 | INFO |     step 158200  loss=0.8056  grp_sp=0.350  n_imp=19740  n_red=17268
10:25:31 | INFO |     step 158400  loss=0.8029  grp_sp=0.350  n_imp=19740  n_red=17268
10:28:25 | INFO |     step 158600  loss=0.8026  grp_sp=0.350  n_imp=19740  n_red=17268
10:31:19 | INFO |     step 158800  loss=0.8006  grp_sp=0.350  n_imp=19740  n_red=17268
10:34:13 | INFO |     step 159000  loss=0.7990  grp_sp=0.350  n_imp=19740  n_red=17268
10:37:07 | INFO |     step 159200  loss=0.7992  grp_sp=0.350  n_imp=19740  n_red=17268
10:40:02 | INFO |     step 159400  loss=0.7972  grp_sp=0.350  n_imp=19740  n_red=17268
10:42:57 | INFO |     step 159600  loss=0.7975  grp_sp=0.350  n_imp=19740  n_red=17268
10:45:51 | INFO |     step 159800  loss=0.7959  grp_sp=0.350  n_imp=19740  n_red=17268
10:48:47 | INFO |     step 160000  loss=0.7967  grp_sp=0.467  n_imp=15423  n_red=21585
10:51:42 | INFO |     step 160200  loss=0.7960  grp_sp=0.467  n_imp=15423  n_red=21585
10:54:35 | INFO |     step 160400  loss=0.7967  grp_sp=0.467  n_imp=15423  n_red=21585
10:57:29 | INFO |     step 160600  loss=0.7985  grp_sp=0.467  n_imp=15423  n_red=21585
11:00:24 | INFO |     step 160800  loss=0.7982  grp_sp=0.467  n_imp=15423  n_red=21585
11:03:18 | INFO |     step 161000  loss=0.7974  grp_sp=0.467  n_imp=15423  n_red=21585
11:06:12 | INFO |     step 161200  loss=0.7958  grp_sp=0.467  n_imp=15423  n_red=21585
11:09:07 | INFO |     step 161400  loss=0.7961  grp_sp=0.467  n_imp=15423  n_red=21585
11:12:01 | INFO |     step 161600  loss=0.7974  grp_sp=0.467  n_imp=15423  n_red=21585
11:14:55 | INFO |     step 161800  loss=0.7985  grp_sp=0.467  n_imp=15423  n_red=21585
11:17:50 | INFO |     step 162000  loss=0.7987  grp_sp=0.467  n_imp=15423  n_red=21585
11:20:44 | INFO |     step 162200  loss=0.7962  grp_sp=0.467  n_imp=15423  n_red=21585
11:23:39 | INFO |     step 162400  loss=0.7962  grp_sp=0.467  n_imp=15423  n_red=21585
11:26:34 | INFO |     step 162600  loss=0.7984  grp_sp=0.467  n_imp=15423  n_red=21585
11:29:29 | INFO |     step 162800  loss=0.7997  grp_sp=0.467  n_imp=15423  n_red=21585
11:32:24 | INFO |     step 163000  loss=0.8005  grp_sp=0.467  n_imp=15423  n_red=21585
11:35:18 | INFO |     step 163200  loss=0.8011  grp_sp=0.467  n_imp=15423  n_red=21585
11:38:13 | INFO |     step 163400  loss=0.8012  grp_sp=0.467  n_imp=15423  n_red=21585
11:41:08 | INFO |     step 163600  loss=0.8008  grp_sp=0.467  n_imp=15423  n_red=21585
11:44:03 | INFO |     step 163800  loss=0.8016  grp_sp=0.467  n_imp=15423  n_red=21585
11:46:58 | INFO |     step 164000  loss=0.8022  grp_sp=0.467  n_imp=15423  n_red=21585
11:49:53 | INFO |     step 164200  loss=0.8037  grp_sp=0.467  n_imp=15423  n_red=21585
11:52:47 | INFO |     step 164400  loss=0.8038  grp_sp=0.467  n_imp=15423  n_red=21585
11:55:41 | INFO |     step 164600  loss=0.8055  grp_sp=0.467  n_imp=15423  n_red=21585
11:58:36 | INFO |     step 164800  loss=0.8072  grp_sp=0.467  n_imp=15423  n_red=21585
12:01:30 | INFO |     step 165000  loss=0.8077  grp_sp=0.467  n_imp=15423  n_red=21585
12:04:24 | INFO |     step 165200  loss=0.8077  grp_sp=0.467  n_imp=15423  n_red=21585
12:07:19 | INFO |     step 165400  loss=0.8095  grp_sp=0.467  n_imp=15423  n_red=21585
12:10:14 | INFO |     step 165600  loss=0.8110  grp_sp=0.467  n_imp=15423  n_red=21585
12:13:08 | INFO |     step 165800  loss=0.8113  grp_sp=0.467  n_imp=15423  n_red=21585
12:16:02 | INFO |     step 166000  loss=0.8120  grp_sp=0.467  n_imp=15423  n_red=21585
12:18:56 | INFO |     step 166200  loss=0.8129  grp_sp=0.467  n_imp=15423  n_red=21585
12:21:50 | INFO |     step 166400  loss=0.8126  grp_sp=0.467  n_imp=15423  n_red=21585
12:24:43 | INFO |     step 166600  loss=0.8143  grp_sp=0.467  n_imp=15423  n_red=21585
12:27:37 | INFO |     step 166800  loss=0.8144  grp_sp=0.467  n_imp=15423  n_red=21585
12:30:30 | INFO |     step 167000  loss=0.8153  grp_sp=0.467  n_imp=15423  n_red=21585
12:33:24 | INFO |     step 167200  loss=0.8151  grp_sp=0.467  n_imp=15423  n_red=21585
12:36:19 | INFO |     step 167400  loss=0.8154  grp_sp=0.467  n_imp=15423  n_red=21585
12:39:13 | INFO |     step 167600  loss=0.8162  grp_sp=0.467  n_imp=15423  n_red=21585
12:42:08 | INFO |     step 167800  loss=0.8170  grp_sp=0.467  n_imp=15423  n_red=21585
12:45:02 | INFO |     step 168000  loss=0.8184  grp_sp=0.467  n_imp=15423  n_red=21585
12:47:56 | INFO |     step 168200  loss=0.8187  grp_sp=0.467  n_imp=15423  n_red=21585
12:50:50 | INFO |     step 168400  loss=0.8191  grp_sp=0.467  n_imp=15423  n_red=21585
12:53:44 | INFO |     step 168600  loss=0.8196  grp_sp=0.467  n_imp=15423  n_red=21585
12:56:39 | INFO |     step 168800  loss=0.8188  grp_sp=0.467  n_imp=15423  n_red=21585
12:59:35 | INFO |     step 169000  loss=0.8198  grp_sp=0.467  n_imp=15423  n_red=21585
13:02:30 | INFO |     step 169200  loss=0.8190  grp_sp=0.467  n_imp=15423  n_red=21585
13:05:25 | INFO |     step 169400  loss=0.8188  grp_sp=0.467  n_imp=15423  n_red=21585
13:08:21 | INFO |     step 169600  loss=0.8196  grp_sp=0.467  n_imp=15423  n_red=21585
13:11:16 | INFO |     step 169800  loss=0.8194  grp_sp=0.467  n_imp=15423  n_red=21585
13:14:11 | INFO |     step 170000  loss=0.8206  grp_sp=0.467  n_imp=15423  n_red=21585
13:17:07 | INFO |     step 170200  loss=0.8216  grp_sp=0.467  n_imp=15423  n_red=21585
13:20:02 | INFO |     step 170400  loss=0.8220  grp_sp=0.467  n_imp=15423  n_red=21585
13:22:57 | INFO |     step 170600  loss=0.8226  grp_sp=0.467  n_imp=15423  n_red=21585
13:25:52 | INFO |     step 170800  loss=0.8232  grp_sp=0.467  n_imp=15423  n_red=21585
13:28:48 | INFO |     step 171000  loss=0.8245  grp_sp=0.467  n_imp=15423  n_red=21585
13:31:42 | INFO |     step 171200  loss=0.8253  grp_sp=0.467  n_imp=15423  n_red=21585
13:34:37 | INFO |     step 171400  loss=0.8256  grp_sp=0.467  n_imp=15423  n_red=21585
13:37:33 | INFO |     step 171600  loss=0.8267  grp_sp=0.467  n_imp=15423  n_red=21585
13:40:28 | INFO |     step 171800  loss=0.8281  grp_sp=0.467  n_imp=15423  n_red=21585
13:43:24 | INFO |     step 172000  loss=0.8294  grp_sp=0.467  n_imp=15423  n_red=21585
13:46:17 | INFO |     step 172200  loss=0.8305  grp_sp=0.467  n_imp=15423  n_red=21585
13:49:13 | INFO |     step 172400  loss=0.8312  grp_sp=0.467  n_imp=15423  n_red=21585
13:52:08 | INFO |     step 172600  loss=0.8320  grp_sp=0.467  n_imp=15423  n_red=21585
13:55:03 | INFO |     step 172800  loss=0.8317  grp_sp=0.467  n_imp=15423  n_red=21585
13:57:59 | INFO |     step 173000  loss=0.8333  grp_sp=0.467  n_imp=15423  n_red=21585
14:00:54 | INFO |     step 173200  loss=0.8342  grp_sp=0.467  n_imp=15423  n_red=21585
14:03:47 | INFO |     step 173400  loss=0.8350  grp_sp=0.467  n_imp=15423  n_red=21585
14:06:41 | INFO |     step 173600  loss=0.8347  grp_sp=0.467  n_imp=15423  n_red=21585
14:09:41 | INFO |     step 173800  loss=0.8353  grp_sp=0.467  n_imp=15423  n_red=21585
14:12:37 | INFO |     step 174000  loss=0.8361  grp_sp=0.467  n_imp=15423  n_red=21585
14:15:33 | INFO |     step 174200  loss=0.8362  grp_sp=0.467  n_imp=15423  n_red=21585
14:18:36 | INFO |     step 174400  loss=0.8377  grp_sp=0.467  n_imp=15423  n_red=21585
14:21:32 | INFO |     step 174600  loss=0.8388  grp_sp=0.467  n_imp=15423  n_red=21585
14:25:11 | INFO |     step 174800  loss=0.8400  grp_sp=0.467  n_imp=15423  n_red=21585
14:27:57 | INFO |     step 175000  loss=0.8403  grp_sp=0.467  n_imp=15423  n_red=21585
14:30:53 | INFO |     step 175200  loss=0.8404  grp_sp=0.467  n_imp=15423  n_red=21585
14:33:50 | INFO |     step 175400  loss=0.8416  grp_sp=0.467  n_imp=15423  n_red=21585
14:36:44 | INFO |     step 175600  loss=0.8420  grp_sp=0.467  n_imp=15423  n_red=21585
14:39:38 | INFO |     step 175800  loss=0.8434  grp_sp=0.467  n_imp=15423  n_red=21585
14:42:32 | INFO |     step 176000  loss=0.8433  grp_sp=0.467  n_imp=15423  n_red=21585
14:45:26 | INFO |     step 176200  loss=0.8446  grp_sp=0.467  n_imp=15423  n_red=21585
14:48:20 | INFO |     step 176400  loss=0.8457  grp_sp=0.467  n_imp=15423  n_red=21585
14:51:15 | INFO |     step 176600  loss=0.8461  grp_sp=0.467  n_imp=15423  n_red=21585
14:54:09 | INFO |     step 176800  loss=0.8468  grp_sp=0.467  n_imp=15423  n_red=21585
14:57:03 | INFO |     step 177000  loss=0.8481  grp_sp=0.467  n_imp=15423  n_red=21585
15:01:05 | INFO | [EPOCH 8/10] loss=0.8484  grp_sp=0.467  EM=65.07  F1=76.00  elapsed=2708.2min
15:03:16 | INFO |     step 177200  loss=0.7356  grp_sp=0.467  n_imp=15423  n_red=21585
15:06:09 | INFO |     step 177400  loss=0.7430  grp_sp=0.467  n_imp=15423  n_red=21585
15:09:02 | INFO |     step 177600  loss=0.7142  grp_sp=0.467  n_imp=15423  n_red=21585
15:11:56 | INFO |     step 177800  loss=0.7174  grp_sp=0.467  n_imp=15423  n_red=21585
15:14:49 | INFO |     step 178000  loss=0.7165  grp_sp=0.467  n_imp=15423  n_red=21585
15:17:43 | INFO |     step 178200  loss=0.7102  grp_sp=0.467  n_imp=15423  n_red=21585
15:20:36 | INFO |     step 178400  loss=0.7064  grp_sp=0.467  n_imp=15423  n_red=21585
15:23:29 | INFO |     step 178600  loss=0.7083  grp_sp=0.467  n_imp=15423  n_red=21585
15:26:23 | INFO |     step 178800  loss=0.7089  grp_sp=0.467  n_imp=15423  n_red=21585
15:29:16 | INFO |     step 179000  loss=0.7081  grp_sp=0.467  n_imp=15423  n_red=21585
15:32:10 | INFO |     step 179200  loss=0.7061  grp_sp=0.467  n_imp=15423  n_red=21585
15:35:03 | INFO |     step 179400  loss=0.7047  grp_sp=0.467  n_imp=15423  n_red=21585
15:37:57 | INFO |     step 179600  loss=0.7088  grp_sp=0.467  n_imp=15423  n_red=21585
15:40:50 | INFO |     step 179800  loss=0.7166  grp_sp=0.467  n_imp=15423  n_red=21585
15:43:44 | INFO |     step 180000  loss=0.7143  grp_sp=0.467  n_imp=15423  n_red=21585
15:46:37 | INFO |     step 180200  loss=0.7208  grp_sp=0.467  n_imp=15423  n_red=21585
15:49:31 | INFO |     step 180400  loss=0.7202  grp_sp=0.467  n_imp=15423  n_red=21585
15:52:25 | INFO |     step 180600  loss=0.7244  grp_sp=0.467  n_imp=15423  n_red=21585
15:55:18 | INFO |     step 180800  loss=0.7242  grp_sp=0.467  n_imp=15423  n_red=21585
15:58:12 | INFO |     step 181000  loss=0.7255  grp_sp=0.467  n_imp=15423  n_red=21585
16:01:05 | INFO |     step 181200  loss=0.7284  grp_sp=0.467  n_imp=15423  n_red=21585
16:03:58 | INFO |     step 181400  loss=0.7322  grp_sp=0.467  n_imp=15423  n_red=21585
16:06:52 | INFO |     step 181600  loss=0.7317  grp_sp=0.467  n_imp=15423  n_red=21585
16:09:45 | INFO |     step 181800  loss=0.7348  grp_sp=0.467  n_imp=15423  n_red=21585
16:12:37 | INFO |     step 182000  loss=0.7360  grp_sp=0.467  n_imp=15423  n_red=21585
16:15:30 | INFO |     step 182200  loss=0.7377  grp_sp=0.467  n_imp=15423  n_red=21585
16:18:24 | INFO |     step 182400  loss=0.7406  grp_sp=0.467  n_imp=15423  n_red=21585
16:21:17 | INFO |     step 182600  loss=0.7428  grp_sp=0.467  n_imp=15423  n_red=21585
16:24:10 | INFO |     step 182800  loss=0.7448  grp_sp=0.467  n_imp=15423  n_red=21585
16:27:03 | INFO |     step 183000  loss=0.7453  grp_sp=0.467  n_imp=15423  n_red=21585
16:29:56 | INFO |     step 183200  loss=0.7470  grp_sp=0.467  n_imp=15423  n_red=21585
16:32:49 | INFO |     step 183400  loss=0.7490  grp_sp=0.467  n_imp=15423  n_red=21585
16:35:41 | INFO |     step 183600  loss=0.7509  grp_sp=0.467  n_imp=15423  n_red=21585
16:38:35 | INFO |     step 183800  loss=0.7504  grp_sp=0.467  n_imp=15423  n_red=21585
16:41:28 | INFO |     step 184000  loss=0.7504  grp_sp=0.467  n_imp=15423  n_red=21585
16:44:22 | INFO |     step 184200  loss=0.7514  grp_sp=0.467  n_imp=15423  n_red=21585
16:47:15 | INFO |     step 184400  loss=0.7514  grp_sp=0.467  n_imp=15423  n_red=21585
16:50:09 | INFO |     step 184600  loss=0.7513  grp_sp=0.467  n_imp=15423  n_red=21585
16:53:02 | INFO |     step 184800  loss=0.7515  grp_sp=0.467  n_imp=15423  n_red=21585
16:55:56 | INFO |     step 185000  loss=0.7503  grp_sp=0.467  n_imp=15423  n_red=21585
16:58:49 | INFO |     step 185200  loss=0.7485  grp_sp=0.467  n_imp=15423  n_red=21585
17:01:46 | INFO |     step 185400  loss=0.7499  grp_sp=0.467  n_imp=15423  n_red=21585
17:04:46 | INFO |     step 185600  loss=0.7502  grp_sp=0.467  n_imp=15423  n_red=21585
17:07:46 | INFO |     step 185800  loss=0.7502  grp_sp=0.467  n_imp=15423  n_red=21585
17:10:48 | INFO |     step 186000  loss=0.7512  grp_sp=0.467  n_imp=15423  n_red=21585
17:13:49 | INFO |     step 186200  loss=0.7526  grp_sp=0.467  n_imp=15423  n_red=21585
17:16:50 | INFO |     step 186400  loss=0.7544  grp_sp=0.467  n_imp=15423  n_red=21585
17:19:50 | INFO |     step 186600  loss=0.7555  grp_sp=0.467  n_imp=15423  n_red=21585
17:22:52 | INFO |     step 186800  loss=0.7565  grp_sp=0.467  n_imp=15423  n_red=21585
17:25:55 | INFO |     step 187000  loss=0.7565  grp_sp=0.467  n_imp=15423  n_red=21585
17:28:57 | INFO |     step 187200  loss=0.7574  grp_sp=0.467  n_imp=15423  n_red=21585
17:31:59 | INFO |     step 187400  loss=0.7570  grp_sp=0.467  n_imp=15423  n_red=21585
17:35:01 | INFO |     step 187600  loss=0.7583  grp_sp=0.467  n_imp=15423  n_red=21585
17:38:04 | INFO |     step 187800  loss=0.7589  grp_sp=0.467  n_imp=15423  n_red=21585
17:41:09 | INFO |     step 188000  loss=0.7606  grp_sp=0.467  n_imp=15423  n_red=21585
17:44:11 | INFO |     step 188200  loss=0.7614  grp_sp=0.467  n_imp=15423  n_red=21585
17:47:12 | INFO |     step 188400  loss=0.7616  grp_sp=0.467  n_imp=15423  n_red=21585
17:50:18 | INFO |     step 188600  loss=0.7629  grp_sp=0.467  n_imp=15423  n_red=21585
17:53:27 | INFO |     step 188800  loss=0.7637  grp_sp=0.467  n_imp=15423  n_red=21585
17:56:28 | INFO |     step 189000  loss=0.7642  grp_sp=0.467  n_imp=15423  n_red=21585
17:59:21 | INFO |     step 189200  loss=0.7655  grp_sp=0.467  n_imp=15423  n_red=21585
18:02:14 | INFO |     step 189400  loss=0.7655  grp_sp=0.467  n_imp=15423  n_red=21585
18:05:06 | INFO |     step 189600  loss=0.7672  grp_sp=0.467  n_imp=15423  n_red=21585
18:08:02 | INFO |     step 189800  loss=0.7683  grp_sp=0.467  n_imp=15423  n_red=21585
18:10:57 | INFO |     step 190000  loss=0.7686  grp_sp=0.467  n_imp=15423  n_red=21585
18:13:52 | INFO |     step 190200  loss=0.7675  grp_sp=0.467  n_imp=15423  n_red=21585
18:16:49 | INFO |     step 190400  loss=0.7677  grp_sp=0.467  n_imp=15423  n_red=21585
18:19:44 | INFO |     step 190600  loss=0.7687  grp_sp=0.583  n_imp=11103  n_red=25905
18:22:42 | INFO |     step 190800  loss=0.7683  grp_sp=0.583  n_imp=11103  n_red=25905
18:25:41 | INFO |     step 191000  loss=0.7680  grp_sp=0.583  n_imp=11103  n_red=25905
18:28:41 | INFO |     step 191200  loss=0.7669  grp_sp=0.583  n_imp=11103  n_red=25905
18:31:37 | INFO |     step 191400  loss=0.7672  grp_sp=0.583  n_imp=11103  n_red=25905
18:34:32 | INFO |     step 191600  loss=0.7668  grp_sp=0.583  n_imp=11103  n_red=25905
18:37:30 | INFO |     step 191800  loss=0.7675  grp_sp=0.583  n_imp=11103  n_red=25905
18:40:28 | INFO |     step 192000  loss=0.7672  grp_sp=0.583  n_imp=11103  n_red=25905
18:43:26 | INFO |     step 192200  loss=0.7672  grp_sp=0.583  n_imp=11103  n_red=25905
18:46:24 | INFO |     step 192400  loss=0.7662  grp_sp=0.583  n_imp=11103  n_red=25905
18:49:25 | INFO |     step 192600  loss=0.7657  grp_sp=0.583  n_imp=11103  n_red=25905
18:52:26 | INFO |     step 192800  loss=0.7655  grp_sp=0.583  n_imp=11103  n_red=25905
18:55:23 | INFO |     step 193000  loss=0.7652  grp_sp=0.583  n_imp=11103  n_red=25905
18:58:19 | INFO |     step 193200  loss=0.7644  grp_sp=0.583  n_imp=11103  n_red=25905
19:01:17 | INFO |     step 193400  loss=0.7640  grp_sp=0.583  n_imp=11103  n_red=25905
19:04:16 | INFO |     step 193600  loss=0.7639  grp_sp=0.583  n_imp=11103  n_red=25905
19:07:13 | INFO |     step 193800  loss=0.7644  grp_sp=0.583  n_imp=11103  n_red=25905
19:10:11 | INFO |     step 194000  loss=0.7638  grp_sp=0.583  n_imp=11103  n_red=25905
19:13:09 | INFO |     step 194200  loss=0.7634  grp_sp=0.583  n_imp=11103  n_red=25905
19:16:08 | INFO |     step 194400  loss=0.7637  grp_sp=0.583  n_imp=11103  n_red=25905
19:19:07 | INFO |     step 194600  loss=0.7634  grp_sp=0.583  n_imp=11103  n_red=25905
19:22:06 | INFO |     step 194800  loss=0.7630  grp_sp=0.583  n_imp=11103  n_red=25905
19:25:04 | INFO |     step 195000  loss=0.7631  grp_sp=0.583  n_imp=11103  n_red=25905
19:28:02 | INFO |     step 195200  loss=0.7635  grp_sp=0.583  n_imp=11103  n_red=25905
19:30:59 | INFO |     step 195400  loss=0.7637  grp_sp=0.583  n_imp=11103  n_red=25905
19:33:57 | INFO |     step 195600  loss=0.7625  grp_sp=0.583  n_imp=11103  n_red=25905
19:36:57 | INFO |     step 195800  loss=0.7625  grp_sp=0.583  n_imp=11103  n_red=25905
19:39:54 | INFO |     step 196000  loss=0.7628  grp_sp=0.583  n_imp=11103  n_red=25905
19:43:35 | INFO |     step 196200  loss=0.7626  grp_sp=0.583  n_imp=11103  n_red=25905
19:46:19 | INFO |     step 196400  loss=0.7630  grp_sp=0.583  n_imp=11103  n_red=25905
19:49:17 | INFO |     step 196600  loss=0.7629  grp_sp=0.583  n_imp=11103  n_red=25905
19:52:15 | INFO |     step 196800  loss=0.7635  grp_sp=0.583  n_imp=11103  n_red=25905
19:55:12 | INFO |     step 197000  loss=0.7634  grp_sp=0.583  n_imp=11103  n_red=25905
19:58:08 | INFO |     step 197200  loss=0.7637  grp_sp=0.583  n_imp=11103  n_red=25905
20:01:03 | INFO |     step 197400  loss=0.7637  grp_sp=0.583  n_imp=11103  n_red=25905
20:03:58 | INFO |     step 197600  loss=0.7631  grp_sp=0.583  n_imp=11103  n_red=25905
20:06:56 | INFO |     step 197800  loss=0.7628  grp_sp=0.583  n_imp=11103  n_red=25905
20:09:54 | INFO |     step 198000  loss=0.7632  grp_sp=0.583  n_imp=11103  n_red=25905
20:12:58 | INFO |     step 198200  loss=0.7636  grp_sp=0.583  n_imp=11103  n_red=25905
20:15:59 | INFO |     step 198400  loss=0.7638  grp_sp=0.583  n_imp=11103  n_red=25905
20:18:54 | INFO |     step 198600  loss=0.7644  grp_sp=0.583  n_imp=11103  n_red=25905
20:21:50 | INFO |     step 198800  loss=0.7647  grp_sp=0.583  n_imp=11103  n_red=25905
20:24:46 | INFO |     step 199000  loss=0.7647  grp_sp=0.583  n_imp=11103  n_red=25905
20:30:48 | INFO | [EPOCH 9/10] loss=0.7650  grp_sp=0.583  EM=65.88  F1=77.10  elapsed=3037.8min
20:31:07 | INFO |     step 199200  loss=0.5154  grp_sp=0.583  n_imp=11103  n_red=25905
20:34:05 | INFO |     step 199400  loss=0.5646  grp_sp=0.583  n_imp=11103  n_red=25905
20:37:02 | INFO |     step 199600  loss=0.5837  grp_sp=0.583  n_imp=11103  n_red=25905
20:40:02 | INFO |     step 199800  loss=0.6060  grp_sp=0.583  n_imp=11103  n_red=25905
20:43:07 | INFO |     step 200000  loss=0.6067  grp_sp=0.583  n_imp=11103  n_red=25905
20:46:10 | INFO |     step 200200  loss=0.6099  grp_sp=0.583  n_imp=11103  n_red=25905
20:49:13 | INFO |     step 200400  loss=0.6191  grp_sp=0.583  n_imp=11103  n_red=25905
20:52:18 | INFO |     step 200600  loss=0.6137  grp_sp=0.583  n_imp=11103  n_red=25905
20:55:24 | INFO |     step 200800  loss=0.6071  grp_sp=0.583  n_imp=11103  n_red=25905
20:58:27 | INFO |     step 201000  loss=0.6033  grp_sp=0.583  n_imp=11103  n_red=25905
21:01:29 | INFO |     step 201200  loss=0.6027  grp_sp=0.583  n_imp=11103  n_red=25905
21:04:30 | INFO |     step 201400  loss=0.6024  grp_sp=0.583  n_imp=11103  n_red=25905
21:07:28 | INFO |     step 201600  loss=0.6045  grp_sp=0.583  n_imp=11103  n_red=25905
21:10:28 | INFO |     step 201800  loss=0.6107  grp_sp=0.583  n_imp=11103  n_red=25905
21:13:30 | INFO |     step 202000  loss=0.6078  grp_sp=0.583  n_imp=11103  n_red=25905
21:16:32 | INFO |     step 202200  loss=0.6089  grp_sp=0.583  n_imp=11103  n_red=25905
21:19:35 | INFO |     step 202400  loss=0.6065  grp_sp=0.583  n_imp=11103  n_red=25905
21:22:38 | INFO |     step 202600  loss=0.6078  grp_sp=0.583  n_imp=11103  n_red=25905
21:25:47 | INFO |     step 202800  loss=0.6073  grp_sp=0.583  n_imp=11103  n_red=25905
21:28:51 | INFO |     step 203000  loss=0.6089  grp_sp=0.583  n_imp=11103  n_red=25905
21:31:53 | INFO |     step 203200  loss=0.6066  grp_sp=0.583  n_imp=11103  n_red=25905
21:34:57 | INFO |     step 203400  loss=0.6054  grp_sp=0.583  n_imp=11103  n_red=25905
21:38:04 | INFO |     step 203600  loss=0.6070  grp_sp=0.583  n_imp=11103  n_red=25905
21:41:10 | INFO |     step 203800  loss=0.6081  grp_sp=0.583  n_imp=11103  n_red=25905
21:44:14 | INFO |     step 204000  loss=0.6098  grp_sp=0.583  n_imp=11103  n_red=25905
21:47:15 | INFO |     step 204200  loss=0.6133  grp_sp=0.583  n_imp=11103  n_red=25905
21:50:16 | INFO |     step 204400  loss=0.6135  grp_sp=0.583  n_imp=11103  n_red=25905
21:53:19 | INFO |     step 204600  loss=0.6133  grp_sp=0.583  n_imp=11103  n_red=25905
21:56:20 | INFO |     step 204800  loss=0.6111  grp_sp=0.583  n_imp=11103  n_red=25905
21:59:21 | INFO |     step 205000  loss=0.6112  grp_sp=0.583  n_imp=11103  n_red=25905
22:02:23 | INFO |     step 205200  loss=0.6114  grp_sp=0.583  n_imp=11103  n_red=25905
22:05:25 | INFO |     step 205400  loss=0.6127  grp_sp=0.583  n_imp=11103  n_red=25905
22:08:23 | INFO |     step 205600  loss=0.6137  grp_sp=0.583  n_imp=11103  n_red=25905
22:11:24 | INFO |     step 205800  loss=0.6155  grp_sp=0.583  n_imp=11103  n_red=25905
22:14:26 | INFO |     step 206000  loss=0.6164  grp_sp=0.583  n_imp=11103  n_red=25905
22:17:28 | INFO |     step 206200  loss=0.6170  grp_sp=0.583  n_imp=11103  n_red=25905
22:20:30 | INFO |     step 206400  loss=0.6195  grp_sp=0.583  n_imp=11103  n_red=25905
22:23:31 | INFO |     step 206600  loss=0.6214  grp_sp=0.583  n_imp=11103  n_red=25905
22:26:30 | INFO |     step 206800  loss=0.6209  grp_sp=0.583  n_imp=11103  n_red=25905
22:29:33 | INFO |     step 207000  loss=0.6234  grp_sp=0.583  n_imp=11103  n_red=25905
22:32:35 | INFO |     step 207200  loss=0.6225  grp_sp=0.583  n_imp=11103  n_red=25905
22:35:37 | INFO |     step 207400  loss=0.6221  grp_sp=0.583  n_imp=11103  n_red=25905
22:38:38 | INFO |     step 207600  loss=0.6251  grp_sp=0.583  n_imp=11103  n_red=25905
22:41:39 | INFO |     step 207800  loss=0.6271  grp_sp=0.583  n_imp=11103  n_red=25905
22:44:37 | INFO |     step 208000  loss=0.6287  grp_sp=0.583  n_imp=11103  n_red=25905
22:47:37 | INFO |     step 208200  loss=0.6287  grp_sp=0.583  n_imp=11103  n_red=25905
22:50:38 | INFO |     step 208400  loss=0.6287  grp_sp=0.583  n_imp=11103  n_red=25905
22:53:36 | INFO |     step 208600  loss=0.6307  grp_sp=0.583  n_imp=11103  n_red=25905
22:56:34 | INFO |     step 208800  loss=0.6305  grp_sp=0.583  n_imp=11103  n_red=25905
22:59:34 | INFO |     step 209000  loss=0.6310  grp_sp=0.583  n_imp=11103  n_red=25905
23:02:36 | INFO |     step 209200  loss=0.6324  grp_sp=0.583  n_imp=11103  n_red=25905
23:05:37 | INFO |     step 209400  loss=0.6348  grp_sp=0.583  n_imp=11103  n_red=25905
23:08:36 | INFO |     step 209600  loss=0.6356  grp_sp=0.583  n_imp=11103  n_red=25905
23:11:35 | INFO |     step 209800  loss=0.6367  grp_sp=0.583  n_imp=11103  n_red=25905
23:14:34 | INFO |     step 210000  loss=0.6362  grp_sp=0.583  n_imp=11103  n_red=25905
23:17:35 | INFO |     step 210200  loss=0.6367  grp_sp=0.583  n_imp=11103  n_red=25905
23:20:37 | INFO |     step 210400  loss=0.6379  grp_sp=0.583  n_imp=11103  n_red=25905
23:23:38 | INFO |     step 210600  loss=0.6391  grp_sp=0.583  n_imp=11103  n_red=25905
23:26:34 | INFO |     step 210800  loss=0.6398  grp_sp=0.583  n_imp=11103  n_red=25905
23:29:25 | INFO |     step 211000  loss=0.6413  grp_sp=0.583  n_imp=11103  n_red=25905
23:32:17 | INFO |     step 211200  loss=0.6419  grp_sp=0.583  n_imp=11103  n_red=25905
23:35:11 | INFO |     step 211400  loss=0.6428  grp_sp=0.583  n_imp=11103  n_red=25905
23:38:04 | INFO |     step 211600  loss=0.6433  grp_sp=0.583  n_imp=11103  n_red=25905
23:40:57 | INFO |     step 211800  loss=0.6439  grp_sp=0.583  n_imp=11103  n_red=25905
23:43:50 | INFO |     step 212000  loss=0.6449  grp_sp=0.583  n_imp=11103  n_red=25905
23:46:43 | INFO |     step 212200  loss=0.6456  grp_sp=0.583  n_imp=11103  n_red=25905
23:49:36 | INFO |     step 212400  loss=0.6472  grp_sp=0.583  n_imp=11103  n_red=25905
23:52:28 | INFO |     step 212600  loss=0.6481  grp_sp=0.583  n_imp=11103  n_red=25905
23:55:20 | INFO |     step 212800  loss=0.6491  grp_sp=0.583  n_imp=11103  n_red=25905
23:58:14 | INFO |     step 213000  loss=0.6495  grp_sp=0.583  n_imp=11103  n_red=25905
00:01:06 | INFO |     step 213200  loss=0.6506  grp_sp=0.583  n_imp=11103  n_red=25905
00:03:59 | INFO |     step 213400  loss=0.6507  grp_sp=0.583  n_imp=11103  n_red=25905
00:06:53 | INFO |     step 213600  loss=0.6516  grp_sp=0.583  n_imp=11103  n_red=25905
00:09:46 | INFO |     step 213800  loss=0.6527  grp_sp=0.583  n_imp=11103  n_red=25905
00:12:39 | INFO |     step 214000  loss=0.6541  grp_sp=0.583  n_imp=11103  n_red=25905
00:15:31 | INFO |     step 214200  loss=0.6548  grp_sp=0.583  n_imp=11103  n_red=25905
00:18:25 | INFO |     step 214400  loss=0.6554  grp_sp=0.583  n_imp=11103  n_red=25905
00:21:19 | INFO |     step 214600  loss=0.6566  grp_sp=0.583  n_imp=11103  n_red=25905
00:24:13 | INFO |     step 214800  loss=0.6574  grp_sp=0.583  n_imp=11103  n_red=25905
00:27:06 | INFO |     step 215000  loss=0.6584  grp_sp=0.583  n_imp=11103  n_red=25905
00:29:59 | INFO |     step 215200  loss=0.6587  grp_sp=0.583  n_imp=11103  n_red=25905
00:32:53 | INFO |     step 215400  loss=0.6602  grp_sp=0.583  n_imp=11103  n_red=25905
00:35:46 | INFO |     step 215600  loss=0.6620  grp_sp=0.583  n_imp=11103  n_red=25905
00:38:39 | INFO |     step 215800  loss=0.6626  grp_sp=0.583  n_imp=11103  n_red=25905
00:41:32 | INFO |     step 216000  loss=0.6637  grp_sp=0.583  n_imp=11103  n_red=25905
00:44:24 | INFO |     step 216200  loss=0.6643  grp_sp=0.583  n_imp=11103  n_red=25905
00:47:16 | INFO |     step 216400  loss=0.6652  grp_sp=0.583  n_imp=11103  n_red=25905
00:50:09 | INFO |     step 216600  loss=0.6658  grp_sp=0.583  n_imp=11103  n_red=25905
00:53:01 | INFO |     step 216800  loss=0.6666  grp_sp=0.583  n_imp=11103  n_red=25905
00:55:53 | INFO |     step 217000  loss=0.6672  grp_sp=0.583  n_imp=11103  n_red=25905
00:58:46 | INFO |     step 217200  loss=0.6679  grp_sp=0.583  n_imp=11103  n_red=25905
01:01:38 | INFO |     step 217400  loss=0.6688  grp_sp=0.583  n_imp=11103  n_red=25905
01:04:49 | INFO |     step 217600  loss=0.6702  grp_sp=0.583  n_imp=11103  n_red=25905
01:08:13 | INFO |     step 217800  loss=0.6704  grp_sp=0.583  n_imp=11103  n_red=25905
01:10:49 | INFO |     step 218000  loss=0.6712  grp_sp=0.583  n_imp=11103  n_red=25905
01:12:15 | INFO |     step 218200  loss=0.6725  grp_sp=0.583  n_imp=11103  n_red=25905
01:13:41 | INFO |     step 218400  loss=0.6735  grp_sp=0.583  n_imp=11103  n_red=25905
01:15:07 | INFO |     step 218600  loss=0.6742  grp_sp=0.583  n_imp=11103  n_red=25905
01:16:33 | INFO |     step 218800  loss=0.6746  grp_sp=0.583  n_imp=11103  n_red=25905
01:18:01 | INFO |     step 219000  loss=0.6749  grp_sp=0.583  n_imp=11103  n_red=25905
01:19:29 | INFO |     step 219200  loss=0.6758  grp_sp=0.583  n_imp=11103  n_red=25905
01:20:57 | INFO |     step 219400  loss=0.6764  grp_sp=0.583  n_imp=11103  n_red=25905
01:22:25 | INFO |     step 219600  loss=0.6775  grp_sp=0.583  n_imp=11103  n_red=25905
01:23:52 | INFO |     step 219800  loss=0.6782  grp_sp=0.583  n_imp=11103  n_red=25905
01:25:19 | INFO |     step 220000  loss=0.6786  grp_sp=0.583  n_imp=11103  n_red=25905
01:26:45 | INFO |     step 220200  loss=0.6802  grp_sp=0.583  n_imp=11103  n_red=25905
01:28:12 | INFO |     step 220400  loss=0.6806  grp_sp=0.583  n_imp=11103  n_red=25905
01:29:39 | INFO |     step 220600  loss=0.6814  grp_sp=0.583  n_imp=11103  n_red=25905
01:31:05 | INFO |     step 220800  loss=0.6821  grp_sp=0.583  n_imp=11103  n_red=25905
01:32:30 | INFO |     step 221000  loss=0.6832  grp_sp=0.583  n_imp=11103  n_red=25905
01:33:56 | INFO |     step 221200  loss=0.6845  grp_sp=0.583  n_imp=11103  n_red=25905
01:36:59 | INFO | [EPOCH 10/10] loss=0.6849  grp_sp=0.700  EM=65.11  F1=76.26  elapsed=3345.2min
01:36:59 | INFO | [TRAIN] done. best F1=85.78 at epoch 1
01:36:59 | INFO | [FINAL] target sparsity=0.7  actual=0.7000
01:36:59 | INFO | [SUBNET] constructing compressed model
01:37:01 | INFO | [SUBNET] full  : ./results/sp70/BertForQuestionAnswering_full_group_sparse.pt
01:37:01 | INFO | [SUBNET] comp  : ./results/sp70/BertForQuestionAnswering_compressed.pt
01:38:49 | INFO | [METRICS] BOPs=912101.6M  params=69.08M
01:38:49 | INFO | [EVAL compressed] EM=65.09  F1=76.25
01:38:49 | INFO | [SAVE] results -> ./results/sp70/
01:38:49 | INFO | 
============================================================
01:38:49 | INFO |   SUMMARY
01:38:49 | INFO | ============================================================
01:38:49 | INFO |     Target    Actual        EM        F1     BOPs(M)   Params(M)
01:38:49 | INFO |        70%    0.7000     65.09     76.25    912101.6       69.08
01:38:49 | INFO | 
[OK] Phase 5 complete. Results in ./results/
