17:47:57 | INFO | [log] ./results/phase5_20260424_174757.log
17:47:57 | INFO | [env] torch=2.5.1+cu121  device=cuda
17:47:57 | INFO | [cfg] sparsity=[0.1]  epochs=10  bs=4  lr=3e-05  lr_quant=0.0001  br=2  P=6  Kp=6  seed=42
17:48:04 | INFO | [DATA] raw train=87599  raw val=10570
17:48:04 | INFO | [DATA] train features=88524  val features=10784
17:48:04 | INFO | 
============================================================
17:48:04 | INFO |   EXPERIMENT: sparsity=0.1  tag=sp10
17:48:04 | INFO | ============================================================
17:48:04 | INFO | [M1] loading BERT QA
17:48:06 | INFO | [M2] quantize wrap + STE fix
17:48:07 | INFO | [CALIB] running 8 batches of bs=4
17:48:08 | INFO | [calib] 8 batches over 73 layers  (skipped=0)  num_bits=16  safety=1.05
17:48:08 | INFO | [calib] observed max|x|: min=2.665  median=14.866  max=137.556
17:48:08 | INFO | [M3] building OTO graph
17:49:04 | INFO | [SCHED] steps/epoch=22131  total=221310  start_prune=36885  prune_steps=184425  prune_periods=6  proj_periods=6  proj_steps=36885
17:49:04 | INFO | [M4] building GETA optimizer
17:49:04 | INFO | [M4] GETA optimizer built, 26 param groups
17:49:04 | INFO | [TRAIN] starting
17:51:08 | INFO |     step 200  loss=4.1785  grp_sp=0.000  n_imp=37008  n_red=0
17:53:45 | INFO |     step 400  loss=3.4077  grp_sp=0.000  n_imp=37008  n_red=0
17:56:21 | INFO |     step 600  loss=2.9894  grp_sp=0.000  n_imp=37008  n_red=0
17:58:57 | INFO |     step 800  loss=2.7209  grp_sp=0.000  n_imp=37008  n_red=0
18:05:23 | INFO |     step 1000  loss=2.5361  grp_sp=0.000  n_imp=37008  n_red=0
18:17:33 | INFO |     step 1200  loss=2.4141  grp_sp=0.000  n_imp=37008  n_red=0
18:29:43 | INFO |     step 1400  loss=2.3059  grp_sp=0.000  n_imp=37008  n_red=0
18:41:52 | INFO |     step 1600  loss=2.2097  grp_sp=0.000  n_imp=37008  n_red=0
18:53:49 | INFO |     step 1800  loss=2.1363  grp_sp=0.000  n_imp=37008  n_red=0
19:05:27 | INFO |     step 2000  loss=2.0853  grp_sp=0.000  n_imp=37008  n_red=0
19:16:58 | INFO |     step 2200  loss=2.0389  grp_sp=0.000  n_imp=37008  n_red=0
19:28:37 | INFO |     step 2400  loss=1.9992  grp_sp=0.000  n_imp=37008  n_red=0
19:41:03 | INFO |     step 2600  loss=1.9631  grp_sp=0.000  n_imp=37008  n_red=0
19:53:49 | INFO |     step 2800  loss=1.9228  grp_sp=0.000  n_imp=37008  n_red=0
19:58:39 | INFO |     step 3000  loss=1.8922  grp_sp=0.000  n_imp=37008  n_red=0
20:01:17 | INFO |     step 3200  loss=1.8644  grp_sp=0.000  n_imp=37008  n_red=0
20:03:57 | INFO |     step 3400  loss=1.8363  grp_sp=0.000  n_imp=37008  n_red=0
20:06:35 | INFO |     step 3600  loss=1.8102  grp_sp=0.000  n_imp=37008  n_red=0
20:09:12 | INFO |     step 3800  loss=1.7892  grp_sp=0.000  n_imp=37008  n_red=0
20:11:49 | INFO |     step 4000  loss=1.7694  grp_sp=0.000  n_imp=37008  n_red=0
20:14:26 | INFO |     step 4200  loss=1.7474  grp_sp=0.000  n_imp=37008  n_red=0
20:17:04 | INFO |     step 4400  loss=1.7286  grp_sp=0.000  n_imp=37008  n_red=0
20:19:42 | INFO |     step 4600  loss=1.7133  grp_sp=0.000  n_imp=37008  n_red=0
20:22:19 | INFO |     step 4800  loss=1.6987  grp_sp=0.000  n_imp=37008  n_red=0
20:24:57 | INFO |     step 5000  loss=1.6811  grp_sp=0.000  n_imp=37008  n_red=0
20:27:34 | INFO |     step 5200  loss=1.6646  grp_sp=0.000  n_imp=37008  n_red=0
20:30:10 | INFO |     step 5400  loss=1.6523  grp_sp=0.000  n_imp=37008  n_red=0
20:32:45 | INFO |     step 5600  loss=1.6420  grp_sp=0.000  n_imp=37008  n_red=0
20:35:20 | INFO |     step 5800  loss=1.6259  grp_sp=0.000  n_imp=37008  n_red=0
20:37:56 | INFO |     step 6000  loss=1.6175  grp_sp=0.000  n_imp=37008  n_red=0
20:40:31 | INFO |     step 6200  loss=1.6021  grp_sp=0.000  n_imp=37008  n_red=0
20:43:08 | INFO |     step 6400  loss=1.5944  grp_sp=0.000  n_imp=37008  n_red=0
20:45:47 | INFO |     step 6600  loss=1.5862  grp_sp=0.000  n_imp=37008  n_red=0
20:48:28 | INFO |     step 6800  loss=1.5769  grp_sp=0.000  n_imp=37008  n_red=0
20:51:06 | INFO |     step 7000  loss=1.5671  grp_sp=0.000  n_imp=37008  n_red=0
20:53:43 | INFO |     step 7200  loss=1.5588  grp_sp=0.000  n_imp=37008  n_red=0
20:56:20 | INFO |     step 7400  loss=1.5501  grp_sp=0.000  n_imp=37008  n_red=0
20:58:57 | INFO |     step 7600  loss=1.5407  grp_sp=0.000  n_imp=37008  n_red=0
21:01:35 | INFO |     step 7800  loss=1.5341  grp_sp=0.000  n_imp=37008  n_red=0
21:04:12 | INFO |     step 8000  loss=1.5272  grp_sp=0.000  n_imp=37008  n_red=0
21:06:49 | INFO |     step 8200  loss=1.5198  grp_sp=0.000  n_imp=37008  n_red=0
21:09:28 | INFO |     step 8400  loss=1.5124  grp_sp=0.000  n_imp=37008  n_red=0
21:12:07 | INFO |     step 8600  loss=1.5049  grp_sp=0.000  n_imp=37008  n_red=0
21:14:54 | INFO |     step 8800  loss=1.4972  grp_sp=0.000  n_imp=37008  n_red=0
21:17:40 | INFO |     step 9000  loss=1.4912  grp_sp=0.000  n_imp=37008  n_red=0
21:20:26 | INFO |     step 9200  loss=1.4857  grp_sp=0.000  n_imp=37008  n_red=0
21:23:11 | INFO |     step 9400  loss=1.4807  grp_sp=0.000  n_imp=37008  n_red=0
21:25:59 | INFO |     step 9600  loss=1.4754  grp_sp=0.000  n_imp=37008  n_red=0
21:28:55 | INFO |     step 9800  loss=1.4701  grp_sp=0.000  n_imp=37008  n_red=0
21:31:30 | INFO |     step 10000  loss=1.4641  grp_sp=0.000  n_imp=37008  n_red=0
21:34:07 | INFO |     step 10200  loss=1.4583  grp_sp=0.000  n_imp=37008  n_red=0
21:36:44 | INFO |     step 10400  loss=1.4520  grp_sp=0.000  n_imp=37008  n_red=0
21:39:20 | INFO |     step 10600  loss=1.4467  grp_sp=0.000  n_imp=37008  n_red=0
21:41:58 | INFO |     step 10800  loss=1.4405  grp_sp=0.000  n_imp=37008  n_red=0
21:44:35 | INFO |     step 11000  loss=1.4369  grp_sp=0.000  n_imp=37008  n_red=0
21:47:10 | INFO |     step 11200  loss=1.4322  grp_sp=0.000  n_imp=37008  n_red=0
21:49:44 | INFO |     step 11400  loss=1.4271  grp_sp=0.000  n_imp=37008  n_red=0
21:52:17 | INFO |     step 11600  loss=1.4226  grp_sp=0.000  n_imp=37008  n_red=0
21:54:52 | INFO |     step 11800  loss=1.4182  grp_sp=0.000  n_imp=37008  n_red=0
21:57:30 | INFO |     step 12000  loss=1.4145  grp_sp=0.000  n_imp=37008  n_red=0
22:00:05 | INFO |     step 12200  loss=1.4113  grp_sp=0.000  n_imp=37008  n_red=0
22:02:44 | INFO |     step 12400  loss=1.4070  grp_sp=0.000  n_imp=37008  n_red=0
22:05:25 | INFO |     step 12600  loss=1.4037  grp_sp=0.000  n_imp=37008  n_red=0
22:08:05 | INFO |     step 12800  loss=1.3979  grp_sp=0.000  n_imp=37008  n_red=0
22:10:40 | INFO |     step 13000  loss=1.3934  grp_sp=0.000  n_imp=37008  n_red=0
22:13:15 | INFO |     step 13200  loss=1.3900  grp_sp=0.000  n_imp=37008  n_red=0
22:15:50 | INFO |     step 13400  loss=1.3866  grp_sp=0.000  n_imp=37008  n_red=0
22:18:24 | INFO |     step 13600  loss=1.3827  grp_sp=0.000  n_imp=37008  n_red=0
22:20:59 | INFO |     step 13800  loss=1.3792  grp_sp=0.000  n_imp=37008  n_red=0
22:23:35 | INFO |     step 14000  loss=1.3757  grp_sp=0.000  n_imp=37008  n_red=0
22:26:11 | INFO |     step 14200  loss=1.3719  grp_sp=0.000  n_imp=37008  n_red=0
22:28:48 | INFO |     step 14400  loss=1.3689  grp_sp=0.000  n_imp=37008  n_red=0
22:31:25 | INFO |     step 14600  loss=1.3659  grp_sp=0.000  n_imp=37008  n_red=0
22:34:05 | INFO |     step 14800  loss=1.3630  grp_sp=0.000  n_imp=37008  n_red=0
22:36:41 | INFO |     step 15000  loss=1.3589  grp_sp=0.000  n_imp=37008  n_red=0
22:39:16 | INFO |     step 15200  loss=1.3561  grp_sp=0.000  n_imp=37008  n_red=0
22:41:54 | INFO |     step 15400  loss=1.3538  grp_sp=0.000  n_imp=37008  n_red=0
22:44:28 | INFO |     step 15600  loss=1.3515  grp_sp=0.000  n_imp=37008  n_red=0
22:47:04 | INFO |     step 15800  loss=1.3493  grp_sp=0.000  n_imp=37008  n_red=0
22:49:41 | INFO |     step 16000  loss=1.3474  grp_sp=0.000  n_imp=37008  n_red=0
22:52:19 | INFO |     step 16200  loss=1.3451  grp_sp=0.000  n_imp=37008  n_red=0
22:54:59 | INFO |     step 16400  loss=1.3431  grp_sp=0.000  n_imp=37008  n_red=0
22:57:38 | INFO |     step 16600  loss=1.3402  grp_sp=0.000  n_imp=37008  n_red=0
23:00:16 | INFO |     step 16800  loss=1.3373  grp_sp=0.000  n_imp=37008  n_red=0
23:02:56 | INFO |     step 17000  loss=1.3350  grp_sp=0.000  n_imp=37008  n_red=0
23:05:32 | INFO |     step 17200  loss=1.3323  grp_sp=0.000  n_imp=37008  n_red=0
23:08:15 | INFO |     step 17400  loss=1.3295  grp_sp=0.000  n_imp=37008  n_red=0
23:10:58 | INFO |     step 17600  loss=1.3276  grp_sp=0.000  n_imp=37008  n_red=0
23:13:44 | INFO |     step 17800  loss=1.3254  grp_sp=0.000  n_imp=37008  n_red=0
23:16:28 | INFO |     step 18000  loss=1.3228  grp_sp=0.000  n_imp=37008  n_red=0
23:19:10 | INFO |     step 18200  loss=1.3201  grp_sp=0.000  n_imp=37008  n_red=0
23:21:49 | INFO |     step 18400  loss=1.3171  grp_sp=0.000  n_imp=37008  n_red=0
23:24:30 | INFO |     step 18600  loss=1.3139  grp_sp=0.000  n_imp=37008  n_red=0
23:27:10 | INFO |     step 18800  loss=1.3113  grp_sp=0.000  n_imp=37008  n_red=0
23:29:50 | INFO |     step 19000  loss=1.3097  grp_sp=0.000  n_imp=37008  n_red=0
23:32:27 | INFO |     step 19200  loss=1.3088  grp_sp=0.000  n_imp=37008  n_red=0
23:35:04 | INFO |     step 19400  loss=1.3069  grp_sp=0.000  n_imp=37008  n_red=0
23:37:42 | INFO |     step 19600  loss=1.3053  grp_sp=0.000  n_imp=37008  n_red=0
23:40:20 | INFO |     step 19800  loss=1.3035  grp_sp=0.000  n_imp=37008  n_red=0
23:42:57 | INFO |     step 20000  loss=1.3021  grp_sp=0.000  n_imp=37008  n_red=0
23:45:34 | INFO |     step 20200  loss=1.3007  grp_sp=0.000  n_imp=37008  n_red=0
23:48:12 | INFO |     step 20400  loss=1.2986  grp_sp=0.000  n_imp=37008  n_red=0
23:50:49 | INFO |     step 20600  loss=1.2964  grp_sp=0.000  n_imp=37008  n_red=0
23:53:27 | INFO |     step 20800  loss=1.2945  grp_sp=0.000  n_imp=37008  n_red=0
23:56:07 | INFO |     step 21000  loss=1.2929  grp_sp=0.000  n_imp=37008  n_red=0
23:58:51 | INFO |     step 21200  loss=1.2911  grp_sp=0.000  n_imp=37008  n_red=0
00:01:30 | INFO |     step 21400  loss=1.2892  grp_sp=0.000  n_imp=37008  n_red=0
00:04:08 | INFO |     step 21600  loss=1.2881  grp_sp=0.000  n_imp=37008  n_red=0
00:06:47 | INFO |     step 21800  loss=1.2861  grp_sp=0.000  n_imp=37008  n_red=0
00:09:26 | INFO |     step 22000  loss=1.2847  grp_sp=0.000  n_imp=37008  n_red=0
00:14:39 | INFO | [EPOCH 1/10] loss=1.2840  grp_sp=0.000  EM=78.15  F1=85.93  elapsed=382.1min
00:15:34 | INFO |     step 22200  loss=0.7885  grp_sp=0.000  n_imp=37008  n_red=0
00:18:18 | INFO |     step 22400  loss=0.7256  grp_sp=0.000  n_imp=37008  n_red=0
00:21:35 | INFO |     step 22600  loss=0.7178  grp_sp=0.000  n_imp=37008  n_red=0
00:24:18 | INFO |     step 22800  loss=0.7293  grp_sp=0.000  n_imp=37008  n_red=0
00:27:03 | INFO |     step 23000  loss=0.7437  grp_sp=0.000  n_imp=37008  n_red=0
00:29:50 | INFO |     step 23200  loss=0.7509  grp_sp=0.000  n_imp=37008  n_red=0
00:32:36 | INFO |     step 23400  loss=0.7535  grp_sp=0.000  n_imp=37008  n_red=0
00:35:21 | INFO |     step 23600  loss=0.7648  grp_sp=0.000  n_imp=37008  n_red=0
00:38:06 | INFO |     step 23800  loss=0.7623  grp_sp=0.000  n_imp=37008  n_red=0
00:40:51 | INFO |     step 24000  loss=0.7605  grp_sp=0.000  n_imp=37008  n_red=0
00:43:34 | INFO |     step 24200  loss=0.7650  grp_sp=0.000  n_imp=37008  n_red=0
00:46:16 | INFO |     step 24400  loss=0.7691  grp_sp=0.000  n_imp=37008  n_red=0
00:48:56 | INFO |     step 24600  loss=0.7709  grp_sp=0.000  n_imp=37008  n_red=0
00:51:35 | INFO |     step 24800  loss=0.7729  grp_sp=0.000  n_imp=37008  n_red=0
00:54:14 | INFO |     step 25000  loss=0.7790  grp_sp=0.000  n_imp=37008  n_red=0
00:56:53 | INFO |     step 25200  loss=0.7819  grp_sp=0.000  n_imp=37008  n_red=0
00:59:32 | INFO |     step 25400  loss=0.7859  grp_sp=0.000  n_imp=37008  n_red=0
01:02:10 | INFO |     step 25600  loss=0.7880  grp_sp=0.000  n_imp=37008  n_red=0
01:04:49 | INFO |     step 25800  loss=0.7899  grp_sp=0.000  n_imp=37008  n_red=0
01:07:27 | INFO |     step 26000  loss=0.7929  grp_sp=0.000  n_imp=37008  n_red=0
01:10:06 | INFO |     step 26200  loss=0.7921  grp_sp=0.000  n_imp=37008  n_red=0
01:12:44 | INFO |     step 26400  loss=0.7917  grp_sp=0.000  n_imp=37008  n_red=0
01:15:23 | INFO |     step 26600  loss=0.7917  grp_sp=0.000  n_imp=37008  n_red=0
01:18:02 | INFO |     step 26800  loss=0.7936  grp_sp=0.000  n_imp=37008  n_red=0
01:20:38 | INFO |     step 27000  loss=0.7969  grp_sp=0.000  n_imp=37008  n_red=0
01:23:18 | INFO |     step 27200  loss=0.7966  grp_sp=0.000  n_imp=37008  n_red=0
01:25:56 | INFO |     step 27400  loss=0.7968  grp_sp=0.000  n_imp=37008  n_red=0
01:28:35 | INFO |     step 27600  loss=0.7943  grp_sp=0.000  n_imp=37008  n_red=0
01:31:14 | INFO |     step 27800  loss=0.7957  grp_sp=0.000  n_imp=37008  n_red=0
01:33:52 | INFO |     step 28000  loss=0.7987  grp_sp=0.000  n_imp=37008  n_red=0
01:36:31 | INFO |     step 28200  loss=0.7988  grp_sp=0.000  n_imp=37008  n_red=0
01:39:09 | INFO |     step 28400  loss=0.7985  grp_sp=0.000  n_imp=37008  n_red=0
01:41:47 | INFO |     step 28600  loss=0.7994  grp_sp=0.000  n_imp=37008  n_red=0
01:44:25 | INFO |     step 28800  loss=0.8001  grp_sp=0.000  n_imp=37008  n_red=0
01:47:04 | INFO |     step 29000  loss=0.7998  grp_sp=0.000  n_imp=37008  n_red=0
01:49:42 | INFO |     step 29200  loss=0.8010  grp_sp=0.000  n_imp=37008  n_red=0
01:52:21 | INFO |     step 29400  loss=0.8006  grp_sp=0.000  n_imp=37008  n_red=0
01:55:00 | INFO |     step 29600  loss=0.8015  grp_sp=0.000  n_imp=37008  n_red=0
01:57:38 | INFO |     step 29800  loss=0.8011  grp_sp=0.000  n_imp=37008  n_red=0
02:00:16 | INFO |     step 30000  loss=0.8016  grp_sp=0.000  n_imp=37008  n_red=0
02:02:59 | INFO |     step 30200  loss=0.8043  grp_sp=0.000  n_imp=37008  n_red=0
02:05:38 | INFO |     step 30400  loss=0.8056  grp_sp=0.000  n_imp=37008  n_red=0
02:08:16 | INFO |     step 30600  loss=0.8081  grp_sp=0.000  n_imp=37008  n_red=0
02:10:54 | INFO |     step 30800  loss=0.8206  grp_sp=0.000  n_imp=37008  n_red=0
02:13:33 | INFO |     step 31000  loss=0.8360  grp_sp=0.000  n_imp=37008  n_red=0
02:16:14 | INFO |     step 31200  loss=0.8431  grp_sp=0.000  n_imp=37008  n_red=0
02:18:51 | INFO |     step 31400  loss=0.8497  grp_sp=0.000  n_imp=37008  n_red=0
02:21:28 | INFO |     step 31600  loss=0.8548  grp_sp=0.000  n_imp=37008  n_red=0
02:24:05 | INFO |     step 31800  loss=0.8614  grp_sp=0.000  n_imp=37008  n_red=0
02:26:42 | INFO |     step 32000  loss=0.8660  grp_sp=0.000  n_imp=37008  n_red=0
02:29:19 | INFO |     step 32200  loss=0.8688  grp_sp=0.000  n_imp=37008  n_red=0
02:31:56 | INFO |     step 32400  loss=0.8728  grp_sp=0.000  n_imp=37008  n_red=0
02:34:34 | INFO |     step 32600  loss=0.8762  grp_sp=0.000  n_imp=37008  n_red=0
02:37:11 | INFO |     step 32800  loss=0.8783  grp_sp=0.000  n_imp=37008  n_red=0
02:39:47 | INFO |     step 33000  loss=0.8811  grp_sp=0.000  n_imp=37008  n_red=0
02:42:24 | INFO |     step 33200  loss=0.8826  grp_sp=0.000  n_imp=37008  n_red=0
02:45:02 | INFO |     step 33400  loss=0.8839  grp_sp=0.000  n_imp=37008  n_red=0
02:47:41 | INFO |     step 33600  loss=0.8854  grp_sp=0.000  n_imp=37008  n_red=0
02:50:18 | INFO |     step 33800  loss=0.8873  grp_sp=0.000  n_imp=37008  n_red=0
02:52:56 | INFO |     step 34000  loss=0.8892  grp_sp=0.000  n_imp=37008  n_red=0
02:55:34 | INFO |     step 34200  loss=0.8895  grp_sp=0.000  n_imp=37008  n_red=0
02:58:13 | INFO |     step 34400  loss=0.8924  grp_sp=0.000  n_imp=37008  n_red=0
03:00:52 | INFO |     step 34600  loss=0.8940  grp_sp=0.000  n_imp=37008  n_red=0
03:03:30 | INFO |     step 34800  loss=0.8954  grp_sp=0.000  n_imp=37008  n_red=0
03:06:09 | INFO |     step 35000  loss=0.8964  grp_sp=0.000  n_imp=37008  n_red=0
03:08:47 | INFO |     step 35200  loss=0.8980  grp_sp=0.000  n_imp=37008  n_red=0
03:11:26 | INFO |     step 35400  loss=0.8995  grp_sp=0.000  n_imp=37008  n_red=0
03:14:04 | INFO |     step 35600  loss=0.9007  grp_sp=0.000  n_imp=37008  n_red=0
03:16:42 | INFO |     step 35800  loss=0.9015  grp_sp=0.000  n_imp=37008  n_red=0
03:19:20 | INFO |     step 36000  loss=0.9035  grp_sp=0.000  n_imp=37008  n_red=0
03:21:59 | INFO |     step 36200  loss=0.9048  grp_sp=0.000  n_imp=37008  n_red=0
03:24:37 | INFO |     step 36400  loss=0.9051  grp_sp=0.000  n_imp=37008  n_red=0
03:27:15 | INFO |     step 36600  loss=0.9063  grp_sp=0.000  n_imp=37008  n_red=0
03:29:52 | INFO |     step 36800  loss=0.9077  grp_sp=0.000  n_imp=37008  n_red=0
03:32:38 | INFO |     step 37000  loss=0.9389  grp_sp=0.000  n_imp=36392  n_red=616
03:35:30 | INFO |     step 37200  loss=0.9672  grp_sp=0.000  n_imp=36392  n_red=616
03:38:21 | INFO |     step 37400  loss=0.9875  grp_sp=0.000  n_imp=36392  n_red=616
03:41:11 | INFO |     step 37600  loss=1.0053  grp_sp=0.000  n_imp=36392  n_red=616
03:44:01 | INFO |     step 37800  loss=1.0210  grp_sp=0.000  n_imp=36392  n_red=616
03:46:51 | INFO |     step 38000  loss=1.0336  grp_sp=0.000  n_imp=36392  n_red=616
03:49:41 | INFO |     step 38200  loss=1.0469  grp_sp=0.000  n_imp=36392  n_red=616
03:52:31 | INFO |     step 38400  loss=1.0591  grp_sp=0.000  n_imp=36392  n_red=616
03:55:21 | INFO |     step 38600  loss=1.0698  grp_sp=0.000  n_imp=36392  n_red=616
03:58:12 | INFO |     step 38800  loss=1.0809  grp_sp=0.000  n_imp=36392  n_red=616
04:01:02 | INFO |     step 39000  loss=1.0904  grp_sp=0.000  n_imp=36392  n_red=616
04:03:53 | INFO |     step 39200  loss=1.0998  grp_sp=0.000  n_imp=36392  n_red=616
04:06:43 | INFO |     step 39400  loss=1.1088  grp_sp=0.000  n_imp=36392  n_red=616
04:09:34 | INFO |     step 39600  loss=1.1178  grp_sp=0.000  n_imp=36392  n_red=616
04:12:24 | INFO |     step 39800  loss=1.1256  grp_sp=0.000  n_imp=36392  n_red=616
04:15:14 | INFO |     step 40000  loss=1.1334  grp_sp=0.000  n_imp=36392  n_red=616
04:18:04 | INFO |     step 40200  loss=1.1413  grp_sp=0.000  n_imp=36392  n_red=616
04:20:54 | INFO |     step 40400  loss=1.1485  grp_sp=0.000  n_imp=36392  n_red=616
04:23:45 | INFO |     step 40600  loss=1.1564  grp_sp=0.000  n_imp=36392  n_red=616
04:26:35 | INFO |     step 40800  loss=1.1639  grp_sp=0.000  n_imp=36392  n_red=616
04:29:26 | INFO |     step 41000  loss=1.1720  grp_sp=0.000  n_imp=36392  n_red=616
04:32:16 | INFO |     step 41200  loss=1.1788  grp_sp=0.000  n_imp=36392  n_red=616
04:35:06 | INFO |     step 41400  loss=1.1851  grp_sp=0.000  n_imp=36392  n_red=616
04:37:56 | INFO |     step 41600  loss=1.1910  grp_sp=0.000  n_imp=36392  n_red=616
04:40:46 | INFO |     step 41800  loss=1.1977  grp_sp=0.000  n_imp=36392  n_red=616
04:43:35 | INFO |     step 42000  loss=1.2050  grp_sp=0.000  n_imp=36392  n_red=616
04:46:25 | INFO |     step 42200  loss=1.2120  grp_sp=0.000  n_imp=36392  n_red=616
04:49:15 | INFO |     step 42400  loss=1.2188  grp_sp=0.000  n_imp=36392  n_red=616
04:52:04 | INFO |     step 42600  loss=1.2245  grp_sp=0.000  n_imp=36392  n_red=616
04:54:54 | INFO |     step 42800  loss=1.2302  grp_sp=0.000  n_imp=36392  n_red=616
04:57:44 | INFO |     step 43000  loss=1.2357  grp_sp=0.000  n_imp=36392  n_red=616
05:00:34 | INFO |     step 43200  loss=1.2416  grp_sp=0.000  n_imp=36392  n_red=616
05:03:24 | INFO |     step 43400  loss=1.2470  grp_sp=0.000  n_imp=36392  n_red=616
05:06:14 | INFO |     step 43600  loss=1.2515  grp_sp=0.000  n_imp=36392  n_red=616
05:09:04 | INFO |     step 43800  loss=1.2564  grp_sp=0.000  n_imp=36392  n_red=616
05:11:54 | INFO |     step 44000  loss=1.2625  grp_sp=0.000  n_imp=36392  n_red=616
05:14:43 | INFO |     step 44200  loss=1.2672  grp_sp=0.000  n_imp=36392  n_red=616
05:19:01 | INFO | [EPOCH 2/10] loss=1.2687  grp_sp=0.000  EM=59.26  F1=70.76  elapsed=686.5min
05:20:58 | INFO |     step 44400  loss=1.6127  grp_sp=0.000  n_imp=36392  n_red=616
05:24:26 | INFO |     step 44600  loss=1.6342  grp_sp=0.000  n_imp=36392  n_red=616
05:27:12 | INFO |     step 44800  loss=1.6260  grp_sp=0.000  n_imp=36392  n_red=616
05:30:02 | INFO |     step 45000  loss=1.6198  grp_sp=0.000  n_imp=36392  n_red=616
05:32:52 | INFO |     step 45200  loss=1.6227  grp_sp=0.000  n_imp=36392  n_red=616
05:35:41 | INFO |     step 45400  loss=1.6290  grp_sp=0.000  n_imp=36392  n_red=616
05:38:32 | INFO |     step 45600  loss=1.6480  grp_sp=0.000  n_imp=36392  n_red=616
05:41:22 | INFO |     step 45800  loss=1.6519  grp_sp=0.000  n_imp=36392  n_red=616
05:44:12 | INFO |     step 46000  loss=1.6441  grp_sp=0.000  n_imp=36392  n_red=616
05:47:01 | INFO |     step 46200  loss=1.6377  grp_sp=0.000  n_imp=36392  n_red=616
05:49:51 | INFO |     step 46400  loss=1.6415  grp_sp=0.000  n_imp=36392  n_red=616
05:52:41 | INFO |     step 46600  loss=1.6389  grp_sp=0.000  n_imp=36392  n_red=616
05:55:30 | INFO |     step 46800  loss=1.6377  grp_sp=0.000  n_imp=36392  n_red=616
05:58:20 | INFO |     step 47000  loss=1.6414  grp_sp=0.000  n_imp=36392  n_red=616
06:01:09 | INFO |     step 47200  loss=1.6421  grp_sp=0.000  n_imp=36392  n_red=616
06:03:58 | INFO |     step 47400  loss=1.6389  grp_sp=0.000  n_imp=36392  n_red=616
06:06:46 | INFO |     step 47600  loss=1.6340  grp_sp=0.000  n_imp=36392  n_red=616
06:09:35 | INFO |     step 47800  loss=1.6358  grp_sp=0.000  n_imp=36392  n_red=616
06:12:23 | INFO |     step 48000  loss=1.6322  grp_sp=0.000  n_imp=36392  n_red=616
06:15:12 | INFO |     step 48200  loss=1.6308  grp_sp=0.000  n_imp=36392  n_red=616
06:18:01 | INFO |     step 48400  loss=1.6304  grp_sp=0.000  n_imp=36392  n_red=616
06:20:50 | INFO |     step 48600  loss=1.6269  grp_sp=0.000  n_imp=36392  n_red=616
06:23:39 | INFO |     step 48800  loss=1.6236  grp_sp=0.000  n_imp=36392  n_red=616
06:26:28 | INFO |     step 49000  loss=1.6211  grp_sp=0.000  n_imp=36392  n_red=616
06:29:17 | INFO |     step 49200  loss=1.6198  grp_sp=0.000  n_imp=36392  n_red=616
06:32:06 | INFO |     step 49400  loss=1.6171  grp_sp=0.000  n_imp=36392  n_red=616
06:34:55 | INFO |     step 49600  loss=1.6165  grp_sp=0.000  n_imp=36392  n_red=616
06:37:44 | INFO |     step 49800  loss=1.6137  grp_sp=0.000  n_imp=36392  n_red=616
06:40:33 | INFO |     step 50000  loss=1.6116  grp_sp=0.000  n_imp=36392  n_red=616
06:43:22 | INFO |     step 50200  loss=1.6046  grp_sp=0.000  n_imp=36392  n_red=616
06:46:11 | INFO |     step 50400  loss=1.6043  grp_sp=0.000  n_imp=36392  n_red=616
06:49:00 | INFO |     step 50600  loss=1.6027  grp_sp=0.000  n_imp=36392  n_red=616
06:51:47 | INFO |     step 50800  loss=1.5996  grp_sp=0.000  n_imp=36392  n_red=616
06:54:34 | INFO |     step 51000  loss=1.5962  grp_sp=0.000  n_imp=36392  n_red=616
06:57:23 | INFO |     step 51200  loss=1.5945  grp_sp=0.000  n_imp=36392  n_red=616
07:00:11 | INFO |     step 51400  loss=1.5936  grp_sp=0.000  n_imp=36392  n_red=616
07:02:59 | INFO |     step 51600  loss=1.5912  grp_sp=0.000  n_imp=36392  n_red=616
07:05:48 | INFO |     step 51800  loss=1.5916  grp_sp=0.000  n_imp=36392  n_red=616
07:08:37 | INFO |     step 52000  loss=1.5901  grp_sp=0.000  n_imp=36392  n_red=616
07:11:25 | INFO |     step 52200  loss=1.5875  grp_sp=0.000  n_imp=36392  n_red=616
07:14:14 | INFO |     step 52400  loss=1.5841  grp_sp=0.000  n_imp=36392  n_red=616
07:17:02 | INFO |     step 52600  loss=1.5847  grp_sp=0.000  n_imp=36392  n_red=616
07:19:51 | INFO |     step 52800  loss=1.5808  grp_sp=0.000  n_imp=36392  n_red=616
07:22:39 | INFO |     step 53000  loss=1.5775  grp_sp=0.000  n_imp=36392  n_red=616
07:25:27 | INFO |     step 53200  loss=1.5772  grp_sp=0.000  n_imp=36392  n_red=616
07:28:15 | INFO |     step 53400  loss=1.5753  grp_sp=0.000  n_imp=36392  n_red=616
07:31:03 | INFO |     step 53600  loss=1.5770  grp_sp=0.000  n_imp=36392  n_red=616
07:33:51 | INFO |     step 53800  loss=1.5781  grp_sp=0.000  n_imp=36392  n_red=616
07:36:39 | INFO |     step 54000  loss=1.5755  grp_sp=0.000  n_imp=36392  n_red=616
07:39:26 | INFO |     step 54200  loss=1.5767  grp_sp=0.000  n_imp=36392  n_red=616
07:42:10 | INFO |     step 54400  loss=1.5765  grp_sp=0.000  n_imp=36392  n_red=616
07:44:56 | INFO |     step 54600  loss=1.5771  grp_sp=0.000  n_imp=36392  n_red=616
07:47:43 | INFO |     step 54800  loss=1.5772  grp_sp=0.000  n_imp=36392  n_red=616
07:50:31 | INFO |     step 55000  loss=1.5750  grp_sp=0.000  n_imp=36392  n_red=616
07:53:18 | INFO |     step 55200  loss=1.5718  grp_sp=0.000  n_imp=36392  n_red=616
07:56:06 | INFO |     step 55400  loss=1.5701  grp_sp=0.000  n_imp=36392  n_red=616
07:58:54 | INFO |     step 55600  loss=1.5705  grp_sp=0.000  n_imp=36392  n_red=616
08:01:42 | INFO |     step 55800  loss=1.5685  grp_sp=0.000  n_imp=36392  n_red=616
08:04:29 | INFO |     step 56000  loss=1.5689  grp_sp=0.000  n_imp=36392  n_red=616
08:07:17 | INFO |     step 56200  loss=1.5675  grp_sp=0.000  n_imp=36392  n_red=616
08:10:05 | INFO |     step 56400  loss=1.5687  grp_sp=0.000  n_imp=36392  n_red=616
08:12:53 | INFO |     step 56600  loss=1.5694  grp_sp=0.000  n_imp=36392  n_red=616
08:15:41 | INFO |     step 56800  loss=1.5681  grp_sp=0.000  n_imp=36392  n_red=616
08:18:29 | INFO |     step 57000  loss=1.5671  grp_sp=0.000  n_imp=36392  n_red=616
08:21:17 | INFO |     step 57200  loss=1.5660  grp_sp=0.000  n_imp=36392  n_red=616
08:24:05 | INFO |     step 57400  loss=1.5645  grp_sp=0.000  n_imp=36392  n_red=616
08:26:53 | INFO |     step 57600  loss=1.5628  grp_sp=0.000  n_imp=36392  n_red=616
08:29:41 | INFO |     step 57800  loss=1.5620  grp_sp=0.000  n_imp=36392  n_red=616
08:32:29 | INFO |     step 58000  loss=1.5609  grp_sp=0.000  n_imp=36392  n_red=616
08:35:16 | INFO |     step 58200  loss=1.5617  grp_sp=0.000  n_imp=36392  n_red=616
08:38:04 | INFO |     step 58400  loss=1.5605  grp_sp=0.000  n_imp=36392  n_red=616
08:40:52 | INFO |     step 58600  loss=1.5616  grp_sp=0.000  n_imp=36392  n_red=616
08:43:40 | INFO |     step 58800  loss=1.5619  grp_sp=0.000  n_imp=36392  n_red=616
08:46:28 | INFO |     step 59000  loss=1.5603  grp_sp=0.000  n_imp=36392  n_red=616
08:49:16 | INFO |     step 59200  loss=1.5584  grp_sp=0.000  n_imp=36392  n_red=616
08:52:03 | INFO |     step 59400  loss=1.5576  grp_sp=0.000  n_imp=36392  n_red=616
08:54:51 | INFO |     step 59600  loss=1.5577  grp_sp=0.000  n_imp=36392  n_red=616
08:57:39 | INFO |     step 59800  loss=1.5558  grp_sp=0.000  n_imp=36392  n_red=616
09:00:27 | INFO |     step 60000  loss=1.5547  grp_sp=0.000  n_imp=36392  n_red=616
09:03:16 | INFO |     step 60200  loss=1.5533  grp_sp=0.000  n_imp=36392  n_red=616
09:06:04 | INFO |     step 60400  loss=1.5524  grp_sp=0.000  n_imp=36392  n_red=616
09:08:52 | INFO |     step 60600  loss=1.5523  grp_sp=0.000  n_imp=36392  n_red=616
09:11:40 | INFO |     step 60800  loss=1.5503  grp_sp=0.000  n_imp=36392  n_red=616
09:14:29 | INFO |     step 61000  loss=1.5491  grp_sp=0.000  n_imp=36392  n_red=616
09:17:17 | INFO |     step 61200  loss=1.5475  grp_sp=0.000  n_imp=36392  n_red=616
09:20:05 | INFO |     step 61400  loss=1.5475  grp_sp=0.000  n_imp=36392  n_red=616
09:22:54 | INFO |     step 61600  loss=1.5476  grp_sp=0.000  n_imp=36392  n_red=616
09:25:42 | INFO |     step 61800  loss=1.5473  grp_sp=0.000  n_imp=36392  n_red=616
09:28:30 | INFO |     step 62000  loss=1.5467  grp_sp=0.000  n_imp=36392  n_red=616
09:31:19 | INFO |     step 62200  loss=1.5452  grp_sp=0.000  n_imp=36392  n_red=616
09:34:07 | INFO |     step 62400  loss=1.5443  grp_sp=0.000  n_imp=36392  n_red=616
09:36:54 | INFO |     step 62600  loss=1.5433  grp_sp=0.000  n_imp=36392  n_red=616
09:39:39 | INFO |     step 62800  loss=1.5437  grp_sp=0.000  n_imp=36392  n_red=616
09:42:26 | INFO |     step 63000  loss=1.5435  grp_sp=0.000  n_imp=36392  n_red=616
09:45:14 | INFO |     step 63200  loss=1.5430  grp_sp=0.000  n_imp=36392  n_red=616
09:48:03 | INFO |     step 63400  loss=1.5433  grp_sp=0.000  n_imp=36392  n_red=616
09:50:50 | INFO |     step 63600  loss=1.5430  grp_sp=0.000  n_imp=36392  n_red=616
09:53:39 | INFO |     step 63800  loss=1.5416  grp_sp=0.000  n_imp=36392  n_red=616
09:56:28 | INFO |     step 64000  loss=1.5408  grp_sp=0.000  n_imp=36392  n_red=616
09:59:16 | INFO |     step 64200  loss=1.5396  grp_sp=0.000  n_imp=36392  n_red=616
10:02:03 | INFO |     step 64400  loss=1.5388  grp_sp=0.000  n_imp=36392  n_red=616
10:04:52 | INFO |     step 64600  loss=1.5384  grp_sp=0.000  n_imp=36392  n_red=616
10:07:40 | INFO |     step 64800  loss=1.5380  grp_sp=0.000  n_imp=36392  n_red=616
10:10:29 | INFO |     step 65000  loss=1.5377  grp_sp=0.000  n_imp=36392  n_red=616
10:13:18 | INFO |     step 65200  loss=1.5368  grp_sp=0.000  n_imp=36392  n_red=616
10:16:07 | INFO |     step 65400  loss=1.5358  grp_sp=0.000  n_imp=36392  n_red=616
10:18:56 | INFO |     step 65600  loss=1.5351  grp_sp=0.000  n_imp=36392  n_red=616
10:21:44 | INFO |     step 65800  loss=1.5345  grp_sp=0.000  n_imp=36392  n_red=616
10:24:33 | INFO |     step 66000  loss=1.5340  grp_sp=0.000  n_imp=36392  n_red=616
10:27:21 | INFO |     step 66200  loss=1.5330  grp_sp=0.000  n_imp=36392  n_red=616
10:33:25 | INFO | [EPOCH 3/10] loss=1.5316  grp_sp=0.000  EM=65.54  F1=76.20  elapsed=1001.0min
10:33:31 | INFO |     step 66400  loss=1.5164  grp_sp=0.000  n_imp=36392  n_red=616
10:36:19 | INFO |     step 66600  loss=1.2272  grp_sp=0.000  n_imp=36392  n_red=616
10:39:31 | INFO |     step 66800  loss=1.2875  grp_sp=0.000  n_imp=36392  n_red=616
10:42:28 | INFO |     step 67000  loss=1.2546  grp_sp=0.000  n_imp=36392  n_red=616
10:45:17 | INFO |     step 67200  loss=1.2782  grp_sp=0.000  n_imp=36392  n_red=616
10:48:05 | INFO |     step 67400  loss=1.2878  grp_sp=0.000  n_imp=36392  n_red=616
10:50:54 | INFO |     step 67600  loss=1.3098  grp_sp=0.000  n_imp=36392  n_red=616
10:53:44 | INFO |     step 67800  loss=1.3796  grp_sp=0.017  n_imp=35776  n_red=1232
10:56:34 | INFO |     step 68000  loss=1.4132  grp_sp=0.017  n_imp=35776  n_red=1232
10:59:24 | INFO |     step 68200  loss=1.4193  grp_sp=0.017  n_imp=35776  n_red=1232
11:02:15 | INFO |     step 68400  loss=1.4316  grp_sp=0.017  n_imp=35776  n_red=1232
11:05:06 | INFO |     step 68600  loss=1.4325  grp_sp=0.017  n_imp=35776  n_red=1232
11:07:57 | INFO |     step 68800  loss=1.4225  grp_sp=0.017  n_imp=35776  n_red=1232
11:10:49 | INFO |     step 69000  loss=1.4217  grp_sp=0.017  n_imp=35776  n_red=1232
11:13:40 | INFO |     step 69200  loss=1.4092  grp_sp=0.017  n_imp=35776  n_red=1232
11:16:31 | INFO |     step 69400  loss=1.4092  grp_sp=0.017  n_imp=35776  n_red=1232
11:19:22 | INFO |     step 69600  loss=1.4065  grp_sp=0.017  n_imp=35776  n_red=1232
11:22:15 | INFO |     step 69800  loss=1.4020  grp_sp=0.017  n_imp=35776  n_red=1232
11:25:07 | INFO |     step 70000  loss=1.3980  grp_sp=0.017  n_imp=35776  n_red=1232
11:27:59 | INFO |     step 70200  loss=1.3934  grp_sp=0.017  n_imp=35776  n_red=1232
11:30:50 | INFO |     step 70400  loss=1.3931  grp_sp=0.017  n_imp=35776  n_red=1232
11:33:40 | INFO |     step 70600  loss=1.3876  grp_sp=0.017  n_imp=35776  n_red=1232
11:36:32 | INFO |     step 70800  loss=1.3870  grp_sp=0.017  n_imp=35776  n_red=1232
11:39:24 | INFO |     step 71000  loss=1.3836  grp_sp=0.017  n_imp=35776  n_red=1232
11:42:16 | INFO |     step 71200  loss=1.3828  grp_sp=0.017  n_imp=35776  n_red=1232
11:45:07 | INFO |     step 71400  loss=1.3804  grp_sp=0.017  n_imp=35776  n_red=1232
11:47:59 | INFO |     step 71600  loss=1.3750  grp_sp=0.017  n_imp=35776  n_red=1232
11:50:51 | INFO |     step 71800  loss=1.3711  grp_sp=0.017  n_imp=35776  n_red=1232
11:53:41 | INFO |     step 72000  loss=1.3702  grp_sp=0.017  n_imp=35776  n_red=1232
11:56:32 | INFO |     step 72200  loss=1.3663  grp_sp=0.017  n_imp=35776  n_red=1232
11:59:24 | INFO |     step 72400  loss=1.3644  grp_sp=0.017  n_imp=35776  n_red=1232
12:02:15 | INFO |     step 72600  loss=1.3643  grp_sp=0.017  n_imp=35776  n_red=1232
12:05:05 | INFO |     step 72800  loss=1.3626  grp_sp=0.017  n_imp=35776  n_red=1232
12:07:54 | INFO |     step 73000  loss=1.3598  grp_sp=0.017  n_imp=35776  n_red=1232
12:10:45 | INFO |     step 73200  loss=1.3593  grp_sp=0.017  n_imp=35776  n_red=1232
12:13:35 | INFO |     step 73400  loss=1.3568  grp_sp=0.017  n_imp=35776  n_red=1232
12:16:26 | INFO |     step 73600  loss=1.3538  grp_sp=0.017  n_imp=35776  n_red=1232
12:19:19 | INFO |     step 73800  loss=1.3505  grp_sp=0.017  n_imp=35776  n_red=1232
12:22:10 | INFO |     step 74000  loss=1.3497  grp_sp=0.017  n_imp=35776  n_red=1232
12:25:01 | INFO |     step 74200  loss=1.3471  grp_sp=0.017  n_imp=35776  n_red=1232
12:27:52 | INFO |     step 74400  loss=1.3431  grp_sp=0.017  n_imp=35776  n_red=1232
12:30:44 | INFO |     step 74600  loss=1.3396  grp_sp=0.017  n_imp=35776  n_red=1232
12:33:34 | INFO |     step 74800  loss=1.3390  grp_sp=0.017  n_imp=35776  n_red=1232
12:36:25 | INFO |     step 75000  loss=1.3396  grp_sp=0.017  n_imp=35776  n_red=1232
12:39:16 | INFO |     step 75200  loss=1.3411  grp_sp=0.017  n_imp=35776  n_red=1232
12:42:07 | INFO |     step 75400  loss=1.3383  grp_sp=0.017  n_imp=35776  n_red=1232
12:44:57 | INFO |     step 75600  loss=1.3377  grp_sp=0.017  n_imp=35776  n_red=1232
12:47:48 | INFO |     step 75800  loss=1.3383  grp_sp=0.017  n_imp=35776  n_red=1232
12:50:41 | INFO |     step 76000  loss=1.3375  grp_sp=0.017  n_imp=35776  n_red=1232
12:53:34 | INFO |     step 76200  loss=1.3368  grp_sp=0.017  n_imp=35776  n_red=1232
12:56:27 | INFO |     step 76400  loss=1.3367  grp_sp=0.017  n_imp=35776  n_red=1232
12:59:19 | INFO |     step 76600  loss=1.3356  grp_sp=0.017  n_imp=35776  n_red=1232
13:02:11 | INFO |     step 76800  loss=1.3339  grp_sp=0.017  n_imp=35776  n_red=1232
13:05:02 | INFO |     step 77000  loss=1.3327  grp_sp=0.017  n_imp=35776  n_red=1232
13:07:55 | INFO |     step 77200  loss=1.3308  grp_sp=0.017  n_imp=35776  n_red=1232
13:10:48 | INFO |     step 77400  loss=1.3302  grp_sp=0.017  n_imp=35776  n_red=1232
13:13:40 | INFO |     step 77600  loss=1.3300  grp_sp=0.017  n_imp=35776  n_red=1232
13:16:33 | INFO |     step 77800  loss=1.3291  grp_sp=0.017  n_imp=35776  n_red=1232
13:19:27 | INFO |     step 78000  loss=1.3274  grp_sp=0.017  n_imp=35776  n_red=1232
13:22:19 | INFO |     step 78200  loss=1.3264  grp_sp=0.017  n_imp=35776  n_red=1232
13:25:11 | INFO |     step 78400  loss=1.3251  grp_sp=0.017  n_imp=35776  n_red=1232
13:28:04 | INFO |     step 78600  loss=1.3235  grp_sp=0.017  n_imp=35776  n_red=1232
13:30:56 | INFO |     step 78800  loss=1.3236  grp_sp=0.017  n_imp=35776  n_red=1232
13:33:48 | INFO |     step 79000  loss=1.3244  grp_sp=0.017  n_imp=35776  n_red=1232
13:36:41 | INFO |     step 79200  loss=1.3256  grp_sp=0.017  n_imp=35776  n_red=1232
13:39:33 | INFO |     step 79400  loss=1.3256  grp_sp=0.017  n_imp=35776  n_red=1232
13:42:25 | INFO |     step 79600  loss=1.3232  grp_sp=0.017  n_imp=35776  n_red=1232
13:45:17 | INFO |     step 79800  loss=1.3235  grp_sp=0.017  n_imp=35776  n_red=1232
13:48:09 | INFO |     step 80000  loss=1.3228  grp_sp=0.017  n_imp=35776  n_red=1232
13:50:58 | INFO |     step 80200  loss=1.3212  grp_sp=0.017  n_imp=35776  n_red=1232
13:53:51 | INFO |     step 80400  loss=1.3198  grp_sp=0.017  n_imp=35776  n_red=1232
13:56:43 | INFO |     step 80600  loss=1.3208  grp_sp=0.017  n_imp=35776  n_red=1232
13:59:36 | INFO |     step 80800  loss=1.3198  grp_sp=0.017  n_imp=35776  n_red=1232
14:02:29 | INFO |     step 81000  loss=1.3195  grp_sp=0.017  n_imp=35776  n_red=1232
14:05:22 | INFO |     step 81200  loss=1.3188  grp_sp=0.017  n_imp=35776  n_red=1232
14:08:15 | INFO |     step 81400  loss=1.3179  grp_sp=0.017  n_imp=35776  n_red=1232
14:11:08 | INFO |     step 81600  loss=1.3181  grp_sp=0.017  n_imp=35776  n_red=1232
14:14:00 | INFO |     step 81800  loss=1.3175  grp_sp=0.017  n_imp=35776  n_red=1232
14:16:53 | INFO |     step 82000  loss=1.3178  grp_sp=0.017  n_imp=35776  n_red=1232
14:19:46 | INFO |     step 82200  loss=1.3162  grp_sp=0.017  n_imp=35776  n_red=1232
14:22:38 | INFO |     step 82400  loss=1.3155  grp_sp=0.017  n_imp=35776  n_red=1232
14:25:31 | INFO |     step 82600  loss=1.3152  grp_sp=0.017  n_imp=35776  n_red=1232
14:28:23 | INFO |     step 82800  loss=1.3145  grp_sp=0.017  n_imp=35776  n_red=1232
14:31:13 | INFO |     step 83000  loss=1.3136  grp_sp=0.017  n_imp=35776  n_red=1232
14:34:05 | INFO |     step 83200  loss=1.3126  grp_sp=0.017  n_imp=35776  n_red=1232
14:36:57 | INFO |     step 83400  loss=1.3125  grp_sp=0.017  n_imp=35776  n_red=1232
14:40:16 | INFO |     step 83600  loss=1.3127  grp_sp=0.017  n_imp=35776  n_red=1232
14:43:52 | INFO |     step 83800  loss=1.3122  grp_sp=0.017  n_imp=35776  n_red=1232
14:47:28 | INFO |     step 84000  loss=1.3116  grp_sp=0.017  n_imp=35776  n_red=1232
14:50:45 | INFO |     step 84200  loss=1.3117  grp_sp=0.017  n_imp=35776  n_red=1232
14:53:36 | INFO |     step 84400  loss=1.3100  grp_sp=0.017  n_imp=35776  n_red=1232
14:56:25 | INFO |     step 84600  loss=1.3103  grp_sp=0.017  n_imp=35776  n_red=1232
14:59:16 | INFO |     step 84800  loss=1.3102  grp_sp=0.017  n_imp=35776  n_red=1232
15:02:06 | INFO |     step 85000  loss=1.3094  grp_sp=0.017  n_imp=35776  n_red=1232
15:04:55 | INFO |     step 85200  loss=1.3092  grp_sp=0.017  n_imp=35776  n_red=1232
15:07:47 | INFO |     step 85400  loss=1.3080  grp_sp=0.017  n_imp=35776  n_red=1232
15:10:39 | INFO |     step 85600  loss=1.3079  grp_sp=0.017  n_imp=35776  n_red=1232
15:13:32 | INFO |     step 85800  loss=1.3071  grp_sp=0.017  n_imp=35776  n_red=1232
15:16:25 | INFO |     step 86000  loss=1.3064  grp_sp=0.017  n_imp=35776  n_red=1232
15:19:18 | INFO |     step 86200  loss=1.3065  grp_sp=0.017  n_imp=35776  n_red=1232
15:22:11 | INFO |     step 86400  loss=1.3067  grp_sp=0.017  n_imp=35776  n_red=1232
15:25:03 | INFO |     step 86600  loss=1.3057  grp_sp=0.017  n_imp=35776  n_red=1232
15:27:57 | INFO |     step 86800  loss=1.3056  grp_sp=0.017  n_imp=35776  n_red=1232
15:30:50 | INFO |     step 87000  loss=1.3050  grp_sp=0.017  n_imp=35776  n_red=1232
15:33:43 | INFO |     step 87200  loss=1.3045  grp_sp=0.017  n_imp=35776  n_red=1232
15:36:35 | INFO |     step 87400  loss=1.3043  grp_sp=0.017  n_imp=35776  n_red=1232
15:39:28 | INFO |     step 87600  loss=1.3033  grp_sp=0.017  n_imp=35776  n_red=1232
15:42:19 | INFO |     step 87800  loss=1.3023  grp_sp=0.017  n_imp=35776  n_red=1232
15:45:12 | INFO |     step 88000  loss=1.3022  grp_sp=0.017  n_imp=35776  n_red=1232
15:48:05 | INFO |     step 88200  loss=1.3017  grp_sp=0.017  n_imp=35776  n_red=1232
15:50:58 | INFO |     step 88400  loss=1.3017  grp_sp=0.017  n_imp=35776  n_red=1232
15:56:12 | INFO | [EPOCH 4/10] loss=1.3016  grp_sp=0.017  EM=67.18  F1=77.75  elapsed=1323.7min
15:57:18 | INFO |     step 88600  loss=1.0435  grp_sp=0.017  n_imp=35776  n_red=1232
16:00:10 | INFO |     step 88800  loss=1.0505  grp_sp=0.017  n_imp=35776  n_red=1232
16:03:03 | INFO |     step 89000  loss=1.0238  grp_sp=0.017  n_imp=35776  n_red=1232
16:06:41 | INFO |     step 89200  loss=1.0335  grp_sp=0.017  n_imp=35776  n_red=1232
16:09:31 | INFO |     step 89400  loss=1.0409  grp_sp=0.017  n_imp=35776  n_red=1232
16:12:23 | INFO |     step 89600  loss=1.0507  grp_sp=0.017  n_imp=35776  n_red=1232
16:15:15 | INFO |     step 89800  loss=1.0491  grp_sp=0.017  n_imp=35776  n_red=1232
16:18:04 | INFO |     step 90000  loss=1.0475  grp_sp=0.017  n_imp=35776  n_red=1232
16:20:55 | INFO |     step 90200  loss=1.0605  grp_sp=0.017  n_imp=35776  n_red=1232
16:23:49 | INFO |     step 90400  loss=1.0739  grp_sp=0.017  n_imp=35776  n_red=1232
16:26:41 | INFO |     step 90600  loss=1.0803  grp_sp=0.017  n_imp=35776  n_red=1232
16:29:34 | INFO |     step 90800  loss=1.0778  grp_sp=0.017  n_imp=35776  n_red=1232
16:32:26 | INFO |     step 91000  loss=1.0804  grp_sp=0.017  n_imp=35776  n_red=1232
16:35:19 | INFO |     step 91200  loss=1.0835  grp_sp=0.017  n_imp=35776  n_red=1232
16:38:11 | INFO |     step 91400  loss=1.0906  grp_sp=0.017  n_imp=35776  n_red=1232
16:41:03 | INFO |     step 91600  loss=1.0934  grp_sp=0.017  n_imp=35776  n_red=1232
16:43:55 | INFO |     step 91800  loss=1.0962  grp_sp=0.017  n_imp=35776  n_red=1232
16:46:47 | INFO |     step 92000  loss=1.0983  grp_sp=0.017  n_imp=35776  n_red=1232
16:49:38 | INFO |     step 92200  loss=1.1038  grp_sp=0.017  n_imp=35776  n_red=1232
16:52:31 | INFO |     step 92400  loss=1.1014  grp_sp=0.017  n_imp=35776  n_red=1232
16:55:24 | INFO |     step 92600  loss=1.0984  grp_sp=0.017  n_imp=35776  n_red=1232
16:58:19 | INFO |     step 92800  loss=1.1003  grp_sp=0.017  n_imp=35776  n_red=1232
17:01:20 | INFO |     step 93000  loss=1.0997  grp_sp=0.017  n_imp=35776  n_red=1232
17:04:20 | INFO |     step 93200  loss=1.0963  grp_sp=0.017  n_imp=35776  n_red=1232
17:07:20 | INFO |     step 93400  loss=1.0997  grp_sp=0.017  n_imp=35776  n_red=1232
17:10:19 | INFO |     step 93600  loss=1.0951  grp_sp=0.017  n_imp=35776  n_red=1232
17:13:18 | INFO |     step 93800  loss=1.0954  grp_sp=0.017  n_imp=35776  n_red=1232
17:16:18 | INFO |     step 94000  loss=1.0945  grp_sp=0.017  n_imp=35776  n_red=1232
17:19:18 | INFO |     step 94200  loss=1.0927  grp_sp=0.017  n_imp=35776  n_red=1232
17:22:15 | INFO |     step 94400  loss=1.0929  grp_sp=0.017  n_imp=35776  n_red=1232
17:25:10 | INFO |     step 94600  loss=1.0914  grp_sp=0.017  n_imp=35776  n_red=1232
17:28:02 | INFO |     step 94800  loss=1.0908  grp_sp=0.017  n_imp=35776  n_red=1232
17:30:53 | INFO |     step 95000  loss=1.0907  grp_sp=0.017  n_imp=35776  n_red=1232
17:33:46 | INFO |     step 95200  loss=1.0903  grp_sp=0.017  n_imp=35776  n_red=1232
17:36:45 | INFO |     step 95400  loss=1.0911  grp_sp=0.017  n_imp=35776  n_red=1232
17:39:44 | INFO |     step 95600  loss=1.0908  grp_sp=0.017  n_imp=35776  n_red=1232
17:42:42 | INFO |     step 95800  loss=1.0870  grp_sp=0.017  n_imp=35776  n_red=1232
17:45:37 | INFO |     step 96000  loss=1.0882  grp_sp=0.017  n_imp=35776  n_red=1232
17:48:36 | INFO |     step 96200  loss=1.0902  grp_sp=0.017  n_imp=35776  n_red=1232
17:51:36 | INFO |     step 96400  loss=1.0896  grp_sp=0.017  n_imp=35776  n_red=1232
17:54:36 | INFO |     step 96600  loss=1.0914  grp_sp=0.017  n_imp=35776  n_red=1232
17:57:33 | INFO |     step 96800  loss=1.0904  grp_sp=0.017  n_imp=35776  n_red=1232
18:00:31 | INFO |     step 97000  loss=1.0908  grp_sp=0.017  n_imp=35776  n_red=1232
18:03:31 | INFO |     step 97200  loss=1.0905  grp_sp=0.017  n_imp=35776  n_red=1232
18:06:33 | INFO |     step 97400  loss=1.0905  grp_sp=0.017  n_imp=35776  n_red=1232
18:09:34 | INFO |     step 97600  loss=1.0900  grp_sp=0.017  n_imp=35776  n_red=1232
18:12:35 | INFO |     step 97800  loss=1.0906  grp_sp=0.017  n_imp=35776  n_red=1232
18:15:35 | INFO |     step 98000  loss=1.0905  grp_sp=0.017  n_imp=35776  n_red=1232
18:18:28 | INFO |     step 98200  loss=1.0907  grp_sp=0.017  n_imp=35776  n_red=1232
18:21:19 | INFO |     step 98400  loss=1.0948  grp_sp=0.033  n_imp=35160  n_red=1848
18:24:11 | INFO |     step 98600  loss=1.0968  grp_sp=0.033  n_imp=35160  n_red=1848
18:27:03 | INFO |     step 98800  loss=1.0956  grp_sp=0.033  n_imp=35160  n_red=1848
18:29:53 | INFO |     step 99000  loss=1.0969  grp_sp=0.033  n_imp=35160  n_red=1848
18:32:44 | INFO |     step 99200  loss=1.0992  grp_sp=0.033  n_imp=35160  n_red=1848
18:35:36 | INFO |     step 99400  loss=1.1006  grp_sp=0.033  n_imp=35160  n_red=1848
18:38:27 | INFO |     step 99600  loss=1.1013  grp_sp=0.033  n_imp=35160  n_red=1848
18:41:16 | INFO |     step 99800  loss=1.1020  grp_sp=0.033  n_imp=35160  n_red=1848
18:44:07 | INFO |     step 100000  loss=1.1015  grp_sp=0.033  n_imp=35160  n_red=1848
18:46:56 | INFO |     step 100200  loss=1.1027  grp_sp=0.033  n_imp=35160  n_red=1848
18:49:47 | INFO |     step 100400  loss=1.1017  grp_sp=0.033  n_imp=35160  n_red=1848
18:52:38 | INFO |     step 100600  loss=1.1006  grp_sp=0.033  n_imp=35160  n_red=1848
18:55:31 | INFO |     step 100800  loss=1.1004  grp_sp=0.033  n_imp=35160  n_red=1848
18:58:22 | INFO |     step 101000  loss=1.1002  grp_sp=0.033  n_imp=35160  n_red=1848
19:01:13 | INFO |     step 101200  loss=1.1011  grp_sp=0.033  n_imp=35160  n_red=1848
19:04:07 | INFO |     step 101400  loss=1.1008  grp_sp=0.033  n_imp=35160  n_red=1848
19:06:57 | INFO |     step 101600  loss=1.1012  grp_sp=0.033  n_imp=35160  n_red=1848
19:09:48 | INFO |     step 101800  loss=1.1012  grp_sp=0.033  n_imp=35160  n_red=1848
19:12:39 | INFO |     step 102000  loss=1.1014  grp_sp=0.033  n_imp=35160  n_red=1848
19:15:29 | INFO |     step 102200  loss=1.1013  grp_sp=0.033  n_imp=35160  n_red=1848
19:18:21 | INFO |     step 102400  loss=1.1026  grp_sp=0.033  n_imp=35160  n_red=1848
19:21:11 | INFO |     step 102600  loss=1.1028  grp_sp=0.033  n_imp=35160  n_red=1848
19:24:02 | INFO |     step 102800  loss=1.1040  grp_sp=0.033  n_imp=35160  n_red=1848
19:26:55 | INFO |     step 103000  loss=1.1046  grp_sp=0.033  n_imp=35160  n_red=1848
19:29:47 | INFO |     step 103200  loss=1.1051  grp_sp=0.033  n_imp=35160  n_red=1848
19:32:39 | INFO |     step 103400  loss=1.1062  grp_sp=0.033  n_imp=35160  n_red=1848
19:35:30 | INFO |     step 103600  loss=1.1056  grp_sp=0.033  n_imp=35160  n_red=1848
19:38:23 | INFO |     step 103800  loss=1.1047  grp_sp=0.033  n_imp=35160  n_red=1848
19:41:13 | INFO |     step 104000  loss=1.1056  grp_sp=0.033  n_imp=35160  n_red=1848
19:44:05 | INFO |     step 104200  loss=1.1052  grp_sp=0.033  n_imp=35160  n_red=1848
19:46:57 | INFO |     step 104400  loss=1.1045  grp_sp=0.033  n_imp=35160  n_red=1848
19:49:49 | INFO |     step 104600  loss=1.1039  grp_sp=0.033  n_imp=35160  n_red=1848
19:52:41 | INFO |     step 104800  loss=1.1037  grp_sp=0.033  n_imp=35160  n_red=1848
19:55:33 | INFO |     step 105000  loss=1.1041  grp_sp=0.033  n_imp=35160  n_red=1848
19:58:26 | INFO |     step 105200  loss=1.1034  grp_sp=0.033  n_imp=35160  n_red=1848
20:01:18 | INFO |     step 105400  loss=1.1045  grp_sp=0.033  n_imp=35160  n_red=1848
20:04:10 | INFO |     step 105600  loss=1.1049  grp_sp=0.033  n_imp=35160  n_red=1848
20:07:00 | INFO |     step 105800  loss=1.1058  grp_sp=0.033  n_imp=35160  n_red=1848
20:09:51 | INFO |     step 106000  loss=1.1062  grp_sp=0.033  n_imp=35160  n_red=1848
20:12:41 | INFO |     step 106200  loss=1.1082  grp_sp=0.033  n_imp=35160  n_red=1848
20:15:29 | INFO |     step 106400  loss=1.1091  grp_sp=0.033  n_imp=35160  n_red=1848
20:18:19 | INFO |     step 106600  loss=1.1094  grp_sp=0.033  n_imp=35160  n_red=1848
20:21:10 | INFO |     step 106800  loss=1.1089  grp_sp=0.033  n_imp=35160  n_red=1848
20:24:00 | INFO |     step 107000  loss=1.1094  grp_sp=0.033  n_imp=35160  n_red=1848
20:26:50 | INFO |     step 107200  loss=1.1095  grp_sp=0.033  n_imp=35160  n_red=1848
20:29:43 | INFO |     step 107400  loss=1.1093  grp_sp=0.033  n_imp=35160  n_red=1848
20:32:36 | INFO |     step 107600  loss=1.1099  grp_sp=0.033  n_imp=35160  n_red=1848
20:35:34 | INFO |     step 107800  loss=1.1103  grp_sp=0.033  n_imp=35160  n_red=1848
20:38:33 | INFO |     step 108000  loss=1.1108  grp_sp=0.033  n_imp=35160  n_red=1848
20:41:25 | INFO |     step 108200  loss=1.1110  grp_sp=0.033  n_imp=35160  n_red=1848
20:44:16 | INFO |     step 108400  loss=1.1116  grp_sp=0.033  n_imp=35160  n_red=1848
20:47:07 | INFO |     step 108600  loss=1.1117  grp_sp=0.033  n_imp=35160  n_red=1848
20:49:57 | INFO |     step 108800  loss=1.1121  grp_sp=0.033  n_imp=35160  n_red=1848
20:52:49 | INFO |     step 109000  loss=1.1122  grp_sp=0.033  n_imp=35160  n_red=1848
20:55:41 | INFO |     step 109200  loss=1.1117  grp_sp=0.033  n_imp=35160  n_red=1848
20:58:30 | INFO |     step 109400  loss=1.1117  grp_sp=0.033  n_imp=35160  n_red=1848
21:01:20 | INFO |     step 109600  loss=1.1118  grp_sp=0.033  n_imp=35160  n_red=1848
21:04:11 | INFO |     step 109800  loss=1.1121  grp_sp=0.033  n_imp=35160  n_red=1848
21:07:01 | INFO |     step 110000  loss=1.1121  grp_sp=0.033  n_imp=35160  n_red=1848
21:09:52 | INFO |     step 110200  loss=1.1116  grp_sp=0.033  n_imp=35160  n_red=1848
21:12:43 | INFO |     step 110400  loss=1.1111  grp_sp=0.033  n_imp=35160  n_red=1848
21:15:33 | INFO |     step 110600  loss=1.1115  grp_sp=0.033  n_imp=35160  n_red=1848
21:19:43 | INFO | [EPOCH 5/10] loss=1.1115  grp_sp=0.033  EM=67.22  F1=77.27  elapsed=1647.3min
21:21:47 | INFO |     step 110800  loss=0.9572  grp_sp=0.033  n_imp=35160  n_red=1848
21:24:36 | INFO |     step 111000  loss=0.9743  grp_sp=0.033  n_imp=35160  n_red=1848
21:27:23 | INFO |     step 111200  loss=0.9673  grp_sp=0.033  n_imp=35160  n_red=1848
21:30:12 | INFO |     step 111400  loss=0.9385  grp_sp=0.033  n_imp=35160  n_red=1848
21:33:50 | INFO |     step 111600  loss=0.9277  grp_sp=0.033  n_imp=35160  n_red=1848
21:36:26 | INFO |     step 111800  loss=0.9425  grp_sp=0.033  n_imp=35160  n_red=1848
21:39:16 | INFO |     step 112000  loss=0.9580  grp_sp=0.033  n_imp=35160  n_red=1848
21:42:07 | INFO |     step 112200  loss=0.9509  grp_sp=0.033  n_imp=35160  n_red=1848
21:44:57 | INFO |     step 112400  loss=0.9460  grp_sp=0.033  n_imp=35160  n_red=1848
21:47:48 | INFO |     step 112600  loss=0.9496  grp_sp=0.033  n_imp=35160  n_red=1848
21:50:38 | INFO |     step 112800  loss=0.9411  grp_sp=0.033  n_imp=35160  n_red=1848
21:53:28 | INFO |     step 113000  loss=0.9396  grp_sp=0.033  n_imp=35160  n_red=1848
21:56:18 | INFO |     step 113200  loss=0.9380  grp_sp=0.033  n_imp=35160  n_red=1848
21:59:08 | INFO |     step 113400  loss=0.9347  grp_sp=0.033  n_imp=35160  n_red=1848
22:01:58 | INFO |     step 113600  loss=0.9378  grp_sp=0.033  n_imp=35160  n_red=1848
22:04:48 | INFO |     step 113800  loss=0.9381  grp_sp=0.033  n_imp=35160  n_red=1848
22:07:38 | INFO |     step 114000  loss=0.9343  grp_sp=0.033  n_imp=35160  n_red=1848
22:10:28 | INFO |     step 114200  loss=0.9363  grp_sp=0.033  n_imp=35160  n_red=1848
22:13:19 | INFO |     step 114400  loss=0.9352  grp_sp=0.033  n_imp=35160  n_red=1848
22:16:09 | INFO |     step 114600  loss=0.9370  grp_sp=0.033  n_imp=35160  n_red=1848
22:18:59 | INFO |     step 114800  loss=0.9373  grp_sp=0.033  n_imp=35160  n_red=1848
22:21:50 | INFO |     step 115000  loss=0.9353  grp_sp=0.033  n_imp=35160  n_red=1848
22:24:40 | INFO |     step 115200  loss=0.9347  grp_sp=0.033  n_imp=35160  n_red=1848
22:27:30 | INFO |     step 115400  loss=0.9361  grp_sp=0.033  n_imp=35160  n_red=1848
22:30:21 | INFO |     step 115600  loss=0.9384  grp_sp=0.033  n_imp=35160  n_red=1848
22:33:12 | INFO |     step 115800  loss=0.9396  grp_sp=0.033  n_imp=35160  n_red=1848
22:36:02 | INFO |     step 116000  loss=0.9403  grp_sp=0.033  n_imp=35160  n_red=1848
22:38:53 | INFO |     step 116200  loss=0.9394  grp_sp=0.033  n_imp=35160  n_red=1848
22:41:43 | INFO |     step 116400  loss=0.9386  grp_sp=0.033  n_imp=35160  n_red=1848
22:44:34 | INFO |     step 116600  loss=0.9393  grp_sp=0.033  n_imp=35160  n_red=1848
22:47:25 | INFO |     step 116800  loss=0.9392  grp_sp=0.033  n_imp=35160  n_red=1848
22:50:16 | INFO |     step 117000  loss=0.9382  grp_sp=0.033  n_imp=35160  n_red=1848
22:53:07 | INFO |     step 117200  loss=0.9389  grp_sp=0.033  n_imp=35160  n_red=1848
22:55:58 | INFO |     step 117400  loss=0.9397  grp_sp=0.033  n_imp=35160  n_red=1848
22:58:49 | INFO |     step 117600  loss=0.9385  grp_sp=0.033  n_imp=35160  n_red=1848
23:01:41 | INFO |     step 117800  loss=0.9382  grp_sp=0.033  n_imp=35160  n_red=1848
23:04:33 | INFO |     step 118000  loss=0.9369  grp_sp=0.033  n_imp=35160  n_red=1848
23:07:24 | INFO |     step 118200  loss=0.9365  grp_sp=0.033  n_imp=35160  n_red=1848
23:10:16 | INFO |     step 118400  loss=0.9379  grp_sp=0.033  n_imp=35160  n_red=1848
23:13:08 | INFO |     step 118600  loss=0.9358  grp_sp=0.033  n_imp=35160  n_red=1848
23:15:59 | INFO |     step 118800  loss=0.9364  grp_sp=0.033  n_imp=35160  n_red=1848
23:18:51 | INFO |     step 119000  loss=0.9378  grp_sp=0.033  n_imp=35160  n_red=1848
23:21:43 | INFO |     step 119200  loss=0.9394  grp_sp=0.033  n_imp=35160  n_red=1848
23:24:35 | INFO |     step 119400  loss=0.9395  grp_sp=0.033  n_imp=35160  n_red=1848
23:27:26 | INFO |     step 119600  loss=0.9402  grp_sp=0.033  n_imp=35160  n_red=1848
23:30:17 | INFO |     step 119800  loss=0.9425  grp_sp=0.033  n_imp=35160  n_red=1848
23:33:09 | INFO |     step 120000  loss=0.9431  grp_sp=0.033  n_imp=35160  n_red=1848
23:36:00 | INFO |     step 120200  loss=0.9441  grp_sp=0.033  n_imp=35160  n_red=1848
23:38:51 | INFO |     step 120400  loss=0.9463  grp_sp=0.033  n_imp=35160  n_red=1848
23:41:42 | INFO |     step 120600  loss=0.9458  grp_sp=0.033  n_imp=35160  n_red=1848
23:44:33 | INFO |     step 120800  loss=0.9472  grp_sp=0.033  n_imp=35160  n_red=1848
23:47:25 | INFO |     step 121000  loss=0.9478  grp_sp=0.033  n_imp=35160  n_red=1848
23:50:16 | INFO |     step 121200  loss=0.9481  grp_sp=0.033  n_imp=35160  n_red=1848
23:53:07 | INFO |     step 121400  loss=0.9500  grp_sp=0.033  n_imp=35160  n_red=1848
23:55:58 | INFO |     step 121600  loss=0.9504  grp_sp=0.033  n_imp=35160  n_red=1848
23:58:50 | INFO |     step 121800  loss=0.9520  grp_sp=0.033  n_imp=35160  n_red=1848
00:01:41 | INFO |     step 122000  loss=0.9521  grp_sp=0.033  n_imp=35160  n_red=1848
00:04:33 | INFO |     step 122200  loss=0.9527  grp_sp=0.033  n_imp=35160  n_red=1848
00:07:25 | INFO |     step 122400  loss=0.9533  grp_sp=0.033  n_imp=35160  n_red=1848
00:10:16 | INFO |     step 122600  loss=0.9536  grp_sp=0.033  n_imp=35160  n_red=1848
00:13:06 | INFO |     step 122800  loss=0.9549  grp_sp=0.033  n_imp=35160  n_red=1848
00:15:58 | INFO |     step 123000  loss=0.9558  grp_sp=0.033  n_imp=35160  n_red=1848
00:18:49 | INFO |     step 123200  loss=0.9558  grp_sp=0.033  n_imp=35160  n_red=1848
00:21:38 | INFO |     step 123400  loss=0.9553  grp_sp=0.033  n_imp=35160  n_red=1848
00:24:29 | INFO |     step 123600  loss=0.9553  grp_sp=0.033  n_imp=35160  n_red=1848
00:27:21 | INFO |     step 123800  loss=0.9562  grp_sp=0.033  n_imp=35160  n_red=1848
00:30:13 | INFO |     step 124000  loss=0.9566  grp_sp=0.033  n_imp=35160  n_red=1848
00:33:04 | INFO |     step 124200  loss=0.9560  grp_sp=0.033  n_imp=35160  n_red=1848
00:35:55 | INFO |     step 124400  loss=0.9569  grp_sp=0.033  n_imp=35160  n_red=1848
00:38:44 | INFO |     step 124600  loss=0.9569  grp_sp=0.033  n_imp=35160  n_red=1848
00:41:34 | INFO |     step 124800  loss=0.9569  grp_sp=0.033  n_imp=35160  n_red=1848
00:44:47 | INFO |     step 125000  loss=0.9580  grp_sp=0.033  n_imp=35160  n_red=1848
00:49:30 | INFO |     step 125200  loss=0.9593  grp_sp=0.033  n_imp=35160  n_red=1848
00:54:12 | INFO |     step 125400  loss=0.9600  grp_sp=0.033  n_imp=35160  n_red=1848
00:58:52 | INFO |     step 125600  loss=0.9618  grp_sp=0.033  n_imp=35160  n_red=1848
01:03:35 | INFO |     step 125800  loss=0.9611  grp_sp=0.033  n_imp=35160  n_red=1848
01:08:18 | INFO |     step 126000  loss=0.9626  grp_sp=0.033  n_imp=35160  n_red=1848
01:13:00 | INFO |     step 126200  loss=0.9625  grp_sp=0.033  n_imp=35160  n_red=1848
01:17:33 | INFO |     step 126400  loss=0.9625  grp_sp=0.033  n_imp=35160  n_red=1848
01:22:15 | INFO |     step 126600  loss=0.9635  grp_sp=0.033  n_imp=35160  n_red=1848
01:26:56 | INFO |     step 126800  loss=0.9642  grp_sp=0.033  n_imp=35160  n_red=1848
01:31:36 | INFO |     step 127000  loss=0.9643  grp_sp=0.033  n_imp=35160  n_red=1848
01:36:18 | INFO |     step 127200  loss=0.9647  grp_sp=0.033  n_imp=35160  n_red=1848
01:40:56 | INFO |     step 127400  loss=0.9653  grp_sp=0.033  n_imp=35160  n_red=1848
01:45:31 | INFO |     step 127600  loss=0.9651  grp_sp=0.033  n_imp=35160  n_red=1848
01:50:10 | INFO |     step 127800  loss=0.9652  grp_sp=0.033  n_imp=35160  n_red=1848
01:54:49 | INFO |     step 128000  loss=0.9664  grp_sp=0.033  n_imp=35160  n_red=1848
01:59:28 | INFO |     step 128200  loss=0.9668  grp_sp=0.033  n_imp=35160  n_red=1848
02:04:07 | INFO |     step 128400  loss=0.9669  grp_sp=0.033  n_imp=35160  n_red=1848
02:08:46 | INFO |     step 128600  loss=0.9663  grp_sp=0.033  n_imp=35160  n_red=1848
02:13:24 | INFO |     step 128800  loss=0.9669  grp_sp=0.033  n_imp=35160  n_red=1848
02:18:02 | INFO |     step 129000  loss=0.9669  grp_sp=0.033  n_imp=35160  n_red=1848
02:22:39 | INFO |     step 129200  loss=0.9673  grp_sp=0.050  n_imp=34544  n_red=2464
02:27:09 | INFO |     step 129400  loss=0.9685  grp_sp=0.050  n_imp=34544  n_red=2464
02:31:52 | INFO |     step 129600  loss=0.9693  grp_sp=0.050  n_imp=34544  n_red=2464
02:36:34 | INFO |     step 129800  loss=0.9700  grp_sp=0.050  n_imp=34544  n_red=2464
02:41:08 | INFO |     step 130000  loss=0.9708  grp_sp=0.050  n_imp=34544  n_red=2464
02:45:53 | INFO |     step 130200  loss=0.9717  grp_sp=0.050  n_imp=34544  n_red=2464
02:50:33 | INFO |     step 130400  loss=0.9723  grp_sp=0.050  n_imp=34544  n_red=2464
02:55:14 | INFO |     step 130600  loss=0.9721  grp_sp=0.050  n_imp=34544  n_red=2464
02:59:56 | INFO |     step 130800  loss=0.9730  grp_sp=0.050  n_imp=34544  n_red=2464
03:04:38 | INFO |     step 131000  loss=0.9730  grp_sp=0.050  n_imp=34544  n_red=2464
03:09:22 | INFO |     step 131200  loss=0.9739  grp_sp=0.050  n_imp=34544  n_red=2464
03:14:12 | INFO |     step 131400  loss=0.9740  grp_sp=0.050  n_imp=34544  n_red=2464
03:18:14 | INFO |     step 131600  loss=0.9746  grp_sp=0.050  n_imp=34544  n_red=2464
03:21:06 | INFO |     step 131800  loss=0.9758  grp_sp=0.050  n_imp=34544  n_red=2464
03:24:03 | INFO |     step 132000  loss=0.9757  grp_sp=0.050  n_imp=34544  n_red=2464
03:26:59 | INFO |     step 132200  loss=0.9757  grp_sp=0.050  n_imp=34544  n_red=2464
03:29:53 | INFO |     step 132400  loss=0.9765  grp_sp=0.050  n_imp=34544  n_red=2464
03:32:46 | INFO |     step 132600  loss=0.9768  grp_sp=0.050  n_imp=34544  n_red=2464
03:38:56 | INFO | [EPOCH 6/10] loss=0.9770  grp_sp=0.050  EM=68.37  F1=77.84  elapsed=2026.4min
03:39:08 | INFO |     step 132800  loss=0.6672  grp_sp=0.050  n_imp=34544  n_red=2464
03:42:03 | INFO |     step 133000  loss=0.8427  grp_sp=0.050  n_imp=34544  n_red=2464
03:44:58 | INFO |     step 133200  loss=0.8716  grp_sp=0.050  n_imp=34544  n_red=2464
03:47:53 | INFO |     step 133400  loss=0.8540  grp_sp=0.050  n_imp=34544  n_red=2464
03:50:49 | INFO |     step 133600  loss=0.8442  grp_sp=0.050  n_imp=34544  n_red=2464
03:53:45 | INFO |     step 133800  loss=0.8355  grp_sp=0.050  n_imp=34544  n_red=2464
03:56:42 | INFO |     step 134000  loss=0.8269  grp_sp=0.050  n_imp=34544  n_red=2464
04:00:31 | INFO |     step 134200  loss=0.8270  grp_sp=0.050  n_imp=34544  n_red=2464
04:03:14 | INFO |     step 134400  loss=0.8217  grp_sp=0.050  n_imp=34544  n_red=2464
04:06:11 | INFO |     step 134600  loss=0.8239  grp_sp=0.050  n_imp=34544  n_red=2464
04:09:03 | INFO |     step 134800  loss=0.8211  grp_sp=0.050  n_imp=34544  n_red=2464
04:11:58 | INFO |     step 135000  loss=0.8257  grp_sp=0.050  n_imp=34544  n_red=2464
04:14:52 | INFO |     step 135200  loss=0.8226  grp_sp=0.050  n_imp=34544  n_red=2464
04:17:47 | INFO |     step 135400  loss=0.8190  grp_sp=0.050  n_imp=34544  n_red=2464
04:20:42 | INFO |     step 135600  loss=0.8187  grp_sp=0.050  n_imp=34544  n_red=2464
04:23:38 | INFO |     step 135800  loss=0.8183  grp_sp=0.050  n_imp=34544  n_red=2464
04:26:28 | INFO |     step 136000  loss=0.8155  grp_sp=0.050  n_imp=34544  n_red=2464
04:29:24 | INFO |     step 136200  loss=0.8146  grp_sp=0.050  n_imp=34544  n_red=2464
04:32:21 | INFO |     step 136400  loss=0.8148  grp_sp=0.050  n_imp=34544  n_red=2464
04:35:15 | INFO |     step 136600  loss=0.8172  grp_sp=0.050  n_imp=34544  n_red=2464
04:38:10 | INFO |     step 136800  loss=0.8211  grp_sp=0.050  n_imp=34544  n_red=2464
04:41:03 | INFO |     step 137000  loss=0.8189  grp_sp=0.050  n_imp=34544  n_red=2464
04:43:57 | INFO |     step 137200  loss=0.8181  grp_sp=0.050  n_imp=34544  n_red=2464
04:46:51 | INFO |     step 137400  loss=0.8190  grp_sp=0.050  n_imp=34544  n_red=2464
04:49:46 | INFO |     step 137600  loss=0.8178  grp_sp=0.050  n_imp=34544  n_red=2464
04:52:39 | INFO |     step 137800  loss=0.8200  grp_sp=0.050  n_imp=34544  n_red=2464
04:55:33 | INFO |     step 138000  loss=0.8217  grp_sp=0.050  n_imp=34544  n_red=2464
04:58:28 | INFO |     step 138200  loss=0.8208  grp_sp=0.050  n_imp=34544  n_red=2464
05:01:23 | INFO |     step 138400  loss=0.8223  grp_sp=0.050  n_imp=34544  n_red=2464
05:04:18 | INFO |     step 138600  loss=0.8237  grp_sp=0.050  n_imp=34544  n_red=2464
05:07:10 | INFO |     step 138800  loss=0.8275  grp_sp=0.050  n_imp=34544  n_red=2464
05:10:02 | INFO |     step 139000  loss=0.8278  grp_sp=0.050  n_imp=34544  n_red=2464
05:12:56 | INFO |     step 139200  loss=0.8290  grp_sp=0.050  n_imp=34544  n_red=2464
05:15:50 | INFO |     step 139400  loss=0.8312  grp_sp=0.050  n_imp=34544  n_red=2464
05:18:44 | INFO |     step 139600  loss=0.8310  grp_sp=0.050  n_imp=34544  n_red=2464
05:21:39 | INFO |     step 139800  loss=0.8318  grp_sp=0.050  n_imp=34544  n_red=2464
05:24:34 | INFO |     step 140000  loss=0.8331  grp_sp=0.050  n_imp=34544  n_red=2464
05:27:29 | INFO |     step 140200  loss=0.8342  grp_sp=0.050  n_imp=34544  n_red=2464
05:30:23 | INFO |     step 140400  loss=0.8367  grp_sp=0.050  n_imp=34544  n_red=2464
05:33:17 | INFO |     step 140600  loss=0.8376  grp_sp=0.050  n_imp=34544  n_red=2464
05:36:11 | INFO |     step 140800  loss=0.8395  grp_sp=0.050  n_imp=34544  n_red=2464
05:39:05 | INFO |     step 141000  loss=0.8405  grp_sp=0.050  n_imp=34544  n_red=2464
05:42:00 | INFO |     step 141200  loss=0.8437  grp_sp=0.050  n_imp=34544  n_red=2464
05:44:57 | INFO |     step 141400  loss=0.8431  grp_sp=0.050  n_imp=34544  n_red=2464
05:47:49 | INFO |     step 141600  loss=0.8447  grp_sp=0.050  n_imp=34544  n_red=2464
05:50:43 | INFO |     step 141800  loss=0.8455  grp_sp=0.050  n_imp=34544  n_red=2464
05:53:40 | INFO |     step 142000  loss=0.8448  grp_sp=0.050  n_imp=34544  n_red=2464
05:56:37 | INFO |     step 142200  loss=0.8464  grp_sp=0.050  n_imp=34544  n_red=2464
05:59:30 | INFO |     step 142400  loss=0.8465  grp_sp=0.050  n_imp=34544  n_red=2464
06:02:27 | INFO |     step 142600  loss=0.8486  grp_sp=0.050  n_imp=34544  n_red=2464
06:05:21 | INFO |     step 142800  loss=0.8487  grp_sp=0.050  n_imp=34544  n_red=2464
06:08:18 | INFO |     step 143000  loss=0.8500  grp_sp=0.050  n_imp=34544  n_red=2464
06:11:19 | INFO |     step 143200  loss=0.8506  grp_sp=0.050  n_imp=34544  n_red=2464
06:14:15 | INFO |     step 143400  loss=0.8504  grp_sp=0.050  n_imp=34544  n_red=2464
06:17:09 | INFO |     step 143600  loss=0.8516  grp_sp=0.050  n_imp=34544  n_red=2464
06:20:01 | INFO |     step 143800  loss=0.8504  grp_sp=0.050  n_imp=34544  n_red=2464
06:22:50 | INFO |     step 144000  loss=0.8498  grp_sp=0.050  n_imp=34544  n_red=2464
06:25:40 | INFO |     step 144200  loss=0.8508  grp_sp=0.050  n_imp=34544  n_red=2464
06:28:33 | INFO |     step 144400  loss=0.8498  grp_sp=0.050  n_imp=34544  n_red=2464
06:31:26 | INFO |     step 144600  loss=0.8505  grp_sp=0.050  n_imp=34544  n_red=2464
06:34:19 | INFO |     step 144800  loss=0.8506  grp_sp=0.050  n_imp=34544  n_red=2464
06:37:17 | INFO |     step 145000  loss=0.8518  grp_sp=0.050  n_imp=34544  n_red=2464
06:40:10 | INFO |     step 145200  loss=0.8524  grp_sp=0.050  n_imp=34544  n_red=2464
06:42:58 | INFO |     step 145400  loss=0.8527  grp_sp=0.050  n_imp=34544  n_red=2464
06:45:46 | INFO |     step 145600  loss=0.8523  grp_sp=0.050  n_imp=34544  n_red=2464
06:48:39 | INFO |     step 145800  loss=0.8526  grp_sp=0.050  n_imp=34544  n_red=2464
06:51:28 | INFO |     step 146000  loss=0.8539  grp_sp=0.050  n_imp=34544  n_red=2464
06:54:21 | INFO |     step 146200  loss=0.8544  grp_sp=0.050  n_imp=34544  n_red=2464
06:57:13 | INFO |     step 146400  loss=0.8553  grp_sp=0.050  n_imp=34544  n_red=2464
07:00:08 | INFO |     step 146600  loss=0.8561  grp_sp=0.050  n_imp=34544  n_red=2464
07:03:03 | INFO |     step 146800  loss=0.8558  grp_sp=0.050  n_imp=34544  n_red=2464
07:05:57 | INFO |     step 147000  loss=0.8565  grp_sp=0.050  n_imp=34544  n_red=2464
07:08:51 | INFO |     step 147200  loss=0.8562  grp_sp=0.050  n_imp=34544  n_red=2464
07:11:46 | INFO |     step 147400  loss=0.8563  grp_sp=0.050  n_imp=34544  n_red=2464
07:14:40 | INFO |     step 147600  loss=0.8570  grp_sp=0.050  n_imp=34544  n_red=2464
07:17:37 | INFO |     step 147800  loss=0.8577  grp_sp=0.050  n_imp=34544  n_red=2464
07:20:34 | INFO |     step 148000  loss=0.8591  grp_sp=0.050  n_imp=34544  n_red=2464
07:23:28 | INFO |     step 148200  loss=0.8594  grp_sp=0.050  n_imp=34544  n_red=2464
07:26:29 | INFO |     step 148400  loss=0.8592  grp_sp=0.050  n_imp=34544  n_red=2464
07:29:29 | INFO |     step 148600  loss=0.8596  grp_sp=0.050  n_imp=34544  n_red=2464
07:32:24 | INFO |     step 148800  loss=0.8609  grp_sp=0.050  n_imp=34544  n_red=2464
07:35:17 | INFO |     step 149000  loss=0.8607  grp_sp=0.050  n_imp=34544  n_red=2464
07:38:15 | INFO |     step 149200  loss=0.8603  grp_sp=0.050  n_imp=34544  n_red=2464
07:41:11 | INFO |     step 149400  loss=0.8602  grp_sp=0.050  n_imp=34544  n_red=2464
07:44:07 | INFO |     step 149600  loss=0.8598  grp_sp=0.050  n_imp=34544  n_red=2464
07:47:01 | INFO |     step 149800  loss=0.8600  grp_sp=0.050  n_imp=34544  n_red=2464
07:49:59 | INFO |     step 150000  loss=0.8602  grp_sp=0.050  n_imp=34544  n_red=2464
07:52:57 | INFO |     step 150200  loss=0.8607  grp_sp=0.050  n_imp=34544  n_red=2464
07:55:45 | INFO |     step 150400  loss=0.8622  grp_sp=0.050  n_imp=34544  n_red=2464
07:58:33 | INFO |     step 150600  loss=0.8628  grp_sp=0.050  n_imp=34544  n_red=2464
08:01:29 | INFO |     step 150800  loss=0.8628  grp_sp=0.050  n_imp=34544  n_red=2464
08:04:26 | INFO |     step 151000  loss=0.8633  grp_sp=0.050  n_imp=34544  n_red=2464
08:07:22 | INFO |     step 151200  loss=0.8636  grp_sp=0.050  n_imp=34544  n_red=2464
08:10:18 | INFO |     step 151400  loss=0.8647  grp_sp=0.050  n_imp=34544  n_red=2464
08:13:14 | INFO |     step 151600  loss=0.8643  grp_sp=0.050  n_imp=34544  n_red=2464
08:16:09 | INFO |     step 151800  loss=0.8641  grp_sp=0.050  n_imp=34544  n_red=2464
08:19:06 | INFO |     step 152000  loss=0.8643  grp_sp=0.050  n_imp=34544  n_red=2464
08:22:03 | INFO |     step 152200  loss=0.8647  grp_sp=0.050  n_imp=34544  n_red=2464
08:24:59 | INFO |     step 152400  loss=0.8652  grp_sp=0.050  n_imp=34544  n_red=2464
08:27:57 | INFO |     step 152600  loss=0.8649  grp_sp=0.050  n_imp=34544  n_red=2464
08:30:48 | INFO |     step 152800  loss=0.8654  grp_sp=0.050  n_imp=34544  n_red=2464
08:33:39 | INFO |     step 153000  loss=0.8652  grp_sp=0.050  n_imp=34544  n_red=2464
08:36:31 | INFO |     step 153200  loss=0.8656  grp_sp=0.050  n_imp=34544  n_red=2464
08:39:22 | INFO |     step 153400  loss=0.8656  grp_sp=0.050  n_imp=34544  n_red=2464
08:42:12 | INFO |     step 153600  loss=0.8668  grp_sp=0.050  n_imp=34544  n_red=2464
08:45:03 | INFO |     step 153800  loss=0.8671  grp_sp=0.050  n_imp=34544  n_red=2464
08:47:53 | INFO |     step 154000  loss=0.8677  grp_sp=0.050  n_imp=34544  n_red=2464
08:50:45 | INFO |     step 154200  loss=0.8682  grp_sp=0.050  n_imp=34544  n_red=2464
08:53:35 | INFO |     step 154400  loss=0.8686  grp_sp=0.050  n_imp=34544  n_red=2464
08:56:25 | INFO |     step 154600  loss=0.8693  grp_sp=0.050  n_imp=34544  n_red=2464
08:59:15 | INFO |     step 154800  loss=0.8701  grp_sp=0.050  n_imp=34544  n_red=2464
09:04:16 | INFO | [EPOCH 7/10] loss=0.8702  grp_sp=0.050  EM=68.46  F1=78.25  elapsed=2351.8min
09:05:27 | INFO |     step 155000  loss=0.7085  grp_sp=0.050  n_imp=34544  n_red=2464
09:08:18 | INFO |     step 155200  loss=0.6950  grp_sp=0.050  n_imp=34544  n_red=2464
09:11:10 | INFO |     step 155400  loss=0.6972  grp_sp=0.050  n_imp=34544  n_red=2464
09:14:01 | INFO |     step 155600  loss=0.6889  grp_sp=0.050  n_imp=34544  n_red=2464
09:16:53 | INFO |     step 155800  loss=0.6895  grp_sp=0.050  n_imp=34544  n_red=2464
09:19:45 | INFO |     step 156000  loss=0.7015  grp_sp=0.050  n_imp=34544  n_red=2464
09:22:36 | INFO |     step 156200  loss=0.7036  grp_sp=0.050  n_imp=34544  n_red=2464
09:25:27 | INFO |     step 156400  loss=0.7042  grp_sp=0.050  n_imp=34544  n_red=2464
09:28:19 | INFO |     step 156600  loss=0.7075  grp_sp=0.050  n_imp=34544  n_red=2464
09:31:10 | INFO |     step 156800  loss=0.7161  grp_sp=0.050  n_imp=34544  n_red=2464
09:34:45 | INFO |     step 157000  loss=0.7179  grp_sp=0.050  n_imp=34544  n_red=2464
09:37:26 | INFO |     step 157200  loss=0.7203  grp_sp=0.050  n_imp=34544  n_red=2464
09:40:17 | INFO |     step 157400  loss=0.7224  grp_sp=0.050  n_imp=34544  n_red=2464
09:43:09 | INFO |     step 157600  loss=0.7167  grp_sp=0.050  n_imp=34544  n_red=2464
09:46:00 | INFO |     step 157800  loss=0.7181  grp_sp=0.050  n_imp=34544  n_red=2464
09:48:51 | INFO |     step 158000  loss=0.7221  grp_sp=0.050  n_imp=34544  n_red=2464
09:51:43 | INFO |     step 158200  loss=0.7262  grp_sp=0.050  n_imp=34544  n_red=2464
09:54:36 | INFO |     step 158400  loss=0.7236  grp_sp=0.050  n_imp=34544  n_red=2464
09:57:27 | INFO |     step 158600  loss=0.7241  grp_sp=0.050  n_imp=34544  n_red=2464
10:00:18 | INFO |     step 158800  loss=0.7201  grp_sp=0.050  n_imp=34544  n_red=2464
10:03:10 | INFO |     step 159000  loss=0.7221  grp_sp=0.050  n_imp=34544  n_red=2464
10:06:03 | INFO |     step 159200  loss=0.7230  grp_sp=0.050  n_imp=34544  n_red=2464
10:08:55 | INFO |     step 159400  loss=0.7230  grp_sp=0.050  n_imp=34544  n_red=2464
10:11:48 | INFO |     step 159600  loss=0.7223  grp_sp=0.050  n_imp=34544  n_red=2464
10:14:42 | INFO |     step 159800  loss=0.7213  grp_sp=0.050  n_imp=34544  n_red=2464
10:17:35 | INFO |     step 160000  loss=0.7217  grp_sp=0.067  n_imp=33928  n_red=3080
10:20:28 | INFO |     step 160200  loss=0.7215  grp_sp=0.067  n_imp=33928  n_red=3080
10:23:22 | INFO |     step 160400  loss=0.7252  grp_sp=0.067  n_imp=33928  n_red=3080
10:26:16 | INFO |     step 160600  loss=0.7276  grp_sp=0.067  n_imp=33928  n_red=3080
10:29:10 | INFO |     step 160800  loss=0.7292  grp_sp=0.067  n_imp=33928  n_red=3080
10:32:03 | INFO |     step 161000  loss=0.7290  grp_sp=0.067  n_imp=33928  n_red=3080
10:34:55 | INFO |     step 161200  loss=0.7301  grp_sp=0.067  n_imp=33928  n_red=3080
10:37:49 | INFO |     step 161400  loss=0.7316  grp_sp=0.067  n_imp=33928  n_red=3080
10:40:42 | INFO |     step 161600  loss=0.7332  grp_sp=0.067  n_imp=33928  n_red=3080
10:43:34 | INFO |     step 161800  loss=0.7343  grp_sp=0.067  n_imp=33928  n_red=3080
10:46:26 | INFO |     step 162000  loss=0.7353  grp_sp=0.067  n_imp=33928  n_red=3080
10:49:17 | INFO |     step 162200  loss=0.7339  grp_sp=0.067  n_imp=33928  n_red=3080
10:52:09 | INFO |     step 162400  loss=0.7347  grp_sp=0.067  n_imp=33928  n_red=3080
10:55:03 | INFO |     step 162600  loss=0.7367  grp_sp=0.067  n_imp=33928  n_red=3080
10:57:57 | INFO |     step 162800  loss=0.7380  grp_sp=0.067  n_imp=33928  n_red=3080
11:00:49 | INFO |     step 163000  loss=0.7399  grp_sp=0.067  n_imp=33928  n_red=3080
11:03:42 | INFO |     step 163200  loss=0.7405  grp_sp=0.067  n_imp=33928  n_red=3080
11:06:36 | INFO |     step 163400  loss=0.7406  grp_sp=0.067  n_imp=33928  n_red=3080
11:09:29 | INFO |     step 163600  loss=0.7401  grp_sp=0.067  n_imp=33928  n_red=3080
11:12:23 | INFO |     step 163800  loss=0.7414  grp_sp=0.067  n_imp=33928  n_red=3080
11:15:16 | INFO |     step 164000  loss=0.7408  grp_sp=0.067  n_imp=33928  n_red=3080
11:18:09 | INFO |     step 164200  loss=0.7407  grp_sp=0.067  n_imp=33928  n_red=3080
11:21:02 | INFO |     step 164400  loss=0.7416  grp_sp=0.067  n_imp=33928  n_red=3080
11:23:54 | INFO |     step 164600  loss=0.7427  grp_sp=0.067  n_imp=33928  n_red=3080
11:26:46 | INFO |     step 164800  loss=0.7453  grp_sp=0.067  n_imp=33928  n_red=3080
11:29:38 | INFO |     step 165000  loss=0.7460  grp_sp=0.067  n_imp=33928  n_red=3080
11:32:29 | INFO |     step 165200  loss=0.7458  grp_sp=0.067  n_imp=33928  n_red=3080
11:35:21 | INFO |     step 165400  loss=0.7474  grp_sp=0.067  n_imp=33928  n_red=3080
11:38:12 | INFO |     step 165600  loss=0.7480  grp_sp=0.067  n_imp=33928  n_red=3080
11:41:03 | INFO |     step 165800  loss=0.7488  grp_sp=0.067  n_imp=33928  n_red=3080
11:43:55 | INFO |     step 166000  loss=0.7497  grp_sp=0.067  n_imp=33928  n_red=3080
11:46:46 | INFO |     step 166200  loss=0.7510  grp_sp=0.067  n_imp=33928  n_red=3080
11:49:37 | INFO |     step 166400  loss=0.7507  grp_sp=0.067  n_imp=33928  n_red=3080
11:52:29 | INFO |     step 166600  loss=0.7529  grp_sp=0.067  n_imp=33928  n_red=3080
11:55:20 | INFO |     step 166800  loss=0.7526  grp_sp=0.067  n_imp=33928  n_red=3080
11:58:12 | INFO |     step 167000  loss=0.7535  grp_sp=0.067  n_imp=33928  n_red=3080
12:01:04 | INFO |     step 167200  loss=0.7534  grp_sp=0.067  n_imp=33928  n_red=3080
12:03:55 | INFO |     step 167400  loss=0.7529  grp_sp=0.067  n_imp=33928  n_red=3080
12:06:47 | INFO |     step 167600  loss=0.7541  grp_sp=0.067  n_imp=33928  n_red=3080
12:09:38 | INFO |     step 167800  loss=0.7544  grp_sp=0.067  n_imp=33928  n_red=3080
12:12:27 | INFO |     step 168000  loss=0.7552  grp_sp=0.067  n_imp=33928  n_red=3080
12:15:18 | INFO |     step 168200  loss=0.7549  grp_sp=0.067  n_imp=33928  n_red=3080
12:18:09 | INFO |     step 168400  loss=0.7552  grp_sp=0.067  n_imp=33928  n_red=3080
12:21:01 | INFO |     step 168600  loss=0.7563  grp_sp=0.067  n_imp=33928  n_red=3080
12:23:52 | INFO |     step 168800  loss=0.7562  grp_sp=0.067  n_imp=33928  n_red=3080
12:26:44 | INFO |     step 169000  loss=0.7563  grp_sp=0.067  n_imp=33928  n_red=3080
12:29:35 | INFO |     step 169200  loss=0.7560  grp_sp=0.067  n_imp=33928  n_red=3080
12:32:26 | INFO |     step 169400  loss=0.7556  grp_sp=0.067  n_imp=33928  n_red=3080
12:35:16 | INFO |     step 169600  loss=0.7566  grp_sp=0.067  n_imp=33928  n_red=3080
12:38:06 | INFO |     step 169800  loss=0.7568  grp_sp=0.067  n_imp=33928  n_red=3080
12:40:56 | INFO |     step 170000  loss=0.7579  grp_sp=0.067  n_imp=33928  n_red=3080
12:43:47 | INFO |     step 170200  loss=0.7585  grp_sp=0.067  n_imp=33928  n_red=3080
12:46:37 | INFO |     step 170400  loss=0.7587  grp_sp=0.067  n_imp=33928  n_red=3080
12:49:27 | INFO |     step 170600  loss=0.7594  grp_sp=0.067  n_imp=33928  n_red=3080
12:52:19 | INFO |     step 170800  loss=0.7600  grp_sp=0.067  n_imp=33928  n_red=3080
12:55:12 | INFO |     step 171000  loss=0.7611  grp_sp=0.067  n_imp=33928  n_red=3080
12:58:04 | INFO |     step 171200  loss=0.7618  grp_sp=0.067  n_imp=33928  n_red=3080
13:00:56 | INFO |     step 171400  loss=0.7618  grp_sp=0.067  n_imp=33928  n_red=3080
13:03:48 | INFO |     step 171600  loss=0.7624  grp_sp=0.067  n_imp=33928  n_red=3080
13:06:41 | INFO |     step 171800  loss=0.7629  grp_sp=0.067  n_imp=33928  n_red=3080
13:09:34 | INFO |     step 172000  loss=0.7631  grp_sp=0.067  n_imp=33928  n_red=3080
13:12:27 | INFO |     step 172200  loss=0.7641  grp_sp=0.067  n_imp=33928  n_red=3080
13:15:19 | INFO |     step 172400  loss=0.7642  grp_sp=0.067  n_imp=33928  n_red=3080
13:18:13 | INFO |     step 172600  loss=0.7648  grp_sp=0.067  n_imp=33928  n_red=3080
13:21:05 | INFO |     step 172800  loss=0.7644  grp_sp=0.067  n_imp=33928  n_red=3080
13:23:58 | INFO |     step 173000  loss=0.7656  grp_sp=0.067  n_imp=33928  n_red=3080
13:26:50 | INFO |     step 173200  loss=0.7661  grp_sp=0.067  n_imp=33928  n_red=3080
13:29:42 | INFO |     step 173400  loss=0.7664  grp_sp=0.067  n_imp=33928  n_red=3080
13:32:34 | INFO |     step 173600  loss=0.7657  grp_sp=0.067  n_imp=33928  n_red=3080
13:35:27 | INFO |     step 173800  loss=0.7659  grp_sp=0.067  n_imp=33928  n_red=3080
13:38:19 | INFO |     step 174000  loss=0.7663  grp_sp=0.067  n_imp=33928  n_red=3080
13:41:12 | INFO |     step 174200  loss=0.7667  grp_sp=0.067  n_imp=33928  n_red=3080
13:44:04 | INFO |     step 174400  loss=0.7672  grp_sp=0.067  n_imp=33928  n_red=3080
13:46:57 | INFO |     step 174600  loss=0.7677  grp_sp=0.067  n_imp=33928  n_red=3080
13:49:49 | INFO |     step 174800  loss=0.7683  grp_sp=0.067  n_imp=33928  n_red=3080
13:52:41 | INFO |     step 175000  loss=0.7681  grp_sp=0.067  n_imp=33928  n_red=3080
13:55:33 | INFO |     step 175200  loss=0.7681  grp_sp=0.067  n_imp=33928  n_red=3080
13:58:25 | INFO |     step 175400  loss=0.7687  grp_sp=0.067  n_imp=33928  n_red=3080
14:01:18 | INFO |     step 175600  loss=0.7687  grp_sp=0.067  n_imp=33928  n_red=3080
14:04:10 | INFO |     step 175800  loss=0.7696  grp_sp=0.067  n_imp=33928  n_red=3080
14:07:02 | INFO |     step 176000  loss=0.7696  grp_sp=0.067  n_imp=33928  n_red=3080
14:09:53 | INFO |     step 176200  loss=0.7710  grp_sp=0.067  n_imp=33928  n_red=3080
14:12:44 | INFO |     step 176400  loss=0.7714  grp_sp=0.067  n_imp=33928  n_red=3080
14:15:36 | INFO |     step 176600  loss=0.7715  grp_sp=0.067  n_imp=33928  n_red=3080
14:18:25 | INFO |     step 176800  loss=0.7725  grp_sp=0.067  n_imp=33928  n_red=3080
14:21:16 | INFO |     step 177000  loss=0.7731  grp_sp=0.067  n_imp=33928  n_red=3080
14:25:21 | INFO | [EPOCH 8/10] loss=0.7733  grp_sp=0.067  EM=65.83  F1=77.92  elapsed=2672.9min
14:27:31 | INFO |     step 177200  loss=0.6211  grp_sp=0.067  n_imp=33928  n_red=3080
14:30:22 | INFO |     step 177400  loss=0.6083  grp_sp=0.067  n_imp=33928  n_red=3080
14:33:11 | INFO |     step 177600  loss=0.5806  grp_sp=0.067  n_imp=33928  n_red=3080
14:36:01 | INFO |     step 177800  loss=0.6007  grp_sp=0.067  n_imp=33928  n_red=3080
14:38:52 | INFO |     step 178000  loss=0.6039  grp_sp=0.067  n_imp=33928  n_red=3080
14:41:42 | INFO |     step 178200  loss=0.6050  grp_sp=0.067  n_imp=33928  n_red=3080
14:44:32 | INFO |     step 178400  loss=0.6103  grp_sp=0.067  n_imp=33928  n_red=3080
14:47:23 | INFO |     step 178600  loss=0.6082  grp_sp=0.067  n_imp=33928  n_red=3080
14:50:13 | INFO |     step 178800  loss=0.6125  grp_sp=0.067  n_imp=33928  n_red=3080
14:53:04 | INFO |     step 179000  loss=0.6122  grp_sp=0.067  n_imp=33928  n_red=3080
14:55:55 | INFO |     step 179200  loss=0.6112  grp_sp=0.067  n_imp=33928  n_red=3080
14:59:06 | INFO |     step 179400  loss=0.6134  grp_sp=0.067  n_imp=33928  n_red=3080
15:02:08 | INFO |     step 179600  loss=0.6182  grp_sp=0.067  n_imp=33928  n_red=3080
15:04:58 | INFO |     step 179800  loss=0.6231  grp_sp=0.067  n_imp=33928  n_red=3080
15:07:49 | INFO |     step 180000  loss=0.6192  grp_sp=0.067  n_imp=33928  n_red=3080
15:10:40 | INFO |     step 180200  loss=0.6245  grp_sp=0.067  n_imp=33928  n_red=3080
15:13:30 | INFO |     step 180400  loss=0.6242  grp_sp=0.067  n_imp=33928  n_red=3080
15:16:21 | INFO |     step 180600  loss=0.6223  grp_sp=0.067  n_imp=33928  n_red=3080
15:19:12 | INFO |     step 180800  loss=0.6235  grp_sp=0.067  n_imp=33928  n_red=3080
15:22:03 | INFO |     step 181000  loss=0.6236  grp_sp=0.067  n_imp=33928  n_red=3080
15:24:54 | INFO |     step 181200  loss=0.6267  grp_sp=0.067  n_imp=33928  n_red=3080
15:27:46 | INFO |     step 181400  loss=0.6262  grp_sp=0.067  n_imp=33928  n_red=3080
15:30:36 | INFO |     step 181600  loss=0.6255  grp_sp=0.067  n_imp=33928  n_red=3080
15:33:27 | INFO |     step 181800  loss=0.6252  grp_sp=0.067  n_imp=33928  n_red=3080
15:36:17 | INFO |     step 182000  loss=0.6246  grp_sp=0.067  n_imp=33928  n_red=3080
15:39:08 | INFO |     step 182200  loss=0.6264  grp_sp=0.067  n_imp=33928  n_red=3080
15:41:59 | INFO |     step 182400  loss=0.6257  grp_sp=0.067  n_imp=33928  n_red=3080
15:44:50 | INFO |     step 182600  loss=0.6270  grp_sp=0.067  n_imp=33928  n_red=3080
15:47:40 | INFO |     step 182800  loss=0.6305  grp_sp=0.067  n_imp=33928  n_red=3080
15:50:31 | INFO |     step 183000  loss=0.6316  grp_sp=0.067  n_imp=33928  n_red=3080
15:53:22 | INFO |     step 183200  loss=0.6323  grp_sp=0.067  n_imp=33928  n_red=3080
15:56:12 | INFO |     step 183400  loss=0.6339  grp_sp=0.067  n_imp=33928  n_red=3080
15:59:02 | INFO |     step 183600  loss=0.6354  grp_sp=0.067  n_imp=33928  n_red=3080
16:01:53 | INFO |     step 183800  loss=0.6350  grp_sp=0.067  n_imp=33928  n_red=3080
16:04:45 | INFO |     step 184000  loss=0.6349  grp_sp=0.067  n_imp=33928  n_red=3080
16:07:36 | INFO |     step 184200  loss=0.6371  grp_sp=0.067  n_imp=33928  n_red=3080
16:10:27 | INFO |     step 184400  loss=0.6365  grp_sp=0.067  n_imp=33928  n_red=3080
16:13:19 | INFO |     step 184600  loss=0.6379  grp_sp=0.067  n_imp=33928  n_red=3080
16:16:10 | INFO |     step 184800  loss=0.6401  grp_sp=0.067  n_imp=33928  n_red=3080
16:19:00 | INFO |     step 185000  loss=0.6407  grp_sp=0.067  n_imp=33928  n_red=3080
16:21:52 | INFO |     step 185200  loss=0.6397  grp_sp=0.067  n_imp=33928  n_red=3080
16:24:42 | INFO |     step 185400  loss=0.6414  grp_sp=0.067  n_imp=33928  n_red=3080
16:27:34 | INFO |     step 185600  loss=0.6432  grp_sp=0.067  n_imp=33928  n_red=3080
16:30:26 | INFO |     step 185800  loss=0.6440  grp_sp=0.067  n_imp=33928  n_red=3080
16:33:16 | INFO |     step 186000  loss=0.6446  grp_sp=0.067  n_imp=33928  n_red=3080
16:36:07 | INFO |     step 186200  loss=0.6467  grp_sp=0.067  n_imp=33928  n_red=3080
16:38:57 | INFO |     step 186400  loss=0.6476  grp_sp=0.067  n_imp=33928  n_red=3080
16:41:47 | INFO |     step 186600  loss=0.6479  grp_sp=0.067  n_imp=33928  n_red=3080
16:44:36 | INFO |     step 186800  loss=0.6485  grp_sp=0.067  n_imp=33928  n_red=3080
16:47:26 | INFO |     step 187000  loss=0.6481  grp_sp=0.067  n_imp=33928  n_red=3080
16:50:16 | INFO |     step 187200  loss=0.6486  grp_sp=0.067  n_imp=33928  n_red=3080
16:53:06 | INFO |     step 187400  loss=0.6485  grp_sp=0.067  n_imp=33928  n_red=3080
16:55:56 | INFO |     step 187600  loss=0.6496  grp_sp=0.067  n_imp=33928  n_red=3080
16:58:46 | INFO |     step 187800  loss=0.6501  grp_sp=0.067  n_imp=33928  n_red=3080
17:01:39 | INFO |     step 188000  loss=0.6516  grp_sp=0.067  n_imp=33928  n_red=3080
17:04:34 | INFO |     step 188200  loss=0.6531  grp_sp=0.067  n_imp=33928  n_red=3080
17:07:25 | INFO |     step 188400  loss=0.6540  grp_sp=0.067  n_imp=33928  n_red=3080
17:10:12 | INFO |     step 188600  loss=0.6559  grp_sp=0.067  n_imp=33928  n_red=3080
17:13:01 | INFO |     step 188800  loss=0.6552  grp_sp=0.067  n_imp=33928  n_red=3080
17:15:48 | INFO |     step 189000  loss=0.6558  grp_sp=0.067  n_imp=33928  n_red=3080
17:18:38 | INFO |     step 189200  loss=0.6570  grp_sp=0.067  n_imp=33928  n_red=3080
17:21:26 | INFO |     step 189400  loss=0.6576  grp_sp=0.067  n_imp=33928  n_red=3080
17:24:14 | INFO |     step 189600  loss=0.6593  grp_sp=0.067  n_imp=33928  n_red=3080
17:27:00 | INFO |     step 189800  loss=0.6602  grp_sp=0.067  n_imp=33928  n_red=3080
17:29:48 | INFO |     step 190000  loss=0.6619  grp_sp=0.067  n_imp=33928  n_red=3080
17:32:37 | INFO |     step 190200  loss=0.6620  grp_sp=0.067  n_imp=33928  n_red=3080
17:35:26 | INFO |     step 190400  loss=0.6626  grp_sp=0.067  n_imp=33928  n_red=3080
17:38:15 | INFO |     step 190600  loss=0.6637  grp_sp=0.083  n_imp=33308  n_red=3700
17:41:04 | INFO |     step 190800  loss=0.6644  grp_sp=0.083  n_imp=33308  n_red=3700
17:43:55 | INFO |     step 191000  loss=0.6651  grp_sp=0.083  n_imp=33308  n_red=3700
17:46:48 | INFO |     step 191200  loss=0.6654  grp_sp=0.083  n_imp=33308  n_red=3700
17:49:36 | INFO |     step 191400  loss=0.6672  grp_sp=0.083  n_imp=33308  n_red=3700
17:52:22 | INFO |     step 191600  loss=0.6686  grp_sp=0.083  n_imp=33308  n_red=3700
17:55:08 | INFO |     step 191800  loss=0.6698  grp_sp=0.083  n_imp=33308  n_red=3700
17:58:00 | INFO |     step 192000  loss=0.6701  grp_sp=0.083  n_imp=33308  n_red=3700
18:00:53 | INFO |     step 192200  loss=0.6707  grp_sp=0.083  n_imp=33308  n_red=3700
18:03:46 | INFO |     step 192400  loss=0.6712  grp_sp=0.083  n_imp=33308  n_red=3700
18:06:38 | INFO |     step 192600  loss=0.6718  grp_sp=0.083  n_imp=33308  n_red=3700
18:09:33 | INFO |     step 192800  loss=0.6732  grp_sp=0.083  n_imp=33308  n_red=3700
18:12:30 | INFO |     step 193000  loss=0.6736  grp_sp=0.083  n_imp=33308  n_red=3700
18:15:23 | INFO |     step 193200  loss=0.6738  grp_sp=0.083  n_imp=33308  n_red=3700
18:18:17 | INFO |     step 193400  loss=0.6744  grp_sp=0.083  n_imp=33308  n_red=3700
18:21:09 | INFO |     step 193600  loss=0.6746  grp_sp=0.083  n_imp=33308  n_red=3700
18:24:01 | INFO |     step 193800  loss=0.6754  grp_sp=0.083  n_imp=33308  n_red=3700
18:26:49 | INFO |     step 194000  loss=0.6760  grp_sp=0.083  n_imp=33308  n_red=3700
18:29:38 | INFO |     step 194200  loss=0.6760  grp_sp=0.083  n_imp=33308  n_red=3700
18:32:29 | INFO |     step 194400  loss=0.6767  grp_sp=0.083  n_imp=33308  n_red=3700
18:35:21 | INFO |     step 194600  loss=0.6771  grp_sp=0.083  n_imp=33308  n_red=3700
18:38:11 | INFO |     step 194800  loss=0.6774  grp_sp=0.083  n_imp=33308  n_red=3700
18:41:03 | INFO |     step 195000  loss=0.6787  grp_sp=0.083  n_imp=33308  n_red=3700
18:43:55 | INFO |     step 195200  loss=0.6797  grp_sp=0.083  n_imp=33308  n_red=3700
18:46:46 | INFO |     step 195400  loss=0.6802  grp_sp=0.083  n_imp=33308  n_red=3700
18:49:35 | INFO |     step 195600  loss=0.6803  grp_sp=0.083  n_imp=33308  n_red=3700
18:52:22 | INFO |     step 195800  loss=0.6813  grp_sp=0.083  n_imp=33308  n_red=3700
18:55:16 | INFO |     step 196000  loss=0.6816  grp_sp=0.083  n_imp=33308  n_red=3700
18:58:09 | INFO |     step 196200  loss=0.6811  grp_sp=0.083  n_imp=33308  n_red=3700
19:00:59 | INFO |     step 196400  loss=0.6823  grp_sp=0.083  n_imp=33308  n_red=3700
19:03:51 | INFO |     step 196600  loss=0.6829  grp_sp=0.083  n_imp=33308  n_red=3700
19:06:43 | INFO |     step 196800  loss=0.6831  grp_sp=0.083  n_imp=33308  n_red=3700
19:09:33 | INFO |     step 197000  loss=0.6838  grp_sp=0.083  n_imp=33308  n_red=3700
19:12:25 | INFO |     step 197200  loss=0.6845  grp_sp=0.083  n_imp=33308  n_red=3700
19:15:14 | INFO |     step 197400  loss=0.6850  grp_sp=0.083  n_imp=33308  n_red=3700
19:18:05 | INFO |     step 197600  loss=0.6851  grp_sp=0.083  n_imp=33308  n_red=3700
19:20:55 | INFO |     step 197800  loss=0.6853  grp_sp=0.083  n_imp=33308  n_red=3700
19:23:44 | INFO |     step 198000  loss=0.6863  grp_sp=0.083  n_imp=33308  n_red=3700
19:26:32 | INFO |     step 198200  loss=0.6869  grp_sp=0.083  n_imp=33308  n_red=3700
19:29:21 | INFO |     step 198400  loss=0.6870  grp_sp=0.083  n_imp=33308  n_red=3700
19:32:12 | INFO |     step 198600  loss=0.6880  grp_sp=0.083  n_imp=33308  n_red=3700
19:35:00 | INFO |     step 198800  loss=0.6885  grp_sp=0.083  n_imp=33308  n_red=3700
19:37:52 | INFO |     step 199000  loss=0.6889  grp_sp=0.083  n_imp=33308  n_red=3700
19:43:49 | INFO | [EPOCH 9/10] loss=0.6896  grp_sp=0.083  EM=68.26  F1=78.26  elapsed=2991.4min
19:44:07 | INFO |     step 199200  loss=0.4667  grp_sp=0.083  n_imp=33308  n_red=3700
19:46:59 | INFO |     step 199400  loss=0.5320  grp_sp=0.083  n_imp=33308  n_red=3700
19:49:52 | INFO |     step 199600  loss=0.5202  grp_sp=0.083  n_imp=33308  n_red=3700
19:52:45 | INFO |     step 199800  loss=0.5475  grp_sp=0.083  n_imp=33308  n_red=3700
19:55:37 | INFO |     step 200000  loss=0.5437  grp_sp=0.083  n_imp=33308  n_red=3700
19:58:28 | INFO |     step 200200  loss=0.5422  grp_sp=0.083  n_imp=33308  n_red=3700
20:01:21 | INFO |     step 200400  loss=0.5540  grp_sp=0.083  n_imp=33308  n_red=3700
20:04:15 | INFO |     step 200600  loss=0.5548  grp_sp=0.083  n_imp=33308  n_red=3700
20:07:07 | INFO |     step 200800  loss=0.5485  grp_sp=0.083  n_imp=33308  n_red=3700
20:09:59 | INFO |     step 201000  loss=0.5458  grp_sp=0.083  n_imp=33308  n_red=3700
20:12:47 | INFO |     step 201200  loss=0.5505  grp_sp=0.083  n_imp=33308  n_red=3700
20:15:38 | INFO |     step 201400  loss=0.5507  grp_sp=0.083  n_imp=33308  n_red=3700
20:18:31 | INFO |     step 201600  loss=0.5516  grp_sp=0.083  n_imp=33308  n_red=3700
20:21:22 | INFO |     step 201800  loss=0.5540  grp_sp=0.083  n_imp=33308  n_red=3700
20:24:15 | INFO |     step 202000  loss=0.5545  grp_sp=0.083  n_imp=33308  n_red=3700
20:27:04 | INFO |     step 202200  loss=0.5550  grp_sp=0.083  n_imp=33308  n_red=3700
20:30:36 | INFO |     step 202400  loss=0.5563  grp_sp=0.083  n_imp=33308  n_red=3700
20:33:14 | INFO |     step 202600  loss=0.5542  grp_sp=0.083  n_imp=33308  n_red=3700
20:36:05 | INFO |     step 202800  loss=0.5532  grp_sp=0.083  n_imp=33308  n_red=3700
20:38:54 | INFO |     step 203000  loss=0.5548  grp_sp=0.083  n_imp=33308  n_red=3700
20:41:46 | INFO |     step 203200  loss=0.5550  grp_sp=0.083  n_imp=33308  n_red=3700
20:44:38 | INFO |     step 203400  loss=0.5550  grp_sp=0.083  n_imp=33308  n_red=3700
20:47:33 | INFO |     step 203600  loss=0.5585  grp_sp=0.083  n_imp=33308  n_red=3700
20:50:25 | INFO |     step 203800  loss=0.5577  grp_sp=0.083  n_imp=33308  n_red=3700
20:53:14 | INFO |     step 204000  loss=0.5606  grp_sp=0.083  n_imp=33308  n_red=3700
20:56:05 | INFO |     step 204200  loss=0.5627  grp_sp=0.083  n_imp=33308  n_red=3700
20:59:01 | INFO |     step 204400  loss=0.5634  grp_sp=0.083  n_imp=33308  n_red=3700
21:01:57 | INFO |     step 204600  loss=0.5628  grp_sp=0.083  n_imp=33308  n_red=3700
21:04:46 | INFO |     step 204800  loss=0.5617  grp_sp=0.083  n_imp=33308  n_red=3700
21:07:38 | INFO |     step 205000  loss=0.5624  grp_sp=0.083  n_imp=33308  n_red=3700
21:10:35 | INFO |     step 205200  loss=0.5618  grp_sp=0.083  n_imp=33308  n_red=3700
21:13:32 | INFO |     step 205400  loss=0.5622  grp_sp=0.083  n_imp=33308  n_red=3700
21:16:27 | INFO |     step 205600  loss=0.5624  grp_sp=0.083  n_imp=33308  n_red=3700
21:19:22 | INFO |     step 205800  loss=0.5653  grp_sp=0.083  n_imp=33308  n_red=3700
21:22:19 | INFO |     step 206000  loss=0.5675  grp_sp=0.083  n_imp=33308  n_red=3700
21:25:14 | INFO |     step 206200  loss=0.5696  grp_sp=0.083  n_imp=33308  n_red=3700
21:28:10 | INFO |     step 206400  loss=0.5716  grp_sp=0.083  n_imp=33308  n_red=3700
21:31:08 | INFO |     step 206600  loss=0.5738  grp_sp=0.083  n_imp=33308  n_red=3700
21:34:01 | INFO |     step 206800  loss=0.5731  grp_sp=0.083  n_imp=33308  n_red=3700
21:36:53 | INFO |     step 207000  loss=0.5755  grp_sp=0.083  n_imp=33308  n_red=3700
21:39:41 | INFO |     step 207200  loss=0.5753  grp_sp=0.083  n_imp=33308  n_red=3700
21:42:32 | INFO |     step 207400  loss=0.5751  grp_sp=0.083  n_imp=33308  n_red=3700
21:45:25 | INFO |     step 207600  loss=0.5776  grp_sp=0.083  n_imp=33308  n_red=3700
21:48:21 | INFO |     step 207800  loss=0.5799  grp_sp=0.083  n_imp=33308  n_red=3700
21:51:17 | INFO |     step 208000  loss=0.5816  grp_sp=0.083  n_imp=33308  n_red=3700
21:54:11 | INFO |     step 208200  loss=0.5810  grp_sp=0.083  n_imp=33308  n_red=3700
21:57:06 | INFO |     step 208400  loss=0.5820  grp_sp=0.083  n_imp=33308  n_red=3700
22:00:03 | INFO |     step 208600  loss=0.5830  grp_sp=0.083  n_imp=33308  n_red=3700
22:03:00 | INFO |     step 208800  loss=0.5833  grp_sp=0.083  n_imp=33308  n_red=3700
22:05:58 | INFO |     step 209000  loss=0.5839  grp_sp=0.083  n_imp=33308  n_red=3700
22:08:57 | INFO |     step 209200  loss=0.5847  grp_sp=0.083  n_imp=33308  n_red=3700
22:11:53 | INFO |     step 209400  loss=0.5857  grp_sp=0.083  n_imp=33308  n_red=3700
22:14:46 | INFO |     step 209600  loss=0.5866  grp_sp=0.083  n_imp=33308  n_red=3700
22:17:44 | INFO |     step 209800  loss=0.5873  grp_sp=0.083  n_imp=33308  n_red=3700
22:20:41 | INFO |     step 210000  loss=0.5870  grp_sp=0.083  n_imp=33308  n_red=3700
22:23:37 | INFO |     step 210200  loss=0.5867  grp_sp=0.083  n_imp=33308  n_red=3700
22:26:34 | INFO |     step 210400  loss=0.5870  grp_sp=0.083  n_imp=33308  n_red=3700
22:29:30 | INFO |     step 210600  loss=0.5877  grp_sp=0.083  n_imp=33308  n_red=3700
22:32:27 | INFO |     step 210800  loss=0.5887  grp_sp=0.083  n_imp=33308  n_red=3700
22:35:22 | INFO |     step 211000  loss=0.5897  grp_sp=0.083  n_imp=33308  n_red=3700
22:38:18 | INFO |     step 211200  loss=0.5900  grp_sp=0.083  n_imp=33308  n_red=3700
22:41:14 | INFO |     step 211400  loss=0.5910  grp_sp=0.083  n_imp=33308  n_red=3700
22:44:09 | INFO |     step 211600  loss=0.5914  grp_sp=0.083  n_imp=33308  n_red=3700
22:47:06 | INFO |     step 211800  loss=0.5928  grp_sp=0.083  n_imp=33308  n_red=3700
22:50:03 | INFO |     step 212000  loss=0.5929  grp_sp=0.083  n_imp=33308  n_red=3700
22:52:58 | INFO |     step 212200  loss=0.5943  grp_sp=0.083  n_imp=33308  n_red=3700
22:55:54 | INFO |     step 212400  loss=0.5957  grp_sp=0.083  n_imp=33308  n_red=3700
22:58:49 | INFO |     step 212600  loss=0.5959  grp_sp=0.083  n_imp=33308  n_red=3700
23:01:46 | INFO |     step 212800  loss=0.5971  grp_sp=0.083  n_imp=33308  n_red=3700
23:04:43 | INFO |     step 213000  loss=0.5975  grp_sp=0.083  n_imp=33308  n_red=3700
23:07:39 | INFO |     step 213200  loss=0.5975  grp_sp=0.083  n_imp=33308  n_red=3700
23:10:35 | INFO |     step 213400  loss=0.5976  grp_sp=0.083  n_imp=33308  n_red=3700
23:13:33 | INFO |     step 213600  loss=0.5981  grp_sp=0.083  n_imp=33308  n_red=3700
23:16:30 | INFO |     step 213800  loss=0.5986  grp_sp=0.083  n_imp=33308  n_red=3700
23:19:28 | INFO |     step 214000  loss=0.5986  grp_sp=0.083  n_imp=33308  n_red=3700
23:22:26 | INFO |     step 214200  loss=0.5994  grp_sp=0.083  n_imp=33308  n_red=3700
23:25:22 | INFO |     step 214400  loss=0.5997  grp_sp=0.083  n_imp=33308  n_red=3700
23:28:15 | INFO |     step 214600  loss=0.6004  grp_sp=0.083  n_imp=33308  n_red=3700
23:31:07 | INFO |     step 214800  loss=0.6016  grp_sp=0.083  n_imp=33308  n_red=3700
23:33:58 | INFO |     step 215000  loss=0.6017  grp_sp=0.083  n_imp=33308  n_red=3700
23:36:48 | INFO |     step 215200  loss=0.6024  grp_sp=0.083  n_imp=33308  n_red=3700
23:39:39 | INFO |     step 215400  loss=0.6033  grp_sp=0.083  n_imp=33308  n_red=3700
23:42:31 | INFO |     step 215600  loss=0.6042  grp_sp=0.083  n_imp=33308  n_red=3700
23:45:21 | INFO |     step 215800  loss=0.6051  grp_sp=0.083  n_imp=33308  n_red=3700
23:48:11 | INFO |     step 216000  loss=0.6056  grp_sp=0.083  n_imp=33308  n_red=3700
23:51:02 | INFO |     step 216200  loss=0.6064  grp_sp=0.083  n_imp=33308  n_red=3700
23:53:54 | INFO |     step 216400  loss=0.6067  grp_sp=0.083  n_imp=33308  n_red=3700
23:56:44 | INFO |     step 216600  loss=0.6074  grp_sp=0.083  n_imp=33308  n_red=3700
23:59:34 | INFO |     step 216800  loss=0.6077  grp_sp=0.083  n_imp=33308  n_red=3700
00:02:26 | INFO |     step 217000  loss=0.6081  grp_sp=0.083  n_imp=33308  n_red=3700
00:05:16 | INFO |     step 217200  loss=0.6081  grp_sp=0.083  n_imp=33308  n_red=3700
00:08:06 | INFO |     step 217400  loss=0.6076  grp_sp=0.083  n_imp=33308  n_red=3700
00:10:57 | INFO |     step 217600  loss=0.6093  grp_sp=0.083  n_imp=33308  n_red=3700
00:13:47 | INFO |     step 217800  loss=0.6099  grp_sp=0.083  n_imp=33308  n_red=3700
00:16:38 | INFO |     step 218000  loss=0.6099  grp_sp=0.083  n_imp=33308  n_red=3700
00:19:29 | INFO |     step 218200  loss=0.6106  grp_sp=0.083  n_imp=33308  n_red=3700
00:22:18 | INFO |     step 218400  loss=0.6110  grp_sp=0.083  n_imp=33308  n_red=3700
00:25:08 | INFO |     step 218600  loss=0.6116  grp_sp=0.083  n_imp=33308  n_red=3700
00:28:00 | INFO |     step 218800  loss=0.6120  grp_sp=0.083  n_imp=33308  n_red=3700
00:30:51 | INFO |     step 219000  loss=0.6126  grp_sp=0.083  n_imp=33308  n_red=3700
00:33:41 | INFO |     step 219200  loss=0.6135  grp_sp=0.083  n_imp=33308  n_red=3700
00:36:32 | INFO |     step 219400  loss=0.6138  grp_sp=0.083  n_imp=33308  n_red=3700
00:39:23 | INFO |     step 219600  loss=0.6146  grp_sp=0.083  n_imp=33308  n_red=3700
00:42:15 | INFO |     step 219800  loss=0.6153  grp_sp=0.083  n_imp=33308  n_red=3700
00:45:05 | INFO |     step 220000  loss=0.6160  grp_sp=0.083  n_imp=33308  n_red=3700
00:47:55 | INFO |     step 220200  loss=0.6170  grp_sp=0.083  n_imp=33308  n_red=3700
00:50:46 | INFO |     step 220400  loss=0.6171  grp_sp=0.083  n_imp=33308  n_red=3700
00:53:36 | INFO |     step 220600  loss=0.6176  grp_sp=0.083  n_imp=33308  n_red=3700
00:56:28 | INFO |     step 220800  loss=0.6173  grp_sp=0.083  n_imp=33308  n_red=3700
00:59:18 | INFO |     step 221000  loss=0.6180  grp_sp=0.083  n_imp=33308  n_red=3700
01:02:10 | INFO |     step 221200  loss=0.6189  grp_sp=0.083  n_imp=33308  n_red=3700
01:07:02 | INFO | [EPOCH 10/10] loss=0.6190  grp_sp=0.100  EM=66.72  F1=77.18  elapsed=3314.7min
01:07:02 | INFO | [TRAIN] done. best F1=85.93 at epoch 1
01:07:02 | INFO | [FINAL] target sparsity=0.1  actual=0.1000
01:07:02 | INFO | [SUBNET] constructing compressed model
01:07:04 | INFO | [SUBNET] full  : ./results/sp10/BertForQuestionAnswering_full_group_sparse.pt
01:07:04 | INFO | [SUBNET] comp  : ./results/sp10/BertForQuestionAnswering_compressed.pt
01:10:20 | INFO | [METRICS] BOPs=1696683.5M  params=103.21M
01:10:20 | INFO | [EVAL compressed] EM=66.72  F1=77.17
01:10:20 | INFO | [SAVE] results -> ./results/sp10/
01:10:20 | INFO | 
============================================================
01:10:20 | INFO |   SUMMARY
01:10:20 | INFO | ============================================================
01:10:20 | INFO |     Target    Actual        EM        F1     BOPs(M)   Params(M)
01:10:20 | INFO |        10%    0.1000     66.72     77.17   1696683.5      103.21
01:10:20 | INFO | 
[OK] Phase 5 complete. Results in ./results/
