18:13:45 | INFO | [log] ./results/phase5_20260502_181345.log
18:13:45 | INFO | [env] torch=2.5.1+cu121  device=cuda
18:13:45 | INFO | [cfg] sparsity=[0.1]  epochs=10  bs=4  lr=3e-05  lr_quant=0.0001  br=1  P=6  Kp=6  seed=42
18:13:54 | INFO | [DATA] raw train=87599  raw val=10570
18:13:55 | INFO | [DATA] train features=88524  val features=10784
18:13:55 | INFO | 
============================================================
18:13:55 | INFO |   EXPERIMENT: sparsity=0.1  tag=sp10
18:13:55 | INFO | ============================================================
18:13:55 | INFO | [M1] loading BERT QA
18:14:08 | INFO | [M2] quantize wrap + STE fix
18:14:08 | INFO | [CALIB] running 8 batches of bs=4
18:14:10 | INFO | [calib] 8 batches over 73 layers  (skipped=0)  num_bits=16  safety=1.05
18:14:10 | INFO | [calib] observed max|x|: min=2.665  median=14.866  max=137.556
18:14:10 | INFO | [M3] building OTO graph
18:15:07 | INFO | [SCHED] steps/epoch=22131  total=221310  start_prune=110655 (5.00 ep)  prune_steps=110655 (5.00 ep)  prune_periods=6  proj_periods=6  proj_steps=110655 (5.00 ep)
18:15:07 | INFO | [BIT]   min_bit_wt=4  max_bit_wt=16  bit_reduction=1  calib_num_bits=16
18:15:07 | INFO | [LR]    scheduler=linear  warmup_ratio=0.1  lr=3e-05  lr_quant=0.0001
18:15:07 | INFO | [M4] building GETA optimizer
18:15:07 | INFO | [M4] GETA optimizer built, 26 param groups
18:15:07 | INFO | [LR] linear schedule warmup=22131 decay over 199179
18:15:07 | INFO | [TRAIN] starting
18:17:21 | INFO |     step 200  loss=5.8952  grp_sp=0.000  n_imp=37008  n_red=0
18:19:56 | INFO |     step 400  loss=5.8748  grp_sp=0.000  n_imp=37008  n_red=0
18:22:13 | INFO |     step 600  loss=5.8065  grp_sp=0.000  n_imp=37008  n_red=0
18:24:38 | INFO |     step 800  loss=5.6481  grp_sp=0.000  n_imp=37008  n_red=0
18:26:47 | INFO |     step 1000  loss=5.4707  grp_sp=0.000  n_imp=37008  n_red=0
18:28:57 | INFO |     step 1200  loss=5.3177  grp_sp=0.000  n_imp=37008  n_red=0
18:31:15 | INFO |     step 1400  loss=5.1569  grp_sp=0.000  n_imp=37008  n_red=0
18:33:33 | INFO |     step 1600  loss=5.0029  grp_sp=0.000  n_imp=37008  n_red=0
18:35:50 | INFO |     step 1800  loss=4.8435  grp_sp=0.000  n_imp=37008  n_red=0
18:37:52 | INFO |     step 2000  loss=4.6595  grp_sp=0.000  n_imp=37008  n_red=0
18:40:19 | INFO |     step 2200  loss=4.4887  grp_sp=0.000  n_imp=37008  n_red=0
18:42:39 | INFO |     step 2400  loss=4.3335  grp_sp=0.000  n_imp=37008  n_red=0
18:44:46 | INFO |     step 2600  loss=4.1931  grp_sp=0.000  n_imp=37008  n_red=0
18:47:03 | INFO |     step 2800  loss=4.0614  grp_sp=0.000  n_imp=37008  n_red=0
18:49:15 | INFO |     step 3000  loss=3.9479  grp_sp=0.000  n_imp=37008  n_red=0
18:51:36 | INFO |     step 3200  loss=3.8427  grp_sp=0.000  n_imp=37008  n_red=0
18:53:36 | INFO |     step 3400  loss=3.7441  grp_sp=0.000  n_imp=37008  n_red=0
18:55:35 | INFO |     step 3600  loss=3.6520  grp_sp=0.000  n_imp=37008  n_red=0
18:57:41 | INFO |     step 3800  loss=3.5679  grp_sp=0.000  n_imp=37008  n_red=0
18:59:52 | INFO |     step 4000  loss=3.4845  grp_sp=0.000  n_imp=37008  n_red=0
19:02:03 | INFO |     step 4200  loss=3.4075  grp_sp=0.000  n_imp=37008  n_red=0
19:04:18 | INFO |     step 4400  loss=3.3303  grp_sp=0.000  n_imp=37008  n_red=0
19:06:35 | INFO |     step 4600  loss=3.2622  grp_sp=0.000  n_imp=37008  n_red=0
19:09:01 | INFO |     step 4800  loss=3.1997  grp_sp=0.000  n_imp=37008  n_red=0
19:11:15 | INFO |     step 5000  loss=3.1387  grp_sp=0.000  n_imp=37008  n_red=0
19:13:28 | INFO |     step 5200  loss=3.0793  grp_sp=0.000  n_imp=37008  n_red=0
19:15:42 | INFO |     step 5400  loss=3.0268  grp_sp=0.000  n_imp=37008  n_red=0
19:18:06 | INFO |     step 5600  loss=2.9772  grp_sp=0.000  n_imp=37008  n_red=0
19:20:27 | INFO |     step 5800  loss=2.9267  grp_sp=0.000  n_imp=37008  n_red=0
19:22:34 | INFO |     step 6000  loss=2.8837  grp_sp=0.000  n_imp=37008  n_red=0
19:24:51 | INFO |     step 6200  loss=2.8372  grp_sp=0.000  n_imp=37008  n_red=0
19:27:05 | INFO |     step 6400  loss=2.7978  grp_sp=0.000  n_imp=37008  n_red=0
19:29:17 | INFO |     step 6600  loss=2.7611  grp_sp=0.000  n_imp=37008  n_red=0
19:31:41 | INFO |     step 6800  loss=2.7232  grp_sp=0.000  n_imp=37008  n_red=0
19:33:48 | INFO |     step 7000  loss=2.6888  grp_sp=0.000  n_imp=37008  n_red=0
19:36:13 | INFO |     step 7200  loss=2.6530  grp_sp=0.000  n_imp=37008  n_red=0
19:38:24 | INFO |     step 7400  loss=2.6202  grp_sp=0.000  n_imp=37008  n_red=0
19:40:42 | INFO |     step 7600  loss=2.5870  grp_sp=0.000  n_imp=37008  n_red=0
19:42:48 | INFO |     step 7800  loss=2.5584  grp_sp=0.000  n_imp=37008  n_red=0
19:44:57 | INFO |     step 8000  loss=2.5300  grp_sp=0.000  n_imp=37008  n_red=0
19:47:04 | INFO |     step 8200  loss=2.5026  grp_sp=0.000  n_imp=37008  n_red=0
19:49:29 | INFO |     step 8400  loss=2.4758  grp_sp=0.000  n_imp=37008  n_red=0
19:51:40 | INFO |     step 8600  loss=2.4501  grp_sp=0.000  n_imp=37008  n_red=0
19:53:51 | INFO |     step 8800  loss=2.4240  grp_sp=0.000  n_imp=37008  n_red=0
19:56:00 | INFO |     step 9000  loss=2.3995  grp_sp=0.000  n_imp=37008  n_red=0
19:58:04 | INFO |     step 9200  loss=2.3774  grp_sp=0.000  n_imp=37008  n_red=0
20:00:27 | INFO |     step 9400  loss=2.3569  grp_sp=0.000  n_imp=37008  n_red=0
20:02:34 | INFO |     step 9600  loss=2.3361  grp_sp=0.000  n_imp=37008  n_red=0
20:04:52 | INFO |     step 9800  loss=2.3153  grp_sp=0.000  n_imp=37008  n_red=0
20:07:03 | INFO |     step 10000  loss=2.2945  grp_sp=0.000  n_imp=37008  n_red=0
20:09:10 | INFO |     step 10200  loss=2.2749  grp_sp=0.000  n_imp=37008  n_red=0
20:11:25 | INFO |     step 10400  loss=2.2555  grp_sp=0.000  n_imp=37008  n_red=0
20:13:31 | INFO |     step 10600  loss=2.2370  grp_sp=0.000  n_imp=37008  n_red=0
20:15:33 | INFO |     step 10800  loss=2.2180  grp_sp=0.000  n_imp=37008  n_red=0
20:17:22 | INFO |     step 11000  loss=2.2021  grp_sp=0.000  n_imp=37008  n_red=0
20:19:29 | INFO |     step 11200  loss=2.1857  grp_sp=0.000  n_imp=37008  n_red=0
20:21:27 | INFO |     step 11400  loss=2.1689  grp_sp=0.000  n_imp=37008  n_red=0
20:23:35 | INFO |     step 11600  loss=2.1532  grp_sp=0.000  n_imp=37008  n_red=0
20:25:52 | INFO |     step 11800  loss=2.1373  grp_sp=0.000  n_imp=37008  n_red=0
20:28:08 | INFO |     step 12000  loss=2.1228  grp_sp=0.000  n_imp=37008  n_red=0
20:30:17 | INFO |     step 12200  loss=2.1091  grp_sp=0.000  n_imp=37008  n_red=0
20:32:29 | INFO |     step 12400  loss=2.0950  grp_sp=0.000  n_imp=37008  n_red=0
20:34:44 | INFO |     step 12600  loss=2.0822  grp_sp=0.000  n_imp=37008  n_red=0
20:36:47 | INFO |     step 12800  loss=2.0669  grp_sp=0.000  n_imp=37008  n_red=0
20:38:52 | INFO |     step 13000  loss=2.0536  grp_sp=0.000  n_imp=37008  n_red=0
20:41:07 | INFO |     step 13200  loss=2.0416  grp_sp=0.000  n_imp=37008  n_red=0
20:43:22 | INFO |     step 13400  loss=2.0295  grp_sp=0.000  n_imp=37008  n_red=0
20:45:46 | INFO |     step 13600  loss=2.0167  grp_sp=0.000  n_imp=37008  n_red=0
20:48:05 | INFO |     step 13800  loss=2.0058  grp_sp=0.000  n_imp=37008  n_red=0
20:50:32 | INFO |     step 14000  loss=1.9945  grp_sp=0.000  n_imp=37008  n_red=0
20:52:56 | INFO |     step 14200  loss=1.9823  grp_sp=0.000  n_imp=37008  n_red=0
20:55:22 | INFO |     step 14400  loss=1.9716  grp_sp=0.000  n_imp=37008  n_red=0
20:57:45 | INFO |     step 14600  loss=1.9609  grp_sp=0.000  n_imp=37008  n_red=0
20:59:07 | INFO |     step 14800  loss=1.9512  grp_sp=0.000  n_imp=37008  n_red=0
21:00:27 | INFO |     step 15000  loss=1.9405  grp_sp=0.000  n_imp=37008  n_red=0
21:01:48 | INFO |     step 15200  loss=1.9304  grp_sp=0.000  n_imp=37008  n_red=0
21:03:10 | INFO |     step 15400  loss=1.9221  grp_sp=0.000  n_imp=37008  n_red=0
21:04:32 | INFO |     step 15600  loss=1.9133  grp_sp=0.000  n_imp=37008  n_red=0
21:05:54 | INFO |     step 15800  loss=1.9051  grp_sp=0.000  n_imp=37008  n_red=0
21:07:15 | INFO |     step 16000  loss=1.8967  grp_sp=0.000  n_imp=37008  n_red=0
21:08:37 | INFO |     step 16200  loss=1.8879  grp_sp=0.000  n_imp=37008  n_red=0
21:09:58 | INFO |     step 16400  loss=1.8798  grp_sp=0.000  n_imp=37008  n_red=0
21:11:17 | INFO |     step 16600  loss=1.8715  grp_sp=0.000  n_imp=37008  n_red=0
21:12:31 | INFO |     step 16800  loss=1.8634  grp_sp=0.000  n_imp=37008  n_red=0
21:13:45 | INFO |     step 17000  loss=1.8555  grp_sp=0.000  n_imp=37008  n_red=0
21:15:00 | INFO |     step 17200  loss=1.8475  grp_sp=0.000  n_imp=37008  n_red=0
21:16:14 | INFO |     step 17400  loss=1.8391  grp_sp=0.000  n_imp=37008  n_red=0
21:17:27 | INFO |     step 17600  loss=1.8322  grp_sp=0.000  n_imp=37008  n_red=0
21:18:40 | INFO |     step 17800  loss=1.8249  grp_sp=0.000  n_imp=37008  n_red=0
21:19:53 | INFO |     step 18000  loss=1.8175  grp_sp=0.000  n_imp=37008  n_red=0
21:21:07 | INFO |     step 18200  loss=1.8101  grp_sp=0.000  n_imp=37008  n_red=0
21:22:20 | INFO |     step 18400  loss=1.8025  grp_sp=0.000  n_imp=37008  n_red=0
21:23:33 | INFO |     step 18600  loss=1.7943  grp_sp=0.000  n_imp=37008  n_red=0
21:24:46 | INFO |     step 18800  loss=1.7872  grp_sp=0.000  n_imp=37008  n_red=0
21:26:00 | INFO |     step 19000  loss=1.7812  grp_sp=0.000  n_imp=37008  n_red=0
21:27:15 | INFO |     step 19200  loss=1.7758  grp_sp=0.000  n_imp=37008  n_red=0
21:28:28 | INFO |     step 19400  loss=1.7703  grp_sp=0.000  n_imp=37008  n_red=0
21:29:40 | INFO |     step 19600  loss=1.7646  grp_sp=0.000  n_imp=37008  n_red=0
21:30:53 | INFO |     step 19800  loss=1.7586  grp_sp=0.000  n_imp=37008  n_red=0
21:32:05 | INFO |     step 20000  loss=1.7533  grp_sp=0.000  n_imp=37008  n_red=0
21:33:18 | INFO |     step 20200  loss=1.7481  grp_sp=0.000  n_imp=37008  n_red=0
21:34:30 | INFO |     step 20400  loss=1.7425  grp_sp=0.000  n_imp=37008  n_red=0
21:35:43 | INFO |     step 20600  loss=1.7365  grp_sp=0.000  n_imp=37008  n_red=0
21:36:55 | INFO |     step 20800  loss=1.7307  grp_sp=0.000  n_imp=37008  n_red=0
21:38:08 | INFO |     step 21000  loss=1.7256  grp_sp=0.000  n_imp=37008  n_red=0
21:39:20 | INFO |     step 21200  loss=1.7207  grp_sp=0.000  n_imp=37008  n_red=0
21:40:34 | INFO |     step 21400  loss=1.7157  grp_sp=0.000  n_imp=37008  n_red=0
21:41:48 | INFO |     step 21600  loss=1.7115  grp_sp=0.000  n_imp=37008  n_red=0
21:43:02 | INFO |     step 21800  loss=1.7065  grp_sp=0.000  n_imp=37008  n_red=0
21:44:16 | INFO |     step 22000  loss=1.7021  grp_sp=0.000  n_imp=37008  n_red=0
21:47:16 | INFO | [EPOCH 1/10] loss=1.6994  grp_sp=0.000  EM=75.20  F1=83.84  elapsed=210.0min
21:47:42 | INFO |     step 22200  loss=0.9026  grp_sp=0.000  n_imp=37008  n_red=0
21:48:57 | INFO |     step 22400  loss=0.9176  grp_sp=0.000  n_imp=37008  n_red=0
21:50:13 | INFO |     step 22600  loss=0.9096  grp_sp=0.000  n_imp=37008  n_red=0
21:51:29 | INFO |     step 22800  loss=0.9191  grp_sp=0.000  n_imp=37008  n_red=0
21:52:45 | INFO |     step 23000  loss=0.9489  grp_sp=0.000  n_imp=37008  n_red=0
21:53:59 | INFO |     step 23200  loss=0.9556  grp_sp=0.000  n_imp=37008  n_red=0
21:55:12 | INFO |     step 23400  loss=0.9574  grp_sp=0.000  n_imp=37008  n_red=0
21:56:26 | INFO |     step 23600  loss=0.9617  grp_sp=0.000  n_imp=37008  n_red=0
21:57:40 | INFO |     step 23800  loss=0.9600  grp_sp=0.000  n_imp=37008  n_red=0
21:58:54 | INFO |     step 24000  loss=0.9538  grp_sp=0.000  n_imp=37008  n_red=0
22:00:09 | INFO |     step 24200  loss=0.9581  grp_sp=0.000  n_imp=37008  n_red=0
22:01:23 | INFO |     step 24400  loss=0.9596  grp_sp=0.000  n_imp=37008  n_red=0
22:02:37 | INFO |     step 24600  loss=0.9606  grp_sp=0.000  n_imp=37008  n_red=0
22:03:51 | INFO |     step 24800  loss=0.9618  grp_sp=0.000  n_imp=37008  n_red=0
22:05:05 | INFO |     step 25000  loss=0.9655  grp_sp=0.000  n_imp=37008  n_red=0
22:06:18 | INFO |     step 25200  loss=0.9652  grp_sp=0.000  n_imp=37008  n_red=0
22:07:32 | INFO |     step 25400  loss=0.9649  grp_sp=0.000  n_imp=37008  n_red=0
22:08:46 | INFO |     step 25600  loss=0.9659  grp_sp=0.000  n_imp=37008  n_red=0
22:10:00 | INFO |     step 25800  loss=0.9648  grp_sp=0.000  n_imp=37008  n_red=0
22:11:13 | INFO |     step 26000  loss=0.9668  grp_sp=0.000  n_imp=37008  n_red=0
22:12:25 | INFO |     step 26200  loss=0.9649  grp_sp=0.000  n_imp=37008  n_red=0
22:13:38 | INFO |     step 26400  loss=0.9635  grp_sp=0.000  n_imp=37008  n_red=0
22:14:51 | INFO |     step 26600  loss=0.9635  grp_sp=0.000  n_imp=37008  n_red=0
22:16:03 | INFO |     step 26800  loss=0.9642  grp_sp=0.000  n_imp=37008  n_red=0
22:17:16 | INFO |     step 27000  loss=0.9675  grp_sp=0.000  n_imp=37008  n_red=0
22:18:29 | INFO |     step 27200  loss=0.9653  grp_sp=0.000  n_imp=37008  n_red=0
22:19:43 | INFO |     step 27400  loss=0.9636  grp_sp=0.000  n_imp=37008  n_red=0
22:20:57 | INFO |     step 27600  loss=0.9621  grp_sp=0.000  n_imp=37008  n_red=0
22:22:11 | INFO |     step 27800  loss=0.9627  grp_sp=0.000  n_imp=37008  n_red=0
22:23:24 | INFO |     step 28000  loss=0.9660  grp_sp=0.000  n_imp=37008  n_red=0
22:24:37 | INFO |     step 28200  loss=0.9661  grp_sp=0.000  n_imp=37008  n_red=0
22:25:50 | INFO |     step 28400  loss=0.9648  grp_sp=0.000  n_imp=37008  n_red=0
22:27:04 | INFO |     step 28600  loss=0.9654  grp_sp=0.000  n_imp=37008  n_red=0
22:28:19 | INFO |     step 28800  loss=0.9648  grp_sp=0.000  n_imp=37008  n_red=0
22:29:33 | INFO |     step 29000  loss=0.9644  grp_sp=0.000  n_imp=37008  n_red=0
22:30:47 | INFO |     step 29200  loss=0.9651  grp_sp=0.000  n_imp=37008  n_red=0
22:32:00 | INFO |     step 29400  loss=0.9629  grp_sp=0.000  n_imp=37008  n_red=0
22:33:14 | INFO |     step 29600  loss=0.9636  grp_sp=0.000  n_imp=37008  n_red=0
22:34:28 | INFO |     step 29800  loss=0.9626  grp_sp=0.000  n_imp=37008  n_red=0
22:35:41 | INFO |     step 30000  loss=0.9623  grp_sp=0.000  n_imp=37008  n_red=0
22:36:54 | INFO |     step 30200  loss=0.9635  grp_sp=0.000  n_imp=37008  n_red=0
22:38:06 | INFO |     step 30400  loss=0.9634  grp_sp=0.000  n_imp=37008  n_red=0
22:39:19 | INFO |     step 30600  loss=0.9661  grp_sp=0.000  n_imp=37008  n_red=0
22:40:32 | INFO |     step 30800  loss=0.9661  grp_sp=0.000  n_imp=37008  n_red=0
22:41:45 | INFO |     step 31000  loss=0.9664  grp_sp=0.000  n_imp=37008  n_red=0
22:42:57 | INFO |     step 31200  loss=0.9660  grp_sp=0.000  n_imp=37008  n_red=0
22:44:10 | INFO |     step 31400  loss=0.9650  grp_sp=0.000  n_imp=37008  n_red=0
22:45:24 | INFO |     step 31600  loss=0.9637  grp_sp=0.000  n_imp=37008  n_red=0
22:46:36 | INFO |     step 31800  loss=0.9647  grp_sp=0.000  n_imp=37008  n_red=0
22:47:49 | INFO |     step 32000  loss=0.9648  grp_sp=0.000  n_imp=37008  n_red=0
22:49:01 | INFO |     step 32200  loss=0.9653  grp_sp=0.000  n_imp=37008  n_red=0
22:50:13 | INFO |     step 32400  loss=0.9647  grp_sp=0.000  n_imp=37008  n_red=0
22:51:27 | INFO |     step 32600  loss=0.9659  grp_sp=0.000  n_imp=37008  n_red=0
22:52:40 | INFO |     step 32800  loss=0.9649  grp_sp=0.000  n_imp=37008  n_red=0
22:53:54 | INFO |     step 33000  loss=0.9653  grp_sp=0.000  n_imp=37008  n_red=0
22:55:06 | INFO |     step 33200  loss=0.9652  grp_sp=0.000  n_imp=37008  n_red=0
22:56:20 | INFO |     step 33400  loss=0.9643  grp_sp=0.000  n_imp=37008  n_red=0
22:57:35 | INFO |     step 33600  loss=0.9648  grp_sp=0.000  n_imp=37008  n_red=0
22:58:50 | INFO |     step 33800  loss=0.9651  grp_sp=0.000  n_imp=37008  n_red=0
23:00:05 | INFO |     step 34000  loss=0.9650  grp_sp=0.000  n_imp=37008  n_red=0
23:01:21 | INFO |     step 34200  loss=0.9646  grp_sp=0.000  n_imp=37008  n_red=0
23:02:37 | INFO |     step 34400  loss=0.9650  grp_sp=0.000  n_imp=37008  n_red=0
23:03:53 | INFO |     step 34600  loss=0.9658  grp_sp=0.000  n_imp=37008  n_red=0
23:05:10 | INFO |     step 34800  loss=0.9656  grp_sp=0.000  n_imp=37008  n_red=0
23:06:25 | INFO |     step 35000  loss=0.9655  grp_sp=0.000  n_imp=37008  n_red=0
23:07:40 | INFO |     step 35200  loss=0.9654  grp_sp=0.000  n_imp=37008  n_red=0
23:08:55 | INFO |     step 35400  loss=0.9659  grp_sp=0.000  n_imp=37008  n_red=0
23:10:10 | INFO |     step 35600  loss=0.9659  grp_sp=0.000  n_imp=37008  n_red=0
23:11:25 | INFO |     step 35800  loss=0.9658  grp_sp=0.000  n_imp=37008  n_red=0
23:12:40 | INFO |     step 36000  loss=0.9665  grp_sp=0.000  n_imp=37008  n_red=0
23:13:55 | INFO |     step 36200  loss=0.9665  grp_sp=0.000  n_imp=37008  n_red=0
23:15:10 | INFO |     step 36400  loss=0.9659  grp_sp=0.000  n_imp=37008  n_red=0
23:16:25 | INFO |     step 36600  loss=0.9658  grp_sp=0.000  n_imp=37008  n_red=0
23:17:40 | INFO |     step 36800  loss=0.9664  grp_sp=0.000  n_imp=37008  n_red=0
23:18:56 | INFO |     step 37000  loss=0.9663  grp_sp=0.000  n_imp=37008  n_red=0
23:20:11 | INFO |     step 37200  loss=0.9649  grp_sp=0.000  n_imp=37008  n_red=0
23:21:26 | INFO |     step 37400  loss=0.9644  grp_sp=0.000  n_imp=37008  n_red=0
23:22:41 | INFO |     step 37600  loss=0.9642  grp_sp=0.000  n_imp=37008  n_red=0
23:23:55 | INFO |     step 37800  loss=0.9644  grp_sp=0.000  n_imp=37008  n_red=0
23:25:11 | INFO |     step 38000  loss=0.9644  grp_sp=0.000  n_imp=37008  n_red=0
23:26:28 | INFO |     step 38200  loss=0.9639  grp_sp=0.000  n_imp=37008  n_red=0
23:27:44 | INFO |     step 38400  loss=0.9647  grp_sp=0.000  n_imp=37008  n_red=0
23:28:59 | INFO |     step 38600  loss=0.9638  grp_sp=0.000  n_imp=37008  n_red=0
23:30:16 | INFO |     step 38800  loss=0.9643  grp_sp=0.000  n_imp=37008  n_red=0
23:31:34 | INFO |     step 39000  loss=0.9643  grp_sp=0.000  n_imp=37008  n_red=0
23:32:51 | INFO |     step 39200  loss=0.9645  grp_sp=0.000  n_imp=37008  n_red=0
23:34:09 | INFO |     step 39400  loss=0.9642  grp_sp=0.000  n_imp=37008  n_red=0
23:35:26 | INFO |     step 39600  loss=0.9638  grp_sp=0.000  n_imp=37008  n_red=0
23:36:42 | INFO |     step 39800  loss=0.9636  grp_sp=0.000  n_imp=37008  n_red=0
23:38:00 | INFO |     step 40000  loss=0.9639  grp_sp=0.000  n_imp=37008  n_red=0
23:39:16 | INFO |     step 40200  loss=0.9645  grp_sp=0.000  n_imp=37008  n_red=0
23:40:32 | INFO |     step 40400  loss=0.9637  grp_sp=0.000  n_imp=37008  n_red=0
23:41:48 | INFO |     step 40600  loss=0.9644  grp_sp=0.000  n_imp=37008  n_red=0
23:43:04 | INFO |     step 40800  loss=0.9639  grp_sp=0.000  n_imp=37008  n_red=0
23:44:20 | INFO |     step 41000  loss=0.9639  grp_sp=0.000  n_imp=37008  n_red=0
23:45:37 | INFO |     step 41200  loss=0.9638  grp_sp=0.000  n_imp=37008  n_red=0
23:46:53 | INFO |     step 41400  loss=0.9633  grp_sp=0.000  n_imp=37008  n_red=0
23:48:10 | INFO |     step 41600  loss=0.9625  grp_sp=0.000  n_imp=37008  n_red=0
23:49:27 | INFO |     step 41800  loss=0.9616  grp_sp=0.000  n_imp=37008  n_red=0
23:50:42 | INFO |     step 42000  loss=0.9617  grp_sp=0.000  n_imp=37008  n_red=0
23:52:00 | INFO |     step 42200  loss=0.9621  grp_sp=0.000  n_imp=37008  n_red=0
23:53:17 | INFO |     step 42400  loss=0.9628  grp_sp=0.000  n_imp=37008  n_red=0
23:54:33 | INFO |     step 42600  loss=0.9626  grp_sp=0.000  n_imp=37008  n_red=0
23:55:58 | INFO |     step 42800  loss=0.9620  grp_sp=0.000  n_imp=37008  n_red=0
23:57:24 | INFO |     step 43000  loss=0.9622  grp_sp=0.000  n_imp=37008  n_red=0
23:58:51 | INFO |     step 43200  loss=0.9622  grp_sp=0.000  n_imp=37008  n_red=0
00:00:18 | INFO |     step 43400  loss=0.9623  grp_sp=0.000  n_imp=37008  n_red=0
00:01:43 | INFO |     step 43600  loss=0.9620  grp_sp=0.000  n_imp=37008  n_red=0
00:03:03 | INFO |     step 43800  loss=0.9617  grp_sp=0.000  n_imp=37008  n_red=0
00:04:17 | INFO |     step 44000  loss=0.9623  grp_sp=0.000  n_imp=37008  n_red=0
00:05:32 | INFO |     step 44200  loss=0.9617  grp_sp=0.000  n_imp=37008  n_red=0
00:08:09 | INFO | [EPOCH 2/10] loss=0.9619  grp_sp=0.000  EM=79.00  F1=86.73  elapsed=350.8min
00:09:00 | INFO |     step 44400  loss=0.5490  grp_sp=0.000  n_imp=37008  n_red=0
00:10:15 | INFO |     step 44600  loss=0.5697  grp_sp=0.000  n_imp=37008  n_red=0
00:11:30 | INFO |     step 44800  loss=0.5745  grp_sp=0.000  n_imp=37008  n_red=0
00:12:45 | INFO |     step 45000  loss=0.5739  grp_sp=0.000  n_imp=37008  n_red=0
00:13:59 | INFO |     step 45200  loss=0.5825  grp_sp=0.000  n_imp=37008  n_red=0
00:15:14 | INFO |     step 45400  loss=0.5923  grp_sp=0.000  n_imp=37008  n_red=0
00:16:29 | INFO |     step 45600  loss=0.6016  grp_sp=0.000  n_imp=37008  n_red=0
00:17:44 | INFO |     step 45800  loss=0.6051  grp_sp=0.000  n_imp=37008  n_red=0
00:18:58 | INFO |     step 46000  loss=0.6079  grp_sp=0.000  n_imp=37008  n_red=0
00:20:13 | INFO |     step 46200  loss=0.6043  grp_sp=0.000  n_imp=37008  n_red=0
00:21:29 | INFO |     step 46400  loss=0.6131  grp_sp=0.000  n_imp=37008  n_red=0
00:22:44 | INFO |     step 46600  loss=0.6123  grp_sp=0.000  n_imp=37008  n_red=0
00:23:58 | INFO |     step 46800  loss=0.6102  grp_sp=0.000  n_imp=37008  n_red=0
00:25:12 | INFO |     step 47000  loss=0.6134  grp_sp=0.000  n_imp=37008  n_red=0
00:26:26 | INFO |     step 47200  loss=0.6159  grp_sp=0.000  n_imp=37008  n_red=0
00:27:40 | INFO |     step 47400  loss=0.6155  grp_sp=0.000  n_imp=37008  n_red=0
00:28:55 | INFO |     step 47600  loss=0.6150  grp_sp=0.000  n_imp=37008  n_red=0
00:30:10 | INFO |     step 47800  loss=0.6163  grp_sp=0.000  n_imp=37008  n_red=0
00:31:24 | INFO |     step 48000  loss=0.6155  grp_sp=0.000  n_imp=37008  n_red=0
00:32:40 | INFO |     step 48200  loss=0.6126  grp_sp=0.000  n_imp=37008  n_red=0
00:33:55 | INFO |     step 48400  loss=0.6125  grp_sp=0.000  n_imp=37008  n_red=0
00:35:09 | INFO |     step 48600  loss=0.6114  grp_sp=0.000  n_imp=37008  n_red=0
00:36:24 | INFO |     step 48800  loss=0.6117  grp_sp=0.000  n_imp=37008  n_red=0
00:37:38 | INFO |     step 49000  loss=0.6113  grp_sp=0.000  n_imp=37008  n_red=0
00:38:51 | INFO |     step 49200  loss=0.6114  grp_sp=0.000  n_imp=37008  n_red=0
00:40:06 | INFO |     step 49400  loss=0.6121  grp_sp=0.000  n_imp=37008  n_red=0
00:41:21 | INFO |     step 49600  loss=0.6101  grp_sp=0.000  n_imp=37008  n_red=0
00:42:36 | INFO |     step 49800  loss=0.6106  grp_sp=0.000  n_imp=37008  n_red=0
00:43:50 | INFO |     step 50000  loss=0.6107  grp_sp=0.000  n_imp=37008  n_red=0
00:45:04 | INFO |     step 50200  loss=0.6120  grp_sp=0.000  n_imp=37008  n_red=0
00:46:19 | INFO |     step 50400  loss=0.6132  grp_sp=0.000  n_imp=37008  n_red=0
00:47:33 | INFO |     step 50600  loss=0.6149  grp_sp=0.000  n_imp=37008  n_red=0
00:48:47 | INFO |     step 50800  loss=0.6140  grp_sp=0.000  n_imp=37008  n_red=0
00:50:02 | INFO |     step 51000  loss=0.6144  grp_sp=0.000  n_imp=37008  n_red=0
00:51:17 | INFO |     step 51200  loss=0.6162  grp_sp=0.000  n_imp=37008  n_red=0
00:52:32 | INFO |     step 51400  loss=0.6163  grp_sp=0.000  n_imp=37008  n_red=0
00:53:46 | INFO |     step 51600  loss=0.6151  grp_sp=0.000  n_imp=37008  n_red=0
00:55:01 | INFO |     step 51800  loss=0.6174  grp_sp=0.000  n_imp=37008  n_red=0
00:56:16 | INFO |     step 52000  loss=0.6181  grp_sp=0.000  n_imp=37008  n_red=0
00:57:29 | INFO |     step 52200  loss=0.6180  grp_sp=0.000  n_imp=37008  n_red=0
00:58:45 | INFO |     step 52400  loss=0.6187  grp_sp=0.000  n_imp=37008  n_red=0
01:00:00 | INFO |     step 52600  loss=0.6195  grp_sp=0.000  n_imp=37008  n_red=0
01:01:14 | INFO |     step 52800  loss=0.6196  grp_sp=0.000  n_imp=37008  n_red=0
01:02:29 | INFO |     step 53000  loss=0.6195  grp_sp=0.000  n_imp=37008  n_red=0
01:03:45 | INFO |     step 53200  loss=0.6200  grp_sp=0.000  n_imp=37008  n_red=0
01:05:01 | INFO |     step 53400  loss=0.6200  grp_sp=0.000  n_imp=37008  n_red=0
01:06:17 | INFO |     step 53600  loss=0.6211  grp_sp=0.000  n_imp=37008  n_red=0
01:07:32 | INFO |     step 53800  loss=0.6215  grp_sp=0.000  n_imp=37008  n_red=0
01:08:46 | INFO |     step 54000  loss=0.6208  grp_sp=0.000  n_imp=37008  n_red=0
01:10:00 | INFO |     step 54200  loss=0.6212  grp_sp=0.000  n_imp=37008  n_red=0
01:11:14 | INFO |     step 54400  loss=0.6206  grp_sp=0.000  n_imp=37008  n_red=0
01:12:29 | INFO |     step 54600  loss=0.6228  grp_sp=0.000  n_imp=37008  n_red=0
01:13:43 | INFO |     step 54800  loss=0.6240  grp_sp=0.000  n_imp=37008  n_red=0
01:14:59 | INFO |     step 55000  loss=0.6238  grp_sp=0.000  n_imp=37008  n_red=0
01:16:14 | INFO |     step 55200  loss=0.6232  grp_sp=0.000  n_imp=37008  n_red=0
01:17:30 | INFO |     step 55400  loss=0.6236  grp_sp=0.000  n_imp=37008  n_red=0
01:18:44 | INFO |     step 55600  loss=0.6247  grp_sp=0.000  n_imp=37008  n_red=0
01:19:59 | INFO |     step 55800  loss=0.6248  grp_sp=0.000  n_imp=37008  n_red=0
01:21:13 | INFO |     step 56000  loss=0.6253  grp_sp=0.000  n_imp=37008  n_red=0
01:22:29 | INFO |     step 56200  loss=0.6248  grp_sp=0.000  n_imp=37008  n_red=0
01:23:44 | INFO |     step 56400  loss=0.6254  grp_sp=0.000  n_imp=37008  n_red=0
01:25:00 | INFO |     step 56600  loss=0.6260  grp_sp=0.000  n_imp=37008  n_red=0
01:26:16 | INFO |     step 56800  loss=0.6269  grp_sp=0.000  n_imp=37008  n_red=0
01:27:31 | INFO |     step 57000  loss=0.6271  grp_sp=0.000  n_imp=37008  n_red=0
01:28:47 | INFO |     step 57200  loss=0.6276  grp_sp=0.000  n_imp=37008  n_red=0
01:30:01 | INFO |     step 57400  loss=0.6279  grp_sp=0.000  n_imp=37008  n_red=0
01:31:17 | INFO |     step 57600  loss=0.6274  grp_sp=0.000  n_imp=37008  n_red=0
01:32:32 | INFO |     step 57800  loss=0.6275  grp_sp=0.000  n_imp=37008  n_red=0
01:33:46 | INFO |     step 58000  loss=0.6280  grp_sp=0.000  n_imp=37008  n_red=0
01:35:01 | INFO |     step 58200  loss=0.6287  grp_sp=0.000  n_imp=37008  n_red=0
01:36:17 | INFO |     step 58400  loss=0.6283  grp_sp=0.000  n_imp=37008  n_red=0
01:37:31 | INFO |     step 58600  loss=0.6298  grp_sp=0.000  n_imp=37008  n_red=0
01:38:45 | INFO |     step 58800  loss=0.6298  grp_sp=0.000  n_imp=37008  n_red=0
01:40:00 | INFO |     step 59000  loss=0.6298  grp_sp=0.000  n_imp=37008  n_red=0
01:41:14 | INFO |     step 59200  loss=0.6294  grp_sp=0.000  n_imp=37008  n_red=0
01:42:29 | INFO |     step 59400  loss=0.6303  grp_sp=0.000  n_imp=37008  n_red=0
01:43:44 | INFO |     step 59600  loss=0.6311  grp_sp=0.000  n_imp=37008  n_red=0
01:44:59 | INFO |     step 59800  loss=0.6304  grp_sp=0.000  n_imp=37008  n_red=0
01:46:14 | INFO |     step 60000  loss=0.6300  grp_sp=0.000  n_imp=37008  n_red=0
01:47:29 | INFO |     step 60200  loss=0.6306  grp_sp=0.000  n_imp=37008  n_red=0
01:48:45 | INFO |     step 60400  loss=0.6314  grp_sp=0.000  n_imp=37008  n_red=0
01:50:01 | INFO |     step 60600  loss=0.6325  grp_sp=0.000  n_imp=37008  n_red=0
01:51:17 | INFO |     step 60800  loss=0.6331  grp_sp=0.000  n_imp=37008  n_red=0
01:52:33 | INFO |     step 61000  loss=0.6331  grp_sp=0.000  n_imp=37008  n_red=0
01:53:49 | INFO |     step 61200  loss=0.6334  grp_sp=0.000  n_imp=37008  n_red=0
01:55:04 | INFO |     step 61400  loss=0.6338  grp_sp=0.000  n_imp=37008  n_red=0
01:56:20 | INFO |     step 61600  loss=0.6345  grp_sp=0.000  n_imp=37008  n_red=0
01:57:35 | INFO |     step 61800  loss=0.6352  grp_sp=0.000  n_imp=37008  n_red=0
01:58:50 | INFO |     step 62000  loss=0.6356  grp_sp=0.000  n_imp=37008  n_red=0
02:00:06 | INFO |     step 62200  loss=0.6353  grp_sp=0.000  n_imp=37008  n_red=0
02:01:22 | INFO |     step 62400  loss=0.6349  grp_sp=0.000  n_imp=37008  n_red=0
02:02:38 | INFO |     step 62600  loss=0.6351  grp_sp=0.000  n_imp=37008  n_red=0
02:03:55 | INFO |     step 62800  loss=0.6354  grp_sp=0.000  n_imp=37008  n_red=0
02:05:11 | INFO |     step 63000  loss=0.6358  grp_sp=0.000  n_imp=37008  n_red=0
02:06:28 | INFO |     step 63200  loss=0.6354  grp_sp=0.000  n_imp=37008  n_red=0
02:07:44 | INFO |     step 63400  loss=0.6361  grp_sp=0.000  n_imp=37008  n_red=0
02:09:01 | INFO |     step 63600  loss=0.6362  grp_sp=0.000  n_imp=37008  n_red=0
02:10:17 | INFO |     step 63800  loss=0.6359  grp_sp=0.000  n_imp=37008  n_red=0
02:11:34 | INFO |     step 64000  loss=0.6360  grp_sp=0.000  n_imp=37008  n_red=0
02:12:50 | INFO |     step 64200  loss=0.6360  grp_sp=0.000  n_imp=37008  n_red=0
02:14:05 | INFO |     step 64400  loss=0.6359  grp_sp=0.000  n_imp=37008  n_red=0
02:15:19 | INFO |     step 64600  loss=0.6364  grp_sp=0.000  n_imp=37008  n_red=0
02:16:33 | INFO |     step 64800  loss=0.6366  grp_sp=0.000  n_imp=37008  n_red=0
02:17:49 | INFO |     step 65000  loss=0.6371  grp_sp=0.000  n_imp=37008  n_red=0
02:19:06 | INFO |     step 65200  loss=0.6373  grp_sp=0.000  n_imp=37008  n_red=0
02:20:22 | INFO |     step 65400  loss=0.6374  grp_sp=0.000  n_imp=37008  n_red=0
02:21:37 | INFO |     step 65600  loss=0.6374  grp_sp=0.000  n_imp=37008  n_red=0
02:22:52 | INFO |     step 65800  loss=0.6377  grp_sp=0.000  n_imp=37008  n_red=0
02:24:07 | INFO |     step 66000  loss=0.6387  grp_sp=0.000  n_imp=37008  n_red=0
02:25:21 | INFO |     step 66200  loss=0.6393  grp_sp=0.000  n_imp=37008  n_red=0
02:28:48 | INFO | [EPOCH 3/10] loss=0.6391  grp_sp=0.000  EM=79.30  F1=87.06  elapsed=491.4min
02:28:51 | INFO |     step 66400  loss=0.5242  grp_sp=0.000  n_imp=37008  n_red=0
02:30:07 | INFO |     step 66600  loss=0.3586  grp_sp=0.000  n_imp=37008  n_red=0
02:31:22 | INFO |     step 66800  loss=0.3681  grp_sp=0.000  n_imp=37008  n_red=0
02:32:36 | INFO |     step 67000  loss=0.3515  grp_sp=0.000  n_imp=37008  n_red=0
02:33:51 | INFO |     step 67200  loss=0.3636  grp_sp=0.000  n_imp=37008  n_red=0
02:35:05 | INFO |     step 67400  loss=0.3713  grp_sp=0.000  n_imp=37008  n_red=0
02:36:20 | INFO |     step 67600  loss=0.3817  grp_sp=0.000  n_imp=37008  n_red=0
02:37:36 | INFO |     step 67800  loss=0.3830  grp_sp=0.000  n_imp=37008  n_red=0
02:38:51 | INFO |     step 68000  loss=0.3896  grp_sp=0.000  n_imp=37008  n_red=0
02:40:07 | INFO |     step 68200  loss=0.3873  grp_sp=0.000  n_imp=37008  n_red=0
02:41:23 | INFO |     step 68400  loss=0.3826  grp_sp=0.000  n_imp=37008  n_red=0
02:42:36 | INFO |     step 68600  loss=0.3854  grp_sp=0.000  n_imp=37008  n_red=0
02:43:51 | INFO |     step 68800  loss=0.3805  grp_sp=0.000  n_imp=37008  n_red=0
02:45:06 | INFO |     step 69000  loss=0.3820  grp_sp=0.000  n_imp=37008  n_red=0
02:46:22 | INFO |     step 69200  loss=0.3805  grp_sp=0.000  n_imp=37008  n_red=0
02:47:37 | INFO |     step 69400  loss=0.3823  grp_sp=0.000  n_imp=37008  n_red=0
02:48:54 | INFO |     step 69600  loss=0.3831  grp_sp=0.000  n_imp=37008  n_red=0
02:50:10 | INFO |     step 69800  loss=0.3842  grp_sp=0.000  n_imp=37008  n_red=0
02:51:26 | INFO |     step 70000  loss=0.3845  grp_sp=0.000  n_imp=37008  n_red=0
02:52:42 | INFO |     step 70200  loss=0.3860  grp_sp=0.000  n_imp=37008  n_red=0
02:53:57 | INFO |     step 70400  loss=0.3840  grp_sp=0.000  n_imp=37008  n_red=0
02:55:12 | INFO |     step 70600  loss=0.3834  grp_sp=0.000  n_imp=37008  n_red=0
02:56:29 | INFO |     step 70800  loss=0.3847  grp_sp=0.000  n_imp=37008  n_red=0
02:57:45 | INFO |     step 71000  loss=0.3842  grp_sp=0.000  n_imp=37008  n_red=0
02:59:01 | INFO |     step 71200  loss=0.3857  grp_sp=0.000  n_imp=37008  n_red=0
03:00:15 | INFO |     step 71400  loss=0.3856  grp_sp=0.000  n_imp=37008  n_red=0
03:01:30 | INFO |     step 71600  loss=0.3850  grp_sp=0.000  n_imp=37008  n_red=0
03:02:44 | INFO |     step 71800  loss=0.3863  grp_sp=0.000  n_imp=37008  n_red=0
03:03:58 | INFO |     step 72000  loss=0.3892  grp_sp=0.000  n_imp=37008  n_red=0
03:05:13 | INFO |     step 72200  loss=0.3889  grp_sp=0.000  n_imp=37008  n_red=0
03:06:28 | INFO |     step 72400  loss=0.3906  grp_sp=0.000  n_imp=37008  n_red=0
03:07:42 | INFO |     step 72600  loss=0.3908  grp_sp=0.000  n_imp=37008  n_red=0
03:08:57 | INFO |     step 72800  loss=0.3903  grp_sp=0.000  n_imp=37008  n_red=0
03:10:12 | INFO |     step 73000  loss=0.3901  grp_sp=0.000  n_imp=37008  n_red=0
03:11:27 | INFO |     step 73200  loss=0.3906  grp_sp=0.000  n_imp=37008  n_red=0
03:12:42 | INFO |     step 73400  loss=0.3908  grp_sp=0.000  n_imp=37008  n_red=0
03:13:57 | INFO |     step 73600  loss=0.3909  grp_sp=0.000  n_imp=37008  n_red=0
03:15:12 | INFO |     step 73800  loss=0.3909  grp_sp=0.000  n_imp=37008  n_red=0
03:16:28 | INFO |     step 74000  loss=0.3919  grp_sp=0.000  n_imp=37008  n_red=0
03:17:44 | INFO |     step 74200  loss=0.3923  grp_sp=0.000  n_imp=37008  n_red=0
03:19:00 | INFO |     step 74400  loss=0.3915  grp_sp=0.000  n_imp=37008  n_red=0
03:20:15 | INFO |     step 74600  loss=0.3924  grp_sp=0.000  n_imp=37008  n_red=0
03:21:31 | INFO |     step 74800  loss=0.3928  grp_sp=0.000  n_imp=37008  n_red=0
03:22:46 | INFO |     step 75000  loss=0.3940  grp_sp=0.000  n_imp=37008  n_red=0
03:24:01 | INFO |     step 75200  loss=0.3951  grp_sp=0.000  n_imp=37008  n_red=0
03:25:17 | INFO |     step 75400  loss=0.3944  grp_sp=0.000  n_imp=37008  n_red=0
03:26:33 | INFO |     step 75600  loss=0.3952  grp_sp=0.000  n_imp=37008  n_red=0
03:27:49 | INFO |     step 75800  loss=0.3959  grp_sp=0.000  n_imp=37008  n_red=0
03:29:05 | INFO |     step 76000  loss=0.3965  grp_sp=0.000  n_imp=37008  n_red=0
03:30:22 | INFO |     step 76200  loss=0.3976  grp_sp=0.000  n_imp=37008  n_red=0
03:31:38 | INFO |     step 76400  loss=0.3982  grp_sp=0.000  n_imp=37008  n_red=0
03:32:53 | INFO |     step 76600  loss=0.3976  grp_sp=0.000  n_imp=37008  n_red=0
03:34:09 | INFO |     step 76800  loss=0.3986  grp_sp=0.000  n_imp=37008  n_red=0
03:35:26 | INFO |     step 77000  loss=0.3992  grp_sp=0.000  n_imp=37008  n_red=0
03:36:42 | INFO |     step 77200  loss=0.3997  grp_sp=0.000  n_imp=37008  n_red=0
03:37:59 | INFO |     step 77400  loss=0.4006  grp_sp=0.000  n_imp=37008  n_red=0
03:39:15 | INFO |     step 77600  loss=0.4001  grp_sp=0.000  n_imp=37008  n_red=0
03:40:32 | INFO |     step 77800  loss=0.4007  grp_sp=0.000  n_imp=37008  n_red=0
03:41:48 | INFO |     step 78000  loss=0.4008  grp_sp=0.000  n_imp=37008  n_red=0
03:43:03 | INFO |     step 78200  loss=0.4012  grp_sp=0.000  n_imp=37008  n_red=0
03:44:20 | INFO |     step 78400  loss=0.4016  grp_sp=0.000  n_imp=37008  n_red=0
03:45:36 | INFO |     step 78600  loss=0.4019  grp_sp=0.000  n_imp=37008  n_red=0
03:46:53 | INFO |     step 78800  loss=0.4020  grp_sp=0.000  n_imp=37008  n_red=0
03:48:09 | INFO |     step 79000  loss=0.4019  grp_sp=0.000  n_imp=37008  n_red=0
03:49:24 | INFO |     step 79200  loss=0.4030  grp_sp=0.000  n_imp=37008  n_red=0
03:50:39 | INFO |     step 79400  loss=0.4032  grp_sp=0.000  n_imp=37008  n_red=0
03:51:56 | INFO |     step 79600  loss=0.4037  grp_sp=0.000  n_imp=37008  n_red=0
03:53:12 | INFO |     step 79800  loss=0.4044  grp_sp=0.000  n_imp=37008  n_red=0
03:54:27 | INFO |     step 80000  loss=0.4047  grp_sp=0.000  n_imp=37008  n_red=0
03:55:43 | INFO |     step 80200  loss=0.4047  grp_sp=0.000  n_imp=37008  n_red=0
03:56:59 | INFO |     step 80400  loss=0.4052  grp_sp=0.000  n_imp=37008  n_red=0
03:58:15 | INFO |     step 80600  loss=0.4055  grp_sp=0.000  n_imp=37008  n_red=0
03:59:32 | INFO |     step 80800  loss=0.4058  grp_sp=0.000  n_imp=37008  n_red=0
04:00:47 | INFO |     step 81000  loss=0.4060  grp_sp=0.000  n_imp=37008  n_red=0
04:02:02 | INFO |     step 81200  loss=0.4065  grp_sp=0.000  n_imp=37008  n_red=0
04:03:18 | INFO |     step 81400  loss=0.4064  grp_sp=0.000  n_imp=37008  n_red=0
04:04:34 | INFO |     step 81600  loss=0.4069  grp_sp=0.000  n_imp=37008  n_red=0
04:05:50 | INFO |     step 81800  loss=0.4069  grp_sp=0.000  n_imp=37008  n_red=0
04:07:05 | INFO |     step 82000  loss=0.4073  grp_sp=0.000  n_imp=37008  n_red=0
04:08:21 | INFO |     step 82200  loss=0.4079  grp_sp=0.000  n_imp=37008  n_red=0
04:09:36 | INFO |     step 82400  loss=0.4081  grp_sp=0.000  n_imp=37008  n_red=0
04:10:51 | INFO |     step 82600  loss=0.4084  grp_sp=0.000  n_imp=37008  n_red=0
04:12:07 | INFO |     step 82800  loss=0.4075  grp_sp=0.000  n_imp=37008  n_red=0
04:13:23 | INFO |     step 83000  loss=0.4073  grp_sp=0.000  n_imp=37008  n_red=0
04:14:39 | INFO |     step 83200  loss=0.4070  grp_sp=0.000  n_imp=37008  n_red=0
04:15:55 | INFO |     step 83400  loss=0.4073  grp_sp=0.000  n_imp=37008  n_red=0
04:17:11 | INFO |     step 83600  loss=0.4078  grp_sp=0.000  n_imp=37008  n_red=0
04:18:26 | INFO |     step 83800  loss=0.4079  grp_sp=0.000  n_imp=37008  n_red=0
04:19:39 | INFO |     step 84000  loss=0.4085  grp_sp=0.000  n_imp=37008  n_red=0
04:20:54 | INFO |     step 84200  loss=0.4090  grp_sp=0.000  n_imp=37008  n_red=0
04:22:09 | INFO |     step 84400  loss=0.4090  grp_sp=0.000  n_imp=37008  n_red=0
04:23:25 | INFO |     step 84600  loss=0.4095  grp_sp=0.000  n_imp=37008  n_red=0
04:24:42 | INFO |     step 84800  loss=0.4099  grp_sp=0.000  n_imp=37008  n_red=0
04:25:58 | INFO |     step 85000  loss=0.4099  grp_sp=0.000  n_imp=37008  n_red=0
04:27:14 | INFO |     step 85200  loss=0.4100  grp_sp=0.000  n_imp=37008  n_red=0
04:28:30 | INFO |     step 85400  loss=0.4103  grp_sp=0.000  n_imp=37008  n_red=0
04:29:45 | INFO |     step 85600  loss=0.4100  grp_sp=0.000  n_imp=37008  n_red=0
04:31:02 | INFO |     step 85800  loss=0.4101  grp_sp=0.000  n_imp=37008  n_red=0
04:32:18 | INFO |     step 86000  loss=0.4106  grp_sp=0.000  n_imp=37008  n_red=0
04:33:35 | INFO |     step 86200  loss=0.4110  grp_sp=0.000  n_imp=37008  n_red=0
04:34:51 | INFO |     step 86400  loss=0.4109  grp_sp=0.000  n_imp=37008  n_red=0
04:36:08 | INFO |     step 86600  loss=0.4111  grp_sp=0.000  n_imp=37008  n_red=0
04:37:24 | INFO |     step 86800  loss=0.4116  grp_sp=0.000  n_imp=37008  n_red=0
04:38:40 | INFO |     step 87000  loss=0.4117  grp_sp=0.000  n_imp=37008  n_red=0
04:39:55 | INFO |     step 87200  loss=0.4119  grp_sp=0.000  n_imp=37008  n_red=0
04:41:12 | INFO |     step 87400  loss=0.4125  grp_sp=0.000  n_imp=37008  n_red=0
04:42:28 | INFO |     step 87600  loss=0.4123  grp_sp=0.000  n_imp=37008  n_red=0
04:43:44 | INFO |     step 87800  loss=0.4130  grp_sp=0.000  n_imp=37008  n_red=0
04:45:00 | INFO |     step 88000  loss=0.4132  grp_sp=0.000  n_imp=37008  n_red=0
04:46:17 | INFO |     step 88200  loss=0.4136  grp_sp=0.000  n_imp=37008  n_red=0
04:47:32 | INFO |     step 88400  loss=0.4134  grp_sp=0.000  n_imp=37008  n_red=0
04:50:34 | INFO | [EPOCH 4/10] loss=0.4137  grp_sp=0.000  EM=77.81  F1=85.97  elapsed=633.2min
04:51:04 | INFO |     step 88600  loss=0.2581  grp_sp=0.000  n_imp=37008  n_red=0
04:52:20 | INFO |     step 88800  loss=0.2367  grp_sp=0.000  n_imp=37008  n_red=0
04:53:37 | INFO |     step 89000  loss=0.2308  grp_sp=0.000  n_imp=37008  n_red=0
04:54:53 | INFO |     step 89200  loss=0.2261  grp_sp=0.000  n_imp=37008  n_red=0
04:56:09 | INFO |     step 89400  loss=0.2331  grp_sp=0.000  n_imp=37008  n_red=0
04:57:25 | INFO |     step 89600  loss=0.2292  grp_sp=0.000  n_imp=37008  n_red=0
04:58:42 | INFO |     step 89800  loss=0.2264  grp_sp=0.000  n_imp=37008  n_red=0
04:59:59 | INFO |     step 90000  loss=0.2331  grp_sp=0.000  n_imp=37008  n_red=0
05:01:16 | INFO |     step 90200  loss=0.2372  grp_sp=0.000  n_imp=37008  n_red=0
05:02:33 | INFO |     step 90400  loss=0.2422  grp_sp=0.000  n_imp=37008  n_red=0
05:03:50 | INFO |     step 90600  loss=0.2466  grp_sp=0.000  n_imp=37008  n_red=0
05:05:07 | INFO |     step 90800  loss=0.2448  grp_sp=0.000  n_imp=37008  n_red=0
05:06:24 | INFO |     step 91000  loss=0.2430  grp_sp=0.000  n_imp=37008  n_red=0
05:07:41 | INFO |     step 91200  loss=0.2415  grp_sp=0.000  n_imp=37008  n_red=0
05:08:57 | INFO |     step 91400  loss=0.2429  grp_sp=0.000  n_imp=37008  n_red=0
05:10:14 | INFO |     step 91600  loss=0.2448  grp_sp=0.000  n_imp=37008  n_red=0
05:11:31 | INFO |     step 91800  loss=0.2484  grp_sp=0.000  n_imp=37008  n_red=0
05:12:48 | INFO |     step 92000  loss=0.2461  grp_sp=0.000  n_imp=37008  n_red=0
05:14:05 | INFO |     step 92200  loss=0.2449  grp_sp=0.000  n_imp=37008  n_red=0
05:15:22 | INFO |     step 92400  loss=0.2436  grp_sp=0.000  n_imp=37008  n_red=0
05:16:39 | INFO |     step 92600  loss=0.2417  grp_sp=0.000  n_imp=37008  n_red=0
05:17:55 | INFO |     step 92800  loss=0.2413  grp_sp=0.000  n_imp=37008  n_red=0
05:19:12 | INFO |     step 93000  loss=0.2420  grp_sp=0.000  n_imp=37008  n_red=0
05:20:29 | INFO |     step 93200  loss=0.2417  grp_sp=0.000  n_imp=37008  n_red=0
05:21:46 | INFO |     step 93400  loss=0.2416  grp_sp=0.000  n_imp=37008  n_red=0
05:23:02 | INFO |     step 93600  loss=0.2418  grp_sp=0.000  n_imp=37008  n_red=0
05:24:19 | INFO |     step 93800  loss=0.2409  grp_sp=0.000  n_imp=37008  n_red=0
05:25:35 | INFO |     step 94000  loss=0.2418  grp_sp=0.000  n_imp=37008  n_red=0
05:26:52 | INFO |     step 94200  loss=0.2427  grp_sp=0.000  n_imp=37008  n_red=0
05:28:08 | INFO |     step 94400  loss=0.2445  grp_sp=0.000  n_imp=37008  n_red=0
05:29:25 | INFO |     step 94600  loss=0.2444  grp_sp=0.000  n_imp=37008  n_red=0
05:30:42 | INFO |     step 94800  loss=0.2449  grp_sp=0.000  n_imp=37008  n_red=0
05:31:58 | INFO |     step 95000  loss=0.2450  grp_sp=0.000  n_imp=37008  n_red=0
05:33:15 | INFO |     step 95200  loss=0.2458  grp_sp=0.000  n_imp=37008  n_red=0
05:34:31 | INFO |     step 95400  loss=0.2469  grp_sp=0.000  n_imp=37008  n_red=0
05:35:47 | INFO |     step 95600  loss=0.2466  grp_sp=0.000  n_imp=37008  n_red=0
05:37:03 | INFO |     step 95800  loss=0.2457  grp_sp=0.000  n_imp=37008  n_red=0
05:38:20 | INFO |     step 96000  loss=0.2461  grp_sp=0.000  n_imp=37008  n_red=0
05:39:37 | INFO |     step 96200  loss=0.2467  grp_sp=0.000  n_imp=37008  n_red=0
05:40:54 | INFO |     step 96400  loss=0.2477  grp_sp=0.000  n_imp=37008  n_red=0
05:42:11 | INFO |     step 96600  loss=0.2483  grp_sp=0.000  n_imp=37008  n_red=0
05:43:27 | INFO |     step 96800  loss=0.2487  grp_sp=0.000  n_imp=37008  n_red=0
05:44:44 | INFO |     step 97000  loss=0.2498  grp_sp=0.000  n_imp=37008  n_red=0
05:46:01 | INFO |     step 97200  loss=0.2498  grp_sp=0.000  n_imp=37008  n_red=0
05:47:17 | INFO |     step 97400  loss=0.2490  grp_sp=0.000  n_imp=37008  n_red=0
05:48:29 | INFO |     step 97600  loss=0.2495  grp_sp=0.000  n_imp=37008  n_red=0
05:49:40 | INFO |     step 97800  loss=0.2499  grp_sp=0.000  n_imp=37008  n_red=0
05:50:54 | INFO |     step 98000  loss=0.2496  grp_sp=0.000  n_imp=37008  n_red=0
05:52:09 | INFO |     step 98200  loss=0.2498  grp_sp=0.000  n_imp=37008  n_red=0
05:53:24 | INFO |     step 98400  loss=0.2504  grp_sp=0.000  n_imp=37008  n_red=0
05:54:39 | INFO |     step 98600  loss=0.2504  grp_sp=0.000  n_imp=37008  n_red=0
05:55:53 | INFO |     step 98800  loss=0.2507  grp_sp=0.000  n_imp=37008  n_red=0
05:57:08 | INFO |     step 99000  loss=0.2508  grp_sp=0.000  n_imp=37008  n_red=0
05:58:24 | INFO |     step 99200  loss=0.2509  grp_sp=0.000  n_imp=37008  n_red=0
05:59:38 | INFO |     step 99400  loss=0.2507  grp_sp=0.000  n_imp=37008  n_red=0
06:00:54 | INFO |     step 99600  loss=0.2507  grp_sp=0.000  n_imp=37008  n_red=0
06:02:09 | INFO |     step 99800  loss=0.2504  grp_sp=0.000  n_imp=37008  n_red=0
06:03:24 | INFO |     step 100000  loss=0.2509  grp_sp=0.000  n_imp=37008  n_red=0
06:04:39 | INFO |     step 100200  loss=0.2516  grp_sp=0.000  n_imp=37008  n_red=0
06:05:54 | INFO |     step 100400  loss=0.2516  grp_sp=0.000  n_imp=37008  n_red=0
06:07:10 | INFO |     step 100600  loss=0.2512  grp_sp=0.000  n_imp=37008  n_red=0
06:08:25 | INFO |     step 100800  loss=0.2515  grp_sp=0.000  n_imp=37008  n_red=0
06:09:40 | INFO |     step 101000  loss=0.2521  grp_sp=0.000  n_imp=37008  n_red=0
06:10:56 | INFO |     step 101200  loss=0.2528  grp_sp=0.000  n_imp=37008  n_red=0
06:12:11 | INFO |     step 101400  loss=0.2524  grp_sp=0.000  n_imp=37008  n_red=0
06:13:25 | INFO |     step 101600  loss=0.2534  grp_sp=0.000  n_imp=37008  n_red=0
06:14:39 | INFO |     step 101800  loss=0.2538  grp_sp=0.000  n_imp=37008  n_red=0
06:15:54 | INFO |     step 102000  loss=0.2545  grp_sp=0.000  n_imp=37008  n_red=0
06:17:08 | INFO |     step 102200  loss=0.2543  grp_sp=0.000  n_imp=37008  n_red=0
06:18:22 | INFO |     step 102400  loss=0.2546  grp_sp=0.000  n_imp=37008  n_red=0
06:19:37 | INFO |     step 102600  loss=0.2553  grp_sp=0.000  n_imp=37008  n_red=0
06:20:51 | INFO |     step 102800  loss=0.2552  grp_sp=0.000  n_imp=37008  n_red=0
06:22:06 | INFO |     step 103000  loss=0.2556  grp_sp=0.000  n_imp=37008  n_red=0
06:23:20 | INFO |     step 103200  loss=0.2564  grp_sp=0.000  n_imp=37008  n_red=0
06:24:35 | INFO |     step 103400  loss=0.2564  grp_sp=0.000  n_imp=37008  n_red=0
06:25:49 | INFO |     step 103600  loss=0.2560  grp_sp=0.000  n_imp=37008  n_red=0
06:27:04 | INFO |     step 103800  loss=0.2558  grp_sp=0.000  n_imp=37008  n_red=0
06:28:19 | INFO |     step 104000  loss=0.2563  grp_sp=0.000  n_imp=37008  n_red=0
06:29:33 | INFO |     step 104200  loss=0.2560  grp_sp=0.000  n_imp=37008  n_red=0
06:30:48 | INFO |     step 104400  loss=0.2562  grp_sp=0.000  n_imp=37008  n_red=0
06:32:02 | INFO |     step 104600  loss=0.2565  grp_sp=0.000  n_imp=37008  n_red=0
06:33:17 | INFO |     step 104800  loss=0.2563  grp_sp=0.000  n_imp=37008  n_red=0
06:34:31 | INFO |     step 105000  loss=0.2566  grp_sp=0.000  n_imp=37008  n_red=0
06:35:46 | INFO |     step 105200  loss=0.2565  grp_sp=0.000  n_imp=37008  n_red=0
06:37:01 | INFO |     step 105400  loss=0.2572  grp_sp=0.000  n_imp=37008  n_red=0
06:38:15 | INFO |     step 105600  loss=0.2577  grp_sp=0.000  n_imp=37008  n_red=0
06:39:31 | INFO |     step 105800  loss=0.2585  grp_sp=0.000  n_imp=37008  n_red=0
06:40:47 | INFO |     step 106000  loss=0.2584  grp_sp=0.000  n_imp=37008  n_red=0
06:42:01 | INFO |     step 106200  loss=0.2595  grp_sp=0.000  n_imp=37008  n_red=0
06:43:17 | INFO |     step 106400  loss=0.2601  grp_sp=0.000  n_imp=37008  n_red=0
06:44:32 | INFO |     step 106600  loss=0.2601  grp_sp=0.000  n_imp=37008  n_red=0
06:45:47 | INFO |     step 106800  loss=0.2599  grp_sp=0.000  n_imp=37008  n_red=0
06:47:02 | INFO |     step 107000  loss=0.2601  grp_sp=0.000  n_imp=37008  n_red=0
06:48:17 | INFO |     step 107200  loss=0.2604  grp_sp=0.000  n_imp=37008  n_red=0
06:49:31 | INFO |     step 107400  loss=0.2610  grp_sp=0.000  n_imp=37008  n_red=0
06:50:45 | INFO |     step 107600  loss=0.2612  grp_sp=0.000  n_imp=37008  n_red=0
06:51:58 | INFO |     step 107800  loss=0.2614  grp_sp=0.000  n_imp=37008  n_red=0
06:53:12 | INFO |     step 108000  loss=0.2618  grp_sp=0.000  n_imp=37008  n_red=0
06:54:26 | INFO |     step 108200  loss=0.2618  grp_sp=0.000  n_imp=37008  n_red=0
06:55:40 | INFO |     step 108400  loss=0.2626  grp_sp=0.000  n_imp=37008  n_red=0
06:56:55 | INFO |     step 108600  loss=0.2625  grp_sp=0.000  n_imp=37008  n_red=0
06:58:09 | INFO |     step 108800  loss=0.2626  grp_sp=0.000  n_imp=37008  n_red=0
06:59:22 | INFO |     step 109000  loss=0.2627  grp_sp=0.000  n_imp=37008  n_red=0
07:00:34 | INFO |     step 109200  loss=0.2630  grp_sp=0.000  n_imp=37008  n_red=0
07:01:48 | INFO |     step 109400  loss=0.2631  grp_sp=0.000  n_imp=37008  n_red=0
07:03:01 | INFO |     step 109600  loss=0.2635  grp_sp=0.000  n_imp=37008  n_red=0
07:04:14 | INFO |     step 109800  loss=0.2635  grp_sp=0.000  n_imp=37008  n_red=0
07:05:28 | INFO |     step 110000  loss=0.2637  grp_sp=0.000  n_imp=37008  n_red=0
07:06:42 | INFO |     step 110200  loss=0.2635  grp_sp=0.000  n_imp=37008  n_red=0
07:07:57 | INFO |     step 110400  loss=0.2636  grp_sp=0.000  n_imp=37008  n_red=0
07:09:12 | INFO |     step 110600  loss=0.2642  grp_sp=0.000  n_imp=37008  n_red=0
07:11:43 | INFO | [EPOCH 5/10] loss=0.2643  grp_sp=0.000  EM=77.03  F1=85.90  elapsed=774.4min
07:12:39 | INFO |     step 110800  loss=0.6648  grp_sp=0.000  n_imp=36392  n_red=616
07:13:56 | INFO |     step 111000  loss=0.5688  grp_sp=0.000  n_imp=36392  n_red=616
07:15:12 | INFO |     step 111200  loss=0.5114  grp_sp=0.000  n_imp=36392  n_red=616
07:16:29 | INFO |     step 111400  loss=0.4760  grp_sp=0.000  n_imp=36392  n_red=616
07:17:45 | INFO |     step 111600  loss=0.4525  grp_sp=0.000  n_imp=36392  n_red=616
07:19:01 | INFO |     step 111800  loss=0.4323  grp_sp=0.000  n_imp=36392  n_red=616
07:20:16 | INFO |     step 112000  loss=0.4221  grp_sp=0.000  n_imp=36392  n_red=616
07:21:35 | INFO |     step 112200  loss=0.4147  grp_sp=0.000  n_imp=36392  n_red=616
07:22:54 | INFO |     step 112400  loss=0.4064  grp_sp=0.000  n_imp=36392  n_red=616
07:24:10 | INFO |     step 112600  loss=0.4019  grp_sp=0.000  n_imp=36392  n_red=616
07:25:27 | INFO |     step 112800  loss=0.3995  grp_sp=0.000  n_imp=36392  n_red=616
07:26:45 | INFO |     step 113000  loss=0.3944  grp_sp=0.000  n_imp=36392  n_red=616
07:28:03 | INFO |     step 113200  loss=0.3912  grp_sp=0.000  n_imp=36392  n_red=616
07:29:20 | INFO |     step 113400  loss=0.3850  grp_sp=0.000  n_imp=36392  n_red=616
07:30:37 | INFO |     step 113600  loss=0.3795  grp_sp=0.000  n_imp=36392  n_red=616
07:31:55 | INFO |     step 113800  loss=0.3765  grp_sp=0.000  n_imp=36392  n_red=616
07:33:14 | INFO |     step 114000  loss=0.3705  grp_sp=0.000  n_imp=36392  n_red=616
07:34:32 | INFO |     step 114200  loss=0.3684  grp_sp=0.000  n_imp=36392  n_red=616
07:35:49 | INFO |     step 114400  loss=0.3649  grp_sp=0.000  n_imp=36392  n_red=616
07:37:07 | INFO |     step 114600  loss=0.3630  grp_sp=0.000  n_imp=36392  n_red=616
07:38:24 | INFO |     step 114800  loss=0.3610  grp_sp=0.000  n_imp=36392  n_red=616
07:39:44 | INFO |     step 115000  loss=0.3560  grp_sp=0.000  n_imp=36392  n_red=616
07:41:04 | INFO |     step 115200  loss=0.3528  grp_sp=0.000  n_imp=36392  n_red=616
07:42:26 | INFO |     step 115400  loss=0.3505  grp_sp=0.000  n_imp=36392  n_red=616
07:43:46 | INFO |     step 115600  loss=0.3483  grp_sp=0.000  n_imp=36392  n_red=616
07:45:05 | INFO |     step 115800  loss=0.3479  grp_sp=0.000  n_imp=36392  n_red=616
07:46:24 | INFO |     step 116000  loss=0.3460  grp_sp=0.000  n_imp=36392  n_red=616
07:47:43 | INFO |     step 116200  loss=0.3451  grp_sp=0.000  n_imp=36392  n_red=616
07:49:02 | INFO |     step 116400  loss=0.3434  grp_sp=0.000  n_imp=36392  n_red=616
07:50:21 | INFO |     step 116600  loss=0.3420  grp_sp=0.000  n_imp=36392  n_red=616
07:51:40 | INFO |     step 116800  loss=0.3403  grp_sp=0.000  n_imp=36392  n_red=616
07:53:00 | INFO |     step 117000  loss=0.3381  grp_sp=0.000  n_imp=36392  n_red=616
07:54:18 | INFO |     step 117200  loss=0.3387  grp_sp=0.000  n_imp=36392  n_red=616
07:55:37 | INFO |     step 117400  loss=0.3371  grp_sp=0.000  n_imp=36392  n_red=616
07:56:55 | INFO |     step 117600  loss=0.3348  grp_sp=0.000  n_imp=36392  n_red=616
07:58:12 | INFO |     step 117800  loss=0.3340  grp_sp=0.000  n_imp=36392  n_red=616
07:59:30 | INFO |     step 118000  loss=0.3329  grp_sp=0.000  n_imp=36392  n_red=616
08:00:49 | INFO |     step 118200  loss=0.3329  grp_sp=0.000  n_imp=36392  n_red=616
08:02:10 | INFO |     step 118400  loss=0.3327  grp_sp=0.000  n_imp=36392  n_red=616
08:03:30 | INFO |     step 118600  loss=0.3315  grp_sp=0.000  n_imp=36392  n_red=616
08:04:49 | INFO |     step 118800  loss=0.3308  grp_sp=0.000  n_imp=36392  n_red=616
08:06:09 | INFO |     step 119000  loss=0.3296  grp_sp=0.000  n_imp=36392  n_red=616
08:07:30 | INFO |     step 119200  loss=0.3299  grp_sp=0.000  n_imp=36392  n_red=616
08:08:49 | INFO |     step 119400  loss=0.3291  grp_sp=0.000  n_imp=36392  n_red=616
08:10:09 | INFO |     step 119600  loss=0.3286  grp_sp=0.000  n_imp=36392  n_red=616
08:11:29 | INFO |     step 119800  loss=0.3276  grp_sp=0.000  n_imp=36392  n_red=616
08:12:50 | INFO |     step 120000  loss=0.3267  grp_sp=0.000  n_imp=36392  n_red=616
08:14:22 | INFO |     step 120200  loss=0.3266  grp_sp=0.000  n_imp=36392  n_red=616
08:15:52 | INFO |     step 120400  loss=0.3268  grp_sp=0.000  n_imp=36392  n_red=616
08:17:24 | INFO |     step 120600  loss=0.3257  grp_sp=0.000  n_imp=36392  n_red=616
08:18:51 | INFO |     step 120800  loss=0.3257  grp_sp=0.000  n_imp=36392  n_red=616
08:20:20 | INFO |     step 121000  loss=0.3262  grp_sp=0.000  n_imp=36392  n_red=616
08:21:40 | INFO |     step 121200  loss=0.3256  grp_sp=0.000  n_imp=36392  n_red=616
08:22:59 | INFO |     step 121400  loss=0.3256  grp_sp=0.000  n_imp=36392  n_red=616
08:24:18 | INFO |     step 121600  loss=0.3247  grp_sp=0.000  n_imp=36392  n_red=616
08:25:39 | INFO |     step 121800  loss=0.3239  grp_sp=0.000  n_imp=36392  n_red=616
08:27:00 | INFO |     step 122000  loss=0.3240  grp_sp=0.000  n_imp=36392  n_red=616
08:28:26 | INFO |     step 122200  loss=0.3235  grp_sp=0.000  n_imp=36392  n_red=616
08:29:50 | INFO |     step 122400  loss=0.3227  grp_sp=0.000  n_imp=36392  n_red=616
08:31:11 | INFO |     step 122600  loss=0.3224  grp_sp=0.000  n_imp=36392  n_red=616
08:32:35 | INFO |     step 122800  loss=0.3226  grp_sp=0.000  n_imp=36392  n_red=616
08:33:55 | INFO |     step 123000  loss=0.3222  grp_sp=0.000  n_imp=36392  n_red=616
08:35:14 | INFO |     step 123200  loss=0.3216  grp_sp=0.000  n_imp=36392  n_red=616
08:36:42 | INFO |     step 123400  loss=0.3204  grp_sp=0.000  n_imp=36392  n_red=616
08:38:12 | INFO |     step 123600  loss=0.3201  grp_sp=0.000  n_imp=36392  n_red=616
08:39:38 | INFO |     step 123800  loss=0.3204  grp_sp=0.000  n_imp=36392  n_red=616
08:40:58 | INFO |     step 124000  loss=0.3206  grp_sp=0.000  n_imp=36392  n_red=616
08:42:17 | INFO |     step 124200  loss=0.3199  grp_sp=0.000  n_imp=36392  n_red=616
08:43:35 | INFO |     step 124400  loss=0.3195  grp_sp=0.000  n_imp=36392  n_red=616
08:44:55 | INFO |     step 124600  loss=0.3187  grp_sp=0.000  n_imp=36392  n_red=616
08:46:13 | INFO |     step 124800  loss=0.3184  grp_sp=0.000  n_imp=36392  n_red=616
08:47:32 | INFO |     step 125000  loss=0.3188  grp_sp=0.000  n_imp=36392  n_red=616
08:48:53 | INFO |     step 125200  loss=0.3186  grp_sp=0.000  n_imp=36392  n_red=616
08:50:20 | INFO |     step 125400  loss=0.3189  grp_sp=0.000  n_imp=36392  n_red=616
08:51:47 | INFO |     step 125600  loss=0.3187  grp_sp=0.000  n_imp=36392  n_red=616
08:53:14 | INFO |     step 125800  loss=0.3182  grp_sp=0.000  n_imp=36392  n_red=616
08:54:41 | INFO |     step 126000  loss=0.3184  grp_sp=0.000  n_imp=36392  n_red=616
08:56:02 | INFO |     step 126200  loss=0.3179  grp_sp=0.000  n_imp=36392  n_red=616
08:57:20 | INFO |     step 126400  loss=0.3174  grp_sp=0.000  n_imp=36392  n_red=616
08:58:39 | INFO |     step 126600  loss=0.3169  grp_sp=0.000  n_imp=36392  n_red=616
08:59:59 | INFO |     step 126800  loss=0.3171  grp_sp=0.000  n_imp=36392  n_red=616
09:01:17 | INFO |     step 127000  loss=0.3167  grp_sp=0.000  n_imp=36392  n_red=616
09:02:34 | INFO |     step 127200  loss=0.3162  grp_sp=0.000  n_imp=36392  n_red=616
09:03:53 | INFO |     step 127400  loss=0.3162  grp_sp=0.000  n_imp=36392  n_red=616
09:05:11 | INFO |     step 127600  loss=0.3160  grp_sp=0.000  n_imp=36392  n_red=616
09:06:31 | INFO |     step 127800  loss=0.3157  grp_sp=0.000  n_imp=36392  n_red=616
09:07:51 | INFO |     step 128000  loss=0.3148  grp_sp=0.000  n_imp=36392  n_red=616
09:09:10 | INFO |     step 128200  loss=0.3145  grp_sp=0.000  n_imp=36392  n_red=616
09:10:28 | INFO |     step 128400  loss=0.3142  grp_sp=0.000  n_imp=36392  n_red=616
09:11:46 | INFO |     step 128600  loss=0.3137  grp_sp=0.000  n_imp=36392  n_red=616
09:13:13 | INFO |     step 128800  loss=0.3133  grp_sp=0.000  n_imp=36392  n_red=616
09:14:36 | INFO |     step 129000  loss=0.3128  grp_sp=0.000  n_imp=36392  n_red=616
09:15:56 | INFO |     step 129200  loss=0.3154  grp_sp=0.017  n_imp=35776  n_red=1232
09:17:15 | INFO |     step 129400  loss=0.3175  grp_sp=0.017  n_imp=35776  n_red=1232
09:18:35 | INFO |     step 129600  loss=0.3186  grp_sp=0.017  n_imp=35776  n_red=1232
09:19:54 | INFO |     step 129800  loss=0.3195  grp_sp=0.017  n_imp=35776  n_red=1232
09:21:14 | INFO |     step 130000  loss=0.3205  grp_sp=0.017  n_imp=35776  n_red=1232
09:22:33 | INFO |     step 130200  loss=0.3213  grp_sp=0.017  n_imp=35776  n_red=1232
09:23:52 | INFO |     step 130400  loss=0.3222  grp_sp=0.017  n_imp=35776  n_red=1232
09:25:13 | INFO |     step 130600  loss=0.3222  grp_sp=0.017  n_imp=35776  n_red=1232
09:26:33 | INFO |     step 130800  loss=0.3227  grp_sp=0.017  n_imp=35776  n_red=1232
09:27:53 | INFO |     step 131000  loss=0.3227  grp_sp=0.017  n_imp=35776  n_red=1232
09:29:12 | INFO |     step 131200  loss=0.3235  grp_sp=0.017  n_imp=35776  n_red=1232
09:30:32 | INFO |     step 131400  loss=0.3241  grp_sp=0.017  n_imp=35776  n_red=1232
09:31:52 | INFO |     step 131600  loss=0.3245  grp_sp=0.017  n_imp=35776  n_red=1232
09:33:11 | INFO |     step 131800  loss=0.3249  grp_sp=0.017  n_imp=35776  n_red=1232
09:34:31 | INFO |     step 132000  loss=0.3251  grp_sp=0.017  n_imp=35776  n_red=1232
09:35:51 | INFO |     step 132200  loss=0.3252  grp_sp=0.017  n_imp=35776  n_red=1232
09:37:12 | INFO |     step 132400  loss=0.3255  grp_sp=0.017  n_imp=35776  n_red=1232
09:38:32 | INFO |     step 132600  loss=0.3255  grp_sp=0.017  n_imp=35776  n_red=1232
09:41:59 | INFO | [EPOCH 6/10] loss=0.3253  grp_sp=0.017  EM=75.55  F1=84.56  elapsed=924.6min
09:42:04 | INFO |     step 132800  loss=0.2425  grp_sp=0.017  n_imp=35776  n_red=1232
09:43:23 | INFO |     step 133000  loss=0.2192  grp_sp=0.017  n_imp=35776  n_red=1232
09:44:44 | INFO |     step 133200  loss=0.2193  grp_sp=0.017  n_imp=35776  n_red=1232
09:46:03 | INFO |     step 133400  loss=0.2166  grp_sp=0.017  n_imp=35776  n_red=1232
09:47:22 | INFO |     step 133600  loss=0.2097  grp_sp=0.017  n_imp=35776  n_red=1232
09:48:43 | INFO |     step 133800  loss=0.2071  grp_sp=0.017  n_imp=35776  n_red=1232
09:50:04 | INFO |     step 134000  loss=0.2082  grp_sp=0.017  n_imp=35776  n_red=1232
09:51:24 | INFO |     step 134200  loss=0.2089  grp_sp=0.017  n_imp=35776  n_red=1232
09:52:44 | INFO |     step 134400  loss=0.2098  grp_sp=0.017  n_imp=35776  n_red=1232
09:54:04 | INFO |     step 134600  loss=0.2096  grp_sp=0.017  n_imp=35776  n_red=1232
09:55:25 | INFO |     step 134800  loss=0.2093  grp_sp=0.017  n_imp=35776  n_red=1232
09:56:45 | INFO |     step 135000  loss=0.2091  grp_sp=0.017  n_imp=35776  n_red=1232
09:58:05 | INFO |     step 135200  loss=0.2119  grp_sp=0.017  n_imp=35776  n_red=1232
09:59:24 | INFO |     step 135400  loss=0.2103  grp_sp=0.017  n_imp=35776  n_red=1232
10:00:44 | INFO |     step 135600  loss=0.2099  grp_sp=0.017  n_imp=35776  n_red=1232
10:02:02 | INFO |     step 135800  loss=0.2106  grp_sp=0.017  n_imp=35776  n_red=1232
10:03:21 | INFO |     step 136000  loss=0.2108  grp_sp=0.017  n_imp=35776  n_red=1232
10:04:41 | INFO |     step 136200  loss=0.2115  grp_sp=0.017  n_imp=35776  n_red=1232
10:06:01 | INFO |     step 136400  loss=0.2120  grp_sp=0.017  n_imp=35776  n_red=1232
10:07:21 | INFO |     step 136600  loss=0.2123  grp_sp=0.017  n_imp=35776  n_red=1232
10:08:41 | INFO |     step 136800  loss=0.2126  grp_sp=0.017  n_imp=35776  n_red=1232
10:10:00 | INFO |     step 137000  loss=0.2130  grp_sp=0.017  n_imp=35776  n_red=1232
10:11:20 | INFO |     step 137200  loss=0.2130  grp_sp=0.017  n_imp=35776  n_red=1232
10:12:41 | INFO |     step 137400  loss=0.2118  grp_sp=0.017  n_imp=35776  n_red=1232
10:13:59 | INFO |     step 137600  loss=0.2114  grp_sp=0.017  n_imp=35776  n_red=1232
10:15:18 | INFO |     step 137800  loss=0.2133  grp_sp=0.017  n_imp=35776  n_red=1232
10:16:38 | INFO |     step 138000  loss=0.2139  grp_sp=0.017  n_imp=35776  n_red=1232
10:17:57 | INFO |     step 138200  loss=0.2129  grp_sp=0.017  n_imp=35776  n_red=1232
10:19:18 | INFO |     step 138400  loss=0.2130  grp_sp=0.017  n_imp=35776  n_red=1232
10:20:38 | INFO |     step 138600  loss=0.2136  grp_sp=0.017  n_imp=35776  n_red=1232
10:21:59 | INFO |     step 138800  loss=0.2138  grp_sp=0.017  n_imp=35776  n_red=1232
10:23:19 | INFO |     step 139000  loss=0.2136  grp_sp=0.017  n_imp=35776  n_red=1232
10:24:40 | INFO |     step 139200  loss=0.2134  grp_sp=0.017  n_imp=35776  n_red=1232
10:26:01 | INFO |     step 139400  loss=0.2130  grp_sp=0.017  n_imp=35776  n_red=1232
10:27:21 | INFO |     step 139600  loss=0.2133  grp_sp=0.017  n_imp=35776  n_red=1232
10:28:46 | INFO |     step 139800  loss=0.2132  grp_sp=0.017  n_imp=35776  n_red=1232
10:30:07 | INFO |     step 140000  loss=0.2132  grp_sp=0.017  n_imp=35776  n_red=1232
10:31:28 | INFO |     step 140200  loss=0.2133  grp_sp=0.017  n_imp=35776  n_red=1232
10:32:52 | INFO |     step 140400  loss=0.2143  grp_sp=0.017  n_imp=35776  n_red=1232
10:34:24 | INFO |     step 140600  loss=0.2149  grp_sp=0.017  n_imp=35776  n_red=1232
10:35:52 | INFO |     step 140800  loss=0.2156  grp_sp=0.017  n_imp=35776  n_red=1232
10:37:13 | INFO |     step 141000  loss=0.2160  grp_sp=0.017  n_imp=35776  n_red=1232
10:38:32 | INFO |     step 141200  loss=0.2165  grp_sp=0.017  n_imp=35776  n_red=1232
10:39:51 | INFO |     step 141400  loss=0.2161  grp_sp=0.017  n_imp=35776  n_red=1232
10:41:07 | INFO |     step 141600  loss=0.2168  grp_sp=0.017  n_imp=35776  n_red=1232
10:42:25 | INFO |     step 141800  loss=0.2165  grp_sp=0.017  n_imp=35776  n_red=1232
10:43:46 | INFO |     step 142000  loss=0.2161  grp_sp=0.017  n_imp=35776  n_red=1232
10:45:06 | INFO |     step 142200  loss=0.2162  grp_sp=0.017  n_imp=35776  n_red=1232
10:46:26 | INFO |     step 142400  loss=0.2154  grp_sp=0.017  n_imp=35776  n_red=1232
10:47:46 | INFO |     step 142600  loss=0.2158  grp_sp=0.017  n_imp=35776  n_red=1232
10:49:11 | INFO |     step 142800  loss=0.2152  grp_sp=0.017  n_imp=35776  n_red=1232
10:50:33 | INFO |     step 143000  loss=0.2147  grp_sp=0.017  n_imp=35776  n_red=1232
10:51:53 | INFO |     step 143200  loss=0.2146  grp_sp=0.017  n_imp=35776  n_red=1232
10:53:18 | INFO |     step 143400  loss=0.2144  grp_sp=0.017  n_imp=35776  n_red=1232
10:54:43 | INFO |     step 143600  loss=0.2146  grp_sp=0.017  n_imp=35776  n_red=1232
10:56:08 | INFO |     step 143800  loss=0.2140  grp_sp=0.017  n_imp=35776  n_red=1232
10:57:28 | INFO |     step 144000  loss=0.2140  grp_sp=0.017  n_imp=35776  n_red=1232
10:58:53 | INFO |     step 144200  loss=0.2137  grp_sp=0.017  n_imp=35776  n_red=1232
11:00:19 | INFO |     step 144400  loss=0.2137  grp_sp=0.017  n_imp=35776  n_red=1232
11:01:43 | INFO |     step 144600  loss=0.2137  grp_sp=0.017  n_imp=35776  n_red=1232
11:02:59 | INFO |     step 144800  loss=0.2138  grp_sp=0.017  n_imp=35776  n_red=1232
11:04:17 | INFO |     step 145000  loss=0.2140  grp_sp=0.017  n_imp=35776  n_red=1232
11:05:39 | INFO |     step 145200  loss=0.2139  grp_sp=0.017  n_imp=35776  n_red=1232
11:06:58 | INFO |     step 145400  loss=0.2137  grp_sp=0.017  n_imp=35776  n_red=1232
11:08:18 | INFO |     step 145600  loss=0.2135  grp_sp=0.017  n_imp=35776  n_red=1232
11:09:36 | INFO |     step 145800  loss=0.2139  grp_sp=0.017  n_imp=35776  n_red=1232
11:10:53 | INFO |     step 146000  loss=0.2143  grp_sp=0.017  n_imp=35776  n_red=1232
11:12:10 | INFO |     step 146200  loss=0.2141  grp_sp=0.017  n_imp=35776  n_red=1232
11:13:27 | INFO |     step 146400  loss=0.2145  grp_sp=0.017  n_imp=35776  n_red=1232
11:14:45 | INFO |     step 146600  loss=0.2145  grp_sp=0.017  n_imp=35776  n_red=1232
11:16:03 | INFO |     step 146800  loss=0.2143  grp_sp=0.017  n_imp=35776  n_red=1232
11:17:21 | INFO |     step 147000  loss=0.2146  grp_sp=0.017  n_imp=35776  n_red=1232
11:18:40 | INFO |     step 147200  loss=0.2146  grp_sp=0.017  n_imp=35776  n_red=1232
11:19:59 | INFO |     step 147400  loss=0.2145  grp_sp=0.017  n_imp=35776  n_red=1232
11:21:18 | INFO |     step 147600  loss=0.2151  grp_sp=0.033  n_imp=35160  n_red=1848
11:22:37 | INFO |     step 147800  loss=0.2165  grp_sp=0.033  n_imp=35160  n_red=1848
11:23:57 | INFO |     step 148000  loss=0.2182  grp_sp=0.033  n_imp=35160  n_red=1848
11:25:16 | INFO |     step 148200  loss=0.2187  grp_sp=0.033  n_imp=35160  n_red=1848
11:26:35 | INFO |     step 148400  loss=0.2191  grp_sp=0.033  n_imp=35160  n_red=1848
11:27:54 | INFO |     step 148600  loss=0.2197  grp_sp=0.033  n_imp=35160  n_red=1848
11:29:13 | INFO |     step 148800  loss=0.2199  grp_sp=0.033  n_imp=35160  n_red=1848
11:30:31 | INFO |     step 149000  loss=0.2203  grp_sp=0.033  n_imp=35160  n_red=1848
11:31:49 | INFO |     step 149200  loss=0.2209  grp_sp=0.033  n_imp=35160  n_red=1848
11:33:08 | INFO |     step 149400  loss=0.2215  grp_sp=0.033  n_imp=35160  n_red=1848
11:34:26 | INFO |     step 149600  loss=0.2222  grp_sp=0.033  n_imp=35160  n_red=1848
11:35:44 | INFO |     step 149800  loss=0.2226  grp_sp=0.033  n_imp=35160  n_red=1848
11:37:04 | INFO |     step 150000  loss=0.2228  grp_sp=0.033  n_imp=35160  n_red=1848
11:38:23 | INFO |     step 150200  loss=0.2231  grp_sp=0.033  n_imp=35160  n_red=1848
11:39:43 | INFO |     step 150400  loss=0.2237  grp_sp=0.033  n_imp=35160  n_red=1848
11:41:03 | INFO |     step 150600  loss=0.2236  grp_sp=0.033  n_imp=35160  n_red=1848
11:42:23 | INFO |     step 150800  loss=0.2236  grp_sp=0.033  n_imp=35160  n_red=1848
11:43:42 | INFO |     step 151000  loss=0.2238  grp_sp=0.033  n_imp=35160  n_red=1848
11:45:02 | INFO |     step 151200  loss=0.2240  grp_sp=0.033  n_imp=35160  n_red=1848
11:46:22 | INFO |     step 151400  loss=0.2244  grp_sp=0.033  n_imp=35160  n_red=1848
11:47:41 | INFO |     step 151600  loss=0.2244  grp_sp=0.033  n_imp=35160  n_red=1848
11:49:01 | INFO |     step 151800  loss=0.2247  grp_sp=0.033  n_imp=35160  n_red=1848
11:50:21 | INFO |     step 152000  loss=0.2248  grp_sp=0.033  n_imp=35160  n_red=1848
11:51:41 | INFO |     step 152200  loss=0.2250  grp_sp=0.033  n_imp=35160  n_red=1848
11:53:00 | INFO |     step 152400  loss=0.2252  grp_sp=0.033  n_imp=35160  n_red=1848
11:54:19 | INFO |     step 152600  loss=0.2253  grp_sp=0.033  n_imp=35160  n_red=1848
11:55:39 | INFO |     step 152800  loss=0.2255  grp_sp=0.033  n_imp=35160  n_red=1848
11:56:58 | INFO |     step 153000  loss=0.2257  grp_sp=0.033  n_imp=35160  n_red=1848
11:58:17 | INFO |     step 153200  loss=0.2263  grp_sp=0.033  n_imp=35160  n_red=1848
11:59:39 | INFO |     step 153400  loss=0.2266  grp_sp=0.033  n_imp=35160  n_red=1848
12:01:09 | INFO |     step 153600  loss=0.2269  grp_sp=0.033  n_imp=35160  n_red=1848
12:02:39 | INFO |     step 153800  loss=0.2272  grp_sp=0.033  n_imp=35160  n_red=1848
12:04:09 | INFO |     step 154000  loss=0.2273  grp_sp=0.033  n_imp=35160  n_red=1848
12:05:40 | INFO |     step 154200  loss=0.2276  grp_sp=0.033  n_imp=35160  n_red=1848
12:07:09 | INFO |     step 154400  loss=0.2280  grp_sp=0.033  n_imp=35160  n_red=1848
12:08:39 | INFO |     step 154600  loss=0.2280  grp_sp=0.033  n_imp=35160  n_red=1848
12:10:10 | INFO |     step 154800  loss=0.2283  grp_sp=0.033  n_imp=35160  n_red=1848
12:13:10 | INFO | [EPOCH 7/10] loss=0.2282  grp_sp=0.033  EM=76.40  F1=85.45  elapsed=1075.9min
12:13:43 | INFO |     step 155000  loss=0.1685  grp_sp=0.033  n_imp=35160  n_red=1848
12:15:02 | INFO |     step 155200  loss=0.1375  grp_sp=0.033  n_imp=35160  n_red=1848
12:16:22 | INFO |     step 155400  loss=0.1466  grp_sp=0.033  n_imp=35160  n_red=1848
12:17:41 | INFO |     step 155600  loss=0.1423  grp_sp=0.033  n_imp=35160  n_red=1848
12:19:00 | INFO |     step 155800  loss=0.1391  grp_sp=0.033  n_imp=35160  n_red=1848
12:20:17 | INFO |     step 156000  loss=0.1385  grp_sp=0.033  n_imp=35160  n_red=1848
12:21:37 | INFO |     step 156200  loss=0.1384  grp_sp=0.033  n_imp=35160  n_red=1848
12:22:56 | INFO |     step 156400  loss=0.1396  grp_sp=0.033  n_imp=35160  n_red=1848
12:24:14 | INFO |     step 156600  loss=0.1390  grp_sp=0.033  n_imp=35160  n_red=1848
12:25:33 | INFO |     step 156800  loss=0.1430  grp_sp=0.033  n_imp=35160  n_red=1848
12:26:52 | INFO |     step 157000  loss=0.1436  grp_sp=0.033  n_imp=35160  n_red=1848
12:28:11 | INFO |     step 157200  loss=0.1477  grp_sp=0.033  n_imp=35160  n_red=1848
12:29:30 | INFO |     step 157400  loss=0.1464  grp_sp=0.033  n_imp=35160  n_red=1848
12:30:49 | INFO |     step 157600  loss=0.1459  grp_sp=0.033  n_imp=35160  n_red=1848
12:32:07 | INFO |     step 157800  loss=0.1453  grp_sp=0.033  n_imp=35160  n_red=1848
12:33:26 | INFO |     step 158000  loss=0.1460  grp_sp=0.033  n_imp=35160  n_red=1848
12:34:44 | INFO |     step 158200  loss=0.1494  grp_sp=0.033  n_imp=35160  n_red=1848
12:36:02 | INFO |     step 158400  loss=0.1483  grp_sp=0.033  n_imp=35160  n_red=1848
12:37:20 | INFO |     step 158600  loss=0.1486  grp_sp=0.033  n_imp=35160  n_red=1848
12:38:39 | INFO |     step 158800  loss=0.1475  grp_sp=0.033  n_imp=35160  n_red=1848
12:39:58 | INFO |     step 159000  loss=0.1491  grp_sp=0.033  n_imp=35160  n_red=1848
12:41:17 | INFO |     step 159200  loss=0.1494  grp_sp=0.033  n_imp=35160  n_red=1848
12:42:36 | INFO |     step 159400  loss=0.1483  grp_sp=0.033  n_imp=35160  n_red=1848
12:43:54 | INFO |     step 159600  loss=0.1482  grp_sp=0.033  n_imp=35160  n_red=1848
12:45:13 | INFO |     step 159800  loss=0.1466  grp_sp=0.033  n_imp=35160  n_red=1848
12:46:32 | INFO |     step 160000  loss=0.1476  grp_sp=0.033  n_imp=35160  n_red=1848
12:47:50 | INFO |     step 160200  loss=0.1485  grp_sp=0.033  n_imp=35160  n_red=1848
12:49:08 | INFO |     step 160400  loss=0.1492  grp_sp=0.033  n_imp=35160  n_red=1848
12:50:26 | INFO |     step 160600  loss=0.1495  grp_sp=0.033  n_imp=35160  n_red=1848
12:51:44 | INFO |     step 160800  loss=0.1494  grp_sp=0.033  n_imp=35160  n_red=1848
12:53:02 | INFO |     step 161000  loss=0.1491  grp_sp=0.033  n_imp=35160  n_red=1848
12:54:19 | INFO |     step 161200  loss=0.1490  grp_sp=0.033  n_imp=35160  n_red=1848
12:55:36 | INFO |     step 161400  loss=0.1502  grp_sp=0.033  n_imp=35160  n_red=1848
12:56:55 | INFO |     step 161600  loss=0.1506  grp_sp=0.033  n_imp=35160  n_red=1848
12:58:14 | INFO |     step 161800  loss=0.1506  grp_sp=0.033  n_imp=35160  n_red=1848
12:59:33 | INFO |     step 162000  loss=0.1504  grp_sp=0.033  n_imp=35160  n_red=1848
13:00:51 | INFO |     step 162200  loss=0.1499  grp_sp=0.033  n_imp=35160  n_red=1848
13:02:10 | INFO |     step 162400  loss=0.1508  grp_sp=0.033  n_imp=35160  n_red=1848
13:03:29 | INFO |     step 162600  loss=0.1509  grp_sp=0.033  n_imp=35160  n_red=1848
13:04:48 | INFO |     step 162800  loss=0.1514  grp_sp=0.033  n_imp=35160  n_red=1848
13:06:09 | INFO |     step 163000  loss=0.1515  grp_sp=0.033  n_imp=35160  n_red=1848
13:07:29 | INFO |     step 163200  loss=0.1520  grp_sp=0.033  n_imp=35160  n_red=1848
13:08:50 | INFO |     step 163400  loss=0.1522  grp_sp=0.033  n_imp=35160  n_red=1848
13:10:13 | INFO |     step 163600  loss=0.1515  grp_sp=0.033  n_imp=35160  n_red=1848
13:11:34 | INFO |     step 163800  loss=0.1515  grp_sp=0.033  n_imp=35160  n_red=1848
13:12:55 | INFO |     step 164000  loss=0.1516  grp_sp=0.033  n_imp=35160  n_red=1848
13:14:16 | INFO |     step 164200  loss=0.1515  grp_sp=0.033  n_imp=35160  n_red=1848
13:15:37 | INFO |     step 164400  loss=0.1523  grp_sp=0.033  n_imp=35160  n_red=1848
13:16:59 | INFO |     step 164600  loss=0.1525  grp_sp=0.033  n_imp=35160  n_red=1848
13:18:21 | INFO |     step 164800  loss=0.1526  grp_sp=0.033  n_imp=35160  n_red=1848
13:19:42 | INFO |     step 165000  loss=0.1522  grp_sp=0.033  n_imp=35160  n_red=1848
13:21:04 | INFO |     step 165200  loss=0.1526  grp_sp=0.033  n_imp=35160  n_red=1848
13:22:25 | INFO |     step 165400  loss=0.1526  grp_sp=0.033  n_imp=35160  n_red=1848
13:23:47 | INFO |     step 165600  loss=0.1527  grp_sp=0.033  n_imp=35160  n_red=1848
13:25:08 | INFO |     step 165800  loss=0.1537  grp_sp=0.033  n_imp=35160  n_red=1848
13:26:30 | INFO |     step 166000  loss=0.1537  grp_sp=0.050  n_imp=34544  n_red=2464
13:27:51 | INFO |     step 166200  loss=0.1549  grp_sp=0.050  n_imp=34544  n_red=2464
13:29:10 | INFO |     step 166400  loss=0.1552  grp_sp=0.050  n_imp=34544  n_red=2464
13:30:30 | INFO |     step 166600  loss=0.1561  grp_sp=0.050  n_imp=34544  n_red=2464
13:31:50 | INFO |     step 166800  loss=0.1564  grp_sp=0.050  n_imp=34544  n_red=2464
13:33:10 | INFO |     step 167000  loss=0.1574  grp_sp=0.050  n_imp=34544  n_red=2464
13:34:32 | INFO |     step 167200  loss=0.1579  grp_sp=0.050  n_imp=34544  n_red=2464
13:35:53 | INFO |     step 167400  loss=0.1583  grp_sp=0.050  n_imp=34544  n_red=2464
13:37:14 | INFO |     step 167600  loss=0.1595  grp_sp=0.050  n_imp=34544  n_red=2464
13:38:34 | INFO |     step 167800  loss=0.1603  grp_sp=0.050  n_imp=34544  n_red=2464
13:39:54 | INFO |     step 168000  loss=0.1607  grp_sp=0.050  n_imp=34544  n_red=2464
13:41:15 | INFO |     step 168200  loss=0.1610  grp_sp=0.050  n_imp=34544  n_red=2464
13:42:36 | INFO |     step 168400  loss=0.1614  grp_sp=0.050  n_imp=34544  n_red=2464
13:43:57 | INFO |     step 168600  loss=0.1619  grp_sp=0.050  n_imp=34544  n_red=2464
13:45:17 | INFO |     step 168800  loss=0.1618  grp_sp=0.050  n_imp=34544  n_red=2464
13:46:36 | INFO |     step 169000  loss=0.1623  grp_sp=0.050  n_imp=34544  n_red=2464
13:47:56 | INFO |     step 169200  loss=0.1627  grp_sp=0.050  n_imp=34544  n_red=2464
13:49:16 | INFO |     step 169400  loss=0.1630  grp_sp=0.050  n_imp=34544  n_red=2464
13:50:36 | INFO |     step 169600  loss=0.1631  grp_sp=0.050  n_imp=34544  n_red=2464
13:51:56 | INFO |     step 169800  loss=0.1632  grp_sp=0.050  n_imp=34544  n_red=2464
13:53:16 | INFO |     step 170000  loss=0.1634  grp_sp=0.050  n_imp=34544  n_red=2464
13:54:36 | INFO |     step 170200  loss=0.1637  grp_sp=0.050  n_imp=34544  n_red=2464
13:55:56 | INFO |     step 170400  loss=0.1641  grp_sp=0.050  n_imp=34544  n_red=2464
13:57:16 | INFO |     step 170600  loss=0.1644  grp_sp=0.050  n_imp=34544  n_red=2464
13:58:37 | INFO |     step 170800  loss=0.1646  grp_sp=0.050  n_imp=34544  n_red=2464
13:59:57 | INFO |     step 171000  loss=0.1647  grp_sp=0.050  n_imp=34544  n_red=2464
14:01:16 | INFO |     step 171200  loss=0.1646  grp_sp=0.050  n_imp=34544  n_red=2464
14:02:36 | INFO |     step 171400  loss=0.1644  grp_sp=0.050  n_imp=34544  n_red=2464
14:03:57 | INFO |     step 171600  loss=0.1647  grp_sp=0.050  n_imp=34544  n_red=2464
14:05:18 | INFO |     step 171800  loss=0.1646  grp_sp=0.050  n_imp=34544  n_red=2464
14:06:39 | INFO |     step 172000  loss=0.1649  grp_sp=0.050  n_imp=34544  n_red=2464
14:08:00 | INFO |     step 172200  loss=0.1652  grp_sp=0.050  n_imp=34544  n_red=2464
14:09:20 | INFO |     step 172400  loss=0.1655  grp_sp=0.050  n_imp=34544  n_red=2464
14:10:41 | INFO |     step 172600  loss=0.1659  grp_sp=0.050  n_imp=34544  n_red=2464
14:12:02 | INFO |     step 172800  loss=0.1657  grp_sp=0.050  n_imp=34544  n_red=2464
14:13:23 | INFO |     step 173000  loss=0.1662  grp_sp=0.050  n_imp=34544  n_red=2464
14:14:43 | INFO |     step 173200  loss=0.1663  grp_sp=0.050  n_imp=34544  n_red=2464
14:16:03 | INFO |     step 173400  loss=0.1664  grp_sp=0.050  n_imp=34544  n_red=2464
14:17:22 | INFO |     step 173600  loss=0.1664  grp_sp=0.050  n_imp=34544  n_red=2464
14:18:41 | INFO |     step 173800  loss=0.1667  grp_sp=0.050  n_imp=34544  n_red=2464
14:20:02 | INFO |     step 174000  loss=0.1669  grp_sp=0.050  n_imp=34544  n_red=2464
14:21:22 | INFO |     step 174200  loss=0.1674  grp_sp=0.050  n_imp=34544  n_red=2464
14:22:43 | INFO |     step 174400  loss=0.1673  grp_sp=0.050  n_imp=34544  n_red=2464
14:24:05 | INFO |     step 174600  loss=0.1674  grp_sp=0.050  n_imp=34544  n_red=2464
14:25:25 | INFO |     step 174800  loss=0.1672  grp_sp=0.050  n_imp=34544  n_red=2464
14:26:46 | INFO |     step 175000  loss=0.1673  grp_sp=0.050  n_imp=34544  n_red=2464
14:28:07 | INFO |     step 175200  loss=0.1674  grp_sp=0.050  n_imp=34544  n_red=2464
14:29:27 | INFO |     step 175400  loss=0.1674  grp_sp=0.050  n_imp=34544  n_red=2464
14:30:47 | INFO |     step 175600  loss=0.1672  grp_sp=0.050  n_imp=34544  n_red=2464
14:32:08 | INFO |     step 175800  loss=0.1671  grp_sp=0.050  n_imp=34544  n_red=2464
14:33:27 | INFO |     step 176000  loss=0.1674  grp_sp=0.050  n_imp=34544  n_red=2464
14:34:47 | INFO |     step 176200  loss=0.1678  grp_sp=0.050  n_imp=34544  n_red=2464
14:36:08 | INFO |     step 176400  loss=0.1680  grp_sp=0.050  n_imp=34544  n_red=2464
14:37:29 | INFO |     step 176600  loss=0.1683  grp_sp=0.050  n_imp=34544  n_red=2464
14:38:49 | INFO |     step 176800  loss=0.1685  grp_sp=0.050  n_imp=34544  n_red=2464
14:40:08 | INFO |     step 177000  loss=0.1686  grp_sp=0.050  n_imp=34544  n_red=2464
14:42:42 | INFO | [EPOCH 8/10] loss=0.1688  grp_sp=0.050  EM=75.54  F1=84.89  elapsed=1225.3min
14:43:43 | INFO |     step 177200  loss=0.1110  grp_sp=0.050  n_imp=34544  n_red=2464
14:45:04 | INFO |     step 177400  loss=0.1145  grp_sp=0.050  n_imp=34544  n_red=2464
14:46:26 | INFO |     step 177600  loss=0.1169  grp_sp=0.050  n_imp=34544  n_red=2464
14:47:48 | INFO |     step 177800  loss=0.1104  grp_sp=0.050  n_imp=34544  n_red=2464
14:49:09 | INFO |     step 178000  loss=0.1069  grp_sp=0.050  n_imp=34544  n_red=2464
14:50:30 | INFO |     step 178200  loss=0.1066  grp_sp=0.050  n_imp=34544  n_red=2464
14:51:51 | INFO |     step 178400  loss=0.1049  grp_sp=0.050  n_imp=34544  n_red=2464
14:53:12 | INFO |     step 178600  loss=0.1060  grp_sp=0.050  n_imp=34544  n_red=2464
14:54:33 | INFO |     step 178800  loss=0.1047  grp_sp=0.050  n_imp=34544  n_red=2464
14:55:54 | INFO |     step 179000  loss=0.1055  grp_sp=0.050  n_imp=34544  n_red=2464
14:57:15 | INFO |     step 179200  loss=0.1083  grp_sp=0.050  n_imp=34544  n_red=2464
14:58:36 | INFO |     step 179400  loss=0.1074  grp_sp=0.050  n_imp=34544  n_red=2464
14:59:57 | INFO |     step 179600  loss=0.1075  grp_sp=0.050  n_imp=34544  n_red=2464
15:01:19 | INFO |     step 179800  loss=0.1095  grp_sp=0.050  n_imp=34544  n_red=2464
15:02:41 | INFO |     step 180000  loss=0.1092  grp_sp=0.050  n_imp=34544  n_red=2464
15:04:03 | INFO |     step 180200  loss=0.1088  grp_sp=0.050  n_imp=34544  n_red=2464
15:05:25 | INFO |     step 180400  loss=0.1084  grp_sp=0.050  n_imp=34544  n_red=2464
15:06:47 | INFO |     step 180600  loss=0.1075  grp_sp=0.050  n_imp=34544  n_red=2464
15:08:08 | INFO |     step 180800  loss=0.1082  grp_sp=0.050  n_imp=34544  n_red=2464
15:09:30 | INFO |     step 181000  loss=0.1092  grp_sp=0.050  n_imp=34544  n_red=2464
15:11:04 | INFO |     step 181200  loss=0.1094  grp_sp=0.050  n_imp=34544  n_red=2464
15:12:36 | INFO |     step 181400  loss=0.1103  grp_sp=0.050  n_imp=34544  n_red=2464
15:14:08 | INFO |     step 181600  loss=0.1106  grp_sp=0.050  n_imp=34544  n_red=2464
15:15:34 | INFO |     step 181800  loss=0.1109  grp_sp=0.050  n_imp=34544  n_red=2464
15:16:53 | INFO |     step 182000  loss=0.1107  grp_sp=0.050  n_imp=34544  n_red=2464
15:18:19 | INFO |     step 182200  loss=0.1117  grp_sp=0.050  n_imp=34544  n_red=2464
15:19:48 | INFO |     step 182400  loss=0.1114  grp_sp=0.050  n_imp=34544  n_red=2464
15:21:17 | INFO |     step 182600  loss=0.1121  grp_sp=0.050  n_imp=34544  n_red=2464
15:22:46 | INFO |     step 182800  loss=0.1125  grp_sp=0.050  n_imp=34544  n_red=2464
15:24:11 | INFO |     step 183000  loss=0.1121  grp_sp=0.050  n_imp=34544  n_red=2464
15:25:32 | INFO |     step 183200  loss=0.1111  grp_sp=0.050  n_imp=34544  n_red=2464
15:26:50 | INFO |     step 183400  loss=0.1122  grp_sp=0.050  n_imp=34544  n_red=2464
15:28:07 | INFO |     step 183600  loss=0.1119  grp_sp=0.050  n_imp=34544  n_red=2464
15:29:24 | INFO |     step 183800  loss=0.1123  grp_sp=0.050  n_imp=34544  n_red=2464
15:30:42 | INFO |     step 184000  loss=0.1125  grp_sp=0.050  n_imp=34544  n_red=2464
15:32:06 | INFO |     step 184200  loss=0.1128  grp_sp=0.050  n_imp=34544  n_red=2464
15:33:38 | INFO |     step 184400  loss=0.1126  grp_sp=0.050  n_imp=34544  n_red=2464
15:35:10 | INFO |     step 184600  loss=0.1139  grp_sp=0.067  n_imp=33928  n_red=3080
15:36:43 | INFO |     step 184800  loss=0.1152  grp_sp=0.067  n_imp=33928  n_red=3080
15:38:08 | INFO |     step 185000  loss=0.1170  grp_sp=0.067  n_imp=33928  n_red=3080
15:39:29 | INFO |     step 185200  loss=0.1179  grp_sp=0.067  n_imp=33928  n_red=3080
15:40:50 | INFO |     step 185400  loss=0.1189  grp_sp=0.067  n_imp=33928  n_red=3080
15:42:11 | INFO |     step 185600  loss=0.1200  grp_sp=0.067  n_imp=33928  n_red=3080
15:43:31 | INFO |     step 185800  loss=0.1208  grp_sp=0.067  n_imp=33928  n_red=3080
15:44:54 | INFO |     step 186000  loss=0.1220  grp_sp=0.067  n_imp=33928  n_red=3080
15:46:28 | INFO |     step 186200  loss=0.1231  grp_sp=0.067  n_imp=33928  n_red=3080
15:48:01 | INFO |     step 186400  loss=0.1238  grp_sp=0.067  n_imp=33928  n_red=3080
15:49:35 | INFO |     step 186600  loss=0.1244  grp_sp=0.067  n_imp=33928  n_red=3080
15:51:04 | INFO |     step 186800  loss=0.1250  grp_sp=0.067  n_imp=33928  n_red=3080
15:52:31 | INFO |     step 187000  loss=0.1250  grp_sp=0.067  n_imp=33928  n_red=3080
15:53:59 | INFO |     step 187200  loss=0.1256  grp_sp=0.067  n_imp=33928  n_red=3080
15:55:29 | INFO |     step 187400  loss=0.1257  grp_sp=0.067  n_imp=33928  n_red=3080
15:56:59 | INFO |     step 187600  loss=0.1261  grp_sp=0.067  n_imp=33928  n_red=3080
15:58:29 | INFO |     step 187800  loss=0.1264  grp_sp=0.067  n_imp=33928  n_red=3080
15:59:59 | INFO |     step 188000  loss=0.1264  grp_sp=0.067  n_imp=33928  n_red=3080
16:01:28 | INFO |     step 188200  loss=0.1266  grp_sp=0.067  n_imp=33928  n_red=3080
16:02:55 | INFO |     step 188400  loss=0.1269  grp_sp=0.067  n_imp=33928  n_red=3080
16:04:23 | INFO |     step 188600  loss=0.1270  grp_sp=0.067  n_imp=33928  n_red=3080
16:05:51 | INFO |     step 188800  loss=0.1278  grp_sp=0.067  n_imp=33928  n_red=3080
16:07:19 | INFO |     step 189000  loss=0.1281  grp_sp=0.067  n_imp=33928  n_red=3080
16:08:46 | INFO |     step 189200  loss=0.1286  grp_sp=0.067  n_imp=33928  n_red=3080
16:10:14 | INFO |     step 189400  loss=0.1286  grp_sp=0.067  n_imp=33928  n_red=3080
16:11:42 | INFO |     step 189600  loss=0.1284  grp_sp=0.067  n_imp=33928  n_red=3080
16:13:10 | INFO |     step 189800  loss=0.1282  grp_sp=0.067  n_imp=33928  n_red=3080
16:14:34 | INFO |     step 190000  loss=0.1287  grp_sp=0.067  n_imp=33928  n_red=3080
16:15:56 | INFO |     step 190200  loss=0.1284  grp_sp=0.067  n_imp=33928  n_red=3080
16:17:19 | INFO |     step 190400  loss=0.1285  grp_sp=0.067  n_imp=33928  n_red=3080
16:18:42 | INFO |     step 190600  loss=0.1283  grp_sp=0.067  n_imp=33928  n_red=3080
16:20:04 | INFO |     step 190800  loss=0.1286  grp_sp=0.067  n_imp=33928  n_red=3080
16:21:27 | INFO |     step 191000  loss=0.1288  grp_sp=0.067  n_imp=33928  n_red=3080
16:22:50 | INFO |     step 191200  loss=0.1282  grp_sp=0.067  n_imp=33928  n_red=3080
16:24:11 | INFO |     step 191400  loss=0.1284  grp_sp=0.067  n_imp=33928  n_red=3080
16:25:30 | INFO |     step 191600  loss=0.1285  grp_sp=0.067  n_imp=33928  n_red=3080
16:26:49 | INFO |     step 191800  loss=0.1289  grp_sp=0.067  n_imp=33928  n_red=3080
16:28:09 | INFO |     step 192000  loss=0.1289  grp_sp=0.067  n_imp=33928  n_red=3080
16:29:31 | INFO |     step 192200  loss=0.1290  grp_sp=0.067  n_imp=33928  n_red=3080
16:30:53 | INFO |     step 192400  loss=0.1289  grp_sp=0.067  n_imp=33928  n_red=3080
16:32:14 | INFO |     step 192600  loss=0.1288  grp_sp=0.067  n_imp=33928  n_red=3080
16:33:35 | INFO |     step 192800  loss=0.1288  grp_sp=0.067  n_imp=33928  n_red=3080
16:35:06 | INFO |     step 193000  loss=0.1290  grp_sp=0.067  n_imp=33928  n_red=3080
16:36:29 | INFO |     step 193200  loss=0.1291  grp_sp=0.067  n_imp=33928  n_red=3080
16:37:49 | INFO |     step 193400  loss=0.1292  grp_sp=0.067  n_imp=33928  n_red=3080
16:39:10 | INFO |     step 193600  loss=0.1293  grp_sp=0.067  n_imp=33928  n_red=3080
16:40:30 | INFO |     step 193800  loss=0.1295  grp_sp=0.067  n_imp=33928  n_red=3080
16:41:49 | INFO |     step 194000  loss=0.1294  grp_sp=0.067  n_imp=33928  n_red=3080
16:43:07 | INFO |     step 194200  loss=0.1294  grp_sp=0.067  n_imp=33928  n_red=3080
16:44:28 | INFO |     step 194400  loss=0.1296  grp_sp=0.067  n_imp=33928  n_red=3080
16:45:49 | INFO |     step 194600  loss=0.1294  grp_sp=0.067  n_imp=33928  n_red=3080
16:47:15 | INFO |     step 194800  loss=0.1296  grp_sp=0.067  n_imp=33928  n_red=3080
16:48:36 | INFO |     step 195000  loss=0.1295  grp_sp=0.067  n_imp=33928  n_red=3080
16:49:59 | INFO |     step 195200  loss=0.1298  grp_sp=0.067  n_imp=33928  n_red=3080
16:51:27 | INFO |     step 195400  loss=0.1298  grp_sp=0.067  n_imp=33928  n_red=3080
16:52:56 | INFO |     step 195600  loss=0.1296  grp_sp=0.067  n_imp=33928  n_red=3080
16:54:16 | INFO |     step 195800  loss=0.1299  grp_sp=0.067  n_imp=33928  n_red=3080
16:55:37 | INFO |     step 196000  loss=0.1298  grp_sp=0.067  n_imp=33928  n_red=3080
16:56:57 | INFO |     step 196200  loss=0.1299  grp_sp=0.067  n_imp=33928  n_red=3080
16:58:17 | INFO |     step 196400  loss=0.1301  grp_sp=0.067  n_imp=33928  n_red=3080
16:59:36 | INFO |     step 196600  loss=0.1303  grp_sp=0.067  n_imp=33928  n_red=3080
17:00:55 | INFO |     step 196800  loss=0.1302  grp_sp=0.067  n_imp=33928  n_red=3080
17:02:16 | INFO |     step 197000  loss=0.1304  grp_sp=0.067  n_imp=33928  n_red=3080
17:03:36 | INFO |     step 197200  loss=0.1303  grp_sp=0.067  n_imp=33928  n_red=3080
17:04:57 | INFO |     step 197400  loss=0.1303  grp_sp=0.067  n_imp=33928  n_red=3080
17:06:17 | INFO |     step 197600  loss=0.1301  grp_sp=0.067  n_imp=33928  n_red=3080
17:07:37 | INFO |     step 197800  loss=0.1299  grp_sp=0.067  n_imp=33928  n_red=3080
17:08:56 | INFO |     step 198000  loss=0.1297  grp_sp=0.067  n_imp=33928  n_red=3080
17:10:15 | INFO |     step 198200  loss=0.1297  grp_sp=0.067  n_imp=33928  n_red=3080
17:11:34 | INFO |     step 198400  loss=0.1297  grp_sp=0.067  n_imp=33928  n_red=3080
17:12:53 | INFO |     step 198600  loss=0.1296  grp_sp=0.067  n_imp=33928  n_red=3080
17:14:13 | INFO |     step 198800  loss=0.1297  grp_sp=0.067  n_imp=33928  n_red=3080
17:15:32 | INFO |     step 199000  loss=0.1296  grp_sp=0.067  n_imp=33928  n_red=3080
17:18:54 | INFO | [EPOCH 9/10] loss=0.1297  grp_sp=0.067  EM=76.29  F1=85.25  elapsed=1381.6min
17:19:02 | INFO |     step 199200  loss=0.1338  grp_sp=0.067  n_imp=33928  n_red=3080
17:20:21 | INFO |     step 199400  loss=0.1004  grp_sp=0.067  n_imp=33928  n_red=3080
17:21:40 | INFO |     step 199600  loss=0.1060  grp_sp=0.067  n_imp=33928  n_red=3080
17:22:59 | INFO |     step 199800  loss=0.1041  grp_sp=0.067  n_imp=33928  n_red=3080
17:24:18 | INFO |     step 200000  loss=0.0968  grp_sp=0.067  n_imp=33928  n_red=3080
17:25:37 | INFO |     step 200200  loss=0.0916  grp_sp=0.067  n_imp=33928  n_red=3080
17:26:58 | INFO |     step 200400  loss=0.0874  grp_sp=0.067  n_imp=33928  n_red=3080
17:28:17 | INFO |     step 200600  loss=0.0880  grp_sp=0.067  n_imp=33928  n_red=3080
17:29:36 | INFO |     step 200800  loss=0.0884  grp_sp=0.067  n_imp=33928  n_red=3080
17:30:55 | INFO |     step 201000  loss=0.0869  grp_sp=0.067  n_imp=33928  n_red=3080
17:32:14 | INFO |     step 201200  loss=0.0869  grp_sp=0.067  n_imp=33928  n_red=3080
17:33:32 | INFO |     step 201400  loss=0.0864  grp_sp=0.067  n_imp=33928  n_red=3080
17:34:50 | INFO |     step 201600  loss=0.0868  grp_sp=0.067  n_imp=33928  n_red=3080
17:36:09 | INFO |     step 201800  loss=0.0863  grp_sp=0.067  n_imp=33928  n_red=3080
17:37:29 | INFO |     step 202000  loss=0.0873  grp_sp=0.067  n_imp=33928  n_red=3080
17:38:48 | INFO |     step 202200  loss=0.0861  grp_sp=0.067  n_imp=33928  n_red=3080
17:40:07 | INFO |     step 202400  loss=0.0859  grp_sp=0.067  n_imp=33928  n_red=3080
17:41:25 | INFO |     step 202600  loss=0.0862  grp_sp=0.067  n_imp=33928  n_red=3080
17:42:47 | INFO |     step 202800  loss=0.0858  grp_sp=0.067  n_imp=33928  n_red=3080
17:44:15 | INFO |     step 203000  loss=0.0871  grp_sp=0.083  n_imp=33308  n_red=3700
17:45:35 | INFO |     step 203200  loss=0.0875  grp_sp=0.083  n_imp=33308  n_red=3700
17:46:58 | INFO |     step 203400  loss=0.0886  grp_sp=0.083  n_imp=33308  n_red=3700
17:48:18 | INFO |     step 203600  loss=0.0897  grp_sp=0.083  n_imp=33308  n_red=3700
17:49:37 | INFO |     step 203800  loss=0.0892  grp_sp=0.083  n_imp=33308  n_red=3700
17:50:55 | INFO |     step 204000  loss=0.0900  grp_sp=0.083  n_imp=33308  n_red=3700
17:52:13 | INFO |     step 204200  loss=0.0910  grp_sp=0.083  n_imp=33308  n_red=3700
17:53:32 | INFO |     step 204400  loss=0.0917  grp_sp=0.083  n_imp=33308  n_red=3700
17:54:52 | INFO |     step 204600  loss=0.0918  grp_sp=0.083  n_imp=33308  n_red=3700
17:56:15 | INFO |     step 204800  loss=0.0918  grp_sp=0.083  n_imp=33308  n_red=3700
17:57:37 | INFO |     step 205000  loss=0.0920  grp_sp=0.083  n_imp=33308  n_red=3700
17:58:58 | INFO |     step 205200  loss=0.0922  grp_sp=0.083  n_imp=33308  n_red=3700
18:00:19 | INFO |     step 205400  loss=0.0927  grp_sp=0.083  n_imp=33308  n_red=3700
18:01:40 | INFO |     step 205600  loss=0.0929  grp_sp=0.083  n_imp=33308  n_red=3700
18:03:01 | INFO |     step 205800  loss=0.0935  grp_sp=0.083  n_imp=33308  n_red=3700
18:04:22 | INFO |     step 206000  loss=0.0938  grp_sp=0.083  n_imp=33308  n_red=3700
18:05:43 | INFO |     step 206200  loss=0.0935  grp_sp=0.083  n_imp=33308  n_red=3700
18:07:05 | INFO |     step 206400  loss=0.0933  grp_sp=0.083  n_imp=33308  n_red=3700
18:08:27 | INFO |     step 206600  loss=0.0942  grp_sp=0.083  n_imp=33308  n_red=3700
18:09:47 | INFO |     step 206800  loss=0.0943  grp_sp=0.083  n_imp=33308  n_red=3700
18:11:09 | INFO |     step 207000  loss=0.0945  grp_sp=0.083  n_imp=33308  n_red=3700
18:12:31 | INFO |     step 207200  loss=0.0942  grp_sp=0.083  n_imp=33308  n_red=3700
18:13:54 | INFO |     step 207400  loss=0.0942  grp_sp=0.083  n_imp=33308  n_red=3700
18:15:16 | INFO |     step 207600  loss=0.0949  grp_sp=0.083  n_imp=33308  n_red=3700
18:16:38 | INFO |     step 207800  loss=0.0956  grp_sp=0.083  n_imp=33308  n_red=3700
18:17:59 | INFO |     step 208000  loss=0.0961  grp_sp=0.083  n_imp=33308  n_red=3700
18:19:21 | INFO |     step 208200  loss=0.0962  grp_sp=0.083  n_imp=33308  n_red=3700
18:20:42 | INFO |     step 208400  loss=0.0959  grp_sp=0.083  n_imp=33308  n_red=3700
18:22:02 | INFO |     step 208600  loss=0.0958  grp_sp=0.083  n_imp=33308  n_red=3700
18:23:24 | INFO |     step 208800  loss=0.0959  grp_sp=0.083  n_imp=33308  n_red=3700
18:24:45 | INFO |     step 209000  loss=0.0956  grp_sp=0.083  n_imp=33308  n_red=3700
18:26:05 | INFO |     step 209200  loss=0.0955  grp_sp=0.083  n_imp=33308  n_red=3700
18:27:27 | INFO |     step 209400  loss=0.0955  grp_sp=0.083  n_imp=33308  n_red=3700
18:28:48 | INFO |     step 209600  loss=0.0954  grp_sp=0.083  n_imp=33308  n_red=3700
18:30:10 | INFO |     step 209800  loss=0.0956  grp_sp=0.083  n_imp=33308  n_red=3700
18:31:31 | INFO |     step 210000  loss=0.0954  grp_sp=0.083  n_imp=33308  n_red=3700
18:32:52 | INFO |     step 210200  loss=0.0955  grp_sp=0.083  n_imp=33308  n_red=3700
18:34:14 | INFO |     step 210400  loss=0.0953  grp_sp=0.083  n_imp=33308  n_red=3700
18:35:34 | INFO |     step 210600  loss=0.0952  grp_sp=0.083  n_imp=33308  n_red=3700
18:36:55 | INFO |     step 210800  loss=0.0949  grp_sp=0.083  n_imp=33308  n_red=3700
18:38:16 | INFO |     step 211000  loss=0.0953  grp_sp=0.083  n_imp=33308  n_red=3700
18:39:38 | INFO |     step 211200  loss=0.0950  grp_sp=0.083  n_imp=33308  n_red=3700
18:40:59 | INFO |     step 211400  loss=0.0954  grp_sp=0.083  n_imp=33308  n_red=3700
18:42:20 | INFO |     step 211600  loss=0.0956  grp_sp=0.083  n_imp=33308  n_red=3700
18:43:41 | INFO |     step 211800  loss=0.0956  grp_sp=0.083  n_imp=33308  n_red=3700
18:45:03 | INFO |     step 212000  loss=0.0955  grp_sp=0.083  n_imp=33308  n_red=3700
18:46:24 | INFO |     step 212200  loss=0.0955  grp_sp=0.083  n_imp=33308  n_red=3700
18:47:45 | INFO |     step 212400  loss=0.0955  grp_sp=0.083  n_imp=33308  n_red=3700
18:49:04 | INFO |     step 212600  loss=0.0956  grp_sp=0.083  n_imp=33308  n_red=3700
18:50:23 | INFO |     step 212800  loss=0.0957  grp_sp=0.083  n_imp=33308  n_red=3700
18:51:43 | INFO |     step 213000  loss=0.0959  grp_sp=0.083  n_imp=33308  n_red=3700
18:53:03 | INFO |     step 213200  loss=0.0958  grp_sp=0.083  n_imp=33308  n_red=3700
18:54:24 | INFO |     step 213400  loss=0.0954  grp_sp=0.083  n_imp=33308  n_red=3700
18:55:46 | INFO |     step 213600  loss=0.0952  grp_sp=0.083  n_imp=33308  n_red=3700
18:57:06 | INFO |     step 213800  loss=0.0951  grp_sp=0.083  n_imp=33308  n_red=3700
18:58:27 | INFO |     step 214000  loss=0.0955  grp_sp=0.083  n_imp=33308  n_red=3700
18:59:46 | INFO |     step 214200  loss=0.0953  grp_sp=0.083  n_imp=33308  n_red=3700
19:01:04 | INFO |     step 214400  loss=0.0951  grp_sp=0.083  n_imp=33308  n_red=3700
19:02:23 | INFO |     step 214600  loss=0.0951  grp_sp=0.083  n_imp=33308  n_red=3700
19:03:43 | INFO |     step 214800  loss=0.0951  grp_sp=0.083  n_imp=33308  n_red=3700
19:05:04 | INFO |     step 215000  loss=0.0951  grp_sp=0.083  n_imp=33308  n_red=3700
19:06:25 | INFO |     step 215200  loss=0.0951  grp_sp=0.083  n_imp=33308  n_red=3700
19:07:45 | INFO |     step 215400  loss=0.0953  grp_sp=0.083  n_imp=33308  n_red=3700
19:09:08 | INFO |     step 215600  loss=0.0957  grp_sp=0.083  n_imp=33308  n_red=3700
19:10:27 | INFO |     step 215800  loss=0.0960  grp_sp=0.083  n_imp=33308  n_red=3700
19:11:47 | INFO |     step 216000  loss=0.0959  grp_sp=0.083  n_imp=33308  n_red=3700
19:13:07 | INFO |     step 216200  loss=0.0957  grp_sp=0.083  n_imp=33308  n_red=3700
19:14:28 | INFO |     step 216400  loss=0.0958  grp_sp=0.083  n_imp=33308  n_red=3700
19:15:47 | INFO |     step 216600  loss=0.0956  grp_sp=0.083  n_imp=33308  n_red=3700
19:17:06 | INFO |     step 216800  loss=0.0957  grp_sp=0.083  n_imp=33308  n_red=3700
19:18:25 | INFO |     step 217000  loss=0.0956  grp_sp=0.083  n_imp=33308  n_red=3700
19:19:44 | INFO |     step 217200  loss=0.0954  grp_sp=0.083  n_imp=33308  n_red=3700
19:21:03 | INFO |     step 217400  loss=0.0954  grp_sp=0.083  n_imp=33308  n_red=3700
19:22:25 | INFO |     step 217600  loss=0.0955  grp_sp=0.083  n_imp=33308  n_red=3700
19:23:45 | INFO |     step 217800  loss=0.0953  grp_sp=0.083  n_imp=33308  n_red=3700
19:25:04 | INFO |     step 218000  loss=0.0952  grp_sp=0.083  n_imp=33308  n_red=3700
19:26:23 | INFO |     step 218200  loss=0.0949  grp_sp=0.083  n_imp=33308  n_red=3700
19:27:43 | INFO |     step 218400  loss=0.0948  grp_sp=0.083  n_imp=33308  n_red=3700
19:29:02 | INFO |     step 218600  loss=0.0948  grp_sp=0.083  n_imp=33308  n_red=3700
19:30:22 | INFO |     step 218800  loss=0.0948  grp_sp=0.083  n_imp=33308  n_red=3700
19:31:42 | INFO |     step 219000  loss=0.0946  grp_sp=0.083  n_imp=33308  n_red=3700
19:33:03 | INFO |     step 219200  loss=0.0946  grp_sp=0.083  n_imp=33308  n_red=3700
19:34:22 | INFO |     step 219400  loss=0.0946  grp_sp=0.083  n_imp=33308  n_red=3700
19:35:41 | INFO |     step 219600  loss=0.0947  grp_sp=0.083  n_imp=33308  n_red=3700
19:36:59 | INFO |     step 219800  loss=0.0949  grp_sp=0.083  n_imp=33308  n_red=3700
19:38:18 | INFO |     step 220000  loss=0.0950  grp_sp=0.083  n_imp=33308  n_red=3700
19:39:38 | INFO |     step 220200  loss=0.0950  grp_sp=0.083  n_imp=33308  n_red=3700
19:40:58 | INFO |     step 220400  loss=0.0949  grp_sp=0.083  n_imp=33308  n_red=3700
19:42:17 | INFO |     step 220600  loss=0.0947  grp_sp=0.083  n_imp=33308  n_red=3700
19:43:36 | INFO |     step 220800  loss=0.0947  grp_sp=0.083  n_imp=33308  n_red=3700
19:44:55 | INFO |     step 221000  loss=0.0947  grp_sp=0.083  n_imp=33308  n_red=3700
19:46:14 | INFO |     step 221200  loss=0.0949  grp_sp=0.083  n_imp=33308  n_red=3700
19:49:11 | INFO | [EPOCH 10/10] loss=0.0949  grp_sp=0.100  EM=75.08  F1=84.43  elapsed=1531.9min
19:49:11 | INFO | [TRAIN] done. best F1=87.06 @ ep3 (pre-compression)  final F1=84.43
19:49:11 | INFO | [FINAL] target sparsity=0.1  actual=0.1000
19:49:11 | INFO | [SUBNET] constructing compressed model
19:49:13 | INFO | [SUBNET] full  : ./results/sp10/BertForQuestionAnswering_full_group_sparse.pt
19:49:13 | INFO | [SUBNET] comp  : ./results/sp10/BertForQuestionAnswering_compressed.pt
19:51:23 | INFO | [METRICS] BOPs=3273081.0M  params=103.21M
19:51:23 | INFO | [EVAL compressed] EM=75.09  F1=84.45
19:51:23 | INFO | [SAVE] results -> ./results/sp10/
19:51:23 | INFO | 
============================================================
19:51:23 | INFO |   SUMMARY
19:51:23 | INFO | ============================================================
19:51:23 | INFO |     Target    Actual      fEM      fF1      cEM      cF1     BOPs(M)   Params(M)
19:51:23 | INFO |        10%    0.1000    75.08    84.43    75.09    84.45   3273081.0      103.21
19:51:23 | INFO |   (fEM/fF1 = last-epoch eval before construct_subnet; cEM/cF1 = compressed model)
19:51:23 | INFO | 
[OK] Phase 5 complete. Results in ./results/
