02:04:05 | INFO | [log] ./results/phase5_20260417_020405.log
02:04:05 | INFO | [env] torch=2.5.1+cu121  device=cuda
02:04:05 | INFO | [cfg] sparsity=[0.1, 0.3, 0.5, 0.7]  epochs=10  bs=4  lr=3e-05  lr_quant=0.0001  br=2  P=6  Kp=6  seed=42
02:04:13 | INFO | [DATA] raw train=87599  raw val=10570
02:05:13 | INFO | [DATA] train features=88524  val features=10784
02:05:13 | INFO | 
============================================================
02:05:13 | INFO |   EXPERIMENT: sparsity=0.1  tag=sp10
02:05:13 | INFO | ============================================================
02:05:13 | INFO | [M1] loading BERT QA
02:05:14 | INFO | [M2] quantize wrap
02:05:15 | INFO | [M3] building OTO graph
02:06:11 | INFO | [SCHED] steps/epoch=22131  total=221310  start_prune=36885  prune_steps=184425  prune_periods=6  proj_periods=6
02:06:11 | INFO | [M4] building GETA optimizer
02:06:11 | INFO | [M4] GETA optimizer built, 26 param groups
02:06:11 | INFO | [TRAIN] starting
2026-04-17 02:06:11,289 - GETA - INFO - pruning_periods: 6
2026-04-17 02:06:11,289 - GETA - INFO - pruning_period_duration: 30737
2026-04-17 02:06:11,292 - GETA - INFO - Target redundant groups per period: [616, 616, 616, 616, 616, 620]
02:06:11 | INFO | [M4] GETA optimizer built, 26 param groups
02:06:11 | INFO | [TRAIN] starting
Traceback (most recent call last):
  File "/home/h24116081/GETA reprocution/GETA-reproduction/bert_geta_phase5/run_experiment.py", line 510, in <module>
    main()
    ~~~~^^
  File "/home/h24116081/GETA reprocution/GETA-reproduction/bert_geta_phase5/run_experiment.py", line 490, in main
    result = run_single(sp, args, tokenizer, raw_val, train_ds, val_ds, log)
  File "/home/h24116081/GETA reprocution/GETA-reproduction/bert_geta_phase5/run_experiment.py", line 378, in run_single
    optimizer.step()
    ~~~~~~~~~~~~~~^^
  File "/home/h24116081/miniconda3/lib/python3.13/site-packages/torch/optim/optimizer.py", line 487, in wrapper
    out = func(*args, **kwargs)
  File "/home/h24116081/GETA reprocution/GETA-reproduction/geta/only_train_once/optimizer/geta.py", line 867, in step
    if (
       ~
        self.num_steps - self.start_projection_step - 1
        ~~~~~~~~~~~~~~~~~~~~~~~~~~~~~~~~~~~~~~~~~~~~~~~
    ) % self.projection_period_duration == 0 and (
    ~~^~~~~~~~~~~~~~~~~~~~~~~~~~~~~~~~~
ZeroDivisionError: integer modulo by zero