17:56:34 | INFO | [log] ./results/phase5_20260418_175634.log
17:56:34 | INFO | [env] torch=2.5.1+cu121  device=cuda
17:56:34 | INFO | [cfg] sparsity=[0.7]  epochs=10  bs=4  lr=3e-05  lr_quant=0.0001  br=2  P=6  Kp=6  seed=42
17:56:43 | INFO | [DATA] raw train=87599  raw val=10570
17:56:43 | INFO | [DATA] train features=88524  val features=10784
17:56:43 | INFO | 
============================================================
17:56:43 | INFO |   EXPERIMENT: sparsity=0.3  tag=sp30
17:56:43 | INFO | ============================================================
17:56:43 | INFO | [M1] loading BERT QA
17:56:50 | INFO | [M2] quantize wrap
17:56:54 | INFO | [M3] building OTO graph
17:59:58 | INFO | [SCHED] steps/epoch=22131  total=221310  start_prune=36885  prune_steps=184425  prune_periods=6  proj_periods=6  proj_steps=36885
17:59:58 | INFO | [M4] building GETA optimizer
17:59:58 | INFO | [M4] GETA optimizer built, 26 param groups
17:59:58 | INFO | [TRAIN] starting
18:09:22 | INFO |     step 200  loss=5.4716  grp_sp=0.000  n_imp=37008  n_red=0
18:19:16 | INFO |     step 400  loss=5.2495  grp_sp=0.000  n_imp=37008  n_red=0
18:26:49 | INFO |     step 600  loss=5.0883  grp_sp=0.000  n_imp=37008  n_red=0
18:34:00 | INFO |     step 800  loss=4.9432  grp_sp=0.000  n_imp=37008  n_red=0
18:41:20 | INFO |     step 1000  loss=4.8230  grp_sp=0.000  n_imp=37008  n_red=0
18:48:34 | INFO |     step 1200  loss=4.7351  grp_sp=0.000  n_imp=37008  n_red=0
18:55:45 | INFO |     step 1400  loss=4.6520  grp_sp=0.000  n_imp=37008  n_red=0
19:02:50 | INFO |     step 1600  loss=4.5849  grp_sp=0.000  n_imp=37008  n_red=0
19:10:02 | INFO |     step 1800  loss=4.5262  grp_sp=0.000  n_imp=37008  n_red=0
19:17:10 | INFO |     step 2000  loss=4.4784  grp_sp=0.000  n_imp=37008  n_red=0
19:24:09 | INFO |     step 2200  loss=4.4397  grp_sp=0.000  n_imp=37008  n_red=0
19:31:17 | INFO |     step 2400  loss=4.4022  grp_sp=0.000  n_imp=37008  n_red=0
19:38:26 | INFO |     step 2600  loss=4.3697  grp_sp=0.000  n_imp=37008  n_red=0
19:45:34 | INFO |     step 2800  loss=4.3384  grp_sp=0.000  n_imp=37008  n_red=0
19:52:32 | INFO |     step 3000  loss=4.3102  grp_sp=0.000  n_imp=37008  n_red=0
19:59:30 | INFO |     step 3200  loss=4.2868  grp_sp=0.000  n_imp=37008  n_red=0
20:06:19 | INFO |     step 3400  loss=4.2670  grp_sp=0.000  n_imp=37008  n_red=0
20:13:08 | INFO |     step 3600  loss=4.2473  grp_sp=0.000  n_imp=37008  n_red=0
20:19:30 | INFO |     step 3800  loss=4.2299  grp_sp=0.000  n_imp=37008  n_red=0
20:25:58 | INFO |     step 4000  loss=4.2115  grp_sp=0.000  n_imp=37008  n_red=0
20:32:46 | INFO |     step 4200  loss=4.1921  grp_sp=0.000  n_imp=37008  n_red=0
20:38:56 | INFO |     step 4400  loss=4.1686  grp_sp=0.000  n_imp=37008  n_red=0
20:45:00 | INFO |     step 4600  loss=4.1508  grp_sp=0.000  n_imp=37008  n_red=0
20:51:04 | INFO |     step 4800  loss=4.1344  grp_sp=0.000  n_imp=37008  n_red=0
20:57:04 | INFO |     step 5000  loss=4.1114  grp_sp=0.000  n_imp=37008  n_red=0
21:03:04 | INFO |     step 5200  loss=4.0949  grp_sp=0.000  n_imp=37008  n_red=0
21:09:17 | INFO |     step 5400  loss=4.0769  grp_sp=0.000  n_imp=37008  n_red=0
21:15:49 | INFO |     step 5600  loss=4.0609  grp_sp=0.000  n_imp=37008  n_red=0
21:22:36 | INFO |     step 5800  loss=4.0434  grp_sp=0.000  n_imp=37008  n_red=0
21:29:11 | INFO |     step 6000  loss=4.0276  grp_sp=0.000  n_imp=37008  n_red=0
21:35:52 | INFO |     step 6200  loss=4.0103  grp_sp=0.000  n_imp=37008  n_red=0
21:42:23 | INFO |     step 6400  loss=3.9968  grp_sp=0.000  n_imp=37008  n_red=0
21:48:18 | INFO |     step 6600  loss=3.9866  grp_sp=0.000  n_imp=37008  n_red=0
21:54:07 | INFO |     step 6800  loss=3.9728  grp_sp=0.000  n_imp=37008  n_red=0
21:59:54 | INFO |     step 7000  loss=3.9607  grp_sp=0.000  n_imp=37008  n_red=0
22:05:41 | INFO |     step 7200  loss=3.9488  grp_sp=0.000  n_imp=37008  n_red=0
22:11:32 | INFO |     step 7400  loss=3.9351  grp_sp=0.000  n_imp=37008  n_red=0
22:17:29 | INFO |     step 7600  loss=3.9206  grp_sp=0.000  n_imp=37008  n_red=0
22:23:19 | INFO |     step 7800  loss=3.9078  grp_sp=0.000  n_imp=37008  n_red=0
22:29:13 | INFO |     step 8000  loss=3.8962  grp_sp=0.000  n_imp=37008  n_red=0
22:35:07 | INFO |     step 8200  loss=3.8852  grp_sp=0.000  n_imp=37008  n_red=0
22:41:29 | INFO |     step 8400  loss=3.8731  grp_sp=0.000  n_imp=37008  n_red=0
22:49:10 | INFO |     step 8600  loss=3.8631  grp_sp=0.000  n_imp=37008  n_red=0
22:55:11 | INFO |     step 8800  loss=3.8499  grp_sp=0.000  n_imp=37008  n_red=0
23:00:59 | INFO |     step 9000  loss=3.8404  grp_sp=0.000  n_imp=37008  n_red=0
23:07:17 | INFO |     step 9200  loss=3.8304  grp_sp=0.000  n_imp=37008  n_red=0
23:13:45 | INFO |     step 9400  loss=3.8228  grp_sp=0.000  n_imp=37008  n_red=0
23:20:05 | INFO |     step 9600  loss=3.8140  grp_sp=0.000  n_imp=37008  n_red=0
23:25:50 | INFO |     step 9800  loss=3.8057  grp_sp=0.000  n_imp=37008  n_red=0
23:31:28 | INFO |     step 10000  loss=3.7962  grp_sp=0.000  n_imp=37008  n_red=0
23:37:22 | INFO |     step 10200  loss=3.7855  grp_sp=0.000  n_imp=37008  n_red=0
23:43:12 | INFO |     step 10400  loss=3.7763  grp_sp=0.000  n_imp=37008  n_red=0
23:49:05 | INFO |     step 10600  loss=3.7683  grp_sp=0.000  n_imp=37008  n_red=0
23:55:05 | INFO |     step 10800  loss=3.7600  grp_sp=0.000  n_imp=37008  n_red=0
00:01:20 | INFO |     step 11000  loss=3.7527  grp_sp=0.000  n_imp=37008  n_red=0
00:07:33 | INFO |     step 11200  loss=3.7438  grp_sp=0.000  n_imp=37008  n_red=0
00:13:41 | INFO |     step 11400  loss=3.7364  grp_sp=0.000  n_imp=37008  n_red=0
00:19:46 | INFO |     step 11600  loss=3.7285  grp_sp=0.000  n_imp=37008  n_red=0
00:26:00 | INFO |     step 11800  loss=3.7223  grp_sp=0.000  n_imp=37008  n_red=0
00:32:16 | INFO |     step 12000  loss=3.7146  grp_sp=0.000  n_imp=37008  n_red=0
00:38:24 | INFO |     step 12200  loss=3.7072  grp_sp=0.000  n_imp=37008  n_red=0
00:44:32 | INFO |     step 12400  loss=3.7000  grp_sp=0.000  n_imp=37008  n_red=0
00:50:39 | INFO |     step 12600  loss=3.6933  grp_sp=0.000  n_imp=37008  n_red=0
00:56:48 | INFO |     step 12800  loss=3.6843  grp_sp=0.000  n_imp=37008  n_red=0
01:02:57 | INFO |     step 13000  loss=3.6769  grp_sp=0.000  n_imp=37008  n_red=0
01:09:09 | INFO |     step 13200  loss=3.6702  grp_sp=0.000  n_imp=37008  n_red=0
01:15:18 | INFO |     step 13400  loss=3.6620  grp_sp=0.000  n_imp=37008  n_red=0
01:21:26 | INFO |     step 13600  loss=3.6536  grp_sp=0.000  n_imp=37008  n_red=0
01:27:32 | INFO |     step 13800  loss=3.6456  grp_sp=0.000  n_imp=37008  n_red=0
01:33:36 | INFO |     step 14000  loss=3.6387  grp_sp=0.000  n_imp=37008  n_red=0
01:39:48 | INFO |     step 14200  loss=3.6311  grp_sp=0.000  n_imp=37008  n_red=0
01:46:10 | INFO |     step 14400  loss=3.6245  grp_sp=0.000  n_imp=37008  n_red=0
01:52:28 | INFO |     step 14600  loss=3.6170  grp_sp=0.000  n_imp=37008  n_red=0
01:58:52 | INFO |     step 14800  loss=3.6098  grp_sp=0.000  n_imp=37008  n_red=0
02:05:14 | INFO |     step 15000  loss=3.6028  grp_sp=0.000  n_imp=37008  n_red=0
02:11:39 | INFO |     step 15200  loss=3.5958  grp_sp=0.000  n_imp=37008  n_red=0
02:17:55 | INFO |     step 15400  loss=3.5890  grp_sp=0.000  n_imp=37008  n_red=0
02:24:09 | INFO |     step 15600  loss=3.5816  grp_sp=0.000  n_imp=37008  n_red=0
02:30:22 | INFO |     step 15800  loss=3.5756  grp_sp=0.000  n_imp=37008  n_red=0
02:36:37 | INFO |     step 16000  loss=3.5692  grp_sp=0.000  n_imp=37008  n_red=0
02:42:45 | INFO |     step 16200  loss=3.5637  grp_sp=0.000  n_imp=37008  n_red=0
02:48:53 | INFO |     step 16400  loss=3.5576  grp_sp=0.000  n_imp=37008  n_red=0
02:55:01 | INFO |     step 16600  loss=3.5509  grp_sp=0.000  n_imp=37008  n_red=0
03:01:09 | INFO |     step 16800  loss=3.5439  grp_sp=0.000  n_imp=37008  n_red=0
03:07:16 | INFO |     step 17000  loss=3.5385  grp_sp=0.000  n_imp=37008  n_red=0
03:13:25 | INFO |     step 17200  loss=3.5314  grp_sp=0.000  n_imp=37008  n_red=0
03:19:34 | INFO |     step 17400  loss=3.5260  grp_sp=0.000  n_imp=37008  n_red=0
03:25:44 | INFO |     step 17600  loss=3.5202  grp_sp=0.000  n_imp=37008  n_red=0
03:31:51 | INFO |     step 17800  loss=3.5140  grp_sp=0.000  n_imp=37008  n_red=0
03:37:58 | INFO |     step 18000  loss=3.5077  grp_sp=0.000  n_imp=37008  n_red=0
03:44:03 | INFO |     step 18200  loss=3.5014  grp_sp=0.000  n_imp=37008  n_red=0
03:50:05 | INFO |     step 18400  loss=3.4941  grp_sp=0.000  n_imp=37008  n_red=0
03:56:07 | INFO |     step 18600  loss=3.4873  grp_sp=0.000  n_imp=37008  n_red=0
04:02:05 | INFO |     step 18800  loss=3.4813  grp_sp=0.000  n_imp=37008  n_red=0
04:08:11 | INFO |     step 19000  loss=3.4744  grp_sp=0.000  n_imp=37008  n_red=0
04:14:17 | INFO |     step 19200  loss=3.4684  grp_sp=0.000  n_imp=37008  n_red=0
04:20:19 | INFO |     step 19400  loss=3.4627  grp_sp=0.000  n_imp=37008  n_red=0
04:26:22 | INFO |     step 19600  loss=3.4569  grp_sp=0.000  n_imp=37008  n_red=0
04:32:22 | INFO |     step 19800  loss=3.4517  grp_sp=0.000  n_imp=37008  n_red=0
04:38:20 | INFO |     step 20000  loss=3.4456  grp_sp=0.000  n_imp=37008  n_red=0
04:44:27 | INFO |     step 20200  loss=3.4392  grp_sp=0.000  n_imp=37008  n_red=0
04:50:32 | INFO |     step 20400  loss=3.4327  grp_sp=0.000  n_imp=37008  n_red=0
04:56:37 | INFO |     step 20600  loss=3.4265  grp_sp=0.000  n_imp=37008  n_red=0
05:02:45 | INFO |     step 20800  loss=3.4209  grp_sp=0.000  n_imp=37008  n_red=0
05:08:49 | INFO |     step 21000  loss=3.4147  grp_sp=0.000  n_imp=37008  n_red=0
05:14:55 | INFO |     step 21200  loss=3.4088  grp_sp=0.000  n_imp=37008  n_red=0
05:21:01 | INFO |     step 21400  loss=3.4031  grp_sp=0.000  n_imp=37008  n_red=0
05:27:04 | INFO |     step 21600  loss=3.3965  grp_sp=0.000  n_imp=37008  n_red=0
05:33:03 | INFO |     step 21800  loss=3.3894  grp_sp=0.000  n_imp=37008  n_red=0
05:39:08 | INFO |     step 22000  loss=3.3828  grp_sp=0.000  n_imp=37008  n_red=0
05:43:05 | INFO | [EPOCH 1/10] loss=3.3779  grp_sp=0.000  (eval skipped)  elapsed=704.5min
05:45:10 | INFO |     step 22200  loss=2.3381  grp_sp=0.000  n_imp=37008  n_red=0
05:51:15 | INFO |     step 22400  loss=2.3700  grp_sp=0.000  n_imp=37008  n_red=0
05:57:14 | INFO |     step 22600  loss=2.3378  grp_sp=0.000  n_imp=37008  n_red=0
06:03:12 | INFO |     step 22800  loss=2.3304  grp_sp=0.000  n_imp=37008  n_red=0
06:09:15 | INFO |     step 23000  loss=2.3254  grp_sp=0.000  n_imp=37008  n_red=0
06:15:14 | INFO |     step 23200  loss=2.3219  grp_sp=0.000  n_imp=37008  n_red=0
06:21:12 | INFO |     step 23400  loss=2.2988  grp_sp=0.000  n_imp=37008  n_red=0
06:27:13 | INFO |     step 23600  loss=2.2935  grp_sp=0.000  n_imp=37008  n_red=0
06:33:15 | INFO |     step 23800  loss=2.2795  grp_sp=0.000  n_imp=37008  n_red=0
06:39:17 | INFO |     step 24000  loss=2.2632  grp_sp=0.000  n_imp=37008  n_red=0
06:45:17 | INFO |     step 24200  loss=2.2465  grp_sp=0.000  n_imp=37008  n_red=0
06:51:18 | INFO |     step 24400  loss=2.2321  grp_sp=0.000  n_imp=37008  n_red=0
06:57:22 | INFO |     step 24600  loss=2.2196  grp_sp=0.000  n_imp=37008  n_red=0
07:03:22 | INFO |     step 24800  loss=2.2163  grp_sp=0.000  n_imp=37008  n_red=0
07:09:25 | INFO |     step 25000  loss=2.2089  grp_sp=0.000  n_imp=37008  n_red=0
07:15:25 | INFO |     step 25200  loss=2.2014  grp_sp=0.000  n_imp=37008  n_red=0
07:21:25 | INFO |     step 25400  loss=2.1943  grp_sp=0.000  n_imp=37008  n_red=0
07:27:26 | INFO |     step 25600  loss=2.1884  grp_sp=0.000  n_imp=37008  n_red=0
07:33:26 | INFO |     step 25800  loss=2.1813  grp_sp=0.000  n_imp=37008  n_red=0
07:39:27 | INFO |     step 26000  loss=2.1740  grp_sp=0.000  n_imp=37008  n_red=0
07:45:26 | INFO |     step 26200  loss=2.1720  grp_sp=0.000  n_imp=37008  n_red=0
07:51:30 | INFO |     step 26400  loss=2.1625  grp_sp=0.000  n_imp=37008  n_red=0
07:57:32 | INFO |     step 26600  loss=2.1597  grp_sp=0.000  n_imp=37008  n_red=0
08:03:31 | INFO |     step 26800  loss=2.1545  grp_sp=0.000  n_imp=37008  n_red=0
08:09:41 | INFO |     step 27000  loss=2.1515  grp_sp=0.000  n_imp=37008  n_red=0
08:15:47 | INFO |     step 27200  loss=2.1440  grp_sp=0.000  n_imp=37008  n_red=0
08:21:49 | INFO |     step 27400  loss=2.1384  grp_sp=0.000  n_imp=37008  n_red=0
08:27:50 | INFO |     step 27600  loss=2.1298  grp_sp=0.000  n_imp=37008  n_red=0
08:33:56 | INFO |     step 27800  loss=2.1247  grp_sp=0.000  n_imp=37008  n_red=0
08:39:59 | INFO |     step 28000  loss=2.1212  grp_sp=0.000  n_imp=37008  n_red=0
08:46:02 | INFO |     step 28200  loss=2.1171  grp_sp=0.000  n_imp=37008  n_red=0
08:52:05 | INFO |     step 28400  loss=2.1121  grp_sp=0.000  n_imp=37008  n_red=0
08:58:39 | INFO |     step 28600  loss=2.1087  grp_sp=0.000  n_imp=37008  n_red=0
09:05:56 | INFO |     step 28800  loss=2.1064  grp_sp=0.000  n_imp=37008  n_red=0
09:13:09 | INFO |     step 29000  loss=2.1058  grp_sp=0.000  n_imp=37008  n_red=0
09:20:35 | INFO |     step 29200  loss=2.1058  grp_sp=0.000  n_imp=37008  n_red=0
09:28:28 | INFO |     step 29400  loss=2.1027  grp_sp=0.000  n_imp=37008  n_red=0
09:37:16 | INFO |     step 29600  loss=2.0975  grp_sp=0.000  n_imp=37008  n_red=0
09:46:04 | INFO |     step 29800  loss=2.0913  grp_sp=0.000  n_imp=37008  n_red=0
09:54:19 | INFO |     step 30000  loss=2.0870  grp_sp=0.000  n_imp=37008  n_red=0
10:02:14 | INFO |     step 30200  loss=2.0837  grp_sp=0.000  n_imp=37008  n_red=0
10:08:22 | INFO |     step 30400  loss=2.0801  grp_sp=0.000  n_imp=37008  n_red=0
10:14:35 | INFO |     step 30600  loss=2.0787  grp_sp=0.000  n_imp=37008  n_red=0
10:20:51 | INFO |     step 30800  loss=2.1007  grp_sp=0.000  n_imp=37008  n_red=0
10:27:13 | INFO |     step 31000  loss=2.1300  grp_sp=0.000  n_imp=37008  n_red=0
10:33:29 | INFO |     step 31200  loss=2.1431  grp_sp=0.000  n_imp=37008  n_red=0
10:39:42 | INFO |     step 31400  loss=2.1533  grp_sp=0.000  n_imp=37008  n_red=0
10:45:58 | INFO |     step 31600  loss=2.1588  grp_sp=0.000  n_imp=37008  n_red=0
10:52:05 | INFO |     step 31800  loss=2.1660  grp_sp=0.000  n_imp=37008  n_red=0
10:58:10 | INFO |     step 32000  loss=2.1681  grp_sp=0.000  n_imp=37008  n_red=0
11:04:10 | INFO |     step 32200  loss=2.1679  grp_sp=0.000  n_imp=37008  n_red=0
11:10:14 | INFO |     step 32400  loss=2.1690  grp_sp=0.000  n_imp=37008  n_red=0
11:16:22 | INFO |     step 32600  loss=2.1699  grp_sp=0.000  n_imp=37008  n_red=0
11:22:26 | INFO |     step 32800  loss=2.1695  grp_sp=0.000  n_imp=37008  n_red=0
11:29:07 | INFO |     step 33000  loss=2.1693  grp_sp=0.000  n_imp=37008  n_red=0
11:35:52 | INFO |     step 33200  loss=2.1690  grp_sp=0.000  n_imp=37008  n_red=0
11:42:29 | INFO |     step 33400  loss=2.1685  grp_sp=0.000  n_imp=37008  n_red=0
11:49:00 | INFO |     step 33600  loss=2.1673  grp_sp=0.000  n_imp=37008  n_red=0
11:55:47 | INFO |     step 33800  loss=2.1662  grp_sp=0.000  n_imp=37008  n_red=0
12:02:25 | INFO |     step 34000  loss=2.1649  grp_sp=0.000  n_imp=37008  n_red=0
12:09:02 | INFO |     step 34200  loss=2.1635  grp_sp=0.000  n_imp=37008  n_red=0
12:15:33 | INFO |     step 34400  loss=2.1650  grp_sp=0.000  n_imp=37008  n_red=0
12:22:26 | INFO |     step 34600  loss=2.1651  grp_sp=0.000  n_imp=37008  n_red=0
12:29:05 | INFO |     step 34800  loss=2.1671  grp_sp=0.000  n_imp=37008  n_red=0
12:36:22 | INFO |     step 35000  loss=2.1683  grp_sp=0.000  n_imp=37008  n_red=0
12:42:26 | INFO |     step 35200  loss=2.1666  grp_sp=0.000  n_imp=37008  n_red=0
12:48:04 | INFO |     step 35400  loss=2.1659  grp_sp=0.000  n_imp=37008  n_red=0
12:53:43 | INFO |     step 35600  loss=2.1649  grp_sp=0.000  n_imp=37008  n_red=0
12:59:23 | INFO |     step 35800  loss=2.1632  grp_sp=0.000  n_imp=37008  n_red=0
13:05:00 | INFO |     step 36000  loss=2.1628  grp_sp=0.000  n_imp=37008  n_red=0
13:10:59 | INFO |     step 36200  loss=2.1621  grp_sp=0.000  n_imp=37008  n_red=0
13:16:58 | INFO |     step 36400  loss=2.1606  grp_sp=0.000  n_imp=37008  n_red=0
13:23:00 | INFO |     step 36600  loss=2.1590  grp_sp=0.000  n_imp=37008  n_red=0
13:28:50 | INFO |     step 36800  loss=2.1577  grp_sp=0.000  n_imp=37008  n_red=0
13:35:08 | INFO |     step 37000  loss=2.1865  grp_sp=0.000  n_imp=33924  n_red=3084
13:41:53 | INFO |     step 37200  loss=2.2273  grp_sp=0.000  n_imp=33924  n_red=3084
13:48:34 | INFO |     step 37400  loss=2.2545  grp_sp=0.000  n_imp=33924  n_red=3084
13:55:05 | INFO |     step 37600  loss=2.2761  grp_sp=0.000  n_imp=33924  n_red=3084
14:01:28 | INFO |     step 37800  loss=2.2998  grp_sp=0.000  n_imp=33924  n_red=3084
14:08:01 | INFO |     step 38000  loss=2.3194  grp_sp=0.000  n_imp=33924  n_red=3084
14:14:34 | INFO |     step 38200  loss=2.3367  grp_sp=0.000  n_imp=33924  n_red=3084
14:21:17 | INFO |     step 38400  loss=2.3532  grp_sp=0.000  n_imp=33924  n_red=3084
14:27:44 | INFO |     step 38600  loss=2.3680  grp_sp=0.000  n_imp=33924  n_red=3084
14:34:18 | INFO |     step 38800  loss=2.3820  grp_sp=0.000  n_imp=33924  n_red=3084
14:40:23 | INFO |     step 39000  loss=2.3941  grp_sp=0.000  n_imp=33924  n_red=3084
14:46:20 | INFO |     step 39200  loss=2.4055  grp_sp=0.000  n_imp=33924  n_red=3084
14:52:15 | INFO |     step 39400  loss=2.4166  grp_sp=0.000  n_imp=33924  n_red=3084
14:58:24 | INFO |     step 39600  loss=2.4284  grp_sp=0.000  n_imp=33924  n_red=3084
15:05:07 | INFO |     step 39800  loss=2.4377  grp_sp=0.000  n_imp=33924  n_red=3084
15:12:16 | INFO |     step 40000  loss=2.4479  grp_sp=0.000  n_imp=33924  n_red=3084
15:20:09 | INFO |     step 40200  loss=2.4584  grp_sp=0.000  n_imp=33924  n_red=3084
15:28:49 | INFO |     step 40400  loss=2.4677  grp_sp=0.000  n_imp=33924  n_red=3084
15:36:54 | INFO |     step 40600  loss=2.4766  grp_sp=0.000  n_imp=33924  n_red=3084
15:43:53 | INFO |     step 40800  loss=2.4853  grp_sp=0.000  n_imp=33924  n_red=3084
15:50:48 | INFO |     step 41000  loss=2.4941  grp_sp=0.000  n_imp=33924  n_red=3084
15:58:11 | INFO |     step 41200  loss=2.5029  grp_sp=0.000  n_imp=33924  n_red=3084
16:05:02 | INFO |     step 41400  loss=2.5101  grp_sp=0.000  n_imp=33924  n_red=3084
16:12:33 | INFO |     step 41600  loss=2.5164  grp_sp=0.000  n_imp=33924  n_red=3084
16:18:41 | INFO |     step 41800  loss=2.5241  grp_sp=0.000  n_imp=33924  n_red=3084
16:24:50 | INFO |     step 42000  loss=2.5332  grp_sp=0.000  n_imp=33924  n_red=3084
16:30:59 | INFO |     step 42200  loss=2.5407  grp_sp=0.000  n_imp=33924  n_red=3084
16:37:08 | INFO |     step 42400  loss=2.5470  grp_sp=0.000  n_imp=33924  n_red=3084
16:43:14 | INFO |     step 42600  loss=2.5533  grp_sp=0.000  n_imp=33924  n_red=3084
16:49:20 | INFO |     step 42800  loss=2.5595  grp_sp=0.000  n_imp=33924  n_red=3084
16:55:28 | INFO |     step 43000  loss=2.5642  grp_sp=0.000  n_imp=33924  n_red=3084
17:01:58 | INFO |     step 43200  loss=2.5712  grp_sp=0.000  n_imp=33924  n_red=3084
17:10:35 | INFO |     step 43400  loss=2.5769  grp_sp=0.000  n_imp=33924  n_red=3084
17:17:11 | INFO |     step 43600  loss=2.5811  grp_sp=0.000  n_imp=33924  n_red=3084
17:23:39 | INFO |     step 43800  loss=2.5857  grp_sp=0.000  n_imp=33924  n_red=3084
17:29:28 | INFO |     step 44000  loss=2.5911  grp_sp=0.000  n_imp=33924  n_red=3084
17:35:39 | INFO |     step 44200  loss=2.5981  grp_sp=0.000  n_imp=33924  n_red=3084
17:37:36 | INFO | [EPOCH 2/10] loss=2.5996  grp_sp=0.000  (eval skipped)  elapsed=1419.1min
17:42:08 | INFO |     step 44400  loss=3.1366  grp_sp=0.000  n_imp=33924  n_red=3084
17:50:50 | INFO |     step 44600  loss=2.9936  grp_sp=0.000  n_imp=33924  n_red=3084
17:58:29 | INFO |     step 44800  loss=2.9987  grp_sp=0.000  n_imp=33924  n_red=3084
18:04:54 | INFO |     step 45000  loss=2.9616  grp_sp=0.000  n_imp=33924  n_red=3084
18:11:14 | INFO |     step 45200  loss=2.9364  grp_sp=0.000  n_imp=33924  n_red=3084
18:17:49 | INFO |     step 45400  loss=2.9389  grp_sp=0.000  n_imp=33924  n_red=3084
18:24:23 | INFO |     step 45600  loss=2.9331  grp_sp=0.000  n_imp=33924  n_red=3084
18:30:56 | INFO |     step 45800  loss=2.9333  grp_sp=0.000  n_imp=33924  n_red=3084
18:37:20 | INFO |     step 46000  loss=2.9298  grp_sp=0.000  n_imp=33924  n_red=3084
18:43:47 | INFO |     step 46200  loss=2.9251  grp_sp=0.000  n_imp=33924  n_red=3084
18:50:16 | INFO |     step 46400  loss=2.9149  grp_sp=0.000  n_imp=33924  n_red=3084
18:56:56 | INFO |     step 46600  loss=2.8990  grp_sp=0.000  n_imp=33924  n_red=3084
19:03:32 | INFO |     step 46800  loss=2.8831  grp_sp=0.000  n_imp=33924  n_red=3084
19:10:15 | INFO |     step 47000  loss=2.8857  grp_sp=0.000  n_imp=33924  n_red=3084
19:16:55 | INFO |     step 47200  loss=2.8819  grp_sp=0.000  n_imp=33924  n_red=3084
19:23:33 | INFO |     step 47400  loss=2.8730  grp_sp=0.000  n_imp=33924  n_red=3084
19:30:10 | INFO |     step 47600  loss=2.8722  grp_sp=0.000  n_imp=33924  n_red=3084
19:36:45 | INFO |     step 47800  loss=2.8708  grp_sp=0.000  n_imp=33924  n_red=3084
19:43:22 | INFO |     step 48000  loss=2.8619  grp_sp=0.000  n_imp=33924  n_red=3084
19:49:59 | INFO |     step 48200  loss=2.8639  grp_sp=0.000  n_imp=33924  n_red=3084
19:56:45 | INFO |     step 48400  loss=2.8630  grp_sp=0.000  n_imp=33924  n_red=3084
20:03:34 | INFO |     step 48600  loss=2.8561  grp_sp=0.000  n_imp=33924  n_red=3084
20:10:14 | INFO |     step 48800  loss=2.8472  grp_sp=0.000  n_imp=33924  n_red=3084
20:16:59 | INFO |     step 49000  loss=2.8390  grp_sp=0.000  n_imp=33924  n_red=3084
20:23:39 | INFO |     step 49200  loss=2.8333  grp_sp=0.000  n_imp=33924  n_red=3084
20:31:29 | INFO |     step 49400  loss=2.8319  grp_sp=0.000  n_imp=33924  n_red=3084
20:40:32 | INFO |     step 49600  loss=2.8262  grp_sp=0.000  n_imp=33924  n_red=3084
20:49:34 | INFO |     step 49800  loss=2.8204  grp_sp=0.000  n_imp=33924  n_red=3084
20:58:28 | INFO |     step 50000  loss=2.8195  grp_sp=0.000  n_imp=33924  n_red=3084
21:07:00 | INFO |     step 50200  loss=2.8122  grp_sp=0.000  n_imp=33924  n_red=3084
21:15:42 | INFO |     step 50400  loss=2.8073  grp_sp=0.000  n_imp=33924  n_red=3084
21:23:16 | INFO |     step 50600  loss=2.8008  grp_sp=0.000  n_imp=33924  n_red=3084
21:30:46 | INFO |     step 50800  loss=2.7943  grp_sp=0.000  n_imp=33924  n_red=3084
21:37:50 | INFO |     step 51000  loss=2.7876  grp_sp=0.000  n_imp=33924  n_red=3084
21:44:19 | INFO |     step 51200  loss=2.7811  grp_sp=0.000  n_imp=33924  n_red=3084
21:51:04 | INFO |     step 51400  loss=2.7780  grp_sp=0.000  n_imp=33924  n_red=3084
21:57:42 | INFO |     step 51600  loss=2.7705  grp_sp=0.000  n_imp=33924  n_red=3084
22:04:23 | INFO |     step 51800  loss=2.7666  grp_sp=0.000  n_imp=33924  n_red=3084
22:10:56 | INFO |     step 52000  loss=2.7605  grp_sp=0.000  n_imp=33924  n_red=3084
22:17:37 | INFO |     step 52200  loss=2.7562  grp_sp=0.000  n_imp=33924  n_red=3084
22:24:24 | INFO |     step 52400  loss=2.7535  grp_sp=0.000  n_imp=33924  n_red=3084
22:31:12 | INFO |     step 52600  loss=2.7526  grp_sp=0.000  n_imp=33924  n_red=3084
22:37:54 | INFO |     step 52800  loss=2.7497  grp_sp=0.000  n_imp=33924  n_red=3084
22:44:31 | INFO |     step 53000  loss=2.7438  grp_sp=0.000  n_imp=33924  n_red=3084
22:50:59 | INFO |     step 53200  loss=2.7394  grp_sp=0.000  n_imp=33924  n_red=3084
22:57:51 | INFO |     step 53400  loss=2.7347  grp_sp=0.000  n_imp=33924  n_red=3084
23:05:49 | INFO |     step 53600  loss=2.7333  grp_sp=0.000  n_imp=33924  n_red=3084
23:13:44 | INFO |     step 53800  loss=2.7287  grp_sp=0.000  n_imp=33924  n_red=3084
23:21:25 | INFO |     step 54000  loss=2.7217  grp_sp=0.000  n_imp=33924  n_red=3084
23:28:38 | INFO |     step 54200  loss=2.7171  grp_sp=0.000  n_imp=33924  n_red=3084
23:36:26 | INFO |     step 54400  loss=2.7147  grp_sp=0.000  n_imp=33924  n_red=3084
23:44:19 | INFO |     step 54600  loss=2.7143  grp_sp=0.000  n_imp=33924  n_red=3084
23:52:05 | INFO |     step 54800  loss=2.7127  grp_sp=0.000  n_imp=33924  n_red=3084
23:59:37 | INFO |     step 55000  loss=2.7089  grp_sp=0.000  n_imp=33924  n_red=3084
00:07:15 | INFO |     step 55200  loss=2.7020  grp_sp=0.000  n_imp=33924  n_red=3084
00:14:58 | INFO |     step 55400  loss=2.7009  grp_sp=0.000  n_imp=33924  n_red=3084
00:22:51 | INFO |     step 55600  loss=2.6999  grp_sp=0.000  n_imp=33924  n_red=3084
00:30:30 | INFO |     step 55800  loss=2.6943  grp_sp=0.000  n_imp=33924  n_red=3084
00:38:10 | INFO |     step 56000  loss=2.6929  grp_sp=0.000  n_imp=33924  n_red=3084
00:45:49 | INFO |     step 56200  loss=2.6897  grp_sp=0.000  n_imp=33924  n_red=3084
00:53:08 | INFO |     step 56400  loss=2.6881  grp_sp=0.000  n_imp=33924  n_red=3084
00:59:51 | INFO |     step 56600  loss=2.6857  grp_sp=0.000  n_imp=33924  n_red=3084
01:06:37 | INFO |     step 56800  loss=2.6829  grp_sp=0.000  n_imp=33924  n_red=3084
01:13:17 | INFO |     step 57000  loss=2.6804  grp_sp=0.000  n_imp=33924  n_red=3084
01:20:13 | INFO |     step 57200  loss=2.6791  grp_sp=0.000  n_imp=33924  n_red=3084
01:26:58 | INFO |     step 57400  loss=2.6777  grp_sp=0.000  n_imp=33924  n_red=3084
01:33:54 | INFO |     step 57600  loss=2.6774  grp_sp=0.000  n_imp=33924  n_red=3084
01:40:47 | INFO |     step 57800  loss=2.6789  grp_sp=0.000  n_imp=33924  n_red=3084
01:47:45 | INFO |     step 58000  loss=2.6781  grp_sp=0.000  n_imp=33924  n_red=3084
01:55:02 | INFO |     step 58200  loss=2.6785  grp_sp=0.000  n_imp=33924  n_red=3084
02:01:59 | INFO |     step 58400  loss=2.6789  grp_sp=0.000  n_imp=33924  n_red=3084
02:09:13 | INFO |     step 58600  loss=2.6804  grp_sp=0.000  n_imp=33924  n_red=3084
02:16:03 | INFO |     step 58800  loss=2.6814  grp_sp=0.000  n_imp=33924  n_red=3084
02:23:09 | INFO |     step 59000  loss=2.6827  grp_sp=0.000  n_imp=33924  n_red=3084
02:30:43 | INFO |     step 59200  loss=2.6823  grp_sp=0.000  n_imp=33924  n_red=3084
02:38:20 | INFO |     step 59400  loss=2.6821  grp_sp=0.000  n_imp=33924  n_red=3084
02:46:23 | INFO |     step 59600  loss=2.6827  grp_sp=0.000  n_imp=33924  n_red=3084
02:54:10 | INFO |     step 59800  loss=2.6819  grp_sp=0.000  n_imp=33924  n_red=3084
03:01:47 | INFO |     step 60000  loss=2.6809  grp_sp=0.000  n_imp=33924  n_red=3084
03:09:00 | INFO |     step 60200  loss=2.6825  grp_sp=0.000  n_imp=33924  n_red=3084
03:15:49 | INFO |     step 60400  loss=2.6836  grp_sp=0.000  n_imp=33924  n_red=3084
03:22:36 | INFO |     step 60600  loss=2.6858  grp_sp=0.000  n_imp=33924  n_red=3084
03:29:28 | INFO |     step 60800  loss=2.6882  grp_sp=0.000  n_imp=33924  n_red=3084
03:36:21 | INFO |     step 61000  loss=2.6885  grp_sp=0.000  n_imp=33924  n_red=3084
03:43:10 | INFO |     step 61200  loss=2.6904  grp_sp=0.000  n_imp=33924  n_red=3084
03:49:49 | INFO |     step 61400  loss=2.6928  grp_sp=0.000  n_imp=33924  n_red=3084
03:56:38 | INFO |     step 61600  loss=2.6943  grp_sp=0.000  n_imp=33924  n_red=3084
04:03:34 | INFO |     step 61800  loss=2.6958  grp_sp=0.000  n_imp=33924  n_red=3084
04:11:09 | INFO |     step 62000  loss=2.6975  grp_sp=0.000  n_imp=33924  n_red=3084
04:18:51 | INFO |     step 62200  loss=2.6982  grp_sp=0.000  n_imp=33924  n_red=3084
04:26:45 | INFO |     step 62400  loss=2.6998  grp_sp=0.000  n_imp=33924  n_red=3084
04:34:12 | INFO |     step 62600  loss=2.7019  grp_sp=0.000  n_imp=33924  n_red=3084
04:42:05 | INFO |     step 62800  loss=2.7060  grp_sp=0.000  n_imp=33924  n_red=3084
04:49:31 | INFO |     step 63000  loss=2.7086  grp_sp=0.000  n_imp=33924  n_red=3084
04:57:05 | INFO |     step 63200  loss=2.7102  grp_sp=0.000  n_imp=33924  n_red=3084
05:04:57 | INFO |     step 63400  loss=2.7117  grp_sp=0.000  n_imp=33924  n_red=3084
05:12:28 | INFO |     step 63600  loss=2.7131  grp_sp=0.000  n_imp=33924  n_red=3084
05:20:10 | INFO |     step 63800  loss=2.7142  grp_sp=0.000  n_imp=33924  n_red=3084
05:28:00 | INFO |     step 64000  loss=2.7166  grp_sp=0.000  n_imp=33924  n_red=3084
05:35:54 | INFO |     step 64200  loss=2.7189  grp_sp=0.000  n_imp=33924  n_red=3084
05:43:21 | INFO |     step 64400  loss=2.7221  grp_sp=0.000  n_imp=33924  n_red=3084
05:51:10 | INFO |     step 64600  loss=2.7254  grp_sp=0.000  n_imp=33924  n_red=3084
05:58:46 | INFO |     step 64800  loss=2.7287  grp_sp=0.000  n_imp=33924  n_red=3084
06:06:22 | INFO |     step 65000  loss=2.7317  grp_sp=0.000  n_imp=33924  n_red=3084
06:13:54 | INFO |     step 65200  loss=2.7356  grp_sp=0.000  n_imp=33924  n_red=3084
06:21:34 | INFO |     step 65400  loss=2.7403  grp_sp=0.000  n_imp=33924  n_red=3084
06:29:08 | INFO |     step 65600  loss=2.7456  grp_sp=0.000  n_imp=33924  n_red=3084
06:36:39 | INFO |     step 65800  loss=2.7500  grp_sp=0.000  n_imp=33924  n_red=3084
06:43:43 | INFO |     step 66000  loss=2.7547  grp_sp=0.000  n_imp=33924  n_red=3084
06:51:17 | INFO |     step 66200  loss=2.7578  grp_sp=0.000  n_imp=33924  n_red=3084
06:58:08 | INFO | [EPOCH 3/10] loss=2.7604  grp_sp=0.000  (eval skipped)  elapsed=2219.6min
06:58:21 | INFO |     step 66400  loss=3.1725  grp_sp=0.000  n_imp=33924  n_red=3084
07:05:28 | INFO |     step 66600  loss=3.0863  grp_sp=0.000  n_imp=33924  n_red=3084
07:12:49 | INFO |     step 66800  loss=3.1071  grp_sp=0.000  n_imp=33924  n_red=3084
07:20:41 | INFO |     step 67000  loss=3.0776  grp_sp=0.000  n_imp=33924  n_red=3084
07:28:11 | INFO |     step 67200  loss=3.1012  grp_sp=0.000  n_imp=33924  n_red=3084
07:35:45 | INFO |     step 67400  loss=3.1068  grp_sp=0.000  n_imp=33924  n_red=3084
07:43:44 | INFO |     step 67600  loss=3.1420  grp_sp=0.000  n_imp=33924  n_red=3084
07:51:45 | INFO |     step 67800  loss=3.1749  grp_sp=0.083  n_imp=30840  n_red=6168
07:59:54 | INFO |     step 68000  loss=3.1903  grp_sp=0.083  n_imp=30840  n_red=6168
08:07:37 | INFO |     step 68200  loss=3.2081  grp_sp=0.083  n_imp=30840  n_red=6168
08:13:47 | INFO |     step 68400  loss=3.2185  grp_sp=0.083  n_imp=30840  n_red=6168
08:19:58 | INFO |     step 68600  loss=3.2210  grp_sp=0.083  n_imp=30840  n_red=6168
08:26:08 | INFO |     step 68800  loss=3.2406  grp_sp=0.083  n_imp=30840  n_red=6168
08:32:20 | INFO |     step 69000  loss=3.2487  grp_sp=0.083  n_imp=30840  n_red=6168
08:38:29 | INFO |     step 69200  loss=3.2457  grp_sp=0.083  n_imp=30840  n_red=6168
08:44:40 | INFO |     step 69400  loss=3.2652  grp_sp=0.083  n_imp=30840  n_red=6168
08:50:52 | INFO |     step 69600  loss=3.2782  grp_sp=0.083  n_imp=30840  n_red=6168
08:57:00 | INFO |     step 69800  loss=3.2863  grp_sp=0.083  n_imp=30840  n_red=6168
09:03:11 | INFO |     step 70000  loss=3.2960  grp_sp=0.083  n_imp=30840  n_red=6168
09:09:19 | INFO |     step 70200  loss=3.3030  grp_sp=0.083  n_imp=30840  n_red=6168
09:15:30 | INFO |     step 70400  loss=3.3164  grp_sp=0.083  n_imp=30840  n_red=6168
09:21:39 | INFO |     step 70600  loss=3.3186  grp_sp=0.083  n_imp=30840  n_red=6168
09:27:51 | INFO |     step 70800  loss=3.3202  grp_sp=0.083  n_imp=30840  n_red=6168
09:34:00 | INFO |     step 71000  loss=3.3176  grp_sp=0.083  n_imp=30840  n_red=6168
09:40:11 | INFO |     step 71200  loss=3.3122  grp_sp=0.083  n_imp=30840  n_red=6168
09:46:21 | INFO |     step 71400  loss=3.3051  grp_sp=0.083  n_imp=30840  n_red=6168
09:52:32 | INFO |     step 71600  loss=3.2966  grp_sp=0.083  n_imp=30840  n_red=6168
09:58:42 | INFO |     step 71800  loss=3.2887  grp_sp=0.083  n_imp=30840  n_red=6168
10:04:50 | INFO |     step 72000  loss=3.2836  grp_sp=0.083  n_imp=30840  n_red=6168
10:11:00 | INFO |     step 72200  loss=3.2802  grp_sp=0.083  n_imp=30840  n_red=6168
10:17:08 | INFO |     step 72400  loss=3.2779  grp_sp=0.083  n_imp=30840  n_red=6168
10:23:18 | INFO |     step 72600  loss=3.2746  grp_sp=0.083  n_imp=30840  n_red=6168
10:29:27 | INFO |     step 72800  loss=3.2724  grp_sp=0.083  n_imp=30840  n_red=6168
10:35:39 | INFO |     step 73000  loss=3.2685  grp_sp=0.083  n_imp=30840  n_red=6168
10:41:48 | INFO |     step 73200  loss=3.2654  grp_sp=0.083  n_imp=30840  n_red=6168
10:48:00 | INFO |     step 73400  loss=3.2609  grp_sp=0.083  n_imp=30840  n_red=6168
10:54:06 | INFO |     step 73600  loss=3.2601  grp_sp=0.083  n_imp=30840  n_red=6168
11:00:13 | INFO |     step 73800  loss=3.2584  grp_sp=0.083  n_imp=30840  n_red=6168
11:06:19 | INFO |     step 74000  loss=3.2551  grp_sp=0.083  n_imp=30840  n_red=6168
11:12:26 | INFO |     step 74200  loss=3.2502  grp_sp=0.083  n_imp=30840  n_red=6168
11:18:34 | INFO |     step 74400  loss=3.2439  grp_sp=0.083  n_imp=30840  n_red=6168
11:26:42 | INFO |     step 74600  loss=3.2385  grp_sp=0.083  n_imp=30840  n_red=6168
11:35:06 | INFO |     step 74800  loss=3.2380  grp_sp=0.083  n_imp=30840  n_red=6168
11:43:05 | INFO |     step 75000  loss=3.2350  grp_sp=0.083  n_imp=30840  n_red=6168
11:51:14 | INFO |     step 75200  loss=3.2324  grp_sp=0.083  n_imp=30840  n_red=6168
11:59:43 | INFO |     step 75400  loss=3.2285  grp_sp=0.083  n_imp=30840  n_red=6168
12:08:29 | INFO |     step 75600  loss=3.2248  grp_sp=0.083  n_imp=30840  n_red=6168
12:17:16 | INFO |     step 75800  loss=3.2256  grp_sp=0.083  n_imp=30840  n_red=6168
12:25:42 | INFO |     step 76000  loss=3.2228  grp_sp=0.083  n_imp=30840  n_red=6168
12:34:23 | INFO |     step 76200  loss=3.2199  grp_sp=0.083  n_imp=30840  n_red=6168
12:42:54 | INFO |     step 76400  loss=3.2188  grp_sp=0.083  n_imp=30840  n_red=6168
12:51:03 | INFO |     step 76600  loss=3.2161  grp_sp=0.083  n_imp=30840  n_red=6168
12:59:38 | INFO |     step 76800  loss=3.2128  grp_sp=0.083  n_imp=30840  n_red=6168
13:07:41 | INFO |     step 77000  loss=3.2102  grp_sp=0.083  n_imp=30840  n_red=6168
13:15:44 | INFO |     step 77200  loss=3.2050  grp_sp=0.083  n_imp=30840  n_red=6168
13:22:19 | INFO |     step 77400  loss=3.2035  grp_sp=0.083  n_imp=30840  n_red=6168
13:28:38 | INFO |     step 77600  loss=3.2021  grp_sp=0.083  n_imp=30840  n_red=6168
13:35:12 | INFO |     step 77800  loss=3.2010  grp_sp=0.083  n_imp=30840  n_red=6168
13:41:42 | INFO |     step 78000  loss=3.2002  grp_sp=0.083  n_imp=30840  n_red=6168
13:48:01 | INFO |     step 78200  loss=3.2010  grp_sp=0.083  n_imp=30840  n_red=6168
13:54:20 | INFO |     step 78400  loss=3.2015  grp_sp=0.083  n_imp=30840  n_red=6168
14:00:48 | INFO |     step 78600  loss=3.2023  grp_sp=0.083  n_imp=30840  n_red=6168
14:07:40 | INFO |     step 78800  loss=3.2047  grp_sp=0.083  n_imp=30840  n_red=6168
14:14:07 | INFO |     step 79000  loss=3.2061  grp_sp=0.083  n_imp=30840  n_red=6168
14:20:54 | INFO |     step 79200  loss=3.2085  grp_sp=0.083  n_imp=30840  n_red=6168
14:27:44 | INFO |     step 79400  loss=3.2090  grp_sp=0.083  n_imp=30840  n_red=6168
14:34:21 | INFO |     step 79600  loss=3.2083  grp_sp=0.083  n_imp=30840  n_red=6168
14:40:57 | INFO |     step 79800  loss=3.2083  grp_sp=0.083  n_imp=30840  n_red=6168
14:47:40 | INFO |     step 80000  loss=3.2084  grp_sp=0.083  n_imp=30840  n_red=6168
14:54:24 | INFO |     step 80200  loss=3.2071  grp_sp=0.083  n_imp=30840  n_red=6168
15:01:50 | INFO |     step 80400  loss=3.2067  grp_sp=0.083  n_imp=30840  n_red=6168
15:09:01 | INFO |     step 80600  loss=3.2082  grp_sp=0.083  n_imp=30840  n_red=6168
15:16:54 | INFO |     step 80800  loss=3.2093  grp_sp=0.083  n_imp=30840  n_red=6168
15:24:41 | INFO |     step 81000  loss=3.2090  grp_sp=0.083  n_imp=30840  n_red=6168
15:32:24 | INFO |     step 81200  loss=3.2113  grp_sp=0.083  n_imp=30840  n_red=6168
15:40:14 | INFO |     step 81400  loss=3.2123  grp_sp=0.083  n_imp=30840  n_red=6168
15:47:56 | INFO |     step 81600  loss=3.2152  grp_sp=0.083  n_imp=30840  n_red=6168
15:56:05 | INFO |     step 81800  loss=3.2177  grp_sp=0.083  n_imp=30840  n_red=6168
16:04:24 | INFO |     step 82000  loss=3.2197  grp_sp=0.083  n_imp=30840  n_red=6168
16:12:39 | INFO |     step 82200  loss=3.2195  grp_sp=0.083  n_imp=30840  n_red=6168
16:20:39 | INFO |     step 82400  loss=3.2199  grp_sp=0.083  n_imp=30840  n_red=6168
16:28:45 | INFO |     step 82600  loss=3.2208  grp_sp=0.083  n_imp=30840  n_red=6168
16:37:24 | INFO |     step 82800  loss=3.2208  grp_sp=0.083  n_imp=30840  n_red=6168
16:45:44 | INFO |     step 83000  loss=3.2211  grp_sp=0.083  n_imp=30840  n_red=6168
16:53:39 | INFO |     step 83200  loss=3.2213  grp_sp=0.083  n_imp=30840  n_red=6168
17:02:09 | INFO |     step 83400  loss=3.2223  grp_sp=0.083  n_imp=30840  n_red=6168
17:10:38 | INFO |     step 83600  loss=3.2242  grp_sp=0.083  n_imp=30840  n_red=6168
17:19:18 | INFO |     step 83800  loss=3.2243  grp_sp=0.083  n_imp=30840  n_red=6168
17:28:01 | INFO |     step 84000  loss=3.2245  grp_sp=0.083  n_imp=30840  n_red=6168
17:37:01 | INFO |     step 84200  loss=3.2243  grp_sp=0.083  n_imp=30840  n_red=6168
17:45:26 | INFO |     step 84400  loss=3.2225  grp_sp=0.083  n_imp=30840  n_red=6168
17:53:22 | INFO |     step 84600  loss=3.2220  grp_sp=0.083  n_imp=30840  n_red=6168
18:01:52 | INFO |     step 84800  loss=3.2224  grp_sp=0.083  n_imp=30840  n_red=6168
18:10:12 | INFO |     step 85000  loss=3.2217  grp_sp=0.083  n_imp=30840  n_red=6168
18:18:22 | INFO |     step 85200  loss=3.2211  grp_sp=0.083  n_imp=30840  n_red=6168
18:26:02 | INFO |     step 85400  loss=3.2206  grp_sp=0.083  n_imp=30840  n_red=6168
18:34:14 | INFO |     step 85600  loss=3.2206  grp_sp=0.083  n_imp=30840  n_red=6168
18:42:31 | INFO |     step 85800  loss=3.2206  grp_sp=0.083  n_imp=30840  n_red=6168
18:50:51 | INFO |     step 86000  loss=3.2216  grp_sp=0.083  n_imp=30840  n_red=6168
18:59:00 | INFO |     step 86200  loss=3.2213  grp_sp=0.083  n_imp=30840  n_red=6168
19:07:20 | INFO |     step 86400  loss=3.2215  grp_sp=0.083  n_imp=30840  n_red=6168
19:15:26 | INFO |     step 86600  loss=3.2200  grp_sp=0.083  n_imp=30840  n_red=6168
19:23:57 | INFO |     step 86800  loss=3.2197  grp_sp=0.083  n_imp=30840  n_red=6168
19:32:26 | INFO |     step 87000  loss=3.2196  grp_sp=0.083  n_imp=30840  n_red=6168
19:41:01 | INFO |     step 87200  loss=3.2210  grp_sp=0.083  n_imp=30840  n_red=6168
19:49:10 | INFO |     step 87400  loss=3.2216  grp_sp=0.083  n_imp=30840  n_red=6168
19:56:37 | INFO |     step 87600  loss=3.2223  grp_sp=0.083  n_imp=30840  n_red=6168
20:04:35 | INFO |     step 87800  loss=3.2233  grp_sp=0.083  n_imp=30840  n_red=6168
20:12:45 | INFO |     step 88000  loss=3.2248  grp_sp=0.083  n_imp=30840  n_red=6168
20:21:01 | INFO |     step 88200  loss=3.2281  grp_sp=0.083  n_imp=30840  n_red=6168
20:29:05 | INFO |     step 88400  loss=3.2318  grp_sp=0.083  n_imp=30840  n_red=6168
20:33:26 | INFO | [EPOCH 4/10] loss=3.2327  grp_sp=0.083  (eval skipped)  elapsed=3034.9min
20:36:17 | INFO |     step 88600  loss=3.4242  grp_sp=0.083  n_imp=30840  n_red=6168
20:43:19 | INFO |     step 88800  loss=3.4011  grp_sp=0.083  n_imp=30840  n_red=6168
20:50:13 | INFO |     step 89000  loss=3.3324  grp_sp=0.083  n_imp=30840  n_red=6168
20:57:27 | INFO |     step 89200  loss=3.3266  grp_sp=0.083  n_imp=30840  n_red=6168
21:04:31 | INFO |     step 89400  loss=3.3009  grp_sp=0.083  n_imp=30840  n_red=6168
21:11:29 | INFO |     step 89600  loss=3.2766  grp_sp=0.083  n_imp=30840  n_red=6168
21:18:44 | INFO |     step 89800  loss=3.2770  grp_sp=0.083  n_imp=30840  n_red=6168
21:26:12 | INFO |     step 90000  loss=3.2797  grp_sp=0.083  n_imp=30840  n_red=6168
21:33:31 | INFO |     step 90200  loss=3.2865  grp_sp=0.083  n_imp=30840  n_red=6168
21:40:51 | INFO |     step 90400  loss=3.2973  grp_sp=0.083  n_imp=30840  n_red=6168
21:48:21 | INFO |     step 90600  loss=3.3061  grp_sp=0.083  n_imp=30840  n_red=6168
21:55:24 | INFO |     step 90800  loss=3.3064  grp_sp=0.083  n_imp=30840  n_red=6168
22:02:50 | INFO |     step 91000  loss=3.3044  grp_sp=0.083  n_imp=30840  n_red=6168
22:10:25 | INFO |     step 91200  loss=3.3055  grp_sp=0.083  n_imp=30840  n_red=6168
22:17:51 | INFO |     step 91400  loss=3.3363  grp_sp=0.083  n_imp=30840  n_red=6168
22:24:28 | INFO |     step 91600  loss=3.3583  grp_sp=0.083  n_imp=30840  n_red=6168
22:30:49 | INFO |     step 91800  loss=3.3553  grp_sp=0.083  n_imp=30840  n_red=6168
22:36:56 | INFO |     step 92000  loss=3.3573  grp_sp=0.083  n_imp=30840  n_red=6168
22:43:02 | INFO |     step 92200  loss=3.3578  grp_sp=0.083  n_imp=30840  n_red=6168
22:49:09 | INFO |     step 92400  loss=3.3584  grp_sp=0.083  n_imp=30840  n_red=6168
22:55:15 | INFO |     step 92600  loss=3.3577  grp_sp=0.083  n_imp=30840  n_red=6168
23:01:23 | INFO |     step 92800  loss=3.3600  grp_sp=0.083  n_imp=30840  n_red=6168
23:07:35 | INFO |     step 93000  loss=3.3553  grp_sp=0.083  n_imp=30840  n_red=6168
23:13:47 | INFO |     step 93200  loss=3.3520  grp_sp=0.083  n_imp=30840  n_red=6168
23:19:59 | INFO |     step 93400  loss=3.3515  grp_sp=0.083  n_imp=30840  n_red=6168
23:26:11 | INFO |     step 93600  loss=3.3470  grp_sp=0.083  n_imp=30840  n_red=6168
23:32:26 | INFO |     step 93800  loss=3.3470  grp_sp=0.083  n_imp=30840  n_red=6168
23:38:39 | INFO |     step 94000  loss=3.3499  grp_sp=0.083  n_imp=30840  n_red=6168
23:44:54 | INFO |     step 94200  loss=3.3542  grp_sp=0.083  n_imp=30840  n_red=6168
23:51:09 | INFO |     step 94400  loss=3.3554  grp_sp=0.083  n_imp=30840  n_red=6168
23:57:24 | INFO |     step 94600  loss=3.3545  grp_sp=0.083  n_imp=30840  n_red=6168
00:03:40 | INFO |     step 94800  loss=3.3509  grp_sp=0.083  n_imp=30840  n_red=6168
00:09:54 | INFO |     step 95000  loss=3.3472  grp_sp=0.083  n_imp=30840  n_red=6168
00:16:07 | INFO |     step 95200  loss=3.3457  grp_sp=0.083  n_imp=30840  n_red=6168
00:22:20 | INFO |     step 95400  loss=3.3481  grp_sp=0.083  n_imp=30840  n_red=6168
00:28:34 | INFO |     step 95600  loss=3.3466  grp_sp=0.083  n_imp=30840  n_red=6168
00:34:46 | INFO |     step 95800  loss=3.3389  grp_sp=0.083  n_imp=30840  n_red=6168
00:41:01 | INFO |     step 96000  loss=3.3346  grp_sp=0.083  n_imp=30840  n_red=6168
00:47:15 | INFO |     step 96200  loss=3.3311  grp_sp=0.083  n_imp=30840  n_red=6168
00:53:30 | INFO |     step 96400  loss=3.3268  grp_sp=0.083  n_imp=30840  n_red=6168
00:59:45 | INFO |     step 96600  loss=3.3226  grp_sp=0.083  n_imp=30840  n_red=6168
01:05:58 | INFO |     step 96800  loss=3.3166  grp_sp=0.083  n_imp=30840  n_red=6168
01:12:07 | INFO |     step 97000  loss=3.3162  grp_sp=0.083  n_imp=30840  n_red=6168
01:18:16 | INFO |     step 97200  loss=3.3142  grp_sp=0.083  n_imp=30840  n_red=6168
01:24:25 | INFO |     step 97400  loss=3.3129  grp_sp=0.083  n_imp=30840  n_red=6168
01:30:35 | INFO |     step 97600  loss=3.3089  grp_sp=0.083  n_imp=30840  n_red=6168
01:36:46 | INFO |     step 97800  loss=3.3071  grp_sp=0.083  n_imp=30840  n_red=6168
01:42:59 | INFO |     step 98000  loss=3.3047  grp_sp=0.083  n_imp=30840  n_red=6168
01:49:12 | INFO |     step 98200  loss=3.3035  grp_sp=0.083  n_imp=30840  n_red=6168
01:55:23 | INFO |     step 98400  loss=3.3033  grp_sp=0.167  n_imp=27756  n_red=9252
02:01:56 | INFO |     step 98600  loss=3.3030  grp_sp=0.167  n_imp=27756  n_red=9252
02:08:23 | INFO |     step 98800  loss=3.3036  grp_sp=0.167  n_imp=27756  n_red=9252
02:14:51 | INFO |     step 99000  loss=3.3074  grp_sp=0.167  n_imp=27756  n_red=9252
02:21:27 | INFO |     step 99200  loss=3.3076  grp_sp=0.167  n_imp=27756  n_red=9252
02:27:59 | INFO |     step 99400  loss=3.3078  grp_sp=0.167  n_imp=27756  n_red=9252
02:34:29 | INFO |     step 99600  loss=3.3072  grp_sp=0.167  n_imp=27756  n_red=9252
02:41:01 | INFO |     step 99800  loss=3.3052  grp_sp=0.167  n_imp=27756  n_red=9252
02:47:21 | INFO |     step 100000  loss=3.3034  grp_sp=0.167  n_imp=27756  n_red=9252
02:53:48 | INFO |     step 100200  loss=3.3056  grp_sp=0.167  n_imp=27756  n_red=9252
03:00:09 | INFO |     step 100400  loss=3.3048  grp_sp=0.167  n_imp=27756  n_red=9252
03:06:38 | INFO |     step 100600  loss=3.3033  grp_sp=0.167  n_imp=27756  n_red=9252
03:13:11 | INFO |     step 100800  loss=3.3049  grp_sp=0.167  n_imp=27756  n_red=9252
03:19:41 | INFO |     step 101000  loss=3.3057  grp_sp=0.167  n_imp=27756  n_red=9252
03:26:28 | INFO |     step 101200  loss=3.3066  grp_sp=0.167  n_imp=27756  n_red=9252
03:32:58 | INFO |     step 101400  loss=3.3059  grp_sp=0.167  n_imp=27756  n_red=9252
03:39:38 | INFO |     step 101600  loss=3.3077  grp_sp=0.167  n_imp=27756  n_red=9252
03:46:16 | INFO |     step 101800  loss=3.3082  grp_sp=0.167  n_imp=27756  n_red=9252
03:52:48 | INFO |     step 102000  loss=3.3080  grp_sp=0.167  n_imp=27756  n_red=9252
03:59:19 | INFO |     step 102200  loss=3.3077  grp_sp=0.167  n_imp=27756  n_red=9252
04:05:54 | INFO |     step 102400  loss=3.3086  grp_sp=0.167  n_imp=27756  n_red=9252
04:12:43 | INFO |     step 102600  loss=3.3094  grp_sp=0.167  n_imp=27756  n_red=9252
04:19:24 | INFO |     step 102800  loss=3.3121  grp_sp=0.167  n_imp=27756  n_red=9252
04:26:17 | INFO |     step 103000  loss=3.3136  grp_sp=0.167  n_imp=27756  n_red=9252
04:33:03 | INFO |     step 103200  loss=3.3160  grp_sp=0.167  n_imp=27756  n_red=9252
04:39:56 | INFO |     step 103400  loss=3.3157  grp_sp=0.167  n_imp=27756  n_red=9252
04:46:52 | INFO |     step 103600  loss=3.3174  grp_sp=0.167  n_imp=27756  n_red=9252
04:53:28 | INFO |     step 103800  loss=3.3174  grp_sp=0.167  n_imp=27756  n_red=9252
05:00:07 | INFO |     step 104000  loss=3.3198  grp_sp=0.167  n_imp=27756  n_red=9252
05:06:53 | INFO |     step 104200  loss=3.3221  grp_sp=0.167  n_imp=27756  n_red=9252
05:13:37 | INFO |     step 104400  loss=3.3237  grp_sp=0.167  n_imp=27756  n_red=9252
05:20:14 | INFO |     step 104600  loss=3.3262  grp_sp=0.167  n_imp=27756  n_red=9252
05:26:53 | INFO |     step 104800  loss=3.3289  grp_sp=0.167  n_imp=27756  n_red=9252
05:33:43 | INFO |     step 105000  loss=3.3302  grp_sp=0.167  n_imp=27756  n_red=9252
05:40:44 | INFO |     step 105200  loss=3.3305  grp_sp=0.167  n_imp=27756  n_red=9252
05:47:37 | INFO |     step 105400  loss=3.3333  grp_sp=0.167  n_imp=27756  n_red=9252
05:54:40 | INFO |     step 105600  loss=3.3356  grp_sp=0.167  n_imp=27756  n_red=9252
06:01:37 | INFO |     step 105800  loss=3.3387  grp_sp=0.167  n_imp=27756  n_red=9252
06:08:55 | INFO |     step 106000  loss=3.3420  grp_sp=0.167  n_imp=27756  n_red=9252
06:15:41 | INFO |     step 106200  loss=3.3449  grp_sp=0.167  n_imp=27756  n_red=9252
06:22:53 | INFO |     step 106400  loss=3.3477  grp_sp=0.167  n_imp=27756  n_red=9252
06:30:00 | INFO |     step 106600  loss=3.3501  grp_sp=0.167  n_imp=27756  n_red=9252
06:36:52 | INFO |     step 106800  loss=3.3521  grp_sp=0.167  n_imp=27756  n_red=9252
06:44:04 | INFO |     step 107000  loss=3.3537  grp_sp=0.167  n_imp=27756  n_red=9252
06:51:10 | INFO |     step 107200  loss=3.3559  grp_sp=0.167  n_imp=27756  n_red=9252
06:58:01 | INFO |     step 107400  loss=3.3595  grp_sp=0.167  n_imp=27756  n_red=9252
07:05:00 | INFO |     step 107600  loss=3.3622  grp_sp=0.167  n_imp=27756  n_red=9252
07:11:55 | INFO |     step 107800  loss=3.3645  grp_sp=0.167  n_imp=27756  n_red=9252
07:18:36 | INFO |     step 108000  loss=3.3662  grp_sp=0.167  n_imp=27756  n_red=9252
07:25:33 | INFO |     step 108200  loss=3.3674  grp_sp=0.167  n_imp=27756  n_red=9252
07:32:18 | INFO |     step 108400  loss=3.3688  grp_sp=0.167  n_imp=27756  n_red=9252
07:39:04 | INFO |     step 108600  loss=3.3702  grp_sp=0.167  n_imp=27756  n_red=9252
07:45:47 | INFO |     step 108800  loss=3.3720  grp_sp=0.167  n_imp=27756  n_red=9252
07:52:50 | INFO |     step 109000  loss=3.3738  grp_sp=0.167  n_imp=27756  n_red=9252
08:00:08 | INFO |     step 109200  loss=3.3745  grp_sp=0.167  n_imp=27756  n_red=9252
08:07:09 | INFO |     step 109400  loss=3.3760  grp_sp=0.167  n_imp=27756  n_red=9252
08:13:52 | INFO |     step 109600  loss=3.3778  grp_sp=0.167  n_imp=27756  n_red=9252
08:20:57 | INFO |     step 109800  loss=3.3791  grp_sp=0.167  n_imp=27756  n_red=9252
08:27:32 | INFO |     step 110000  loss=3.3802  grp_sp=0.167  n_imp=27756  n_red=9252
08:34:19 | INFO |     step 110200  loss=3.3812  grp_sp=0.167  n_imp=27756  n_red=9252
08:41:06 | INFO |     step 110400  loss=3.3815  grp_sp=0.167  n_imp=27756  n_red=9252
08:47:47 | INFO |     step 110600  loss=3.3828  grp_sp=0.167  n_imp=27756  n_red=9252
08:49:42 | INFO | [EPOCH 5/10] loss=3.3833  grp_sp=0.167  (eval skipped)  elapsed=3771.2min
08:54:59 | INFO |     step 110800  loss=3.5288  grp_sp=0.167  n_imp=27756  n_red=9252
09:01:52 | INFO |     step 111000  loss=3.5779  grp_sp=0.167  n_imp=27756  n_red=9252
09:08:32 | INFO |     step 111200  loss=3.5719  grp_sp=0.167  n_imp=27756  n_red=9252
09:15:21 | INFO |     step 111400  loss=3.6017  grp_sp=0.167  n_i09:16:36 | INFO |    09:22:12 | INFO |     step 111600  loss=3.5849  grp_sp=0.167  n_im09:25:55 | INFO |   09:29:05 | INFO |     step 111800  loss=3.5749  grp_sp=0.167  n_imp09:35:21 | INFO |  09:35:52 | INFO |     step 112000  loss=3.5905  grp_sp=0.167  n_imp=09:44:55 | INFO |     step 112000  loss=3.4557  grp_sp=0.233  n_imp=24057  n_red=12951
09:54:50 | INFO |     step 112200  loss=3.4451  grp_sp=0.233  n_imp=24057  n_red=12951
10:04:34 | INFO |     step 112400  loss=3.4492  grp_sp=0.233  n_imp=24057  n_red=12951
10:13:38 | INFO |     step 112600  loss=3.4466  grp_sp=0.233  n_imp=24057  n_red=12951
10:23:10 | INFO |     step 112800  loss=3.4434  grp_sp=0.233  n_imp=24057  n_red=12951
10:32:03 | INFO |     step 113000  loss=3.4415  grp_sp=0.233  n_imp=24057  n_red=12951
10:42:26 | INFO |     step 113200  loss=3.4389  grp_sp=0.233  n_imp=24057  n_red=12951
10:51:54 | INFO |     step 113400  loss=3.4482  grp_sp=0.233  n_imp=24057  n_red=12951
11:01:27 | INFO |     step 113600  loss=3.4587  grp_sp=0.233  n_imp=24057  n_red=12951
11:11:28 | INFO |     step 113800  loss=3.4579  grp_sp=0.233  n_imp=24057  n_red=12951
11:20:07 | INFO |     step 114000  loss=3.4634  grp_sp=0.233  n_imp=24057  n_red=12951
11:27:26 | INFO |     step 114200  loss=3.4712  grp_sp=0.233  n_imp=24057  n_red=12951
11:35:03 | INFO |     step 114400  loss=3.4740  grp_sp=0.233  n_imp=24057  n_red=12951
11:41:53 | INFO |     step 114600  loss=3.4789  grp_sp=0.233  n_imp=24057  n_red=12951
11:48:38 | INFO |     step 114800  loss=3.4939  grp_sp=0.233  n_imp=24057  n_red=12951
11:55:37 | INFO |     step 115000  loss=3.4976  grp_sp=0.233  n_imp=24057  n_red=12951
12:02:17 | INFO |     step 115200  loss=3.5061  grp_sp=0.233  n_imp=24057  n_red=12951
12:08:33 | INFO |     step 115400  loss=3.5143  grp_sp=0.233  n_imp=24057  n_red=12951
12:14:58 | INFO |     step 115600  loss=3.5104  grp_sp=0.233  n_imp=24057  n_red=12951
12:21:29 | INFO |     step 115800  loss=3.5131  grp_sp=0.233  n_imp=24057  n_red=12951
12:28:02 | INFO |     step 116000  loss=3.5133  grp_sp=0.233  n_imp=24057  n_red=12951
12:34:33 | INFO |     step 116200  loss=3.5151  grp_sp=0.233  n_imp=24057  n_red=12951
12:41:00 | INFO |     step 116400  loss=3.5155  grp_sp=0.233  n_imp=24057  n_red=12951
12:47:26 | INFO |     step 116600  loss=3.5190  grp_sp=0.233  n_imp=24057  n_red=12951
12:54:00 | INFO |     step 116800  loss=3.5263  grp_sp=0.233  n_imp=24057  n_red=12951
13:00:26 | INFO |     step 117000  loss=3.5303  grp_sp=0.233  n_imp=24057  n_red=12951
13:06:53 | INFO |     step 117200  loss=3.5343  grp_sp=0.233  n_imp=24057  n_red=12951
13:13:18 | INFO |     step 117400  loss=3.5322  grp_sp=0.233  n_imp=24057  n_red=12951
13:19:55 | INFO |     step 117600  loss=3.5305  grp_sp=0.233  n_imp=24057  n_red=12951
13:26:31 | INFO |     step 117800  loss=3.5298  grp_sp=0.233  n_imp=24057  n_red=12951
13:33:05 | INFO |     step 118000  loss=3.5291  grp_sp=0.233  n_imp=24057  n_red=12951
13:39:55 | INFO |     step 118200  loss=3.5296  grp_sp=0.233  n_imp=24057  n_red=12951
13:46:52 | INFO |     step 118400  loss=3.5314  grp_sp=0.233  n_imp=24057  n_red=12951
13:54:45 | INFO |     step 118600  loss=3.5316  grp_sp=0.233  n_imp=24057  n_red=12951
14:02:22 | INFO |     step 118800  loss=3.5336  grp_sp=0.233  n_imp=24057  n_red=12951
14:09:40 | INFO |     step 119000  loss=3.5346  grp_sp=0.233  n_imp=24057  n_red=12951
14:15:55 | INFO |     step 119200  loss=3.5333  grp_sp=0.233  n_imp=24057  n_red=12951
14:22:10 | INFO |     step 119400  loss=3.5313  grp_sp=0.233  n_imp=24057  n_red=12951
14:28:23 | INFO |     step 119600  loss=3.5278  grp_sp=0.233  n_imp=24057  n_red=12951
14:34:36 | INFO |     step 119800  loss=3.5282  grp_sp=0.233  n_imp=24057  n_red=12951
14:40:52 | INFO |     step 120000  loss=3.5271  grp_sp=0.233  n_imp=24057  n_red=12951
14:47:04 | INFO |     step 120200  loss=3.5268  grp_sp=0.233  n_imp=24057  n_red=12951
14:53:15 | INFO |     step 120400  loss=3.5276  grp_sp=0.233  n_imp=24057  n_red=12951
14:59:26 | INFO |     step 120600  loss=3.5251  grp_sp=0.233  n_imp=24057  n_red=12951
15:05:38 | INFO |     step 120800  loss=3.5248  grp_sp=0.233  n_imp=24057  n_red=12951
15:11:47 | INFO |     step 121000  loss=3.5251  grp_sp=0.233  n_imp=24057  n_red=12951
15:17:57 | INFO |     step 121200  loss=3.5238  grp_sp=0.233  n_imp=24057  n_red=12951
15:24:07 | INFO |     step 121400  loss=3.5232  grp_sp=0.233  n_imp=24057  n_red=12951
15:30:19 | INFO |     step 121600  loss=3.5211  grp_sp=0.233  n_imp=24057  n_red=12951
15:36:31 | INFO |     step 121800  loss=3.5188  grp_sp=0.233  n_imp=24057  n_red=12951
15:42:43 | INFO |     step 122000  loss=3.5174  grp_sp=0.233  n_imp=24057  n_red=12951
15:48:55 | INFO |     step 122200  loss=3.5157  grp_sp=0.233  n_imp=24057  n_red=12951
15:55:06 | INFO |     step 122400  loss=3.5148  grp_sp=0.233  n_imp=24057  n_red=12951
16:01:18 | INFO |     step 122600  loss=3.5148  grp_sp=0.233  n_imp=24057  n_red=12951
16:07:30 | INFO |     step 122800  loss=3.5148  grp_sp=0.233  n_imp=24057  n_red=12951
16:13:41 | INFO |     step 123000  loss=3.5150  grp_sp=0.233  n_imp=24057  n_red=12951
16:19:51 | INFO |     step 123200  loss=3.5159  grp_sp=0.233  n_imp=24057  n_red=12951
16:26:03 | INFO |     step 123400  loss=3.5180  grp_sp=0.233  n_imp=24057  n_red=12951
16:32:14 | INFO |     step 123600  loss=3.5195  grp_sp=0.233  n_imp=24057  n_red=12951
16:38:26 | INFO |     step 123800  loss=3.5218  grp_sp=0.233  n_imp=24057  n_red=12951
16:44:37 | INFO |     step 124000  loss=3.5262  grp_sp=0.233  n_imp=24057  n_red=12951
16:50:49 | INFO |     step 124200  loss=3.5333  grp_sp=0.233  n_imp=24057  n_red=12951
16:56:59 | INFO |     step 124400  loss=3.5494  grp_sp=0.233  n_imp=24057  n_red=12951
17:03:09 | INFO |     step 124600  loss=3.5747  grp_sp=0.233  n_imp=24057  n_red=12951
17:09:18 | INFO |     step 124800  loss=3.5967  grp_sp=0.233  n_imp=24057  n_red=12951
 grp_sp=0.167  n_imp=27756  n_red=9252
17:12:42 | INFO |     step 125400  loss=3.5651  grp_sp=0.167  n_imp=27756  n_red=9252
15:05:36 | INFO |     step 125600  loss=3.3047  grp_sp=0.100  n_imp=31458  n_red=5550
15:11:43 | INFO |     step 125800  loss=3.3095  grp_sp=0.100  n_imp=31458  n_red=5550
15:17:51 | INFO |     step 126000  loss=3.3143  grp_sp=0.100  n_imp=31458  n_red=5550
15:23:58 | INFO |     step 126200  loss=3.3215  grp_sp=0.100  n_imp=31458  n_red=5550
15:30:07 | INFO |     step 126400  loss=3.3291  grp_sp=0.100  n_imp=31458  n_red=5550
15:36:16 | INFO |     step 126600  loss=3.3345  grp_sp=0.100  n_imp=31458  n_red=5550
15:42:25 | INFO |     step 126800  loss=3.3387  grp_sp=0.100  n_imp=31458  n_red=5550
15:48:34 | INFO |     step 127000  loss=3.3422  grp_sp=0.100  n_imp=31458  n_red=5550
15:54:44 | INFO |     step 127200  loss=3.3445  grp_sp=0.100  n_imp=31458  n_red=5550
16:00:52 | INFO |     step 127400  loss=3.3471  grp_sp=0.100  n_imp=31458  n_red=5550
16:07:00 | INFO |     step 127600  loss=3.3497  grp_sp=0.100  n_imp=31458  n_red=5550
16:13:09 | INFO |     step 127800  loss=3.3523  grp_sp=0.100  n_imp=31458  n_red=5550
16:19:17 | INFO |     step 128000  loss=3.3543  grp_sp=0.100  n_imp=31458  n_red=5550
16:25:27 | INFO |     step 128200  loss=3.3552  grp_sp=0.100  n_imp=31458  n_red=5550
16:31:36 | INFO |     step 128400  loss=3.3560  grp_sp=0.100  n_imp=31458  n_red=5550
16:37:44 | INFO |     step 128600  loss=3.3575  grp_sp=0.100  n_imp=31458  n_red=5550
16:43:52 | INFO |     step 128800  loss=3.3590  grp_sp=0.100  n_imp=31458  n_red=5550
16:50:01 | INFO |     step 129000  loss=3.3602  grp_sp=0.100  n_imp=31458  n_red=5550
16:56:09 | INFO |     step 129200  loss=3.3620  grp_sp=0.150  n_imp=29608  n_red=7400
17:02:17 | INFO |     step 129400  loss=3.3632  grp_sp=0.150  n_imp=29608  n_red=7400
17:08:24 | INFO |     step 129600  loss=3.3641  grp_sp=0.150  n_imp=29608  n_red=7400
17:14:28 | INFO |     step 129800  loss=3.3649  grp_sp=0.150  n_imp=29608  n_red=7400
17:17:39 | INFO |     step 130000  loss=3.3669  grp_sp=0.150  n_imp=29608  n_red=7400
17:20:49 | INFO |     step 130200  loss=3.3681  grp_sp=0.150  n_imp=29608  n_red=7400
17:23:59 | INFO |     step 130400  loss=3.3703  grp_sp=0.150  n_imp=29608  n_red=7400
17:27:09 | INFO |     step 130600  loss=3.3738  grp_sp=0.150  n_imp=29608  n_red=7400
17:30:20 | INFO |     step 130800  loss=3.3769  grp_sp=0.150  n_imp=29608  n_red=7400
17:33:30 | INFO |     step 131000  loss=3.3792  grp_sp=0.150  n_imp=29608  n_red=7400
17:36:40 | INFO |     step 131200  loss=3.3819  grp_sp=0.150  n_imp=29608  n_red=7400
17:39:50 | INFO |     step 131400  loss=3.3831  grp_sp=0.150  n_imp=29608  n_red=7400
17:43:00 | INFO |     step 131600  loss=3.3853  grp_sp=0.150  n_imp=29608  n_red=7400
17:46:11 | INFO |     step 131800  loss=3.3883  grp_sp=0.150  n_imp=29608  n_red=7400
17:49:21 | INFO |     step 132000  loss=3.3893  grp_sp=0.150  n_imp=29608  n_red=7400
17:52:30 | INFO |     step 132200  loss=3.3904  grp_sp=0.150  n_imp=29608  n_red=7400
17:55:40 | INFO |     step 132400  loss=3.3915  grp_sp=0.150  n_imp=29608  n_red=7400
17:58:50 | INFO |     step 132600  loss=3.3918  grp_sp=0.150  n_imp=29608  n_red=7400
18:01:46 | INFO | [EPOCH 6/10] loss=3.3927  grp_sp=0.150  (eval skipped)  elapsed=4321.8min
18:01:59 | INFO |     step 132800  loss=3.6143  grp_sp=0.150  n_imp=29608  n_red=7400
18:05:08 | INFO |     step 133000  loss=3.4874  grp_sp=0.150  n_imp=29608  n_red=7400
18:08:17 | INFO |     step 133200  loss=3.4681  grp_sp=0.150  n_imp=29608  n_red=7400
18:11:27 | INFO |     step 133400  loss=3.4644  grp_sp=0.150  n_imp=29608  n_red=7400
18:14:36 | INFO |     step 133600  loss=3.4489  grp_sp=0.150  n_imp=29608  n_red=7400
18:17:46 | INFO |     step 133800  loss=3.4453  grp_sp=0.150  n_imp=29608  n_red=7400
18:20:56 | INFO |     step 134000  loss=3.4353  grp_sp=0.150  n_imp=29608  n_red=7400
18:24:06 | INFO |     step 134200  loss=3.4273  grp_sp=0.150  n_imp=29608  n_red=7400
18:27:16 | INFO |     step 134400  loss=3.4322  grp_sp=0.150  n_imp=29608  n_red=7400
18:30:27 | INFO |     step 134600  loss=3.4187  grp_sp=0.150  n_imp=29608  n_red=7400
18:33:36 | INFO |     step 134800  loss=3.4238  grp_sp=0.150  n_imp=29608  n_red=7400
18:36:46 | INFO |     step 135000  loss=3.4273  grp_sp=0.150  n_imp=29608  n_red=7400
18:39:55 | INFO |     step 135200  loss=3.4164  grp_sp=0.150  n_imp=29608  n_red=7400
18:43:04 | INFO |     step 135400  loss=3.4075  grp_sp=0.150  n_imp=29608  n_red=7400
18:46:14 | INFO |     step 135600  loss=3.4020  grp_sp=0.150  n_imp=29608  n_red=7400
18:49:25 | INFO |     step 135800  loss=3.3941  grp_sp=0.150  n_imp=29608  n_red=7400
18:52:34 | INFO |     step 136000  loss=3.3864  grp_sp=0.150  n_imp=29608  n_red=7400
18:55:44 | INFO |     step 136200  loss=3.3912  grp_sp=0.150  n_imp=29608  n_red=7400
18:58:55 | INFO |     step 136400  loss=3.3946  grp_sp=0.150  n_imp=29608  n_red=7400
19:02:03 | INFO |     step 136600  loss=3.4016  grp_sp=0.150  n_imp=29608  n_red=7400
19:05:12 | INFO |     step 136800  loss=3.4082  grp_sp=0.150  n_imp=29608  n_red=7400
19:08:23 | INFO |     step 137000  loss=3.4147  grp_sp=0.150  n_imp=29608  n_red=7400
19:11:34 | INFO |     step 137200  loss=3.4238  grp_sp=0.150  n_imp=29608  n_red=7400
19:14:45 | INFO |     step 137400  loss=3.4358  grp_sp=0.150  n_imp=29608  n_red=7400
19:17:56 | INFO |     step 137600  loss=3.4491  grp_sp=0.150  n_imp=29608  n_red=7400
19:21:05 | INFO |     step 137800  loss=3.4585  grp_sp=0.150  n_imp=29608  n_red=7400
19:24:16 | INFO |     step 138000  loss=3.4694  grp_sp=0.150  n_imp=29608  n_red=7400
19:27:27 | INFO |     step 138200  loss=3.4823  grp_sp=0.150  n_imp=29608  n_red=7400
19:30:37 | INFO |     step 138400  loss=3.4978  grp_sp=0.150  n_imp=29608  n_red=7400
19:33:47 | INFO |     step 138600  loss=3.5112  grp_sp=0.150  n_imp=29608  n_red=7400
19:36:57 | INFO |     step 138800  loss=3.5242  grp_sp=0.150  n_imp=29608  n_red=7400
19:40:07 | INFO |     step 139000  loss=3.5365  grp_sp=0.150  n_imp=29608  n_red=7400
19:43:16 | INFO |     step 139200  loss=3.5641  grp_sp=0.150  n_imp=29608  n_red=7400
19:46:27 | INFO |     step 139400  loss=3.6132  grp_sp=0.150  n_imp=29608  n_red=7400
19:49:38 | INFO |     step 139600  loss=3.6549  grp_sp=0.150  n_imp=29608  n_red=7400
19:52:50 | INFO |     step 139800  loss=3.6870  grp_sp=0.150  n_imp=29608  n_red=7400
19:56:01 | INFO |     step 140000  loss=3.7284  grp_sp=0.150  n_imp=29608  n_red=7400
19:59:12 | INFO |     step 140200  loss=3.7889  grp_sp=0.150  n_imp=29608  n_red=7400
20:02:22 | INFO |     step 140400  loss=3.8460  grp_sp=0.150  n_imp=29608  n_red=7400
20:05:32 | INFO |     step 140600  loss=3.8999  grp_sp=0.150  n_imp=29608  n_red=7400
20:08:43 | INFO |     step 140800  loss=3.9510  grp_sp=0.150  n_imp=29608  n_red=7400
20:11:54 | INFO |     step 141000  loss=3.9994  grp_sp=0.150  n_imp=29608  n_red=7400
20:15:04 | INFO |     step 141200  loss=4.0452  grp_sp=0.150  n_imp=29608  n_red=7400
20:18:14 | INFO |     step 141400  loss=4.0894  grp_sp=0.150  n_imp=29608  n_red=7400
20:21:24 | INFO |     step 141600  loss=4.1318  grp_sp=0.150  n_imp=29608  n_red=7400
20:24:34 | INFO |     step 141800  loss=4.1720  grp_sp=0.150  n_imp=29608  n_red=7400
20:27:45 | INFO |     step 142000  loss=4.2103  grp_sp=0.150  n_imp=29608  n_red=7400
20:30:55 | INFO |     step 142200  loss=4.2462  grp_sp=0.150  n_imp=29608  n_red=7400
20:34:06 | INFO |     step 142400  loss=4.2803  grp_sp=0.150  n_imp=29608  n_red=7400
20:37:17 | INFO |     step 142600  loss=4.3145  grp_sp=0.150  n_imp=29608  n_red=7400
20:40:27 | INFO |     step 142800  loss=4.3470  grp_sp=0.150  n_imp=29608  n_red=7400
20:43:37 | INFO |     step 143000  loss=4.3783  grp_sp=0.150  n_imp=29608  n_red=7400
20:46:47 | INFO |     step 143200  loss=4.4083  grp_sp=0.150  n_imp=29608  n_red=7400
20:49:57 | INFO |     step 143400  loss=4.4372  grp_sp=0.150  n_imp=29608  n_red=7400
20:53:08 | INFO |     step 143600  loss=4.4628  grp_sp=0.150  n_imp=29608  n_red=7400
20:56:19 | INFO |     step 143800  loss=4.4865  grp_sp=0.150  n_imp=29608  n_red=7400
20:59:30 | INFO |     step 144000  loss=4.5041  grp_sp=0.150  n_imp=29608  n_red=7400
21:02:41 | INFO |     step 144200  loss=4.5168  grp_sp=0.150  n_imp=29608  n_red=7400
21:05:52 | INFO |     step 144400  loss=4.5273  grp_sp=0.150  n_imp=29608  n_red=7400
21:09:02 | INFO |     step 144600  loss=4.5368  grp_sp=0.150  n_imp=29608  n_red=7400
21:12:13 | INFO |     step 144800  loss=4.5465  grp_sp=0.150  n_imp=29608  n_red=7400
21:15:24 | INFO |     step 145000  loss=4.5555  grp_sp=0.150  n_imp=29608  n_red=7400
21:18:34 | INFO |     step 145200  loss=4.5640  grp_sp=0.150  n_imp=29608  n_red=7400
21:21:45 | INFO |     step 145400  loss=4.5716  grp_sp=0.150  n_imp=29608  n_red=7400
21:24:55 | INFO |     step 145600  loss=4.5785  grp_sp=0.150  n_imp=29608  n_red=7400
21:28:05 | INFO |     step 145800  loss=4.5841  grp_sp=0.150  n_imp=29608  n_red=7400
21:31:16 | INFO |     step 146000  loss=4.5936  grp_sp=0.150  n_imp=29608  n_red=7400
21:34:28 | INFO |     step 146200  loss=4.6025  grp_sp=0.150  n_imp=29608  n_red=7400
21:37:39 | INFO |     step 146400  loss=4.6142  grp_sp=0.150  n_imp=29608  n_red=7400
21:40:50 | INFO |     step 146600  loss=4.6224  grp_sp=0.150  n_imp=29608  n_red=7400
21:44:02 | INFO |     step 146800  loss=4.6301  grp_sp=0.150  n_imp=29608  n_red=7400
21:47:13 | INFO |     step 147000  loss=4.6372  grp_sp=0.150  n_imp=29608  n_red=7400
21:50:24 | INFO |     step 147200  loss=4.6438  grp_sp=0.150  n_imp=29608  n_red=7400
21:53:36 | INFO |     step 147400  loss=4.6499  grp_sp=0.150  n_imp=29608  n_red=7400
21:56:47 | INFO |     step 147600  loss=4.6570  grp_sp=0.150  n_imp=29608  n_red=7400
21:59:59 | INFO |     step 147800  loss=4.6676  grp_sp=0.150  n_imp=29608  n_red=7400
22:03:11 | INFO |     step 148000  loss=4.6749  grp_sp=0.150  n_imp=29608  n_red=7400
22:06:22 | INFO |     step 148200  loss=4.6810  grp_sp=0.150  n_imp=29608  n_red=7400
22:09:34 | INFO |     step 148400  loss=4.6861  grp_sp=0.150  n_imp=29608  n_red=7400
22:12:46 | INFO |     step 148600  loss=4.6908  grp_sp=0.150  n_imp=29608  n_red=7400
22:15:58 | INFO |     step 148800  loss=4.6956  grp_sp=0.150  n_imp=29608  n_red=7400
22:19:10 | INFO |     step 149000  loss=4.6999  grp_sp=0.150  n_imp=29608  n_red=7400
22:22:22 | INFO |     step 149200  loss=4.7039  grp_sp=0.150  n_imp=29608  n_red=7400
22:25:34 | INFO |     step 149400  loss=4.7078  grp_sp=0.150  n_imp=29608  n_red=7400
22:28:46 | INFO |     step 149600  loss=4.7132  grp_sp=0.150  n_imp=29608  n_red=7400
22:31:59 | INFO |     step 149800  loss=4.7172  grp_sp=0.150  n_imp=29608  n_red=7400
22:35:12 | INFO |     step 150000  loss=4.7209  grp_sp=0.150  n_imp=29608  n_red=7400
22:38:24 | INFO |     step 150200  loss=4.7260  grp_sp=0.150  n_imp=29608  n_red=7400
22:41:36 | INFO |     step 150400  loss=4.7313  grp_sp=0.150  n_imp=29608  n_red=7400
22:44:48 | INFO |     step 150600  loss=4.7349  grp_sp=0.150  n_imp=29608  n_red=7400
22:48:01 | INFO |     step 150800  loss=4.7383  grp_sp=0.150  n_imp=29608  n_red=7400
22:51:14 | INFO |     step 151000  loss=4.7412  grp_sp=0.150  n_imp=29608  n_red=7400
22:54:26 | INFO |     step 151200  loss=4.7442  grp_sp=0.150  n_imp=29608  n_red=7400
22:57:36 | INFO |     step 151400  loss=4.7464  grp_sp=0.150  n_imp=29608  n_red=7400
23:00:46 | INFO |     step 151600  loss=4.7555  grp_sp=0.150  n_imp=29608  n_red=7400
23:03:56 | INFO |     step 151800  loss=4.7668  grp_sp=0.150  n_imp=29608  n_red=7400
23:07:06 | INFO |     step 152000  loss=4.7784  grp_sp=0.150  n_imp=29608  n_red=7400
23:10:15 | INFO |     step 152200  loss=4.7904  grp_sp=0.150  n_imp=29608  n_red=7400
23:13:25 | INFO |     step 152400  loss=4.8020  grp_sp=0.150  n_imp=29608  n_red=7400
23:16:35 | INFO |     step 152600  loss=4.8133  grp_sp=0.150  n_imp=29608  n_red=7400
23:19:45 | INFO |     step 152800  loss=4.8244  grp_sp=0.150  n_imp=29608  n_red=7400
23:22:55 | INFO |     step 153000  loss=4.8356  grp_sp=0.150  n_imp=29608  n_red=7400
23:26:05 | INFO |     step 153200  loss=4.8464  grp_sp=0.150  n_imp=29608  n_red=7400
23:29:15 | INFO |     step 153400  loss=4.8565  grp_sp=0.150  n_imp=29608  n_red=7400
23:32:25 | INFO |     step 153600  loss=4.8670  grp_sp=0.150  n_imp=29608  n_red=7400
23:35:35 | INFO |     step 153800  loss=4.8768  grp_sp=0.150  n_imp=29608  n_red=7400
23:38:45 | INFO |     step 154000  loss=4.8856  grp_sp=0.150  n_imp=29608  n_red=7400
23:41:56 | INFO |     step 154200  loss=4.8934  grp_sp=0.150  n_imp=29608  n_red=7400
23:45:05 | INFO |     step 154400  loss=4.9022  grp_sp=0.150  n_imp=29608  n_red=7400
23:48:15 | INFO |     step 154600  loss=4.9098  grp_sp=0.150  n_imp=29608  n_red=7400
23:51:24 | INFO |     step 154800  loss=4.9164  grp_sp=0.150  n_imp=29608  n_red=7400
23:53:15 | INFO | [EPOCH 7/10] loss=4.9201  grp_sp=0.150  (eval skipped)  elapsed=4673.3min
23:54:34 | INFO |     step 155000  loss=5.4916  grp_sp=0.150  n_imp=29608  n_red=7400
23:57:44 | INFO |     step 155200  loss=5.4440  grp_sp=0.150  n_imp=29608  n_red=7400
00:00:54 | INFO |     step 155400  loss=5.3907  grp_sp=0.150  n_imp=29608  n_red=7400
00:04:05 | INFO |     step 155600  loss=5.3549  grp_sp=0.150  n_imp=29608  n_red=7400
00:07:15 | INFO |     step 155800  loss=5.4162  grp_sp=0.150  n_imp=29608  n_red=7400
00:10:25 | INFO |     step 156000  loss=5.4561  grp_sp=0.150  n_imp=29608  n_red=7400
00:13:36 | INFO |     step 156200  loss=5.5127  grp_sp=0.150  n_imp=29608  n_red=7400
00:16:47 | INFO |     step 156400  loss=5.5707  grp_sp=0.150  n_imp=29608  n_red=7400
00:19:59 | INFO |     step 156600  loss=5.6152  grp_sp=0.150  n_imp=29608  n_red=7400
00:23:11 | INFO |     step 156800  loss=5.6502  grp_sp=0.150  n_imp=29608  n_red=7400
00:26:23 | INFO |     step 157000  loss=5.6769  grp_sp=0.150  n_imp=29608  n_red=7400
00:29:35 | INFO |     step 157200  loss=5.6910  grp_sp=0.150  n_imp=29608  n_red=7400
00:32:47 | INFO |     step 157400  loss=5.6894  grp_sp=0.150  n_imp=29608  n_red=7400
00:35:58 | INFO |     step 157600  loss=5.6813  grp_sp=0.150  n_imp=29608  n_red=7400
00:39:10 | INFO |     step 157800  loss=5.6836  grp_sp=0.150  n_imp=29608  n_red=7400
00:42:22 | INFO |     step 158000  loss=5.6934  grp_sp=0.150  n_imp=29608  n_red=7400
00:45:34 | INFO |     step 158200  loss=5.6923  grp_sp=0.150  n_imp=29608  n_red=7400
00:48:45 | INFO |     step 158400  loss=5.6805  grp_sp=0.150  n_imp=29608  n_red=7400
00:51:57 | INFO |     step 158600  loss=5.6657  grp_sp=0.150  n_imp=29608  n_red=7400
00:55:09 | INFO |     step 158800  loss=5.6521  grp_sp=0.150  n_imp=29608  n_red=7400
00:58:21 | INFO |     step 159000  loss=5.6380  grp_sp=0.150  n_imp=29608  n_red=7400
01:01:33 | INFO |     step 159200  loss=5.6254  grp_sp=0.150  n_imp=29608  n_red=7400
01:04:45 | INFO |     step 159400  loss=5.6195  grp_sp=0.150  n_imp=29608  n_red=7400
01:07:58 | INFO |     step 159600  loss=5.6167  grp_sp=0.150  n_imp=29608  n_red=7400
01:11:10 | INFO |     step 159800  loss=5.6194  grp_sp=0.150  n_imp=29608  n_red=7400
01:14:24 | INFO |     step 160000  loss=5.6292  grp_sp=0.200  n_imp=27758  n_red=9250
01:17:37 | INFO |     step 160200  loss=5.6245  grp_sp=0.200  n_imp=27758  n_red=9250
01:20:50 | INFO |     step 160400  loss=5.6151  grp_sp=0.200  n_imp=27758  n_red=9250
01:24:03 | INFO |     step 160600  loss=5.6095  grp_sp=0.200  n_imp=27758  n_red=9250
01:27:16 | INFO |     step 160800  loss=5.6109  grp_sp=0.200  n_imp=27758  n_red=9250
01:30:29 | INFO |     step 161000  loss=5.6188  grp_sp=0.200  n_imp=27758  n_red=9250
01:33:43 | INFO |     step 161200  loss=5.6266  grp_sp=0.200  n_imp=27758  n_red=9250
01:36:56 | INFO |     step 161400  loss=5.6340  grp_sp=0.200  n_imp=27758  n_red=9250
01:40:09 | INFO |     step 161600  loss=5.6362  grp_sp=0.200  n_imp=27758  n_red=9250
01:43:23 | INFO |     step 161800  loss=5.6340  grp_sp=0.200  n_imp=27758  n_red=9250
01:46:36 | INFO |     step 162000  loss=5.6275  grp_sp=0.200  n_imp=27758  n_red=9250
01:49:50 | INFO |     step 162200  loss=5.6215  grp_sp=0.200  n_imp=27758  n_red=9250
01:53:04 | INFO |     step 162400  loss=5.6137  grp_sp=0.200  n_imp=27758  n_red=9250
01:56:17 | INFO |     step 162600  loss=5.6128  grp_sp=0.200  n_imp=27758  n_red=9250
01:59:32 | INFO |     step 162800  loss=5.6213  grp_sp=0.200  n_imp=27758  n_red=9250
02:02:46 | INFO |     step 163000  loss=5.6294  grp_sp=0.200  n_imp=27758  n_red=9250
02:06:01 | INFO |     step 163200  loss=5.6367  grp_sp=0.200  n_imp=27758  n_red=9250
02:09:15 | INFO |     step 163400  loss=5.6407  grp_sp=0.200  n_imp=27758  n_red=9250
02:12:26 | INFO |     step 163600  loss=5.6394  grp_sp=0.200  n_imp=27758  n_red=9250
02:15:38 | INFO |     step 163800  loss=5.6345  grp_sp=0.200  n_imp=27758  n_red=9250
02:18:49 | INFO |     step 164000  loss=5.6386  grp_sp=0.200  n_imp=27758  n_red=9250
02:22:02 | INFO |     step 164200  loss=5.6388  grp_sp=0.200  n_imp=27758  n_red=9250
02:25:15 | INFO |     step 164400  loss=5.6310  grp_sp=0.200  n_imp=27758  n_red=9250
02:28:27 | INFO |     step 164600  loss=5.6224  grp_sp=0.200  n_imp=27758  n_red=9250
02:31:41 | INFO |     step 164800  loss=5.6123  grp_sp=0.200  n_imp=27758  n_red=9250
02:34:56 | INFO |     step 165000  loss=5.6049  grp_sp=0.200  n_imp=27758  n_red=9250
02:38:12 | INFO |     step 165200  loss=5.5958  grp_sp=0.200  n_imp=27758  n_red=9250
02:41:28 | INFO |     step 165400  loss=5.5873  grp_sp=0.200  n_imp=27758  n_red=9250
02:44:45 | INFO |     step 165600  loss=5.5787  grp_sp=0.200  n_imp=27758  n_red=9250
02:48:01 | INFO |     step 165800  loss=5.5732  grp_sp=0.200  n_imp=27758  n_red=9250
02:51:19 | INFO |     step 166000  loss=5.5653  grp_sp=0.200  n_imp=27758  n_red=9250
02:54:37 | INFO |     step 166200  loss=5.5568  grp_sp=0.200  n_imp=27758  n_red=9250
02:57:54 | INFO |     step 166400  loss=5.5487  grp_sp=0.200  n_imp=27758  n_red=9250
03:01:11 | INFO |     step 166600  loss=5.5409  grp_sp=0.200  n_imp=27758  n_red=9250
03:04:27 | INFO |     step 166800  loss=5.5397  grp_sp=0.200  n_imp=27758  n_red=9250
03:07:43 | INFO |     step 167000  loss=5.5405  grp_sp=0.200  n_imp=27758  n_red=9250
03:11:00 | INFO |     step 167200  loss=5.5368  grp_sp=0.200  n_imp=27758  n_red=9250
03:14:16 | INFO |     step 167400  loss=5.5316  grp_sp=0.200  n_imp=27758  n_red=9250
03:17:32 | INFO |     step 167600  loss=5.5265  grp_sp=0.200  n_imp=27758  n_red=9250
03:20:48 | INFO |     step 167800  loss=5.5202  grp_sp=0.200  n_imp=27758  n_red=9250
03:24:05 | INFO |     step 168000  loss=5.5136  grp_sp=0.200  n_imp=27758  n_red=9250
03:27:21 | INFO |     step 168200  loss=5.5083  grp_sp=0.200  n_imp=27758  n_red=9250
03:30:37 | INFO |     step 168400  loss=5.5027  grp_sp=0.200  n_imp=27758  n_red=9250
03:33:53 | INFO |     step 168600  loss=5.4968  grp_sp=0.200  n_imp=27758  n_red=9250
03:37:10 | INFO |     step 168800  loss=5.4908  grp_sp=0.200  n_imp=27758  n_red=9250
03:40:26 | INFO |     step 169000  loss=5.4848  grp_sp=0.200  n_imp=27758  n_red=9250
03:43:43 | INFO |     step 169200  loss=5.4789  grp_sp=0.200  n_imp=27758  n_red=9250
03:46:59 | INFO |     step 169400  loss=5.4731  grp_sp=0.200  n_imp=27758  n_red=9250
03:50:15 | INFO |     step 169600  loss=5.4677  grp_sp=0.200  n_imp=27758  n_red=9250
03:53:31 | INFO |     step 169800  loss=5.4620  grp_sp=0.200  n_imp=27758  n_red=9250
03:56:43 | INFO |     step 170000  loss=5.4572  grp_sp=0.200  n_imp=27758  n_red=9250
03:59:56 | INFO |     step 170200  loss=5.4522  grp_sp=0.200  n_imp=27758  n_red=9250
04:03:08 | INFO |     step 170400  loss=5.4474  grp_sp=0.200  n_imp=27758  n_red=9250
04:06:21 | INFO |     step 170600  loss=5.4423  grp_sp=0.200  n_imp=27758  n_red=9250
04:09:34 | INFO |     step 170800  loss=5.4373  grp_sp=0.200  n_imp=27758  n_red=9250
04:12:46 | INFO |     step 171000  loss=5.4327  grp_sp=0.200  n_imp=27758  n_red=9250
04:15:58 | INFO |     step 171200  loss=5.4282  grp_sp=0.200  n_imp=27758  n_red=9250
04:19:11 | INFO |     step 171400  loss=5.4238  grp_sp=0.200  n_imp=27758  n_red=9250
04:22:24 | INFO |     step 171600  loss=5.4192  grp_sp=0.200  n_imp=27758  n_red=9250
04:25:36 | INFO |     step 171800  loss=5.4147  grp_sp=0.200  n_imp=27758  n_red=9250
04:28:49 | INFO |     step 172000  loss=5.4104  grp_sp=0.200  n_imp=27758  n_red=9250
04:32:02 | INFO |     step 172200  loss=5.4061  grp_sp=0.200  n_imp=27758  n_red=9250
04:35:15 | INFO |     step 172400  loss=5.4020  grp_sp=0.200  n_imp=27758  n_red=9250
04:38:29 | INFO |     step 172600  loss=5.3981  grp_sp=0.200  n_imp=27758  n_red=9250
04:41:43 | INFO |     step 172800  loss=5.3942  grp_sp=0.200  n_imp=27758  n_red=9250
04:44:56 | INFO |     step 173000  loss=5.3903  grp_sp=0.200  n_imp=27758  n_red=9250
04:48:09 | INFO |     step 173200  loss=5.3865  grp_sp=0.200  n_imp=27758  n_red=9250
04:51:23 | INFO |     step 173400  loss=5.3827  grp_sp=0.200  n_imp=27758  n_red=9250
04:54:37 | INFO |     step 173600  loss=5.3791  grp_sp=0.200  n_imp=27758  n_red=9250
04:57:51 | INFO |     step 173800  loss=5.3755  grp_sp=0.200  n_imp=27758  n_red=9250
05:01:03 | INFO |     step 174000  loss=5.3719  grp_sp=0.200  n_imp=27758  n_red=9250
05:04:16 | INFO |     step 174200  loss=5.3691  grp_sp=0.200  n_imp=27758  n_red=9250
05:07:28 | INFO |     step 174400  loss=5.3692  grp_sp=0.200  n_imp=27758  n_red=9250
05:10:41 | INFO |     step 174600  loss=5.3745  grp_sp=0.200  n_imp=27758  n_red=9250
05:13:54 | INFO |     step 174800  loss=5.3783  grp_sp=0.200  n_imp=27758  n_red=9250
05:17:06 | INFO |     step 175000  loss=5.3824  grp_sp=0.200  n_imp=27758  n_red=9250
05:20:18 | INFO |     step 175200  loss=5.3834  grp_sp=0.200  n_imp=27758  n_red=9250
05:23:31 | INFO |     step 175400  loss=5.3816  grp_sp=0.200  n_imp=27758  n_red=9250
05:26:44 | INFO |     step 175600  loss=5.3843  grp_sp=0.200  n_imp=27758  n_red=9250
05:29:59 | INFO |     step 175800  loss=5.3892  grp_sp=0.200  n_imp=27758  n_red=9250
05:33:12 | INFO |     step 176000  loss=5.3911  grp_sp=0.200  n_imp=27758  n_red=9250
05:36:24 | INFO |     step 176200  loss=5.3901  grp_sp=0.200  n_imp=27758  n_red=9250
05:39:36 | INFO |     step 176400  loss=5.3880  grp_sp=0.200  n_imp=27758  n_red=9250
05:42:48 | INFO |     step 176600  loss=5.3863  grp_sp=0.200  n_imp=27758  n_red=9250
05:46:01 | INFO |     step 176800  loss=5.3851  grp_sp=0.200  n_imp=27758  n_red=9250
05:49:12 | INFO |     step 177000  loss=5.3826  grp_sp=0.200  n_imp=27758  n_red=9250
05:53:24 | INFO | [EPOCH 8/10] loss=5.3819  grp_sp=0.200  EM=0.50  F1=5.70  elapsed=5030.0min
05:55:50 | INFO |     step 177200  loss=5.1023  grp_sp=0.200  n_imp=27758  n_red=9250
05:59:02 | INFO |     step 177400  loss=5.0899  grp_sp=0.200  n_imp=27758  n_red=9250
06:02:15 | INFO |     step 177600  loss=5.0898  grp_sp=0.200  n_imp=27758  n_red=9250
06:05:28 | INFO |     step 177800  loss=5.0919  grp_sp=0.200  n_imp=27758  n_red=9250
06:08:40 | INFO |     step 178000  loss=5.0926  grp_sp=0.200  n_imp=27758  n_red=9250
06:11:52 | INFO |     step 178200  loss=5.0876  grp_sp=0.200  n_imp=27758  n_red=9250
06:15:05 | INFO |     step 178400  loss=5.0875  grp_sp=0.200  n_imp=27758  n_red=9250
06:18:18 | INFO |     step 178600  loss=5.0827  grp_sp=0.200  n_imp=27758  n_red=9250
06:21:31 | INFO |     step 178800  loss=5.0811  grp_sp=0.200  n_imp=27758  n_red=9250
06:24:44 | INFO |     step 179000  loss=5.0820  grp_sp=0.200  n_imp=27758  n_red=9250
06:27:57 | INFO |     step 179200  loss=5.0797  grp_sp=0.200  n_imp=27758  n_red=9250
06:31:11 | INFO |     step 179400  loss=5.0750  grp_sp=0.200  n_imp=27758  n_red=9250
06:34:25 | INFO |     step 179600  loss=5.0723  grp_sp=0.200  n_imp=27758  n_red=9250
06:37:37 | INFO |     step 179800  loss=5.0667  grp_sp=0.200  n_imp=27758  n_red=9250
06:40:50 | INFO |     step 180000  loss=5.0635  grp_sp=0.200  n_imp=27758  n_red=9250
06:44:52 | INFO |     step 180200  loss=5.0931  grp_sp=0.200  n_imp=27758  n_red=9250
06:48:01 | INFO |     step 180400  loss=5.1343  grp_sp=0.200  n_imp=27758  n_red=9250
06:51:13 | INFO |     step 180600  loss=5.1443  grp_sp=0.200  n_imp=27758  n_red=9250
06:54:25 | INFO |     step 180800  loss=5.1476  grp_sp=0.200  n_imp=27758  n_red=9250
06:57:36 | INFO |     step 181000  loss=5.1456  grp_sp=0.200  n_imp=27758  n_red=9250
07:00:47 | INFO |     step 181200  loss=5.1485  grp_sp=0.200  n_imp=27758  n_red=9250
07:03:59 | INFO |     step 181400  loss=5.1434  grp_sp=0.200  n_imp=27758  n_red=9250
07:07:10 | INFO |     step 181600  loss=5.1394  grp_sp=0.200  n_imp=27758  n_red=9250
07:10:21 | INFO |     step 181800  loss=5.1355  grp_sp=0.200  n_imp=27758  n_red=9250
07:13:33 | INFO |     step 182000  loss=5.1321  grp_sp=0.200  n_imp=27758  n_red=9250
07:16:45 | INFO |     step 182200  loss=5.1360  grp_sp=0.200  n_imp=27758  n_red=9250
07:19:57 | INFO |     step 182400  loss=5.1369  grp_sp=0.200  n_imp=27758  n_red=9250
07:23:09 | INFO |     step 182600  loss=5.1342  grp_sp=0.200  n_imp=27758  n_red=9250
07:26:21 | INFO |     step 182800  loss=5.1291  grp_sp=0.200  n_imp=27758  n_red=9250
07:29:33 | INFO |     step 183000  loss=5.1251  grp_sp=0.200  n_imp=27758  n_red=9250
07:32:45 | INFO |     step 183200  loss=5.1202  grp_sp=0.200  n_imp=27758  n_red=9250
07:35:56 | INFO |     step 183400  loss=5.1119  grp_sp=0.200  n_imp=27758  n_red=9250
07:39:09 | INFO |     step 183600  loss=5.1182  grp_sp=0.200  n_imp=27758  n_red=9250
07:42:21 | INFO |     step 183800  loss=5.1344  grp_sp=0.200  n_imp=27758  n_red=9250
07:45:33 | INFO |     step 184000  loss=5.1416  grp_sp=0.200  n_imp=27758  n_red=9250
07:48:44 | INFO |     step 184200  loss=5.1430  grp_sp=0.200  n_imp=27758  n_red=9250
07:51:56 | INFO |     step 184400  loss=5.1451  grp_sp=0.200  n_imp=27758  n_red=9250
07:55:08 | INFO |     step 184600  loss=5.1444  grp_sp=0.200  n_imp=27758  n_red=9250
07:58:21 | INFO |     step 184800  loss=5.1455  grp_sp=0.200  n_imp=27758  n_red=9250
08:01:32 | INFO |     step 185000  loss=5.1536  grp_sp=0.200  n_imp=27758  n_red=9250
08:04:43 | INFO |     step 185200  loss=5.1604  grp_sp=0.200  n_imp=27758  n_red=9250
08:07:55 | INFO |     step 185400  loss=5.1637  grp_sp=0.200  n_imp=27758  n_red=9250
08:11:07 | INFO |     step 185600  loss=5.1647  grp_sp=0.200  n_imp=27758  n_red=9250
08:14:19 | INFO |     step 185800  loss=5.1651  grp_sp=0.200  n_imp=27758  n_red=9250
08:17:30 | INFO |     step 186000  loss=5.1637  grp_sp=0.200  n_imp=27758  n_red=9250
08:20:43 | INFO |     step 186200  loss=5.1628  grp_sp=0.200  n_imp=27758  n_red=9250
08:23:54 | INFO |     step 186400  loss=5.1614  grp_sp=0.200  n_imp=27758  n_red=9250
08:27:06 | INFO |     step 186600  loss=5.1598  grp_sp=0.200  n_imp=27758  n_red=9250
08:30:18 | INFO |     step 186800  loss=5.1584  grp_sp=0.200  n_imp=27758  n_red=9250
08:33:29 | INFO |     step 187000  loss=5.1565  grp_sp=0.200  n_imp=27758  n_red=9250
08:36:42 | INFO |     step 187200  loss=5.1544  grp_sp=0.200  n_imp=27758  n_red=9250
08:39:54 | INFO |     step 187400  loss=5.1525  grp_sp=0.200  n_imp=27758  n_red=9250
08:43:05 | INFO |     step 187600  loss=5.1507  grp_sp=0.200  n_imp=27758  n_red=9250
08:46:17 | INFO |     step 187800  loss=5.1488  grp_sp=0.200  n_imp=27758  n_red=9250
08:49:29 | INFO |     step 188000  loss=5.1464  grp_sp=0.200  n_imp=27758  n_red=9250
08:52:42 | INFO |     step 188200  loss=5.1447  grp_sp=0.200  n_imp=27758  n_red=9250
08:55:54 | INFO |     step 188400  loss=5.1428  grp_sp=0.200  n_imp=27758  n_red=9250
08:59:07 | INFO |     step 188600  loss=5.1408  grp_sp=0.200  n_imp=27758  n_red=9250
09:02:19 | INFO |     step 188800  loss=5.1386  grp_sp=0.200  n_imp=27758  n_red=9250
09:05:31 | INFO |     step 189000  loss=5.1358  grp_sp=0.200  n_imp=27758  n_red=9250
09:08:43 | INFO |     step 189200  loss=5.1322  grp_sp=0.200  n_imp=27758  n_red=9250
09:11:56 | INFO |     step 189400  loss=5.1279  grp_sp=0.200  n_imp=27758  n_red=9250
09:15:09 | INFO |     step 189600  loss=5.1240  grp_sp=0.200  n_imp=27758  n_red=9250
09:18:21 | INFO |     step 189800  loss=5.1201  grp_sp=0.200  n_imp=27758  n_red=9250
09:21:34 | INFO |     step 190000  loss=5.1170  grp_sp=0.200  n_imp=27758  n_red=9250
09:24:48 | INFO |     step 190200  loss=5.1131  grp_sp=0.200  n_imp=27758  n_red=9250
09:28:00 | INFO |     step 190400  loss=5.1082  grp_sp=0.200  n_imp=27758  n_red=9250
09:31:14 | INFO |     step 190600  loss=5.1034  grp_sp=0.250  n_imp=25906  n_red=11102
09:34:27 | INFO |     step 190800  loss=5.1016  grp_sp=0.250  n_imp=25906  n_red=11102
09:37:41 | INFO |     step 191000  loss=5.0994  grp_sp=0.250  n_imp=25906  n_red=11102
09:40:54 | INFO |     step 191200  loss=5.1029  grp_sp=0.250  n_imp=25906  n_red=11102
09:44:08 | INFO |     step 191400  loss=5.1072  grp_sp=0.250  n_imp=25906  n_red=11102
09:47:21 | INFO |     step 191600  loss=5.1079  grp_sp=0.250  n_imp=25906  n_red=11102
09:50:35 | INFO |     step 191800  loss=5.1075  grp_sp=0.250  n_imp=25906  n_red=11102
09:53:50 | INFO |     step 192000  loss=5.1073  grp_sp=0.250  n_imp=25906  n_red=11102
09:57:04 | INFO |     step 192200  loss=5.1106  grp_sp=0.250  n_imp=25906  n_red=11102
10:00:16 | INFO |     step 192400  loss=5.1132  grp_sp=0.250  n_imp=25906  n_red=11102
10:03:30 | INFO |     step 192600  loss=5.1167  grp_sp=0.250  n_imp=25906  n_red=11102
10:06:44 | INFO |     step 192800  loss=5.1186  grp_sp=0.250  n_imp=25906  n_red=11102
10:09:57 | INFO |     step 193000  loss=5.1198  grp_sp=0.250  n_imp=25906  n_red=11102
10:13:12 | INFO |     step 193200  loss=5.1295  grp_sp=0.250  n_imp=25906  n_red=11102
10:16:27 | INFO |     step 193400  loss=5.1394  grp_sp=0.250  n_imp=25906  n_red=11102
10:19:42 | INFO |     step 193600  loss=5.1476  grp_sp=0.250  n_imp=25906  n_red=11102
10:22:55 | INFO |     step 193800  loss=5.1537  grp_sp=0.250  n_imp=25906  n_red=11102
10:26:10 | INFO |     step 194000  loss=5.1574  grp_sp=0.250  n_imp=25906  n_red=11102
10:29:24 | INFO |     step 194200  loss=5.1598  grp_sp=0.250  n_imp=25906  n_red=11102
10:32:39 | INFO |     step 194400  loss=5.1618  grp_sp=0.250  n_imp=25906  n_red=11102
10:35:53 | INFO |     step 194600  loss=5.1705  grp_sp=0.250  n_imp=25906  n_red=11102
10:39:06 | INFO |     step 194800  loss=5.1784  grp_sp=0.250  n_imp=25906  n_red=11102
10:42:21 | INFO |     step 195000  loss=5.1855  grp_sp=0.250  n_imp=25906  n_red=11102
10:45:36 | INFO |     step 195200  loss=5.1913  grp_sp=0.250  n_imp=25906  n_red=11102
10:48:49 | INFO |     step 195400  loss=5.1963  grp_sp=0.250  n_imp=25906  n_red=11102
10:52:03 | INFO |     step 195600  loss=5.2027  grp_sp=0.250  n_imp=25906  n_red=11102
10:55:17 | INFO |     step 195800  loss=5.2080  grp_sp=0.250  n_imp=25906  n_red=11102
10:58:32 | INFO |     step 196000  loss=5.2115  grp_sp=0.250  n_imp=25906  n_red=11102
11:01:47 | INFO |     step 196200  loss=5.2151  grp_sp=0.250  n_imp=25906  n_red=11102
11:05:01 | INFO |     step 196400  loss=5.2172  grp_sp=0.250  n_imp=25906  n_red=11102
11:08:16 | INFO |     step 196600  loss=5.2191  grp_sp=0.250  n_imp=25906  n_red=11102
11:11:30 | INFO |     step 196800  loss=5.2217  grp_sp=0.250  n_imp=25906  n_red=11102
11:14:45 | INFO |     step 197000  loss=5.2291  grp_sp=0.250  n_imp=25906  n_red=11102
11:18:00 | INFO |     step 197200  loss=5.2363  grp_sp=0.250  n_imp=25906  n_red=11102
11:21:15 | INFO |     step 197400  loss=5.2433  grp_sp=0.250  n_imp=25906  n_red=11102
11:24:28 | INFO |     step 197600  loss=5.2502  grp_sp=0.250  n_imp=25906  n_red=11102
11:27:41 | INFO |     step 197800  loss=5.2570  grp_sp=0.250  n_imp=25906  n_red=11102
11:30:56 | INFO |     step 198000  loss=5.2636  grp_sp=0.250  n_imp=25906  n_red=11102
11:34:10 | INFO |     step 198200  loss=5.2701  grp_sp=0.250  n_imp=25906  n_red=11102
11:37:24 | INFO |     step 198400  loss=5.2765  grp_sp=0.250  n_imp=25906  n_red=11102
11:40:37 | INFO |     step 198600  loss=5.2827  grp_sp=0.250  n_imp=25906  n_red=11102
11:43:49 | INFO |     step 198800  loss=5.2889  grp_sp=0.250  n_imp=25906  n_red=11102
11:47:02 | INFO |     step 199000  loss=5.2949  grp_sp=0.250  n_imp=25906  n_red=11102
11:53:20 | INFO | [EPOCH 9/10] loss=5.3002  grp_sp=0.250  EM=0.13  F1=6.34  elapsed=5389.9min
11:53:40 | INFO |     step 199200  loss=5.9514  grp_sp=0.250  n_imp=25906  n_red=11102
11:56:54 | INFO |     step 199400  loss=5.9512  grp_sp=0.250  n_imp=25906  n_red=11102
12:00:07 | INFO |     step 199600  loss=5.9514  grp_sp=0.250  n_imp=25906  n_red=11102
12:03:21 | INFO |     step 199800  loss=5.9518  grp_sp=0.250  n_imp=25906  n_red=11102
12:06:36 | INFO |     step 200000  loss=5.9511  grp_sp=0.250  n_imp=25906  n_red=11102
12:09:55 | INFO |     step 200200  loss=5.9511  grp_sp=0.250  n_imp=25906  n_red=11102
12:13:14 | INFO |     step 200400  loss=5.9517  grp_sp=0.250  n_imp=25906  n_red=11102
12:16:34 | INFO |     step 200600  loss=5.9519  grp_sp=0.250  n_imp=25906  n_red=11102
12:19:53 | INFO |     step 200800  loss=5.9518  grp_sp=0.250  n_imp=25906  n_red=11102
12:23:12 | INFO |     step 201000  loss=5.9518  grp_sp=0.250  n_imp=25906  n_red=11102
12:26:31 | INFO |     step 201200  loss=5.9520  grp_sp=0.250  n_imp=25906  n_red=11102
12:29:49 | INFO |     step 201400  loss=5.9519  grp_sp=0.250  n_imp=25906  n_red=11102
12:33:08 | INFO |     step 201600  loss=5.9519  grp_sp=0.250  n_imp=25906  n_red=11102
12:36:26 | INFO |     step 201800  loss=5.9523  grp_sp=0.250  n_imp=25906  n_red=11102
12:39:45 | INFO |     step 202000  loss=5.9522  grp_sp=0.250  n_imp=25906  n_red=11102
12:44:03 | INFO |     step 202200  loss=5.9522  grp_sp=0.250  n_imp=25906  n_red=11102
12:47:16 | INFO |     step 202400  loss=5.9524  grp_sp=0.250  n_imp=25906  n_red=11102
12:50:35 | INFO |     step 202600  loss=5.9524  grp_sp=0.250  n_imp=25906  n_red=11102
12:53:54 | INFO |     step 202800  loss=5.9525  grp_sp=0.250  n_imp=25906  n_red=11102
12:57:13 | INFO |     step 203000  loss=5.9527  grp_sp=0.250  n_imp=25906  n_red=11102
13:00:33 | INFO |     step 203200  loss=5.9525  grp_sp=0.250  n_imp=25906  n_red=11102
13:03:52 | INFO |     step 203400  loss=5.9525  grp_sp=0.250  n_imp=25906  n_red=11102
13:07:11 | INFO |     step 203600  loss=5.9524  grp_sp=0.250  n_imp=25906  n_red=11102
13:10:30 | INFO |     step 203800  loss=5.9526  grp_sp=0.250  n_imp=25906  n_red=11102
13:13:49 | INFO |     step 204000  loss=5.9526  grp_sp=0.250  n_imp=25906  n_red=11102
13:17:08 | INFO |     step 204200  loss=5.9526  grp_sp=0.250  n_imp=25906  n_red=11102
13:20:26 | INFO |     step 204400  loss=5.9526  grp_sp=0.250  n_imp=25906  n_red=11102
13:23:45 | INFO |     step 204600  loss=5.9526  grp_sp=0.250  n_imp=25906  n_red=11102
13:27:02 | INFO |     step 204800  loss=5.9526  grp_sp=0.250  n_imp=25906  n_red=11102
13:30:16 | INFO |     step 205000  loss=5.9525  grp_sp=0.250  n_imp=25906  n_red=11102
13:33:29 | INFO |     step 205200  loss=5.9525  grp_sp=0.250  n_imp=25906  n_red=11102
13:36:42 | INFO |     step 205400  loss=5.9524  grp_sp=0.250  n_imp=25906  n_red=11102
13:39:55 | INFO |     step 205600  loss=5.9525  grp_sp=0.250  n_imp=25906  n_red=11102
13:43:08 | INFO |     step 205800  loss=5.9525  grp_sp=0.250  n_imp=25906  n_red=11102
13:46:23 | INFO |     step 206000  loss=5.9525  grp_sp=0.250  n_imp=25906  n_red=11102
13:49:37 | INFO |     step 206200  loss=5.9525  grp_sp=0.250  n_imp=25906  n_red=11102
13:52:50 | INFO |     step 206400  loss=5.9524  grp_sp=0.250  n_imp=25906  n_red=11102
13:56:03 | INFO |     step 206600  loss=5.9524  grp_sp=0.250  n_imp=25906  n_red=11102
13:59:16 | INFO |     step 206800  loss=5.9524  grp_sp=0.250  n_imp=25906  n_red=11102
14:02:29 | INFO |     step 207000  loss=5.9524  grp_sp=0.250  n_imp=25906  n_red=11102
14:05:44 | INFO |     step 207200  loss=5.9524  grp_sp=0.250  n_imp=25906  n_red=11102
14:08:59 | INFO |     step 207400  loss=5.9524  grp_sp=0.250  n_imp=25906  n_red=11102
14:12:13 | INFO |     step 207600  loss=5.9524  grp_sp=0.250  n_imp=25906  n_red=11102
14:15:27 | INFO |     step 207800  loss=5.9523  grp_sp=0.250  n_imp=25906  n_red=11102
14:18:40 | INFO |     step 208000  loss=5.9523  grp_sp=0.250  n_imp=25906  n_red=11102
14:21:55 | INFO |     step 208200  loss=5.9522  grp_sp=0.250  n_imp=25906  n_red=11102
14:25:09 | INFO |     step 208400  loss=5.9522  grp_sp=0.250  n_imp=25906  n_red=11102
14:28:23 | INFO |     step 208600  loss=5.9522  grp_sp=0.250  n_imp=25906  n_red=11102
14:31:37 | INFO |     step 208800  loss=5.9521  grp_sp=0.250  n_imp=25906  n_red=11102
14:34:51 | INFO |     step 209000  loss=5.9521  grp_sp=0.250  n_imp=25906  n_red=11102
14:38:04 | INFO |     step 209200  loss=5.9521  grp_sp=0.250  n_imp=25906  n_red=11102
14:41:17 | INFO |     step 209400  loss=5.9521  grp_sp=0.250  n_imp=25906  n_red=11102
14:44:31 | INFO |     step 209600  loss=5.9521  grp_sp=0.250  n_imp=25906  n_red=11102
14:47:46 | INFO |     step 209800  loss=5.9521  grp_sp=0.250  n_imp=25906  n_red=11102
14:51:01 | INFO |     step 210000  loss=5.9521  grp_sp=0.250  n_imp=25906  n_red=11102
14:54:16 | INFO |     step 210200  loss=5.9521  grp_sp=0.250  n_imp=25906  n_red=11102
14:57:30 | INFO |     step 210400  loss=5.9520  grp_sp=0.250  n_imp=25906  n_red=11102
15:00:44 | INFO |     step 210600  loss=5.9520  grp_sp=0.250  n_imp=25906  n_red=11102
15:03:57 | INFO |     step 210800  loss=5.9520  grp_sp=0.250  n_imp=25906  n_red=11102
15:07:09 | INFO |     step 211000  loss=5.9520  grp_sp=0.250  n_imp=25906  n_red=11102
15:10:22 | INFO |     step 211200  loss=5.9520  grp_sp=0.250  n_imp=25906  n_red=11102
15:13:35 | INFO |     step 211400  loss=5.9520  grp_sp=0.250  n_imp=25906  n_red=11102
15:16:49 | INFO |     step 211600  loss=5.9520  grp_sp=0.250  n_imp=25906  n_red=11102
15:20:03 | INFO |     step 211800  loss=5.9520  grp_sp=0.250  n_imp=25906  n_red=11102
15:23:16 | INFO |     step 212000  loss=5.9520  grp_sp=0.250  n_imp=25906  n_red=11102
15:26:30 | INFO |     step 212200  loss=5.9520  grp_sp=0.250  n_imp=25906  n_red=11102
15:29:43 | INFO |     step 212400  loss=5.9520  grp_sp=0.250  n_imp=25906  n_red=11102
15:32:57 | INFO |     step 212600  loss=5.9520  grp_sp=0.250  n_imp=25906  n_red=11102
15:36:10 | INFO |     step 212800  loss=5.9520  grp_sp=0.250  n_imp=25906  n_red=11102
15:39:23 | INFO |     step 213000  loss=5.9519  grp_sp=0.250  n_imp=25906  n_red=11102
15:42:37 | INFO |     step 213200  loss=5.9519  grp_sp=0.250  n_imp=25906  n_red=11102
15:45:50 | INFO |     step 213400  loss=5.9519  grp_sp=0.250  n_imp=25906  n_red=11102
15:49:05 | INFO |     step 213600  loss=5.9519  grp_sp=0.250  n_imp=25906  n_red=11102
15:52:18 | INFO |     step 213800  loss=5.9519  grp_sp=0.250  n_imp=25906  n_red=11102
15:55:32 | INFO |     step 214000  loss=5.9519  grp_sp=0.250  n_imp=25906  n_red=11102
15:58:44 | INFO |     step 214200  loss=5.9519  grp_sp=0.250  n_imp=25906  n_red=11102
16:01:58 | INFO |     step 214400  loss=5.9518  grp_sp=0.250  n_imp=25906  n_red=11102
16:05:12 | INFO |     step 214600  loss=5.9518  grp_sp=0.250  n_imp=25906  n_red=11102
16:08:25 | INFO |     step 214800  loss=5.9518  grp_sp=0.250  n_imp=25906  n_red=11102
16:11:39 | INFO |     step 215000  loss=5.9518  grp_sp=0.250  n_imp=25906  n_red=11102
16:14:53 | INFO |     step 215200  loss=5.9518  grp_sp=0.250  n_imp=25906  n_red=11102
16:18:07 | INFO |     step 215400  loss=5.9518  grp_sp=0.250  n_imp=25906  n_red=11102
16:21:22 | INFO |     step 215600  loss=5.9518  grp_sp=0.250  n_imp=25906  n_red=11102
16:24:40 | INFO |     step 215800  loss=5.9518  grp_sp=0.250  n_imp=25906  n_red=11102
16:27:59 | INFO |     step 216000  loss=5.9518  grp_sp=0.250  n_imp=25906  n_red=11102
16:31:18 | INFO |     step 216200  loss=5.9518  grp_sp=0.250  n_imp=25906  n_red=11102
16:34:37 | INFO |     step 216400  loss=5.9518  grp_sp=0.250  n_imp=25906  n_red=11102
16:37:57 | INFO |     step 216600  loss=5.9518  grp_sp=0.250  n_imp=25906  n_red=11102
16:41:16 | INFO |     step 216800  loss=5.9518  grp_sp=0.250  n_imp=25906  n_red=11102
16:44:36 | INFO |     step 217000  loss=5.9518  grp_sp=0.250  n_imp=25906  n_red=11102
16:47:55 | INFO |     step 217200  loss=5.9518  grp_sp=0.250  n_imp=25906  n_red=11102
16:51:13 | INFO |     step 217400  loss=5.9518  grp_sp=0.250  n_imp=25906  n_red=11102
16:54:32 | INFO |     step 217600  loss=5.9518  grp_sp=0.250  n_imp=25906  n_red=11102
16:57:51 | INFO |     step 217800  loss=5.9518  grp_sp=0.250  n_imp=25906  n_red=11102
17:01:10 | INFO |     step 218000  loss=5.9518  grp_sp=0.250  n_imp=25906  n_red=11102
17:04:29 | INFO |     step 218200  loss=5.9518  grp_sp=0.250  n_imp=25906  n_red=11102
17:07:49 | INFO |     step 218400  loss=5.9518  grp_sp=0.250  n_imp=25906  n_red=11102
17:11:08 | INFO |     step 218600  loss=5.9517  grp_sp=0.250  n_imp=25906  n_red=11102
17:14:28 | INFO |     step 218800  loss=5.9517  grp_sp=0.250  n_imp=25906  n_red=11102
17:17:47 | INFO |     step 219000  loss=5.9517  grp_sp=0.250  n_imp=25906  n_red=11102
17:21:07 | INFO |     step 219200  loss=5.9517  grp_sp=0.250  n_imp=25906  n_red=11102
17:24:26 | INFO |     step 219400  loss=5.9517  grp_sp=0.250  n_imp=25906  n_red=11102
17:27:44 | INFO |     step 219600  loss=5.9517  grp_sp=0.250  n_imp=25906  n_red=11102
17:31:01 | INFO |     step 219800  loss=5.9517  grp_sp=0.250  n_imp=25906  n_red=11102
17:34:21 | INFO |     step 220000  loss=5.9517  grp_sp=0.250  n_imp=25906  n_red=11102
17:37:41 | INFO |     step 220200  loss=5.9517  grp_sp=0.250  n_imp=25906  n_red=11102
17:41:00 | INFO |     step 220400  loss=5.9517  grp_sp=0.250  n_imp=25906  n_red=11102
17:44:21 | INFO |     step 220600  loss=5.9517  grp_sp=0.250  n_imp=25906  n_red=11102
17:47:40 | INFO |     step 220800  loss=5.9516  grp_sp=0.250  n_imp=25906  n_red=11102
17:51:00 | INFO |     step 221000  loss=5.9516  grp_sp=0.250  n_imp=25906  n_red=11102
17:54:21 | INFO |     step 221200  loss=5.9516  grp_sp=0.250  n_imp=25906  n_red=11102
17:59:45 | INFO | [EPOCH 10/10] loss=5.9516  grp_sp=0.300  EM=0.27  F1=4.59  elapsed=5756.2min
17:59:45 | INFO | [TRAIN] done. best F1=6.34 at epoch 9
17:59:45 | INFO | [FINAL] target sparsity=0.3  actual=0.3000
17:59:45 | INFO | [SUBNET] constructing compressed model
17:59:46 | INFO | [SUBNET] full  : ./results/sp30/BertForQuestionAnswering_full_group_sparse.pt
17:59:46 | INFO | [SUBNET] comp  : ./results/sp30/BertForQuestionAnswering_compressed.pt
18:03:08 | INFO | [METRICS] BOPs=835095.5M  params=91.83M
18:03:08 | INFO | [EVAL compressed] EM=0.19  F1=4.63
18:03:08 | INFO | [SAVE] results -> ./results/sp30/
18:03:08 | INFO | 
============================================================
18:03:08 | INFO |   SUMMARY
18:03:08 | INFO | ============================================================
18:03:08 | INFO |     Target    Actual        EM        F1     BOPs(M)   Params(M)
18:03:08 | INFO |        30%    0.3000      0.19      4.63    835095.5       91.83
18:03:08 | INFO | 
[OK] Phase 5 complete. Results in ./results/
