17:15:55 | INFO | [log] ./results/phase5_20260421_171555.log
17:15:55 | INFO | [env] torch=2.5.1+cu121  device=cuda
17:15:55 | INFO | [cfg] sparsity=[0.5]  epochs=10  bs=4  lr=3e-05  lr_quant=0.0001  br=2  P=6  Kp=6  seed=42
17:16:02 | INFO | [DATA] raw train=87599  raw val=10570
17:16:02 | INFO | [DATA] train features=88524  val features=10784
17:16:02 | INFO | 
============================================================
17:16:02 | INFO |   EXPERIMENT: sparsity=0.5  tag=sp50
17:16:02 | INFO | ============================================================
17:16:02 | INFO | [M1] loading BERT QA
17:16:05 | INFO | [M2] quantize wrap
17:16:06 | INFO | [M3] building OTO graph
17:17:01 | INFO | [SCHED] steps/epoch=22131  total=221310  start_prune=36885  prune_steps=184425  prune_periods=6  proj_periods=6  proj_steps=36885
17:17:01 | INFO | [M4] building GETA optimizer
17:17:01 | INFO | [M4] GETA optimizer built, 26 param groups
17:17:01 | INFO | [TRAIN] starting
17:18:20 | INFO |     step 200  loss=5.4716  grp_sp=0.000  n_imp=37008  n_red=0
17:19:39 | INFO |     step 400  loss=5.2495  grp_sp=0.000  n_imp=37008  n_red=0
17:20:59 | INFO |     step 600  loss=5.0883  grp_sp=0.000  n_imp=37008  n_red=0
17:22:18 | INFO |     step 800  loss=4.9432  grp_sp=0.000  n_imp=37008  n_red=0
17:23:37 | INFO |     step 1000  loss=4.8230  grp_sp=0.000  n_imp=37008  n_red=0
17:24:56 | INFO |     step 1200  loss=4.7351  grp_sp=0.000  n_imp=37008  n_red=0
17:26:15 | INFO |     step 1400  loss=4.6520  grp_sp=0.000  n_imp=37008  n_red=0
17:27:35 | INFO |     step 1600  loss=4.5849  grp_sp=0.000  n_imp=37008  n_red=0
17:28:54 | INFO |     step 1800  loss=4.5262  grp_sp=0.000  n_imp=37008  n_red=0
17:30:13 | INFO |     step 2000  loss=4.4784  grp_sp=0.000  n_imp=37008  n_red=0
17:31:32 | INFO |     step 2200  loss=4.4397  grp_sp=0.000  n_imp=37008  n_red=0
17:32:52 | INFO |     step 2400  loss=4.4022  grp_sp=0.000  n_imp=37008  n_red=0
17:34:12 | INFO |     step 2600  loss=4.3697  grp_sp=0.000  n_imp=37008  n_red=0
17:35:31 | INFO |     step 2800  loss=4.3384  grp_sp=0.000  n_imp=37008  n_red=0
17:36:51 | INFO |     step 3000  loss=4.3102  grp_sp=0.000  n_imp=37008  n_red=0
17:38:10 | INFO |     step 3200  loss=4.2868  grp_sp=0.000  n_imp=37008  n_red=0
17:39:29 | INFO |     step 3400  loss=4.2670  grp_sp=0.000  n_imp=37008  n_red=0
17:40:48 | INFO |     step 3600  loss=4.2473  grp_sp=0.000  n_imp=37008  n_red=0
17:42:08 | INFO |     step 3800  loss=4.2299  grp_sp=0.000  n_imp=37008  n_red=0
17:43:27 | INFO |     step 4000  loss=4.2115  grp_sp=0.000  n_imp=37008  n_red=0
17:44:46 | INFO |     step 4200  loss=4.1921  grp_sp=0.000  n_imp=37008  n_red=0
17:46:05 | INFO |     step 4400  loss=4.1686  grp_sp=0.000  n_imp=37008  n_red=0
17:47:24 | INFO |     step 4600  loss=4.1508  grp_sp=0.000  n_imp=37008  n_red=0
17:48:43 | INFO |     step 4800  loss=4.1344  grp_sp=0.000  n_imp=37008  n_red=0
17:50:03 | INFO |     step 5000  loss=4.1114  grp_sp=0.000  n_imp=37008  n_red=0
17:51:22 | INFO |     step 5200  loss=4.0949  grp_sp=0.000  n_imp=37008  n_red=0
17:52:40 | INFO |     step 5400  loss=4.0769  grp_sp=0.000  n_imp=37008  n_red=0
17:53:58 | INFO |     step 5600  loss=4.0609  grp_sp=0.000  n_imp=37008  n_red=0
17:55:17 | INFO |     step 5800  loss=4.0434  grp_sp=0.000  n_imp=37008  n_red=0
17:56:36 | INFO |     step 6000  loss=4.0276  grp_sp=0.000  n_imp=37008  n_red=0
17:57:55 | INFO |     step 6200  loss=4.0103  grp_sp=0.000  n_imp=37008  n_red=0
17:59:13 | INFO |     step 6400  loss=3.9968  grp_sp=0.000  n_imp=37008  n_red=0
18:00:34 | INFO |     step 6600  loss=3.9866  grp_sp=0.000  n_imp=37008  n_red=0
18:01:54 | INFO |     step 6800  loss=3.9728  grp_sp=0.000  n_imp=37008  n_red=0
18:03:15 | INFO |     step 7000  loss=3.9607  grp_sp=0.000  n_imp=37008  n_red=0
18:04:35 | INFO |     step 7200  loss=3.9488  grp_sp=0.000  n_imp=37008  n_red=0
18:05:56 | INFO |     step 7400  loss=3.9351  grp_sp=0.000  n_imp=37008  n_red=0
18:07:16 | INFO |     step 7600  loss=3.9206  grp_sp=0.000  n_imp=37008  n_red=0
18:08:36 | INFO |     step 7800  loss=3.9078  grp_sp=0.000  n_imp=37008  n_red=0
18:09:56 | INFO |     step 8000  loss=3.8962  grp_sp=0.000  n_imp=37008  n_red=0
18:11:16 | INFO |     step 8200  loss=3.8852  grp_sp=0.000  n_imp=37008  n_red=0
18:12:43 | INFO |     step 8400  loss=3.8731  grp_sp=0.000  n_imp=37008  n_red=0
18:14:12 | INFO |     step 8600  loss=3.8631  grp_sp=0.000  n_imp=37008  n_red=0
18:15:42 | INFO |     step 8800  loss=3.8499  grp_sp=0.000  n_imp=37008  n_red=0
18:17:11 | INFO |     step 9000  loss=3.8404  grp_sp=0.000  n_imp=37008  n_red=0
18:18:37 | INFO |     step 9200  loss=3.8304  grp_sp=0.000  n_imp=37008  n_red=0
18:19:59 | INFO |     step 9400  loss=3.8228  grp_sp=0.000  n_imp=37008  n_red=0
18:21:21 | INFO |     step 9600  loss=3.8140  grp_sp=0.000  n_imp=37008  n_red=0
18:22:42 | INFO |     step 9800  loss=3.8057  grp_sp=0.000  n_imp=37008  n_red=0
18:24:01 | INFO |     step 10000  loss=3.7962  grp_sp=0.000  n_imp=37008  n_red=0
18:25:20 | INFO |     step 10200  loss=3.7855  grp_sp=0.000  n_imp=37008  n_red=0
18:26:39 | INFO |     step 10400  loss=3.7763  grp_sp=0.000  n_imp=37008  n_red=0
18:27:57 | INFO |     step 10600  loss=3.7683  grp_sp=0.000  n_imp=37008  n_red=0
18:29:16 | INFO |     step 10800  loss=3.7600  grp_sp=0.000  n_imp=37008  n_red=0
18:30:36 | INFO |     step 11000  loss=3.7527  grp_sp=0.000  n_imp=37008  n_red=0
18:31:55 | INFO |     step 11200  loss=3.7438  grp_sp=0.000  n_imp=37008  n_red=0
18:33:14 | INFO |     step 11400  loss=3.7364  grp_sp=0.000  n_imp=37008  n_red=0
18:34:34 | INFO |     step 11600  loss=3.7285  grp_sp=0.000  n_imp=37008  n_red=0
18:35:53 | INFO |     step 11800  loss=3.7223  grp_sp=0.000  n_imp=37008  n_red=0
18:37:12 | INFO |     step 12000  loss=3.7146  grp_sp=0.000  n_imp=37008  n_red=0
18:38:30 | INFO |     step 12200  loss=3.7072  grp_sp=0.000  n_imp=37008  n_red=0
18:39:48 | INFO |     step 12400  loss=3.7000  grp_sp=0.000  n_imp=37008  n_red=0
18:41:06 | INFO |     step 12600  loss=3.6933  grp_sp=0.000  n_imp=37008  n_red=0
18:42:24 | INFO |     step 12800  loss=3.6843  grp_sp=0.000  n_imp=37008  n_red=0
18:43:43 | INFO |     step 13000  loss=3.6769  grp_sp=0.000  n_imp=37008  n_red=0
18:45:02 | INFO |     step 13200  loss=3.6702  grp_sp=0.000  n_imp=37008  n_red=0
18:46:21 | INFO |     step 13400  loss=3.6620  grp_sp=0.000  n_imp=37008  n_red=0
18:47:40 | INFO |     step 13600  loss=3.6536  grp_sp=0.000  n_imp=37008  n_red=0
18:49:00 | INFO |     step 13800  loss=3.6456  grp_sp=0.000  n_imp=37008  n_red=0
18:50:19 | INFO |     step 14000  loss=3.6387  grp_sp=0.000  n_imp=37008  n_red=0
18:51:38 | INFO |     step 14200  loss=3.6311  grp_sp=0.000  n_imp=37008  n_red=0
18:52:56 | INFO |     step 14400  loss=3.6245  grp_sp=0.000  n_imp=37008  n_red=0
18:54:14 | INFO |     step 14600  loss=3.6170  grp_sp=0.000  n_imp=37008  n_red=0
18:55:33 | INFO |     step 14800  loss=3.6098  grp_sp=0.000  n_imp=37008  n_red=0
18:56:51 | INFO |     step 15000  loss=3.6028  grp_sp=0.000  n_imp=37008  n_red=0
18:58:09 | INFO |     step 15200  loss=3.5958  grp_sp=0.000  n_imp=37008  n_red=0
18:59:28 | INFO |     step 15400  loss=3.5890  grp_sp=0.000  n_imp=37008  n_red=0
19:00:47 | INFO |     step 15600  loss=3.5816  grp_sp=0.000  n_imp=37008  n_red=0
19:02:06 | INFO |     step 15800  loss=3.5756  grp_sp=0.000  n_imp=37008  n_red=0
19:03:25 | INFO |     step 16000  loss=3.5692  grp_sp=0.000  n_imp=37008  n_red=0
19:04:47 | INFO |     step 16200  loss=3.5637  grp_sp=0.000  n_imp=37008  n_red=0
19:06:08 | INFO |     step 16400  loss=3.5576  grp_sp=0.000  n_imp=37008  n_red=0
19:07:31 | INFO |     step 16600  loss=3.5509  grp_sp=0.000  n_imp=37008  n_red=0
19:08:54 | INFO |     step 16800  loss=3.5439  grp_sp=0.000  n_imp=37008  n_red=0
19:10:17 | INFO |     step 17000  loss=3.5385  grp_sp=0.000  n_imp=37008  n_red=0
19:11:37 | INFO |     step 17200  loss=3.5314  grp_sp=0.000  n_imp=37008  n_red=0
19:12:57 | INFO |     step 17400  loss=3.5260  grp_sp=0.000  n_imp=37008  n_red=0
19:14:17 | INFO |     step 17600  loss=3.5202  grp_sp=0.000  n_imp=37008  n_red=0
19:15:37 | INFO |     step 17800  loss=3.5140  grp_sp=0.000  n_imp=37008  n_red=0
19:16:59 | INFO |     step 18000  loss=3.5077  grp_sp=0.000  n_imp=37008  n_red=0
19:18:20 | INFO |     step 18200  loss=3.5014  grp_sp=0.000  n_imp=37008  n_red=0
19:19:40 | INFO |     step 18400  loss=3.4941  grp_sp=0.000  n_imp=37008  n_red=0
19:21:02 | INFO |     step 18600  loss=3.4873  grp_sp=0.000  n_imp=37008  n_red=0
19:22:24 | INFO |     step 18800  loss=3.4813  grp_sp=0.000  n_imp=37008  n_red=0
19:23:46 | INFO |     step 19000  loss=3.4744  grp_sp=0.000  n_imp=37008  n_red=0
19:25:09 | INFO |     step 19200  loss=3.4684  grp_sp=0.000  n_imp=37008  n_red=0
19:26:29 | INFO |     step 19400  loss=3.4627  grp_sp=0.000  n_imp=37008  n_red=0
19:27:52 | INFO |     step 19600  loss=3.4569  grp_sp=0.000  n_imp=37008  n_red=0
19:29:12 | INFO |     step 19800  loss=3.4517  grp_sp=0.000  n_imp=37008  n_red=0
19:30:31 | INFO |     step 20000  loss=3.4456  grp_sp=0.000  n_imp=37008  n_red=0
19:31:50 | INFO |     step 20200  loss=3.4392  grp_sp=0.000  n_imp=37008  n_red=0
19:33:10 | INFO |     step 20400  loss=3.4327  grp_sp=0.000  n_imp=37008  n_red=0
19:34:30 | INFO |     step 20600  loss=3.4265  grp_sp=0.000  n_imp=37008  n_red=0
19:35:50 | INFO |     step 20800  loss=3.4209  grp_sp=0.000  n_imp=37008  n_red=0
19:37:09 | INFO |     step 21000  loss=3.4147  grp_sp=0.000  n_imp=37008  n_red=0
19:38:29 | INFO |     step 21200  loss=3.4088  grp_sp=0.000  n_imp=37008  n_red=0
19:39:49 | INFO |     step 21400  loss=3.4031  grp_sp=0.000  n_imp=37008  n_red=0
19:41:09 | INFO |     step 21600  loss=3.3965  grp_sp=0.000  n_imp=37008  n_red=0
19:42:29 | INFO |     step 21800  loss=3.3894  grp_sp=0.000  n_imp=37008  n_red=0
19:43:49 | INFO |     step 22000  loss=3.3828  grp_sp=0.000  n_imp=37008  n_red=0
19:47:04 | INFO | [EPOCH 1/10] loss=3.3779  grp_sp=0.000  EM=38.59  F1=48.96  elapsed=147.7min
19:47:32 | INFO |     step 22200  loss=2.3381  grp_sp=0.000  n_imp=37008  n_red=0
19:48:55 | INFO |     step 22400  loss=2.3700  grp_sp=0.000  n_imp=37008  n_red=0
19:50:18 | INFO |     step 22600  loss=2.3378  grp_sp=0.000  n_imp=37008  n_red=0
19:51:41 | INFO |     step 22800  loss=2.3304  grp_sp=0.000  n_imp=37008  n_red=0
19:53:02 | INFO |     step 23000  loss=2.3254  grp_sp=0.000  n_imp=37008  n_red=0
19:54:23 | INFO |     step 23200  loss=2.3219  grp_sp=0.000  n_imp=37008  n_red=0
19:55:42 | INFO |     step 23400  loss=2.2988  grp_sp=0.000  n_imp=37008  n_red=0
19:56:58 | INFO |     step 23600  loss=2.2935  grp_sp=0.000  n_imp=37008  n_red=0
19:58:17 | INFO |     step 23800  loss=2.2795  grp_sp=0.000  n_imp=37008  n_red=0
19:59:36 | INFO |     step 24000  loss=2.2632  grp_sp=0.000  n_imp=37008  n_red=0
20:00:55 | INFO |     step 24200  loss=2.2465  grp_sp=0.000  n_imp=37008  n_red=0
20:02:14 | INFO |     step 24400  loss=2.2321  grp_sp=0.000  n_imp=37008  n_red=0
20:03:33 | INFO |     step 24600  loss=2.2196  grp_sp=0.000  n_imp=37008  n_red=0
20:04:52 | INFO |     step 24800  loss=2.2163  grp_sp=0.000  n_imp=37008  n_red=0
20:06:11 | INFO |     step 25000  loss=2.2089  grp_sp=0.000  n_imp=37008  n_red=0
20:07:30 | INFO |     step 25200  loss=2.2014  grp_sp=0.000  n_imp=37008  n_red=0
20:08:49 | INFO |     step 25400  loss=2.1943  grp_sp=0.000  n_imp=37008  n_red=0
20:10:08 | INFO |     step 25600  loss=2.1884  grp_sp=0.000  n_imp=37008  n_red=0
20:11:26 | INFO |     step 25800  loss=2.1813  grp_sp=0.000  n_imp=37008  n_red=0
20:12:45 | INFO |     step 26000  loss=2.1740  grp_sp=0.000  n_imp=37008  n_red=0
20:14:04 | INFO |     step 26200  loss=2.1720  grp_sp=0.000  n_imp=37008  n_red=0
20:15:22 | INFO |     step 26400  loss=2.1625  grp_sp=0.000  n_imp=37008  n_red=0
20:16:41 | INFO |     step 26600  loss=2.1597  grp_sp=0.000  n_imp=37008  n_red=0
20:18:00 | INFO |     step 26800  loss=2.1545  grp_sp=0.000  n_imp=37008  n_red=0
20:19:19 | INFO |     step 27000  loss=2.1515  grp_sp=0.000  n_imp=37008  n_red=0
20:20:37 | INFO |     step 27200  loss=2.1440  grp_sp=0.000  n_imp=37008  n_red=0
20:21:56 | INFO |     step 27400  loss=2.1384  grp_sp=0.000  n_imp=37008  n_red=0
20:23:15 | INFO |     step 27600  loss=2.1298  grp_sp=0.000  n_imp=37008  n_red=0
20:24:33 | INFO |     step 27800  loss=2.1247  grp_sp=0.000  n_imp=37008  n_red=0
20:25:52 | INFO |     step 28000  loss=2.1212  grp_sp=0.000  n_imp=37008  n_red=0
20:27:11 | INFO |     step 28200  loss=2.1171  grp_sp=0.000  n_imp=37008  n_red=0
20:28:29 | INFO |     step 28400  loss=2.1121  grp_sp=0.000  n_imp=37008  n_red=0
20:29:48 | INFO |     step 28600  loss=2.1087  grp_sp=0.000  n_imp=37008  n_red=0
20:31:07 | INFO |     step 28800  loss=2.1064  grp_sp=0.000  n_imp=37008  n_red=0
20:32:27 | INFO |     step 29000  loss=2.1058  grp_sp=0.000  n_imp=37008  n_red=0
20:33:46 | INFO |     step 29200  loss=2.1058  grp_sp=0.000  n_imp=37008  n_red=0
20:35:06 | INFO |     step 29400  loss=2.1027  grp_sp=0.000  n_imp=37008  n_red=0
20:36:26 | INFO |     step 29600  loss=2.0975  grp_sp=0.000  n_imp=37008  n_red=0
20:37:46 | INFO |     step 29800  loss=2.0913  grp_sp=0.000  n_imp=37008  n_red=0
20:39:05 | INFO |     step 30000  loss=2.0870  grp_sp=0.000  n_imp=37008  n_red=0
20:40:24 | INFO |     step 30200  loss=2.0837  grp_sp=0.000  n_imp=37008  n_red=0
20:41:44 | INFO |     step 30400  loss=2.0801  grp_sp=0.000  n_imp=37008  n_red=0
20:43:04 | INFO |     step 30600  loss=2.0787  grp_sp=0.000  n_imp=37008  n_red=0
20:44:23 | INFO |     step 30800  loss=2.1007  grp_sp=0.000  n_imp=37008  n_red=0
20:45:42 | INFO |     step 31000  loss=2.1300  grp_sp=0.000  n_imp=37008  n_red=0
20:47:02 | INFO |     step 31200  loss=2.1431  grp_sp=0.000  n_imp=37008  n_red=0
20:48:21 | INFO |     step 31400  loss=2.1533  grp_sp=0.000  n_imp=37008  n_red=0
20:49:40 | INFO |     step 31600  loss=2.1588  grp_sp=0.000  n_imp=37008  n_red=0
20:50:59 | INFO |     step 31800  loss=2.1660  grp_sp=0.000  n_imp=37008  n_red=0
20:52:18 | INFO |     step 32000  loss=2.1681  grp_sp=0.000  n_imp=37008  n_red=0
20:53:37 | INFO |     step 32200  loss=2.1679  grp_sp=0.000  n_imp=37008  n_red=0
20:54:56 | INFO |     step 32400  loss=2.1690  grp_sp=0.000  n_imp=37008  n_red=0
20:56:14 | INFO |     step 32600  loss=2.1699  grp_sp=0.000  n_imp=37008  n_red=0
20:57:33 | INFO |     step 32800  loss=2.1695  grp_sp=0.000  n_imp=37008  n_red=0
20:58:52 | INFO |     step 33000  loss=2.1693  grp_sp=0.000  n_imp=37008  n_red=0
21:00:10 | INFO |     step 33200  loss=2.1690  grp_sp=0.000  n_imp=37008  n_red=0
21:01:29 | INFO |     step 33400  loss=2.1685  grp_sp=0.000  n_imp=37008  n_red=0
21:02:48 | INFO |     step 33600  loss=2.1673  grp_sp=0.000  n_imp=37008  n_red=0
21:04:09 | INFO |     step 33800  loss=2.1662  grp_sp=0.000  n_imp=37008  n_red=0
21:05:30 | INFO |     step 34000  loss=2.1649  grp_sp=0.000  n_imp=37008  n_red=0
21:06:51 | INFO |     step 34200  loss=2.1635  grp_sp=0.000  n_imp=37008  n_red=0
21:08:12 | INFO |     step 34400  loss=2.1650  grp_sp=0.000  n_imp=37008  n_red=0
21:09:32 | INFO |     step 34600  loss=2.1651  grp_sp=0.000  n_imp=37008  n_red=0
21:10:52 | INFO |     step 34800  loss=2.1671  grp_sp=0.000  n_imp=37008  n_red=0
21:12:13 | INFO |     step 35000  loss=2.1683  grp_sp=0.000  n_imp=37008  n_red=0
21:13:34 | INFO |     step 35200  loss=2.1666  grp_sp=0.000  n_imp=37008  n_red=0
21:14:54 | INFO |     step 35400  loss=2.1659  grp_sp=0.000  n_imp=37008  n_red=0
21:16:13 | INFO |     step 35600  loss=2.1649  grp_sp=0.000  n_imp=37008  n_red=0
21:17:33 | INFO |     step 35800  loss=2.1632  grp_sp=0.000  n_imp=37008  n_red=0
21:18:54 | INFO |     step 36000  loss=2.1628  grp_sp=0.000  n_imp=37008  n_red=0
21:20:14 | INFO |     step 36200  loss=2.1621  grp_sp=0.000  n_imp=37008  n_red=0
21:21:35 | INFO |     step 36400  loss=2.1606  grp_sp=0.000  n_imp=37008  n_red=0
21:22:58 | INFO |     step 36600  loss=2.1590  grp_sp=0.000  n_imp=37008  n_red=0
21:24:20 | INFO |     step 36800  loss=2.1577  grp_sp=0.000  n_imp=37008  n_red=0
21:25:45 | INFO |     step 37000  loss=2.1865  grp_sp=0.000  n_imp=33924  n_red=3084
21:27:12 | INFO |     step 37200  loss=2.2273  grp_sp=0.000  n_imp=33924  n_red=3084
21:28:40 | INFO |     step 37400  loss=2.2545  grp_sp=0.000  n_imp=33924  n_red=3084
21:30:07 | INFO |     step 37600  loss=2.2761  grp_sp=0.000  n_imp=33924  n_red=3084
21:31:34 | INFO |     step 37800  loss=2.2998  grp_sp=0.000  n_imp=33924  n_red=3084
21:33:01 | INFO |     step 38000  loss=2.3194  grp_sp=0.000  n_imp=33924  n_red=3084
21:34:28 | INFO |     step 38200  loss=2.3367  grp_sp=0.000  n_imp=33924  n_red=3084
21:35:56 | INFO |     step 38400  loss=2.3532  grp_sp=0.000  n_imp=33924  n_red=3084
21:37:23 | INFO |     step 38600  loss=2.3680  grp_sp=0.000  n_imp=33924  n_red=3084
21:38:50 | INFO |     step 38800  loss=2.3820  grp_sp=0.000  n_imp=33924  n_red=3084
21:40:17 | INFO |     step 39000  loss=2.3941  grp_sp=0.000  n_imp=33924  n_red=3084
21:41:44 | INFO |     step 39200  loss=2.4055  grp_sp=0.000  n_imp=33924  n_red=3084
21:43:11 | INFO |     step 39400  loss=2.4166  grp_sp=0.000  n_imp=33924  n_red=3084
21:44:37 | INFO |     step 39600  loss=2.4284  grp_sp=0.000  n_imp=33924  n_red=3084
21:46:04 | INFO |     step 39800  loss=2.4377  grp_sp=0.000  n_imp=33924  n_red=3084
21:47:31 | INFO |     step 40000  loss=2.4479  grp_sp=0.000  n_imp=33924  n_red=3084
21:48:59 | INFO |     step 40200  loss=2.4584  grp_sp=0.000  n_imp=33924  n_red=3084
21:50:26 | INFO |     step 40400  loss=2.4677  grp_sp=0.000  n_imp=33924  n_red=3084
21:51:53 | INFO |     step 40600  loss=2.4766  grp_sp=0.000  n_imp=33924  n_red=3084
21:53:21 | INFO |     step 40800  loss=2.4853  grp_sp=0.000  n_imp=33924  n_red=3084
21:54:49 | INFO |     step 41000  loss=2.4941  grp_sp=0.000  n_imp=33924  n_red=3084
21:56:16 | INFO |     step 41200  loss=2.5029  grp_sp=0.000  n_imp=33924  n_red=3084
21:57:43 | INFO |     step 41400  loss=2.5101  grp_sp=0.000  n_imp=33924  n_red=3084
21:59:09 | INFO |     step 41600  loss=2.5164  grp_sp=0.000  n_imp=33924  n_red=3084
22:00:35 | INFO |     step 41800  loss=2.5241  grp_sp=0.000  n_imp=33924  n_red=3084
22:02:02 | INFO |     step 42000  loss=2.5332  grp_sp=0.000  n_imp=33924  n_red=3084
22:03:28 | INFO |     step 42200  loss=2.5407  grp_sp=0.000  n_imp=33924  n_red=3084
22:04:54 | INFO |     step 42400  loss=2.5470  grp_sp=0.000  n_imp=33924  n_red=3084
22:06:21 | INFO |     step 42600  loss=2.5533  grp_sp=0.000  n_imp=33924  n_red=3084
22:07:47 | INFO |     step 42800  loss=2.5595  grp_sp=0.000  n_imp=33924  n_red=3084
22:09:14 | INFO |     step 43000  loss=2.5642  grp_sp=0.000  n_imp=33924  n_red=3084
22:10:42 | INFO |     step 43200  loss=2.5712  grp_sp=0.000  n_imp=33924  n_red=3084
22:12:08 | INFO |     step 43400  loss=2.5769  grp_sp=0.000  n_imp=33924  n_red=3084
22:13:34 | INFO |     step 43600  loss=2.5811  grp_sp=0.000  n_imp=33924  n_red=3084
22:15:01 | INFO |     step 43800  loss=2.5857  grp_sp=0.000  n_imp=33924  n_red=3084
22:16:27 | INFO |     step 44000  loss=2.5911  grp_sp=0.000  n_imp=33924  n_red=3084
22:17:54 | INFO |     step 44200  loss=2.5981  grp_sp=0.000  n_imp=33924  n_red=3084
22:20:42 | INFO | [EPOCH 2/10] loss=2.5996  grp_sp=0.000  EM=28.67  F1=41.89  elapsed=301.3min
22:21:41 | INFO |     step 44400  loss=3.1366  grp_sp=0.000  n_imp=33924  n_red=3084
22:23:07 | INFO |     step 44600  loss=2.9936  grp_sp=0.000  n_imp=33924  n_red=3084
22:24:33 | INFO |     step 44800  loss=2.9987  grp_sp=0.000  n_imp=33924  n_red=3084
22:25:59 | INFO |     step 45000  loss=2.9616  grp_sp=0.000  n_imp=33924  n_red=3084
22:27:25 | INFO |     step 45200  loss=2.9364  grp_sp=0.000  n_imp=33924  n_red=3084
22:28:51 | INFO |     step 45400  loss=2.9389  grp_sp=0.000  n_imp=33924  n_red=3084
22:30:17 | INFO |     step 45600  loss=2.9331  grp_sp=0.000  n_imp=33924  n_red=3084
22:31:44 | INFO |     step 45800  loss=2.9333  grp_sp=0.000  n_imp=33924  n_red=3084
22:33:10 | INFO |     step 46000  loss=2.9298  grp_sp=0.000  n_imp=33924  n_red=3084
22:34:38 | INFO |     step 46200  loss=2.9251  grp_sp=0.000  n_imp=33924  n_red=3084
22:36:04 | INFO |     step 46400  loss=2.9149  grp_sp=0.000  n_imp=33924  n_red=3084
22:37:30 | INFO |     step 46600  loss=2.8990  grp_sp=0.000  n_imp=33924  n_red=3084
22:38:55 | INFO |     step 46800  loss=2.8831  grp_sp=0.000  n_imp=33924  n_red=3084
22:40:21 | INFO |     step 47000  loss=2.8857  grp_sp=0.000  n_imp=33924  n_red=3084
22:41:49 | INFO |     step 47200  loss=2.8819  grp_sp=0.000  n_imp=33924  n_red=3084
22:43:17 | INFO |     step 47400  loss=2.8730  grp_sp=0.000  n_imp=33924  n_red=3084
22:44:44 | INFO |     step 47600  loss=2.8722  grp_sp=0.000  n_imp=33924  n_red=3084
22:46:12 | INFO |     step 47800  loss=2.8708  grp_sp=0.000  n_imp=33924  n_red=3084
22:47:39 | INFO |     step 48000  loss=2.8619  grp_sp=0.000  n_imp=33924  n_red=3084
22:49:05 | INFO |     step 48200  loss=2.8639  grp_sp=0.000  n_imp=33924  n_red=3084
22:50:31 | INFO |     step 48400  loss=2.8630  grp_sp=0.000  n_imp=33924  n_red=3084
22:51:57 | INFO |     step 48600  loss=2.8561  grp_sp=0.000  n_imp=33924  n_red=3084
22:53:24 | INFO |     step 48800  loss=2.8472  grp_sp=0.000  n_imp=33924  n_red=3084
22:54:49 | INFO |     step 49000  loss=2.8390  grp_sp=0.000  n_imp=33924  n_red=3084
22:56:14 | INFO |     step 49200  loss=2.8333  grp_sp=0.000  n_imp=33924  n_red=3084
22:57:39 | INFO |     step 49400  loss=2.8319  grp_sp=0.000  n_imp=33924  n_red=3084
22:59:04 | INFO |     step 49600  loss=2.8262  grp_sp=0.000  n_imp=33924  n_red=3084
23:00:29 | INFO |     step 49800  loss=2.8204  grp_sp=0.000  n_imp=33924  n_red=3084
23:01:53 | INFO |     step 50000  loss=2.8195  grp_sp=0.000  n_imp=33924  n_red=3084
23:03:18 | INFO |     step 50200  loss=2.8122  grp_sp=0.000  n_imp=33924  n_red=3084
23:04:43 | INFO |     step 50400  loss=2.8073  grp_sp=0.000  n_imp=33924  n_red=3084
23:06:20 | INFO |     step 50600  loss=2.8008  grp_sp=0.000  n_imp=33924  n_red=3084
23:07:57 | INFO |     step 50800  loss=2.7943  grp_sp=0.000  n_imp=33924  n_red=3084
23:09:33 | INFO |     step 51000  loss=2.7876  grp_sp=0.000  n_imp=33924  n_red=3084
23:11:09 | INFO |     step 51200  loss=2.7811  grp_sp=0.000  n_imp=33924  n_red=3084
23:12:45 | INFO |     step 51400  loss=2.7780  grp_sp=0.000  n_imp=33924  n_red=3084
23:14:21 | INFO |     step 51600  loss=2.7705  grp_sp=0.000  n_imp=33924  n_red=3084
23:15:58 | INFO |     step 51800  loss=2.7666  grp_sp=0.000  n_imp=33924  n_red=3084
23:17:34 | INFO |     step 52000  loss=2.7605  grp_sp=0.000  n_imp=33924  n_red=3084
23:19:11 | INFO |     step 52200  loss=2.7562  grp_sp=0.000  n_imp=33924  n_red=3084
23:20:47 | INFO |     step 52400  loss=2.7535  grp_sp=0.000  n_imp=33924  n_red=3084
23:22:22 | INFO |     step 52600  loss=2.7526  grp_sp=0.000  n_imp=33924  n_red=3084
23:23:58 | INFO |     step 52800  loss=2.7497  grp_sp=0.000  n_imp=33924  n_red=3084
23:25:33 | INFO |     step 53000  loss=2.7438  grp_sp=0.000  n_imp=33924  n_red=3084
23:27:01 | INFO |     step 53200  loss=2.7394  grp_sp=0.000  n_imp=33924  n_red=3084
23:28:26 | INFO |     step 53400  loss=2.7347  grp_sp=0.000  n_imp=33924  n_red=3084
23:29:51 | INFO |     step 53600  loss=2.7333  grp_sp=0.000  n_imp=33924  n_red=3084
23:31:16 | INFO |     step 53800  loss=2.7287  grp_sp=0.000  n_imp=33924  n_red=3084
23:32:40 | INFO |     step 54000  loss=2.7217  grp_sp=0.000  n_imp=33924  n_red=3084
23:34:04 | INFO |     step 54200  loss=2.7171  grp_sp=0.000  n_imp=33924  n_red=3084
23:35:29 | INFO |     step 54400  loss=2.7147  grp_sp=0.000  n_imp=33924  n_red=3084
23:37:03 | INFO |     step 54600  loss=2.7143  grp_sp=0.000  n_imp=33924  n_red=3084
23:38:38 | INFO |     step 54800  loss=2.7127  grp_sp=0.000  n_imp=33924  n_red=3084
23:40:14 | INFO |     step 55000  loss=2.7089  grp_sp=0.000  n_imp=33924  n_red=3084
23:41:49 | INFO |     step 55200  loss=2.7020  grp_sp=0.000  n_imp=33924  n_red=3084
23:43:25 | INFO |     step 55400  loss=2.7009  grp_sp=0.000  n_imp=33924  n_red=3084
23:45:00 | INFO |     step 55600  loss=2.6999  grp_sp=0.000  n_imp=33924  n_red=3084
23:46:35 | INFO |     step 55800  loss=2.6943  grp_sp=0.000  n_imp=33924  n_red=3084
23:48:11 | INFO |     step 56000  loss=2.6929  grp_sp=0.000  n_imp=33924  n_red=3084
23:49:46 | INFO |     step 56200  loss=2.6897  grp_sp=0.000  n_imp=33924  n_red=3084
23:51:21 | INFO |     step 56400  loss=2.6881  grp_sp=0.000  n_imp=33924  n_red=3084
23:52:56 | INFO |     step 56600  loss=2.6857  grp_sp=0.000  n_imp=33924  n_red=3084
23:54:32 | INFO |     step 56800  loss=2.6829  grp_sp=0.000  n_imp=33924  n_red=3084
23:56:08 | INFO |     step 57000  loss=2.6804  grp_sp=0.000  n_imp=33924  n_red=3084
23:57:42 | INFO |     step 57200  loss=2.6791  grp_sp=0.000  n_imp=33924  n_red=3084
23:59:16 | INFO |     step 57400  loss=2.6777  grp_sp=0.000  n_imp=33924  n_red=3084
00:00:51 | INFO |     step 57600  loss=2.6774  grp_sp=0.000  n_imp=33924  n_red=3084
00:02:26 | INFO |     step 57800  loss=2.6789  grp_sp=0.000  n_imp=33924  n_red=3084
00:04:01 | INFO |     step 58000  loss=2.6781  grp_sp=0.000  n_imp=33924  n_red=3084
00:05:36 | INFO |     step 58200  loss=2.6785  grp_sp=0.000  n_imp=33924  n_red=3084
00:07:11 | INFO |     step 58400  loss=2.6789  grp_sp=0.000  n_imp=33924  n_red=3084
00:08:46 | INFO |     step 58600  loss=2.6804  grp_sp=0.000  n_imp=33924  n_red=3084
00:10:20 | INFO |     step 58800  loss=2.6814  grp_sp=0.000  n_imp=33924  n_red=3084
00:11:55 | INFO |     step 59000  loss=2.6827  grp_sp=0.000  n_imp=33924  n_red=3084
00:13:30 | INFO |     step 59200  loss=2.6823  grp_sp=0.000  n_imp=33924  n_red=3084
00:15:03 | INFO |     step 59400  loss=2.6821  grp_sp=0.000  n_imp=33924  n_red=3084
00:16:29 | INFO |     step 59600  loss=2.6827  grp_sp=0.000  n_imp=33924  n_red=3084
00:17:56 | INFO |     step 59800  loss=2.6819  grp_sp=0.000  n_imp=33924  n_red=3084
00:19:23 | INFO |     step 60000  loss=2.6809  grp_sp=0.000  n_imp=33924  n_red=3084
00:20:48 | INFO |     step 60200  loss=2.6825  grp_sp=0.000  n_imp=33924  n_red=3084
00:22:14 | INFO |     step 60400  loss=2.6836  grp_sp=0.000  n_imp=33924  n_red=3084
00:23:40 | INFO |     step 60600  loss=2.6858  grp_sp=0.000  n_imp=33924  n_red=3084
00:25:05 | INFO |     step 60800  loss=2.6882  grp_sp=0.000  n_imp=33924  n_red=3084
00:26:31 | INFO |     step 61000  loss=2.6885  grp_sp=0.000  n_imp=33924  n_red=3084
00:28:01 | INFO |     step 61200  loss=2.6904  grp_sp=0.000  n_imp=33924  n_red=3084
00:29:36 | INFO |     step 61400  loss=2.6928  grp_sp=0.000  n_imp=33924  n_red=3084
00:31:11 | INFO |     step 61600  loss=2.6943  grp_sp=0.000  n_imp=33924  n_red=3084
00:32:46 | INFO |     step 61800  loss=2.6958  grp_sp=0.000  n_imp=33924  n_red=3084
00:34:22 | INFO |     step 62000  loss=2.6975  grp_sp=0.000  n_imp=33924  n_red=3084
00:35:57 | INFO |     step 62200  loss=2.6982  grp_sp=0.000  n_imp=33924  n_red=3084
00:37:32 | INFO |     step 62400  loss=2.6998  grp_sp=0.000  n_imp=33924  n_red=3084
00:39:07 | INFO |     step 62600  loss=2.7019  grp_sp=0.000  n_imp=33924  n_red=3084
00:40:41 | INFO |     step 62800  loss=2.7060  grp_sp=0.000  n_imp=33924  n_red=3084
00:42:14 | INFO |     step 63000  loss=2.7086  grp_sp=0.000  n_imp=33924  n_red=3084
00:43:48 | INFO |     step 63200  loss=2.7102  grp_sp=0.000  n_imp=33924  n_red=3084
00:45:22 | INFO |     step 63400  loss=2.7117  grp_sp=0.000  n_imp=33924  n_red=3084
00:46:54 | INFO |     step 63600  loss=2.7131  grp_sp=0.000  n_imp=33924  n_red=3084
00:48:27 | INFO |     step 63800  loss=2.7142  grp_sp=0.000  n_imp=33924  n_red=3084
00:50:00 | INFO |     step 64000  loss=2.7166  grp_sp=0.000  n_imp=33924  n_red=3084
00:51:33 | INFO |     step 64200  loss=2.7189  grp_sp=0.000  n_imp=33924  n_red=3084
00:53:06 | INFO |     step 64400  loss=2.7221  grp_sp=0.000  n_imp=33924  n_red=3084
00:54:39 | INFO |     step 64600  loss=2.7254  grp_sp=0.000  n_imp=33924  n_red=3084
00:56:12 | INFO |     step 64800  loss=2.7287  grp_sp=0.000  n_imp=33924  n_red=3084
00:57:44 | INFO |     step 65000  loss=2.7317  grp_sp=0.000  n_imp=33924  n_red=3084
00:59:17 | INFO |     step 65200  loss=2.7356  grp_sp=0.000  n_imp=33924  n_red=3084
01:00:50 | INFO |     step 65400  loss=2.7403  grp_sp=0.000  n_imp=33924  n_red=3084
01:02:23 | INFO |     step 65600  loss=2.7456  grp_sp=0.000  n_imp=33924  n_red=3084
01:03:56 | INFO |     step 65800  loss=2.7500  grp_sp=0.000  n_imp=33924  n_red=3084
01:05:29 | INFO |     step 66000  loss=2.7547  grp_sp=0.000  n_imp=33924  n_red=3084
01:07:02 | INFO |     step 66200  loss=2.7578  grp_sp=0.000  n_imp=33924  n_red=3084
01:10:56 | INFO | [EPOCH 3/10] loss=2.7604  grp_sp=0.000  EM=27.95  F1=42.22  elapsed=471.6min
01:10:59 | INFO |     step 66400  loss=3.1725  grp_sp=0.000  n_imp=33924  n_red=3084
01:12:32 | INFO |     step 66600  loss=3.0863  grp_sp=0.000  n_imp=33924  n_red=3084
01:14:05 | INFO |     step 66800  loss=3.1071  grp_sp=0.000  n_imp=33924  n_red=3084
01:15:38 | INFO |     step 67000  loss=3.0776  grp_sp=0.000  n_imp=33924  n_red=3084
01:17:11 | INFO |     step 67200  loss=3.1012  grp_sp=0.000  n_imp=33924  n_red=3084
01:18:44 | INFO |     step 67400  loss=3.1068  grp_sp=0.000  n_imp=33924  n_red=3084
01:20:16 | INFO |     step 67600  loss=3.1420  grp_sp=0.000  n_imp=33924  n_red=3084
01:21:50 | INFO |     step 67800  loss=3.1749  grp_sp=0.083  n_imp=30840  n_red=6168
01:23:23 | INFO |     step 68000  loss=3.1903  grp_sp=0.083  n_imp=30840  n_red=6168
01:24:56 | INFO |     step 68200  loss=3.2081  grp_sp=0.083  n_imp=30840  n_red=6168
01:26:29 | INFO |     step 68400  loss=3.2185  grp_sp=0.083  n_imp=30840  n_red=6168
01:28:03 | INFO |     step 68600  loss=3.2210  grp_sp=0.083  n_imp=30840  n_red=6168
01:29:36 | INFO |     step 68800  loss=3.2406  grp_sp=0.083  n_imp=30840  n_red=6168
01:31:09 | INFO |     step 69000  loss=3.2487  grp_sp=0.083  n_imp=30840  n_red=6168
01:32:43 | INFO |     step 69200  loss=3.2457  grp_sp=0.083  n_imp=30840  n_red=6168
01:34:16 | INFO |     step 69400  loss=3.2652  grp_sp=0.083  n_imp=30840  n_red=6168
01:35:49 | INFO |     step 69600  loss=3.2782  grp_sp=0.083  n_imp=30840  n_red=6168
01:37:22 | INFO |     step 69800  loss=3.2863  grp_sp=0.083  n_imp=30840  n_red=6168
01:38:56 | INFO |     step 70000  loss=3.2960  grp_sp=0.083  n_imp=30840  n_red=6168
01:40:29 | INFO |     step 70200  loss=3.3030  grp_sp=0.083  n_imp=30840  n_red=6168
01:42:03 | INFO |     step 70400  loss=3.3164  grp_sp=0.083  n_imp=30840  n_red=6168
01:43:36 | INFO |     step 70600  loss=3.3186  grp_sp=0.083  n_imp=30840  n_red=6168
01:45:09 | INFO |     step 70800  loss=3.3202  grp_sp=0.083  n_imp=30840  n_red=6168
01:46:43 | INFO |     step 71000  loss=3.3176  grp_sp=0.083  n_imp=30840  n_red=6168
01:48:16 | INFO |     step 71200  loss=3.3122  grp_sp=0.083  n_imp=30840  n_red=6168
01:49:50 | INFO |     step 71400  loss=3.3051  grp_sp=0.083  n_imp=30840  n_red=6168
01:51:24 | INFO |     step 71600  loss=3.2966  grp_sp=0.083  n_imp=30840  n_red=6168
01:52:58 | INFO |     step 71800  loss=3.2887  grp_sp=0.083  n_imp=30840  n_red=6168
01:54:31 | INFO |     step 72000  loss=3.2836  grp_sp=0.083  n_imp=30840  n_red=6168
01:56:05 | INFO |     step 72200  loss=3.2802  grp_sp=0.083  n_imp=30840  n_red=6168
01:57:40 | INFO |     step 72400  loss=3.2779  grp_sp=0.083  n_imp=30840  n_red=6168
01:59:15 | INFO |     step 72600  loss=3.2746  grp_sp=0.083  n_imp=30840  n_red=6168
02:00:42 | INFO |     step 72800  loss=3.2724  grp_sp=0.083  n_imp=30840  n_red=6168
02:02:08 | INFO |     step 73000  loss=3.2685  grp_sp=0.083  n_imp=30840  n_red=6168
02:03:33 | INFO |     step 73200  loss=3.2654  grp_sp=0.083  n_imp=30840  n_red=6168
02:05:00 | INFO |     step 73400  loss=3.2609  grp_sp=0.083  n_imp=30840  n_red=6168
02:06:29 | INFO |     step 73600  loss=3.2601  grp_sp=0.083  n_imp=30840  n_red=6168
02:08:04 | INFO |     step 73800  loss=3.2584  grp_sp=0.083  n_imp=30840  n_red=6168
02:09:38 | INFO |     step 74000  loss=3.2551  grp_sp=0.083  n_imp=30840  n_red=6168
02:11:12 | INFO |     step 74200  loss=3.2502  grp_sp=0.083  n_imp=30840  n_red=6168
02:12:49 | INFO |     step 74400  loss=3.2439  grp_sp=0.083  n_imp=30840  n_red=6168
02:14:18 | INFO |     step 74600  loss=3.2385  grp_sp=0.083  n_imp=30840  n_red=6168
02:15:44 | INFO |     step 74800  loss=3.2380  grp_sp=0.083  n_imp=30840  n_red=6168
02:17:20 | INFO |     step 75000  loss=3.2350  grp_sp=0.083  n_imp=30840  n_red=6168
02:18:50 | INFO |     step 75200  loss=3.2324  grp_sp=0.083  n_imp=30840  n_red=6168
02:20:23 | INFO |     step 75400  loss=3.2285  grp_sp=0.083  n_imp=30840  n_red=6168
02:22:01 | INFO |     step 75600  loss=3.2248  grp_sp=0.083  n_imp=30840  n_red=6168
02:23:37 | INFO |     step 75800  loss=3.2256  grp_sp=0.083  n_imp=30840  n_red=6168
02:25:11 | INFO |     step 76000  loss=3.2228  grp_sp=0.083  n_imp=30840  n_red=6168
02:26:46 | INFO |     step 76200  loss=3.2199  grp_sp=0.083  n_imp=30840  n_red=6168
02:28:21 | INFO |     step 76400  loss=3.2188  grp_sp=0.083  n_imp=30840  n_red=6168
02:29:53 | INFO |     step 76600  loss=3.2161  grp_sp=0.083  n_imp=30840  n_red=6168
02:31:21 | INFO |     step 76800  loss=3.2128  grp_sp=0.083  n_imp=30840  n_red=6168
02:32:48 | INFO |     step 77000  loss=3.2102  grp_sp=0.083  n_imp=30840  n_red=6168
02:34:14 | INFO |     step 77200  loss=3.2050  grp_sp=0.083  n_imp=30840  n_red=6168
02:35:40 | INFO |     step 77400  loss=3.2035  grp_sp=0.083  n_imp=30840  n_red=6168
02:37:07 | INFO |     step 77600  loss=3.2021  grp_sp=0.083  n_imp=30840  n_red=6168
02:38:35 | INFO |     step 77800  loss=3.2010  grp_sp=0.083  n_imp=30840  n_red=6168
02:40:03 | INFO |     step 78000  loss=3.2002  grp_sp=0.083  n_imp=30840  n_red=6168
02:41:30 | INFO |     step 78200  loss=3.2010  grp_sp=0.083  n_imp=30840  n_red=6168
02:42:56 | INFO |     step 78400  loss=3.2015  grp_sp=0.083  n_imp=30840  n_red=6168
02:44:22 | INFO |     step 78600  loss=3.2023  grp_sp=0.083  n_imp=30840  n_red=6168
02:45:49 | INFO |     step 78800  loss=3.2047  grp_sp=0.083  n_imp=30840  n_red=6168
02:47:15 | INFO |     step 79000  loss=3.2061  grp_sp=0.083  n_imp=30840  n_red=6168
02:48:41 | INFO |     step 79200  loss=3.2085  grp_sp=0.083  n_imp=30840  n_red=6168
02:50:07 | INFO |     step 79400  loss=3.2090  grp_sp=0.083  n_imp=30840  n_red=6168
02:51:33 | INFO |     step 79600  loss=3.2083  grp_sp=0.083  n_imp=30840  n_red=6168
02:52:59 | INFO |     step 79800  loss=3.2083  grp_sp=0.083  n_imp=30840  n_red=6168
02:54:25 | INFO |     step 80000  loss=3.2084  grp_sp=0.083  n_imp=30840  n_red=6168
02:55:51 | INFO |     step 80200  loss=3.2071  grp_sp=0.083  n_imp=30840  n_red=6168
02:57:17 | INFO |     step 80400  loss=3.2067  grp_sp=0.083  n_imp=30840  n_red=6168
02:58:43 | INFO |     step 80600  loss=3.2082  grp_sp=0.083  n_imp=30840  n_red=6168
03:00:10 | INFO |     step 80800  loss=3.2093  grp_sp=0.083  n_imp=30840  n_red=6168
03:01:36 | INFO |     step 81000  loss=3.2090  grp_sp=0.083  n_imp=30840  n_red=6168
03:03:02 | INFO |     step 81200  loss=3.2113  grp_sp=0.083  n_imp=30840  n_red=6168
03:04:29 | INFO |     step 81400  loss=3.2123  grp_sp=0.083  n_imp=30840  n_red=6168
03:05:56 | INFO |     step 81600  loss=3.2152  grp_sp=0.083  n_imp=30840  n_red=6168
03:07:23 | INFO |     step 81800  loss=3.2177  grp_sp=0.083  n_imp=30840  n_red=6168
03:08:49 | INFO |     step 82000  loss=3.2197  grp_sp=0.083  n_imp=30840  n_red=6168
03:10:16 | INFO |     step 82200  loss=3.2195  grp_sp=0.083  n_imp=30840  n_red=6168
03:11:43 | INFO |     step 82400  loss=3.2199  grp_sp=0.083  n_imp=30840  n_red=6168
03:13:09 | INFO |     step 82600  loss=3.2208  grp_sp=0.083  n_imp=30840  n_red=6168
03:14:36 | INFO |     step 82800  loss=3.2208  grp_sp=0.083  n_imp=30840  n_red=6168
03:16:02 | INFO |     step 83000  loss=3.2211  grp_sp=0.083  n_imp=30840  n_red=6168
03:17:29 | INFO |     step 83200  loss=3.2213  grp_sp=0.083  n_imp=30840  n_red=6168
03:18:56 | INFO |     step 83400  loss=3.2223  grp_sp=0.083  n_imp=30840  n_red=6168
03:20:23 | INFO |     step 83600  loss=3.2242  grp_sp=0.083  n_imp=30840  n_red=6168
03:21:50 | INFO |     step 83800  loss=3.2243  grp_sp=0.083  n_imp=30840  n_red=6168
03:23:17 | INFO |     step 84000  loss=3.2245  grp_sp=0.083  n_imp=30840  n_red=6168
03:24:44 | INFO |     step 84200  loss=3.2243  grp_sp=0.083  n_imp=30840  n_red=6168
03:26:10 | INFO |     step 84400  loss=3.2225  grp_sp=0.083  n_imp=30840  n_red=6168
03:27:37 | INFO |     step 84600  loss=3.2220  grp_sp=0.083  n_imp=30840  n_red=6168
03:29:04 | INFO |     step 84800  loss=3.2224  grp_sp=0.083  n_imp=30840  n_red=6168
03:30:31 | INFO |     step 85000  loss=3.2217  grp_sp=0.083  n_imp=30840  n_red=6168
03:31:57 | INFO |     step 85200  loss=3.2211  grp_sp=0.083  n_imp=30840  n_red=6168
03:33:23 | INFO |     step 85400  loss=3.2206  grp_sp=0.083  n_imp=30840  n_red=6168
03:34:50 | INFO |     step 85600  loss=3.2206  grp_sp=0.083  n_imp=30840  n_red=6168
03:36:16 | INFO |     step 85800  loss=3.2206  grp_sp=0.083  n_imp=30840  n_red=6168
03:37:43 | INFO |     step 86000  loss=3.2216  grp_sp=0.083  n_imp=30840  n_red=6168
03:39:09 | INFO |     step 86200  loss=3.2213  grp_sp=0.083  n_imp=30840  n_red=6168
03:40:35 | INFO |     step 86400  loss=3.2215  grp_sp=0.083  n_imp=30840  n_red=6168
03:42:02 | INFO |     step 86600  loss=3.2200  grp_sp=0.083  n_imp=30840  n_red=6168
03:43:28 | INFO |     step 86800  loss=3.2197  grp_sp=0.083  n_imp=30840  n_red=6168
03:44:54 | INFO |     step 87000  loss=3.2196  grp_sp=0.083  n_imp=30840  n_red=6168
03:46:21 | INFO |     step 87200  loss=3.2210  grp_sp=0.083  n_imp=30840  n_red=6168
03:47:48 | INFO |     step 87400  loss=3.2216  grp_sp=0.083  n_imp=30840  n_red=6168
03:49:14 | INFO |     step 87600  loss=3.2223  grp_sp=0.083  n_imp=30840  n_red=6168
03:50:41 | INFO |     step 87800  loss=3.2233  grp_sp=0.083  n_imp=30840  n_red=6168
03:52:07 | INFO |     step 88000  loss=3.2248  grp_sp=0.083  n_imp=30840  n_red=6168
03:53:33 | INFO |     step 88200  loss=3.2281  grp_sp=0.083  n_imp=30840  n_red=6168
03:55:03 | INFO |     step 88400  loss=3.2318  grp_sp=0.083  n_imp=30840  n_red=6168
03:58:22 | INFO | [EPOCH 4/10] loss=3.2327  grp_sp=0.083  EM=20.25  F1=34.49  elapsed=639.0min
03:58:54 | INFO |     step 88600  loss=3.4242  grp_sp=0.083  n_imp=30840  n_red=6168
04:00:18 | INFO |     step 88800  loss=3.4011  grp_sp=0.083  n_imp=30840  n_red=6168
04:01:43 | INFO |     step 89000  loss=3.3324  grp_sp=0.083  n_imp=30840  n_red=6168
04:03:08 | INFO |     step 89200  loss=3.3266  grp_sp=0.083  n_imp=30840  n_red=6168
04:04:32 | INFO |     step 89400  loss=3.3009  grp_sp=0.083  n_imp=30840  n_red=6168
04:05:57 | INFO |     step 89600  loss=3.2766  grp_sp=0.083  n_imp=30840  n_red=6168
04:07:22 | INFO |     step 89800  loss=3.2770  grp_sp=0.083  n_imp=30840  n_red=6168
04:08:46 | INFO |     step 90000  loss=3.2797  grp_sp=0.083  n_imp=30840  n_red=6168
04:10:11 | INFO |     step 90200  loss=3.2865  grp_sp=0.083  n_imp=30840  n_red=6168
04:11:35 | INFO |     step 90400  loss=3.2973  grp_sp=0.083  n_imp=30840  n_red=6168
04:12:59 | INFO |     step 90600  loss=3.3061  grp_sp=0.083  n_imp=30840  n_red=6168
04:14:24 | INFO |     step 90800  loss=3.3064  grp_sp=0.083  n_imp=30840  n_red=6168
04:15:49 | INFO |     step 91000  loss=3.3044  grp_sp=0.083  n_imp=30840  n_red=6168
04:17:13 | INFO |     step 91200  loss=3.3055  grp_sp=0.083  n_imp=30840  n_red=6168
04:18:38 | INFO |     step 91400  loss=3.3363  grp_sp=0.083  n_imp=30840  n_red=6168
04:20:03 | INFO |     step 91600  loss=3.3583  grp_sp=0.083  n_imp=30840  n_red=6168
04:21:28 | INFO |     step 91800  loss=3.3553  grp_sp=0.083  n_imp=30840  n_red=6168
04:22:52 | INFO |     step 92000  loss=3.3573  grp_sp=0.083  n_imp=30840  n_red=6168
04:24:17 | INFO |     step 92200  loss=3.3578  grp_sp=0.083  n_imp=30840  n_red=6168
04:25:41 | INFO |     step 92400  loss=3.3584  grp_sp=0.083  n_imp=30840  n_red=6168
04:27:05 | INFO |     step 92600  loss=3.3577  grp_sp=0.083  n_imp=30840  n_red=6168
04:28:29 | INFO |     step 92800  loss=3.3600  grp_sp=0.083  n_imp=30840  n_red=6168
04:29:53 | INFO |     step 93000  loss=3.3553  grp_sp=0.083  n_imp=30840  n_red=6168
04:31:17 | INFO |     step 93200  loss=3.3520  grp_sp=0.083  n_imp=30840  n_red=6168
04:32:41 | INFO |     step 93400  loss=3.3515  grp_sp=0.083  n_imp=30840  n_red=6168
04:34:05 | INFO |     step 93600  loss=3.3470  grp_sp=0.083  n_imp=30840  n_red=6168
04:35:29 | INFO |     step 93800  loss=3.3470  grp_sp=0.083  n_imp=30840  n_red=6168
04:36:53 | INFO |     step 94000  loss=3.3499  grp_sp=0.083  n_imp=30840  n_red=6168
04:38:17 | INFO |     step 94200  loss=3.3542  grp_sp=0.083  n_imp=30840  n_red=6168
04:39:42 | INFO |     step 94400  loss=3.3554  grp_sp=0.083  n_imp=30840  n_red=6168
04:41:07 | INFO |     step 94600  loss=3.3545  grp_sp=0.083  n_imp=30840  n_red=6168
04:42:33 | INFO |     step 94800  loss=3.3509  grp_sp=0.083  n_imp=30840  n_red=6168
04:43:59 | INFO |     step 95000  loss=3.3472  grp_sp=0.083  n_imp=30840  n_red=6168
04:45:28 | INFO |     step 95200  loss=3.3457  grp_sp=0.083  n_imp=30840  n_red=6168
04:47:02 | INFO |     step 95400  loss=3.3481  grp_sp=0.083  n_imp=30840  n_red=6168
04:48:36 | INFO |     step 95600  loss=3.3469  grp_sp=0.083  n_imp=30840  n_red=6168
04:50:09 | INFO |     step 95800  loss=3.3421  grp_sp=0.083  n_imp=30840  n_red=6168
04:51:43 | INFO |     step 96000  loss=3.3400  grp_sp=0.083  n_imp=30840  n_red=6168
04:53:18 | INFO |     step 96200  loss=3.3365  grp_sp=0.083  n_imp=30840  n_red=6168
04:54:55 | INFO |     step 96400  loss=3.3312  grp_sp=0.083  n_imp=30840  n_red=6168
04:56:31 | INFO |     step 96600  loss=3.3292  grp_sp=0.083  n_imp=30840  n_red=6168
04:58:09 | INFO |     step 96800  loss=3.3271  grp_sp=0.083  n_imp=30840  n_red=6168
04:59:47 | INFO |     step 97000  loss=3.3271  grp_sp=0.083  n_imp=30840  n_red=6168
05:01:25 | INFO |     step 97200  loss=3.3268  grp_sp=0.083  n_imp=30840  n_red=6168
05:02:56 | INFO |     step 97400  loss=3.3266  grp_sp=0.083  n_imp=30840  n_red=6168
05:04:24 | INFO |     step 97600  loss=3.3238  grp_sp=0.083  n_imp=30840  n_red=6168
05:05:52 | INFO |     step 97800  loss=3.3217  grp_sp=0.083  n_imp=30840  n_red=6168
05:07:20 | INFO |     step 98000  loss=3.3203  grp_sp=0.083  n_imp=30840  n_red=6168
05:08:48 | INFO |     step 98200  loss=3.3173  grp_sp=0.083  n_imp=30840  n_red=6168
05:10:17 | INFO |     step 98400  loss=3.3183  grp_sp=0.167  n_imp=27756  n_red=9252
05:11:46 | INFO |     step 98600  loss=3.3185  grp_sp=0.167  n_imp=27756  n_red=9252
05:13:14 | INFO |     step 98800  loss=3.3191  grp_sp=0.167  n_imp=27756  n_red=9252
05:14:40 | INFO |     step 99000  loss=3.3221  grp_sp=0.167  n_imp=27756  n_red=9252
05:16:05 | INFO |     step 99200  loss=3.3239  grp_sp=0.167  n_imp=27756  n_red=9252
05:17:29 | INFO |     step 99400  loss=3.3268  grp_sp=0.167  n_imp=27756  n_red=9252
05:18:54 | INFO |     step 99600  loss=3.3285  grp_sp=0.167  n_imp=27756  n_red=9252
05:20:19 | INFO |     step 99800  loss=3.3276  grp_sp=0.167  n_imp=27756  n_red=9252
05:21:43 | INFO |     step 100000  loss=3.3274  grp_sp=0.167  n_imp=27756  n_red=9252
05:23:08 | INFO |     step 100200  loss=3.3283  grp_sp=0.167  n_imp=27756  n_red=9252
05:24:32 | INFO |     step 100400  loss=3.3263  grp_sp=0.167  n_imp=27756  n_red=9252
05:25:57 | INFO |     step 100600  loss=3.3234  grp_sp=0.167  n_imp=27756  n_red=9252
05:27:22 | INFO |     step 100800  loss=3.3216  grp_sp=0.167  n_imp=27756  n_red=9252
05:28:46 | INFO |     step 101000  loss=3.3194  grp_sp=0.167  n_imp=27756  n_red=9252
05:30:11 | INFO |     step 101200  loss=3.3192  grp_sp=0.167  n_imp=27756  n_red=9252
05:31:36 | INFO |     step 101400  loss=3.3177  grp_sp=0.167  n_imp=27756  n_red=9252
05:33:00 | INFO |     step 101600  loss=3.3180  grp_sp=0.167  n_imp=27756  n_red=9252
05:34:25 | INFO |     step 101800  loss=3.3191  grp_sp=0.167  n_imp=27756  n_red=9252
05:35:50 | INFO |     step 102000  loss=3.3199  grp_sp=0.167  n_imp=27756  n_red=9252
05:37:15 | INFO |     step 102200  loss=3.3215  grp_sp=0.167  n_imp=27756  n_red=9252
05:38:40 | INFO |     step 102400  loss=3.3233  grp_sp=0.167  n_imp=27756  n_red=9252
05:40:05 | INFO |     step 102600  loss=3.3241  grp_sp=0.167  n_imp=27756  n_red=9252
05:41:29 | INFO |     step 102800  loss=3.3249  grp_sp=0.167  n_imp=27756  n_red=9252
05:42:54 | INFO |     step 103000  loss=3.3250  grp_sp=0.167  n_imp=27756  n_red=9252
05:44:19 | INFO |     step 103200  loss=3.3266  grp_sp=0.167  n_imp=27756  n_red=9252
05:45:43 | INFO |     step 103400  loss=3.3271  grp_sp=0.167  n_imp=27756  n_red=9252
05:47:08 | INFO |     step 103600  loss=3.3284  grp_sp=0.167  n_imp=27756  n_red=9252
05:48:32 | INFO |     step 103800  loss=3.3288  grp_sp=0.167  n_imp=27756  n_red=9252
05:49:57 | INFO |     step 104000  loss=3.3300  grp_sp=0.167  n_imp=27756  n_red=9252
05:51:21 | INFO |     step 104200  loss=3.3303  grp_sp=0.167  n_imp=27756  n_red=9252
05:52:45 | INFO |     step 104400  loss=3.3320  grp_sp=0.167  n_imp=27756  n_red=9252
05:54:10 | INFO |     step 104600  loss=3.3335  grp_sp=0.167  n_imp=27756  n_red=9252
05:55:35 | INFO |     step 104800  loss=3.3350  grp_sp=0.167  n_imp=27756  n_red=9252
05:56:59 | INFO |     step 105000  loss=3.3354  grp_sp=0.167  n_imp=27756  n_red=9252
05:58:24 | INFO |     step 105200  loss=3.3350  grp_sp=0.167  n_imp=27756  n_red=9252
05:59:48 | INFO |     step 105400  loss=3.3352  grp_sp=0.167  n_imp=27756  n_red=9252
06:01:13 | INFO |     step 105600  loss=3.3357  grp_sp=0.167  n_imp=27756  n_red=9252
06:02:37 | INFO |     step 105800  loss=3.3349  grp_sp=0.167  n_imp=27756  n_red=9252
06:04:02 | INFO |     step 106000  loss=3.3349  grp_sp=0.167  n_imp=27756  n_red=9252
06:05:27 | INFO |     step 106200  loss=3.3351  grp_sp=0.167  n_imp=27756  n_red=9252
06:06:51 | INFO |     step 106400  loss=3.3354  grp_sp=0.167  n_imp=27756  n_red=9252
06:08:16 | INFO |     step 106600  loss=3.3361  grp_sp=0.167  n_imp=27756  n_red=9252
06:09:40 | INFO |     step 106800  loss=3.3357  grp_sp=0.167  n_imp=27756  n_red=9252
06:11:05 | INFO |     step 107000  loss=3.3354  grp_sp=0.167  n_imp=27756  n_red=9252
06:12:29 | INFO |     step 107200  loss=3.3354  grp_sp=0.167  n_imp=27756  n_red=9252
06:13:53 | INFO |     step 107400  loss=3.3361  grp_sp=0.167  n_imp=27756  n_red=9252
06:15:17 | INFO |     step 107600  loss=3.3364  grp_sp=0.167  n_imp=27756  n_red=9252
06:16:41 | INFO |     step 107800  loss=3.3374  grp_sp=0.167  n_imp=27756  n_red=9252
06:18:05 | INFO |     step 108000  loss=3.3384  grp_sp=0.167  n_imp=27756  n_red=9252
06:19:29 | INFO |     step 108200  loss=3.3384  grp_sp=0.167  n_imp=27756  n_red=9252
06:20:53 | INFO |     step 108400  loss=3.3381  grp_sp=0.167  n_imp=27756  n_red=9252
06:22:17 | INFO |     step 108600  loss=3.3382  grp_sp=0.167  n_imp=27756  n_red=9252
06:23:41 | INFO |     step 108800  loss=3.3386  grp_sp=0.167  n_imp=27756  n_red=9252
06:25:05 | INFO |     step 109000  loss=3.3395  grp_sp=0.167  n_imp=27756  n_red=9252
06:26:29 | INFO |     step 109200  loss=3.3389  grp_sp=0.167  n_imp=27756  n_red=9252
06:27:53 | INFO |     step 109400  loss=3.3384  grp_sp=0.167  n_imp=27756  n_red=9252
06:29:17 | INFO |     step 109600  loss=3.3379  grp_sp=0.167  n_imp=27756  n_red=9252
06:30:41 | INFO |     step 109800  loss=3.3380  grp_sp=0.167  n_imp=27756  n_red=9252
06:32:05 | INFO |     step 110000  loss=3.3381  grp_sp=0.167  n_imp=27756  n_red=9252
06:33:29 | INFO |     step 110200  loss=3.3388  grp_sp=0.167  n_imp=27756  n_red=9252
06:34:53 | INFO |     step 110400  loss=3.3388  grp_sp=0.167  n_imp=27756  n_red=9252
06:36:17 | INFO |     step 110600  loss=3.3395  grp_sp=0.167  n_imp=27756  n_red=9252
06:39:02 | INFO | [EPOCH 5/10] loss=3.3397  grp_sp=0.167  EM=19.99  F1=33.63  elapsed=799.7min
06:40:03 | INFO |     step 110800  loss=3.4484  grp_sp=0.167  n_imp=27756  n_red=9252
06:41:27 | INFO |     step 111000  loss=3.4397  grp_sp=0.167  n_imp=27756  n_red=9252
06:42:51 | INFO |     step 111200  loss=3.3992  grp_sp=0.167  n_imp=27756  n_red=9252
06:44:16 | INFO |     step 111400  loss=3.3788  grp_sp=0.167  n_imp=27756  n_red=9252
06:45:40 | INFO |     step 111600  loss=3.3528  grp_sp=0.167  n_imp=27756  n_red=9252
06:47:04 | INFO |     step 111800  loss=3.3634  grp_sp=0.167  n_imp=27756  n_red=9252
06:48:28 | INFO |     step 112000  loss=3.3793  grp_sp=0.167  n_imp=27756  n_red=9252
06:49:52 | INFO |     step 112200  loss=3.3779  grp_sp=0.167  n_imp=27756  n_red=9252
06:51:16 | INFO |     step 112400  loss=3.3858  grp_sp=0.167  n_imp=27756  n_red=9252
06:52:40 | INFO |     step 112600  loss=3.3939  grp_sp=0.167  n_imp=27756  n_red=9252
06:54:04 | INFO |     step 112800  loss=3.3850  grp_sp=0.167  n_imp=27756  n_red=9252
06:55:28 | INFO |     step 113000  loss=3.3688  grp_sp=0.167  n_imp=27756  n_red=9252
06:56:52 | INFO |     step 113200  loss=3.3556  grp_sp=0.167  n_imp=27756  n_red=9252
06:58:16 | INFO |     step 113400  loss=3.3549  grp_sp=0.167  n_imp=27756  n_red=9252
06:59:41 | INFO |     step 113600  loss=3.3519  grp_sp=0.167  n_imp=27756  n_red=9252
07:01:05 | INFO |     step 113800  loss=3.3517  grp_sp=0.167  n_imp=27756  n_red=9252
07:02:29 | INFO |     step 114000  loss=3.3477  grp_sp=0.167  n_imp=27756  n_red=9252
07:03:53 | INFO |     step 114200  loss=3.3469  grp_sp=0.167  n_imp=27756  n_red=9252
07:05:17 | INFO |     step 114400  loss=3.3502  grp_sp=0.167  n_imp=27756  n_red=9252
07:06:41 | INFO |     step 114600  loss=3.3495  grp_sp=0.167  n_imp=27756  n_red=9252
07:08:05 | INFO |     step 114800  loss=3.3531  grp_sp=0.167  n_imp=27756  n_red=9252
07:09:30 | INFO |     step 115000  loss=3.3547  grp_sp=0.167  n_imp=27756  n_red=9252
07:10:54 | INFO |     step 115200  loss=3.3539  grp_sp=0.167  n_imp=27756  n_red=9252
07:12:18 | INFO |     step 115400  loss=3.3538  grp_sp=0.167  n_imp=27756  n_red=9252
07:13:42 | INFO |     step 115600  loss=3.3490  grp_sp=0.167  n_imp=27756  n_red=9252
07:15:06 | INFO |     step 115800  loss=3.3499  grp_sp=0.167  n_imp=27756  n_red=9252
07:16:31 | INFO |     step 116000  loss=3.3487  grp_sp=0.167  n_imp=27756  n_red=9252
07:17:55 | INFO |     step 116200  loss=3.3495  grp_sp=0.167  n_imp=27756  n_red=9252
07:19:19 | INFO |     step 116400  loss=3.3486  grp_sp=0.167  n_imp=27756  n_red=9252
07:20:43 | INFO |     step 116600  loss=3.3485  grp_sp=0.167  n_imp=27756  n_red=9252
07:22:08 | INFO |     step 116800  loss=3.3455  grp_sp=0.167  n_imp=27756  n_red=9252
07:23:32 | INFO |     step 117000  loss=3.3452  grp_sp=0.167  n_imp=27756  n_red=9252
07:24:56 | INFO |     step 117200  loss=3.3454  grp_sp=0.167  n_imp=27756  n_red=9252
07:26:21 | INFO |     step 117400  loss=3.3448  grp_sp=0.167  n_imp=27756  n_red=9252
07:27:45 | INFO |     step 117600  loss=3.3425  grp_sp=0.167  n_imp=27756  n_red=9252
07:29:09 | INFO |     step 117800  loss=3.3410  grp_sp=0.167  n_imp=27756  n_red=9252
07:30:33 | INFO |     step 118000  loss=3.3397  grp_sp=0.167  n_imp=27756  n_red=9252
07:31:57 | INFO |     step 118200  loss=3.3413  grp_sp=0.167  n_imp=27756  n_red=9252
07:33:22 | INFO |     step 118400  loss=3.3444  grp_sp=0.167  n_imp=27756  n_red=9252
07:34:46 | INFO |     step 118600  loss=3.3441  grp_sp=0.167  n_imp=27756  n_red=9252
07:36:10 | INFO |     step 118800  loss=3.3479  grp_sp=0.167  n_imp=27756  n_red=9252
07:37:34 | INFO |     step 119000  loss=3.3493  grp_sp=0.167  n_imp=27756  n_red=9252
07:38:58 | INFO |     step 119200  loss=3.3523  grp_sp=0.167  n_imp=27756  n_red=9252
07:40:22 | INFO |     step 119400  loss=3.3509  grp_sp=0.167  n_imp=27756  n_red=9252
07:41:46 | INFO |     step 119600  loss=3.3501  grp_sp=0.167  n_imp=27756  n_red=9252
07:43:10 | INFO |     step 119800  loss=3.3516  grp_sp=0.167  n_imp=27756  n_red=9252
07:44:34 | INFO |     step 120000  loss=3.3503  grp_sp=0.167  n_imp=27756  n_red=9252
07:45:59 | INFO |     step 120200  loss=3.3498  grp_sp=0.167  n_imp=27756  n_red=9252
07:47:23 | INFO |     step 120400  loss=3.3497  grp_sp=0.167  n_imp=27756  n_red=9252
07:48:47 | INFO |     step 120600  loss=3.3470  grp_sp=0.167  n_imp=27756  n_red=9252
07:50:11 | INFO |     step 120800  loss=3.3463  grp_sp=0.167  n_imp=27756  n_red=9252
07:51:35 | INFO |     step 121000  loss=3.3462  grp_sp=0.167  n_imp=27756  n_red=9252
07:53:00 | INFO |     step 121200  loss=3.3449  grp_sp=0.167  n_imp=27756  n_red=9252
07:54:24 | INFO |     step 121400  loss=3.3470  grp_sp=0.167  n_imp=27756  n_red=9252
07:55:48 | INFO |     step 121600  loss=3.3471  grp_sp=0.167  n_imp=27756  n_red=9252
07:57:12 | INFO |     step 121800  loss=3.3474  grp_sp=0.167  n_imp=27756  n_red=9252
07:58:36 | INFO |     step 122000  loss=3.3471  grp_sp=0.167  n_imp=27756  n_red=9252
08:00:00 | INFO |     step 122200  loss=3.3452  grp_sp=0.167  n_imp=27756  n_red=9252
08:01:25 | INFO |     step 122400  loss=3.3442  grp_sp=0.167  n_imp=27756  n_red=9252
08:02:49 | INFO |     step 122600  loss=3.3422  grp_sp=0.167  n_imp=27756  n_red=9252
08:04:13 | INFO |     step 122800  loss=3.3415  grp_sp=0.167  n_imp=27756  n_red=9252
08:05:37 | INFO |     step 123000  loss=3.3406  grp_sp=0.167  n_imp=27756  n_red=9252
08:07:02 | INFO |     step 123200  loss=3.3405  grp_sp=0.167  n_imp=27756  n_red=9252
08:08:26 | INFO |     step 123400  loss=3.3375  grp_sp=0.167  n_imp=27756  n_red=9252
08:09:50 | INFO |     step 123600  loss=3.3359  grp_sp=0.167  n_imp=27756  n_red=9252
08:11:14 | INFO |     step 123800  loss=3.3357  grp_sp=0.167  n_imp=27756  n_red=9252
08:12:39 | INFO |     step 124000  loss=3.3354  grp_sp=0.167  n_imp=27756  n_red=9252
08:14:04 | INFO |     step 124200  loss=3.3339  grp_sp=0.167  n_imp=27756  n_red=9252
08:15:28 | INFO |     step 124400  loss=3.3333  grp_sp=0.167  n_imp=27756  n_red=9252
08:16:53 | INFO |     step 124600  loss=3.3310  grp_sp=0.167  n_imp=27756  n_red=9252
08:18:17 | INFO |     step 124800  loss=3.3305  grp_sp=0.167  n_imp=27756  n_red=9252
08:19:41 | INFO |     step 125000  loss=3.3308  grp_sp=0.167  n_imp=27756  n_red=9252
08:21:05 | INFO |     step 125200  loss=3.3317  grp_sp=0.167  n_imp=27756  n_red=9252
08:22:30 | INFO |     step 125400  loss=3.3314  grp_sp=0.167  n_imp=27756  n_red=9252
08:23:55 | INFO |     step 125600  loss=3.3342  grp_sp=0.167  n_imp=27756  n_red=9252
08:25:19 | INFO |     step 125800  loss=3.3344  grp_sp=0.167  n_imp=27756  n_red=9252
08:26:43 | INFO |     step 126000  loss=3.3360  grp_sp=0.167  n_imp=27756  n_red=9252
08:28:07 | INFO |     step 126200  loss=3.3365  grp_sp=0.167  n_imp=27756  n_red=9252
08:29:31 | INFO |     step 126400  loss=3.3375  grp_sp=0.167  n_imp=27756  n_red=9252
08:30:56 | INFO |     step 126600  loss=3.3398  grp_sp=0.167  n_imp=27756  n_red=9252
08:32:20 | INFO |     step 126800  loss=3.3444  grp_sp=0.167  n_imp=27756  n_red=9252
08:33:44 | INFO |     step 127000  loss=3.3543  grp_sp=0.167  n_imp=27756  n_red=9252
08:35:09 | INFO |     step 127200  loss=3.3550  grp_sp=0.167  n_imp=27756  n_red=9252
08:36:33 | INFO |     step 127400  loss=3.3550  grp_sp=0.167  n_imp=27756  n_red=9252
08:37:58 | INFO |     step 127600  loss=3.3567  grp_sp=0.167  n_imp=27756  n_red=9252
08:39:22 | INFO |     step 127800  loss=3.3575  grp_sp=0.167  n_imp=27756  n_red=9252
08:40:46 | INFO |     step 128000  loss=3.3578  grp_sp=0.167  n_imp=27756  n_red=9252
08:42:10 | INFO |     step 128200  loss=3.3570  grp_sp=0.167  n_imp=27756  n_red=9252
08:43:34 | INFO |     step 128400  loss=3.3585  grp_sp=0.167  n_imp=27756  n_red=9252
08:44:59 | INFO |     step 128600  loss=3.3600  grp_sp=0.167  n_imp=27756  n_red=9252
08:46:23 | INFO |     step 128800  loss=3.3612  grp_sp=0.167  n_imp=27756  n_red=9252
08:47:47 | INFO |     step 129000  loss=3.3624  grp_sp=0.167  n_imp=27756  n_red=9252
08:49:13 | INFO |     step 129200  loss=3.3638  grp_sp=0.250  n_imp=24672  n_red=12336
08:50:38 | INFO |     step 129400  loss=3.3659  grp_sp=0.250  n_imp=24672  n_red=12336
08:52:03 | INFO |     step 129600  loss=3.3658  grp_sp=0.250  n_imp=24672  n_red=12336
08:53:29 | INFO |     step 129800  loss=3.3657  grp_sp=0.250  n_imp=24672  n_red=12336
08:54:56 | INFO |     step 130000  loss=3.3684  grp_sp=0.250  n_imp=24672  n_red=12336
08:56:23 | INFO |     step 130200  loss=3.3695  grp_sp=0.250  n_imp=24672  n_red=12336
08:57:49 | INFO |     step 130400  loss=3.3699  grp_sp=0.250  n_imp=24672  n_red=12336
08:59:16 | INFO |     step 130600  loss=3.3691  grp_sp=0.250  n_imp=24672  n_red=12336
09:00:42 | INFO |     step 130800  loss=3.3684  grp_sp=0.250  n_imp=24672  n_red=12336
09:02:08 | INFO |     step 131000  loss=3.3674  grp_sp=0.250  n_imp=24672  n_red=12336
09:03:35 | INFO |     step 131200  loss=3.3675  grp_sp=0.250  n_imp=24672  n_red=12336
09:05:01 | INFO |     step 131400  loss=3.3666  grp_sp=0.250  n_imp=24672  n_red=12336
09:06:28 | INFO |     step 131600  loss=3.3668  grp_sp=0.250  n_imp=24672  n_red=12336
09:07:54 | INFO |     step 131800  loss=3.3671  grp_sp=0.250  n_imp=24672  n_red=12336
09:09:21 | INFO |     step 132000  loss=3.3658  grp_sp=0.250  n_imp=24672  n_red=12336
09:10:47 | INFO |     step 132200  loss=3.3651  grp_sp=0.250  n_imp=24672  n_red=12336
09:12:13 | INFO |     step 132400  loss=3.3644  grp_sp=0.250  n_imp=24672  n_red=12336
09:13:40 | INFO |     step 132600  loss=3.3638  grp_sp=0.250  n_imp=24672  n_red=12336
09:17:23 | INFO | [EPOCH 6/10] loss=3.3631  grp_sp=0.250  EM=21.45  F1=35.31  elapsed=958.0min
09:17:29 | INFO |     step 132800  loss=2.9603  grp_sp=0.250  n_imp=24672  n_red=12336
09:18:55 | INFO |     step 133000  loss=3.2669  grp_sp=0.250  n_imp=24672  n_red=12336
09:20:21 | INFO |     step 133200  loss=3.2948  grp_sp=0.250  n_imp=24672  n_red=12336
09:21:46 | INFO |     step 133400  loss=3.3069  grp_sp=0.250  n_imp=24672  n_red=12336
09:23:12 | INFO |     step 133600  loss=3.3236  grp_sp=0.250  n_imp=24672  n_red=12336
09:24:38 | INFO |     step 133800  loss=3.3122  grp_sp=0.250  n_imp=24672  n_red=12336
09:26:05 | INFO |     step 134000  loss=3.3184  grp_sp=0.250  n_imp=24672  n_red=12336
09:27:31 | INFO |     step 134200  loss=3.3393  grp_sp=0.250  n_imp=24672  n_red=12336
09:28:57 | INFO |     step 134400  loss=3.3495  grp_sp=0.250  n_imp=24672  n_red=12336
09:30:23 | INFO |     step 134600  loss=3.3522  grp_sp=0.250  n_imp=24672  n_red=12336
09:31:48 | INFO |     step 134800  loss=3.3570  grp_sp=0.250  n_imp=24672  n_red=12336
09:33:14 | INFO |     step 135000  loss=3.3691  grp_sp=0.250  n_imp=24672  n_red=12336
09:34:40 | INFO |     step 135200  loss=3.3821  grp_sp=0.250  n_imp=24672  n_red=12336
09:36:05 | INFO |     step 135400  loss=3.3867  grp_sp=0.250  n_imp=24672  n_red=12336
09:37:31 | INFO |     step 135600  loss=3.3970  grp_sp=0.250  n_imp=24672  n_red=12336
09:38:57 | INFO |     step 135800  loss=3.4087  grp_sp=0.250  n_imp=24672  n_red=12336
09:40:23 | INFO |     step 136000  loss=3.4092  grp_sp=0.250  n_imp=24672  n_red=12336
09:41:49 | INFO |     step 136200  loss=3.4153  grp_sp=0.250  n_imp=24672  n_red=12336
09:43:15 | INFO |     step 136400  loss=3.4183  grp_sp=0.250  n_imp=24672  n_red=12336
09:44:40 | INFO |     step 136600  loss=3.4290  grp_sp=0.250  n_imp=24672  n_red=12336
09:46:06 | INFO |     step 136800  loss=3.4342  grp_sp=0.250  n_imp=24672  n_red=12336
09:47:32 | INFO |     step 137000  loss=3.4367  grp_sp=0.250  n_imp=24672  n_red=12336
09:48:57 | INFO |     step 137200  loss=3.4389  grp_sp=0.250  n_imp=24672  n_red=12336
09:50:23 | INFO |     step 137400  loss=3.4400  grp_sp=0.250  n_imp=24672  n_red=12336
09:51:49 | INFO |     step 137600  loss=3.4394  grp_sp=0.250  n_imp=24672  n_red=12336
09:53:15 | INFO |     step 137800  loss=3.4361  grp_sp=0.250  n_imp=24672  n_red=12336
09:54:41 | INFO |     step 138000  loss=3.4328  grp_sp=0.250  n_imp=24672  n_red=12336
09:56:08 | INFO |     step 138200  loss=3.4324  grp_sp=0.250  n_imp=24672  n_red=12336
09:57:35 | INFO |     step 138400  loss=3.4329  grp_sp=0.250  n_imp=24672  n_red=12336
09:59:03 | INFO |     step 138600  loss=3.4310  grp_sp=0.250  n_imp=24672  n_red=12336
10:00:30 | INFO |     step 138800  loss=3.4318  grp_sp=0.250  n_imp=24672  n_red=12336
10:01:57 | INFO |     step 139000  loss=3.4291  grp_sp=0.250  n_imp=24672  n_red=12336
10:03:23 | INFO |     step 139200  loss=3.4275  grp_sp=0.250  n_imp=24672  n_red=12336
10:04:48 | INFO |     step 139400  loss=3.4231  grp_sp=0.250  n_imp=24672  n_red=12336
10:06:14 | INFO |     step 139600  loss=3.4188  grp_sp=0.250  n_imp=24672  n_red=12336
10:07:40 | INFO |     step 139800  loss=3.4164  grp_sp=0.250  n_imp=24672  n_red=12336
10:09:06 | INFO |     step 140000  loss=3.4144  grp_sp=0.250  n_imp=24672  n_red=12336
10:10:32 | INFO |     step 140200  loss=3.4167  grp_sp=0.250  n_imp=24672  n_red=12336
10:11:59 | INFO |     step 140400  loss=3.4197  grp_sp=0.250  n_imp=24672  n_red=12336
10:13:26 | INFO |     step 140600  loss=3.4205  grp_sp=0.250  n_imp=24672  n_red=12336
10:14:54 | INFO |     step 140800  loss=3.4244  grp_sp=0.250  n_imp=24672  n_red=12336
10:16:20 | INFO |     step 141000  loss=3.4246  grp_sp=0.250  n_imp=24672  n_red=12336
10:17:46 | INFO |     step 141200  loss=3.4275  grp_sp=0.250  n_imp=24672  n_red=12336
10:19:12 | INFO |     step 141400  loss=3.4281  grp_sp=0.250  n_imp=24672  n_red=12336
10:20:38 | INFO |     step 141600  loss=3.4273  grp_sp=0.250  n_imp=24672  n_red=12336
10:22:03 | INFO |     step 141800  loss=3.4283  grp_sp=0.250  n_imp=24672  n_red=12336
10:23:29 | INFO |     step 142000  loss=3.4282  grp_sp=0.250  n_imp=24672  n_red=12336
10:24:55 | INFO |     step 142200  loss=3.4286  grp_sp=0.250  n_imp=24672  n_red=12336
10:26:20 | INFO |     step 142400  loss=3.4292  grp_sp=0.250  n_imp=24672  n_red=12336
10:27:46 | INFO |     step 142600  loss=3.4328  grp_sp=0.250  n_imp=24672  n_red=12336
10:29:12 | INFO |     step 142800  loss=3.4347  grp_sp=0.250  n_imp=24672  n_red=12336
10:30:37 | INFO |     step 143000  loss=3.4356  grp_sp=0.250  n_imp=24672  n_red=12336
10:32:03 | INFO |     step 143200  loss=3.4348  grp_sp=0.250  n_imp=24672  n_red=12336
10:33:29 | INFO |     step 143400  loss=3.4328  grp_sp=0.250  n_imp=24672  n_red=12336
10:34:54 | INFO |     step 143600  loss=3.4335  grp_sp=0.250  n_imp=24672  n_red=12336
10:36:20 | INFO |     step 143800  loss=3.4332  grp_sp=0.250  n_imp=24672  n_red=12336
10:37:45 | INFO |     step 144000  loss=3.4329  grp_sp=0.250  n_imp=24672  n_red=12336
10:39:11 | INFO |     step 144200  loss=3.4332  grp_sp=0.250  n_imp=24672  n_red=12336
10:40:36 | INFO |     step 144400  loss=3.4329  grp_sp=0.250  n_imp=24672  n_red=12336
10:42:01 | INFO |     step 144600  loss=3.4330  grp_sp=0.250  n_imp=24672  n_red=12336
10:43:26 | INFO |     step 144800  loss=3.4344  grp_sp=0.250  n_imp=24672  n_red=12336
10:44:52 | INFO |     step 145000  loss=3.4348  grp_sp=0.250  n_imp=24672  n_red=12336
10:46:18 | INFO |     step 145200  loss=3.4360  grp_sp=0.250  n_imp=24672  n_red=12336
10:47:46 | INFO |     step 145400  loss=3.4360  grp_sp=0.250  n_imp=24672  n_red=12336
10:49:13 | INFO |     step 145600  loss=3.4351  grp_sp=0.250  n_imp=24672  n_red=12336
10:50:41 | INFO |     step 145800  loss=3.4354  grp_sp=0.250  n_imp=24672  n_red=12336
10:52:09 | INFO |     step 146000  loss=3.4347  grp_sp=0.250  n_imp=24672  n_red=12336
10:53:37 | INFO |     step 146200  loss=3.4360  grp_sp=0.250  n_imp=24672  n_red=12336
10:55:05 | INFO |     step 146400  loss=3.4375  grp_sp=0.250  n_imp=24672  n_red=12336
10:56:33 | INFO |     step 146600  loss=3.4373  grp_sp=0.250  n_imp=24672  n_red=12336
10:58:01 | INFO |     step 146800  loss=3.4365  grp_sp=0.250  n_imp=24672  n_red=12336
10:59:27 | INFO |     step 147000  loss=3.4362  grp_sp=0.250  n_imp=24672  n_red=12336
11:00:54 | INFO |     step 147200  loss=3.4346  grp_sp=0.250  n_imp=24672  n_red=12336
11:02:20 | INFO |     step 147400  loss=3.4350  grp_sp=0.250  n_imp=24672  n_red=12336
11:03:48 | INFO |     step 147600  loss=3.4350  grp_sp=0.250  n_imp=24672  n_red=12336
11:05:15 | INFO |     step 147800  loss=3.4340  grp_sp=0.250  n_imp=24672  n_red=12336
11:06:43 | INFO |     step 148000  loss=3.4342  grp_sp=0.250  n_imp=24672  n_red=12336
11:08:11 | INFO |     step 148200  loss=3.4335  grp_sp=0.250  n_imp=24672  n_red=12336
11:09:38 | INFO |     step 148400  loss=3.4329  grp_sp=0.250  n_imp=24672  n_red=12336
11:11:06 | INFO |     step 148600  loss=3.4328  grp_sp=0.250  n_imp=24672  n_red=12336
11:12:33 | INFO |     step 148800  loss=3.4332  grp_sp=0.250  n_imp=24672  n_red=12336
11:14:00 | INFO |     step 149000  loss=3.4322  grp_sp=0.250  n_imp=24672  n_red=12336
11:15:27 | INFO |     step 149200  loss=3.4327  grp_sp=0.250  n_imp=24672  n_red=12336
11:16:54 | INFO |     step 149400  loss=3.4334  grp_sp=0.250  n_imp=24672  n_red=12336
11:18:23 | INFO |     step 149600  loss=3.4338  grp_sp=0.250  n_imp=24672  n_red=12336
11:19:50 | INFO |     step 149800  loss=3.4338  grp_sp=0.250  n_imp=24672  n_red=12336
11:21:17 | INFO |     step 150000  loss=3.4330  grp_sp=0.250  n_imp=24672  n_red=12336
11:22:43 | INFO |     step 150200  loss=3.4326  grp_sp=0.250  n_imp=24672  n_red=12336
11:24:08 | INFO |     step 150400  loss=3.4332  grp_sp=0.250  n_imp=24672  n_red=12336
11:25:34 | INFO |     step 150600  loss=3.4332  grp_sp=0.250  n_imp=24672  n_red=12336
11:27:00 | INFO |     step 150800  loss=3.4329  grp_sp=0.250  n_imp=24672  n_red=12336
11:28:25 | INFO |     step 151000  loss=3.4333  grp_sp=0.250  n_imp=24672  n_red=12336
11:29:50 | INFO |     step 151200  loss=3.4329  grp_sp=0.250  n_imp=24672  n_red=12336
11:31:16 | INFO |     step 151400  loss=3.4320  grp_sp=0.250  n_imp=24672  n_red=12336
11:32:41 | INFO |     step 151600  loss=3.4304  grp_sp=0.250  n_imp=24672  n_red=12336
11:34:07 | INFO |     step 151800  loss=3.4296  grp_sp=0.250  n_imp=24672  n_red=12336
11:35:32 | INFO |     step 152000  loss=3.4290  grp_sp=0.250  n_imp=24672  n_red=12336
11:36:57 | INFO |     step 152200  loss=3.4284  grp_sp=0.250  n_imp=24672  n_red=12336
11:38:22 | INFO |     step 152400  loss=3.4276  grp_sp=0.250  n_imp=24672  n_red=12336
11:39:47 | INFO |     step 152600  loss=3.4269  grp_sp=0.250  n_imp=24672  n_red=12336
11:41:12 | INFO |     step 152800  loss=3.4263  grp_sp=0.250  n_imp=24672  n_red=12336
11:42:37 | INFO |     step 153000  loss=3.4254  grp_sp=0.250  n_imp=24672  n_red=12336
11:44:02 | INFO |     step 153200  loss=3.4247  grp_sp=0.250  n_imp=24672  n_red=12336
11:45:27 | INFO |     step 153400  loss=3.4249  grp_sp=0.250  n_imp=24672  n_red=12336
11:46:52 | INFO |     step 153600  loss=3.4244  grp_sp=0.250  n_imp=24672  n_red=12336
11:48:19 | INFO |     step 153800  loss=3.4242  grp_sp=0.250  n_imp=24672  n_red=12336
11:49:46 | INFO |     step 154000  loss=3.4239  grp_sp=0.250  n_imp=24672  n_red=12336
11:51:13 | INFO |     step 154200  loss=3.4233  grp_sp=0.250  n_imp=24672  n_red=12336
11:52:41 | INFO |     step 154400  loss=3.4229  grp_sp=0.250  n_imp=24672  n_red=12336
11:54:10 | INFO |     step 154600  loss=3.4231  grp_sp=0.250  n_imp=24672  n_red=12336
11:55:36 | INFO |     step 154800  loss=3.4232  grp_sp=0.250  n_imp=24672  n_red=12336
11:58:50 | INFO | [EPOCH 7/10] loss=3.4231  grp_sp=0.250  EM=16.79  F1=29.65  elapsed=1119.4min
11:59:25 | INFO |     step 155000  loss=3.4346  grp_sp=0.250  n_imp=24672  n_red=12336
12:00:51 | INFO |     step 155200  loss=3.4338  grp_sp=0.250  n_imp=24672  n_red=12336
12:02:17 | INFO |     step 155400  loss=3.4279  grp_sp=0.250  n_imp=24672  n_red=12336
12:03:44 | INFO |     step 155600  loss=3.4163  grp_sp=0.250  n_imp=24672  n_red=12336
12:05:13 | INFO |     step 155800  loss=3.4211  grp_sp=0.250  n_imp=24672  n_red=12336
12:06:41 | INFO |     step 156000  loss=3.4451  grp_sp=0.250  n_imp=24672  n_red=12336
12:08:09 | INFO |     step 156200  loss=3.4609  grp_sp=0.250  n_imp=24672  n_red=12336
12:09:37 | INFO |     step 156400  loss=3.4632  grp_sp=0.250  n_imp=24672  n_red=12336
12:11:05 | INFO |     step 156600  loss=3.4779  grp_sp=0.250  n_imp=24672  n_red=12336
12:12:33 | INFO |     step 156800  loss=3.4796  grp_sp=0.250  n_imp=24672  n_red=12336
12:14:01 | INFO |     step 157000  loss=3.4930  grp_sp=0.250  n_imp=24672  n_red=12336
12:15:29 | INFO |     step 157200  loss=3.5007  grp_sp=0.250  n_imp=24672  n_red=12336
12:16:57 | INFO |     step 157400  loss=3.5009  grp_sp=0.250  n_imp=24672  n_red=12336
12:18:25 | INFO |     step 157600  loss=3.4937  grp_sp=0.250  n_imp=24672  n_red=12336
12:19:54 | INFO |     step 157800  loss=3.4933  grp_sp=0.250  n_imp=24672  n_red=12336
12:21:22 | INFO |     step 158000  loss=3.4933  grp_sp=0.250  n_imp=24672  n_red=12336
12:22:50 | INFO |     step 158200  loss=3.4951  grp_sp=0.250  n_imp=24672  n_red=12336
12:24:19 | INFO |     step 158400  loss=3.4968  grp_sp=0.250  n_imp=24672  n_red=12336
12:25:47 | INFO |     step 158600  loss=3.4885  grp_sp=0.250  n_imp=24672  n_red=12336
12:27:15 | INFO |     step 158800  loss=3.4858  grp_sp=0.250  n_imp=24672  n_red=12336
12:28:43 | INFO |     step 159000  loss=3.4834  grp_sp=0.250  n_imp=24672  n_red=12336
12:30:11 | INFO |     step 159200  loss=3.4882  grp_sp=0.250  n_imp=24672  n_red=12336
12:31:39 | INFO |     step 159400  loss=3.4914  grp_sp=0.250  n_imp=24672  n_red=12336
12:33:07 | INFO |     step 159600  loss=3.4936  grp_sp=0.250  n_imp=24672  n_red=12336
12:34:35 | INFO |     step 159800  loss=3.4922  grp_sp=0.250  n_imp=24672  n_red=12336
12:36:05 | INFO |     step 160000  loss=3.4906  grp_sp=0.333  n_imp=21588  n_red=15420
12:37:33 | INFO |     step 160200  loss=3.4864  grp_sp=0.333  n_imp=21588  n_red=15420
12:39:02 | INFO |     step 160400  loss=3.4894  grp_sp=0.333  n_imp=21588  n_red=15420
12:40:30 | INFO |     step 160600  loss=3.4873  grp_sp=0.333  n_imp=21588  n_red=15420
12:41:59 | INFO |     step 160800  loss=3.4856  grp_sp=0.333  n_imp=21588  n_red=15420
12:43:26 | INFO |     step 161000  loss=3.4833  grp_sp=0.333  n_imp=21588  n_red=15420
12:44:54 | INFO |     step 161200  loss=3.4825  grp_sp=0.333  n_imp=21588  n_red=15420
12:46:22 | INFO |     step 161400  loss=3.4842  grp_sp=0.333  n_imp=21588  n_red=15420
12:47:50 | INFO |     step 161600  loss=3.4860  grp_sp=0.333  n_imp=21588  n_red=15420
12:49:19 | INFO |     step 161800  loss=3.4877  grp_sp=0.333  n_imp=21588  n_red=15420
12:50:47 | INFO |     step 162000  loss=3.4888  grp_sp=0.333  n_imp=21588  n_red=15420
12:52:15 | INFO |     step 162200  loss=3.4884  grp_sp=0.333  n_imp=21588  n_red=15420
12:53:43 | INFO |     step 162400  loss=3.4882  grp_sp=0.333  n_imp=21588  n_red=15420
12:55:11 | INFO |     step 162600  loss=3.4940  grp_sp=0.333  n_imp=21588  n_red=15420
12:56:40 | INFO |     step 162800  loss=3.4953  grp_sp=0.333  n_imp=21588  n_red=15420
12:58:08 | INFO |     step 163000  loss=3.4986  grp_sp=0.333  n_imp=21588  n_red=15420
12:59:36 | INFO |     step 163200  loss=3.4975  grp_sp=0.333  n_imp=21588  n_red=15420
13:01:03 | INFO |     step 163400  loss=3.4966  grp_sp=0.333  n_imp=21588  n_red=15420
13:02:31 | INFO |     step 163600  loss=3.5001  grp_sp=0.333  n_imp=21588  n_red=15420
13:03:59 | INFO |     step 163800  loss=3.5004  grp_sp=0.333  n_imp=21588  n_red=15420
13:05:27 | INFO |     step 164000  loss=3.5004  grp_sp=0.333  n_imp=21588  n_red=15420
13:06:55 | INFO |     step 164200  loss=3.5033  grp_sp=0.333  n_imp=21588  n_red=15420
13:08:23 | INFO |     step 164400  loss=3.5058  grp_sp=0.333  n_imp=21588  n_red=15420
13:09:51 | INFO |     step 164600  loss=3.5063  grp_sp=0.333  n_imp=21588  n_red=15420
13:11:20 | INFO |     step 164800  loss=3.5077  grp_sp=0.333  n_imp=21588  n_red=15420
13:12:48 | INFO |     step 165000  loss=3.5122  grp_sp=0.333  n_imp=21588  n_red=15420
13:14:17 | INFO |     step 165200  loss=3.5145  grp_sp=0.333  n_imp=21588  n_red=15420
13:15:45 | INFO |     step 165400  loss=3.5194  grp_sp=0.333  n_imp=21588  n_red=15420
13:17:12 | INFO |     step 165600  loss=3.5238  grp_sp=0.333  n_imp=21588  n_red=15420
13:18:40 | INFO |     step 165800  loss=3.5273  grp_sp=0.333  n_imp=21588  n_red=15420
13:20:07 | INFO |     step 166000  loss=3.5267  grp_sp=0.333  n_imp=21588  n_red=15420
13:21:35 | INFO |     step 166200  loss=3.5267  grp_sp=0.333  n_imp=21588  n_red=15420
13:23:02 | INFO |     step 166400  loss=3.5258  grp_sp=0.333  n_imp=21588  n_red=15420
13:24:30 | INFO |     step 166600  loss=3.5272  grp_sp=0.333  n_imp=21588  n_red=15420
13:25:56 | INFO |     step 166800  loss=3.5277  grp_sp=0.333  n_imp=21588  n_red=15420
13:27:22 | INFO |     step 167000  loss=3.5279  grp_sp=0.333  n_imp=21588  n_red=15420
13:28:47 | INFO |     step 167200  loss=3.5280  grp_sp=0.333  n_imp=21588  n_red=15420
13:30:13 | INFO |     step 167400  loss=3.5312  grp_sp=0.333  n_imp=21588  n_red=15420
13:31:38 | INFO |     step 167600  loss=3.5337  grp_sp=0.333  n_imp=21588  n_red=15420
13:33:04 | INFO |     step 167800  loss=3.5342  grp_sp=0.333  n_imp=21588  n_red=15420
13:34:29 | INFO |     step 168000  loss=3.5372  grp_sp=0.333  n_imp=21588  n_red=15420
13:35:55 | INFO |     step 168200  loss=3.5383  grp_sp=0.333  n_imp=21588  n_red=15420
13:37:20 | INFO |     step 168400  loss=3.5377  grp_sp=0.333  n_imp=21588  n_red=15420
13:38:45 | INFO |     step 168600  loss=3.5397  grp_sp=0.333  n_imp=21588  n_red=15420
13:40:10 | INFO |     step 168800  loss=3.5380  grp_sp=0.333  n_imp=21588  n_red=15420
13:41:36 | INFO |     step 169000  loss=3.5381  grp_sp=0.333  n_imp=21588  n_red=15420
13:43:01 | INFO |     step 169200  loss=3.5369  grp_sp=0.333  n_imp=21588  n_red=15420
13:44:27 | INFO |     step 169400  loss=3.5375  grp_sp=0.333  n_imp=21588  n_red=15420
13:45:53 | INFO |     step 169600  loss=3.5400  grp_sp=0.333  n_imp=21588  n_red=15420
13:47:18 | INFO |     step 169800  loss=3.5402  grp_sp=0.333  n_imp=21588  n_red=15420
13:48:44 | INFO |     step 170000  loss=3.5417  grp_sp=0.333  n_imp=21588  n_red=15420
13:50:10 | INFO |     step 170200  loss=3.5431  grp_sp=0.333  n_imp=21588  n_red=15420
13:51:35 | INFO |     step 170400  loss=3.5436  grp_sp=0.333  n_imp=21588  n_red=15420
13:53:00 | INFO |     step 170600  loss=3.5445  grp_sp=0.333  n_imp=21588  n_red=15420
13:54:25 | INFO |     step 170800  loss=3.5454  grp_sp=0.333  n_imp=21588  n_red=15420
13:55:50 | INFO |     step 171000  loss=3.5462  grp_sp=0.333  n_imp=21588  n_red=15420
13:57:16 | INFO |     step 171200  loss=3.5660  grp_sp=0.333  n_imp=21588  n_red=15420
13:58:41 | INFO |     step 171400  loss=3.5930  grp_sp=0.333  n_imp=21588  n_red=15420
14:00:08 | INFO |     step 171600  loss=3.6180  grp_sp=0.333  n_imp=21588  n_red=15420
14:01:34 | INFO |     step 171800  loss=3.6388  grp_sp=0.333  n_imp=21588  n_red=15420
14:03:00 | INFO |     step 172000  loss=3.6574  grp_sp=0.333  n_imp=21588  n_red=15420
14:04:28 | INFO |     step 172200  loss=3.6739  grp_sp=0.333  n_imp=21588  n_red=15420
14:05:55 | INFO |     step 172400  loss=3.6893  grp_sp=0.333  n_imp=21588  n_red=15420
14:07:22 | INFO |     step 172600  loss=3.7037  grp_sp=0.333  n_imp=21588  n_red=15420
14:08:50 | INFO |     step 172800  loss=3.7176  grp_sp=0.333  n_imp=21588  n_red=15420
14:10:17 | INFO |     step 173000  loss=3.7304  grp_sp=0.333  n_imp=21588  n_red=15420
14:11:45 | INFO |     step 173200  loss=3.7430  grp_sp=0.333  n_imp=21588  n_red=15420
14:13:13 | INFO |     step 173400  loss=3.7558  grp_sp=0.333  n_imp=21588  n_red=15420
14:14:40 | INFO |     step 173600  loss=3.7672  grp_sp=0.333  n_imp=21588  n_red=15420
14:16:08 | INFO |     step 173800  loss=3.7802  grp_sp=0.333  n_imp=21588  n_red=15420
14:17:35 | INFO |     step 174000  loss=3.7941  grp_sp=0.333  n_imp=21588  n_red=15420
14:19:02 | INFO |     step 174200  loss=3.8147  grp_sp=0.333  n_imp=21588  n_red=15420
14:20:29 | INFO |     step 174400  loss=3.8364  grp_sp=0.333  n_imp=21588  n_red=15420
14:21:56 | INFO |     step 174600  loss=3.8576  grp_sp=0.333  n_imp=21588  n_red=15420
14:23:23 | INFO |     step 174800  loss=3.8769  grp_sp=0.333  n_imp=21588  n_red=15420
14:24:50 | INFO |     step 175000  loss=3.8949  grp_sp=0.333  n_imp=21588  n_red=15420
14:26:16 | INFO |     step 175200  loss=3.9102  grp_sp=0.333  n_imp=21588  n_red=15420
14:27:42 | INFO |     step 175400  loss=3.9255  grp_sp=0.333  n_imp=21588  n_red=15420
14:29:08 | INFO |     step 175600  loss=3.9403  grp_sp=0.333  n_imp=21588  n_red=15420
14:30:34 | INFO |     step 175800  loss=3.9557  grp_sp=0.333  n_imp=21588  n_red=15420
14:32:01 | INFO |     step 176000  loss=3.9704  grp_sp=0.333  n_imp=21588  n_red=15420
14:33:28 | INFO |     step 176200  loss=3.9839  grp_sp=0.333  n_imp=21588  n_red=15420
14:34:55 | INFO |     step 176400  loss=3.9982  grp_sp=0.333  n_imp=21588  n_red=15420
14:36:22 | INFO |     step 176600  loss=4.0111  grp_sp=0.333  n_imp=21588  n_red=15420
14:37:49 | INFO |     step 176800  loss=4.0276  grp_sp=0.333  n_imp=21588  n_red=15420
14:39:15 | INFO |     step 177000  loss=4.0411  grp_sp=0.333  n_imp=21588  n_red=15420
14:41:59 | INFO | [EPOCH 8/10] loss=4.0440  grp_sp=0.333  EM=1.44  F1=4.73  elapsed=1282.6min
14:43:04 | INFO |     step 177200  loss=5.3121  grp_sp=0.333  n_imp=21588  n_red=15420
14:44:29 | INFO |     step 177400  loss=5.1475  grp_sp=0.333  n_imp=21588  n_red=15420
14:45:55 | INFO |     step 177600  loss=5.4176  grp_sp=0.333  n_imp=21588  n_red=15420
14:47:22 | INFO |     step 177800  loss=5.5253  grp_sp=0.333  n_imp=21588  n_red=15420
14:48:49 | INFO |     step 178000  loss=5.5718  grp_sp=0.333  n_imp=21588  n_red=15420
14:50:16 | INFO |     step 178200  loss=5.5547  grp_sp=0.333  n_imp=21588  n_red=15420
14:51:43 | INFO |     step 178400  loss=5.5689  grp_sp=0.333  n_imp=21588  n_red=15420
14:53:10 | INFO |     step 178600  loss=5.5436  grp_sp=0.333  n_imp=21588  n_red=15420
14:54:37 | INFO |     step 178800  loss=5.5443  grp_sp=0.333  n_imp=21588  n_red=15420
14:56:04 | INFO |     step 179000  loss=5.5845  grp_sp=0.333  n_imp=21588  n_red=15420
14:57:31 | INFO |     step 179200  loss=5.6132  grp_sp=0.333  n_imp=21588  n_red=15420
14:58:57 | INFO |     step 179400  loss=5.6320  grp_sp=0.333  n_imp=21588  n_red=15420
15:00:23 | INFO |     step 179600  loss=5.6344  grp_sp=0.333  n_imp=21588  n_red=15420
15:01:49 | INFO |     step 179800  loss=5.6268  grp_sp=0.333  n_imp=21588  n_red=15420
15:03:16 | INFO |     step 180000  loss=5.6215  grp_sp=0.333  n_imp=21588  n_red=15420
15:04:42 | INFO |     step 180200  loss=5.6145  grp_sp=0.333  n_imp=21588  n_red=15420
15:06:08 | INFO |     step 180400  loss=5.6032  grp_sp=0.333  n_imp=21588  n_red=15420
15:07:34 | INFO |     step 180600  loss=5.5916  grp_sp=0.333  n_imp=21588  n_red=15420
15:09:00 | INFO |     step 180800  loss=5.5792  grp_sp=0.333  n_imp=21588  n_red=15420
15:10:27 | INFO |     step 181000  loss=5.5673  grp_sp=0.333  n_imp=21588  n_red=15420
15:11:53 | INFO |     step 181200  loss=5.5575  grp_sp=0.333  n_imp=21588  n_red=15420
15:13:19 | INFO |     step 181400  loss=5.5609  grp_sp=0.333  n_imp=21588  n_red=15420
15:14:45 | INFO |     step 181600  loss=5.5522  grp_sp=0.333  n_imp=21588  n_red=15420
15:16:11 | INFO |     step 181800  loss=5.5403  grp_sp=0.333  n_imp=21588  n_red=15420
15:17:37 | INFO |     step 182000  loss=5.5274  grp_sp=0.333  n_imp=21588  n_red=15420
15:19:05 | INFO |     step 182200  loss=5.5158  grp_sp=0.333  n_imp=21588  n_red=15420
15:20:31 | INFO |     step 182400  loss=5.5108  grp_sp=0.333  n_imp=21588  n_red=15420
15:21:57 | INFO |     step 182600  loss=5.5131  grp_sp=0.333  n_imp=21588  n_red=15420
15:23:23 | INFO |     step 182800  loss=5.5085  grp_sp=0.333  n_imp=21588  n_red=15420
15:24:50 | INFO |     step 183000  loss=5.5022  grp_sp=0.333  n_imp=21588  n_red=15420
15:26:17 | INFO |     step 183200  loss=5.4965  grp_sp=0.333  n_imp=21588  n_red=15420
15:27:43 | INFO |     step 183400  loss=5.4920  grp_sp=0.333  n_imp=21588  n_red=15420
15:29:10 | INFO |     step 183600  loss=5.4851  grp_sp=0.333  n_imp=21588  n_red=15420
15:30:37 | INFO |     step 183800  loss=5.4917  grp_sp=0.333  n_imp=21588  n_red=15420
15:32:04 | INFO |     step 184000  loss=5.4923  grp_sp=0.333  n_imp=21588  n_red=15420
15:33:30 | INFO |     step 184200  loss=5.4894  grp_sp=0.333  n_imp=21588  n_red=15420
15:34:57 | INFO |     step 184400  loss=5.4825  grp_sp=0.333  n_imp=21588  n_red=15420
15:36:25 | INFO |     step 184600  loss=5.4772  grp_sp=0.333  n_imp=21588  n_red=15420
15:37:54 | INFO |     step 184800  loss=5.4695  grp_sp=0.333  n_imp=21588  n_red=15420
15:39:21 | INFO |     step 185000  loss=5.4613  grp_sp=0.333  n_imp=21588  n_red=15420
15:40:49 | INFO |     step 185200  loss=5.4548  grp_sp=0.333  n_imp=21588  n_red=15420
15:42:17 | INFO |     step 185400  loss=5.4471  grp_sp=0.333  n_imp=21588  n_red=15420
15:43:43 | INFO |     step 185600  loss=5.4379  grp_sp=0.333  n_imp=21588  n_red=15420
15:45:10 | INFO |     step 185800  loss=5.4296  grp_sp=0.333  n_imp=21588  n_red=15420
15:46:38 | INFO |     step 186000  loss=5.4201  grp_sp=0.333  n_imp=21588  n_red=15420
15:48:04 | INFO |     step 186200  loss=5.4131  grp_sp=0.333  n_imp=21588  n_red=15420
15:49:31 | INFO |     step 186400  loss=5.4137  grp_sp=0.333  n_imp=21588  n_red=15420
15:50:57 | INFO |     step 186600  loss=5.4121  grp_sp=0.333  n_imp=21588  n_red=15420
15:52:23 | INFO |     step 186800  loss=5.4093  grp_sp=0.333  n_imp=21588  n_red=15420
15:53:49 | INFO |     step 187000  loss=5.4046  grp_sp=0.333  n_imp=21588  n_red=15420
15:55:16 | INFO |     step 187200  loss=5.4008  grp_sp=0.333  n_imp=21588  n_red=15420
15:56:43 | INFO |     step 187400  loss=5.3983  grp_sp=0.333  n_imp=21588  n_red=15420
15:58:11 | INFO |     step 187600  loss=5.3991  grp_sp=0.333  n_imp=21588  n_red=15420
15:59:38 | INFO |     step 187800  loss=5.3967  grp_sp=0.333  n_imp=21588  n_red=15420
16:01:05 | INFO |     step 188000  loss=5.3927  grp_sp=0.333  n_imp=21588  n_red=15420
16:02:31 | INFO |     step 188200  loss=5.3881  grp_sp=0.333  n_imp=21588  n_red=15420
16:03:58 | INFO |     step 188400  loss=5.3832  grp_sp=0.333  n_imp=21588  n_red=15420
16:05:24 | INFO |     step 188600  loss=5.3779  grp_sp=0.333  n_imp=21588  n_red=15420
16:06:49 | INFO |     step 188800  loss=5.3732  grp_sp=0.333  n_imp=21588  n_red=15420
16:08:14 | INFO |     step 189000  loss=5.3707  grp_sp=0.333  n_imp=21588  n_red=15420
16:09:40 | INFO |     step 189200  loss=5.3748  grp_sp=0.333  n_imp=21588  n_red=15420
16:11:06 | INFO |     step 189400  loss=5.3752  grp_sp=0.333  n_imp=21588  n_red=15420
16:12:32 | INFO |     step 189600  loss=5.3716  grp_sp=0.333  n_imp=21588  n_red=15420
16:13:59 | INFO |     step 189800  loss=5.3690  grp_sp=0.333  n_imp=21588  n_red=15420
16:15:25 | INFO |     step 190000  loss=5.3656  grp_sp=0.333  n_imp=21588  n_red=15420
16:16:50 | INFO |     step 190200  loss=5.3620  grp_sp=0.333  n_imp=21588  n_red=15420
16:18:15 | INFO |     step 190400  loss=5.3574  grp_sp=0.333  n_imp=21588  n_red=15420
16:19:42 | INFO |     step 190600  loss=5.3535  grp_sp=0.417  n_imp=18504  n_red=18504
16:21:08 | INFO |     step 190800  loss=5.3498  grp_sp=0.417  n_imp=18504  n_red=18504
16:22:34 | INFO |     step 191000  loss=5.3453  grp_sp=0.417  n_imp=18504  n_red=18504
16:24:01 | INFO |     step 191200  loss=5.3421  grp_sp=0.417  n_imp=18504  n_red=18504
16:25:29 | INFO |     step 191400  loss=5.3390  grp_sp=0.417  n_imp=18504  n_red=18504
16:26:55 | INFO |     step 191600  loss=5.3361  grp_sp=0.417  n_imp=18504  n_red=18504
16:28:22 | INFO |     step 191800  loss=5.3326  grp_sp=0.417  n_imp=18504  n_red=18504
16:29:49 | INFO |     step 192000  loss=5.3289  grp_sp=0.417  n_imp=18504  n_red=18504
16:31:17 | INFO |     step 192200  loss=5.3249  grp_sp=0.417  n_imp=18504  n_red=18504
16:32:45 | INFO |     step 192400  loss=5.3216  grp_sp=0.417  n_imp=18504  n_red=18504
16:34:13 | INFO |     step 192600  loss=5.3195  grp_sp=0.417  n_imp=18504  n_red=18504
16:35:40 | INFO |     step 192800  loss=5.3167  grp_sp=0.417  n_imp=18504  n_red=18504
16:37:08 | INFO |     step 193000  loss=5.3132  grp_sp=0.417  n_imp=18504  n_red=18504
16:38:36 | INFO |     step 193200  loss=5.3091  grp_sp=0.417  n_imp=18504  n_red=18504
16:40:04 | INFO |     step 193400  loss=5.3048  grp_sp=0.417  n_imp=18504  n_red=18504
16:41:32 | INFO |     step 193600  loss=5.3000  grp_sp=0.417  n_imp=18504  n_red=18504
16:42:59 | INFO |     step 193800  loss=5.2957  grp_sp=0.417  n_imp=18504  n_red=18504
16:44:27 | INFO |     step 194000  loss=5.2900  grp_sp=0.417  n_imp=18504  n_red=18504
16:45:54 | INFO |     step 194200  loss=5.2873  grp_sp=0.417  n_imp=18504  n_red=18504
16:47:22 | INFO |     step 194400  loss=5.2853  grp_sp=0.417  n_imp=18504  n_red=18504
16:48:50 | INFO |     step 194600  loss=5.2815  grp_sp=0.417  n_imp=18504  n_red=18504
16:50:18 | INFO |     step 194800  loss=5.2781  grp_sp=0.417  n_imp=18504  n_red=18504
16:51:47 | INFO |     step 195000  loss=5.2740  grp_sp=0.417  n_imp=18504  n_red=18504
16:53:16 | INFO |     step 195200  loss=5.2705  grp_sp=0.417  n_imp=18504  n_red=18504
16:54:44 | INFO |     step 195400  loss=5.2666  grp_sp=0.417  n_imp=18504  n_red=18504
16:56:12 | INFO |     step 195600  loss=5.2626  grp_sp=0.417  n_imp=18504  n_red=18504
16:57:40 | INFO |     step 195800  loss=5.2597  grp_sp=0.417  n_imp=18504  n_red=18504
16:59:08 | INFO |     step 196000  loss=5.2554  grp_sp=0.417  n_imp=18504  n_red=18504
17:00:35 | INFO |     step 196200  loss=5.2513  grp_sp=0.417  n_imp=18504  n_red=18504
17:02:04 | INFO |     step 196400  loss=5.2471  grp_sp=0.417  n_imp=18504  n_red=18504
17:03:33 | INFO |     step 196600  loss=5.2432  grp_sp=0.417  n_imp=18504  n_red=18504
17:05:02 | INFO |     step 196800  loss=5.2392  grp_sp=0.417  n_imp=18504  n_red=18504
17:06:31 | INFO |     step 197000  loss=5.2352  grp_sp=0.417  n_imp=18504  n_red=18504
17:08:01 | INFO |     step 197200  loss=5.2309  grp_sp=0.417  n_imp=18504  n_red=18504
17:09:30 | INFO |     step 197400  loss=5.2268  grp_sp=0.417  n_imp=18504  n_red=18504
17:11:00 | INFO |     step 197600  loss=5.2226  grp_sp=0.417  n_imp=18504  n_red=18504
17:12:29 | INFO |     step 197800  loss=5.2183  grp_sp=0.417  n_imp=18504  n_red=18504
17:13:57 | INFO |     step 198000  loss=5.2146  grp_sp=0.417  n_imp=18504  n_red=18504
17:15:26 | INFO |     step 198200  loss=5.2120  grp_sp=0.417  n_imp=18504  n_red=18504
17:16:55 | INFO |     step 198400  loss=5.2086  grp_sp=0.417  n_imp=18504  n_red=18504
17:18:23 | INFO |     step 198600  loss=5.2084  grp_sp=0.417  n_imp=18504  n_red=18504
17:19:51 | INFO |     step 198800  loss=5.2112  grp_sp=0.417  n_imp=18504  n_red=18504
17:21:20 | INFO |     step 199000  loss=5.2122  grp_sp=0.417  n_imp=18504  n_red=18504
17:25:04 | INFO | [EPOCH 9/10] loss=5.2123  grp_sp=0.417  EM=0.59  F1=2.28  elapsed=1445.6min
17:25:13 | INFO |     step 199200  loss=5.1654  grp_sp=0.417  n_imp=18504  n_red=18504
17:26:41 | INFO |     step 199400  loss=5.1617  grp_sp=0.417  n_imp=18504  n_red=18504
17:28:10 | INFO |     step 199600  loss=5.1667  grp_sp=0.417  n_imp=18504  n_red=18504
17:29:38 | INFO |     step 199800  loss=5.1491  grp_sp=0.417  n_imp=18504  n_red=18504
17:31:05 | INFO |     step 200000  loss=5.1378  grp_sp=0.417  n_imp=18504  n_red=18504
17:32:35 | INFO |     step 200200  loss=5.1328  grp_sp=0.417  n_imp=18504  n_red=18504
17:34:03 | INFO |     step 200400  loss=5.1145  grp_sp=0.417  n_imp=18504  n_red=18504
17:35:32 | INFO |     step 200600  loss=5.1023  grp_sp=0.417  n_imp=18504  n_red=18504
17:37:01 | INFO |     step 200800  loss=5.0941  grp_sp=0.417  n_imp=18504  n_red=18504
17:38:29 | INFO |     step 201000  loss=5.0837  grp_sp=0.417  n_imp=18504  n_red=18504
17:39:58 | INFO |     step 201200  loss=5.0736  grp_sp=0.417  n_imp=18504  n_red=18504
17:41:25 | INFO |     step 201400  loss=5.0649  grp_sp=0.417  n_imp=18504  n_red=18504
17:42:52 | INFO |     step 201600  loss=5.0585  grp_sp=0.417  n_imp=18504  n_red=18504
17:44:20 | INFO |     step 201800  loss=5.0502  grp_sp=0.417  n_imp=18504  n_red=18504
17:45:48 | INFO |     step 202000  loss=5.0796  grp_sp=0.417  n_imp=18504  n_red=18504
17:47:17 | INFO |     step 202200  loss=5.1204  grp_sp=0.417  n_imp=18504  n_red=18504
17:48:46 | INFO |     step 202400  loss=5.1430  grp_sp=0.417  n_imp=18504  n_red=18504
17:50:14 | INFO |     step 202600  loss=5.1471  grp_sp=0.417  n_imp=18504  n_red=18504
17:51:43 | INFO |     step 202800  loss=5.1460  grp_sp=0.417  n_imp=18504  n_red=18504
17:53:12 | INFO |     step 203000  loss=5.1427  grp_sp=0.417  n_imp=18504  n_red=18504
17:54:41 | INFO |     step 203200  loss=5.1387  grp_sp=0.417  n_imp=18504  n_red=18504
17:56:11 | INFO |     step 203400  loss=5.1330  grp_sp=0.417  n_imp=18504  n_red=18504
17:57:39 | INFO |     step 203600  loss=5.1279  grp_sp=0.417  n_imp=18504  n_red=18504
17:59:07 | INFO |     step 203800  loss=5.1362  grp_sp=0.417  n_imp=18504  n_red=18504
18:00:35 | INFO |     step 204000  loss=5.1607  grp_sp=0.417  n_imp=18504  n_red=18504
18:02:02 | INFO |     step 204200  loss=5.1774  grp_sp=0.417  n_imp=18504  n_red=18504
18:03:30 | INFO |     step 204400  loss=5.1887  grp_sp=0.417  n_imp=18504  n_red=18504
18:04:58 | INFO |     step 204600  loss=5.1920  grp_sp=0.417  n_imp=18504  n_red=18504
18:06:25 | INFO |     step 204800  loss=5.1899  grp_sp=0.417  n_imp=18504  n_red=18504
18:07:54 | INFO |     step 205000  loss=5.1862  grp_sp=0.417  n_imp=18504  n_red=18504
18:09:22 | INFO |     step 205200  loss=5.1815  grp_sp=0.417  n_imp=18504  n_red=18504
18:10:50 | INFO |     step 205400  loss=5.1769  grp_sp=0.417  n_imp=18504  n_red=18504
18:12:18 | INFO |     step 205600  loss=5.1706  grp_sp=0.417  n_imp=18504  n_red=18504
18:13:46 | INFO |     step 205800  loss=5.1695  grp_sp=0.417  n_imp=18504  n_red=18504
18:15:12 | INFO |     step 206000  loss=5.1864  grp_sp=0.417  n_imp=18504  n_red=18504
18:16:38 | INFO |     step 206200  loss=5.1995  grp_sp=0.417  n_imp=18504  n_red=18504
18:18:05 | INFO |     step 206400  loss=5.2052  grp_sp=0.417  n_imp=18504  n_red=18504
18:19:32 | INFO |     step 206600  loss=5.2153  grp_sp=0.417  n_imp=18504  n_red=18504
18:20:59 | INFO |     step 206800  loss=5.2197  grp_sp=0.417  n_imp=18504  n_red=18504
18:22:26 | INFO |     step 207000  loss=5.2205  grp_sp=0.417  n_imp=18504  n_red=18504
18:23:52 | INFO |     step 207200  loss=5.2250  grp_sp=0.417  n_imp=18504  n_red=18504
18:25:18 | INFO |     step 207400  loss=5.2398  grp_sp=0.417  n_imp=18504  n_red=18504
18:26:46 | INFO |     step 207600  loss=5.2560  grp_sp=0.417  n_imp=18504  n_red=18504
18:28:12 | INFO |     step 207800  loss=5.2716  grp_sp=0.417  n_imp=18504  n_red=18504
18:29:39 | INFO |     step 208000  loss=5.2853  grp_sp=0.417  n_imp=18504  n_red=18504
18:31:04 | INFO |     step 208200  loss=5.2993  grp_sp=0.417  n_imp=18504  n_red=18504
18:32:30 | INFO |     step 208400  loss=5.3131  grp_sp=0.417  n_imp=18504  n_red=18504
18:33:56 | INFO |     step 208600  loss=5.3254  grp_sp=0.417  n_imp=18504  n_red=18504
18:35:21 | INFO |     step 208800  loss=5.3350  grp_sp=0.417  n_imp=18504  n_red=18504
18:36:48 | INFO |     step 209000  loss=5.3389  grp_sp=0.417  n_imp=18504  n_red=18504
18:38:15 | INFO |     step 209200  loss=5.3375  grp_sp=0.417  n_imp=18504  n_red=18504
18:39:43 | INFO |     step 209400  loss=5.3343  grp_sp=0.417  n_imp=18504  n_red=18504
18:41:12 | INFO |     step 209600  loss=5.3388  grp_sp=0.417  n_imp=18504  n_red=18504
18:42:40 | INFO |     step 209800  loss=5.3487  grp_sp=0.417  n_imp=18504  n_red=18504
18:44:07 | INFO |     step 210000  loss=5.3560  grp_sp=0.417  n_imp=18504  n_red=18504
18:45:35 | INFO |     step 210200  loss=5.3622  grp_sp=0.417  n_imp=18504  n_red=18504
18:47:04 | INFO |     step 210400  loss=5.3662  grp_sp=0.417  n_imp=18504  n_red=18504
18:48:32 | INFO |     step 210600  loss=5.3669  grp_sp=0.417  n_imp=18504  n_red=18504
18:50:00 | INFO |     step 210800  loss=5.3676  grp_sp=0.417  n_imp=18504  n_red=18504
18:51:29 | INFO |     step 211000  loss=5.3724  grp_sp=0.417  n_imp=18504  n_red=18504
18:52:57 | INFO |     step 211200  loss=5.3725  grp_sp=0.417  n_imp=18504  n_red=18504
18:54:24 | INFO |     step 211400  loss=5.3706  grp_sp=0.417  n_imp=18504  n_red=18504
18:55:50 | INFO |     step 211600  loss=5.3687  grp_sp=0.417  n_imp=18504  n_red=18504
18:57:16 | INFO |     step 211800  loss=5.3661  grp_sp=0.417  n_imp=18504  n_red=18504
18:58:42 | INFO |     step 212000  loss=5.3622  grp_sp=0.417  n_imp=18504  n_red=18504
19:00:08 | INFO |     step 212200  loss=5.3658  grp_sp=0.417  n_imp=18504  n_red=18504
19:01:33 | INFO |     step 212400  loss=5.3649  grp_sp=0.417  n_imp=18504  n_red=18504
19:02:59 | INFO |     step 212600  loss=5.3613  grp_sp=0.417  n_imp=18504  n_red=18504
19:04:25 | INFO |     step 212800  loss=5.3568  grp_sp=0.417  n_imp=18504  n_red=18504
19:05:51 | INFO |     step 213000  loss=5.3529  grp_sp=0.417  n_imp=18504  n_red=18504
19:07:16 | INFO |     step 213200  loss=5.3489  grp_sp=0.417  n_imp=18504  n_red=18504
19:08:41 | INFO |     step 213400  loss=5.3448  grp_sp=0.417  n_imp=18504  n_red=18504
19:10:05 | INFO |     step 213600  loss=5.3406  grp_sp=0.417  n_imp=18504  n_red=18504
19:11:30 | INFO |     step 213800  loss=5.3364  grp_sp=0.417  n_imp=18504  n_red=18504
19:12:55 | INFO |     step 214000  loss=5.3322  grp_sp=0.417  n_imp=18504  n_red=18504
19:14:21 | INFO |     step 214200  loss=5.3285  grp_sp=0.417  n_imp=18504  n_red=18504
19:15:46 | INFO |     step 214400  loss=5.3248  grp_sp=0.417  n_imp=18504  n_red=18504
19:17:11 | INFO |     step 214600  loss=5.3213  grp_sp=0.417  n_imp=18504  n_red=18504
19:18:37 | INFO |     step 214800  loss=5.3175  grp_sp=0.417  n_imp=18504  n_red=18504
19:20:02 | INFO |     step 215000  loss=5.3183  grp_sp=0.417  n_imp=18504  n_red=18504
19:21:26 | INFO |     step 215200  loss=5.3263  grp_sp=0.417  n_imp=18504  n_red=18504
19:22:51 | INFO |     step 215400  loss=5.3341  grp_sp=0.417  n_imp=18504  n_red=18504
19:24:16 | INFO |     step 215600  loss=5.3416  grp_sp=0.417  n_imp=18504  n_red=18504
19:25:41 | INFO |     step 215800  loss=5.3489  grp_sp=0.417  n_imp=18504  n_red=18504
19:27:06 | INFO |     step 216000  loss=5.3562  grp_sp=0.417  n_imp=18504  n_red=18504
19:28:31 | INFO |     step 216200  loss=5.3632  grp_sp=0.417  n_imp=18504  n_red=18504
19:29:57 | INFO |     step 216400  loss=5.3700  grp_sp=0.417  n_imp=18504  n_red=18504
19:31:23 | INFO |     step 216600  loss=5.3767  grp_sp=0.417  n_imp=18504  n_red=18504
19:32:48 | INFO |     step 216800  loss=5.3833  grp_sp=0.417  n_imp=18504  n_red=18504
19:34:13 | INFO |     step 217000  loss=5.3897  grp_sp=0.417  n_imp=18504  n_red=18504
19:35:40 | INFO |     step 217200  loss=5.3959  grp_sp=0.417  n_imp=18504  n_red=18504
19:37:06 | INFO |     step 217400  loss=5.4021  grp_sp=0.417  n_imp=18504  n_red=18504
19:38:32 | INFO |     step 217600  loss=5.4080  grp_sp=0.417  n_imp=18504  n_red=18504
19:39:57 | INFO |     step 217800  loss=5.4139  grp_sp=0.417  n_imp=18504  n_red=18504
19:41:22 | INFO |     step 218000  loss=5.4196  grp_sp=0.417  n_imp=18504  n_red=18504
19:42:46 | INFO |     step 218200  loss=5.4252  grp_sp=0.417  n_imp=18504  n_red=18504
19:44:11 | INFO |     step 218400  loss=5.4307  grp_sp=0.417  n_imp=18504  n_red=18504
19:45:36 | INFO |     step 218600  loss=5.4361  grp_sp=0.417  n_imp=18504  n_red=18504
19:47:00 | INFO |     step 218800  loss=5.4414  grp_sp=0.417  n_imp=18504  n_red=18504
19:48:25 | INFO |     step 219000  loss=5.4465  grp_sp=0.417  n_imp=18504  n_red=18504
19:49:50 | INFO |     step 219200  loss=5.4516  grp_sp=0.417  n_imp=18504  n_red=18504
19:51:15 | INFO |     step 219400  loss=5.4565  grp_sp=0.417  n_imp=18504  n_red=18504
19:52:40 | INFO |     step 219600  loss=5.4614  grp_sp=0.417  n_imp=18504  n_red=18504
19:54:05 | INFO |     step 219800  loss=5.4661  grp_sp=0.417  n_imp=18504  n_red=18504
19:55:29 | INFO |     step 220000  loss=5.4708  grp_sp=0.417  n_imp=18504  n_red=18504
19:56:54 | INFO |     step 220200  loss=5.4754  grp_sp=0.417  n_imp=18504  n_red=18504
19:58:20 | INFO |     step 220400  loss=5.4799  grp_sp=0.417  n_imp=18504  n_red=18504
19:59:45 | INFO |     step 220600  loss=5.4843  grp_sp=0.417  n_imp=18504  n_red=18504
20:01:10 | INFO |     step 220800  loss=5.4886  grp_sp=0.417  n_imp=18504  n_red=18504
20:02:34 | INFO |     step 221000  loss=5.4928  grp_sp=0.417  n_imp=18504  n_red=18504
20:03:59 | INFO |     step 221200  loss=5.4970  grp_sp=0.417  n_imp=18504  n_red=18504
20:07:07 | INFO | [EPOCH 10/10] loss=5.4992  grp_sp=0.500  EM=0.32  F1=4.06  elapsed=1607.7min
20:07:07 | INFO | [TRAIN] done. best F1=48.96 at epoch 1
20:07:07 | INFO | [FINAL] target sparsity=0.5  actual=0.5000
20:07:07 | INFO | [SUBNET] constructing compressed model
20:07:08 | INFO | [SUBNET] full  : ./results/sp50/BertForQuestionAnswering_full_group_sparse.pt
20:07:08 | INFO | [SUBNET] comp  : ./results/sp50/BertForQuestionAnswering_compressed.pt
20:09:10 | INFO | [METRICS] BOPs=709985.5M  params=80.45M
20:09:10 | INFO | [EVAL compressed] EM=0.43  F1=4.22
20:09:10 | INFO | [SAVE] results -> ./results/sp50/
20:09:10 | INFO | 
============================================================
20:09:10 | INFO |   SUMMARY
20:09:10 | INFO | ============================================================
20:09:10 | INFO |     Target    Actual        EM        F1     BOPs(M)   Params(M)
20:09:10 | INFO |        50%    0.5000      0.43      4.22    709985.5       80.45
20:09:10 | INFO | 
[OK] Phase 5 complete. Results in ./results/
