17:48:07 | INFO | [log] ./results/phase5_20260424_174807.log
17:48:07 | INFO | [env] torch=2.5.1+cu121  device=cuda
17:48:07 | INFO | [cfg] sparsity=[0.3]  epochs=10  bs=4  lr=3e-05  lr_quant=0.0001  br=2  P=6  Kp=6  seed=42
17:48:15 | INFO | [DATA] raw train=87599  raw val=10570
17:48:15 | INFO | [DATA] train features=88524  val features=10784
17:48:15 | INFO | 
============================================================
17:48:15 | INFO |   EXPERIMENT: sparsity=0.3  tag=sp30
17:48:15 | INFO | ============================================================
17:48:15 | INFO | [M1] loading BERT QA
17:48:16 | INFO | [M2] quantize wrap + STE fix
17:48:17 | INFO | [CALIB] running 8 batches of bs=4
17:48:18 | INFO | [calib] 8 batches over 73 layers  (skipped=0)  num_bits=16  safety=1.05
17:48:18 | INFO | [calib] observed max|x|: min=2.665  median=14.866  max=137.556
17:48:18 | INFO | [M3] building OTO graph
17:49:14 | INFO | [SCHED] steps/epoch=22131  total=221310  start_prune=36885  prune_steps=184425  prune_periods=6  proj_periods=6  proj_steps=36885
17:49:14 | INFO | [M4] building GETA optimizer
17:49:14 | INFO | [M4] GETA optimizer built, 26 param groups
17:49:14 | INFO | [TRAIN] starting
17:51:40 | INFO |     step 200  loss=4.1785  grp_sp=0.000  n_imp=37008  n_red=0
17:54:16 | INFO |     step 400  loss=3.4077  grp_sp=0.000  n_imp=37008  n_red=0
17:56:53 | INFO |     step 600  loss=2.9894  grp_sp=0.000  n_imp=37008  n_red=0
17:59:29 | INFO |     step 800  loss=2.7209  grp_sp=0.000  n_imp=37008  n_red=0
18:07:30 | INFO |     step 1000  loss=2.5361  grp_sp=0.000  n_imp=37008  n_red=0
18:18:57 | INFO |     step 1200  loss=2.4141  grp_sp=0.000  n_imp=37008  n_red=0
18:30:20 | INFO |     step 1400  loss=2.3059  grp_sp=0.000  n_imp=37008  n_red=0
18:41:25 | INFO |     step 1600  loss=2.2097  grp_sp=0.000  n_imp=37008  n_red=0
18:52:26 | INFO |     step 1800  loss=2.1363  grp_sp=0.000  n_imp=37008  n_red=0
19:02:55 | INFO |     step 2000  loss=2.0853  grp_sp=0.000  n_imp=37008  n_red=0
19:12:55 | INFO |     step 2200  loss=2.0389  grp_sp=0.000  n_imp=37008  n_red=0
19:22:47 | INFO |     step 2400  loss=1.9992  grp_sp=0.000  n_imp=37008  n_red=0
19:33:05 | INFO |     step 2600  loss=1.9631  grp_sp=0.000  n_imp=37008  n_red=0
19:43:04 | INFO |     step 2800  loss=1.9228  grp_sp=0.000  n_imp=37008  n_red=0
19:52:40 | INFO |     step 3000  loss=1.8921  grp_sp=0.000  n_imp=37008  n_red=0
19:58:09 | INFO |     step 3200  loss=1.8643  grp_sp=0.000  n_imp=37008  n_red=0
20:00:44 | INFO |     step 3400  loss=1.8363  grp_sp=0.000  n_imp=37008  n_red=0
20:03:25 | INFO |     step 3600  loss=1.8101  grp_sp=0.000  n_imp=37008  n_red=0
20:06:04 | INFO |     step 3800  loss=1.7894  grp_sp=0.000  n_imp=37008  n_red=0
20:08:50 | INFO |     step 4000  loss=1.7693  grp_sp=0.000  n_imp=37008  n_red=0
20:11:33 | INFO |     step 4200  loss=1.7473  grp_sp=0.000  n_imp=37008  n_red=0
20:14:08 | INFO |     step 4400  loss=1.7280  grp_sp=0.000  n_imp=37008  n_red=0
20:16:44 | INFO |     step 4600  loss=1.7123  grp_sp=0.000  n_imp=37008  n_red=0
20:19:20 | INFO |     step 4800  loss=1.6972  grp_sp=0.000  n_imp=37008  n_red=0
20:21:56 | INFO |     step 5000  loss=1.6795  grp_sp=0.000  n_imp=37008  n_red=0
20:24:32 | INFO |     step 5200  loss=1.6631  grp_sp=0.000  n_imp=37008  n_red=0
20:27:08 | INFO |     step 5400  loss=1.6491  grp_sp=0.000  n_imp=37008  n_red=0
20:29:45 | INFO |     step 5600  loss=1.6389  grp_sp=0.000  n_imp=37008  n_red=0
20:32:20 | INFO |     step 5800  loss=1.6224  grp_sp=0.000  n_imp=37008  n_red=0
20:34:55 | INFO |     step 6000  loss=1.6142  grp_sp=0.000  n_imp=37008  n_red=0
20:37:30 | INFO |     step 6200  loss=1.5989  grp_sp=0.000  n_imp=37008  n_red=0
20:40:06 | INFO |     step 6400  loss=1.5908  grp_sp=0.000  n_imp=37008  n_red=0
20:42:41 | INFO |     step 6600  loss=1.5826  grp_sp=0.000  n_imp=37008  n_red=0
20:45:18 | INFO |     step 6800  loss=1.5727  grp_sp=0.000  n_imp=37008  n_red=0
20:47:57 | INFO |     step 7000  loss=1.5638  grp_sp=0.000  n_imp=37008  n_red=0
20:50:30 | INFO |     step 7200  loss=1.5550  grp_sp=0.000  n_imp=37008  n_red=0
20:53:02 | INFO |     step 7400  loss=1.5465  grp_sp=0.000  n_imp=37008  n_red=0
20:55:36 | INFO |     step 7600  loss=1.5372  grp_sp=0.000  n_imp=37008  n_red=0
20:58:12 | INFO |     step 7800  loss=1.5309  grp_sp=0.000  n_imp=37008  n_red=0
21:00:48 | INFO |     step 8000  loss=1.5241  grp_sp=0.000  n_imp=37008  n_red=0
21:03:24 | INFO |     step 8200  loss=1.5175  grp_sp=0.000  n_imp=37008  n_red=0
21:06:00 | INFO |     step 8400  loss=1.5105  grp_sp=0.000  n_imp=37008  n_red=0
21:08:36 | INFO |     step 8600  loss=1.5030  grp_sp=0.000  n_imp=37008  n_red=0
21:11:15 | INFO |     step 8800  loss=1.4954  grp_sp=0.000  n_imp=37008  n_red=0
21:13:53 | INFO |     step 9000  loss=1.4892  grp_sp=0.000  n_imp=37008  n_red=0
21:16:30 | INFO |     step 9200  loss=1.4835  grp_sp=0.000  n_imp=37008  n_red=0
21:19:07 | INFO |     step 9400  loss=1.4784  grp_sp=0.000  n_imp=37008  n_red=0
21:21:45 | INFO |     step 9600  loss=1.4731  grp_sp=0.000  n_imp=37008  n_red=0
21:24:24 | INFO |     step 9800  loss=1.4677  grp_sp=0.000  n_imp=37008  n_red=0
21:27:11 | INFO |     step 10000  loss=1.4617  grp_sp=0.000  n_imp=37008  n_red=0
21:29:59 | INFO |     step 10200  loss=1.4560  grp_sp=0.000  n_imp=37008  n_red=0
21:32:34 | INFO |     step 10400  loss=1.4501  grp_sp=0.000  n_imp=37008  n_red=0
21:35:11 | INFO |     step 10600  loss=1.4453  grp_sp=0.000  n_imp=37008  n_red=0
21:37:49 | INFO |     step 10800  loss=1.4395  grp_sp=0.000  n_imp=37008  n_red=0
21:40:26 | INFO |     step 11000  loss=1.4356  grp_sp=0.000  n_imp=37008  n_red=0
21:43:04 | INFO |     step 11200  loss=1.4310  grp_sp=0.000  n_imp=37008  n_red=0
21:45:43 | INFO |     step 11400  loss=1.4262  grp_sp=0.000  n_imp=37008  n_red=0
21:48:20 | INFO |     step 11600  loss=1.4213  grp_sp=0.000  n_imp=37008  n_red=0
21:50:57 | INFO |     step 11800  loss=1.4167  grp_sp=0.000  n_imp=37008  n_red=0
21:53:35 | INFO |     step 12000  loss=1.4128  grp_sp=0.000  n_imp=37008  n_red=0
21:56:13 | INFO |     step 12200  loss=1.4096  grp_sp=0.000  n_imp=37008  n_red=0
21:58:52 | INFO |     step 12400  loss=1.4056  grp_sp=0.000  n_imp=37008  n_red=0
22:01:31 | INFO |     step 12600  loss=1.4019  grp_sp=0.000  n_imp=37008  n_red=0
22:04:10 | INFO |     step 12800  loss=1.3962  grp_sp=0.000  n_imp=37008  n_red=0
22:06:55 | INFO |     step 13000  loss=1.3920  grp_sp=0.000  n_imp=37008  n_red=0
22:09:32 | INFO |     step 13200  loss=1.3891  grp_sp=0.000  n_imp=37008  n_red=0
22:12:08 | INFO |     step 13400  loss=1.3859  grp_sp=0.000  n_imp=37008  n_red=0
22:14:46 | INFO |     step 13600  loss=1.3822  grp_sp=0.000  n_imp=37008  n_red=0
22:17:25 | INFO |     step 13800  loss=1.3785  grp_sp=0.000  n_imp=37008  n_red=0
22:20:01 | INFO |     step 14000  loss=1.3750  grp_sp=0.000  n_imp=37008  n_red=0
22:22:37 | INFO |     step 14200  loss=1.3713  grp_sp=0.000  n_imp=37008  n_red=0
22:25:15 | INFO |     step 14400  loss=1.3684  grp_sp=0.000  n_imp=37008  n_red=0
22:27:52 | INFO |     step 14600  loss=1.3651  grp_sp=0.000  n_imp=37008  n_red=0
22:30:30 | INFO |     step 14800  loss=1.3620  grp_sp=0.000  n_imp=37008  n_red=0
22:33:08 | INFO |     step 15000  loss=1.3582  grp_sp=0.000  n_imp=37008  n_red=0
22:35:46 | INFO |     step 15200  loss=1.3549  grp_sp=0.000  n_imp=37008  n_red=0
22:38:24 | INFO |     step 15400  loss=1.3530  grp_sp=0.000  n_imp=37008  n_red=0
22:41:01 | INFO |     step 15600  loss=1.3505  grp_sp=0.000  n_imp=37008  n_red=0
22:43:37 | INFO |     step 15800  loss=1.3479  grp_sp=0.000  n_imp=37008  n_red=0
22:46:14 | INFO |     step 16000  loss=1.3453  grp_sp=0.000  n_imp=37008  n_red=0
22:48:50 | INFO |     step 16200  loss=1.3431  grp_sp=0.000  n_imp=37008  n_red=0
22:51:26 | INFO |     step 16400  loss=1.3409  grp_sp=0.000  n_imp=37008  n_red=0
22:54:02 | INFO |     step 16600  loss=1.3381  grp_sp=0.000  n_imp=37008  n_red=0
22:56:39 | INFO |     step 16800  loss=1.3353  grp_sp=0.000  n_imp=37008  n_red=0
22:59:17 | INFO |     step 17000  loss=1.3332  grp_sp=0.000  n_imp=37008  n_red=0
23:01:54 | INFO |     step 17200  loss=1.3302  grp_sp=0.000  n_imp=37008  n_red=0
23:04:30 | INFO |     step 17400  loss=1.3275  grp_sp=0.000  n_imp=37008  n_red=0
23:07:07 | INFO |     step 17600  loss=1.3256  grp_sp=0.000  n_imp=37008  n_red=0
23:09:51 | INFO |     step 17800  loss=1.3231  grp_sp=0.000  n_imp=37008  n_red=0
23:12:36 | INFO |     step 18000  loss=1.3202  grp_sp=0.000  n_imp=37008  n_red=0
23:15:21 | INFO |     step 18200  loss=1.3179  grp_sp=0.000  n_imp=37008  n_red=0
23:17:58 | INFO |     step 18400  loss=1.3149  grp_sp=0.000  n_imp=37008  n_red=0
23:20:37 | INFO |     step 18600  loss=1.3117  grp_sp=0.000  n_imp=37008  n_red=0
23:23:13 | INFO |     step 18800  loss=1.3092  grp_sp=0.000  n_imp=37008  n_red=0
23:25:55 | INFO |     step 19000  loss=1.3075  grp_sp=0.000  n_imp=37008  n_red=0
23:28:32 | INFO |     step 19200  loss=1.3065  grp_sp=0.000  n_imp=37008  n_red=0
23:31:07 | INFO |     step 19400  loss=1.3046  grp_sp=0.000  n_imp=37008  n_red=0
23:33:44 | INFO |     step 19600  loss=1.3029  grp_sp=0.000  n_imp=37008  n_red=0
23:36:21 | INFO |     step 19800  loss=1.3010  grp_sp=0.000  n_imp=37008  n_red=0
23:38:57 | INFO |     step 20000  loss=1.2996  grp_sp=0.000  n_imp=37008  n_red=0
23:41:33 | INFO |     step 20200  loss=1.2984  grp_sp=0.000  n_imp=37008  n_red=0
23:44:09 | INFO |     step 20400  loss=1.2964  grp_sp=0.000  n_imp=37008  n_red=0
23:46:45 | INFO |     step 20600  loss=1.2941  grp_sp=0.000  n_imp=37008  n_red=0
23:49:22 | INFO |     step 20800  loss=1.2922  grp_sp=0.000  n_imp=37008  n_red=0
23:51:58 | INFO |     step 21000  loss=1.2909  grp_sp=0.000  n_imp=37008  n_red=0
23:54:34 | INFO |     step 21200  loss=1.2894  grp_sp=0.000  n_imp=37008  n_red=0
23:57:15 | INFO |     step 21400  loss=1.2875  grp_sp=0.000  n_imp=37008  n_red=0
23:59:53 | INFO |     step 21600  loss=1.2861  grp_sp=0.000  n_imp=37008  n_red=0
00:02:31 | INFO |     step 21800  loss=1.2844  grp_sp=0.000  n_imp=37008  n_red=0
00:05:07 | INFO |     step 22000  loss=1.2832  grp_sp=0.000  n_imp=37008  n_red=0
00:10:53 | INFO | [EPOCH 1/10] loss=1.2825  grp_sp=0.000  EM=77.80  F1=85.51  elapsed=377.6min
00:11:37 | INFO |     step 22200  loss=0.7229  grp_sp=0.000  n_imp=37008  n_red=0
00:14:14 | INFO |     step 22400  loss=0.7243  grp_sp=0.000  n_imp=37008  n_red=0
00:16:52 | INFO |     step 22600  loss=0.7262  grp_sp=0.000  n_imp=37008  n_red=0
00:19:33 | INFO |     step 22800  loss=0.7422  grp_sp=0.000  n_imp=37008  n_red=0
00:22:14 | INFO |     step 23000  loss=0.7582  grp_sp=0.000  n_imp=37008  n_red=0
00:24:56 | INFO |     step 23200  loss=0.7668  grp_sp=0.000  n_imp=37008  n_red=0
00:27:39 | INFO |     step 23400  loss=0.7712  grp_sp=0.000  n_imp=37008  n_red=0
00:30:22 | INFO |     step 23600  loss=0.7748  grp_sp=0.000  n_imp=37008  n_red=0
00:33:05 | INFO |     step 23800  loss=0.7675  grp_sp=0.000  n_imp=37008  n_red=0
00:35:48 | INFO |     step 24000  loss=0.7643  grp_sp=0.000  n_imp=37008  n_red=0
00:38:30 | INFO |     step 24200  loss=0.7666  grp_sp=0.000  n_imp=37008  n_red=0
00:41:12 | INFO |     step 24400  loss=0.7679  grp_sp=0.000  n_imp=37008  n_red=0
00:43:55 | INFO |     step 24600  loss=0.7690  grp_sp=0.000  n_imp=37008  n_red=0
00:46:34 | INFO |     step 24800  loss=0.7732  grp_sp=0.000  n_imp=37008  n_red=0
00:49:12 | INFO |     step 25000  loss=0.7786  grp_sp=0.000  n_imp=37008  n_red=0
00:51:49 | INFO |     step 25200  loss=0.7804  grp_sp=0.000  n_imp=37008  n_red=0
00:54:25 | INFO |     step 25400  loss=0.7820  grp_sp=0.000  n_imp=37008  n_red=0
00:57:02 | INFO |     step 25600  loss=0.7850  grp_sp=0.000  n_imp=37008  n_red=0
00:59:40 | INFO |     step 25800  loss=0.7845  grp_sp=0.000  n_imp=37008  n_red=0
01:02:15 | INFO |     step 26000  loss=0.7879  grp_sp=0.000  n_imp=37008  n_red=0
01:04:51 | INFO |     step 26200  loss=0.7889  grp_sp=0.000  n_imp=37008  n_red=0
01:07:27 | INFO |     step 26400  loss=0.7890  grp_sp=0.000  n_imp=37008  n_red=0
01:10:02 | INFO |     step 26600  loss=0.7892  grp_sp=0.000  n_imp=37008  n_red=0
01:12:38 | INFO |     step 26800  loss=0.7908  grp_sp=0.000  n_imp=37008  n_red=0
01:15:14 | INFO |     step 27000  loss=0.7934  grp_sp=0.000  n_imp=37008  n_red=0
01:17:50 | INFO |     step 27200  loss=0.7922  grp_sp=0.000  n_imp=37008  n_red=0
01:20:25 | INFO |     step 27400  loss=0.7911  grp_sp=0.000  n_imp=37008  n_red=0
01:23:00 | INFO |     step 27600  loss=0.7896  grp_sp=0.000  n_imp=37008  n_red=0
01:25:35 | INFO |     step 27800  loss=0.7908  grp_sp=0.000  n_imp=37008  n_red=0
01:28:10 | INFO |     step 28000  loss=0.7936  grp_sp=0.000  n_imp=37008  n_red=0
01:30:46 | INFO |     step 28200  loss=0.7937  grp_sp=0.000  n_imp=37008  n_red=0
01:33:22 | INFO |     step 28400  loss=0.7929  grp_sp=0.000  n_imp=37008  n_red=0
01:35:57 | INFO |     step 28600  loss=0.7953  grp_sp=0.000  n_imp=37008  n_red=0
01:38:32 | INFO |     step 28800  loss=0.7976  grp_sp=0.000  n_imp=37008  n_red=0
01:41:07 | INFO |     step 29000  loss=0.7980  grp_sp=0.000  n_imp=37008  n_red=0
01:43:43 | INFO |     step 29200  loss=0.7997  grp_sp=0.000  n_imp=37008  n_red=0
01:46:19 | INFO |     step 29400  loss=0.7988  grp_sp=0.000  n_imp=37008  n_red=0
01:48:55 | INFO |     step 29600  loss=0.8006  grp_sp=0.000  n_imp=37008  n_red=0
01:51:30 | INFO |     step 29800  loss=0.8004  grp_sp=0.000  n_imp=37008  n_red=0
01:54:05 | INFO |     step 30000  loss=0.8004  grp_sp=0.000  n_imp=37008  n_red=0
01:56:40 | INFO |     step 30200  loss=0.8021  grp_sp=0.000  n_imp=37008  n_red=0
01:59:16 | INFO |     step 30400  loss=0.8033  grp_sp=0.000  n_imp=37008  n_red=0
02:01:51 | INFO |     step 30600  loss=0.8052  grp_sp=0.000  n_imp=37008  n_red=0
02:04:26 | INFO |     step 30800  loss=0.8195  grp_sp=0.000  n_imp=37008  n_red=0
02:07:01 | INFO |     step 31000  loss=0.8364  grp_sp=0.000  n_imp=37008  n_red=0
02:09:37 | INFO |     step 31200  loss=0.8446  grp_sp=0.000  n_imp=37008  n_red=0
02:12:12 | INFO |     step 31400  loss=0.8506  grp_sp=0.000  n_imp=37008  n_red=0
02:14:47 | INFO |     step 31600  loss=0.8550  grp_sp=0.000  n_imp=37008  n_red=0
02:17:22 | INFO |     step 31800  loss=0.8611  grp_sp=0.000  n_imp=37008  n_red=0
02:19:57 | INFO |     step 32000  loss=0.8648  grp_sp=0.000  n_imp=37008  n_red=0
02:22:32 | INFO |     step 32200  loss=0.8688  grp_sp=0.000  n_imp=37008  n_red=0
02:25:08 | INFO |     step 32400  loss=0.8720  grp_sp=0.000  n_imp=37008  n_red=0
02:27:42 | INFO |     step 32600  loss=0.8750  grp_sp=0.000  n_imp=37008  n_red=0
02:30:18 | INFO |     step 32800  loss=0.8766  grp_sp=0.000  n_imp=37008  n_red=0
02:32:53 | INFO |     step 33000  loss=0.8804  grp_sp=0.000  n_imp=37008  n_red=0
02:35:29 | INFO |     step 33200  loss=0.8825  grp_sp=0.000  n_imp=37008  n_red=0
02:38:04 | INFO |     step 33400  loss=0.8847  grp_sp=0.000  n_imp=37008  n_red=0
02:40:40 | INFO |     step 33600  loss=0.8869  grp_sp=0.000  n_imp=37008  n_red=0
02:43:16 | INFO |     step 33800  loss=0.8893  grp_sp=0.000  n_imp=37008  n_red=0
02:45:52 | INFO |     step 34000  loss=0.8906  grp_sp=0.000  n_imp=37008  n_red=0
02:48:28 | INFO |     step 34200  loss=0.8913  grp_sp=0.000  n_imp=37008  n_red=0
02:51:04 | INFO |     step 34400  loss=0.8936  grp_sp=0.000  n_imp=37008  n_red=0
02:53:40 | INFO |     step 34600  loss=0.8955  grp_sp=0.000  n_imp=37008  n_red=0
02:56:16 | INFO |     step 34800  loss=0.8974  grp_sp=0.000  n_imp=37008  n_red=0
02:58:53 | INFO |     step 35000  loss=0.8992  grp_sp=0.000  n_imp=37008  n_red=0
03:01:30 | INFO |     step 35200  loss=0.9014  grp_sp=0.000  n_imp=37008  n_red=0
03:04:06 | INFO |     step 35400  loss=0.9026  grp_sp=0.000  n_imp=37008  n_red=0
03:06:42 | INFO |     step 35600  loss=0.9037  grp_sp=0.000  n_imp=37008  n_red=0
03:09:17 | INFO |     step 35800  loss=0.9041  grp_sp=0.000  n_imp=37008  n_red=0
03:11:52 | INFO |     step 36000  loss=0.9065  grp_sp=0.000  n_imp=37008  n_red=0
03:14:27 | INFO |     step 36200  loss=0.9080  grp_sp=0.000  n_imp=37008  n_red=0
03:17:03 | INFO |     step 36400  loss=0.9089  grp_sp=0.000  n_imp=37008  n_red=0
03:19:39 | INFO |     step 36600  loss=0.9099  grp_sp=0.000  n_imp=37008  n_red=0
03:22:15 | INFO |     step 36800  loss=0.9110  grp_sp=0.000  n_imp=37008  n_red=0
03:24:58 | INFO |     step 37000  loss=0.9427  grp_sp=0.000  n_imp=35158  n_red=1850
03:27:46 | INFO |     step 37200  loss=0.9704  grp_sp=0.000  n_imp=35158  n_red=1850
03:30:32 | INFO |     step 37400  loss=0.9909  grp_sp=0.000  n_imp=35158  n_red=1850
03:33:21 | INFO |     step 37600  loss=1.0085  grp_sp=0.000  n_imp=35158  n_red=1850
03:36:07 | INFO |     step 37800  loss=1.0236  grp_sp=0.000  n_imp=35158  n_red=1850
03:38:54 | INFO |     step 38000  loss=1.0364  grp_sp=0.000  n_imp=35158  n_red=1850
03:41:42 | INFO |     step 38200  loss=1.0487  grp_sp=0.000  n_imp=35158  n_red=1850
03:44:29 | INFO |     step 38400  loss=1.0611  grp_sp=0.000  n_imp=35158  n_red=1850
03:47:15 | INFO |     step 38600  loss=1.0717  grp_sp=0.000  n_imp=35158  n_red=1850
03:50:02 | INFO |     step 38800  loss=1.0831  grp_sp=0.000  n_imp=35158  n_red=1850
03:52:49 | INFO |     step 39000  loss=1.0930  grp_sp=0.000  n_imp=35158  n_red=1850
03:55:36 | INFO |     step 39200  loss=1.1029  grp_sp=0.000  n_imp=35158  n_red=1850
03:58:25 | INFO |     step 39400  loss=1.1115  grp_sp=0.000  n_imp=35158  n_red=1850
04:01:13 | INFO |     step 39600  loss=1.1203  grp_sp=0.000  n_imp=35158  n_red=1850
04:04:01 | INFO |     step 39800  loss=1.1280  grp_sp=0.000  n_imp=35158  n_red=1850
04:06:49 | INFO |     step 40000  loss=1.1363  grp_sp=0.000  n_imp=35158  n_red=1850
04:09:36 | INFO |     step 40200  loss=1.1449  grp_sp=0.000  n_imp=35158  n_red=1850
04:12:22 | INFO |     step 40400  loss=1.1515  grp_sp=0.000  n_imp=35158  n_red=1850
04:15:09 | INFO |     step 40600  loss=1.1594  grp_sp=0.000  n_imp=35158  n_red=1850
04:17:57 | INFO |     step 40800  loss=1.1663  grp_sp=0.000  n_imp=35158  n_red=1850
04:20:45 | INFO |     step 41000  loss=1.1738  grp_sp=0.000  n_imp=35158  n_red=1850
04:23:33 | INFO |     step 41200  loss=1.1800  grp_sp=0.000  n_imp=35158  n_red=1850
04:26:19 | INFO |     step 41400  loss=1.1865  grp_sp=0.000  n_imp=35158  n_red=1850
04:29:07 | INFO |     step 41600  loss=1.1924  grp_sp=0.000  n_imp=35158  n_red=1850
04:31:55 | INFO |     step 41800  loss=1.1994  grp_sp=0.000  n_imp=35158  n_red=1850
04:34:42 | INFO |     step 42000  loss=1.2073  grp_sp=0.000  n_imp=35158  n_red=1850
04:37:29 | INFO |     step 42200  loss=1.2142  grp_sp=0.000  n_imp=35158  n_red=1850
04:40:17 | INFO |     step 42400  loss=1.2206  grp_sp=0.000  n_imp=35158  n_red=1850
04:43:06 | INFO |     step 42600  loss=1.2262  grp_sp=0.000  n_imp=35158  n_red=1850
04:45:54 | INFO |     step 42800  loss=1.2319  grp_sp=0.000  n_imp=35158  n_red=1850
04:48:43 | INFO |     step 43000  loss=1.2375  grp_sp=0.000  n_imp=35158  n_red=1850
04:51:31 | INFO |     step 43200  loss=1.2435  grp_sp=0.000  n_imp=35158  n_red=1850
04:54:20 | INFO |     step 43400  loss=1.2494  grp_sp=0.000  n_imp=35158  n_red=1850
04:57:08 | INFO |     step 43600  loss=1.2544  grp_sp=0.000  n_imp=35158  n_red=1850
04:59:57 | INFO |     step 43800  loss=1.2599  grp_sp=0.000  n_imp=35158  n_red=1850
05:02:45 | INFO |     step 44000  loss=1.2655  grp_sp=0.000  n_imp=35158  n_red=1850
05:05:32 | INFO |     step 44200  loss=1.2699  grp_sp=0.000  n_imp=35158  n_red=1850
05:09:47 | INFO | [EPOCH 2/10] loss=1.2717  grp_sp=0.000  EM=57.73  F1=69.85  elapsed=677.2min
05:12:16 | INFO |     step 44400  loss=1.6263  grp_sp=0.000  n_imp=35158  n_red=1850
05:14:49 | INFO |     step 44600  loss=1.6271  grp_sp=0.000  n_imp=35158  n_red=1850
05:17:36 | INFO |     step 44800  loss=1.6536  grp_sp=0.000  n_imp=35158  n_red=1850
05:20:24 | INFO |     step 45000  loss=1.6350  grp_sp=0.000  n_imp=35158  n_red=1850
05:23:10 | INFO |     step 45200  loss=1.6341  grp_sp=0.000  n_imp=35158  n_red=1850
05:25:57 | INFO |     step 45400  loss=1.6449  grp_sp=0.000  n_imp=35158  n_red=1850
05:28:42 | INFO |     step 45600  loss=1.6560  grp_sp=0.000  n_imp=35158  n_red=1850
05:31:29 | INFO |     step 45800  loss=1.6625  grp_sp=0.000  n_imp=35158  n_red=1850
05:34:16 | INFO |     step 46000  loss=1.6621  grp_sp=0.000  n_imp=35158  n_red=1850
05:37:03 | INFO |     step 46200  loss=1.6544  grp_sp=0.000  n_imp=35158  n_red=1850
05:39:50 | INFO |     step 46400  loss=1.6620  grp_sp=0.000  n_imp=35158  n_red=1850
05:42:37 | INFO |     step 46600  loss=1.6553  grp_sp=0.000  n_imp=35158  n_red=1850
05:45:25 | INFO |     step 46800  loss=1.6522  grp_sp=0.000  n_imp=35158  n_red=1850
05:48:12 | INFO |     step 47000  loss=1.6552  grp_sp=0.000  n_imp=35158  n_red=1850
05:51:00 | INFO |     step 47200  loss=1.6547  grp_sp=0.000  n_imp=35158  n_red=1850
05:53:47 | INFO |     step 47400  loss=1.6502  grp_sp=0.000  n_imp=35158  n_red=1850
05:56:35 | INFO |     step 47600  loss=1.6471  grp_sp=0.000  n_imp=35158  n_red=1850
05:59:21 | INFO |     step 47800  loss=1.6470  grp_sp=0.000  n_imp=35158  n_red=1850
06:02:08 | INFO |     step 48000  loss=1.6436  grp_sp=0.000  n_imp=35158  n_red=1850
06:04:56 | INFO |     step 48200  loss=1.6372  grp_sp=0.000  n_imp=35158  n_red=1850
06:07:43 | INFO |     step 48400  loss=1.6372  grp_sp=0.000  n_imp=35158  n_red=1850
06:10:31 | INFO |     step 48600  loss=1.6356  grp_sp=0.000  n_imp=35158  n_red=1850
06:13:17 | INFO |     step 48800  loss=1.6320  grp_sp=0.000  n_imp=35158  n_red=1850
06:16:04 | INFO |     step 49000  loss=1.6258  grp_sp=0.000  n_imp=35158  n_red=1850
06:18:51 | INFO |     step 49200  loss=1.6254  grp_sp=0.000  n_imp=35158  n_red=1850
06:21:39 | INFO |     step 49400  loss=1.6238  grp_sp=0.000  n_imp=35158  n_red=1850
06:24:26 | INFO |     step 49600  loss=1.6228  grp_sp=0.000  n_imp=35158  n_red=1850
06:27:14 | INFO |     step 49800  loss=1.6201  grp_sp=0.000  n_imp=35158  n_red=1850
06:30:01 | INFO |     step 50000  loss=1.6182  grp_sp=0.000  n_imp=35158  n_red=1850
06:32:49 | INFO |     step 50200  loss=1.6151  grp_sp=0.000  n_imp=35158  n_red=1850
06:35:36 | INFO |     step 50400  loss=1.6149  grp_sp=0.000  n_imp=35158  n_red=1850
06:38:23 | INFO |     step 50600  loss=1.6142  grp_sp=0.000  n_imp=35158  n_red=1850
06:41:10 | INFO |     step 50800  loss=1.6107  grp_sp=0.000  n_imp=35158  n_red=1850
06:43:57 | INFO |     step 51000  loss=1.6097  grp_sp=0.000  n_imp=35158  n_red=1850
06:46:44 | INFO |     step 51200  loss=1.6086  grp_sp=0.000  n_imp=35158  n_red=1850
06:49:31 | INFO |     step 51400  loss=1.6081  grp_sp=0.000  n_imp=35158  n_red=1850
06:52:17 | INFO |     step 51600  loss=1.6066  grp_sp=0.000  n_imp=35158  n_red=1850
06:55:04 | INFO |     step 51800  loss=1.6059  grp_sp=0.000  n_imp=35158  n_red=1850
06:57:52 | INFO |     step 52000  loss=1.6047  grp_sp=0.000  n_imp=35158  n_red=1850
07:00:37 | INFO |     step 52200  loss=1.6023  grp_sp=0.000  n_imp=35158  n_red=1850
07:03:23 | INFO |     step 52400  loss=1.5997  grp_sp=0.000  n_imp=35158  n_red=1850
07:06:06 | INFO |     step 52600  loss=1.6014  grp_sp=0.000  n_imp=35158  n_red=1850
07:08:48 | INFO |     step 52800  loss=1.5993  grp_sp=0.000  n_imp=35158  n_red=1850
07:11:31 | INFO |     step 53000  loss=1.5977  grp_sp=0.000  n_imp=35158  n_red=1850
07:14:14 | INFO |     step 53200  loss=1.5971  grp_sp=0.000  n_imp=35158  n_red=1850
07:16:57 | INFO |     step 53400  loss=1.5955  grp_sp=0.000  n_imp=35158  n_red=1850
07:19:39 | INFO |     step 53600  loss=1.5973  grp_sp=0.000  n_imp=35158  n_red=1850
07:22:22 | INFO |     step 53800  loss=1.5964  grp_sp=0.000  n_imp=35158  n_red=1850
07:25:05 | INFO |     step 54000  loss=1.5953  grp_sp=0.000  n_imp=35158  n_red=1850
07:27:48 | INFO |     step 54200  loss=1.5963  grp_sp=0.000  n_imp=35158  n_red=1850
07:30:31 | INFO |     step 54400  loss=1.5956  grp_sp=0.000  n_imp=35158  n_red=1850
07:33:15 | INFO |     step 54600  loss=1.5969  grp_sp=0.000  n_imp=35158  n_red=1850
07:35:58 | INFO |     step 54800  loss=1.5960  grp_sp=0.000  n_imp=35158  n_red=1850
07:38:41 | INFO |     step 55000  loss=1.5942  grp_sp=0.000  n_imp=35158  n_red=1850
07:41:27 | INFO |     step 55200  loss=1.5910  grp_sp=0.000  n_imp=35158  n_red=1850
07:44:14 | INFO |     step 55400  loss=1.5895  grp_sp=0.000  n_imp=35158  n_red=1850
07:47:01 | INFO |     step 55600  loss=1.5895  grp_sp=0.000  n_imp=35158  n_red=1850
07:49:48 | INFO |     step 55800  loss=1.5872  grp_sp=0.000  n_imp=35158  n_red=1850
07:52:34 | INFO |     step 56000  loss=1.5875  grp_sp=0.000  n_imp=35158  n_red=1850
07:55:21 | INFO |     step 56200  loss=1.5856  grp_sp=0.000  n_imp=35158  n_red=1850
07:58:07 | INFO |     step 56400  loss=1.5860  grp_sp=0.000  n_imp=35158  n_red=1850
08:00:52 | INFO |     step 56600  loss=1.5865  grp_sp=0.000  n_imp=35158  n_red=1850
08:03:38 | INFO |     step 56800  loss=1.5850  grp_sp=0.000  n_imp=35158  n_red=1850
08:06:24 | INFO |     step 57000  loss=1.5839  grp_sp=0.000  n_imp=35158  n_red=1850
08:09:10 | INFO |     step 57200  loss=1.5837  grp_sp=0.000  n_imp=35158  n_red=1850
08:11:56 | INFO |     step 57400  loss=1.5829  grp_sp=0.000  n_imp=35158  n_red=1850
08:14:42 | INFO |     step 57600  loss=1.5820  grp_sp=0.000  n_imp=35158  n_red=1850
08:17:29 | INFO |     step 57800  loss=1.5812  grp_sp=0.000  n_imp=35158  n_red=1850
08:20:14 | INFO |     step 58000  loss=1.5799  grp_sp=0.000  n_imp=35158  n_red=1850
08:23:01 | INFO |     step 58200  loss=1.5794  grp_sp=0.000  n_imp=35158  n_red=1850
08:25:47 | INFO |     step 58400  loss=1.5787  grp_sp=0.000  n_imp=35158  n_red=1850
08:28:33 | INFO |     step 58600  loss=1.5800  grp_sp=0.000  n_imp=35158  n_red=1850
08:31:20 | INFO |     step 58800  loss=1.5801  grp_sp=0.000  n_imp=35158  n_red=1850
08:34:06 | INFO |     step 59000  loss=1.5786  grp_sp=0.000  n_imp=35158  n_red=1850
08:36:52 | INFO |     step 59200  loss=1.5772  grp_sp=0.000  n_imp=35158  n_red=1850
08:39:39 | INFO |     step 59400  loss=1.5766  grp_sp=0.000  n_imp=35158  n_red=1850
08:42:25 | INFO |     step 59600  loss=1.5763  grp_sp=0.000  n_imp=35158  n_red=1850
08:45:11 | INFO |     step 59800  loss=1.5743  grp_sp=0.000  n_imp=35158  n_red=1850
08:47:56 | INFO |     step 60000  loss=1.5738  grp_sp=0.000  n_imp=35158  n_red=1850
08:50:41 | INFO |     step 60200  loss=1.5728  grp_sp=0.000  n_imp=35158  n_red=1850
08:53:26 | INFO |     step 60400  loss=1.5718  grp_sp=0.000  n_imp=35158  n_red=1850
08:56:12 | INFO |     step 60600  loss=1.5718  grp_sp=0.000  n_imp=35158  n_red=1850
08:58:59 | INFO |     step 60800  loss=1.5710  grp_sp=0.000  n_imp=35158  n_red=1850
09:01:46 | INFO |     step 61000  loss=1.5702  grp_sp=0.000  n_imp=35158  n_red=1850
09:04:33 | INFO |     step 61200  loss=1.5693  grp_sp=0.000  n_imp=35158  n_red=1850
09:07:18 | INFO |     step 61400  loss=1.5693  grp_sp=0.000  n_imp=35158  n_red=1850
09:10:05 | INFO |     step 61600  loss=1.5690  grp_sp=0.000  n_imp=35158  n_red=1850
09:12:53 | INFO |     step 61800  loss=1.5690  grp_sp=0.000  n_imp=35158  n_red=1850
09:15:40 | INFO |     step 62000  loss=1.5690  grp_sp=0.000  n_imp=35158  n_red=1850
09:18:27 | INFO |     step 62200  loss=1.5674  grp_sp=0.000  n_imp=35158  n_red=1850
09:21:14 | INFO |     step 62400  loss=1.5657  grp_sp=0.000  n_imp=35158  n_red=1850
09:24:01 | INFO |     step 62600  loss=1.5647  grp_sp=0.000  n_imp=35158  n_red=1850
09:26:48 | INFO |     step 62800  loss=1.5645  grp_sp=0.000  n_imp=35158  n_red=1850
09:29:34 | INFO |     step 63000  loss=1.5637  grp_sp=0.000  n_imp=35158  n_red=1850
09:32:21 | INFO |     step 63200  loss=1.5630  grp_sp=0.000  n_imp=35158  n_red=1850
09:35:08 | INFO |     step 63400  loss=1.5627  grp_sp=0.000  n_imp=35158  n_red=1850
09:37:54 | INFO |     step 63600  loss=1.5618  grp_sp=0.000  n_imp=35158  n_red=1850
09:40:40 | INFO |     step 63800  loss=1.5605  grp_sp=0.000  n_imp=35158  n_red=1850
09:43:27 | INFO |     step 64000  loss=1.5595  grp_sp=0.000  n_imp=35158  n_red=1850
09:46:14 | INFO |     step 64200  loss=1.5583  grp_sp=0.000  n_imp=35158  n_red=1850
09:49:01 | INFO |     step 64400  loss=1.5577  grp_sp=0.000  n_imp=35158  n_red=1850
09:51:48 | INFO |     step 64600  loss=1.5569  grp_sp=0.000  n_imp=35158  n_red=1850
09:54:34 | INFO |     step 64800  loss=1.5558  grp_sp=0.000  n_imp=35158  n_red=1850
09:57:21 | INFO |     step 65000  loss=1.5552  grp_sp=0.000  n_imp=35158  n_red=1850
10:00:08 | INFO |     step 65200  loss=1.5538  grp_sp=0.000  n_imp=35158  n_red=1850
10:02:55 | INFO |     step 65400  loss=1.5526  grp_sp=0.000  n_imp=35158  n_red=1850
10:05:41 | INFO |     step 65600  loss=1.5518  grp_sp=0.000  n_imp=35158  n_red=1850
10:08:27 | INFO |     step 65800  loss=1.5510  grp_sp=0.000  n_imp=35158  n_red=1850
10:11:13 | INFO |     step 66000  loss=1.5504  grp_sp=0.000  n_imp=35158  n_red=1850
10:14:00 | INFO |     step 66200  loss=1.5495  grp_sp=0.000  n_imp=35158  n_red=1850
10:19:58 | INFO | [EPOCH 3/10] loss=1.5481  grp_sp=0.000  EM=65.60  F1=76.25  elapsed=987.4min
10:20:04 | INFO |     step 66400  loss=1.6951  grp_sp=0.000  n_imp=35158  n_red=1850
10:22:51 | INFO |     step 66600  loss=1.2133  grp_sp=0.000  n_imp=35158  n_red=1850
10:26:08 | INFO |     step 66800  loss=1.2711  grp_sp=0.000  n_imp=35158  n_red=1850
10:28:54 | INFO |     step 67000  loss=1.2334  grp_sp=0.000  n_imp=35158  n_red=1850
10:31:40 | INFO |     step 67200  loss=1.2429  grp_sp=0.000  n_imp=35158  n_red=1850
10:34:27 | INFO |     step 67400  loss=1.2616  grp_sp=0.000  n_imp=35158  n_red=1850
10:37:13 | INFO |     step 67600  loss=1.2811  grp_sp=0.000  n_imp=35158  n_red=1850
10:40:00 | INFO |     step 67800  loss=1.4199  grp_sp=0.050  n_imp=33308  n_red=3700
10:42:48 | INFO |     step 68000  loss=1.4647  grp_sp=0.050  n_imp=33308  n_red=3700
10:45:35 | INFO |     step 68200  loss=1.4764  grp_sp=0.050  n_imp=33308  n_red=3700
10:48:23 | INFO |     step 68400  loss=1.4783  grp_sp=0.050  n_imp=33308  n_red=3700
10:51:12 | INFO |     step 68600  loss=1.4868  grp_sp=0.050  n_imp=33308  n_red=3700
10:54:00 | INFO |     step 68800  loss=1.4857  grp_sp=0.050  n_imp=33308  n_red=3700
10:56:49 | INFO |     step 69000  loss=1.4807  grp_sp=0.050  n_imp=33308  n_red=3700
10:59:39 | INFO |     step 69200  loss=1.4656  grp_sp=0.050  n_imp=33308  n_red=3700
11:02:28 | INFO |     step 69400  loss=1.4618  grp_sp=0.050  n_imp=33308  n_red=3700
11:05:16 | INFO |     step 69600  loss=1.4563  grp_sp=0.050  n_imp=33308  n_red=3700
11:08:05 | INFO |     step 69800  loss=1.4516  grp_sp=0.050  n_imp=33308  n_red=3700
11:10:56 | INFO |     step 70000  loss=1.4436  grp_sp=0.050  n_imp=33308  n_red=3700
11:13:45 | INFO |     step 70200  loss=1.4408  grp_sp=0.050  n_imp=33308  n_red=3700
11:16:35 | INFO |     step 70400  loss=1.4403  grp_sp=0.050  n_imp=33308  n_red=3700
11:19:25 | INFO |     step 70600  loss=1.4322  grp_sp=0.050  n_imp=33308  n_red=3700
11:22:15 | INFO |     step 70800  loss=1.4277  grp_sp=0.050  n_imp=33308  n_red=3700
11:25:05 | INFO |     step 71000  loss=1.4240  grp_sp=0.050  n_imp=33308  n_red=3700
11:27:55 | INFO |     step 71200  loss=1.4216  grp_sp=0.050  n_imp=33308  n_red=3700
11:30:44 | INFO |     step 71400  loss=1.4171  grp_sp=0.050  n_imp=33308  n_red=3700
11:33:34 | INFO |     step 71600  loss=1.4127  grp_sp=0.050  n_imp=33308  n_red=3700
11:36:24 | INFO |     step 71800  loss=1.4067  grp_sp=0.050  n_imp=33308  n_red=3700
11:39:14 | INFO |     step 72000  loss=1.4049  grp_sp=0.050  n_imp=33308  n_red=3700
11:42:04 | INFO |     step 72200  loss=1.4007  grp_sp=0.050  n_imp=33308  n_red=3700
11:44:55 | INFO |     step 72400  loss=1.3982  grp_sp=0.050  n_imp=33308  n_red=3700
11:47:47 | INFO |     step 72600  loss=1.3974  grp_sp=0.050  n_imp=33308  n_red=3700
11:50:37 | INFO |     step 72800  loss=1.3952  grp_sp=0.050  n_imp=33308  n_red=3700
11:53:26 | INFO |     step 73000  loss=1.3927  grp_sp=0.050  n_imp=33308  n_red=3700
11:56:17 | INFO |     step 73200  loss=1.3922  grp_sp=0.050  n_imp=33308  n_red=3700
11:59:07 | INFO |     step 73400  loss=1.3895  grp_sp=0.050  n_imp=33308  n_red=3700
12:01:56 | INFO |     step 73600  loss=1.3858  grp_sp=0.050  n_imp=33308  n_red=3700
12:04:44 | INFO |     step 73800  loss=1.3818  grp_sp=0.050  n_imp=33308  n_red=3700
12:07:31 | INFO |     step 74000  loss=1.3812  grp_sp=0.050  n_imp=33308  n_red=3700
12:10:19 | INFO |     step 74200  loss=1.3776  grp_sp=0.050  n_imp=33308  n_red=3700
12:13:07 | INFO |     step 74400  loss=1.3723  grp_sp=0.050  n_imp=33308  n_red=3700
12:15:57 | INFO |     step 74600  loss=1.3680  grp_sp=0.050  n_imp=33308  n_red=3700
12:18:45 | INFO |     step 74800  loss=1.3680  grp_sp=0.050  n_imp=33308  n_red=3700
12:21:34 | INFO |     step 75000  loss=1.3679  grp_sp=0.050  n_imp=33308  n_red=3700
12:24:24 | INFO |     step 75200  loss=1.3700  grp_sp=0.050  n_imp=33308  n_red=3700
12:27:13 | INFO |     step 75400  loss=1.3663  grp_sp=0.050  n_imp=33308  n_red=3700
12:30:03 | INFO |     step 75600  loss=1.3658  grp_sp=0.050  n_imp=33308  n_red=3700
12:32:52 | INFO |     step 75800  loss=1.3646  grp_sp=0.050  n_imp=33308  n_red=3700
12:35:42 | INFO |     step 76000  loss=1.3640  grp_sp=0.050  n_imp=33308  n_red=3700
12:38:31 | INFO |     step 76200  loss=1.3629  grp_sp=0.050  n_imp=33308  n_red=3700
12:41:20 | INFO |     step 76400  loss=1.3623  grp_sp=0.050  n_imp=33308  n_red=3700
12:44:10 | INFO |     step 76600  loss=1.3604  grp_sp=0.050  n_imp=33308  n_red=3700
12:47:00 | INFO |     step 76800  loss=1.3589  grp_sp=0.050  n_imp=33308  n_red=3700
12:49:50 | INFO |     step 77000  loss=1.3585  grp_sp=0.050  n_imp=33308  n_red=3700
12:52:38 | INFO |     step 77200  loss=1.3568  grp_sp=0.050  n_imp=33308  n_red=3700
12:55:28 | INFO |     step 77400  loss=1.3561  grp_sp=0.050  n_imp=33308  n_red=3700
12:58:19 | INFO |     step 77600  loss=1.3553  grp_sp=0.050  n_imp=33308  n_red=3700
13:01:09 | INFO |     step 77800  loss=1.3551  grp_sp=0.050  n_imp=33308  n_red=3700
13:03:59 | INFO |     step 78000  loss=1.3533  grp_sp=0.050  n_imp=33308  n_red=3700
13:06:50 | INFO |     step 78200  loss=1.3528  grp_sp=0.050  n_imp=33308  n_red=3700
13:09:39 | INFO |     step 78400  loss=1.3510  grp_sp=0.050  n_imp=33308  n_red=3700
13:12:29 | INFO |     step 78600  loss=1.3497  grp_sp=0.050  n_imp=33308  n_red=3700
13:15:19 | INFO |     step 78800  loss=1.3480  grp_sp=0.050  n_imp=33308  n_red=3700
13:18:09 | INFO |     step 79000  loss=1.3486  grp_sp=0.050  n_imp=33308  n_red=3700
13:21:00 | INFO |     step 79200  loss=1.3488  grp_sp=0.050  n_imp=33308  n_red=3700
13:23:49 | INFO |     step 79400  loss=1.3488  grp_sp=0.050  n_imp=33308  n_red=3700
13:26:39 | INFO |     step 79600  loss=1.3471  grp_sp=0.050  n_imp=33308  n_red=3700
13:29:29 | INFO |     step 79800  loss=1.3470  grp_sp=0.050  n_imp=33308  n_red=3700
13:32:19 | INFO |     step 80000  loss=1.3460  grp_sp=0.050  n_imp=33308  n_red=3700
13:35:09 | INFO |     step 80200  loss=1.3451  grp_sp=0.050  n_imp=33308  n_red=3700
13:38:00 | INFO |     step 80400  loss=1.3450  grp_sp=0.050  n_imp=33308  n_red=3700
13:40:50 | INFO |     step 80600  loss=1.3451  grp_sp=0.050  n_imp=33308  n_red=3700
13:43:40 | INFO |     step 80800  loss=1.3442  grp_sp=0.050  n_imp=33308  n_red=3700
13:46:30 | INFO |     step 81000  loss=1.3428  grp_sp=0.050  n_imp=33308  n_red=3700
13:49:20 | INFO |     step 81200  loss=1.3425  grp_sp=0.050  n_imp=33308  n_red=3700
13:52:10 | INFO |     step 81400  loss=1.3409  grp_sp=0.050  n_imp=33308  n_red=3700
13:55:01 | INFO |     step 81600  loss=1.3410  grp_sp=0.050  n_imp=33308  n_red=3700
13:57:51 | INFO |     step 81800  loss=1.3399  grp_sp=0.050  n_imp=33308  n_red=3700
14:00:41 | INFO |     step 82000  loss=1.3393  grp_sp=0.050  n_imp=33308  n_red=3700
14:03:32 | INFO |     step 82200  loss=1.3386  grp_sp=0.050  n_imp=33308  n_red=3700
14:06:22 | INFO |     step 82400  loss=1.3381  grp_sp=0.050  n_imp=33308  n_red=3700
14:09:12 | INFO |     step 82600  loss=1.3376  grp_sp=0.050  n_imp=33308  n_red=3700
14:12:02 | INFO |     step 82800  loss=1.3357  grp_sp=0.050  n_imp=33308  n_red=3700
14:14:52 | INFO |     step 83000  loss=1.3349  grp_sp=0.050  n_imp=33308  n_red=3700
14:17:41 | INFO |     step 83200  loss=1.3336  grp_sp=0.050  n_imp=33308  n_red=3700
14:20:31 | INFO |     step 83400  loss=1.3337  grp_sp=0.050  n_imp=33308  n_red=3700
14:23:22 | INFO |     step 83600  loss=1.3335  grp_sp=0.050  n_imp=33308  n_red=3700
14:26:12 | INFO |     step 83800  loss=1.3327  grp_sp=0.050  n_imp=33308  n_red=3700
14:28:59 | INFO |     step 84000  loss=1.3315  grp_sp=0.050  n_imp=33308  n_red=3700
14:31:47 | INFO |     step 84200  loss=1.3318  grp_sp=0.050  n_imp=33308  n_red=3700
14:34:36 | INFO |     step 84400  loss=1.3301  grp_sp=0.050  n_imp=33308  n_red=3700
14:37:28 | INFO |     step 84600  loss=1.3303  grp_sp=0.050  n_imp=33308  n_red=3700
14:40:49 | INFO |     step 84800  loss=1.3298  grp_sp=0.050  n_imp=33308  n_red=3700
14:44:28 | INFO |     step 85000  loss=1.3286  grp_sp=0.050  n_imp=33308  n_red=3700
14:47:57 | INFO |     step 85200  loss=1.3285  grp_sp=0.050  n_imp=33308  n_red=3700
14:51:04 | INFO |     step 85400  loss=1.3276  grp_sp=0.050  n_imp=33308  n_red=3700
14:53:53 | INFO |     step 85600  loss=1.3274  grp_sp=0.050  n_imp=33308  n_red=3700
14:56:43 | INFO |     step 85800  loss=1.3264  grp_sp=0.050  n_imp=33308  n_red=3700
14:59:32 | INFO |     step 86000  loss=1.3250  grp_sp=0.050  n_imp=33308  n_red=3700
15:02:22 | INFO |     step 86200  loss=1.3253  grp_sp=0.050  n_imp=33308  n_red=3700
15:05:12 | INFO |     step 86400  loss=1.3248  grp_sp=0.050  n_imp=33308  n_red=3700
15:08:02 | INFO |     step 86600  loss=1.3234  grp_sp=0.050  n_imp=33308  n_red=3700
15:10:52 | INFO |     step 86800  loss=1.3235  grp_sp=0.050  n_imp=33308  n_red=3700
15:13:42 | INFO |     step 87000  loss=1.3226  grp_sp=0.050  n_imp=33308  n_red=3700
15:16:32 | INFO |     step 87200  loss=1.3222  grp_sp=0.050  n_imp=33308  n_red=3700
15:19:22 | INFO |     step 87400  loss=1.3214  grp_sp=0.050  n_imp=33308  n_red=3700
15:22:14 | INFO |     step 87600  loss=1.3203  grp_sp=0.050  n_imp=33308  n_red=3700
15:25:05 | INFO |     step 87800  loss=1.3192  grp_sp=0.050  n_imp=33308  n_red=3700
15:27:56 | INFO |     step 88000  loss=1.3186  grp_sp=0.050  n_imp=33308  n_red=3700
15:30:46 | INFO |     step 88200  loss=1.3182  grp_sp=0.050  n_imp=33308  n_red=3700
15:33:37 | INFO |     step 88400  loss=1.3179  grp_sp=0.050  n_imp=33308  n_red=3700
15:38:42 | INFO | [EPOCH 4/10] loss=1.3176  grp_sp=0.050  EM=67.71  F1=78.00  elapsed=1306.1min
15:39:46 | INFO |     step 88600  loss=1.0113  grp_sp=0.050  n_imp=33308  n_red=3700
15:42:36 | INFO |     step 88800  loss=1.0285  grp_sp=0.050  n_imp=33308  n_red=3700
15:45:46 | INFO |     step 89000  loss=0.9992  grp_sp=0.050  n_imp=33308  n_red=3700
15:48:48 | INFO |     step 89200  loss=1.0136  grp_sp=0.050  n_imp=33308  n_red=3700
15:51:38 | INFO |     step 89400  loss=1.0151  grp_sp=0.050  n_imp=33308  n_red=3700
15:54:27 | INFO |     step 89600  loss=1.0213  grp_sp=0.050  n_imp=33308  n_red=3700
15:57:15 | INFO |     step 89800  loss=1.0227  grp_sp=0.050  n_imp=33308  n_red=3700
16:00:04 | INFO |     step 90000  loss=1.0240  grp_sp=0.050  n_imp=33308  n_red=3700
16:02:53 | INFO |     step 90200  loss=1.0380  grp_sp=0.050  n_imp=33308  n_red=3700
16:05:43 | INFO |     step 90400  loss=1.0469  grp_sp=0.050  n_imp=33308  n_red=3700
16:08:36 | INFO |     step 90600  loss=1.0505  grp_sp=0.050  n_imp=33308  n_red=3700
16:11:25 | INFO |     step 90800  loss=1.0517  grp_sp=0.050  n_imp=33308  n_red=3700
16:14:12 | INFO |     step 91000  loss=1.0533  grp_sp=0.050  n_imp=33308  n_red=3700
16:17:00 | INFO |     step 91200  loss=1.0527  grp_sp=0.050  n_imp=33308  n_red=3700
16:19:50 | INFO |     step 91400  loss=1.0575  grp_sp=0.050  n_imp=33308  n_red=3700
16:22:40 | INFO |     step 91600  loss=1.0638  grp_sp=0.050  n_imp=33308  n_red=3700
16:25:32 | INFO |     step 91800  loss=1.0678  grp_sp=0.050  n_imp=33308  n_red=3700
16:28:22 | INFO |     step 92000  loss=1.0718  grp_sp=0.050  n_imp=33308  n_red=3700
16:31:12 | INFO |     step 92200  loss=1.0776  grp_sp=0.050  n_imp=33308  n_red=3700
16:34:04 | INFO |     step 92400  loss=1.0756  grp_sp=0.050  n_imp=33308  n_red=3700
16:36:55 | INFO |     step 92600  loss=1.0736  grp_sp=0.050  n_imp=33308  n_red=3700
16:39:47 | INFO |     step 92800  loss=1.0747  grp_sp=0.050  n_imp=33308  n_red=3700
16:42:43 | INFO |     step 93000  loss=1.0774  grp_sp=0.050  n_imp=33308  n_red=3700
16:45:39 | INFO |     step 93200  loss=1.0757  grp_sp=0.050  n_imp=33308  n_red=3700
16:48:29 | INFO |     step 93400  loss=1.0790  grp_sp=0.050  n_imp=33308  n_red=3700
16:51:19 | INFO |     step 93600  loss=1.0750  grp_sp=0.050  n_imp=33308  n_red=3700
16:54:07 | INFO |     step 93800  loss=1.0736  grp_sp=0.050  n_imp=33308  n_red=3700
16:56:57 | INFO |     step 94000  loss=1.0747  grp_sp=0.050  n_imp=33308  n_red=3700
16:59:55 | INFO |     step 94200  loss=1.0759  grp_sp=0.050  n_imp=33308  n_red=3700
17:02:53 | INFO |     step 94400  loss=1.0772  grp_sp=0.050  n_imp=33308  n_red=3700
17:05:51 | INFO |     step 94600  loss=1.0768  grp_sp=0.050  n_imp=33308  n_red=3700
17:08:47 | INFO |     step 94800  loss=1.0757  grp_sp=0.050  n_imp=33308  n_red=3700
17:11:44 | INFO |     step 95000  loss=1.0752  grp_sp=0.050  n_imp=33308  n_red=3700
17:14:41 | INFO |     step 95200  loss=1.0755  grp_sp=0.050  n_imp=33308  n_red=3700
17:17:38 | INFO |     step 95400  loss=1.0765  grp_sp=0.050  n_imp=33308  n_red=3700
17:20:32 | INFO |     step 95600  loss=1.0771  grp_sp=0.050  n_imp=33308  n_red=3700
17:23:26 | INFO |     step 95800  loss=1.0753  grp_sp=0.050  n_imp=33308  n_red=3700
17:26:16 | INFO |     step 96000  loss=1.0756  grp_sp=0.050  n_imp=33308  n_red=3700
17:29:05 | INFO |     step 96200  loss=1.0770  grp_sp=0.050  n_imp=33308  n_red=3700
17:31:54 | INFO |     step 96400  loss=1.0760  grp_sp=0.050  n_imp=33308  n_red=3700
17:34:47 | INFO |     step 96600  loss=1.0791  grp_sp=0.050  n_imp=33308  n_red=3700
17:37:42 | INFO |     step 96800  loss=1.0782  grp_sp=0.050  n_imp=33308  n_red=3700
17:40:36 | INFO |     step 97000  loss=1.0792  grp_sp=0.050  n_imp=33308  n_red=3700
17:43:32 | INFO |     step 97200  loss=1.0799  grp_sp=0.050  n_imp=33308  n_red=3700
17:46:26 | INFO |     step 97400  loss=1.0793  grp_sp=0.050  n_imp=33308  n_red=3700
17:49:22 | INFO |     step 97600  loss=1.0780  grp_sp=0.050  n_imp=33308  n_red=3700
17:52:19 | INFO |     step 97800  loss=1.0786  grp_sp=0.050  n_imp=33308  n_red=3700
17:55:17 | INFO |     step 98000  loss=1.0785  grp_sp=0.050  n_imp=33308  n_red=3700
17:58:11 | INFO |     step 98200  loss=1.0785  grp_sp=0.050  n_imp=33308  n_red=3700
18:01:04 | INFO |     step 98400  loss=1.0810  grp_sp=0.100  n_imp=31458  n_red=5550
18:03:56 | INFO |     step 98600  loss=1.0831  grp_sp=0.100  n_imp=31458  n_red=5550
18:06:49 | INFO |     step 98800  loss=1.0830  grp_sp=0.100  n_imp=31458  n_red=5550
18:09:40 | INFO |     step 99000  loss=1.0842  grp_sp=0.100  n_imp=31458  n_red=5550
18:12:32 | INFO |     step 99200  loss=1.0850  grp_sp=0.100  n_imp=31458  n_red=5550
18:15:25 | INFO |     step 99400  loss=1.0856  grp_sp=0.100  n_imp=31458  n_red=5550
18:18:16 | INFO |     step 99600  loss=1.0865  grp_sp=0.100  n_imp=31458  n_red=5550
18:21:11 | INFO |     step 99800  loss=1.0874  grp_sp=0.100  n_imp=31458  n_red=5550
18:24:03 | INFO |     step 100000  loss=1.0870  grp_sp=0.100  n_imp=31458  n_red=5550
18:26:54 | INFO |     step 100200  loss=1.0889  grp_sp=0.100  n_imp=31458  n_red=5550
18:29:46 | INFO |     step 100400  loss=1.0883  grp_sp=0.100  n_imp=31458  n_red=5550
18:32:38 | INFO |     step 100600  loss=1.0873  grp_sp=0.100  n_imp=31458  n_red=5550
18:35:30 | INFO |     step 100800  loss=1.0876  grp_sp=0.100  n_imp=31458  n_red=5550
18:38:22 | INFO |     step 101000  loss=1.0880  grp_sp=0.100  n_imp=31458  n_red=5550
18:41:13 | INFO |     step 101200  loss=1.0892  grp_sp=0.100  n_imp=31458  n_red=5550
18:44:03 | INFO |     step 101400  loss=1.0888  grp_sp=0.100  n_imp=31458  n_red=5550
18:46:54 | INFO |     step 101600  loss=1.0905  grp_sp=0.100  n_imp=31458  n_red=5550
18:49:45 | INFO |     step 101800  loss=1.0909  grp_sp=0.100  n_imp=31458  n_red=5550
18:52:37 | INFO |     step 102000  loss=1.0910  grp_sp=0.100  n_imp=31458  n_red=5550
18:55:28 | INFO |     step 102200  loss=1.0912  grp_sp=0.100  n_imp=31458  n_red=5550
18:58:20 | INFO |     step 102400  loss=1.0921  grp_sp=0.100  n_imp=31458  n_red=5550
19:01:11 | INFO |     step 102600  loss=1.0926  grp_sp=0.100  n_imp=31458  n_red=5550
19:04:02 | INFO |     step 102800  loss=1.0934  grp_sp=0.100  n_imp=31458  n_red=5550
19:06:53 | INFO |     step 103000  loss=1.0941  grp_sp=0.100  n_imp=31458  n_red=5550
19:09:43 | INFO |     step 103200  loss=1.0942  grp_sp=0.100  n_imp=31458  n_red=5550
19:12:35 | INFO |     step 103400  loss=1.0947  grp_sp=0.100  n_imp=31458  n_red=5550
19:15:26 | INFO |     step 103600  loss=1.0945  grp_sp=0.100  n_imp=31458  n_red=5550
19:18:18 | INFO |     step 103800  loss=1.0944  grp_sp=0.100  n_imp=31458  n_red=5550
19:21:09 | INFO |     step 104000  loss=1.0951  grp_sp=0.100  n_imp=31458  n_red=5550
19:24:00 | INFO |     step 104200  loss=1.0952  grp_sp=0.100  n_imp=31458  n_red=5550
19:26:52 | INFO |     step 104400  loss=1.0948  grp_sp=0.100  n_imp=31458  n_red=5550
19:29:44 | INFO |     step 104600  loss=1.0943  grp_sp=0.100  n_imp=31458  n_red=5550
19:32:36 | INFO |     step 104800  loss=1.0941  grp_sp=0.100  n_imp=31458  n_red=5550
19:35:28 | INFO |     step 105000  loss=1.0954  grp_sp=0.100  n_imp=31458  n_red=5550
19:38:20 | INFO |     step 105200  loss=1.0953  grp_sp=0.100  n_imp=31458  n_red=5550
19:41:11 | INFO |     step 105400  loss=1.0962  grp_sp=0.100  n_imp=31458  n_red=5550
19:44:03 | INFO |     step 105600  loss=1.0965  grp_sp=0.100  n_imp=31458  n_red=5550
19:46:56 | INFO |     step 105800  loss=1.0979  grp_sp=0.100  n_imp=31458  n_red=5550
19:49:47 | INFO |     step 106000  loss=1.0981  grp_sp=0.100  n_imp=31458  n_red=5550
19:52:38 | INFO |     step 106200  loss=1.0993  grp_sp=0.100  n_imp=31458  n_red=5550
19:55:30 | INFO |     step 106400  loss=1.0998  grp_sp=0.100  n_imp=31458  n_red=5550
19:58:21 | INFO |     step 106600  loss=1.1005  grp_sp=0.100  n_imp=31458  n_red=5550
20:01:13 | INFO |     step 106800  loss=1.1009  grp_sp=0.100  n_imp=31458  n_red=5550
20:04:03 | INFO |     step 107000  loss=1.1016  grp_sp=0.100  n_imp=31458  n_red=5550
20:06:53 | INFO |     step 107200  loss=1.1019  grp_sp=0.100  n_imp=31458  n_red=5550
20:09:43 | INFO |     step 107400  loss=1.1022  grp_sp=0.100  n_imp=31458  n_red=5550
20:12:33 | INFO |     step 107600  loss=1.1025  grp_sp=0.100  n_imp=31458  n_red=5550
20:15:24 | INFO |     step 107800  loss=1.1029  grp_sp=0.100  n_imp=31458  n_red=5550
20:18:14 | INFO |     step 108000  loss=1.1037  grp_sp=0.100  n_imp=31458  n_red=5550
20:21:05 | INFO |     step 108200  loss=1.1038  grp_sp=0.100  n_imp=31458  n_red=5550
20:23:56 | INFO |     step 108400  loss=1.1045  grp_sp=0.100  n_imp=31458  n_red=5550
20:26:46 | INFO |     step 108600  loss=1.1045  grp_sp=0.100  n_imp=31458  n_red=5550
20:29:37 | INFO |     step 108800  loss=1.1043  grp_sp=0.100  n_imp=31458  n_red=5550
20:32:27 | INFO |     step 109000  loss=1.1045  grp_sp=0.100  n_imp=31458  n_red=5550
20:35:18 | INFO |     step 109200  loss=1.1045  grp_sp=0.100  n_imp=31458  n_red=5550
20:38:09 | INFO |     step 109400  loss=1.1044  grp_sp=0.100  n_imp=31458  n_red=5550
20:40:59 | INFO |     step 109600  loss=1.1044  grp_sp=0.100  n_imp=31458  n_red=5550
20:43:50 | INFO |     step 109800  loss=1.1051  grp_sp=0.100  n_imp=31458  n_red=5550
20:46:40 | INFO |     step 110000  loss=1.1053  grp_sp=0.100  n_imp=31458  n_red=5550
20:49:31 | INFO |     step 110200  loss=1.1048  grp_sp=0.100  n_imp=31458  n_red=5550
20:52:21 | INFO |     step 110400  loss=1.1042  grp_sp=0.100  n_imp=31458  n_red=5550
20:55:12 | INFO |     step 110600  loss=1.1049  grp_sp=0.100  n_imp=31458  n_red=5550
20:59:18 | INFO | [EPOCH 5/10] loss=1.1050  grp_sp=0.100  EM=67.69  F1=78.04  elapsed=1626.7min
21:01:21 | INFO |     step 110800  loss=0.9922  grp_sp=0.100  n_imp=31458  n_red=5550
21:04:12 | INFO |     step 111000  loss=0.9816  grp_sp=0.100  n_imp=31458  n_red=5550
21:07:26 | INFO |     step 111200  loss=0.9596  grp_sp=0.100  n_imp=31458  n_red=5550
21:10:23 | INFO |     step 111400  loss=0.9272  grp_sp=0.100  n_imp=31458  n_red=5550
21:13:14 | INFO |     step 111600  loss=0.9222  grp_sp=0.100  n_imp=31458  n_red=5550
21:16:05 | INFO |     step 111800  loss=0.9209  grp_sp=0.100  n_imp=31458  n_red=5550
21:18:56 | INFO |     step 112000  loss=0.9245  grp_sp=0.100  n_imp=31458  n_red=5550
21:21:47 | INFO |     step 112200  loss=0.9272  grp_sp=0.100  n_imp=31458  n_red=5550
21:24:38 | INFO |     step 112400  loss=0.9295  grp_sp=0.100  n_imp=31458  n_red=5550
21:27:29 | INFO |     step 112600  loss=0.9286  grp_sp=0.100  n_imp=31458  n_red=5550
21:30:20 | INFO |     step 112800  loss=0.9192  grp_sp=0.100  n_imp=31458  n_red=5550
21:33:11 | INFO |     step 113000  loss=0.9159  grp_sp=0.100  n_imp=31458  n_red=5550
21:36:02 | INFO |     step 113200  loss=0.9148  grp_sp=0.100  n_imp=31458  n_red=5550
21:38:53 | INFO |     step 113400  loss=0.9122  grp_sp=0.100  n_imp=31458  n_red=5550
21:41:44 | INFO |     step 113600  loss=0.9150  grp_sp=0.100  n_imp=31458  n_red=5550
21:44:35 | INFO |     step 113800  loss=0.9182  grp_sp=0.100  n_imp=31458  n_red=5550
21:47:26 | INFO |     step 114000  loss=0.9166  grp_sp=0.100  n_imp=31458  n_red=5550
21:50:17 | INFO |     step 114200  loss=0.9178  grp_sp=0.100  n_imp=31458  n_red=5550
21:53:08 | INFO |     step 114400  loss=0.9167  grp_sp=0.100  n_imp=31458  n_red=5550
21:55:59 | INFO |     step 114600  loss=0.9165  grp_sp=0.100  n_imp=31458  n_red=5550
21:58:49 | INFO |     step 114800  loss=0.9173  grp_sp=0.100  n_imp=31458  n_red=5550
22:01:40 | INFO |     step 115000  loss=0.9171  grp_sp=0.100  n_imp=31458  n_red=5550
22:04:30 | INFO |     step 115200  loss=0.9177  grp_sp=0.100  n_imp=31458  n_red=5550
22:07:21 | INFO |     step 115400  loss=0.9188  grp_sp=0.100  n_imp=31458  n_red=5550
22:10:12 | INFO |     step 115600  loss=0.9181  grp_sp=0.100  n_imp=31458  n_red=5550
22:13:03 | INFO |     step 115800  loss=0.9188  grp_sp=0.100  n_imp=31458  n_red=5550
22:15:53 | INFO |     step 116000  loss=0.9190  grp_sp=0.100  n_imp=31458  n_red=5550
22:18:44 | INFO |     step 116200  loss=0.9199  grp_sp=0.100  n_imp=31458  n_red=5550
22:21:34 | INFO |     step 116400  loss=0.9206  grp_sp=0.100  n_imp=31458  n_red=5550
22:24:26 | INFO |     step 116600  loss=0.9224  grp_sp=0.100  n_imp=31458  n_red=5550
22:27:17 | INFO |     step 116800  loss=0.9244  grp_sp=0.100  n_imp=31458  n_red=5550
22:30:08 | INFO |     step 117000  loss=0.9248  grp_sp=0.100  n_imp=31458  n_red=5550
22:32:58 | INFO |     step 117200  loss=0.9246  grp_sp=0.100  n_imp=31458  n_red=5550
22:35:49 | INFO |     step 117400  loss=0.9257  grp_sp=0.100  n_imp=31458  n_red=5550
22:38:40 | INFO |     step 117600  loss=0.9250  grp_sp=0.100  n_imp=31458  n_red=5550
22:41:31 | INFO |     step 117800  loss=0.9245  grp_sp=0.100  n_imp=31458  n_red=5550
22:44:22 | INFO |     step 118000  loss=0.9248  grp_sp=0.100  n_imp=31458  n_red=5550
22:47:13 | INFO |     step 118200  loss=0.9248  grp_sp=0.100  n_imp=31458  n_red=5550
22:50:04 | INFO |     step 118400  loss=0.9261  grp_sp=0.100  n_imp=31458  n_red=5550
22:52:55 | INFO |     step 118600  loss=0.9254  grp_sp=0.100  n_imp=31458  n_red=5550
22:55:46 | INFO |     step 118800  loss=0.9274  grp_sp=0.100  n_imp=31458  n_red=5550
22:58:37 | INFO |     step 119000  loss=0.9289  grp_sp=0.100  n_imp=31458  n_red=5550
23:01:29 | INFO |     step 119200  loss=0.9306  grp_sp=0.100  n_imp=31458  n_red=5550
23:04:20 | INFO |     step 119400  loss=0.9312  grp_sp=0.100  n_imp=31458  n_red=5550
23:07:11 | INFO |     step 119600  loss=0.9318  grp_sp=0.100  n_imp=31458  n_red=5550
23:10:03 | INFO |     step 119800  loss=0.9336  grp_sp=0.100  n_imp=31458  n_red=5550
23:12:53 | INFO |     step 120000  loss=0.9346  grp_sp=0.100  n_imp=31458  n_red=5550
23:15:45 | INFO |     step 120200  loss=0.9362  grp_sp=0.100  n_imp=31458  n_red=5550
23:18:36 | INFO |     step 120400  loss=0.9382  grp_sp=0.100  n_imp=31458  n_red=5550
23:21:27 | INFO |     step 120600  loss=0.9379  grp_sp=0.100  n_imp=31458  n_red=5550
23:24:17 | INFO |     step 120800  loss=0.9399  grp_sp=0.100  n_imp=31458  n_red=5550
23:27:08 | INFO |     step 121000  loss=0.9403  grp_sp=0.100  n_imp=31458  n_red=5550
23:29:59 | INFO |     step 121200  loss=0.9409  grp_sp=0.100  n_imp=31458  n_red=5550
23:32:50 | INFO |     step 121400  loss=0.9420  grp_sp=0.100  n_imp=31458  n_red=5550
23:35:40 | INFO |     step 121600  loss=0.9424  grp_sp=0.100  n_imp=31458  n_red=5550
23:38:31 | INFO |     step 121800  loss=0.9439  grp_sp=0.100  n_imp=31458  n_red=5550
23:41:21 | INFO |     step 122000  loss=0.9444  grp_sp=0.100  n_imp=31458  n_red=5550
23:44:11 | INFO |     step 122200  loss=0.9447  grp_sp=0.100  n_imp=31458  n_red=5550
23:47:02 | INFO |     step 122400  loss=0.9443  grp_sp=0.100  n_imp=31458  n_red=5550
23:49:52 | INFO |     step 122600  loss=0.9448  grp_sp=0.100  n_imp=31458  n_red=5550
23:52:43 | INFO |     step 122800  loss=0.9459  grp_sp=0.100  n_imp=31458  n_red=5550
23:55:34 | INFO |     step 123000  loss=0.9470  grp_sp=0.100  n_imp=31458  n_red=5550
23:58:25 | INFO |     step 123200  loss=0.9476  grp_sp=0.100  n_imp=31458  n_red=5550
00:01:15 | INFO |     step 123400  loss=0.9473  grp_sp=0.100  n_imp=31458  n_red=5550
00:04:01 | INFO |     step 123600  loss=0.9467  grp_sp=0.100  n_imp=31458  n_red=5550
00:06:49 | INFO |     step 123800  loss=0.9473  grp_sp=0.100  n_imp=31458  n_red=5550
00:09:39 | INFO |     step 124000  loss=0.9485  grp_sp=0.100  n_imp=31458  n_red=5550
00:12:28 | INFO |     step 124200  loss=0.9480  grp_sp=0.100  n_imp=31458  n_red=5550
00:15:19 | INFO |     step 124400  loss=0.9491  grp_sp=0.100  n_imp=31458  n_red=5550
00:18:10 | INFO |     step 124600  loss=0.9488  grp_sp=0.100  n_imp=31458  n_red=5550
00:21:01 | INFO |     step 124800  loss=0.9484  grp_sp=0.100  n_imp=31458  n_red=5550
00:23:52 | INFO |     step 125000  loss=0.9495  grp_sp=0.100  n_imp=31458  n_red=5550
00:26:42 | INFO |     step 125200  loss=0.9509  grp_sp=0.100  n_imp=31458  n_red=5550
00:29:33 | INFO |     step 125400  loss=0.9515  grp_sp=0.100  n_imp=31458  n_red=5550
00:32:23 | INFO |     step 125600  loss=0.9531  grp_sp=0.100  n_imp=31458  n_red=5550
00:35:14 | INFO |     step 125800  loss=0.9534  grp_sp=0.100  n_imp=31458  n_red=5550
00:38:05 | INFO |     step 126000  loss=0.9547  grp_sp=0.100  n_imp=31458  n_red=5550
00:40:55 | INFO |     step 126200  loss=0.9547  grp_sp=0.100  n_imp=31458  n_red=5550
00:43:47 | INFO |     step 126400  loss=0.9551  grp_sp=0.100  n_imp=31458  n_red=5550
00:46:38 | INFO |     step 126600  loss=0.9561  grp_sp=0.100  n_imp=31458  n_red=5550
00:49:28 | INFO |     step 126800  loss=0.9572  grp_sp=0.100  n_imp=31458  n_red=5550
00:52:19 | INFO |     step 127000  loss=0.9571  grp_sp=0.100  n_imp=31458  n_red=5550
00:55:10 | INFO |     step 127200  loss=0.9570  grp_sp=0.100  n_imp=31458  n_red=5550
00:58:01 | INFO |     step 127400  loss=0.9574  grp_sp=0.100  n_imp=31458  n_red=5550
01:00:52 | INFO |     step 127600  loss=0.9572  grp_sp=0.100  n_imp=31458  n_red=5550
01:03:43 | INFO |     step 127800  loss=0.9572  grp_sp=0.100  n_imp=31458  n_red=5550
01:06:34 | INFO |     step 128000  loss=0.9581  grp_sp=0.100  n_imp=31458  n_red=5550
01:09:24 | INFO |     step 128200  loss=0.9584  grp_sp=0.100  n_imp=31458  n_red=5550
01:12:15 | INFO |     step 128400  loss=0.9586  grp_sp=0.100  n_imp=31458  n_red=5550
01:15:06 | INFO |     step 128600  loss=0.9584  grp_sp=0.100  n_imp=31458  n_red=5550
01:17:57 | INFO |     step 128800  loss=0.9593  grp_sp=0.100  n_imp=31458  n_red=5550
01:20:48 | INFO |     step 129000  loss=0.9601  grp_sp=0.100  n_imp=31458  n_red=5550
01:23:39 | INFO |     step 129200  loss=0.9606  grp_sp=0.150  n_imp=29608  n_red=7400
01:26:31 | INFO |     step 129400  loss=0.9620  grp_sp=0.150  n_imp=29608  n_red=7400
01:29:23 | INFO |     step 129600  loss=0.9629  grp_sp=0.150  n_imp=29608  n_red=7400
01:32:14 | INFO |     step 129800  loss=0.9631  grp_sp=0.150  n_imp=29608  n_red=7400
01:35:06 | INFO |     step 130000  loss=0.9632  grp_sp=0.150  n_imp=29608  n_red=7400
01:37:58 | INFO |     step 130200  loss=0.9638  grp_sp=0.150  n_imp=29608  n_red=7400
01:40:49 | INFO |     step 130400  loss=0.9649  grp_sp=0.150  n_imp=29608  n_red=7400
01:43:40 | INFO |     step 130600  loss=0.9648  grp_sp=0.150  n_imp=29608  n_red=7400
01:46:32 | INFO |     step 130800  loss=0.9659  grp_sp=0.150  n_imp=29608  n_red=7400
01:49:22 | INFO |     step 131000  loss=0.9664  grp_sp=0.150  n_imp=29608  n_red=7400
01:52:14 | INFO |     step 131200  loss=0.9672  grp_sp=0.150  n_imp=29608  n_red=7400
01:55:06 | INFO |     step 131400  loss=0.9671  grp_sp=0.150  n_imp=29608  n_red=7400
01:57:59 | INFO |     step 131600  loss=0.9679  grp_sp=0.150  n_imp=29608  n_red=7400
02:00:51 | INFO |     step 131800  loss=0.9688  grp_sp=0.150  n_imp=29608  n_red=7400
02:03:43 | INFO |     step 132000  loss=0.9688  grp_sp=0.150  n_imp=29608  n_red=7400
02:06:35 | INFO |     step 132200  loss=0.9688  grp_sp=0.150  n_imp=29608  n_red=7400
02:09:27 | INFO |     step 132400  loss=0.9692  grp_sp=0.150  n_imp=29608  n_red=7400
02:12:19 | INFO |     step 132600  loss=0.9696  grp_sp=0.150  n_imp=29608  n_red=7400
02:18:18 | INFO | [EPOCH 6/10] loss=0.9698  grp_sp=0.150  EM=67.85  F1=78.36  elapsed=1945.7min
02:18:30 | INFO |     step 132800  loss=0.5881  grp_sp=0.150  n_imp=29608  n_red=7400
02:21:22 | INFO |     step 133000  loss=0.7917  grp_sp=0.150  n_imp=29608  n_red=7400
02:24:15 | INFO |     step 133200  loss=0.7907  grp_sp=0.150  n_imp=29608  n_red=7400
02:27:37 | INFO |     step 133400  loss=0.7864  grp_sp=0.150  n_imp=29608  n_red=7400
02:30:28 | INFO |     step 133600  loss=0.8019  grp_sp=0.150  n_imp=29608  n_red=7400
02:33:20 | INFO |     step 133800  loss=0.7994  grp_sp=0.150  n_imp=29608  n_red=7400
02:36:12 | INFO |     step 134000  loss=0.7980  grp_sp=0.150  n_imp=29608  n_red=7400
02:39:04 | INFO |     step 134200  loss=0.8016  grp_sp=0.150  n_imp=29608  n_red=7400
02:41:57 | INFO |     step 134400  loss=0.8018  grp_sp=0.150  n_imp=29608  n_red=7400
02:44:49 | INFO |     step 134600  loss=0.8055  grp_sp=0.150  n_imp=29608  n_red=7400
02:47:42 | INFO |     step 134800  loss=0.8034  grp_sp=0.150  n_imp=29608  n_red=7400
02:50:34 | INFO |     step 135000  loss=0.8059  grp_sp=0.150  n_imp=29608  n_red=7400
02:53:25 | INFO |     step 135200  loss=0.8013  grp_sp=0.150  n_imp=29608  n_red=7400
02:56:16 | INFO |     step 135400  loss=0.7998  grp_sp=0.150  n_imp=29608  n_red=7400
02:59:05 | INFO |     step 135600  loss=0.7982  grp_sp=0.150  n_imp=29608  n_red=7400
03:01:56 | INFO |     step 135800  loss=0.7992  grp_sp=0.150  n_imp=29608  n_red=7400
03:04:48 | INFO |     step 136000  loss=0.7979  grp_sp=0.150  n_imp=29608  n_red=7400
03:07:41 | INFO |     step 136200  loss=0.7938  grp_sp=0.150  n_imp=29608  n_red=7400
03:10:33 | INFO |     step 136400  loss=0.7962  grp_sp=0.150  n_imp=29608  n_red=7400
03:13:27 | INFO |     step 136600  loss=0.7991  grp_sp=0.150  n_imp=29608  n_red=7400
03:16:20 | INFO |     step 136800  loss=0.8013  grp_sp=0.150  n_imp=29608  n_red=7400
03:19:11 | INFO |     step 137000  loss=0.8019  grp_sp=0.150  n_imp=29608  n_red=7400
03:22:06 | INFO |     step 137200  loss=0.8035  grp_sp=0.150  n_imp=29608  n_red=7400
03:25:01 | INFO |     step 137400  loss=0.8048  grp_sp=0.150  n_imp=29608  n_red=7400
03:27:54 | INFO |     step 137600  loss=0.8039  grp_sp=0.150  n_imp=29608  n_red=7400
03:30:47 | INFO |     step 137800  loss=0.8061  grp_sp=0.150  n_imp=29608  n_red=7400
03:33:44 | INFO |     step 138000  loss=0.8084  grp_sp=0.150  n_imp=29608  n_red=7400
03:36:36 | INFO |     step 138200  loss=0.8082  grp_sp=0.150  n_imp=29608  n_red=7400
03:39:30 | INFO |     step 138400  loss=0.8097  grp_sp=0.150  n_imp=29608  n_red=7400
03:42:26 | INFO |     step 138600  loss=0.8102  grp_sp=0.150  n_imp=29608  n_red=7400
03:45:22 | INFO |     step 138800  loss=0.8144  grp_sp=0.150  n_imp=29608  n_red=7400
03:48:17 | INFO |     step 139000  loss=0.8162  grp_sp=0.150  n_imp=29608  n_red=7400
03:51:12 | INFO |     step 139200  loss=0.8164  grp_sp=0.150  n_imp=29608  n_red=7400
03:54:08 | INFO |     step 139400  loss=0.8176  grp_sp=0.150  n_imp=29608  n_red=7400
03:57:02 | INFO |     step 139600  loss=0.8174  grp_sp=0.150  n_imp=29608  n_red=7400
03:59:58 | INFO |     step 139800  loss=0.8171  grp_sp=0.150  n_imp=29608  n_red=7400
04:02:53 | INFO |     step 140000  loss=0.8181  grp_sp=0.150  n_imp=29608  n_red=7400
04:05:47 | INFO |     step 140200  loss=0.8186  grp_sp=0.150  n_imp=29608  n_red=7400
04:08:43 | INFO |     step 140400  loss=0.8223  grp_sp=0.150  n_imp=29608  n_red=7400
04:11:37 | INFO |     step 140600  loss=0.8227  grp_sp=0.150  n_imp=29608  n_red=7400
04:14:31 | INFO |     step 140800  loss=0.8236  grp_sp=0.150  n_imp=29608  n_red=7400
04:17:25 | INFO |     step 141000  loss=0.8252  grp_sp=0.150  n_imp=29608  n_red=7400
04:20:18 | INFO |     step 141200  loss=0.8276  grp_sp=0.150  n_imp=29608  n_red=7400
04:23:10 | INFO |     step 141400  loss=0.8286  grp_sp=0.150  n_imp=29608  n_red=7400
04:26:01 | INFO |     step 141600  loss=0.8307  grp_sp=0.150  n_imp=29608  n_red=7400
04:28:54 | INFO |     step 141800  loss=0.8321  grp_sp=0.150  n_imp=29608  n_red=7400
04:31:50 | INFO |     step 142000  loss=0.8321  grp_sp=0.150  n_imp=29608  n_red=7400
04:34:44 | INFO |     step 142200  loss=0.8339  grp_sp=0.150  n_imp=29608  n_red=7400
04:37:40 | INFO |     step 142400  loss=0.8344  grp_sp=0.150  n_imp=29608  n_red=7400
04:40:34 | INFO |     step 142600  loss=0.8360  grp_sp=0.150  n_imp=29608  n_red=7400
04:43:29 | INFO |     step 142800  loss=0.8372  grp_sp=0.150  n_imp=29608  n_red=7400
04:46:23 | INFO |     step 143000  loss=0.8385  grp_sp=0.150  n_imp=29608  n_red=7400
04:49:17 | INFO |     step 143200  loss=0.8377  grp_sp=0.150  n_imp=29608  n_red=7400
04:52:09 | INFO |     step 143400  loss=0.8383  grp_sp=0.150  n_imp=29608  n_red=7400
04:55:04 | INFO |     step 143600  loss=0.8399  grp_sp=0.150  n_imp=29608  n_red=7400
04:57:58 | INFO |     step 143800  loss=0.8391  grp_sp=0.150  n_imp=29608  n_red=7400
05:00:53 | INFO |     step 144000  loss=0.8394  grp_sp=0.150  n_imp=29608  n_red=7400
05:03:44 | INFO |     step 144200  loss=0.8407  grp_sp=0.150  n_imp=29608  n_red=7400
05:06:38 | INFO |     step 144400  loss=0.8409  grp_sp=0.150  n_imp=29608  n_red=7400
05:09:31 | INFO |     step 144600  loss=0.8416  grp_sp=0.150  n_imp=29608  n_red=7400
05:12:20 | INFO |     step 144800  loss=0.8412  grp_sp=0.150  n_imp=29608  n_red=7400
05:15:13 | INFO |     step 145000  loss=0.8417  grp_sp=0.150  n_imp=29608  n_red=7400
05:18:06 | INFO |     step 145200  loss=0.8424  grp_sp=0.150  n_imp=29608  n_red=7400
05:20:59 | INFO |     step 145400  loss=0.8429  grp_sp=0.150  n_imp=29608  n_red=7400
05:23:52 | INFO |     step 145600  loss=0.8435  grp_sp=0.150  n_imp=29608  n_red=7400
05:26:45 | INFO |     step 145800  loss=0.8440  grp_sp=0.150  n_imp=29608  n_red=7400
05:29:38 | INFO |     step 146000  loss=0.8455  grp_sp=0.150  n_imp=29608  n_red=7400
05:32:31 | INFO |     step 146200  loss=0.8465  grp_sp=0.150  n_imp=29608  n_red=7400
05:35:24 | INFO |     step 146400  loss=0.8477  grp_sp=0.150  n_imp=29608  n_red=7400
05:38:17 | INFO |     step 146600  loss=0.8488  grp_sp=0.150  n_imp=29608  n_red=7400
05:41:12 | INFO |     step 146800  loss=0.8491  grp_sp=0.150  n_imp=29608  n_red=7400
05:44:09 | INFO |     step 147000  loss=0.8506  grp_sp=0.150  n_imp=29608  n_red=7400
05:47:08 | INFO |     step 147200  loss=0.8508  grp_sp=0.150  n_imp=29608  n_red=7400
05:50:07 | INFO |     step 147400  loss=0.8511  grp_sp=0.150  n_imp=29608  n_red=7400
05:53:06 | INFO |     step 147600  loss=0.8523  grp_sp=0.150  n_imp=29608  n_red=7400
05:56:02 | INFO |     step 147800  loss=0.8530  grp_sp=0.150  n_imp=29608  n_red=7400
05:59:00 | INFO |     step 148000  loss=0.8543  grp_sp=0.150  n_imp=29608  n_red=7400
06:01:59 | INFO |     step 148200  loss=0.8557  grp_sp=0.150  n_imp=29608  n_red=7400
06:05:03 | INFO |     step 148400  loss=0.8554  grp_sp=0.150  n_imp=29608  n_red=7400
06:08:04 | INFO |     step 148600  loss=0.8563  grp_sp=0.150  n_imp=29608  n_red=7400
06:11:01 | INFO |     step 148800  loss=0.8574  grp_sp=0.150  n_imp=29608  n_red=7400
06:13:56 | INFO |     step 149000  loss=0.8572  grp_sp=0.150  n_imp=29608  n_red=7400
06:16:46 | INFO |     step 149200  loss=0.8574  grp_sp=0.150  n_imp=29608  n_red=7400
06:19:42 | INFO |     step 149400  loss=0.8578  grp_sp=0.150  n_imp=29608  n_red=7400
06:22:35 | INFO |     step 149600  loss=0.8585  grp_sp=0.150  n_imp=29608  n_red=7400
06:25:25 | INFO |     step 149800  loss=0.8586  grp_sp=0.150  n_imp=29608  n_red=7400
06:28:22 | INFO |     step 150000  loss=0.8587  grp_sp=0.150  n_imp=29608  n_red=7400
06:31:21 | INFO |     step 150200  loss=0.8595  grp_sp=0.150  n_imp=29608  n_red=7400
06:34:17 | INFO |     step 150400  loss=0.8605  grp_sp=0.150  n_imp=29608  n_red=7400
06:37:18 | INFO |     step 150600  loss=0.8604  grp_sp=0.150  n_imp=29608  n_red=7400
06:40:19 | INFO |     step 150800  loss=0.8607  grp_sp=0.150  n_imp=29608  n_red=7400
06:43:19 | INFO |     step 151000  loss=0.8613  grp_sp=0.150  n_imp=29608  n_red=7400
06:46:19 | INFO |     step 151200  loss=0.8613  grp_sp=0.150  n_imp=29608  n_red=7400
06:49:17 | INFO |     step 151400  loss=0.8622  grp_sp=0.150  n_imp=29608  n_red=7400
06:52:11 | INFO |     step 151600  loss=0.8612  grp_sp=0.150  n_imp=29608  n_red=7400
06:55:04 | INFO |     step 151800  loss=0.8609  grp_sp=0.150  n_imp=29608  n_red=7400
06:57:59 | INFO |     step 152000  loss=0.8610  grp_sp=0.150  n_imp=29608  n_red=7400
07:00:56 | INFO |     step 152200  loss=0.8611  grp_sp=0.150  n_imp=29608  n_red=7400
07:03:51 | INFO |     step 152400  loss=0.8609  grp_sp=0.150  n_imp=29608  n_red=7400
07:06:46 | INFO |     step 152600  loss=0.8606  grp_sp=0.150  n_imp=29608  n_red=7400
07:09:44 | INFO |     step 152800  loss=0.8608  grp_sp=0.150  n_imp=29608  n_red=7400
07:12:43 | INFO |     step 153000  loss=0.8609  grp_sp=0.150  n_imp=29608  n_red=7400
07:15:44 | INFO |     step 153200  loss=0.8610  grp_sp=0.150  n_imp=29608  n_red=7400
07:18:42 | INFO |     step 153400  loss=0.8613  grp_sp=0.150  n_imp=29608  n_red=7400
07:21:41 | INFO |     step 153600  loss=0.8624  grp_sp=0.150  n_imp=29608  n_red=7400
07:24:41 | INFO |     step 153800  loss=0.8628  grp_sp=0.150  n_imp=29608  n_red=7400
07:27:42 | INFO |     step 154000  loss=0.8632  grp_sp=0.150  n_imp=29608  n_red=7400
07:30:40 | INFO |     step 154200  loss=0.8639  grp_sp=0.150  n_imp=29608  n_red=7400
07:33:42 | INFO |     step 154400  loss=0.8644  grp_sp=0.150  n_imp=29608  n_red=7400
07:36:40 | INFO |     step 154600  loss=0.8647  grp_sp=0.150  n_imp=29608  n_red=7400
07:39:37 | INFO |     step 154800  loss=0.8653  grp_sp=0.150  n_imp=29608  n_red=7400
07:44:51 | INFO | [EPOCH 7/10] loss=0.8659  grp_sp=0.150  EM=68.26  F1=77.96  elapsed=2272.1min
07:46:07 | INFO |     step 155000  loss=0.6853  grp_sp=0.150  n_imp=29608  n_red=7400
07:49:03 | INFO |     step 155200  loss=0.7069  grp_sp=0.150  n_imp=29608  n_red=7400
07:51:56 | INFO |     step 155400  loss=0.7110  grp_sp=0.150  n_imp=29608  n_red=7400
07:55:03 | INFO |     step 155600  loss=0.7098  grp_sp=0.150  n_imp=29608  n_red=7400
07:58:07 | INFO |     step 155800  loss=0.7055  grp_sp=0.150  n_imp=29608  n_red=7400
08:01:00 | INFO |     step 156000  loss=0.7142  grp_sp=0.150  n_imp=29608  n_red=7400
08:03:54 | INFO |     step 156200  loss=0.7138  grp_sp=0.150  n_imp=29608  n_red=7400
08:06:50 | INFO |     step 156400  loss=0.7117  grp_sp=0.150  n_imp=29608  n_red=7400
08:09:48 | INFO |     step 156600  loss=0.7069  grp_sp=0.150  n_imp=29608  n_red=7400
08:12:45 | INFO |     step 156800  loss=0.7092  grp_sp=0.150  n_imp=29608  n_red=7400
08:15:40 | INFO |     step 157000  loss=0.7142  grp_sp=0.150  n_imp=29608  n_red=7400
08:18:35 | INFO |     step 157200  loss=0.7148  grp_sp=0.150  n_imp=29608  n_red=7400
08:21:29 | INFO |     step 157400  loss=0.7152  grp_sp=0.150  n_imp=29608  n_red=7400
08:24:25 | INFO |     step 157600  loss=0.7121  grp_sp=0.150  n_imp=29608  n_red=7400
08:27:21 | INFO |     step 157800  loss=0.7133  grp_sp=0.150  n_imp=29608  n_red=7400
08:30:05 | INFO |     step 158000  loss=0.7140  grp_sp=0.150  n_imp=29608  n_red=7400
08:32:52 | INFO |     step 158200  loss=0.7153  grp_sp=0.150  n_imp=29608  n_red=7400
08:35:42 | INFO |     step 158400  loss=0.7129  grp_sp=0.150  n_imp=29608  n_red=7400
08:38:32 | INFO |     step 158600  loss=0.7161  grp_sp=0.150  n_imp=29608  n_red=7400
08:41:22 | INFO |     step 158800  loss=0.7159  grp_sp=0.150  n_imp=29608  n_red=7400
08:44:13 | INFO |     step 159000  loss=0.7161  grp_sp=0.150  n_imp=29608  n_red=7400
08:47:06 | INFO |     step 159200  loss=0.7183  grp_sp=0.150  n_imp=29608  n_red=7400
08:50:05 | INFO |     step 159400  loss=0.7187  grp_sp=0.150  n_imp=29608  n_red=7400
08:53:05 | INFO |     step 159600  loss=0.7190  grp_sp=0.150  n_imp=29608  n_red=7400
08:56:04 | INFO |     step 159800  loss=0.7167  grp_sp=0.150  n_imp=29608  n_red=7400
08:59:05 | INFO |     step 160000  loss=0.7192  grp_sp=0.200  n_imp=27758  n_red=9250
09:02:05 | INFO |     step 160200  loss=0.7193  grp_sp=0.200  n_imp=27758  n_red=9250
09:05:05 | INFO |     step 160400  loss=0.7219  grp_sp=0.200  n_imp=27758  n_red=9250
09:08:05 | INFO |     step 160600  loss=0.7237  grp_sp=0.200  n_imp=27758  n_red=9250
09:11:05 | INFO |     step 160800  loss=0.7238  grp_sp=0.200  n_imp=27758  n_red=9250
09:14:05 | INFO |     step 161000  loss=0.7248  grp_sp=0.200  n_imp=27758  n_red=9250
09:17:05 | INFO |     step 161200  loss=0.7261  grp_sp=0.200  n_imp=27758  n_red=9250
09:20:05 | INFO |     step 161400  loss=0.7276  grp_sp=0.200  n_imp=27758  n_red=9250
09:23:04 | INFO |     step 161600  loss=0.7279  grp_sp=0.200  n_imp=27758  n_red=9250
09:26:03 | INFO |     step 161800  loss=0.7293  grp_sp=0.200  n_imp=27758  n_red=9250
09:29:03 | INFO |     step 162000  loss=0.7298  grp_sp=0.200  n_imp=27758  n_red=9250
09:31:55 | INFO |     step 162200  loss=0.7295  grp_sp=0.200  n_imp=27758  n_red=9250
09:34:46 | INFO |     step 162400  loss=0.7293  grp_sp=0.200  n_imp=27758  n_red=9250
09:37:37 | INFO |     step 162600  loss=0.7311  grp_sp=0.200  n_imp=27758  n_red=9250
09:40:28 | INFO |     step 162800  loss=0.7336  grp_sp=0.200  n_imp=27758  n_red=9250
09:43:20 | INFO |     step 163000  loss=0.7352  grp_sp=0.200  n_imp=27758  n_red=9250
09:46:11 | INFO |     step 163200  loss=0.7353  grp_sp=0.200  n_imp=27758  n_red=9250
09:49:03 | INFO |     step 163400  loss=0.7358  grp_sp=0.200  n_imp=27758  n_red=9250
09:51:55 | INFO |     step 163600  loss=0.7363  grp_sp=0.200  n_imp=27758  n_red=9250
09:54:47 | INFO |     step 163800  loss=0.7365  grp_sp=0.200  n_imp=27758  n_red=9250
09:57:39 | INFO |     step 164000  loss=0.7374  grp_sp=0.200  n_imp=27758  n_red=9250
10:00:31 | INFO |     step 164200  loss=0.7374  grp_sp=0.200  n_imp=27758  n_red=9250
10:03:23 | INFO |     step 164400  loss=0.7382  grp_sp=0.200  n_imp=27758  n_red=9250
10:06:15 | INFO |     step 164600  loss=0.7388  grp_sp=0.200  n_imp=27758  n_red=9250
10:09:07 | INFO |     step 164800  loss=0.7408  grp_sp=0.200  n_imp=27758  n_red=9250
10:11:59 | INFO |     step 165000  loss=0.7410  grp_sp=0.200  n_imp=27758  n_red=9250
10:14:51 | INFO |     step 165200  loss=0.7417  grp_sp=0.200  n_imp=27758  n_red=9250
10:17:42 | INFO |     step 165400  loss=0.7420  grp_sp=0.200  n_imp=27758  n_red=9250
10:20:34 | INFO |     step 165600  loss=0.7428  grp_sp=0.200  n_imp=27758  n_red=9250
10:23:26 | INFO |     step 165800  loss=0.7430  grp_sp=0.200  n_imp=27758  n_red=9250
10:26:18 | INFO |     step 166000  loss=0.7427  grp_sp=0.200  n_imp=27758  n_red=9250
10:29:10 | INFO |     step 166200  loss=0.7440  grp_sp=0.200  n_imp=27758  n_red=9250
10:32:02 | INFO |     step 166400  loss=0.7437  grp_sp=0.200  n_imp=27758  n_red=9250
10:34:54 | INFO |     step 166600  loss=0.7449  grp_sp=0.200  n_imp=27758  n_red=9250
10:37:45 | INFO |     step 166800  loss=0.7451  grp_sp=0.200  n_imp=27758  n_red=9250
10:40:37 | INFO |     step 167000  loss=0.7459  grp_sp=0.200  n_imp=27758  n_red=9250
10:43:29 | INFO |     step 167200  loss=0.7456  grp_sp=0.200  n_imp=27758  n_red=9250
10:46:21 | INFO |     step 167400  loss=0.7458  grp_sp=0.200  n_imp=27758  n_red=9250
10:49:13 | INFO |     step 167600  loss=0.7470  grp_sp=0.200  n_imp=27758  n_red=9250
10:52:05 | INFO |     step 167800  loss=0.7471  grp_sp=0.200  n_imp=27758  n_red=9250
10:54:57 | INFO |     step 168000  loss=0.7471  grp_sp=0.200  n_imp=27758  n_red=9250
10:57:49 | INFO |     step 168200  loss=0.7466  grp_sp=0.200  n_imp=27758  n_red=9250
11:00:41 | INFO |     step 168400  loss=0.7465  grp_sp=0.200  n_imp=27758  n_red=9250
11:03:33 | INFO |     step 168600  loss=0.7482  grp_sp=0.200  n_imp=27758  n_red=9250
11:06:25 | INFO |     step 168800  loss=0.7480  grp_sp=0.200  n_imp=27758  n_red=9250
11:09:17 | INFO |     step 169000  loss=0.7480  grp_sp=0.200  n_imp=27758  n_red=9250
11:12:08 | INFO |     step 169200  loss=0.7476  grp_sp=0.200  n_imp=27758  n_red=9250
11:15:00 | INFO |     step 169400  loss=0.7469  grp_sp=0.200  n_imp=27758  n_red=9250
11:17:52 | INFO |     step 169600  loss=0.7482  grp_sp=0.200  n_imp=27758  n_red=9250
11:20:43 | INFO |     step 169800  loss=0.7480  grp_sp=0.200  n_imp=27758  n_red=9250
11:23:35 | INFO |     step 170000  loss=0.7486  grp_sp=0.200  n_imp=27758  n_red=9250
11:26:26 | INFO |     step 170200  loss=0.7495  grp_sp=0.200  n_imp=27758  n_red=9250
11:29:17 | INFO |     step 170400  loss=0.7499  grp_sp=0.200  n_imp=27758  n_red=9250
11:32:09 | INFO |     step 170600  loss=0.7502  grp_sp=0.200  n_imp=27758  n_red=9250
11:35:00 | INFO |     step 170800  loss=0.7511  grp_sp=0.200  n_imp=27758  n_red=9250
11:37:51 | INFO |     step 171000  loss=0.7524  grp_sp=0.200  n_imp=27758  n_red=9250
11:40:41 | INFO |     step 171200  loss=0.7530  grp_sp=0.200  n_imp=27758  n_red=9250
11:43:33 | INFO |     step 171400  loss=0.7528  grp_sp=0.200  n_imp=27758  n_red=9250
11:46:24 | INFO |     step 171600  loss=0.7539  grp_sp=0.200  n_imp=27758  n_red=9250
11:49:16 | INFO |     step 171800  loss=0.7541  grp_sp=0.200  n_imp=27758  n_red=9250
11:52:07 | INFO |     step 172000  loss=0.7544  grp_sp=0.200  n_imp=27758  n_red=9250
11:54:58 | INFO |     step 172200  loss=0.7556  grp_sp=0.200  n_imp=27758  n_red=9250
11:57:49 | INFO |     step 172400  loss=0.7555  grp_sp=0.200  n_imp=27758  n_red=9250
12:00:40 | INFO |     step 172600  loss=0.7561  grp_sp=0.200  n_imp=27758  n_red=9250
12:03:32 | INFO |     step 172800  loss=0.7559  grp_sp=0.200  n_imp=27758  n_red=9250
12:06:24 | INFO |     step 173000  loss=0.7575  grp_sp=0.200  n_imp=27758  n_red=9250
12:09:15 | INFO |     step 173200  loss=0.7582  grp_sp=0.200  n_imp=27758  n_red=9250
12:12:07 | INFO |     step 173400  loss=0.7585  grp_sp=0.200  n_imp=27758  n_red=9250
12:14:59 | INFO |     step 173600  loss=0.7582  grp_sp=0.200  n_imp=27758  n_red=9250
12:17:50 | INFO |     step 173800  loss=0.7587  grp_sp=0.200  n_imp=27758  n_red=9250
12:20:42 | INFO |     step 174000  loss=0.7590  grp_sp=0.200  n_imp=27758  n_red=9250
12:23:33 | INFO |     step 174200  loss=0.7596  grp_sp=0.200  n_imp=27758  n_red=9250
12:26:25 | INFO |     step 174400  loss=0.7603  grp_sp=0.200  n_imp=27758  n_red=9250
12:29:16 | INFO |     step 174600  loss=0.7609  grp_sp=0.200  n_imp=27758  n_red=9250
12:32:08 | INFO |     step 174800  loss=0.7616  grp_sp=0.200  n_imp=27758  n_red=9250
12:34:59 | INFO |     step 175000  loss=0.7614  grp_sp=0.200  n_imp=27758  n_red=9250
12:37:50 | INFO |     step 175200  loss=0.7612  grp_sp=0.200  n_imp=27758  n_red=9250
12:40:42 | INFO |     step 175400  loss=0.7619  grp_sp=0.200  n_imp=27758  n_red=9250
12:43:33 | INFO |     step 175600  loss=0.7618  grp_sp=0.200  n_imp=27758  n_red=9250
12:46:24 | INFO |     step 175800  loss=0.7628  grp_sp=0.200  n_imp=27758  n_red=9250
12:49:16 | INFO |     step 176000  loss=0.7624  grp_sp=0.200  n_imp=27758  n_red=9250
12:52:08 | INFO |     step 176200  loss=0.7633  grp_sp=0.200  n_imp=27758  n_red=9250
12:55:01 | INFO |     step 176400  loss=0.7642  grp_sp=0.200  n_imp=27758  n_red=9250
12:57:54 | INFO |     step 176600  loss=0.7643  grp_sp=0.200  n_imp=27758  n_red=9250
13:00:46 | INFO |     step 176800  loss=0.7652  grp_sp=0.200  n_imp=27758  n_red=9250
13:03:38 | INFO |     step 177000  loss=0.7660  grp_sp=0.200  n_imp=27758  n_red=9250
13:07:39 | INFO | [EPOCH 8/10] loss=0.7661  grp_sp=0.200  EM=67.51  F1=78.14  elapsed=2595.1min
13:09:49 | INFO |     step 177200  loss=0.5950  grp_sp=0.200  n_imp=27758  n_red=9250
13:12:42 | INFO |     step 177400  loss=0.6183  grp_sp=0.200  n_imp=27758  n_red=9250
13:15:39 | INFO |     step 177600  loss=0.5861  grp_sp=0.200  n_imp=27758  n_red=9250
13:18:58 | INFO |     step 177800  loss=0.5958  grp_sp=0.200  n_imp=27758  n_red=9250
13:21:51 | INFO |     step 178000  loss=0.5977  grp_sp=0.200  n_imp=27758  n_red=9250
13:24:43 | INFO |     step 178200  loss=0.5877  grp_sp=0.200  n_imp=27758  n_red=9250
13:27:34 | INFO |     step 178400  loss=0.5891  grp_sp=0.200  n_imp=27758  n_red=9250
13:30:26 | INFO |     step 178600  loss=0.5886  grp_sp=0.200  n_imp=27758  n_red=9250
13:33:18 | INFO |     step 178800  loss=0.5874  grp_sp=0.200  n_imp=27758  n_red=9250
13:36:11 | INFO |     step 179000  loss=0.5931  grp_sp=0.200  n_imp=27758  n_red=9250
13:39:05 | INFO |     step 179200  loss=0.5976  grp_sp=0.200  n_imp=27758  n_red=9250
13:42:00 | INFO |     step 179400  loss=0.5998  grp_sp=0.200  n_imp=27758  n_red=9250
13:44:57 | INFO |     step 179600  loss=0.6066  grp_sp=0.200  n_imp=27758  n_red=9250
13:47:50 | INFO |     step 179800  loss=0.6126  grp_sp=0.200  n_imp=27758  n_red=9250
13:50:43 | INFO |     step 180000  loss=0.6113  grp_sp=0.200  n_imp=27758  n_red=9250
13:53:38 | INFO |     step 180200  loss=0.6147  grp_sp=0.200  n_imp=27758  n_red=9250
13:56:32 | INFO |     step 180400  loss=0.6162  grp_sp=0.200  n_imp=27758  n_red=9250
13:59:27 | INFO |     step 180600  loss=0.6160  grp_sp=0.200  n_imp=27758  n_red=9250
14:02:26 | INFO |     step 180800  loss=0.6205  grp_sp=0.200  n_imp=27758  n_red=9250
14:05:23 | INFO |     step 181000  loss=0.6211  grp_sp=0.200  n_imp=27758  n_red=9250
14:08:16 | INFO |     step 181200  loss=0.6228  grp_sp=0.200  n_imp=27758  n_red=9250
14:11:08 | INFO |     step 181400  loss=0.6212  grp_sp=0.200  n_imp=27758  n_red=9250
14:14:03 | INFO |     step 181600  loss=0.6218  grp_sp=0.200  n_imp=27758  n_red=9250
14:16:56 | INFO |     step 181800  loss=0.6244  grp_sp=0.200  n_imp=27758  n_red=9250
14:19:49 | INFO |     step 182000  loss=0.6244  grp_sp=0.200  n_imp=27758  n_red=9250
14:22:41 | INFO |     step 182200  loss=0.6257  grp_sp=0.200  n_imp=27758  n_red=9250
14:25:34 | INFO |     step 182400  loss=0.6270  grp_sp=0.200  n_imp=27758  n_red=9250
14:28:23 | INFO |     step 182600  loss=0.6296  grp_sp=0.200  n_imp=27758  n_red=9250
14:31:15 | INFO |     step 182800  loss=0.6319  grp_sp=0.200  n_imp=27758  n_red=9250
14:34:07 | INFO |     step 183000  loss=0.6318  grp_sp=0.200  n_imp=27758  n_red=9250
14:36:59 | INFO |     step 183200  loss=0.6318  grp_sp=0.200  n_imp=27758  n_red=9250
14:39:51 | INFO |     step 183400  loss=0.6349  grp_sp=0.200  n_imp=27758  n_red=9250
14:42:43 | INFO |     step 183600  loss=0.6362  grp_sp=0.200  n_imp=27758  n_red=9250
14:45:35 | INFO |     step 183800  loss=0.6362  grp_sp=0.200  n_imp=27758  n_red=9250
14:48:27 | INFO |     step 184000  loss=0.6365  grp_sp=0.200  n_imp=27758  n_red=9250
14:51:20 | INFO |     step 184200  loss=0.6387  grp_sp=0.200  n_imp=27758  n_red=9250
14:54:12 | INFO |     step 184400  loss=0.6398  grp_sp=0.200  n_imp=27758  n_red=9250
14:57:05 | INFO |     step 184600  loss=0.6401  grp_sp=0.200  n_imp=27758  n_red=9250
14:59:57 | INFO |     step 184800  loss=0.6417  grp_sp=0.200  n_imp=27758  n_red=9250
15:02:44 | INFO |     step 185000  loss=0.6419  grp_sp=0.200  n_imp=27758  n_red=9250
15:05:31 | INFO |     step 185200  loss=0.6397  grp_sp=0.200  n_imp=27758  n_red=9250
15:08:19 | INFO |     step 185400  loss=0.6417  grp_sp=0.200  n_imp=27758  n_red=9250
15:11:10 | INFO |     step 185600  loss=0.6433  grp_sp=0.200  n_imp=27758  n_red=9250
15:13:59 | INFO |     step 185800  loss=0.6441  grp_sp=0.200  n_imp=27758  n_red=9250
15:16:51 | INFO |     step 186000  loss=0.6449  grp_sp=0.200  n_imp=27758  n_red=9250
15:19:43 | INFO |     step 186200  loss=0.6463  grp_sp=0.200  n_imp=27758  n_red=9250
15:22:35 | INFO |     step 186400  loss=0.6479  grp_sp=0.200  n_imp=27758  n_red=9250
15:25:25 | INFO |     step 186600  loss=0.6483  grp_sp=0.200  n_imp=27758  n_red=9250
15:28:16 | INFO |     step 186800  loss=0.6494  grp_sp=0.200  n_imp=27758  n_red=9250
15:31:06 | INFO |     step 187000  loss=0.6492  grp_sp=0.200  n_imp=27758  n_red=9250
15:33:55 | INFO |     step 187200  loss=0.6498  grp_sp=0.200  n_imp=27758  n_red=9250
15:36:43 | INFO |     step 187400  loss=0.6500  grp_sp=0.200  n_imp=27758  n_red=9250
15:39:32 | INFO |     step 187600  loss=0.6507  grp_sp=0.200  n_imp=27758  n_red=9250
15:42:19 | INFO |     step 187800  loss=0.6508  grp_sp=0.200  n_imp=27758  n_red=9250
15:45:10 | INFO |     step 188000  loss=0.6517  grp_sp=0.200  n_imp=27758  n_red=9250
15:47:58 | INFO |     step 188200  loss=0.6526  grp_sp=0.200  n_imp=27758  n_red=9250
15:50:49 | INFO |     step 188400  loss=0.6535  grp_sp=0.200  n_imp=27758  n_red=9250
15:53:41 | INFO |     step 188600  loss=0.6542  grp_sp=0.200  n_imp=27758  n_red=9250
15:56:32 | INFO |     step 188800  loss=0.6543  grp_sp=0.200  n_imp=27758  n_red=9250
15:59:23 | INFO |     step 189000  loss=0.6550  grp_sp=0.200  n_imp=27758  n_red=9250
16:02:14 | INFO |     step 189200  loss=0.6567  grp_sp=0.200  n_imp=27758  n_red=9250
16:05:05 | INFO |     step 189400  loss=0.6576  grp_sp=0.200  n_imp=27758  n_red=9250
16:07:56 | INFO |     step 189600  loss=0.6591  grp_sp=0.200  n_imp=27758  n_red=9250
16:10:47 | INFO |     step 189800  loss=0.6595  grp_sp=0.200  n_imp=27758  n_red=9250
16:13:39 | INFO |     step 190000  loss=0.6605  grp_sp=0.200  n_imp=27758  n_red=9250
16:16:30 | INFO |     step 190200  loss=0.6595  grp_sp=0.200  n_imp=27758  n_red=9250
16:19:21 | INFO |     step 190400  loss=0.6599  grp_sp=0.200  n_imp=27758  n_red=9250
16:22:12 | INFO |     step 190600  loss=0.6609  grp_sp=0.250  n_imp=25906  n_red=11102
16:25:00 | INFO |     step 190800  loss=0.6618  grp_sp=0.250  n_imp=25906  n_red=11102
16:27:48 | INFO |     step 191000  loss=0.6625  grp_sp=0.250  n_imp=25906  n_red=11102
16:30:39 | INFO |     step 191200  loss=0.6622  grp_sp=0.250  n_imp=25906  n_red=11102
16:33:31 | INFO |     step 191400  loss=0.6635  grp_sp=0.250  n_imp=25906  n_red=11102
16:36:22 | INFO |     step 191600  loss=0.6645  grp_sp=0.250  n_imp=25906  n_red=11102
16:39:14 | INFO |     step 191800  loss=0.6653  grp_sp=0.250  n_imp=25906  n_red=11102
16:42:05 | INFO |     step 192000  loss=0.6660  grp_sp=0.250  n_imp=25906  n_red=11102
16:44:57 | INFO |     step 192200  loss=0.6664  grp_sp=0.250  n_imp=25906  n_red=11102
16:47:48 | INFO |     step 192400  loss=0.6666  grp_sp=0.250  n_imp=25906  n_red=11102
16:50:39 | INFO |     step 192600  loss=0.6675  grp_sp=0.250  n_imp=25906  n_red=11102
16:53:31 | INFO |     step 192800  loss=0.6684  grp_sp=0.250  n_imp=25906  n_red=11102
16:56:22 | INFO |     step 193000  loss=0.6692  grp_sp=0.250  n_imp=25906  n_red=11102
16:59:13 | INFO |     step 193200  loss=0.6696  grp_sp=0.250  n_imp=25906  n_red=11102
17:02:07 | INFO |     step 193400  loss=0.6697  grp_sp=0.250  n_imp=25906  n_red=11102
17:05:01 | INFO |     step 193600  loss=0.6701  grp_sp=0.250  n_imp=25906  n_red=11102
17:07:54 | INFO |     step 193800  loss=0.6711  grp_sp=0.250  n_imp=25906  n_red=11102
17:10:48 | INFO |     step 194000  loss=0.6715  grp_sp=0.250  n_imp=25906  n_red=11102
17:13:41 | INFO |     step 194200  loss=0.6719  grp_sp=0.250  n_imp=25906  n_red=11102
17:16:34 | INFO |     step 194400  loss=0.6729  grp_sp=0.250  n_imp=25906  n_red=11102
17:19:28 | INFO |     step 194600  loss=0.6730  grp_sp=0.250  n_imp=25906  n_red=11102
17:22:21 | INFO |     step 194800  loss=0.6732  grp_sp=0.250  n_imp=25906  n_red=11102
17:25:14 | INFO |     step 195000  loss=0.6740  grp_sp=0.250  n_imp=25906  n_red=11102
17:28:07 | INFO |     step 195200  loss=0.6752  grp_sp=0.250  n_imp=25906  n_red=11102
17:31:03 | INFO |     step 195400  loss=0.6762  grp_sp=0.250  n_imp=25906  n_red=11102
17:33:56 | INFO |     step 195600  loss=0.6759  grp_sp=0.250  n_imp=25906  n_red=11102
17:36:51 | INFO |     step 195800  loss=0.6767  grp_sp=0.250  n_imp=25906  n_red=11102
17:39:44 | INFO |     step 196000  loss=0.6772  grp_sp=0.250  n_imp=25906  n_red=11102
17:42:39 | INFO |     step 196200  loss=0.6775  grp_sp=0.250  n_imp=25906  n_red=11102
17:45:35 | INFO |     step 196400  loss=0.6779  grp_sp=0.250  n_imp=25906  n_red=11102
17:48:31 | INFO |     step 196600  loss=0.6787  grp_sp=0.250  n_imp=25906  n_red=11102
17:51:26 | INFO |     step 196800  loss=0.6789  grp_sp=0.250  n_imp=25906  n_red=11102
17:54:22 | INFO |     step 197000  loss=0.6791  grp_sp=0.250  n_imp=25906  n_red=11102
17:57:14 | INFO |     step 197200  loss=0.6797  grp_sp=0.250  n_imp=25906  n_red=11102
18:00:05 | INFO |     step 197400  loss=0.6805  grp_sp=0.250  n_imp=25906  n_red=11102
18:02:57 | INFO |     step 197600  loss=0.6801  grp_sp=0.250  n_imp=25906  n_red=11102
18:05:49 | INFO |     step 197800  loss=0.6798  grp_sp=0.250  n_imp=25906  n_red=11102
18:08:44 | INFO |     step 198000  loss=0.6799  grp_sp=0.250  n_imp=25906  n_red=11102
18:11:42 | INFO |     step 198200  loss=0.6807  grp_sp=0.250  n_imp=25906  n_red=11102
18:14:39 | INFO |     step 198400  loss=0.6808  grp_sp=0.250  n_imp=25906  n_red=11102
18:17:36 | INFO |     step 198600  loss=0.6819  grp_sp=0.250  n_imp=25906  n_red=11102
18:20:32 | INFO |     step 198800  loss=0.6823  grp_sp=0.250  n_imp=25906  n_red=11102
18:23:27 | INFO |     step 199000  loss=0.6826  grp_sp=0.250  n_imp=25906  n_red=11102
18:29:22 | INFO | [EPOCH 9/10] loss=0.6833  grp_sp=0.250  EM=66.56  F1=76.50  elapsed=2916.8min
18:29:41 | INFO |     step 199200  loss=0.5386  grp_sp=0.250  n_imp=25906  n_red=11102
18:32:36 | INFO |     step 199400  loss=0.5492  grp_sp=0.250  n_imp=25906  n_red=11102
18:35:30 | INFO |     step 199600  loss=0.5581  grp_sp=0.250  n_imp=25906  n_red=11102
18:38:25 | INFO |     step 199800  loss=0.5693  grp_sp=0.250  n_imp=25906  n_red=11102
18:41:48 | INFO |     step 200000  loss=0.5603  grp_sp=0.250  n_imp=25906  n_red=11102
18:44:46 | INFO |     step 200200  loss=0.5579  grp_sp=0.250  n_imp=25906  n_red=11102
18:47:41 | INFO |     step 200400  loss=0.5626  grp_sp=0.250  n_imp=25906  n_red=11102
18:50:36 | INFO |     step 200600  loss=0.5571  grp_sp=0.250  n_imp=25906  n_red=11102
18:53:34 | INFO |     step 200800  loss=0.5550  grp_sp=0.250  n_imp=25906  n_red=11102
18:56:35 | INFO |     step 201000  loss=0.5467  grp_sp=0.250  n_imp=25906  n_red=11102
18:59:29 | INFO |     step 201200  loss=0.5458  grp_sp=0.250  n_imp=25906  n_red=11102
19:02:19 | INFO |     step 201400  loss=0.5482  grp_sp=0.250  n_imp=25906  n_red=11102
19:05:12 | INFO |     step 201600  loss=0.5483  grp_sp=0.250  n_imp=25906  n_red=11102
19:08:08 | INFO |     step 201800  loss=0.5516  grp_sp=0.250  n_imp=25906  n_red=11102
19:11:01 | INFO |     step 202000  loss=0.5498  grp_sp=0.250  n_imp=25906  n_red=11102
19:13:53 | INFO |     step 202200  loss=0.5534  grp_sp=0.250  n_imp=25906  n_red=11102
19:16:46 | INFO |     step 202400  loss=0.5503  grp_sp=0.250  n_imp=25906  n_red=11102
19:19:40 | INFO |     step 202600  loss=0.5496  grp_sp=0.250  n_imp=25906  n_red=11102
19:22:31 | INFO |     step 202800  loss=0.5512  grp_sp=0.250  n_imp=25906  n_red=11102
19:25:24 | INFO |     step 203000  loss=0.5531  grp_sp=0.250  n_imp=25906  n_red=11102
19:28:18 | INFO |     step 203200  loss=0.5515  grp_sp=0.250  n_imp=25906  n_red=11102
19:31:13 | INFO |     step 203400  loss=0.5536  grp_sp=0.250  n_imp=25906  n_red=11102
19:34:06 | INFO |     step 203600  loss=0.5539  grp_sp=0.250  n_imp=25906  n_red=11102
19:37:00 | INFO |     step 203800  loss=0.5538  grp_sp=0.250  n_imp=25906  n_red=11102
19:39:53 | INFO |     step 204000  loss=0.5554  grp_sp=0.250  n_imp=25906  n_red=11102
19:42:48 | INFO |     step 204200  loss=0.5570  grp_sp=0.250  n_imp=25906  n_red=11102
19:45:43 | INFO |     step 204400  loss=0.5565  grp_sp=0.250  n_imp=25906  n_red=11102
19:48:34 | INFO |     step 204600  loss=0.5558  grp_sp=0.250  n_imp=25906  n_red=11102
19:51:27 | INFO |     step 204800  loss=0.5547  grp_sp=0.250  n_imp=25906  n_red=11102
19:54:19 | INFO |     step 205000  loss=0.5549  grp_sp=0.250  n_imp=25906  n_red=11102
19:57:10 | INFO |     step 205200  loss=0.5537  grp_sp=0.250  n_imp=25906  n_red=11102
20:00:05 | INFO |     step 205400  loss=0.5545  grp_sp=0.250  n_imp=25906  n_red=11102
20:02:58 | INFO |     step 205600  loss=0.5554  grp_sp=0.250  n_imp=25906  n_red=11102
20:05:49 | INFO |     step 205800  loss=0.5580  grp_sp=0.250  n_imp=25906  n_red=11102
20:08:41 | INFO |     step 206000  loss=0.5585  grp_sp=0.250  n_imp=25906  n_red=11102
20:11:35 | INFO |     step 206200  loss=0.5591  grp_sp=0.250  n_imp=25906  n_red=11102
20:14:28 | INFO |     step 206400  loss=0.5603  grp_sp=0.250  n_imp=25906  n_red=11102
20:17:21 | INFO |     step 206600  loss=0.5617  grp_sp=0.250  n_imp=25906  n_red=11102
20:20:12 | INFO |     step 206800  loss=0.5614  grp_sp=0.250  n_imp=25906  n_red=11102
20:23:06 | INFO |     step 207000  loss=0.5636  grp_sp=0.250  n_imp=25906  n_red=11102
20:25:59 | INFO |     step 207200  loss=0.5636  grp_sp=0.250  n_imp=25906  n_red=11102
20:28:52 | INFO |     step 207400  loss=0.5642  grp_sp=0.250  n_imp=25906  n_red=11102
20:31:45 | INFO |     step 207600  loss=0.5660  grp_sp=0.250  n_imp=25906  n_red=11102
20:34:39 | INFO |     step 207800  loss=0.5670  grp_sp=0.250  n_imp=25906  n_red=11102
20:37:33 | INFO |     step 208000  loss=0.5678  grp_sp=0.250  n_imp=25906  n_red=11102
20:40:29 | INFO |     step 208200  loss=0.5673  grp_sp=0.250  n_imp=25906  n_red=11102
20:43:28 | INFO |     step 208400  loss=0.5685  grp_sp=0.250  n_imp=25906  n_red=11102
20:46:28 | INFO |     step 208600  loss=0.5690  grp_sp=0.250  n_imp=25906  n_red=11102
20:49:26 | INFO |     step 208800  loss=0.5690  grp_sp=0.250  n_imp=25906  n_red=11102
20:52:18 | INFO |     step 209000  loss=0.5695  grp_sp=0.250  n_imp=25906  n_red=11102
20:55:13 | INFO |     step 209200  loss=0.5699  grp_sp=0.250  n_imp=25906  n_red=11102
20:58:11 | INFO |     step 209400  loss=0.5714  grp_sp=0.250  n_imp=25906  n_red=11102
21:01:04 | INFO |     step 209600  loss=0.5725  grp_sp=0.250  n_imp=25906  n_red=11102
21:03:59 | INFO |     step 209800  loss=0.5731  grp_sp=0.250  n_imp=25906  n_red=11102
21:06:57 | INFO |     step 210000  loss=0.5731  grp_sp=0.250  n_imp=25906  n_red=11102
21:09:53 | INFO |     step 210200  loss=0.5736  grp_sp=0.250  n_imp=25906  n_red=11102
21:12:50 | INFO |     step 210400  loss=0.5744  grp_sp=0.250  n_imp=25906  n_red=11102
21:15:48 | INFO |     step 210600  loss=0.5752  grp_sp=0.250  n_imp=25906  n_red=11102
21:18:40 | INFO |     step 210800  loss=0.5758  grp_sp=0.250  n_imp=25906  n_red=11102
21:21:36 | INFO |     step 211000  loss=0.5768  grp_sp=0.250  n_imp=25906  n_red=11102
21:24:34 | INFO |     step 211200  loss=0.5764  grp_sp=0.250  n_imp=25906  n_red=11102
21:27:32 | INFO |     step 211400  loss=0.5766  grp_sp=0.250  n_imp=25906  n_red=11102
21:30:31 | INFO |     step 211600  loss=0.5767  grp_sp=0.250  n_imp=25906  n_red=11102
21:33:28 | INFO |     step 211800  loss=0.5773  grp_sp=0.250  n_imp=25906  n_red=11102
21:36:25 | INFO |     step 212000  loss=0.5786  grp_sp=0.250  n_imp=25906  n_red=11102
21:39:22 | INFO |     step 212200  loss=0.5795  grp_sp=0.250  n_imp=25906  n_red=11102
21:42:19 | INFO |     step 212400  loss=0.5805  grp_sp=0.250  n_imp=25906  n_red=11102
21:45:14 | INFO |     step 212600  loss=0.5810  grp_sp=0.250  n_imp=25906  n_red=11102
21:48:11 | INFO |     step 212800  loss=0.5815  grp_sp=0.250  n_imp=25906  n_red=11102
21:51:07 | INFO |     step 213000  loss=0.5817  grp_sp=0.250  n_imp=25906  n_red=11102
21:54:03 | INFO |     step 213200  loss=0.5820  grp_sp=0.250  n_imp=25906  n_red=11102
21:57:00 | INFO |     step 213400  loss=0.5825  grp_sp=0.250  n_imp=25906  n_red=11102
21:59:57 | INFO |     step 213600  loss=0.5834  grp_sp=0.250  n_imp=25906  n_red=11102
22:02:53 | INFO |     step 213800  loss=0.5841  grp_sp=0.250  n_imp=25906  n_red=11102
22:05:49 | INFO |     step 214000  loss=0.5846  grp_sp=0.250  n_imp=25906  n_red=11102
22:08:46 | INFO |     step 214200  loss=0.5855  grp_sp=0.250  n_imp=25906  n_red=11102
22:11:43 | INFO |     step 214400  loss=0.5858  grp_sp=0.250  n_imp=25906  n_red=11102
22:14:40 | INFO |     step 214600  loss=0.5865  grp_sp=0.250  n_imp=25906  n_red=11102
22:17:41 | INFO |     step 214800  loss=0.5876  grp_sp=0.250  n_imp=25906  n_red=11102
22:20:38 | INFO |     step 215000  loss=0.5886  grp_sp=0.250  n_imp=25906  n_red=11102
22:23:34 | INFO |     step 215200  loss=0.5893  grp_sp=0.250  n_imp=25906  n_red=11102
22:26:30 | INFO |     step 215400  loss=0.5903  grp_sp=0.250  n_imp=25906  n_red=11102
22:29:26 | INFO |     step 215600  loss=0.5913  grp_sp=0.250  n_imp=25906  n_red=11102
22:32:25 | INFO |     step 215800  loss=0.5919  grp_sp=0.250  n_imp=25906  n_red=11102
22:35:22 | INFO |     step 216000  loss=0.5923  grp_sp=0.250  n_imp=25906  n_red=11102
22:38:19 | INFO |     step 216200  loss=0.5931  grp_sp=0.250  n_imp=25906  n_red=11102
22:41:15 | INFO |     step 216400  loss=0.5938  grp_sp=0.250  n_imp=25906  n_red=11102
22:44:09 | INFO |     step 216600  loss=0.5943  grp_sp=0.250  n_imp=25906  n_red=11102
22:47:05 | INFO |     step 216800  loss=0.5950  grp_sp=0.250  n_imp=25906  n_red=11102
22:49:58 | INFO |     step 217000  loss=0.5955  grp_sp=0.250  n_imp=25906  n_red=11102
22:52:55 | INFO |     step 217200  loss=0.5961  grp_sp=0.250  n_imp=25906  n_red=11102
22:55:50 | INFO |     step 217400  loss=0.5961  grp_sp=0.250  n_imp=25906  n_red=11102
22:58:46 | INFO |     step 217600  loss=0.5969  grp_sp=0.250  n_imp=25906  n_red=11102
23:01:43 | INFO |     step 217800  loss=0.5975  grp_sp=0.250  n_imp=25906  n_red=11102
23:04:42 | INFO |     step 218000  loss=0.5980  grp_sp=0.250  n_imp=25906  n_red=11102
23:07:38 | INFO |     step 218200  loss=0.5994  grp_sp=0.250  n_imp=25906  n_red=11102
23:10:35 | INFO |     step 218400  loss=0.6001  grp_sp=0.250  n_imp=25906  n_red=11102
23:13:33 | INFO |     step 218600  loss=0.6011  grp_sp=0.250  n_imp=25906  n_red=11102
23:16:30 | INFO |     step 218800  loss=0.6015  grp_sp=0.250  n_imp=25906  n_red=11102
23:19:27 | INFO |     step 219000  loss=0.6018  grp_sp=0.250  n_imp=25906  n_red=11102
23:22:28 | INFO |     step 219200  loss=0.6023  grp_sp=0.250  n_imp=25906  n_red=11102
23:25:24 | INFO |     step 219400  loss=0.6029  grp_sp=0.250  n_imp=25906  n_red=11102
23:28:15 | INFO |     step 219600  loss=0.6033  grp_sp=0.250  n_imp=25906  n_red=11102
23:31:06 | INFO |     step 219800  loss=0.6038  grp_sp=0.250  n_imp=25906  n_red=11102
23:33:57 | INFO |     step 220000  loss=0.6042  grp_sp=0.250  n_imp=25906  n_red=11102
23:36:48 | INFO |     step 220200  loss=0.6053  grp_sp=0.250  n_imp=25906  n_red=11102
23:39:38 | INFO |     step 220400  loss=0.6056  grp_sp=0.250  n_imp=25906  n_red=11102
23:42:29 | INFO |     step 220600  loss=0.6062  grp_sp=0.250  n_imp=25906  n_red=11102
23:45:20 | INFO |     step 220800  loss=0.6066  grp_sp=0.250  n_imp=25906  n_red=11102
23:48:11 | INFO |     step 221000  loss=0.6071  grp_sp=0.250  n_imp=25906  n_red=11102
23:51:02 | INFO |     step 221200  loss=0.6081  grp_sp=0.250  n_imp=25906  n_red=11102
23:55:53 | INFO | [EPOCH 10/10] loss=0.6081  grp_sp=0.300  EM=66.06  F1=77.25  elapsed=3243.4min
23:55:53 | INFO | [TRAIN] done. best F1=85.51 at epoch 1
23:55:53 | INFO | [FINAL] target sparsity=0.3  actual=0.3000
23:55:53 | INFO | [SUBNET] constructing compressed model
23:55:54 | INFO | [SUBNET] full  : ./results/sp30/BertForQuestionAnswering_full_group_sparse.pt
23:55:54 | INFO | [SUBNET] comp  : ./results/sp30/BertForQuestionAnswering_compressed.pt
23:59:00 | INFO | [METRICS] BOPs=1382239.9M  params=91.83M
23:59:00 | INFO | [EVAL compressed] EM=66.05  F1=77.24
23:59:00 | INFO | [SAVE] results -> ./results/sp30/
23:59:00 | INFO | 
============================================================
23:59:00 | INFO |   SUMMARY
23:59:00 | INFO | ============================================================
23:59:00 | INFO |     Target    Actual        EM        F1     BOPs(M)   Params(M)
23:59:00 | INFO |        30%    0.3000     66.05     77.24   1382239.9       91.83
23:59:00 | INFO | 
[OK] Phase 5 complete. Results in ./results/
